ngroup       = 3
nioprocs     = 1
niogroup     = 1
nmaxprocs    = 20
group size   = 6
# of threads = 32
nintic       = 2048
input file name       = ./samples/alkane/C3H8_2-2-5_4-4-10_rhf.inp
prefix of output file = 
local input dir.      = ./
# of total invoked procs = 20 (=1iog*1iop+1+3gr*6pr)
master host name = gwonhaklee-X570-AORUS-MASTER
-----------------------------------------------------
 # of data = 11
nfrag = 3
##T                  Finish Initialization : lap time=   0.000244 ( total etime=   0.000244 )
****** LIST OF HOST NAME (MSERV(ID=0))******
rank=  0 : gwonhaklee-X570-AORUS-MASTER
********************************
##T        Finish to Create Memory Servers : lap time=   0.250989 ( total etime=   0.251267 )
****** LIST OF HOST NAME (WORKER(ID=0)) ******
rank=  0 : gwonhaklee-X570-AORUS-MASTER
rank=  1 : gwonhaklee-X570-AORUS-MASTER
rank=  2 : gwonhaklee-X570-AORUS-MASTER
rank=  3 : gwonhaklee-X570-AORUS-MASTER
rank=  4 : gwonhaklee-X570-AORUS-MASTER
rank=  5 : gwonhaklee-X570-AORUS-MASTER
********************************
****** LIST OF HOST NAME (WORKER(ID=1)) ******
rank=  0 : gwonhaklee-X570-AORUS-MASTER
rank=  1 : gwonhaklee-X570-AORUS-MASTER
rank=  2 : gwonhaklee-X570-AORUS-MASTER
rank=  3 : gwonhaklee-X570-AORUS-MASTER
rank=  4 : gwonhaklee-X570-AORUS-MASTER
rank=  5 : gwonhaklee-X570-AORUS-MASTER
********************************
##T               Finish to Create Workers : lap time=   1.049511 ( total etime=   1.300798 )
****** LIST OF HOST NAME (WORKER(ID=2)) ******
rank=  0 : gwonhaklee-X570-AORUS-MASTER
rank=  1 : gwonhaklee-X570-AORUS-MASTER
rank=  2 : gwonhaklee-X570-AORUS-MASTER
rank=  3 : gwonhaklee-X570-AORUS-MASTER
rank=  4 : gwonhaklee-X570-AORUS-MASTER
rank=  5 : gwonhaklee-X570-AORUS-MASTER
********************************
##T     Finish to Connect Mservs & Workers : lap time=   0.523364 ( total etime=   1.824180 )
calc. inter-frag distance list = 1
##T    Finish to Calculate Initial Density : lap time=   0.069951 ( total etime=   1.894548 )
---- start SCC (maxscc=30, sccconv=7) ----
it=1	mon=[0]	energy=-29.675818	energy_0=-24.942089
it=1	mon=[0]	energy=-29.675818	energy_0=-24.942089
it=1	mon=[0]	energy=-29.675818	energy_0=-24.942089
it=1	mon=[0]	energy=-29.675818	energy_0=-24.942089
it=1	mon=[0]	energy=-29.675818	energy_0=-24.942089
it=1	mon=[0]	energy=-29.675818	energy_0=-24.942089
it=1	mon=[2]	energy=-41.201933	energy_0=-38.531642
it=1	mon=[2]	energy=-41.201933	energy_0=-38.531642
it=1	mon=[2]	energy=-41.201933	energy_0=-38.531642
it=1	mon=[2]	energy=-41.201933	energy_0=-38.531642
it=1	mon=[2]	energy=-41.201933	energy_0=-38.531642
it=1	mon=[2]	energy=-41.201933	energy_0=-38.531642
it=1	mon=[1]	energy=-31.861028	energy_0=-23.724902
it=1	mon=[1]	energy=-31.861028	energy_0=-23.724902
it=1	mon=[1]	energy=-31.861028	energy_0=-23.724902
it=1	mon=[1]	energy=-31.861028	energy_0=-23.724902
it=1	mon=[1]	energy=-31.861028	energy_0=-23.724902
it=1	mon=[1]	energy=-31.861028	energy_0=-23.724902
##SCC itera= 1  conv=2  energy =    -102.73877855  energy0 =     -87.19863295  (   3.998160 )
it=2	mon=[2]	energy=-41.134661	energy_0=-38.612387
it=2	mon=[2]	energy=-41.134661	energy_0=-38.612387
it=2	mon=[2]	energy=-41.134661	energy_0=-38.612387
it=2	mon=[2]	energy=-41.134661	energy_0=-38.612387
it=2	mon=[2]	energy=-41.134661	energy_0=-38.612387
it=2	mon=[2]	energy=-41.134661	energy_0=-38.612387
it=2it=2	mon=[0]	energy=-35.348272	energy_0=-24.799878
it=2	mon=[0]	energy=-35.348272	energy_0=-24.799878
it=2	mon=[0]	energy=-35.348272	energy_0=-24.799878
it=2	mon=[0]	energy=-35.348272	energy_0=-24.799878
it=2	mon=[0]	energy=-35.348272	energy_0=-24.799878
	mon=[0]	energy=-35.348272	energy_0=-24.799878
it=2	mon=[1]	energy=-36.352814	energy_0=-23.646730
it=2	mon=[1]	energy=-36.352814	energy_0=-23.646730
it=2	mon=[1]	energy=-36.352814	energy_0=-23.646730
it=2it=2	mon=[1]	energy=-36.352814	energy_0=-23.646730
it=2	mon=[1]	energy=-36.352814	energy_0=-23.646730
	mon=[1]	energy=-36.352814	energy_0=-23.646730
##SCC itera= 2  conv=2  energy =    -112.83574682  energy0 =     -87.05899553  (   3.157831 )
it=3	mon=[0]	energy=-35.351483	energy_0=-24.798692
it=3	mon=[0]	energy=-35.351483	energy_0=-24.798692
it=3	mon=[0]	energy=-35.351483	energy_0=-24.798692
it=3	mon=[0]	energy=-35.351483	energy_0=-24.798692
it=3	mon=[0]	energy=-35.351483	energy_0=-24.798692
it=3	mon=[0]	energy=-35.351483	energy_0=-24.798692
it=3it=3	mon=[2]	energy=-40.702676	energy_0=-38.705249
	mon=[2]	energy=-40.702676	energy_0=-38.705249
it=3	mon=[2]	energy=-40.702676	energy_0=-38.705249
it=3	mon=[2]	energy=-40.702676	energy_0=-38.705249
it=3	mon=[2]	energy=-40.702676	energy_0=-38.705249
it=3	mon=[2]	energy=-40.702676	energy_0=-38.705249
it=3	mon=[1]	energy=-36.105259	energy_0=-23.732830
it=3	mon=[1]	energy=-36.105259	energy_0=-23.732830
it=3	mon=[1]	energy=-36.105259	energy_0=-23.732830
it=3	mon=[1]	energy=-36.105259	energy_0=-23.732830
it=3	mon=[1]	energy=-36.105259	energy_0=-23.732830
it=3	mon=[1]	energy=-36.105259	energy_0=-23.732830
##SCC itera= 3  conv=2  energy =    -112.15941718  energy0 =     -87.23677081  (   2.541556 )
it=4	mon=[2]	energy=-40.640255	energy_0=-38.722570
it=4	mon=[2]	energy=-40.640255	energy_0=-38.722570
it=4	mon=[2]	energy=-40.640255	energy_0=-38.722570
it=4	mon=[2]	energy=-40.640255	energy_0=-38.722570
it=4	mon=[2]	energy=-40.640255	energy_0=-38.722570
it=4	mon=[2]	energy=-40.640255	energy_0=-38.722570
it=4	mon=[0]	energy=-35.651863	energy_0=-24.783885
it=4	mon=[0]	energy=-35.651863	energy_0=-24.783885
it=4	mon=[0]	energy=-35.651863	energy_0=-24.783885
it=4	mon=[0]	energy=-35.651863	energy_0=-24.783885
it=4	mon=[0]	energy=-35.651863	energy_0=-24.783885
it=4	mon=[0]	energy=-35.651863	energy_0=-24.783885
it=4	mon=[1]	energy=-36.331784	energy_0=-23.736130
it=4	mon=[1]	energy=-36.331784	energy_0=-23.736130
it=4	mon=[1]	energy=-36.331784	energy_0=-23.736130
it=4	mon=[1]	energy=-36.331784	energy_0=-23.736130
it=4	mon=[1]	energy=-36.331784	energy_0=-23.736130
it=4	mon=[1]	energy=-36.331784	energy_0=-23.736130
##SCC itera= 4  conv=2  energy =    -112.62390292  energy0 =     -87.24258513  (   2.737432 )
it=5	mon=[0]	energy=-35.689716	energy_0=-24.781744
it=5	mon=[0]	energy=-35.689716	energy_0=-24.781744
it=5	mon=[0]	energy=-35.689716	energy_0=-24.781744
it=5	mon=[0]	energy=-35.689716	energy_0=-24.781744
it=5	mon=[0]	energy=-35.689716	energy_0=-24.781744
it=5	mon=[0]	energy=-35.689716	energy_0=-24.781744
it=5it=5	mon=[2]	energy=-40.594228	energy_0=-38.731261
it=5	mon=[2]	energy=-40.594228	energy_0=-38.731261
it=5	mon=[2]	energy=-40.594228	energy_0=-38.731261
it=5	mon=[2]	energy=-40.594228	energy_0=-38.731261
it=5	mon=[2]	energy=-40.594228	energy_0=-38.731261
	mon=[2]	energy=-40.594228	energy_0=-38.731261
it=5	mon=[1]	energy=-36.339771	energy_0=-23.742963
it=5	mon=[1]	energy=-36.339771	energy_0=-23.742963
it=5	mon=[1]	energy=-36.339771	energy_0=-23.742963
it=5	mon=[1]	energy=-36.339771	energy_0=-23.742963
it=5	mon=[1]	energy=-36.339771	energy_0=-23.742963
it=5	mon=[1]	energy=-36.339771	energy_0=-23.742963
##SCC itera= 5  conv=4  energy =    -112.62371487  energy0 =     -87.25596842  (   3.579073 )
it=6	mon=[2]	energy=-40.583059	energy_0=-38.733364
it=6	mon=[2]	energy=-40.583059	energy_0=-38.733364
it=6	mon=[2]	energy=-40.583059	energy_0=-38.733364
it=6	mon=[2]	energy=-40.583059	energy_0=-38.733364
it=6it=6	mon=[2]	energy=-40.583059	energy_0=-38.733364
	mon=[2]	energy=-40.583059	energy_0=-38.733364
it=6	mon=[0]	energy=-35.719404	energy_0=-24.780191
it=6	mon=[0]	energy=-35.719404	energy_0=-24.780191
it=6	mon=[0]	energy=-35.719404	energy_0=-24.780191
it=6	mon=[0]	energy=-35.719404	energy_0=-24.780191
it=6	mon=[0]	energy=-35.719404	energy_0=-24.780191
it=6	mon=[0]	energy=-35.719404	energy_0=-24.780191
it=6	mon=[1]	energy=-36.357716	energy_0=-23.743690
it=6	it=6	mon=[1]	energy=-36.357716	energy_0=-23.743690
mon=[1]	energy=-36.357716	energy_0=-23.743690
it=6	mon=[1]	energy=-36.357716	energy_0=-23.743690
it=6	mon=[1]	energy=-36.357716	energy_0=-23.743690
it=6	mon=[1]	energy=-36.357716	energy_0=-23.743690
##SCC itera= 6  conv=4  energy =    -112.66017845  energy0 =     -87.25724538  (   3.209346 )
it=7	mon=[1]	energy=-36.359647	energy_0=-23.744281
it=7	mon=[1]	energy=-36.359647	energy_0=-23.744281
it=7	mon=[1]	energy=-36.359647	energy_0=-23.744281
it=7	mon=[1]	energy=-36.359647	energy_0=-23.744281
it=7	mon=[1]	energy=-36.359647	energy_0=-23.744281
it=7	mon=[1]	energy=-36.359647	energy_0=-23.744281
it=7	mon=[2]	energy=-40.578001	energy_0=-38.734262
it=7	mon=[2]	energy=-40.578001	energy_0=-38.734262
it=7	mon=[2]	energy=-40.578001	energy_0=-38.734262
it=7	mon=[2]	energy=-40.578001	energy_0=-38.734262
it=7	mon=[2]	energy=-40.578001	energy_0=-38.734262
it=7	mon=[2]	energy=-40.578001	energy_0=-38.734262
it=7	mon=[0]	energy=-35.725055	energy_0=-24.779890
it=7	mon=[0]	energy=-35.725055	energy_0=-24.779890
it=7	mon=[0]	energy=-35.725055	energy_0=-24.779890
it=7	mon=[0]	energy=-35.725055	energy_0=-24.779890
it=7it=7	mon=[0]	energy=-35.725055	energy_0=-24.779890
	mon=[0]	energy=-35.725055	energy_0=-24.779890
##SCC itera= 7  conv=4  energy =    -112.66270313  energy0 =     -87.25843229  (   2.899747 )
it=8	mon=[0]	energy=-35.727949	energy_0=-24.779738
it=8	mon=[0]	energy=-35.727949	energy_0=-24.779738
it=8	mon=[0]	energy=-35.727949	energy_0=-24.779738
it=8	mon=[0]	energy=-35.727949	energy_0=-24.779738
it=8	mon=[0]	energy=-35.727949	energy_0=-24.779738
it=8	mon=[0]	energy=-35.727949	energy_0=-24.779738
it=8	mon=[2]	energy=-40.576657	energy_0=-38.734529
it=8	mon=[2]	energy=-40.576657	energy_0=-38.734529
it=8	mon=[2]	energy=-40.576657	energy_0=-38.734529
it=8	mon=[2]	energy=-40.576657	energy_0=-38.734529
it=8	mon=[2]	energy=-40.576657	energy_0=-38.734529
it=8	mon=[2]	energy=-40.576657	energy_0=-38.734529
it=8	mon=[1]	energy=-36.361345	energy_0=-23.744429
it=8	mon=[1]	energy=-36.361345	energy_0=-23.744429
it=8	mon=[1]	energy=-36.361345	energy_0=-23.744429
it=8	mon=[1]	energy=-36.361345	energy_0=-23.744429
it=8	mon=[1]	energy=-36.361345	energy_0=-23.744429
it=8	mon=[1]	energy=-36.361345	energy_0=-23.744429
##SCC itera= 8  conv=6  energy =    -112.66595133  energy0 =     -87.25869632  (   4.168102 )
it=9	mon=[0]	energy=-35.728783	energy_0=-24.779693
it=9	mon=[0]	energy=-35.728783	energy_0=-24.779693
it=9	mon=[0]	energy=-35.728783	energy_0=-24.779693
it=9	mon=[0]	energy=-35.728783	energy_0=-24.779693
it=9	mon=[0]	energy=-35.728783	energy_0=-24.779693
it=9	mon=[0]	energy=-35.728783	energy_0=-24.779693
it=9it=9	mon=[2]	energy=-40.576112	energy_0=-38.734629
it=9	mon=[2]	energy=-40.576112	energy_0=-38.734629
it=9	mon=[2]	energy=-40.576112	energy_0=-38.734629
it=9	mon=[2]	energy=-40.576112	energy_0=-38.734629
it=9	mon=[2]	energy=-40.576112	energy_0=-38.734629
	mon=[2]	energy=-40.576112	energy_0=-38.734629
it=9	mon=[1]	energy=-36.361697	energy_0=-23.744488
it=9	mon=[1]	energy=-36.361697	energy_0=-23.744488
it=9	mon=[1]	energy=-36.361697	energy_0=-23.744488
it=9	mon=[1]	energy=-36.361697	energy_0=-23.744488
it=9	mon=[1]	energy=-36.361697	energy_0=-23.744488
it=9	mon=[1]	energy=-36.361697	energy_0=-23.744488
##SCC itera= 9  conv=6  energy =    -112.66659241  energy0 =     -87.25881062  (   3.600311 )
it=10	mon=[0]	energy=-35.729093	energy_0=-24.779677
it=10	mon=[0]	energy=-35.729093	energy_0=-24.779677
it=10	mon=[0]	energy=-35.729093	energy_0=-24.779677
it=10	mon=[0]	energy=-35.729093	energy_0=-24.779677
it=10	mon=[0]	energy=-35.729093	energy_0=-24.779677
it=10	mon=[0]	energy=-35.729093	energy_0=-24.779677
it=10	mon=[2]	energy=-40.575943	energy_0=-38.734660
it=10	mon=[2]	energy=-40.575943	energy_0=-38.734660
it=10	mon=[2]	energy=-40.575943	energy_0=-38.734660
it=10	mon=[2]	energy=-40.575943	energy_0=-38.734660
it=10	mon=[2]	energy=-40.575943	energy_0=-38.734660
it=10	mon=[2]	energy=-40.575943	energy_0=-38.734660
it=10	mon=[1]	energy=-36.361860	energy_0=-23.744505
it=10	mon=[1]	energy=-36.361860	energy_0=-23.744505
it=10	mon=[1]	energy=-36.361860	energy_0=-23.744505
it=10	mon=[1]	energy=-36.361860	energy_0=-23.744505
it=10it=10	mon=[1]	energy=-36.361860	energy_0=-23.744505
	mon=[1]	energy=-36.361860	energy_0=-23.744505
##SCC itera=10  conv=6  energy =    -112.66689614  energy0 =     -87.25884190  (   3.339300 )
it=11	mon=[2]	energy=-40.575882	energy_0=-38.734671
it=11	mon=[2]	energy=-40.575882	energy_0=-38.734671
it=11	mon=[2]	energy=-40.575882	energy_0=-38.734671
it=11	mon=[2]	energy=-40.575882	energy_0=-38.734671
it=11	mon=[2]	energy=-40.575882	energy_0=-38.734671
it=11	mon=[2]	energy=-40.575882	energy_0=-38.734671
it=11	mon=[0]	energy=-35.729189	energy_0=-24.779672
it=11	mon=[0]	energy=-35.729189	energy_0=-24.779672
it=11	mon=[0]	energy=-35.729189	energy_0=-24.779672
it=11	mon=[0]	energy=-35.729189	energy_0=-24.779672
it=11	mon=[0]	energy=-35.729189	energy_0=-24.779672
it=11	mon=[0]	energy=-35.729189	energy_0=-24.779672
it=11	mon=[1]	energy=-36.361904	energy_0=-23.744511
it=11	mon=[1]	energy=-36.361904	energy_0=-23.744511
it=11	mon=[1]	energy=-36.361904	energy_0=-23.744511
it=11	mon=[1]	energy=-36.361904	energy_0=-23.744511
it=11	mon=[1]	energy=-36.361904	energy_0=-23.744511
it=11	mon=[1]	energy=-36.361904	energy_0=-23.744511
##SCC itera=11  conv=7  energy =    -112.66697523  energy0 =     -87.25885431  (   3.571513 )
it=12	mon=[2]	energy=-40.575863	energy_0=-38.734675
it=12	mon=[2]	energy=-40.575863	energy_0=-38.734675
it=12	mon=[2]	energy=-40.575863	energy_0=-38.734675
it=12	mon=[2]	energy=-40.575863	energy_0=-38.734675
it=12	mon=[2]	energy=-40.575863	energy_0=-38.734675
it=12	mon=[2]	energy=-40.575863	energy_0=-38.734675
it=12	mon=[1]	energy=-36.361922	energy_0=-23.744513
it=12	mon=[1]	energy=-36.361922	energy_0=-23.744513
it=12	mon=[1]	energy=-36.361922	energy_0=-23.744513
it=12	mon=[1]	energy=-36.361922	energy_0=-23.744513
it=12	mon=[1]	energy=-36.361922	energy_0=-23.744513
it=12	mon=[1]	energy=-36.361922	energy_0=-23.744513
it=12	mon=[0]	energy=-35.729223	energy_0=-24.779670
it=12	mon=[0]	energy=-35.729223	energy_0=-24.779670
it=12	mon=[0]	energy=-35.729223	energy_0=-24.779670
it=12	mon=[0]	energy=-35.729223	energy_0=-24.779670
it=12	mon=[0]	energy=-35.729223	energy_0=-24.779670
it=12	mon=[0]	energy=-35.729223	energy_0=-24.779670
##SCC itera=12  conv=7  energy =    -112.66700797  energy0 =     -87.25885796  (   3.373630 )
it=13	mon=[1]	energy=-36.361928	energy_0=-23.744514
it=13	mon=[1]	energy=-36.361928	energy_0=-23.744514
it=13	mon=[1]	energy=-36.361928	energy_0=-23.744514
it=13	mon=[1]	energy=-36.361928	energy_0=-23.744514
it=13	mon=[1]	energy=-36.361928	energy_0=-23.744514
it=13	mon=[1]	energy=-36.361928	energy_0=-23.744514
it=13	mon=[0]	energy=-35.729234	energy_0=-24.779670
it=13	mon=[0]	energy=-35.729234	energy_0=-24.779670
it=13	mon=[0]	energy=-35.729234	energy_0=-24.779670
it=13	mon=[0]	energy=-35.729234	energy_0=-24.779670
it=13	mon=[0]	energy=-35.729234	energy_0=-24.779670
it=13	mon=[0]	energy=-35.729234	energy_0=-24.779670
it=13	mon=[2]	energy=-40.575856	energy_0=-38.734676
it=13	mon=[2]	energy=-40.575856	energy_0=-38.734676
it=13	mon=[2]	energy=-40.575856	energy_0=-38.734676
it=13	mon=[2]	energy=-40.575856	energy_0=-38.734676
it=13	mon=[2]	energy=-40.575856	energy_0=-38.734676
it=13	mon=[2]	energy=-40.575856	energy_0=-38.734676
##SCC itera=13  conv=7  energy =    -112.66701730  energy0 =     -87.25885927  (   2.955800 )
it=14	mon=[0]	energy=-35.729237	energy_0=-24.779669
it=14	mon=[0]	energy=-35.729237	energy_0=-24.779669
it=14	mon=[0]	energy=-35.729237	energy_0=-24.779669
it=14	mon=[0]	energy=-35.729237	energy_0=-24.779669
it=14	mon=[0]	energy=-35.729237	energy_0=-24.779669
it=14	mon=[0]	energy=-35.729237	energy_0=-24.779669
it=14	mon=[2]	energy=-40.575854	energy_0=-38.734676
it=14	mon=[2]	energy=-40.575854	energy_0=-38.734676
it=14	mon=[2]	energy=-40.575854	energy_0=-38.734676
it=14	mon=[2]	energy=-40.575854	energy_0=-38.734676
it=14	mon=[2]	energy=-40.575854	energy_0=-38.734676
it=14	mon=[2]	energy=-40.575854	energy_0=-38.734676
it=14	mon=[1]	energy=-36.361930	energy_0=-23.744514
it=14	mon=[1]	energy=-36.361930	energy_0=-23.744514
it=14	mon=[1]	energy=-36.361930	energy_0=-23.744514
it=14	mon=[1]	energy=-36.361930	energy_0=-23.744514
it=14	mon=[1]	energy=-36.361930	energy_0=-23.744514
it=14	mon=[1]	energy=-36.361930	energy_0=-23.744514
##SCC itera=14  conv=7  energy =    -112.66702076  energy0 =     -87.25885972  (   2.729117 )
it=15	mon=[0]	energy=-35.729239	energy_0=-24.779669
it=15	mon=[0]	energy=-35.729239	energy_0=-24.779669
it=15	mon=[0]	energy=-35.729239	energy_0=-24.779669
it=15	mon=[0]	energy=-35.729239	energy_0=-24.779669
it=15	mon=[0]	energy=-35.729239	energy_0=-24.779669
it=15	mon=[0]	energy=-35.729239	energy_0=-24.779669
it=15	mon=[1]	energy=-36.361930	energy_0=-23.744514
it=15	mon=[1]	energy=-36.361930	energy_0=-23.744514
it=15	mon=[1]	energy=-36.361930	energy_0=-23.744514
it=15	mon=[1]	energy=-36.361930	energy_0=-23.744514
it=15	mon=[1]	energy=-36.361930	energy_0=-23.744514
it=15	mon=[1]	energy=-36.361930	energy_0=-23.744514
it=15	mon=[2]	energy=-40.575853	energy_0=-38.734676
it=15	mon=[2]	energy=-40.575853	energy_0=-38.734676
it=15	mon=[2]	energy=-40.575853	energy_0=-38.734676
it=15	mon=[2]	energy=-40.575853	energy_0=-38.734676
it=15	mon=[2]	energy=-40.575853	energy_0=-38.734676
it=15	mon=[2]	energy=-40.575853	energy_0=-38.734676
##SCC itera=15  conv=7  energy =    -112.66702192  energy0 =     -87.25885986  (   2.324740 )
it=16	mon=[1]	energy=-36.361930	energy_0=-23.744514
it=16	mon=[1]	energy=-36.361930	energy_0=-23.744514
it=16	mon=[1]	energy=-36.361930	energy_0=-23.744514
it=16	mon=[1]	energy=-36.361930	energy_0=-23.744514
it=16	mon=[1]	energy=-36.361930	energy_0=-23.744514
it=16	mon=[1]	energy=-36.361930	energy_0=-23.744514
it=16	mon=[0]	energy=-35.729239	energy_0=-24.779669
it=16	mon=[0]	energy=-35.729239	energy_0=-24.779669
it=16	mon=[0]	energy=-35.729239	energy_0=-24.779669
it=16	mon=[0]	energy=-35.729239	energy_0=-24.779669
it=16	mon=[0]	energy=-35.729239	energy_0=-24.779669
it=16	mon=[0]	energy=-35.729239	energy_0=-24.779669
it=16	mon=[2]	energy=-40.575853	energy_0=-38.734676
it=16	mon=[2]	energy=-40.575853	energy_0=-38.734676
it=16	mon=[2]	energy=-40.575853	energy_0=-38.734676
it=16	mon=[2]	energy=-40.575853	energy_0=-38.734676
it=16	mon=[2]	energy=-40.575853	energy_0=-38.734676
it=16	mon=[2]	energy=-40.575853	energy_0=-38.734676
##SCC itera=16  conv=7  energy =    -112.66702226  energy0 =     -87.25885993  (   2.344965 )
==== SCC converged ====
##T         ---- Finish SCC procedure ---- : lap time=  50.544206 ( total etime=  52.438771 )
it=130	mon=[0, 2]	energy=-75.443325	energy_0=-63.275176
# E=   -75.4433247133 E-DV=   -63.2751757668 DV=   -12.1681489465 DDV=    -0.0188052062
it=130	mon=[0, 2]	energy=-75.443325	energy_0=-63.275176
# E=   -75.4433247133 E-DV=   -63.2751757668 DV=   -12.1681489465 DDV=    -0.0188052062
it=130	mon=[0, 2]	energy=-75.443325	energy_0=-63.275176
# E=   -75.4433247133 E-DV=   -63.2751757668 DV=   -12.1681489465 DDV=    -0.0188052062
it=130	mon=[0, 2]	energy=-75.443325	energy_0=-63.275176
# E=   -75.4433247133 E-DV=   -63.2751757668 DV=   -12.1681489465 DDV=    -0.0188052062
it=130it=130	mon=[0, 2]	energy=-75.443325	energy_0=-63.275176
# E=   -75.4433247133 E-DV=   -63.2751757668 DV=   -12.1681489465 DDV=    -0.0188052062
	mon=[0, 2]	energy=-75.443325	energy_0=-63.275176
# E=   -75.4433247133 E-DV=   -63.2751757668 DV=   -12.1681489465 DDV=    -0.0188052062
it=130	mon=[1, 2]	energy=-79.341848	energy_0=-77.288039
# E=   -79.3418477156 E-DV=   -77.2880394646 DV=    -2.0538082510 DDV=    -0.0141105384
it=130	mon=[1, 2]	energy=-79.341848	energy_0=-77.288039
# E=   -79.3418477156 E-DV=   -77.2880394646 DV=    -2.0538082510 DDV=    -0.0141105384
it=130	mon=[1, 2]	energy=-79.341848	energy_0=-77.288039
# E=   -79.3418477156 E-DV=   -77.2880394646 DV=    -2.0538082510 DDV=    -0.0141105384
it=130	mon=[1, 2]	energy=-79.341848	energy_0=-77.288039
# E=   -79.3418477156 E-DV=   -77.2880394646 DV=    -2.0538082510 DDV=    -0.0141105384
it=130	mon=[1, 2]	energy=-79.341848	energy_0=-77.288039
# E=   -79.3418477156 E-DV=   -77.2880394646 DV=    -2.0538082510 DDV=    -0.0141105384
it=130	mon=[1, 2]	energy=-79.341848	energy_0=-77.288039
# E=   -79.3418477156 E-DV=   -77.2880394646 DV=    -2.0538082510 DDV=    -0.0141105384
it=130	mon=[0, 1]	energy=-74.532344	energy_0=-63.331748
# E=   -74.5323438536 E-DV=   -63.3317476697 DV=   -11.2005961838 DDV=     0.0185248943
it=130	mon=[0, 1]	energy=-74.532344	energy_0=-63.331748
# E=   -74.5323438536 E-DV=   -63.3317476697 DV=   -11.2005961838 DDV=     0.0185248943
it=130	mon=[0, 1]	energy=-74.532344	energy_0=-63.331748
# E=   -74.5323438536 E-DV=   -63.3317476697 DV=   -11.2005961838 DDV=     0.0185248943
it=130	mon=[0, 1]	energy=-74.532344	energy_0=-63.331748
# E=   -74.5323438536 E-DV=   -63.3317476697 DV=   -11.2005961838 DDV=     0.0185248943
it=130	mon=[0, 1]	energy=-74.532344	energy_0=-63.331748
# E=   -74.5323438536 E-DV=   -63.3317476697 DV=   -11.2005961838 DDV=     0.0185248943
it=130	mon=[0, 1]	energy=-74.532344	energy_0=-63.331748
# E=   -74.5323438536 E-DV=   -63.3317476697 DV=   -11.2005961838 DDV=     0.0185248943
##T    ---- Finish to Calc. Dimer SCF ---- : lap time=   6.791239 ( total etime=  59.230019 )
       ( # of scf dimer = 3 )
        dE0(SCF dimer) =     -29.39163389
##T     ---- Finish to Calc. ES Dimer ---- : lap time=   0.000069 ( total etime=  59.230110 )
    (# of ES dimer = 0)
    dE0(ES dimer) =       0.00000000
    total energy(FMO) =    -116.65049382
##T  -- All workers have been destroyed -- : lap time=   0.000604 ( total etime=  59.230722 )
---- ATOMIC POPULATION DATA -----
   SN AN  ATOMIC POP  NET CHARGE
---------------------------------
    1  6       6.127      -0.127
    2  6       6.054      -0.054
    3  6       6.187      -0.187
    4  1       0.959       0.041
    5  1       0.960       0.040
    6  1       0.959       0.041
    7  1       0.946       0.054
    8  1       0.946       0.054
    9  1       0.953       0.047
   10  1       0.958       0.042
   11  1       0.953       0.047
---------------------------------
total charge =      0.000
---------------------------------
##T    -- calc AO and atomic population -- : lap time=   0.000073 ( total etime=  59.230804 )
##T   -- All mservs have been destroyed -- : lap time=   0.000011 ( total etime=  59.230819 )
