ngroup       = 4
nioprocs     = 1
niogroup     = 1
nmaxprocs    = 20
group size   = 4
# of threads = 32
nintic       = 2048
input file name       = ./samples/alkane/C4H10_2-2-5_4-4-10_rhf.inp
prefix of output file = 
local input dir.      = ./
# of total invoked procs = 18 (=1iog*1iop+1+4gr*4pr)
master host name = gwonhaklee-X570-AORUS-MASTER
-----------------------------------------------------
 # of data = 11
nfrag = 4
##T                  Finish Initialization : lap time=   0.000139 ( total etime=   0.000139 )
****** LIST OF HOST NAME (MSERV(ID=0))******
rank=  0 : gwonhaklee-X570-AORUS-MASTER
********************************
##T        Finish to Create Memory Servers : lap time=   0.263425 ( total etime=   0.263587 )
****** LIST OF HOST NAME (WORKER(ID=0)) ******
rank=  0 : gwonhaklee-X570-AORUS-MASTER
rank=  1 : gwonhaklee-X570-AORUS-MASTER
rank=  2 : gwonhaklee-X570-AORUS-MASTER
rank=  3 : gwonhaklee-X570-AORUS-MASTER
********************************
****** LIST OF HOST NAME (WORKER(ID=1)) ******
rank=  0 : gwonhaklee-X570-AORUS-MASTER
rank=  1 : gwonhaklee-X570-AORUS-MASTER
rank=  2 : gwonhaklee-X570-AORUS-MASTER
rank=  3 : gwonhaklee-X570-AORUS-MASTER
********************************
****** LIST OF HOST NAME (WORKER(ID=2)) ******
rank=  0 : gwonhaklee-X570-AORUS-MASTER
rank=  1 : gwonhaklee-X570-AORUS-MASTER
rank=  2 : gwonhaklee-X570-AORUS-MASTER
rank=  3 : gwonhaklee-X570-AORUS-MASTER
********************************
##T               Finish to Create Workers : lap time=   1.085757 ( total etime=   1.349361 )
****** LIST OF HOST NAME (WORKER(ID=3)) ******
rank=  0 : gwonhaklee-X570-AORUS-MASTER
rank=  1 : gwonhaklee-X570-AORUS-MASTER
rank=  2 : gwonhaklee-X570-AORUS-MASTER
rank=  3 : gwonhaklee-X570-AORUS-MASTER
********************************
##T     Finish to Connect Mservs & Workers : lap time=   0.403689 ( total etime=   1.753070 )
calc. inter-frag distance list = 1
##T    Finish to Calculate Initial Density : lap time=   0.103471 ( total etime=   1.857419 )
---- start SCC (maxscc=30, sccconv=7) ----
it=1	mon=[0]	energy=-22.730410	energy_0=-24.926118
it=1	mon=[0]	energy=-22.730410	energy_0=-24.926118
it=1	mon=[0]	energy=-22.730410	energy_0=-24.926118
it=1	mon=[0]	energy=-22.730410	energy_0=-24.926118
it=1	mon=[2]	energy=-32.611477	it=1	mon=[2]	energy=-32.611477	energy_0=-22.798313
energy_0=-22.798313
it=1	mon=[2]	energy=-32.611477	energy_0=-22.798313
it=1	mon=[2]	energy=-32.611477	energy_0=-22.798313
it=1	mon=[3]	energy=-41.315252	energy_0=-38.444342
it=1	mon=[3]	energy=-41.315252	energy_0=-38.444342
it=1	mon=[3]	energy=-41.315252	energy_0=-38.444342
it=1	mon=[3]	energy=-41.315252	energy_0=-38.444342
it=1	mon=[1]	energy=-29.620806	energy_0=-22.878438
it=1	mon=[1]	energy=-29.620806	energy_0=-22.878438
it=1	mon=[1]	energy=-29.620806	energy_0=-22.878438
it=1	mon=[1]	energy=-29.620806	energy_0=-22.878438
##SCC itera= 1  conv=2  energy =    -126.27794532  energy0 =    -109.04721138  (   4.277274 )
it=2	mon=[3]	energy=-41.633304	energy_0=-38.575752
it=2	mon=[3]	energy=-41.633304	energy_0=-38.575752
it=2	mon=[3]	energy=-41.633304	energy_0=-38.575752
it=2	mon=[3]	energy=-41.633304	energy_0=-38.575752
it=2	mon=[0]	energy=-35.151054	it=2	mon=[0]	energy=-35.151054	energy_0=-24.805383
it=2it=2	mon=[0]	energy=-35.151054	energy_0=-24.805383
energy_0=-24.805383
	mon=[0]	energy=-35.151054	energy_0=-24.805383
it=2	mon=[2]	energy=-35.583705	energy_0=-22.888439
it=2	mon=[2]	energy=-35.583705	energy_0=-22.888439
it=2	mon=[2]	energy=-35.583705	energy_0=-22.888439
it=2	mon=[2]	energy=-35.583705	energy_0=-22.888439
##SCC itera= 2  conv=2  energy =    -148.42951573  energy0 =    -108.90444505  (   3.390611 )
it=2	mon=[1]	energy=-36.061453	energy_0=-22.634871
it=2	mon=[1]	energy=-36.061453	energy_0=-22.634871
it=2	mon=[1]	energy=-36.061453	energy_0=-22.634871
it=2	mon=[1]	energy=-36.061453	energy_0=-22.634871
it=3it=3	mon=[0]	energy=-34.992746	energy_0=-24.815253
it=3	mon=[0]	energy=-34.992746	energy_0=-24.815253
it=3	mon=[0]	energy=-34.992746	energy_0=-24.815253
	mon=[0]	energy=-34.992746	energy_0=-24.815253
it=3	mon=[2]	energy=-35.356036	energy_0=-22.958125
it=3	mon=[2]	energy=-35.356036	energy_0=-22.958125
it=3	mon=[2]	energy=-35.356036	energy_0=-22.958125
it=3	mon=[2]	energy=-35.356036	energy_0=-22.958125
it=3	mon=[3]	energy=-41.489996	energy_0=-38.723581
it=3	mon=[3]	energy=-41.489996	energy_0=-38.723581
it=3	mon=[3]	energy=-41.489996	energy_0=-38.723581
it=3	mon=[3]	energy=-41.489996	energy_0=-38.723581
it=3	mon=[1]	energy=-35.428410	energy_0=-22.962336
it=3	mon=[1]	energy=-35.428410	energy_0=-22.962336
it=3	mon=[1]	energy=-35.428410	energy_0=-22.962336
it=3	mon=[1]	energy=-35.428410	energy_0=-22.962336
##SCC itera= 3  conv=2  energy =    -147.26718763  energy0 =    -109.45929554  (   3.057564 )
it=4it=4	mon=[2]	energy=-35.499200	energy_0=-22.977807
	mon=[2]	energy=-35.499200	energy_0=-22.977807
it=4	mon=[2]	energy=-35.499200	energy_0=-22.977807
it=4	mon=[2]	energy=-35.499200	energy_0=-22.977807
it=4	mon=[1]	energy=-35.772435	energy_0=-22.961075
it=4	mon=[1]	energy=-35.772435	energy_0=-22.961075
it=4	mon=[1]	energy=-35.772435	energy_0=-22.961075
it=4	mon=[1]	energy=-35.772435	energy_0=-22.961075
it=4	mon=[3]	energy=-41.222951	energy_0=-38.751090
it=4	mon=[3]	energy=-41.222951	energy_0=-38.751090
it=4	mon=[3]	energy=-41.222951	energy_0=-38.751090
it=4	mon=[3]	energy=-41.222951	energy_0=-38.751090
it=4	mon=[0]	energy=-35.872730	energy_0=-24.772142
it=4	mon=[0]	energy=-35.872730	energy_0=-24.772142
it=4	mon=[0]	energy=-35.872730	energy_0=-24.772142
it=4	mon=[0]	energy=-35.872730	energy_0=-24.772142
##SCC itera= 4  conv=2  energy =    -148.36731627  energy0 =    -109.46211457  (   2.685339 )
it=5	mon=[0]	energy=-35.932362	energy_0=-24.769243
it=5	mon=[0]	energy=-35.932362	energy_0=-24.769243
it=5	mon=[0]	energy=-35.932362	energy_0=-24.769243
it=5	mon=[0]	energy=-35.932362	energy_0=-24.769243
it=5	mon=[3]	energy=-41.156407	energy_0=-38.769435
it=5	mon=[3]	energy=-41.156407	energy_0=-38.769435
it=5	mon=[3]	energy=-41.156407	energy_0=-38.769435
it=5	mon=[3]	energy=-41.156407	energy_0=-38.769435
it=5	mon=[2]	energy=-35.512394	energy_0=-22.985720
it=5	mon=[2]	energy=-35.512394	energy_0=-22.985720
it=5	mon=[2]	energy=-35.512394	energy_0=-22.985720
it=5	mon=[2]	energy=-35.512394	energy_0=-22.985720
it=5	mon=[1]	energy=-35.782493	energy_0=-22.990446
it=5	mon=[1]	energy=-35.782493	energy_0=-22.990446
it=5	mon=[1]	energy=-35.782493	energy_0=-22.990446
it=5	mon=[1]	energy=-35.782493	energy_0=-22.990446
##SCC itera= 5  conv=4  energy =    -148.38365617  energy0 =    -109.51484439  (   3.963738 )
it=6	mon=[0]	energy=-36.042270	energy_0=-24.763261
it=6	mon=[0]	energy=-36.042270	energy_0=-24.763261
it=6	mon=[0]	energy=-36.042270	energy_0=-24.763261
it=6	mon=[0]	energy=-36.042270	energy_0=-24.763261
it=6	mon=[3]	energy=-41.117520	energy_0=-38.773094
it=6	mon=[3]	energy=-41.117520	energy_0=-38.773094
it=6	mon=[3]	energy=-41.117520	energy_0=-38.773094
it=6	mon=[3]	energy=-41.117520	energy_0=-38.773094
it=6	mon=[2]	energy=-35.529787	energy_0=-22.988572
it=6	mon=[2]	energy=-35.529787	energy_0=-22.988572
it=6	mon=[2]	energy=-35.529787	energy_0=-22.988572
it=6	mon=[2]	energy=-35.529787	energy_0=-22.988572
it=6it=6	mon=[1]	energy=-35.821763	energy_0=-22.992439
it=6	mon=[1]	energy=-35.821763	energy_0=-22.992439
it=6	mon=[1]	energy=-35.821763	energy_0=-22.992439
	mon=[1]	energy=-35.821763	energy_0=-22.992439
##SCC itera= 6  conv=4  energy =    -148.51134036  energy0 =    -109.51736660  (   3.723817 )
it=7	mon=[0]	energy=-36.058203	energy_0=-24.762438
it=7	mon=[0]	energy=-36.058203	energy_0=-24.762438
it=7	mon=[0]	energy=-36.058203	energy_0=-24.762438
it=7	mon=[0]	energy=-36.058203	energy_0=-24.762438
it=7	mon=[3]	energy=-41.105773	energy_0=-38.775427
it=7	mon=[3]	energy=-41.105773	energy_0=-38.775427
it=7	mon=[3]	energy=-41.105773	energy_0=-38.775427
it=7	mon=[3]	energy=-41.105773	energy_0=-38.775427
it=7	mon=[2]	energy=-35.530520	energy_0=-22.989598
it=7	mon=[2]	energy=-35.530520	energy_0=-22.989598
it=7	mon=[2]	energy=-35.530520	energy_0=-22.989598
it=7	mon=[2]	energy=-35.530520	energy_0=-22.989598
it=7	mon=[1]	energy=-35.827360	energy_0=-22.996006
it=7	mon=[1]	energy=-35.827360	energy_0=-22.996006
it=7	mon=[1]	energy=-35.827360	energy_0=-22.996006
it=7	mon=[1]	energy=-35.827360	energy_0=-22.996006
##SCC itera= 7  conv=4  energy =    -148.52185677  energy0 =    -109.52346934  (   3.343658 )
it=8	mon=[2]	energy=-35.532428	energy_0=-22.990017
it=8	mon=[2]	energy=-35.532428	energy_0=-22.990017
it=8	mon=[2]	energy=-35.532428	energy_0=-22.990017
it=8	mon=[2]	energy=-35.532428	energy_0=-22.990017
it=8	mon=[3]	energy=-41.100379	energy_0=-38.775967
it=8	mon=[3]	energy=-41.100379	energy_0=-38.775967
it=8it=8	mon=[3]	energy=-41.100379	energy_0=-38.775967
	mon=[3]	energy=-41.100379	energy_0=-38.775967
it=8	mon=[1]	energy=-35.831893	energy_0=-22.996500
it=8	mon=[1]	energy=-35.831893	energy_0=-22.996500
it=8	mon=[1]	energy=-35.831893	energy_0=-22.996500
it=8	mon=[1]	energy=-35.831893	energy_0=-22.996500
it=8	mon=[0]	energy=-36.072546	energy_0=-24.761649
it=8it=8	mon=[0]	energy=-36.072546	energy_0=-24.761649
it=8	mon=[0]	energy=-36.072546	energy_0=-24.761649
	mon=[0]	energy=-36.072546	energy_0=-24.761649
##SCC itera= 8  conv=6  energy =    -148.53724767  energy0 =    -109.52413293  (   4.401044 )
it=9	mon=[3]	energy=-41.098595	energy_0=-38.776277
it=9	mon=[3]	energy=-41.098595	energy_0=-38.776277
it=9it=9	mon=[3]	energy=-41.098595	energy_0=-38.776277
	mon=[3]	energy=-41.098595	energy_0=-38.776277
it=9	mon=[0]	energy=-36.075406	energy_0=-24.761496
it=9	mon=[0]	energy=-36.075406	energy_0=-24.761496
it=9	mon=[2]	energy=-35.532529	energy_0=-22.990166
it=9	mon=[2]	energy=-35.532529	energy_0=-22.990166
it=9	mon=[0]	energy=-36.075406	energy_0=-24.761496
it=9	mon=[0]	energy=-36.075406	energy_0=-24.761496
it=9	mon=[2]	energy=-35.532529	energy_0=-22.990166
it=9	mon=[2]	energy=-35.532529	energy_0=-22.990166
it=9	mon=[1]	energy=-35.832859	energy_0=-22.996956
it=9	mon=[1]	energy=-35.832859	energy_0=-22.996956
it=9	mon=[1]	energy=-35.832859	energy_0=-22.996956
it=9	mon=[1]	energy=-35.832859	energy_0=-22.996956
##SCC itera= 9  conv=6  energy =    -148.53938863  energy0 =    -109.52489562  (   4.283122 )
it=10	mon=[3]	energy=-41.097832	energy_0=-38.776358
it=10	mon=[3]	energy=-41.097832	energy_0=-38.776358
it=10	mon=[3]	energy=-41.097832	energy_0=-38.776358
it=10	mon=[3]	energy=-41.097832	energy_0=-38.776358
it=10	mon=[0]	energy=-36.077315	energy_0=-24.761391
it=10	mon=[0]	energy=-36.077315	energy_0=-24.761391
it=10	mon=[0]	energy=-36.077315	energy_0=-24.761391
it=10	mon=[0]	energy=-36.077315	energy_0=-24.761391
it=10	mon=[2]	energy=-35.532750	energy_0=-22.990227
it=10	mon=[2]	energy=-35.532750	energy_0=-22.990227
it=10	mon=[2]	energy=-35.532750	energy_0=-22.990227
it=10	mon=[2]	energy=-35.532750	energy_0=-22.990227
it=10it=10	mon=[1]	energy=-35.833438	energy_0=-22.997045
it=10	mon=[1]	energy=-35.833438	energy_0=-22.997045
it=10	mon=[1]	energy=-35.833438	energy_0=-22.997045
	mon=[1]	energy=-35.833438	energy_0=-22.997045
##SCC itera=10  conv=6  energy =    -148.54133527  energy0 =    -109.52502101  (   3.590423 )
it=11	mon=[3]	energy=-41.097569	energy_0=-38.776400
it=11	mon=[3]	energy=-41.097569	energy_0=-38.776400
it=11	mon=[3]	energy=-41.097569	energy_0=-38.776400
it=11it=11	mon=[0]	energy=-36.077780	energy_0=-24.761366
it=11	mon=[0]	energy=-36.077780	energy_0=-24.761366
	mon=[0]	energy=-36.077780	energy_0=-24.761366
it=11	mon=[3]	energy=-41.097569	energy_0=-38.776400
it=11	mon=[0]	energy=-36.077780	energy_0=-24.761366
it=11	mon=[2]	energy=-35.532767	energy_0=-22.990248
it=11	mon=[2]	energy=-35.532767	energy_0=-22.990248
it=11	mon=[2]	energy=-35.532767	energy_0=-22.990248
it=11	mon=[2]	energy=-35.532767	energy_0=-22.990248
it=11	mon=[1]	energy=-35.833590	energy_0=-22.997106
it=11	mon=[1]	energy=-35.833590	energy_0=-22.997106
it=11	mon=[1]	energy=-35.833590	energy_0=-22.997106
it=11	mon=[1]	energy=-35.833590	energy_0=-22.997106
##SCC itera=11  conv=7  energy =    -148.54170543  energy0 =    -109.52512012  (   4.106054 )
it=12	mon=[0]	energy=-36.078039	energy_0=-24.761352
it=12	mon=[0]	energy=-36.078039	energy_0=-24.761352
it=12	mon=[0]	energy=-36.078039	energy_0=-24.761352
it=12	mon=[0]	energy=-36.078039	energy_0=-24.761352
it=12it=12	mon=[2]	energy=-35.532794	energy_0=-22.990257
	mon=[2]	energy=-35.532794	energy_0=-22.990257
it=12	mon=[3]	energy=-41.097461	energy_0=-38.776412
it=12	mon=[3]	energy=-41.097461	energy_0=-38.776412
it=12	mon=[3]	energy=-41.097461	energy_0=-38.776412
it=12	mon=[3]	energy=-41.097461	energy_0=-38.776412
it=12	mon=[2]	energy=-35.532794	energy_0=-22.990257
it=12	mon=[2]	energy=-35.532794	energy_0=-22.990257
it=12	mon=[1]	energy=-35.833667	energy_0=-22.997121
it=12	mon=[1]	energy=-35.833667	energy_0=-22.997121
it=12	mon=[1]	energy=-35.833667	energy_0=-22.997121
it=12	mon=[1]	energy=-35.833667	energy_0=-22.997121
##SCC itera=12  conv=7  energy =    -148.54195993  energy0 =    -109.52514124  (   3.847195 )
it=13	mon=[3]	energy=-41.097423	energy_0=-38.776418
it=13	mon=[3]	energy=-41.097423	energy_0=-38.776418
it=13	mon=[3]	energy=-41.097423	energy_0=-38.776418
it=13	mon=[3]	energy=-41.097423	energy_0=-38.776418
it=13	mon=[0]	energy=-36.078111	energy_0=-24.761348
it=13	mon=[0]	energy=-36.078111	energy_0=-24.761348
it=13	mon=[0]	energy=-36.078111	energy_0=-24.761348
it=13	mon=[0]	energy=-36.078111	energy_0=-24.761348
it=13	mon=[2]	energy=-35.532797	energy_0=-22.990260
it=13	mon=[2]	energy=-35.532797	energy_0=-22.990260
it=13	mon=[2]	energy=-35.532797	energy_0=-22.990260
it=13	mon=[2]	energy=-35.532797	energy_0=-22.990260
it=13	mon=[1]	energy=-35.833690	energy_0=-22.997129
it=13	mon=[1]	energy=-35.833690	energy_0=-22.997129
it=13	mon=[1]	energy=-35.833690	energy_0=-22.997129
it=13	mon=[1]	energy=-35.833690	energy_0=-22.997129
##SCC itera=13  conv=7  energy =    -148.54201944  energy0 =    -109.52515443  (   3.550114 )
it=14	mon=[1]	energy=-35.833700	energy_0=-22.997131
it=14	mon=[1]	energy=-35.833700	energy_0=-22.997131
it=14	mon=[1]	energy=-35.833700	energy_0=-22.997131
it=14	mon=[1]	energy=-35.833700	energy_0=-22.997131
it=14	mon=[2]	energy=-35.532800	energy_0=-22.990261
it=14	mon=[2]	energy=-35.532800	energy_0=-22.990261
it=14	mon=[2]	energy=-35.532800	energy_0=-22.990261
it=14	mon=[2]	energy=-35.532800	energy_0=-22.990261
it=14	mon=[0]	energy=-36.078146	energy_0=-24.761346
it=14	mon=[0]	energy=-36.078146	energy_0=-24.761346
it=14	mon=[0]	energy=-36.078146	energy_0=-24.761346
it=14	mon=[0]	energy=-36.078146	energy_0=-24.761346
it=14	mon=[3]	energy=-41.097407	energy_0=-38.776419
it=14	mon=[3]	energy=-41.097407	energy_0=-38.776419
it=14	mon=[3]	energy=-41.097407	energy_0=-38.776419
it=14	mon=[3]	energy=-41.097407	energy_0=-38.776419
##SCC itera=14  conv=7  energy =    -148.54205355  energy0 =    -109.52515773  (   3.271669 )
it=15	mon=[2]	energy=-35.532800	energy_0=-22.990262
it=15	it=15mon=[2]	energy=-35.532800	energy_0=-22.990262
	mon=[2]	energy=-35.532800	energy_0=-22.990262
it=15	mon=[2]	energy=-35.532800	energy_0=-22.990262
it=15	mon=[3]	energy=-41.097402	energy_0=-38.776420
it=15	mon=[3]	energy=-41.097402	energy_0=-38.776420
it=15	mon=[3]	energy=-41.097402	energy_0=-38.776420
it=15	mon=[3]	energy=-41.097402	energy_0=-38.776420
it=15	mon=[0]	energy=-36.078157	energy_0=-24.761345
it=15	mon=[0]	energy=-36.078157	energy_0=-24.761345
it=15	mon=[0]	energy=-36.078157	energy_0=-24.761345
it=15	mon=[0]	energy=-36.078157	energy_0=-24.761345
it=15	mon=[1]	energy=-35.833704	energy_0=-22.997132
it=15	mon=[1]	energy=-35.833704	energy_0=-22.997132
it=15	mon=[1]	energy=-35.833704	energy_0=-22.997132
it=15	mon=[1]	energy=-35.833704	energy_0=-22.997132
##SCC itera=15  conv=7  energy =    -148.54206267  energy0 =    -109.52515951  (   2.815177 )
it=16	mon=[0]	energy=-36.078162	energy_0=-24.761345
it=16	mon=[0]	energy=-36.078162	energy_0=-24.761345
it=16	mon=[0]	energy=-36.078162	energy_0=-24.761345
it=16	mon=[0]	energy=-36.078162	energy_0=-24.761345
it=16	mon=[3]	energy=-41.097399	energy_0=-38.776420
it=16	mon=[3]	energy=-41.097399	energy_0=-38.776420
it=16	mon=[3]	energy=-41.097399	energy_0=-38.776420
it=16	mon=[3]	energy=-41.097399	energy_0=-38.776420
it=16	mon=[2]	energy=-35.532801	energy_0=-22.990262
it=16	mon=[2]	energy=-35.532801	energy_0=-22.990262
it=16	mon=[2]	energy=-35.532801	energy_0=-22.990262
it=16	mon=[2]	energy=-35.532801	energy_0=-22.990262
it=16	mon=[1]	energy=-35.833705	energy_0=-22.997132
it=16	mon=[1]	energy=-35.833705	energy_0=-22.997132
it=16	mon=[1]	energy=-35.833705	energy_0=-22.997132
it=16	mon=[1]	energy=-35.833705	energy_0=-22.997132
##SCC itera=16  conv=7  energy =    -148.54206726  energy0 =    -109.52516002  (   2.669056 )
it=17	mon=[2]	energy=-35.532801	energy_0=-22.990262
it=17	mon=[2]	energy=-35.532801	energy_0=-22.990262
it=17	mon=[0]	energy=-36.078163	energy_0=-24.761345
it=17	mon=[0]	energy=-36.078163	energy_0=-24.761345
it=17	mon=[0]	energy=-36.078163	energy_0=-24.761345
it=17	mon=[0]	energy=-36.078163	energy_0=-24.761345
it=17	mon=[2]	energy=-35.532801	energy_0=-22.990262
it=17	mon=[2]	energy=-35.532801	energy_0=-22.990262
it=17	mon=[3]	energy=-41.097399	energy_0=-38.776420
it=17	mon=[3]	energy=-41.097399	energy_0=-38.776420
it=17	mon=[3]	energy=-41.097399	energy_0=-38.776420
it=17	mon=[3]	energy=-41.097399	energy_0=-38.776420
it=17	mon=[1]	energy=-35.833706	energy_0=-22.997133
it=17	mon=[1]	energy=-35.833706	energy_0=-22.997133
it=17	mon=[1]	energy=-35.833706	energy_0=-22.997133
it=17	mon=[1]	energy=-35.833706	energy_0=-22.997133
##SCC itera=17  conv=7  energy =    -148.54206867  energy0 =    -109.52516027  (   2.338374 )
it=18	mon=[0]	energy=-36.078164	energy_0=-24.761345
it=18	mon=[0]	energy=-36.078164	energy_0=-24.761345
it=18	mon=[0]	energy=-36.078164	energy_0=-24.761345
it=18	mon=[0]	energy=-36.078164	energy_0=-24.761345
it=18	mon=[2]	energy=-35.532801	energy_0=-22.990262
it=18	mon=[2]	energy=-35.532801	energy_0=-22.990262
it=18	mon=[2]	energy=-35.532801	energy_0=-22.990262
it=18	mon=[2]	energy=-35.532801	energy_0=-22.990262
it=18	mon=[1]	energy=-35.833706	energy_0=-22.997133
it=18	mon=[1]	energy=-35.833706	energy_0=-22.997133
it=18	mon=[1]	energy=-35.833706	energy_0=-22.997133
it=18	mon=[1]	energy=-35.833706	energy_0=-22.997133
it=18	mon=[3]	energy=-41.097398	energy_0=-38.776421
it=18	mon=[3]	energy=-41.097398	energy_0=-38.776421
it=18	mon=[3]	energy=-41.097398	energy_0=-38.776421
it=18	mon=[3]	energy=-41.097398	energy_0=-38.776421
##SCC itera=18  conv=7  energy =    -148.54206931  energy0 =    -109.52516037  (   2.196127 )
==== SCC converged ====
##T         ---- Finish SCC procedure ---- : lap time=  61.541857 ( total etime=  63.399293 )
it=130	mon=[0, 3]	energy=-76.781664	energy_0=-63.505503
# E=   -76.7816636184 E-DV=   -63.5055026177 DV=   -13.2761610006 DDV=    -0.0072680844
it=130	mon=[0, 3]	energy=-76.781664	energy_0=-63.505503
# E=   -76.7816636184 E-DV=   -63.5055026177 DV=   -13.2761610006 DDV=    -0.0072680844
it=130	mon=[0, 3]	energy=-76.781664	energy_0=-63.505503
it=130	mon=[0, 3]	energy=-76.781664	energy_0=-63.505503
# E=   -76.7816636184 E-DV=   -63.5055026177 DV=   -13.2761610006 DDV=    -0.0072680844
# E=   -76.7816636184 E-DV=   -63.5055026177 DV=   -13.2761610006 DDV=    -0.0072680844
it=130	mon=[1, 3]	energy=-76.461968	energy_0=-61.532463
# E=   -76.4619676524 E-DV=   -61.5324629365 DV=   -14.9295047159 DDV=    -0.0249144142
it=130	mon=[1, 3]	energy=-76.461968	energy_0=-61.532463
# E=   -76.4619676524 E-DV=   -61.5324629365 DV=   -14.9295047159 DDV=    -0.0249144142
it=130	mon=[1, 3]	energy=-76.461968	energy_0=-61.532463
# E=   -76.4619676524 E-DV=   -61.5324629365 DV=   -14.9295047159 DDV=    -0.0249144142
it=130	mon=[1, 3]	energy=-76.461968	energy_0=-61.532463
# E=   -76.4619676524 E-DV=   -61.5324629365 DV=   -14.9295047159 DDV=    -0.0249144142
it=130	mon=[2, 1]	energy=-74.462601	energy_0=-60.946809
# E=   -74.4626007195 E-DV=   -60.9468090916 DV=   -13.5157916279 DDV=    -0.0198132173
it=130	mon=[2, 1]	energy=-74.462601	energy_0=-60.946809
# E=   -74.4626007195 E-DV=   -60.9468090916 DV=   -13.5157916279 DDV=    -0.0198132173
it=130	mon=[2, 1]	energy=-74.462601	energy_0=-60.946809
# E=   -74.4626007195 E-DV=   -60.9468090916 DV=   -13.5157916279 DDV=    -0.0198132173
it=130	mon=[2, 1]	energy=-74.462601	energy_0=-60.946809
# E=   -74.4626007195 E-DV=   -60.9468090916 DV=   -13.5157916279 DDV=    -0.0198132173
it=130	mon=[2, 3]	energy=-78.502770	energy_0=-76.915427
# E=   -78.5027697308 E-DV=   -76.9154266443 DV=    -1.5873430864 DDV=    -0.0041004736
it=130	mon=[2, 3]	energy=-78.502770	energy_0=-76.915427
# E=   -78.5027697308 E-DV=   -76.9154266443 DV=    -1.5873430864 DDV=    -0.0041004736
it=130	mon=[2, 3]	energy=-78.502770	energy_0=-76.915427
# E=   -78.5027697308 E-DV=   -76.9154266443 DV=    -1.5873430864 DDV=    -0.0041004736
it=130	mon=[2, 3]	energy=-78.502770	energy_0=-76.915427
# E=   -78.5027697308 E-DV=   -76.9154266443 DV=    -1.5873430864 DDV=    -0.0041004736
it=130	mon=[0, 1]	energy=-73.901601	energy_0=-62.826073
# E=   -73.9016009190 E-DV=   -62.8260725700 DV=   -11.0755283490 DDV=     0.0294256661
it=130	mon=[0, 1]	energy=-73.901601	energy_0=-62.826073
# E=   -73.9016009190 E-DV=   -62.8260725700 DV=   -11.0755283490 DDV=     0.0294256661
it=130it=130	mon=[0, 1]	energy=-73.901601	energy_0=-62.826073
# E=   -73.9016009190 E-DV=   -62.8260725700 DV=   -11.0755283490 DDV=     0.0294256661
	mon=[0, 1]	energy=-73.901601	energy_0=-62.826073
# E=   -73.9016009190 E-DV=   -62.8260725700 DV=   -11.0755283490 DDV=     0.0294256661
it=130	mon=[0, 2]	energy=-71.209688	energy_0=-47.514018
# E=   -71.2096884773 E-DV=   -47.5140175111 DV=   -23.6956709662 DDV=    -0.0195108237
it=130	mon=[0, 2]	energy=-71.209688	energy_0=-47.514018
# E=   -71.2096884773 E-DV=   -47.5140175111 DV=   -23.6956709662 DDV=    -0.0195108237
it=130	mon=[0, 2]	energy=-71.209688	energy_0=-47.514018
# E=   -71.2096884773 E-DV=   -47.5140175111 DV=   -23.6956709662 DDV=    -0.0195108237
it=130	mon=[0, 2]	energy=-71.209688	energy_0=-47.514018
# E=   -71.2096884773 E-DV=   -47.5140175111 DV=   -23.6956709662 DDV=    -0.0195108237
##T    ---- Finish to Calc. Dimer SCF ---- : lap time=  10.490133 ( total etime=  73.889435 )
       ( # of scf dimer = 6 )
        dE0(SCF dimer) =     -44.71099161
##T     ---- Finish to Calc. ES Dimer ---- : lap time=   0.000096 ( total etime=  73.889553 )
    (# of ES dimer = 0)
    dE0(ES dimer) =       0.00000000
    total energy(FMO) =    -154.23615198
##T  -- All workers have been destroyed -- : lap time=   0.000089 ( total etime=  73.889650 )
---- ATOMIC POPULATION DATA -----
   SN AN  ATOMIC POP  NET CHARGE
---------------------------------
    1  6       6.172      -0.172
    2  6       6.257      -0.257
    3  6       6.339      -0.339
    4  6       6.215      -0.215
    5  1       0.959       0.041
    6  1       0.909       0.091
    7  1       0.959       0.041
    8  1       0.844       0.156
    9  1       0.844       0.156
   10  1       0.840       0.160
   11  1       0.840       0.160
   12  1       0.951       0.049
   13  1       0.918       0.082
   14  1       0.951       0.049
---------------------------------
total charge =     -0.000
---------------------------------
##T    -- calc AO and atomic population -- : lap time=   0.000114 ( total etime=  73.889772 )
##T   -- All mservs have been destroyed -- : lap time=   0.000012 ( total etime=  73.889789 )
