Will Run VQE
ngroup       = 4
nioprocs     = 1
niogroup     = 1
nmaxprocs    = 6
group size   = 1
# of threads = 24
nintic       = 2048
input file name       = ./samples/alkane/C4H10_2-2-5_4-4-10.inp
prefix of output file = 
local input dir.      = ./
# of total invoked procs = 6 (=1iog*1iop+1+4gr*1pr)
master host name = gwonhaklee-System-Product-Name
-----------------------------------------------------
 # of data = 11
nfrag = 4
##T                  Finish Initialization : lap time=   0.000299 ( total etime=   0.000299 )
****** LIST OF HOST NAME (MSERV(ID=0))******
rank=  0 : gwonhaklee-System-Product-Name
********************************
##T        Finish to Create Memory Servers : lap time=   0.072876 ( total etime=   0.073182 )
****** LIST OF HOST NAME (WORKER(ID=0)) ******
rank=  0 : gwonhaklee-System-Product-Name
********************************
****** LIST OF HOST NAME (WORKER(ID=1)) ******
rank=  0 : gwonhaklee-System-Product-Name
********************************
****** LIST OF HOST NAME (WORKER(ID=2)) ******
rank=  0 : gwonhaklee-System-Product-Name
********************************
##T               Finish to Create Workers : lap time=   0.234134 ( total etime=   0.307322 )
****** LIST OF HOST NAME (WORKER(ID=3)) ******
rank=  0 : gwonhaklee-System-Product-Name
********************************
##T     Finish to Connect Mservs & Workers : lap time=   0.570991 ( total etime=   0.878324 )
calc. inter-frag distance list = 3
##T    Finish to Calculate Initial Density : lap time=   0.239915 ( total etime=   1.162286 )
---- start SCC (maxscc=30, sccconv=7) ----
it=1	mon=[0]	energy=-22.740903	energy_0=-24.938419
it=1	mon=[2]	energy=-32.634129	energy_0=-22.818323
it=1	mon=[1]	energy=-29.647090	energy_0=-22.891496
it=1	mon=[3]	energy=-41.325378	energy_0=-38.454173
##SCC itera= 1  conv=2  energy =    -126.34750049  energy0 =    -109.10241078  ( 115.695959 )
it=2	mon=[0]	energy=-35.147414	energy_0=-24.825504
it=2	mon=[3]	energy=-41.640424	energy_0=-38.584245
it=2	mon=[1]	energy=-36.088634	energy_0=-22.654214
it=2	mon=[2]	energy=-35.621211	energy_0=-22.915971
##SCC itera= 2  conv=2  energy =    -148.49768258  energy0 =    -108.97993324  ( 112.312142 )
it=3	mon=[0]	energy=-34.993485	energy_0=-24.833098
it=3	mon=[2]	energy=-35.388202	energy_0=-22.985673
it=3	mon=[3]	energy=-41.508735	energy_0=-38.740848
it=3	mon=[1]	energy=-35.450132	energy_0=-22.968460
##SCC itera= 3  conv=2  energy =    -147.34055306  energy0 =    -109.52807820  ( 110.407537 )
it=4	mon=[0]	energy=-35.873770	energy_0=-24.791367
it=4	mon=[3]	energy=-41.243948	energy_0=-38.768925
it=4	mon=[1]	energy=-35.794008	energy_0=-22.966745
it=4	mon=[2]	energy=-35.532709	energy_0=-23.004495
##SCC itera= 4  conv=2  energy =    -148.44443398  energy0 =    -109.53153250  ( 110.172334 )
it=5	mon=[0]	energy=-35.930570	energy_0=-24.788538
it=5	mon=[2]	energy=-35.548161	energy_0=-23.012302
it=5	mon=[1]	energy=-35.804304	energy_0=-22.996527
it=5	mon=[3]	energy=-41.179457	energy_0=-38.787606
##SCC itera= 5  conv=4  energy =    -148.46249209  energy0 =    -109.58497280  ( 112.406596 )
it=6	mon=[0]	energy=-36.044870	energy_0=-24.782456
it=6	mon=[1]	energy=-35.843436	energy_0=-22.998431
it=6	mon=[2]	energy=-35.563311	energy_0=-23.015344
it=6	mon=[3]	energy=-41.139132	energy_0=-38.791242
##SCC itera= 6  conv=4  energy =    -148.59074964  energy0 =    -109.58747292  ( 114.528088 )
it=7	mon=[0]	energy=-36.060922	energy_0=-24.781631
it=7	mon=[2]	energy=-35.564087	energy_0=-23.016369
it=7	mon=[3]	energy=-41.126970	energy_0=-38.793602
it=7	mon=[1]	energy=-35.849639	energy_0=-23.002039
##SCC itera= 7  conv=4  energy =    -148.60161858  energy0 =    -109.59364091  ( 114.347693 )
it=8	mon=[0]	energy=-36.075714	energy_0=-24.780831
it=8	mon=[2]	energy=-35.565915	energy_0=-23.016796
it=8	mon=[1]	energy=-35.854225	energy_0=-23.002543
it=8	mon=[3]	energy=-41.108284	energy_0=-38.781346
##SCC itera= 8  conv=6  energy =    -148.60413801  energy0 =    -109.58151610  ( 113.824108 )
it=9	mon=[0]	energy=-36.078845	energy_0=-24.780667
it=9	mon=[1]	energy=-35.855555	energy_0=-23.003031
it=9	mon=[2]	energy=-35.567059	energy_0=-23.016900
it=9	mon=[3]	energy=-41.106421	energy_0=-38.781663
##SCC itera= 9  conv=6  energy =    -148.60788032  energy0 =    -109.58226032  ( 117.340286 )
it=10	mon=[0]	energy=-36.080878	energy_0=-24.780558
it=10	mon=[1]	energy=-35.856206	energy_0=-23.003125
it=10	mon=[2]	energy=-35.567227	energy_0=-23.016970
it=10	mon=[3]	energy=-41.105633	energy_0=-38.781797
##SCC itera=10  conv=6  energy =    -148.60994379  energy0 =    -109.58244988  ( 112.792042 )
it=11	mon=[0]	energy=-36.081422	energy_0=-24.780530
it=11	mon=[2]	energy=-35.567376	energy_0=-23.016985
it=11	mon=[1]	energy=-35.856414	energy_0=-23.003187
it=11	mon=[3]	energy=-41.105340	energy_0=-38.781841
##SCC itera=11  conv=7  energy =    -148.61055190  energy0 =    -109.58254445  ( 113.820083 )
it=12	mon=[0]	energy=-36.081707	energy_0=-24.780517
it=12	mon=[1]	energy=-35.856508	energy_0=-23.003208
it=12	mon=[2]	energy=-35.567399	energy_0=-23.016998
it=12	mon=[3]	energy=-41.105220	energy_0=-38.781858
##SCC itera=12  conv=7  energy =    -148.61083383  energy0 =    -109.58258099  ( 112.760104 )
it=13	mon=[0]	energy=-36.081792	energy_0=-24.780512
it=13	mon=[2]	energy=-35.567412	energy_0=-23.016997
it=13	mon=[1]	energy=-35.856534	energy_0=-23.003213
it=13	mon=[3]	energy=-41.105176	energy_0=-38.781867
##SCC itera=13  conv=7  energy =    -148.61091407  energy0 =    -109.58259017  ( 117.032104 )
it=14	mon=[0]	energy=-36.081831	energy_0=-24.780507
it=14	mon=[1]	energy=-35.856545	energy_0=-23.003216
it=14	mon=[2]	energy=-35.567414	energy_0=-23.016999
it=14	mon=[3]	energy=-41.105156	energy_0=-38.781868
##SCC itera=14  conv=7  energy =    -148.61094575  energy0 =    -109.58258981  ( 112.300289 )
it=15	mon=[0]	energy=-36.081843	energy_0=-24.780503
it=15	mon=[2]	energy=-35.567417	energy_0=-23.017003
it=15	mon=[1]	energy=-35.856553	energy_0=-23.003219
it=15	mon=[3]	energy=-41.105149	energy_0=-38.781869
##SCC itera=15  conv=7  energy =    -148.61096185  energy0 =    -109.58259350  ( 113.896266 )
it=16	mon=[0]	energy=-36.081849	energy_0=-24.780505
it=16	mon=[1]	energy=-35.856556	energy_0=-23.003221
it=16	mon=[2]	energy=-35.567416	energy_0=-23.017001
##SCC itera=16  conv=7  energy =    -148.61096999  energy0 =    -109.58259618  ( 117.204268 )
it=16	mon=[3]	energy=-41.105149	energy_0=-38.781869
it=17	mon=[0]	energy=-36.081851	energy_0=-24.780503
it=17	mon=[2]	energy=-35.567418	energy_0=-23.017003
it=17	mon=[3]	energy=-41.105147	energy_0=-38.781869
it=17	mon=[1]	energy=-35.856555	energy_0=-23.003220
##SCC itera=17  conv=7  energy =    -148.61097129  energy0 =    -109.58259496  ( 113.060037 )
it=18	mon=[0]	energy=-36.081853	energy_0=-24.780505
it=18	mon=[2]	energy=-35.567418	energy_0=-23.017003
it=18	mon=[1]	energy=-35.856555	energy_0=-23.003220
it=18	mon=[3]	energy=-41.105147	energy_0=-38.781869
##SCC itera=18  conv=7  energy =    -148.61097247  energy0 =    -109.58259672  ( 110.880309 )
it=19	mon=[0]	energy=-36.081853	energy_0=-24.780502
it=19	mon=[2]	energy=-35.567418	energy_0=-23.017003
it=19	mon=[1]	energy=-35.856555	energy_0=-23.003220
it=19	mon=[3]	energy=-41.105147	energy_0=-38.781869
##SCC itera=19  conv=7  energy =    -148.61097207  energy0 =    -109.58259373  ( 112.360270 )
it=20	mon=[0]	energy=-36.081853	energy_0=-24.780505
it=20	mon=[1]	energy=-35.856555	energy_0=-23.003220
it=20	mon=[2]	energy=-35.567418	energy_0=-23.017003
it=20	mon=[3]	energy=-41.105147	energy_0=-38.781869
##SCC itera=20  conv=7  energy =    -148.61097207  energy0 =    -109.58259581  ( 112.252142 )
it=21	mon=[0]	energy=-36.081853	energy_0=-24.780505
it=21	mon=[2]	energy=-35.567418	energy_0=-23.017003
it=21	mon=[1]	energy=-35.856555	energy_0=-23.003220
it=21	mon=[3]	energy=-41.105147	energy_0=-38.781869
##SCC itera=21  conv=7  energy =    -148.61097207  energy0 =    -109.58259581  ( 115.484049 )
==== SCC converged ====
##T         ---- Finish SCC procedure ---- : lap time= 2386.179987 ( total etime= 2387.342286 )
it=130	mon=[0, 3]	energy=-76.791811	energy_0=-63.529950
# E=   -76.7918112659 E-DV=   -63.5299503895 DV=   -13.2618608764 DDV=    -0.0057969470
it=130	mon=[1, 3]	energy=-76.485572	energy_0=-61.548250
# E=   -76.4855716825 E-DV=   -61.5482501734 DV=   -14.9373215091 DDV=    -0.0192077674
it=130	mon=[2, 3]	energy=-78.538276	energy_0=-76.935425
# E=   -78.5382763979 E-DV=   -76.9354253913 DV=    -1.6028510066 DDV=    -0.0060628334
it=130	mon=[2, 1]	energy=-74.475930	energy_0=-60.956226
# E=   -74.4759300088 E-DV=   -60.9562256992 DV=   -13.5197043097 DDV=    -0.0099016633
it=130	mon=[0, 1]	energy=-73.935524	energy_0=-62.853584
# E=   -73.9355243029 E-DV=   -62.8535836223 DV=   -11.0819406806 DDV=     0.0269480044
it=130	mon=[0, 2]	energy=-71.224063	energy_0=-47.542167
# E=   -71.2240633884 E-DV=   -47.5421672270 DV=   -23.6818961614 DDV=    -0.0178503938
##T    ---- Finish to Calc. Dimer SCF ---- : lap time= 875778.952016 ( total etime= 878166.294315 )
       ( # of scf dimer = 6 )
        dE0(SCF dimer) =     -44.64968666
##T     ---- Finish to Calc. ES Dimer ---- : lap time=   0.019924 ( total etime= 878166.314254 )
    (# of ES dimer = 0)
    dE0(ES dimer) =       0.00000000
    total energy(FMO) =    -154.23228247
##T  -- All workers have been destroyed -- : lap time=   0.004064 ( total etime= 878166.318330 )
---- ATOMIC POPULATION DATA -----
   SN AN  ATOMIC POP  NET CHARGE
---------------------------------
    1  6       6.164      -0.164
    2  6       6.284      -0.284
    3  6       6.353      -0.353
    4  6       6.215      -0.215
    5  1       0.957       0.043
    6  1       0.910       0.090
    7  1       0.957       0.043
    8  1       0.838       0.162
    9  1       0.838       0.162
   10  1       0.832       0.168
   11  1       0.832       0.168
   12  1       0.950       0.050
   13  1       0.920       0.080
   14  1       0.950       0.050
---------------------------------
total charge =     -0.000
---------------------------------
##T    -- calc AO and atomic population -- : lap time=   0.000149 ( total etime= 878166.318486 )
##T   -- All mservs have been destroyed -- : lap time=   0.000018 ( total etime= 878166.318508 )
