ngroup       = 5
nioprocs     = 1
niogroup     = 1
nmaxprocs    = 20
group size   = 3
# of threads = 32
nintic       = 2048
input file name       = ./samples/alkane/C5H12_2-2-5_4-4-10_rhf.inp
prefix of output file = 
local input dir.      = ./
# of total invoked procs = 17 (=1iog*1iop+1+5gr*3pr)
master host name = gwonhaklee-X570-AORUS-MASTER
-----------------------------------------------------
 # of data = 11
nfrag = 5
##T                  Finish Initialization : lap time=   0.000208 ( total etime=   0.000208 )
****** LIST OF HOST NAME (MSERV(ID=0))******
rank=  0 : gwonhaklee-X570-AORUS-MASTER
********************************
##T        Finish to Create Memory Servers : lap time=   0.241482 ( total etime=   0.241721 )
****** LIST OF HOST NAME (WORKER(ID=0)) ******
rank=  0 : gwonhaklee-X570-AORUS-MASTER
rank=  1 : gwonhaklee-X570-AORUS-MASTER
rank=  2 : gwonhaklee-X570-AORUS-MASTER
********************************
****** LIST OF HOST NAME (WORKER(ID=1)) ******
rank=  0 : gwonhaklee-X570-AORUS-MASTER
rank=  1 : gwonhaklee-X570-AORUS-MASTER
rank=  2 : gwonhaklee-X570-AORUS-MASTER
********************************
****** LIST OF HOST NAME (WORKER(ID=2)) ******
rank=  0 : gwonhaklee-X570-AORUS-MASTER
rank=  1 : gwonhaklee-X570-AORUS-MASTER
rank=  2 : gwonhaklee-X570-AORUS-MASTER
********************************
****** LIST OF HOST NAME (WORKER(ID=3)) ******
rank=  0 : gwonhaklee-X570-AORUS-MASTER
rank=  1 : gwonhaklee-X570-AORUS-MASTER
rank=  2 : gwonhaklee-X570-AORUS-MASTER
********************************
##T               Finish to Create Workers : lap time=   1.246612 ( total etime=   1.488347 )
****** LIST OF HOST NAME (WORKER(ID=4)) ******
rank=  0 : gwonhaklee-X570-AORUS-MASTER
rank=  1 : gwonhaklee-X570-AORUS-MASTER
rank=  2 : gwonhaklee-X570-AORUS-MASTER
********************************
##T     Finish to Connect Mservs & Workers : lap time=   0.290722 ( total etime=   1.779089 )
calc. inter-frag distance list = 2
##T    Finish to Calculate Initial Density : lap time=   0.107238 ( total etime=   1.890508 )
---- start SCC (maxscc=30, sccconv=7) ----
it=1	mon=[0]	energy=-21.922637	energy_0=-24.900946
it=1	mon=[0]	energy=-21.922637	energy_0=-24.900946
it=1	mon=[0]	energy=-21.922637	energy_0=-24.900946
it=1	mon=[4]	energy=-41.733784	energy_0=-38.389332
it=1	mon=[4]	energy=-41.733784	energy_0=-38.389332
it=1	mon=[4]	energy=-41.733784	energy_0=-38.389332
it=1	mon=[3]	energy=-33.390553	energy_0=-22.755254
it=1	mon=[3]	energy=-33.390553	energy_0=-22.755254
it=1	mon=[3]	energy=-33.390553	energy_0=-22.755254
it=1	mon=[2]	energy=-30.988486	energy_0=-22.482651
it=1	mon=[2]	energy=-30.988486	energy_0=-22.482651
it=1	mon=[2]	energy=-30.988486	energy_0=-22.482651
it=1	mon=[1]	energy=-22.452864	energy_0=-22.629504
it=1	mon=[1]	energy=-22.452864	energy_0=-22.629504
it=1	mon=[1]	energy=-22.452864	energy_0=-22.629504
##SCC itera= 1  conv=2  energy =    -150.48832488  energy0 =    -131.15768683  (   4.360865 )
it=2	mon=[4]	energy=-41.968935	energy_0=-38.573324
it=2	it=2	mon=[4]	energy=-41.968935	energy_0=-38.573324
mon=[4]	energy=-41.968935	energy_0=-38.573324
it=2	mon=[0]	energy=-34.367259	energy_0=-24.831424
it=2	mon=[0]	energy=-34.367259	energy_0=-24.831424
it=2	mon=[0]	energy=-34.367259	energy_0=-24.831424
it=2	mon=[3]	energy=-35.791908	energy_0=-22.859017
it=2	mon=[3]	energy=-35.791908	energy_0=-22.859017
it=2	mon=[3]	energy=-35.791908	energy_0=-22.859017
it=2it=2	mon=[2]	energy=-35.964854	energy_0=-22.677938
it=2	mon=[2]	energy=-35.964854	energy_0=-22.677938
	mon=[2]	energy=-35.964854	energy_0=-22.677938
it=2	mon=[1]	energy=-35.687342	energy_0=-22.587823
it=2	mon=[1]	energy=-35.687342	energy_0=-22.587823
it=2	mon=[1]	energy=-35.687342	energy_0=-22.587823
##SCC itera= 2  conv=2  energy =    -183.78029698  energy0 =    -131.52952479  (   3.484324 )
it=3	mon=[4]	energy=-41.545567	energy_0=-38.718822
it=3	mon=[4]	energy=-41.545567	energy_0=-38.718822
it=3	mon=[4]	energy=-41.545567	energy_0=-38.718822
it=3	mon=[3]	energy=-35.373580	energy_0=-22.948819
it=3	mon=[3]	energy=-35.373580	energy_0=-22.948819
it=3	mon=[3]	energy=-35.373580	energy_0=-22.948819
it=3	mon=[0]	energy=-34.993401	energy_0=-24.818982
it=3	mon=[0]	energy=-34.993401	energy_0=-24.818982
it=3	mon=[0]	energy=-34.993401	energy_0=-24.818982
it=3	mon=[2]	energy=-35.525369	energy_0=-22.955045
it=3	mon=[2]	energy=-35.525369	energy_0=-22.955045
it=3	mon=[2]	energy=-35.525369	energy_0=-22.955045
it=3	mon=[1]	energy=-35.396066	energy_0=-22.924321
it=3	mon=[1]	energy=-35.396066	energy_0=-22.924321
it=3	mon=[1]	energy=-35.396066	energy_0=-22.924321
##SCC itera= 3  conv=2  energy =    -182.83398394  energy0 =    -132.36598909  (   3.314295 )
it=4	mon=[4]	energy=-41.191440	energy_0=-38.756833
it=4	mon=[4]	energy=-41.191440	energy_0=-38.756833
it=4	mon=[4]	energy=-41.191440	energy_0=-38.756833
it=4	mon=[0]	energy=-35.994570	energy_0=-24.771550
it=4	mon=[0]	energy=-35.994570	energy_0=-24.771550
it=4	mon=[0]	energy=-35.994570	energy_0=-24.771550
it=4	mon=[2]	energy=-35.647719	energy_0=-23.010197
it=4	mon=[2]	energy=-35.647719	energy_0=-23.010197
it=4	mon=[2]	energy=-35.647719	energy_0=-23.010197
it=4	mon=[3]	energy=-35.359687	energy_0=-22.980074
it=4	mon=[3]	energy=-35.359687	energy_0=-22.980074
it=4	mon=[3]	energy=-35.359687	energy_0=-22.980074
it=4	mon=[1]	energy=-36.161280	energy_0=-22.951910
it=4	mon=[1]	energy=-36.161280	energy_0=-22.951910
it=4	mon=[1]	energy=-36.161280	energy_0=-22.951910
##SCC itera= 4  conv=2  energy =    -184.35469753  energy0 =    -132.47056321  (   2.723923 )
it=5	mon=[0]	energy=-36.223951	energy_0=-24.759243
it=5	mon=[0]	energy=-36.223951	energy_0=-24.759243
it=5	mon=[0]	energy=-36.223951	energy_0=-24.759243
it=5	mon=[3]	energy=-35.335959	energy_0=-22.992151
it=5	mon=[3]	energy=-35.335959	energy_0=-22.992151
it=5	mon=[3]	energy=-35.335959	energy_0=-22.992151
it=5	mon=[1]	energy=-36.256609	energy_0=-22.985663
it=5	mon=[1]	energy=-36.256609	energy_0=-22.985663
it=5	mon=[1]	energy=-36.256609	energy_0=-22.985663
it=5	mon=[2]	energy=-35.672055	energy_0=-23.039044
it=5	mon=[2]	energy=-35.672055	energy_0=-23.039044
it=5	mon=[2]	energy=-35.672055	energy_0=-23.039044
it=5	mon=[4]	energy=-41.062292	energy_0=-38.775432
it=5	mon=[4]	energy=-41.062292	energy_0=-38.775432
it=5	mon=[4]	energy=-41.062292	energy_0=-38.775432
##SCC itera= 5  conv=2  energy =    -184.55086540  energy0 =    -132.55153194  (   2.623706 )
it=6	mon=[4]	energy=-40.999752	energy_0=-38.781648
it=6it=6	mon=[4]	energy=-40.999752	energy_0=-38.781648
	mon=[4]	energy=-40.999752	energy_0=-38.781648
it=6	mon=[0]	energy=-36.381687	energy_0=-24.752031
it=6	mon=[0]	energy=-36.381687	energy_0=-24.752031
it=6	mon=[0]	energy=-36.381687	energy_0=-24.752031
it=6	mon=[1]	energy=-36.351031	energy_0=-22.997001
it=6	mon=[1]	energy=-36.351031	energy_0=-22.997001
it=6	mon=[1]	energy=-36.351031	energy_0=-22.997001
it=6	mon=[3]	energy=-35.322966	energy_0=-22.997891
it=6	mon=[3]	energy=-35.322966	energy_0=-22.997891
it=6	mon=[3]	energy=-35.322966	energy_0=-22.997891
it=6	mon=[2]	energy=-35.679514	energy_0=-23.052472
it=6it=6	mon=[2]	energy=-35.679514	energy_0=-23.052472
	mon=[2]	energy=-35.679514	energy_0=-23.052472
##SCC itera= 6  conv=4  energy =    -184.73494914  energy0 =    -132.58104331  (   3.811259 )
it=7	mon=[0]	energy=-36.444758	energy_0=-24.748602
it=7	mon=[0]	energy=-36.444758	energy_0=-24.748602
it=7	mon=[0]	energy=-36.444758	energy_0=-24.748602
it=7	mon=[4]	energy=-40.971499	energy_0=-38.784402
it=7	mon=[4]	energy=-40.971499	energy_0=-38.784402
it=7	mon=[4]	energy=-40.971499	energy_0=-38.784402
it=7	mon=[3]	energy=-35.313486	energy_0=-23.000044
it=7	mon=[3]	energy=-35.313486	energy_0=-23.000044
it=7	mon=[3]	energy=-35.313486	energy_0=-23.000044
it=7	mon=[2]	energy=-35.683578	energy_0=-23.057196
it=7	mon=[2]	energy=-35.683578	energy_0=-23.057196
it=7	mon=[2]	energy=-35.683578	energy_0=-23.057196
it=7	mon=[1]	energy=-36.388222	energy_0=-23.001461
it=7	mon=[1]	energy=-36.388222	energy_0=-23.001461
it=7	mon=[1]	energy=-36.388222	energy_0=-23.001461
##SCC itera= 7  conv=4  energy =    -184.80154352  energy0 =    -132.59170497  (   3.430507 )
it=8	mon=[0]	energy=-36.471263	energy_0=-24.747148
it=8	mon=[0]	energy=-36.471263	energy_0=-24.747148
it=8	mon=[0]	energy=-36.471263	energy_0=-24.747148
it=8	mon=[3]	energy=-35.309691	energy_0=-23.000996
it=8	mon=[3]	energy=-35.309691	energy_0=-23.000996
it=8	mon=[3]	energy=-35.309691	energy_0=-23.000996
it=8	mon=[4]	energy=-40.959998	energy_0=-38.785452
it=8	mon=[4]	energy=-40.959998	energy_0=-38.785452
it=8	mon=[4]	energy=-40.959998	energy_0=-38.785452
it=8	mon=[2]	energy=-35.683938	energy_0=-23.059203
it=8	mon=[2]	energy=-35.683938	energy_0=-23.059203
it=8	mon=[2]	energy=-35.683938	energy_0=-23.059203
it=8	mon=[1]	energy=-36.402088	energy_0=-23.003335
it=8	mon=[1]	energy=-36.402088	energy_0=-23.003335
it=8	mon=[1]	energy=-36.402088	energy_0=-23.003335
##SCC itera= 8  conv=4  energy =    -184.82697838  energy0 =    -132.59613434  (   3.199125 )
it=9	mon=[4]	energy=-40.955142	energy_0=-38.785900
it=9	mon=[4]	energy=-40.955142	energy_0=-38.785900
it=9	mon=[4]	energy=-40.955142	energy_0=-38.785900
it=9	mon=[1]	energy=-36.407950	energy_0=-23.004162
it=9	mon=[1]	energy=-36.407950	energy_0=-23.004162
it=9	mon=[1]	energy=-36.407950	energy_0=-23.004162
it=9	mon=[0]	energy=-36.482230	energy_0=-24.746546
it=9	mon=[0]	energy=-36.482230	energy_0=-24.746546
it=9	mon=[0]	energy=-36.482230	energy_0=-24.746546
it=9	mon=[2]	energy=-35.684400	energy_0=-23.060030
it=9	mon=[2]	energy=-35.684400	energy_0=-23.060030
it=9	mon=[2]	energy=-35.684400	energy_0=-23.060030
it=9	mon=[3]	energy=-35.307937	energy_0=-23.001387
it=9it=9	mon=[3]	energy=-35.307937	energy_0=-23.001387
	mon=[3]	energy=-35.307937	energy_0=-23.001387
##SCC itera= 9  conv=6  energy =    -184.83765744  energy0 =    -132.59802548  (   4.226299 )
it=10it=10	mon=[0]	energy=-36.486903	energy_0=-24.746287
it=10	mon=[0]	energy=-36.486903	energy_0=-24.746287
	mon=[0]	energy=-36.486903	energy_0=-24.746287
it=10	mon=[4]	energy=-40.953119	energy_0=-38.786079
it=10	mon=[4]	energy=-40.953119	energy_0=-38.786079
it=10	mon=[4]	energy=-40.953119	energy_0=-38.786079
it=10	mon=[3]	energy=-35.307217	energy_0=-23.001550
it=10	mon=[3]	energy=-35.307217	energy_0=-23.001550
it=10	mon=[3]	energy=-35.307217	energy_0=-23.001550
it=10	mon=[2]	energy=-35.684525	energy_0=-23.060371
it=10	mon=[2]	energy=-35.684525	energy_0=-23.060371
it=10	mon=[2]	energy=-35.684525	energy_0=-23.060371
it=10	mon=[1]	energy=-36.410372	energy_0=-23.004491
it=10	mon=[1]	energy=-36.410372	energy_0=-23.004491
it=10	mon=[1]	energy=-36.410372	energy_0=-23.004491
##SCC itera=10  conv=6  energy =    -184.84213564  energy0 =    -132.59877888  (   4.007820 )
it=11	mon=[4]	energy=-40.952279	energy_0=-38.786155
it=11	mon=[4]	energy=-40.952279	energy_0=-38.786155
it=11	mon=[4]	energy=-40.952279	energy_0=-38.786155
it=11	mon=[0]	energy=-36.488819	energy_0=-24.746181
it=11	mon=[0]	energy=-36.488819	energy_0=-24.746181
it=11	mon=[0]	energy=-36.488819	energy_0=-24.746181
it=11	mon=[3]	energy=-35.306903	energy_0=-23.001618
it=11	mon=[3]	energy=-35.306903	energy_0=-23.001618
it=11	mon=[3]	energy=-35.306903	energy_0=-23.001618
it=11	mon=[1]	energy=-36.411357	energy_0=-23.004632
it=11	mon=[1]	energy=-36.411357	energy_0=-23.004632
it=11	mon=[1]	energy=-36.411357	energy_0=-23.004632
it=11	mon=[2]	energy=-35.684577	energy_0=-23.060513
it=11	mon=[2]	energy=-35.684577	energy_0=-23.060513
it=11	mon=[2]	energy=-35.684577	energy_0=-23.060513
##SCC itera=11  conv=6  energy =    -184.84393563  energy0 =    -132.59909742  (   3.807400 )
it=12	mon=[0]	energy=-36.489624	energy_0=-24.746136
it=12	mon=[0]	energy=-36.489624	energy_0=-24.746136
it=12	mon=[0]	energy=-36.489624	energy_0=-24.746136
it=12	mon=[4]	energy=-40.951930	energy_0=-38.786186
it=12	mon=[4]	energy=-40.951930	energy_0=-38.786186
it=12	mon=[4]	energy=-40.951930	energy_0=-38.786186
it=12	mon=[3]	energy=-35.306773	energy_0=-23.001646
it=12	mon=[3]	energy=-35.306773	energy_0=-23.001646
it=12	mon=[3]	energy=-35.306773	energy_0=-23.001646
it=12	mon=[1]	energy=-36.411771	energy_0=-23.004689
it=12	mon=[1]	energy=-36.411771	energy_0=-23.004689
it=12	mon=[1]	energy=-36.411771	energy_0=-23.004689
it=12	mon=[2]	energy=-35.684597	energy_0=-23.060572
it=12	mon=[2]	energy=-35.684597	energy_0=-23.060572
it=12	mon=[2]	energy=-35.684597	energy_0=-23.060572
##SCC itera=12  conv=7  energy =    -184.84469491  energy0 =    -132.59922802  (   4.030477 )
it=13	mon=[3]	energy=-35.306719	energy_0=-23.001658
it=13	mon=[3]	energy=-35.306719	energy_0=-23.001658
it=13	mon=[3]	energy=-35.306719	energy_0=-23.001658
it=13	mon=[0]	energy=-36.489956	energy_0=-24.746117
it=13	mon=[0]	energy=-36.489956	energy_0=-24.746117
it=13	mon=[0]	energy=-36.489956	energy_0=-24.746117
it=13	mon=[1]	energy=-36.411942	energy_0=-23.004713
it=13	mon=[1]	energy=-36.411942	energy_0=-23.004713
it=13	mon=[1]	energy=-36.411942	energy_0=-23.004713
it=13	mon=[4]	energy=-40.951784	energy_0=-38.786198
it=13	mon=[4]	energy=-40.951784it=13	mon=[4]	energy=-40.951784	energy_0=-38.786198
	energy_0=-38.786198
it=13	mon=[2]	energy=-35.684605	energy_0=-23.060596
it=13	mon=[2]	energy=-35.684605	energy_0=-23.060596
it=13	mon=[2]	energy=-35.684605	energy_0=-23.060596
##SCC itera=13  conv=7  energy =    -184.84500580  energy0 =    -132.59928273  (   4.049018 )
it=14	mon=[4]	energy=-40.951724	energy_0=-38.786204
it=14	mon=[4]	energy=-40.951724	energy_0=-38.786204
it=14	mon=[4]	energy=-40.951724	energy_0=-38.786204
it=14	mon=[0]	energy=-36.490095	energy_0=-24.746110
it=14	mon=[0]	energy=-36.490095	energy_0=-24.746110
it=14	mon=[0]	energy=-36.490095	energy_0=-24.746110
it=14	mon=[2]	energy=-35.684608	energy_0=-23.060606
it=14	mon=[2]	energy=-35.684608	energy_0=-23.060606
it=14	mon=[2]	energy=-35.684608	energy_0=-23.060606
it=14	mon=[3]	energy=-35.306696	energy_0=-23.001663
it=14	mon=[3]	energy=-35.306696	energy_0=-23.001663
it=14	mon=[3]	energy=-35.306696	energy_0=-23.001663
it=14	mon=[1]	energy=-36.412013	energy_0=-23.004723
it=14	mon=[1]	energy=-36.412013	energy_0=-23.004723
it=14	mon=[1]	energy=-36.412013	energy_0=-23.004723
##SCC itera=14  conv=7  energy =    -184.84513589  energy0 =    -132.59930530  (   3.803490 )
it=15	mon=[3]	energy=-35.306686	energy_0=-23.001665
it=15	mon=[3]	energy=-35.306686	energy_0=-23.001665
it=15	mon=[3]	energy=-35.306686	energy_0=-23.001665
it=15	mon=[4]	energy=-40.951699	energy_0=-38.786206
it=15	mon=[4]	energy=-40.951699	energy_0=-38.786206
it=15	mon=[4]	energy=-40.951699	energy_0=-38.786206
it=15	mon=[0]	energy=-36.490152	energy_0=-24.746107
it=15	mon=[0]	energy=-36.490152	energy_0=-24.746107
it=15	mon=[0]	energy=-36.490152	energy_0=-24.746107
it=15	mon=[2]	energy=-35.684610	energy_0=-23.060610
it=15	mon=[2]	energy=-35.684610	energy_0=-23.060610
it=15	mon=[2]	energy=-35.684610	energy_0=-23.060610
it=15	mon=[1]	energy=-36.412042	energy_0=-23.004727
it=15	mon=[1]	energy=-36.412042	energy_0=-23.004727
it=15	mon=[1]	energy=-36.412042	energy_0=-23.004727
##SCC itera=15  conv=7  energy =    -184.84518959  energy0 =    -132.59931472  (   3.507555 )
it=16it=16	mon=[0]	energy=-36.490176	energy_0=-24.746105
	mon=[0]	energy=-36.490176	energy_0=-24.746105
it=16	mon=[0]	energy=-36.490176	energy_0=-24.746105
it=16	mon=[4]	energy=-40.951689	energy_0=-38.786207
it=16	mon=[4]	energy=-40.951689	energy_0=-38.786207
it=16	mon=[4]	energy=-40.951689	energy_0=-38.786207
it=16	mon=[2]	energy=-35.684610	energy_0=-23.060612
it=16	mon=[2]	energy=-35.684610	energy_0=-23.060612
it=16	mon=[2]	energy=-35.684610	energy_0=-23.060612
it=16	mon=[3]	energy=-35.306682	energy_0=-23.001666
it=16	mon=[3]	energy=-35.306682	energy_0=-23.001666
it=16	mon=[3]	energy=-35.306682	energy_0=-23.001666
it=16	mon=[1]	energy=-36.412055	energy_0=-23.004729
it=16	mon=[1]	energy=-36.412055	energy_0=-23.004729
it=16	mon=[1]	energy=-36.412055	energy_0=-23.004729
##SCC itera=16  conv=7  energy =    -184.84521194  energy0 =    -132.59931853  (   3.038855 )
it=17	mon=[0]	energy=-36.490186	energy_0=-24.746105
it=17	mon=[0]	energy=-36.490186	energy_0=-24.746105
it=17	mon=[0]	energy=-36.490186	energy_0=-24.746105
it=17	mon=[1]	energy=-36.412060	energy_0=-23.004730
it=17	mon=[1]	energy=-36.412060	energy_0=-23.004730
it=17	mon=[1]	energy=-36.412060	energy_0=-23.004730
it=17	mon=[3]	energy=-35.306681	energy_0=-23.001666
it=17	mon=[3]	energy=-35.306681	energy_0=-23.001666
it=17	mon=[3]	energy=-35.306681	energy_0=-23.001666
it=17	mon=[4]	energy=-40.951684	energy_0=-38.786207
it=17it=17	mon=[4]	energy=-40.951684	energy_0=-38.786207
	mon=[4]	energy=-40.951684	energy_0=-38.786207
it=17	mon=[2]	energy=-35.684610	energy_0=-23.060613
it=17	mon=[2]	energy=-35.684610	energy_0=-23.060613
it=17	mon=[2]	energy=-35.684610	energy_0=-23.060613
##SCC itera=17  conv=7  energy =    -184.84522099  energy0 =    -132.59932022  (   2.990128 )
it=18	mon=[1]	energy=-36.412062	energy_0=-23.004730
it=18	mon=[1]	energy=-36.412062	energy_0=-23.004730
it=18	mon=[1]	energy=-36.412062	energy_0=-23.004730
it=18	mon=[0]	energy=-36.490190	energy_0=-24.746104
it=18	mon=[0]	energy=-36.490190	energy_0=-24.746104
it=18	mon=[0]	energy=-36.490190	energy_0=-24.746104
it=18	mon=[4]	energy=-40.951683	energy_0=-38.786207
it=18	mon=[4]	energy=-40.951683	energy_0=-38.786207
it=18	mon=[4]	energy=-40.951683	energy_0=-38.786207
it=18	mon=[3]	energy=-35.306680	energy_0=-23.001666
it=18	mon=[3]	energy=-35.306680	energy_0=-23.001666
it=18	mon=[3]	energy=-35.306680	energy_0=-23.001666
it=18	mon=[2]	energy=-35.684611	energy_0=-23.060613
it=18	mon=[2]	energy=-35.684611	energy_0=-23.060613
it=18	mon=[2]	energy=-35.684611	energy_0=-23.060613
##SCC itera=18  conv=7  energy =    -184.84522498  energy0 =    -132.59932085  (   2.707532 )
it=19	mon=[2]	energy=-35.684611	energy_0=-23.060613
it=19	mon=[2]	energy=-35.684611	energy_0=-23.060613
it=19	mon=[2]	energy=-35.684611	energy_0=-23.060613
it=19	mon=[1]	energy=-36.412063	energy_0=-23.004730
it=19	mon=[1]	energy=-36.412063	energy_0=-23.004730
it=19	mon=[1]	energy=-36.412063	energy_0=-23.004730
it=19	mon=[3]	energy=-35.306680	energy_0=-23.001666
it=19	mon=[3]	energy=-35.306680	energy_0=-23.001666
it=19	mon=[3]	energy=-35.306680	energy_0=-23.001666
it=19	mon=[0]	energy=-36.490192	energy_0=-24.746104
it=19	mon=[0]	energy=-36.490192	energy_0=-24.746104
it=19	mon=[0]	energy=-36.490192	energy_0=-24.746104
it=19	mon=[4]	energy=-40.951682	energy_0=-38.786207
it=19	mon=[4]	energy=-40.951682	energy_0=-38.786207
it=19	mon=[4]	energy=-40.951682	energy_0=-38.786207
##SCC itera=19  conv=7  energy =    -184.84522651  energy0 =    -132.59932114  (   2.541543 )
it=20	mon=[1]	energy=-36.412063	energy_0=-23.004730
it=20	mon=[1]	energy=-36.412063	energy_0=-23.004730
it=20	mon=[1]	energy=-36.412063	energy_0=-23.004730
it=20it=20	mon=[0]	energy=-36.490192	energy_0=-24.746104
	mon=[0]	energy=-36.490192	energy_0=-24.746104
it=20	mon=[0]	energy=-36.490192	energy_0=-24.746104
it=20it=20	mon=[4]	energy=-40.951681	energy_0=-38.786208
it=20	mon=[4]	energy=-40.951681	energy_0=-38.786208
	mon=[4]	energy=-40.951681	energy_0=-38.786208
it=20	mon=[2]	energy=-35.684611	energy_0=-23.060613
it=20	mon=[2]	energy=-35.684611	energy_0=-23.060613
it=20	mon=[2]	energy=-35.684611	energy_0=-23.060613
it=20	mon=[3]	energy=-35.306680	energy_0=-23.001666
it=20	mon=[3]	energy=-35.306680	energy_0=-23.001666
it=20	mon=[3]	energy=-35.306680	energy_0=-23.001666
##SCC itera=20  conv=7  energy =    -184.84522721  energy0 =    -132.59932128  (   2.443255 )
it=21	mon=[2]	energy=-35.684611	energy_0=-23.060613
it=21	mon=[2]	energy=-35.684611	energy_0=-23.060613
it=21	mon=[2]	energy=-35.684611	energy_0=-23.060613
it=21	mon=[0]	energy=-36.490193	energy_0=-24.746104
it=21	mon=[0]	energy=-36.490193	energy_0=-24.746104
it=21	mon=[0]	energy=-36.490193	energy_0=-24.746104
it=21	mon=[1]	energy=-36.412063	energy_0=-23.004730
it=21	mon=[1]	energy=-36.412063	energy_0=-23.004730
it=21	mon=[1]	energy=-36.412063	energy_0=-23.004730
it=21	mon=[4]	energy=-40.951681	energy_0=-38.786208
it=21	mon=[4]	energy=-40.951681	energy_0=-38.786208
it=21	mon=[4]	energy=-40.951681	energy_0=-38.786208
it=21	mon=[3]	energy=-35.306680	energy_0=-23.001666
it=21	mon=[3]	energy=-35.306680	energy_0=-23.001666
it=21	mon=[3]	energy=-35.306680	energy_0=-23.001666
##SCC itera=21  conv=7  energy =    -184.84522754  energy0 =    -132.59932135  (   2.448439 )
==== SCC converged ====
##T         ---- Finish SCC procedure ---- : lap time=  70.595378 ( total etime=  72.485905 )
it=130	mon=[3, 1]	energy=-71.596352	energy_0=-45.737106
# E=   -71.5963517706 E-DV=   -45.7371057309 DV=   -25.8592460397 DDV=    -0.0320466486
it=130	mon=[3, 1]	energy=-71.596352	energy_0=-45.737106
# E=   -71.5963517706 E-DV=   -45.7371057309 DV=   -25.8592460397 DDV=    -0.0320466486
it=130	mon=[3, 1]	energy=-71.596352	energy_0=-45.737106
# E=   -71.5963517706 E-DV=   -45.7371057309 DV=   -25.8592460397 DDV=    -0.0320466486
it=130	mon=[1, 4]	energy=-77.170628	energy_0=-61.768764
# E=   -77.1706276055 E-DV=   -61.7687641362 DV=   -15.4018634693 DDV=    -0.0124308445
it=130	mon=[1, 4]	energy=-77.170628	energy_0=-61.768764
# E=   -77.1706276055 E-DV=   -61.7687641362 DV=   -15.4018634693 DDV=    -0.0124308445
it=130	mon=[1, 4]	energy=-77.170628	energy_0=-61.768764
# E=   -77.1706276055 E-DV=   -61.7687641362 DV=   -15.4018634693 DDV=    -0.0124308445
it=130	mon=[2, 4]	energy=-76.184285	energy_0=-61.607068
# E=   -76.1842845113 E-DV=   -61.6070678414 DV=   -14.5772166699 DDV=    -0.0190321572
it=130	mon=[2, 4]	energy=-76.184285	energy_0=-61.607068
# E=   -76.1842845113 E-DV=   -61.6070678414 DV=   -14.5772166699 DDV=    -0.0190321572
it=130	mon=[2, 4]	energy=-76.184285	energy_0=-61.607068
# E=   -76.1842845113 E-DV=   -61.6070678414 DV=   -14.5772166699 DDV=    -0.0190321572
it=130	mon=[3, 4]	energy=-78.120926	energy_0=-76.923333
# E=   -78.1209261395 E-DV=   -76.9233329607 DV=    -1.1975931788 DDV=    -0.0061649607
it=130	mon=[3, 4]	energy=-78.120926	energy_0=-76.923333
# E=   -78.1209261395 E-DV=   -76.9233329607 DV=    -1.1975931788 DDV=    -0.0061649607
it=130	mon=[3, 4]	energy=-78.120926	energy_0=-76.923333
# E=   -78.1209261395 E-DV=   -76.9233329607 DV=    -1.1975931788 DDV=    -0.0061649607
it=130	mon=[2, 1]	energy=-74.507795	energy_0=-61.232870
# E=   -74.5077949115 E-DV=   -61.2328696820 DV=   -13.2749252295 DDV=     0.0067716641
it=130	mon=[2, 1]	energy=-74.507795	energy_0=-61.232870
# E=   -74.5077949115 E-DV=   -61.2328696820 DV=   -13.2749252295 DDV=     0.0067716641
it=130	mon=[2, 1]	energy=-74.507795	energy_0=-61.232870
# E=   -74.5077949115 E-DV=   -61.2328696820 DV=   -13.2749252295 DDV=     0.0067716641
it=130	mon=[0, 4]	energy=-77.275460	energy_0=-63.529203
# E=   -77.2754604452 E-DV=   -63.5292030926 DV=   -13.7462573526 DDV=     0.0000224927
it=130	mon=[0, 4]	energy=-77.275460	energy_0=-63.529203
# E=   -77.2754604452 E-DV=   -63.5292030926 DV=   -13.7462573526 DDV=     0.0000224927
it=130	mon=[0, 4]	energy=-77.275460	energy_0=-63.529203
# E=   -77.2754604452 E-DV=   -63.5292030926 DV=   -13.7462573526 DDV=     0.0000224927
it=130	mon=[3, 2]	energy=-74.081623	energy_0=-61.027023
# E=   -74.0816225526 E-DV=   -61.0270230217 DV=   -13.0545995309 DDV=    -0.0088426617
it=130	mon=[3, 2]	energy=-74.081623	energy_0=-61.027023
# E=   -74.0816225526 E-DV=   -61.0270230217 DV=   -13.0545995309 DDV=    -0.0088426617
it=130	mon=[3, 2]	energy=-74.081623	energy_0=-61.027023
# E=   -74.0816225526 E-DV=   -61.0270230217 DV=   -13.0545995309 DDV=    -0.0088426617
it=130	mon=[0, 3]	energy=-71.577246	energy_0=-47.719758
# E=   -71.5772461411 E-DV=   -47.7197582461 DV=   -23.8574878949 DDV=    -0.0078410214
it=130	mon=[0, 3]	energy=-71.577246	energy_0=-47.719758
# E=   -71.5772461411 E-DV=   -47.7197582461 DV=   -23.8574878949 DDV=    -0.0078410214
it=130	mon=[0, 3]	energy=-71.577246	energy_0=-47.719758
# E=   -71.5772461411 E-DV=   -47.7197582461 DV=   -23.8574878949 DDV=    -0.0078410214
it=130	mon=[0, 1]	energy=-74.861315	energy_0=-62.812992
# E=   -74.8613146436 E-DV=   -62.8129923436 DV=   -12.0483223000 DDV=     0.0294940081
it=130	mon=[0, 1]	energy=-74.861315	energy_0=-62.812992
# E=   -74.8613146436 E-DV=   -62.8129923436 DV=   -12.0483223000 DDV=     0.0294940081
it=130	mon=[0, 1]	energy=-74.861315	energy_0=-62.812992
# E=   -74.8613146436 E-DV=   -62.8129923436 DV=   -12.0483223000 DDV=     0.0294940081
it=130	mon=[0, 2]	energy=-71.352632	energy_0=-47.575212
# E=   -71.3526316024 E-DV=   -47.5752117675 DV=   -23.7774198349 DDV=    -0.0071423340
it=130	mon=[0, 2]	energy=-71.352632	energy_0=-47.575212
# E=   -71.3526316024 E-DV=   -47.5752117675 DV=   -23.7774198349 DDV=    -0.0071423340
it=130	mon=[0, 2]	energy=-71.352632	energy_0=-47.575212
# E=   -71.3526316024 E-DV=   -47.5752117675 DV=   -23.7774198349 DDV=    -0.0071423340
##T    ---- Finish to Calc. Dimer SCF ---- : lap time=  12.921889 ( total etime=  85.407801 )
       ( # of scf dimer = 10 )
        dE0(SCF dimer) =     -59.59325588
##T     ---- Finish to Calc. ES Dimer ---- : lap time=   0.000141 ( total etime=  85.407974 )
    (# of ES dimer = 0)
    dE0(ES dimer) =       0.00000000
    total energy(FMO) =    -192.19257723
##T  -- All workers have been destroyed -- : lap time=   0.000330 ( total etime=  85.408313 )
---- ATOMIC POPULATION DATA -----
   SN AN  ATOMIC POP  NET CHARGE
---------------------------------
    1  6       6.186      -0.186
    2  6       6.231      -0.231
    3  6       6.265      -0.265
    4  6       6.327      -0.327
    5  6       6.214      -0.214
    6  1       0.937       0.063
    7  1       0.899       0.101
    8  1       0.937       0.063
    9  1       0.850       0.150
   10  1       0.850       0.150
   11  1       0.885       0.115
   12  1       0.885       0.115
   13  1       0.847       0.153
   14  1       0.847       0.153
   15  1       0.958       0.042
   16  1       0.927       0.073
   17  1       0.958       0.042
---------------------------------
total charge =     -0.000
---------------------------------
##T    -- calc AO and atomic population -- : lap time=   0.000235 ( total etime=  85.408558 )
##T   -- All mservs have been destroyed -- : lap time=   0.000038 ( total etime=  85.408605 )
