Will Run VQE
ngroup       = 5
nioprocs     = 1
niogroup     = 1
nmaxprocs    = 7
group size   = 1
# of threads = 24
nintic       = 2048
input file name       = ./samples/alkane/C5H12_2-2-5_4-4-10.inp
prefix of output file = 
local input dir.      = ./
# of total invoked procs = 7 (=1iog*1iop+1+5gr*1pr)
master host name = gwonhaklee-System-Product-Name
-----------------------------------------------------
 # of data = 11
nfrag = 5
##T                  Finish Initialization : lap time=   0.000127 ( total etime=   0.000127 )
****** LIST OF HOST NAME (MSERV(ID=0))******
rank=  0 : gwonhaklee-System-Product-Name
********************************
##T        Finish to Create Memory Servers : lap time=   0.053972 ( total etime=   0.054104 )
****** LIST OF HOST NAME (WORKER(ID=0)) ******
rank=  0 : gwonhaklee-System-Product-Name
********************************
****** LIST OF HOST NAME (WORKER(ID=1)) ******
rank=  0 : gwonhaklee-System-Product-Name
********************************
****** LIST OF HOST NAME (WORKER(ID=2)) ******
rank=  0 : gwonhaklee-System-Product-Name
********************************
****** LIST OF HOST NAME (WORKER(ID=3)) ******
rank=  0 : gwonhaklee-System-Product-Name
********************************
##T               Finish to Create Workers : lap time=   0.533320 ( total etime=   0.587429 )
****** LIST OF HOST NAME (WORKER(ID=4)) ******
rank=  0 : gwonhaklee-System-Product-Name
********************************
##T     Finish to Connect Mservs & Workers : lap time=   0.565803 ( total etime=   1.153241 )
calc. inter-frag distance list = 0
##T    Finish to Calculate Initial Density : lap time=   0.373522 ( total etime=   1.586985 )
---- start SCC (maxscc=30, sccconv=7) ----
it=1	mon=[0]	energy=-21.932157	energy_0=-24.912391
it=1	mon=[3]	energy=-33.411834	energy_0=-22.774677
it=1	mon=[1]	energy=-22.503292	energy_0=-22.672802
it=1	mon=[4]	energy=-41.743899	energy_0=-38.399144
it=1	mon=[2]	energy=-31.020604	energy_0=-22.504726
##SCC itera= 1  conv=2  energy =    -150.61178565  energy0 =    -131.26373887  ( 136.058162 )
it=2	mon=[0]	energy=-34.379769	energy_0=-24.850585
it=2	mon=[3]	energy=-35.807616	energy_0=-22.875167
it=2	mon=[4]	energy=-41.970194	energy_0=-38.582347
it=2	mon=[2]	energy=-35.993733	energy_0=-22.694556
it=2	mon=[1]	energy=-35.697614	energy_0=-22.607263
##SCC itera= 2  conv=2  energy =    -183.84892515  energy0 =    -131.60991845  ( 130.661444 )
it=3	mon=[0]	energy=-34.988062	energy_0=-24.838257
it=3	mon=[3]	energy=-35.412813	energy_0=-22.976363
it=3	mon=[2]	energy=-35.550184	energy_0=-22.959083
it=3	mon=[4]	energy=-41.562962	energy_0=-38.729728
it=3	mon=[1]	energy=-35.394040	energy_0=-22.931522
##SCC itera= 3  conv=2  energy =    -182.90806038  energy0 =    -132.43495255  ( 132.281553 )
it=4	mon=[0]	energy=-35.984048	energy_0=-24.792084
it=4	mon=[3]	energy=-35.400974	energy_0=-23.006477
it=4	mon=[1]	energy=-36.153251	energy_0=-22.959573
it=4	mon=[4]	energy=-41.218321	energy_0=-38.774994
it=4	mon=[2]	energy=-35.680152	energy_0=-23.017127
##SCC itera= 4  conv=2  energy =    -184.43674468  energy0 =    -132.55025395  ( 135.692075 )
it=5	mon=[0]	energy=-36.223269	energy_0=-24.780816
it=5	mon=[3]	energy=-35.372987	energy_0=-23.018772
it=5	mon=[2]	energy=-35.698813	energy_0=-23.044064
it=5	mon=[1]	energy=-36.260104	energy_0=-22.991428
it=5	mon=[4]	energy=-41.086153	energy_0=-38.793037
##SCC itera= 5  conv=2  energy =    -184.64132582  energy0 =    -132.62811769  ( 130.691981 )
it=6	mon=[0]	energy=-36.370974	energy_0=-24.772847
it=6	mon=[3]	energy=-35.363544	energy_0=-23.024378
it=6	mon=[2]	energy=-35.712225	energy_0=-23.056366
it=6	mon=[4]	energy=-41.013294	energy_0=-38.786884
it=6	mon=[1]	energy=-36.348118	energy_0=-23.002113
##SCC itera= 6  conv=4  energy =    -184.80815529  energy0 =    -132.64258683  ( 135.667987 )
it=7	mon=[0]	energy=-36.434105	energy_0=-24.769483
it=7	mon=[3]	energy=-35.355389	energy_0=-23.026617
it=7	mon=[2]	energy=-35.715097	energy_0=-23.061278
it=7	mon=[1]	energy=-36.383466	energy_0=-23.006791
it=7	mon=[4]	energy=-40.984716	energy_0=-38.789540
##SCC itera= 7  conv=4  energy =    -184.87277146  energy0 =    -132.65370934  ( 136.975389 )
it=8	mon=[0]	energy=-36.461415	energy_0=-24.768006
it=8	mon=[3]	energy=-35.351326	energy_0=-23.027574
it=8	mon=[2]	energy=-35.716148	energy_0=-23.063350
it=8	mon=[1]	energy=-36.398042	energy_0=-23.008670
it=8	mon=[4]	energy=-40.972844	energy_0=-38.790682
##SCC itera= 8  conv=4  energy =    -184.89977453  energy0 =    -132.65828250  ( 138.705487 )
it=9	mon=[0]	energy=-36.472690	energy_0=-24.767394
it=9	mon=[3]	energy=-35.349654	energy_0=-23.027973
it=9	mon=[2]	energy=-35.716578	energy_0=-23.064201
it=9	mon=[1]	energy=-36.404212	energy_0=-23.009487
it=9	mon=[4]	energy=-40.967807	energy_0=-38.791126
##SCC itera= 9  conv=6  energy =    -184.91094153  energy0 =    -132.66018131  ( 133.668184 )
it=10	mon=[0]	energy=-36.477518	energy_0=-24.767130
it=10	mon=[3]	energy=-35.348848	energy_0=-23.028142
it=10	mon=[2]	energy=-35.716737	energy_0=-23.064560
it=10	mon=[1]	energy=-36.406742	energy_0=-23.009826
it=10	mon=[4]	energy=-40.965688	energy_0=-38.791314
##SCC itera=10  conv=6  energy =    -184.91553270  energy0 =    -132.66097285  ( 135.535900 )
it=11	mon=[0]	energy=-36.479516	energy_0=-24.767022
it=11	mon=[3]	energy=-35.348535	energy_0=-23.028215
it=11	mon=[2]	energy=-35.716806	energy_0=-23.064710
it=11	mon=[1]	energy=-36.407805	energy_0=-23.009966
it=11	mon=[4]	energy=-40.964800	energy_0=-38.791387
##SCC itera=11  conv=6  energy =    -184.91746137  energy0 =    -132.66130026  ( 138.132011 )
it=12	mon=[0]	energy=-36.480363	energy_0=-24.766974
it=12	mon=[3]	energy=-35.348393	energy_0=-23.028246
it=12	mon=[2]	energy=-35.716826	energy_0=-23.064771
it=12	mon=[1]	energy=-36.408245	energy_0=-23.010026
it=12	mon=[4]	energy=-40.964432	energy_0=-38.791423
##SCC itera=12  conv=7  energy =    -184.91825944  energy0 =    -132.66144025  ( 136.260119 )
it=13	mon=[0]	energy=-36.480716	energy_0=-24.766955
it=13	mon=[3]	energy=-35.348333	energy_0=-23.028256
it=13	mon=[2]	energy=-35.716837	energy_0=-23.064799
it=13	mon=[1]	energy=-36.408430	energy_0=-23.010048
it=13	mon=[4]	energy=-40.964273	energy_0=-38.791430
##SCC itera=13  conv=7  energy =    -184.91858746  energy0 =    -132.66148652  ( 137.259929 )
it=14	mon=[0]	energy=-36.480865	energy_0=-24.766950
it=14	mon=[3]	energy=-35.348308	energy_0=-23.028263
it=14	mon=[2]	energy=-35.716840	energy_0=-23.064809
it=14	mon=[1]	energy=-36.408509	energy_0=-23.010062
it=14	mon=[4]	energy=-40.964210	energy_0=-38.791441
##SCC itera=14  conv=7  energy =    -184.91873237  energy0 =    -132.66152445  ( 132.684358 )
it=15	mon=[0]	energy=-36.480928	energy_0=-24.766947
it=15	mon=[3]	energy=-35.348297	energy_0=-23.028264
it=15	mon=[2]	energy=-35.716843	energy_0=-23.064814
it=15	mon=[1]	energy=-36.408542	energy_0=-23.010066
it=15	mon=[4]	energy=-40.964184	energy_0=-38.791443
##SCC itera=15  conv=7  energy =    -184.91879432  energy0 =    -132.66153409  ( 134.524003 )
it=16	mon=[0]	energy=-36.480952	energy_0=-24.766943
it=16	mon=[3]	energy=-35.348296	energy_0=-23.028271
it=16	mon=[2]	energy=-35.716843	energy_0=-23.064816
it=16	mon=[4]	energy=-40.964171	energy_0=-38.791444
it=16	mon=[1]	energy=-36.408553	energy_0=-23.010066
##SCC itera=16  conv=7  energy =    -184.91881528  energy0 =    -132.66153980  ( 134.028009 )
it=17	mon=[0]	energy=-36.480963	energy_0=-24.766944
it=17	mon=[3]	energy=-35.348294	energy_0=-23.028267
it=17	mon=[2]	energy=-35.716843	energy_0=-23.064818
it=17	mon=[1]	energy=-36.408560	energy_0=-23.010068
it=17	mon=[4]	energy=-40.964170	energy_0=-38.791447
##SCC itera=17  conv=7  energy =    -184.91883048  energy0 =    -132.66154454  ( 133.232145 )
it=18	mon=[0]	energy=-36.480967	energy_0=-24.766940
it=18	mon=[3]	energy=-35.348292	energy_0=-23.028267
it=18	mon=[2]	energy=-35.716842	energy_0=-23.064815
it=18	mon=[1]	energy=-36.408565	energy_0=-23.010072
it=18	mon=[4]	energy=-40.964163	energy_0=-38.791440
##SCC itera=18  conv=7  energy =    -184.91882960  energy0 =    -132.66153369  ( 134.367959 )
it=19	mon=[0]	energy=-36.480972	energy_0=-24.766945
it=19	mon=[3]	energy=-35.348292	energy_0=-23.028267
it=19	mon=[2]	energy=-35.716842	energy_0=-23.064815
it=19	mon=[1]	energy=-36.408564	energy_0=-23.010071
it=19	mon=[4]	energy=-40.964163	energy_0=-38.791442
##SCC itera=19  conv=7  energy =    -184.91883369  energy0 =    -132.66153982  ( 139.616055 )
it=20	mon=[0]	energy=-36.480972	energy_0=-24.766945
it=20	mon=[3]	energy=-35.348291	energy_0=-23.028266
it=20	mon=[2]	energy=-35.716842	energy_0=-23.064815
it=20	mon=[1]	energy=-36.408564	energy_0=-23.010071
it=20	mon=[4]	energy=-40.964163	energy_0=-38.791442
##SCC itera=20  conv=7  energy =    -184.91883309  energy0 =    -132.66153982  ( 131.248011 )
==== SCC converged ====
##T         ---- Finish SCC procedure ---- : lap time= 2699.726246 ( total etime= 2701.313247 )
it=130	mon=[3, 1]	energy=-71.614337	energy_0=-45.765654
# E=   -71.6143369690 E-DV=   -45.7656536158 DV=   -25.8486833532 DDV=    -0.0264279304
it=130	mon=[3, 4]	energy=-78.168776	energy_0=-76.943439
# E=   -78.1687759675 E-DV=   -76.9434394801 DV=    -1.2253364874 DDV=    -0.0080145868
it=130	mon=[2, 1]	energy=-74.543079	energy_0=-61.249010
# E=   -74.5430786410 E-DV=   -61.2490100501 DV=   -13.2940685908 DDV=     0.0150041155
it=130	mon=[2, 4]	energy=-76.223684	energy_0=-61.623213
# E=   -76.2236841820 E-DV=   -61.6232127289 DV=   -14.6004714531 DDV=    -0.0141726236
it=130	mon=[1, 4]	energy=-77.176001	energy_0=-61.779624
# E=   -77.1760006722 E-DV=   -61.7796239769 DV=   -15.3963766954 DDV=    -0.0065342737
it=130	mon=[3, 2]	energy=-74.112592	energy_0=-61.033926
# E=   -74.1125916801 E-DV=   -61.0339258912 DV=   -13.0786657889 DDV=    -0.0004513088
