Will Run VQE
ngroup       = 6
nioprocs     = 1
niogroup     = 1
nmaxprocs    = 8
group size   = 1
# of threads = 24
nintic       = 2048
input file name       = ./samples/alkane/C6H14_2-2-5_4-4-10.inp
prefix of output file = 
local input dir.      = ./
# of total invoked procs = 8 (=1iog*1iop+1+6gr*1pr)
master host name = gwonhaklee-System-Product-Name
-----------------------------------------------------
 # of data = 11
nfrag = 6
##T                  Finish Initialization : lap time=   0.000161 ( total etime=   0.000161 )
****** LIST OF HOST NAME (MSERV(ID=0))******
rank=  0 : gwonhaklee-System-Product-Name
********************************
##T        Finish to Create Memory Servers : lap time=   0.086122 ( total etime=   0.086289 )
****** LIST OF HOST NAME (WORKER(ID=0)) ******
rank=  0 : gwonhaklee-System-Product-Name
********************************
****** LIST OF HOST NAME (WORKER(ID=1)) ******
rank=  0 : gwonhaklee-System-Product-Name
********************************
****** LIST OF HOST NAME (WORKER(ID=2)) ******
rank=  0 : gwonhaklee-System-Product-Name
********************************
****** LIST OF HOST NAME (WORKER(ID=3)) ******
rank=  0 : gwonhaklee-System-Product-Name
********************************
****** LIST OF HOST NAME (WORKER(ID=4)) ******
rank=  0 : gwonhaklee-System-Product-Name
********************************
##T               Finish to Create Workers : lap time=   0.373372 ( total etime=   0.459665 )
****** LIST OF HOST NAME (WORKER(ID=5)) ******
rank=  0 : gwonhaklee-System-Product-Name
********************************
##T     Finish to Connect Mservs & Workers : lap time=   0.541074 ( total etime=   1.000748 )
calc. inter-frag distance list = 4
##T    Finish to Calculate Initial Density : lap time=   0.244257 ( total etime=   1.330630 )
---- start SCC (maxscc=30, sccconv=7) ----
it=1	mon=[0]	energy=-21.464409	energy_0=-24.904068
it=1	mon=[4]	energy=-33.769419	energy_0=-22.730431
it=1	mon=[3]	energy=-31.903145	energy_0=-22.442170
it=1	mon=[1]	energy=-21.673424	energy_0=-22.604220
it=1	mon=[2]	energy=-23.928245	energy_0=-22.249448
it=1	mon=[5]	energy=-42.039635	energy_0=-38.387983
##SCC itera= 1  conv=2  energy =    -174.77827748  energy0 =    -153.31831900  ( 169.519652 )
it=2	mon=[0]	energy=-34.002238	energy_0=-24.859818
it=2	mon=[4]	energy=-36.027972	energy_0=-22.854935
it=2	mon=[3]	energy=-36.232806	energy_0=-22.643426
it=2	mon=[1]	energy=-35.011452	energy_0=-22.583403
it=2	mon=[5]	energy=-42.190376	energy_0=-38.568834
it=2	mon=[2]	energy=-35.604086	energy_0=-22.641875
##SCC itera= 2  conv=2  energy =    -219.06893168  energy0 =    -154.15229141  ( 158.075440 )
it=3	mon=[0]	energy=-34.861886	energy_0=-24.841690
it=3	mon=[4]	energy=-35.432446	energy_0=-22.971737
it=3	mon=[3]	energy=-35.549926	energy_0=-22.946050
it=3	mon=[5]	energy=-41.626040	energy_0=-38.726354
it=3	mon=[1]	energy=-35.378692	energy_0=-22.933018
it=3	mon=[2]	energy=-35.441973	energy_0=-22.923401
##SCC itera= 3  conv=2  energy =    -218.29096405  energy0 =    -155.34225058  ( 156.888338 )
it=4	mon=[0]	energy=-36.028584	energy_0=-24.791586
it=4	mon=[4]	energy=-35.375983	energy_0=-23.008622
it=4	mon=[3]	energy=-35.538472	energy_0=-23.010649
it=4	mon=[1]	energy=-36.260478	energy_0=-22.968839
it=4	mon=[5]	energy=-41.196391	energy_0=-38.772788
it=4	mon=[2]	energy=-36.023595	energy_0=-23.012444
##SCC itera= 4  conv=2  energy =    -220.42350356  energy0 =    -155.56492834  ( 154.864282 )
it=5	mon=[0]	energy=-36.360294	energy_0=-24.776274
it=5	mon=[4]	energy=-39.055158	energy_0=-26.788627
it=5	mon=[3]	energy=-35.496667	energy_0=-23.046293
it=5	mon=[2]	energy=-36.130977	energy_0=-23.043713
it=5	mon=[5]	energy=-41.000739	energy_0=-38.781553
it=5	mon=[1]	energy=-36.537969	energy_0=-23.004392
##SCC itera= 5  conv=2  energy =    -224.58180268  energy0 =    -159.44085236  ( 158.545359 )
it=6	mon=[0]	energy=-36.563208	energy_0=-24.765772
it=6	mon=[4]	energy=-35.271492	energy_0=-23.032049
it=6	mon=[3]	energy=-35.490561	energy_0=-23.060771
it=6	mon=[1]	energy=-36.665830	energy_0=-23.016940
it=6	mon=[5]	energy=-40.914021	energy_0=-38.788548
it=6	mon=[2]	energy=-36.208231	energy_0=-23.061334
##SCC itera= 6  conv=4  energy =    -221.11334312  energy0 =    -155.72541392  ( 158.287985 )
it=7	mon=[0]	energy=-36.653782	energy_0=-24.761019
it=7	mon=[4]	energy=-35.249557	energy_0=-23.035296
it=7	mon=[3]	energy=-35.476783	energy_0=-23.067545
it=7	mon=[2]	energy=-36.237264	energy_0=-23.067571
it=7	mon=[1]	energy=-36.736729	energy_0=-23.022443
it=7	mon=[5]	energy=-40.873678	energy_0=-38.792344
##SCC itera= 7  conv=4  energy =    -221.22779286  energy0 =    -155.74621829  ( 162.248032 )
it=8	mon=[0]	energy=-36.695931	energy_0=-24.758796
it=8	mon=[4]	energy=-35.242608	energy_0=-23.036612
it=8	mon=[3]	energy=-35.472567	energy_0=-23.070192
it=8	mon=[1]	energy=-36.764165	energy_0=-23.024792
it=8	mon=[2]	energy=-36.251240	energy_0=-23.070579
it=8	mon=[5]	energy=-40.855081	energy_0=-38.793649
##SCC itera= 8  conv=4  energy =    -221.28159245  energy0 =    -155.75461919  ( 159.836007 )
it=9	mon=[0]	energy=-36.713898	energy_0=-24.757836
it=9	mon=[4]	energy=-35.238448	energy_0=-23.037236
it=9	mon=[3]	energy=-35.470363	energy_0=-23.071444
it=9	mon=[2]	energy=-36.256714	energy_0=-23.071812
it=9	mon=[1]	energy=-36.777086	energy_0=-23.025860
it=9	mon=[5]	energy=-40.847035	energy_0=-38.794316
##SCC itera= 9  conv=6  energy =    -221.30354409  energy0 =    -155.75850550  ( 157.276005 )
it=10	mon=[0]	energy=-36.722131	energy_0=-24.757399
it=10	mon=[4]	energy=-35.236786	energy_0=-23.037504
it=10	mon=[3]	energy=-35.469372	energy_0=-23.071975
it=10	mon=[1]	energy=-36.782603	energy_0=-23.026313
it=10	mon=[2]	energy=-36.259386	energy_0=-23.072378
it=10	mon=[5]	energy=-40.843372	energy_0=-38.794564
##SCC itera=10  conv=6  energy =    -221.31364909  energy0 =    -155.76013366  ( 159.608313 )
it=11	mon=[0]	energy=-36.725682	energy_0=-24.757208
it=11	mon=[4]	energy=-35.235970	energy_0=-23.037624
it=11	mon=[3]	energy=-35.468954	energy_0=-23.072213
it=11	mon=[2]	energy=-36.260490	energy_0=-23.072623
it=11	mon=[1]	energy=-36.785091	energy_0=-23.026525
it=11	mon=[5]	energy=-40.841773	energy_0=-38.794687
##SCC itera=11  conv=6  energy =    -221.31796062  energy0 =    -155.76087973  ( 155.992001 )
it=12	mon=[4]	energy=-35.235634	energy_0=-23.037674
it=12	mon=[0]	energy=-36.727279	energy_0=-24.757119
it=12	mon=[3]	energy=-35.468763	energy_0=-23.072320
it=12	mon=[2]	energy=-36.260993	energy_0=-23.072731
it=12	mon=[1]	energy=-36.786161	energy_0=-23.026612
it=12	mon=[5]	energy=-40.841067	energy_0=-38.794733
##SCC itera=12  conv=7  energy =    -221.31989697  energy0 =    -155.76119027  ( 162.640329 )
it=13	mon=[0]	energy=-36.727976	energy_0=-24.757086
it=13	mon=[4]	energy=-35.235477	energy_0=-23.037700
it=13	mon=[3]	energy=-35.468675	energy_0=-23.072360
it=13	mon=[1]	energy=-36.786642	energy_0=-23.026655
it=13	mon=[2]	energy=-36.261203	energy_0=-23.072778
it=13	mon=[5]	energy=-40.840758	energy_0=-38.794760
##SCC itera=13  conv=7  energy =    -221.32073003  energy0 =    -155.76133778  ( 158.252283 )
it=14	mon=[0]	energy=-36.728285	energy_0=-24.757068
it=14	mon=[4]	energy=-35.235411	energy_0=-23.037710
it=14	mon=[3]	energy=-35.468638	energy_0=-23.072377
it=14	mon=[2]	energy=-36.261299	energy_0=-23.072797
it=14	mon=[1]	energy=-36.786850	energy_0=-23.026670
it=14	mon=[5]	energy=-40.840623	energy_0=-38.794774
##SCC itera=14  conv=7  energy =    -221.32110643  energy0 =    -155.76139667  ( 159.051951 )
it=15	mon=[0]	energy=-36.728419	energy_0=-24.757060
it=15	mon=[4]	energy=-35.235381	energy_0=-23.037711
it=15	mon=[3]	energy=-35.468625	energy_0=-23.072392
it=15	mon=[1]	energy=-36.786941	energy_0=-23.026678
it=15	mon=[2]	energy=-36.261339	energy_0=-23.072808
it=15	mon=[5]	energy=-40.840564	energy_0=-38.794779
##SCC itera=15  conv=7  energy =    -221.32126821  energy0 =    -155.76142890  ( 160.580095 )
it=16	mon=[4]	energy=-35.235367	energy_0=-23.037714
it=16	mon=[0]	energy=-36.728484	energy_0=-24.757061
it=16	mon=[3]	energy=-35.468614	energy_0=-23.072394
it=16	mon=[2]	energy=-36.261362	energy_0=-23.072816
it=16	mon=[1]	energy=-36.786983	energy_0=-23.026680
it=16	mon=[5]	energy=-40.840535	energy_0=-38.794781
##SCC itera=16  conv=7  energy =    -221.32134524  energy0 =    -155.76144646  ( 157.583981 )
it=17	mon=[0]	energy=-36.728510	energy_0=-24.757058
it=17	mon=[4]	energy=-35.235362	energy_0=-23.037717
it=17	mon=[3]	energy=-35.468611	energy_0=-23.072395
it=17	mon=[1]	energy=-36.787001	energy_0=-23.026684
it=17	mon=[2]	energy=-36.261370	energy_0=-23.072817
it=17	mon=[5]	energy=-40.840522	energy_0=-38.794778
##SCC itera=17  conv=7  energy =    -221.32137587  energy0 =    -155.76144818  ( 158.645895 )
it=18	mon=[0]	energy=-36.728517	energy_0=-24.757053
it=18	mon=[4]	energy=-35.235359	energy_0=-23.037716
it=18	mon=[3]	energy=-35.468609	energy_0=-23.072395
it=18	mon=[2]	energy=-36.261372	energy_0=-23.072815
it=18	mon=[1]	energy=-36.787011	energy_0=-23.026688
it=18	mon=[5]	energy=-40.840518	energy_0=-38.794778
##SCC itera=18  conv=7  energy =    -221.32138633  energy0 =    -155.76144535  ( 160.484088 )
it=19	mon=[0]	energy=-36.728524	energy_0=-24.757055
it=19	mon=[4]	energy=-35.235358	energy_0=-23.037715
it=19	mon=[3]	energy=-35.468609	energy_0=-23.072395
it=19	mon=[1]	energy=-36.787011	energy_0=-23.026684
it=19	mon=[5]	energy=-40.840512	energy_0=-38.794772
it=19	mon=[2]	energy=-36.261371	energy_0=-23.072811
##SCC itera=19  conv=7  energy =    -221.32138421  energy0 =    -155.76143121  ( 156.484383 )
it=20	mon=[0]	energy=-36.728528	energy_0=-24.757057
it=20	mon=[4]	energy=-35.235358	energy_0=-23.037715
it=20	mon=[3]	energy=-35.468609	energy_0=-23.072395
it=20	mon=[1]	energy=-36.787012	energy_0=-23.026683
it=20	mon=[2]	energy=-36.261373	energy_0=-23.072813
##SCC itera=20  conv=7  energy =    -221.32139195  energy0 =    -155.76144301  ( 158.684294 )
it=20	mon=[5]	energy=-40.840512	energy_0=-38.794780
it=21	mon=[0]	energy=-36.728527	energy_0=-24.757056
it=21	mon=[4]	energy=-35.235358	energy_0=-23.037717
it=21	mon=[3]	energy=-35.468608	energy_0=-23.072395
it=21	mon=[1]	energy=-36.787014	energy_0=-23.026685
it=21	mon=[2]	energy=-36.261374	energy_0=-23.072815
it=21	mon=[5]	energy=-40.840513	energy_0=-38.794780
##SCC itera=21  conv=7  energy =    -221.32139546  energy0 =    -155.76144851  ( 156.808114 )
it=22	mon=[0]	energy=-36.728527	energy_0=-24.757055
it=22	mon=[4]	energy=-35.235358	energy_0=-23.037717
it=22	mon=[3]	energy=-35.468608	energy_0=-23.072394
it=22	mon=[2]	energy=-36.261374	energy_0=-23.072815
it=22	mon=[1]	energy=-36.787016	energy_0=-23.026687
it=22	mon=[5]	energy=-40.840513	energy_0=-38.794780
##SCC itera=22  conv=7  energy =    -221.32139625  energy0 =    -155.76144940  ( 159.524119 )
it=23	mon=[0]	energy=-36.728527	energy_0=-24.757053
it=23	mon=[4]	energy=-35.235358	energy_0=-23.037717
it=23	mon=[3]	energy=-35.468608	energy_0=-23.072394
it=23	mon=[2]	energy=-36.261374	energy_0=-23.072816
it=23	mon=[1]	energy=-36.787016	energy_0=-23.026687
it=23	mon=[5]	energy=-40.840513	energy_0=-38.794780
##SCC itera=23  conv=7  energy =    -221.32139614  energy0 =    -155.76144790  ( 162.924035 )
it=24	mon=[0]	energy=-36.728531	energy_0=-24.757057
it=24	mon=[4]	energy=-35.235358	energy_0=-23.037717
it=24	mon=[3]	energy=-35.468608	energy_0=-23.072395
it=24	mon=[1]	energy=-36.787016	energy_0=-23.026687
it=24	mon=[2]	energy=-36.261374	energy_0=-23.072814
it=24	mon=[5]	energy=-40.840513	energy_0=-38.794780
##SCC itera=24  conv=7  energy =    -221.32139962  energy0 =    -155.76145066  ( 155.840014 )
it=25	mon=[0]	energy=-36.728531	energy_0=-24.757057
it=25	mon=[4]	energy=-35.235359	energy_0=-23.037717
it=25	mon=[3]	energy=-35.468608	energy_0=-23.072395
it=25	mon=[2]	energy=-36.261373	energy_0=-23.072814
it=25	mon=[1]	energy=-36.787016	energy_0=-23.026687
it=25	mon=[5]	energy=-40.840513	energy_0=-38.794780
##SCC itera=25  conv=7  energy =    -221.32139953  energy0 =    -155.76145055  ( 157.680099 )
it=26	mon=[0]	energy=-36.728531	energy_0=-24.757057
it=26	mon=[4]	energy=-35.235359	energy_0=-23.037717
it=26	mon=[3]	energy=-35.468608	energy_0=-23.072395
it=26	mon=[2]	energy=-36.261373	energy_0=-23.072814
it=26	mon=[1]	energy=-36.787016	energy_0=-23.026688
it=26	mon=[5]	energy=-40.840513	energy_0=-38.794780
##SCC itera=26  conv=7  energy =    -221.32139962  energy0 =    -155.76145135  ( 161.599974 )
it=27	mon=[4]	energy=-35.235357	energy_0=-23.037715
it=27	mon=[0]	energy=-36.728530	energy_0=-24.757057
it=27	mon=[3]	energy=-35.468608	energy_0=-23.072394
it=27	mon=[2]	energy=-36.261373	energy_0=-23.072815
it=27	mon=[5]	energy=-40.840513	energy_0=-38.794780
it=27	mon=[1]	energy=-36.787016	energy_0=-23.026688
##SCC itera=27  conv=7  energy =    -221.32139764  energy0 =    -155.76144938  ( 153.936001 )
it=28	mon=[0]	energy=-36.728531	energy_0=-24.757057
it=28	mon=[4]	energy=-35.235356	energy_0=-23.037715
it=28	mon=[3]	energy=-35.468608	energy_0=-23.072394
it=28	mon=[2]	energy=-36.261374	energy_0=-23.072814
it=28	mon=[1]	energy=-36.787016	energy_0=-23.026687
it=28	mon=[5]	energy=-40.840513	energy_0=-38.794780
##SCC itera=28  conv=7  energy =    -221.32139763  energy0 =    -155.76144823  ( 156.635913 )
it=29	mon=[0]	energy=-36.728531	energy_0=-24.757057
it=29	mon=[4]	energy=-35.235358	energy_0=-23.037717
it=29	mon=[3]	energy=-35.468608	energy_0=-23.072395
it=29	mon=[2]	energy=-36.261374	energy_0=-23.072815
it=29	mon=[5]	energy=-40.840513	energy_0=-38.794780
it=29	mon=[1]	energy=-36.787016	energy_0=-23.026687
##SCC itera=29  conv=7  energy =    -221.32140052  energy0 =    -155.76145160  ( 157.160098 )
it=30	mon=[0]	energy=-36.728527	energy_0=-24.757053
it=30	mon=[4]	energy=-35.235359	energy_0=-23.037717
it=30	mon=[3]	energy=-35.468608	energy_0=-23.072395
it=30	mon=[2]	energy=-36.261373	energy_0=-23.072814
it=30	mon=[1]	energy=-36.787016	energy_0=-23.026688
it=30	mon=[5]	energy=-40.840513	energy_0=-38.794780
##SCC itera=30  conv=7  energy =    -221.32139566  energy0 =    -155.76144736  ( 160.806216 )
##T         ---- Finish SCC procedure ---- : lap time= 4771.327478 ( total etime= 4772.658120 )
it=130	mon=[3, 2]	energy=-74.142910	energy_0=-61.320591
# E=   -74.1429095064 E-DV=   -61.3205913582 DV=   -12.8223181482 DDV=     0.0216201633
it=130	mon=[3, 1]	energy=-71.779672	energy_0=-45.862243
# E=   -71.7796724398 E-DV=   -45.8622430781 DV=   -25.9174293617 DDV=    -0.0099641100
it=130	mon=[3, 5]	energy=-75.857951	energy_0=-61.634746
# E=   -75.8579508602 E-DV=   -61.6347463192 DV=   -14.2232045410 DDV=    -0.0164296699
it=130	mon=[4, 5]	energy=-77.937263	energy_0=-76.957099
# E=   -77.9372631751 E-DV=   -76.9570991064 DV=    -0.9801640688 DDV=    -0.0077268776
it=130	mon=[1, 5]	energy=-77.601357	energy_0=-61.822433
# E=   -77.6013566960 E-DV=   -61.8224327213 DV=   -15.7789239747 DDV=     0.0048403377
it=130	mon=[2, 1]	energy=-75.437665	energy_0=-61.268315
# E=   -75.4376650886 E-DV=   -61.2683149157 DV=   -14.1693501728 DDV=     0.0088003167
