Will Run VQE
ngroup       = 7
nioprocs     = 1
niogroup     = 1
nmaxprocs    = 9
group size   = 1
# of threads = 24
nintic       = 2048
input file name       = ./samples/alkane/C7H16_2-2-5_4-4-10.inp
prefix of output file = 
local input dir.      = ./
# of total invoked procs = 9 (=1iog*1iop+1+7gr*1pr)
master host name = gwonhaklee-System-Product-Name
-----------------------------------------------------
 # of data = 11
nfrag = 7
##T                  Finish Initialization : lap time=   0.000149 ( total etime=   0.000149 )
****** LIST OF HOST NAME (MSERV(ID=0))******
rank=  0 : gwonhaklee-System-Product-Name
********************************
##T        Finish to Create Memory Servers : lap time=   0.048854 ( total etime=   0.049009 )
****** LIST OF HOST NAME (WORKER(ID=0)) ******
rank=  0 : gwonhaklee-System-Product-Name
********************************
****** LIST OF HOST NAME (WORKER(ID=1)) ******
rank=  0 : gwonhaklee-System-Product-Name
********************************
****** LIST OF HOST NAME (WORKER(ID=2)) ******
rank=  0 : gwonhaklee-System-Product-Name
********************************
****** LIST OF HOST NAME (WORKER(ID=3)) ******
rank=  0 : gwonhaklee-System-Product-Name
********************************
****** LIST OF HOST NAME (WORKER(ID=4)) ******
rank=  0 : gwonhaklee-System-Product-Name
********************************
****** LIST OF HOST NAME (WORKER(ID=5)) ******
rank=  0 : gwonhaklee-System-Product-Name
********************************
****** LIST OF HOST NAME (WORKER(ID=6)) ******
rank=  0 : gwonhaklee-System-Product-Name
********************************
##T               Finish to Create Workers : lap time=   0.513326 ( total etime=   0.562342 )
##T     Finish to Connect Mservs & Workers : lap time=   0.787947 ( total etime=   1.350298 )
calc. inter-frag distance list = 5
##T    Finish to Calculate Initial Density : lap time=   0.423149 ( total etime=   1.914311 )
---- start SCC (maxscc=30, sccconv=7) ----
it=1	mon=[0]	energy=-21.215922	energy_0=-24.900563
it=1	mon=[5]	energy=-34.007261	energy_0=-22.718668
it=1	mon=[4]	energy=-32.304060	energy_0=-22.375859
it=1	mon=[3]	energy=-24.816334	energy_0=-22.186597
it=1	mon=[2]	energy=-23.107573	energy_0=-22.174303
it=1	mon=[1]	energy=-21.231934	energy_0=-22.555550
it=1	mon=[6]	energy=-42.216448	energy_0=-38.375835
##SCC itera= 1  conv=2  energy =    -198.89953231  energy0 =    -175.28737440  ( 187.068065 )
it=2	mon=[0]	energy=-33.723927	energy_0=-24.864814
it=2	mon=[5]	energy=-36.188661	energy_0=-22.836945
it=2	mon=[4]	energy=-36.469030	energy_0=-22.612838
it=2	mon=[3]	energy=-35.826505	energy_0=-22.585049
it=2	mon=[6]	energy=-42.347284	energy_0=-38.563173
it=2	mon=[1]	energy=-34.642981	energy_0=-22.567599
it=2	mon=[2]	energy=-34.944604	energy_0=-22.611523
##SCC itera= 2  conv=2  energy =    -254.14299167  energy0 =    -176.64194131  ( 175.587999 )
it=3	mon=[0]	energy=-34.780825	energy_0=-24.844820
it=3	mon=[5]	energy=-35.476502	energy_0=-22.966692
it=3	mon=[4]	energy=-35.566396	energy_0=-22.937181
it=3	mon=[3]	energy=-35.429244	energy_0=-22.908290
it=3	mon=[1]	energy=-35.262673	energy_0=-22.921546
it=3	mon=[2]	energy=-35.411780	energy_0=-22.926738
it=3	mon=[6]	energy=-41.687652	energy_0=-38.722237
##SCC itera= 3  conv=2  energy =    -253.61507177  energy0 =    -178.22750414  ( 179.384187 )
it=4	mon=[0]	energy=-36.022178	energy_0=-24.793610
it=4	mon=[5]	energy=-35.358464	energy_0=-23.007470
it=4	mon=[4]	energy=-35.507271	energy_0=-23.013256
it=4	mon=[3]	energy=-35.874545	energy_0=-23.005481
it=4	mon=[6]	energy=-41.199330	energy_0=-38.772760
it=4	mon=[2]	energy=-36.129871	energy_0=-23.018957
it=4	mon=[1]	energy=-36.314909	energy_0=-22.969277
##SCC itera= 4  conv=2  energy =    -256.40657035  energy0 =    -178.58081133  ( 188.544015 )
it=5	mon=[0]	energy=-36.442318	energy_0=-24.775305
it=5	mon=[5]	energy=-35.234555	energy_0=-23.027170
it=5	mon=[4]	energy=-35.411408	energy_0=-23.053054
it=5	mon=[3]	energy=-35.931019	energy_0=-23.045417
it=5	mon=[2]	energy=-36.407075	energy_0=-23.054729
it=5	mon=[6]	energy=-40.963395	energy_0=-38.782764
it=5	mon=[1]	energy=-36.673443	energy_0=-23.004468
##SCC itera= 5  conv=2  energy =    -257.06321173  energy0 =    -178.74290636  ( 183.008111 )
it=6	mon=[5]	energy=-35.197113	energy_0=-23.035728
it=6	mon=[0]	energy=-36.676772	energy_0=-24.763473
it=6	mon=[4]	energy=-35.389803	energy_0=-23.070537
it=6	mon=[3]	energy=-35.986228	energy_0=-23.065321
it=6	mon=[1]	energy=-36.853576	energy_0=-23.019047
it=6	mon=[2]	energy=-36.526952	energy_0=-23.072588
it=6	mon=[6]	energy=-40.858338	energy_0=-38.791088
##SCC itera= 6  conv=4  energy =    -257.48878256  energy0 =    -178.81778176  ( 184.828032 )
it=7	mon=[0]	energy=-36.793548	energy_0=-24.757577
it=7	mon=[5]	energy=-35.166456	energy_0=-23.039726
it=7	mon=[4]	energy=-35.367938	energy_0=-23.078488
it=7	mon=[3]	energy=-36.006261	energy_0=-23.073251
it=7	mon=[1]	energy=-36.948247	energy_0=-23.025139
it=7	mon=[2]	energy=-36.594276	energy_0=-23.079534
##SCC itera= 7  conv=4  energy =    -257.68134304  energy0 =    -178.84881107  ( 184.612345 )
it=7	mon=[6]	energy=-40.804617	energy_0=-38.795097
it=8	mon=[0]	energy=-36.847366	energy_0=-24.754814
it=8	mon=[5]	energy=-35.153497	energy_0=-23.041485
it=8	mon=[4]	energy=-35.358786	energy_0=-23.081878
it=8	mon=[3]	energy=-36.015623	energy_0=-23.076874
it=8	mon=[2]	energy=-36.622083	energy_0=-23.082713
it=8	mon=[1]	energy=-36.989903	energy_0=-23.027949
it=8	mon=[6]	energy=-40.779882	energy_0=-38.796739
##SCC itera= 8  conv=4  energy =    -257.76714068  energy0 =    -178.86245272  ( 180.944058 )
it=9	mon=[0]	energy=-36.872067	energy_0=-24.753539
it=9	mon=[5]	energy=-35.147112	energy_0=-23.042301
it=9	mon=[4]	energy=-35.354427	energy_0=-23.083460
it=9	mon=[3]	energy=-36.019453	energy_0=-23.078487
it=9	mon=[2]	energy=-36.635100	energy_0=-23.084147
it=9	mon=[1]	energy=-37.008819	energy_0=-23.029222
it=9	mon=[6]	energy=-40.768716	energy_0=-38.797529
##SCC itera= 9  conv=6  energy =    -257.80569299  energy0 =    -178.86868667  ( 186.932105 )
it=10	mon=[0]	energy=-36.883426	energy_0=-24.752946
it=10	mon=[5]	energy=-35.144199	energy_0=-23.042678
it=10	mon=[4]	energy=-35.352348	energy_0=-23.084170
it=10	mon=[3]	energy=-36.021305	energy_0=-23.079228
it=10	mon=[2]	energy=-36.640997	energy_0=-23.084801
it=10	mon=[1]	energy=-37.017603	energy_0=-23.029805
it=10	mon=[6]	energy=-40.763520	energy_0=-38.797865
##SCC itera=10  conv=6  energy =    -257.82339765  energy0 =    -178.87149142  ( 186.368184 )
it=11	mon=[5]	energy=-35.142837	energy_0=-23.042850
it=11	mon=[0]	energy=-36.888641	energy_0=-24.752675
it=11	mon=[4]	energy=-35.351429	energy_0=-23.084496
it=11	mon=[3]	energy=-36.022102	energy_0=-23.079564
it=11	mon=[2]	energy=-36.643705	energy_0=-23.085099
it=11	mon=[1]	energy=-37.021592	energy_0=-23.030069
it=11	mon=[6]	energy=-40.761154	energy_0=-38.798026
##SCC itera=11  conv=6  energy =    -257.83145938  energy0 =    -178.87277884  ( 180.940289 )
it=12	mon=[0]	energy=-36.891024	energy_0=-24.752551
it=12	mon=[5]	energy=-35.142226	energy_0=-23.042927
it=12	mon=[4]	energy=-35.351002	energy_0=-23.084646
it=12	mon=[3]	energy=-36.022481	energy_0=-23.079718
it=12	mon=[2]	energy=-36.644922	energy_0=-23.085232
it=12	mon=[1]	energy=-37.023406	energy_0=-23.030193
it=12	mon=[6]	energy=-40.760077	energy_0=-38.798099
##SCC itera=12  conv=7  energy =    -257.83513926  energy0 =    -178.87336584  ( 185.460307 )
it=13	mon=[5]	energy=-35.141941	energy_0=-23.042959
it=13	mon=[4]	energy=-35.350812	energy_0=-23.084714
it=13	mon=[0]	energy=-36.892115	energy_0=-24.752496
it=13	mon=[3]	energy=-36.022647	energy_0=-23.079789
it=13	mon=[2]	energy=-36.645478	energy_0=-23.085293
it=13	mon=[1]	energy=-37.024231	energy_0=-23.030248
it=13	mon=[6]	energy=-40.759585	energy_0=-38.798131
##SCC itera=13  conv=7  energy =    -257.83680933  energy0 =    -178.87363012  ( 184.712097 )
it=14	mon=[0]	energy=-36.892610	energy_0=-24.752465
it=14	mon=[5]	energy=-35.141815	energy_0=-23.042975
it=14	mon=[4]	energy=-35.350723	energy_0=-23.084745
it=14	mon=[3]	energy=-36.022723	energy_0=-23.079820
it=14	mon=[2]	energy=-36.645731	energy_0=-23.085322
it=14	mon=[6]	energy=-40.759362	energy_0=-38.798146
it=14	mon=[1]	energy=-37.024609	energy_0=-23.030275
##SCC itera=14  conv=7  energy =    -257.83757371  energy0 =    -178.87374795  ( 183.252139 )
it=15	mon=[0]	energy=-36.892838	energy_0=-24.752457
it=15	mon=[5]	energy=-35.141757	energy_0=-23.042985
it=15	mon=[4]	energy=-35.350681	energy_0=-23.084758
it=15	mon=[3]	energy=-36.022760	energy_0=-23.079835
it=15	mon=[2]	energy=-36.645847	energy_0=-23.085337
it=15	mon=[1]	energy=-37.024780	energy_0=-23.030284
it=15	mon=[6]	energy=-40.759260	energy_0=-38.798152
##SCC itera=15  conv=7  energy =    -257.83792244  energy0 =    -178.87380757  ( 177.331974 )
it=16	mon=[0]	energy=-36.892942	energy_0=-24.752454
it=16	mon=[4]	energy=-35.350664	energy_0=-23.084766
it=16	mon=[5]	energy=-35.141732	energy_0=-23.042988
it=16	mon=[3]	energy=-36.022776	energy_0=-23.079843
it=16	mon=[2]	energy=-36.645899	energy_0=-23.085341
it=16	mon=[1]	energy=-37.024860	energy_0=-23.030295
it=16	mon=[6]	energy=-40.759216	energy_0=-38.798160
##SCC itera=16  conv=7  energy =    -257.83808853  energy0 =    -178.87384693  ( 179.663980 )
it=17	mon=[5]	energy=-35.141718	energy_0=-23.042990
it=17	mon=[0]	energy=-36.892990	energy_0=-24.752452
it=17	mon=[4]	energy=-35.350654	energy_0=-23.084766
it=17	mon=[3]	energy=-36.022781	energy_0=-23.079845
it=17	mon=[2]	energy=-36.645922	energy_0=-23.085344
it=17	mon=[1]	energy=-37.024893	energy_0=-23.030295
it=17	mon=[6]	energy=-40.759191	energy_0=-38.798157
##SCC itera=17  conv=7  energy =    -257.83814913  energy0 =    -178.87384871  ( 182.291998 )
it=18	mon=[5]	energy=-35.141712	energy_0=-23.042988
it=18	mon=[0]	energy=-36.893012	energy_0=-24.752447
it=18	mon=[4]	energy=-35.350651	energy_0=-23.084769
it=18	mon=[3]	energy=-36.022784	energy_0=-23.079844
it=18	mon=[2]	energy=-36.645933	energy_0=-23.085343
it=18	mon=[6]	energy=-40.759183	energy_0=-38.798159
it=18	mon=[1]	energy=-37.024910	energy_0=-23.030295
##SCC itera=18  conv=7  energy =    -257.83818468  energy0 =    -178.87384533  ( 181.892050 )
it=19	mon=[0]	energy=-36.893019	energy_0=-24.752444
it=19	mon=[5]	energy=-35.141711	energy_0=-23.042991
it=19	mon=[4]	energy=-35.350649	energy_0=-23.084767
it=19	mon=[3]	energy=-36.022786	energy_0=-23.079844
it=19	mon=[2]	energy=-36.645937	energy_0=-23.085346
it=19	mon=[1]	energy=-37.024916	energy_0=-23.030293
it=19	mon=[6]	energy=-40.759182	energy_0=-38.798157
##SCC itera=19  conv=7  energy =    -257.83819979  energy0 =    -178.87384316  ( 180.388010 )
it=20	mon=[0]	energy=-36.893024	energy_0=-24.752447
it=20	mon=[4]	energy=-35.350647	energy_0=-23.084767
it=20	mon=[5]	energy=-35.141710	energy_0=-23.042990
it=20	mon=[3]	energy=-36.022786	energy_0=-23.079849
it=20	mon=[2]	energy=-36.645938	energy_0=-23.085345
it=20	mon=[1]	energy=-37.024921	energy_0=-23.030297
it=20	mon=[6]	energy=-40.759176	energy_0=-38.798159
##SCC itera=20  conv=7  energy =    -257.83820229  energy0 =    -178.87385436  ( 185.327991 )
it=21	mon=[0]	energy=-36.893028	energy_0=-24.752449
it=21	mon=[5]	energy=-35.141710	energy_0=-23.042992
it=21	mon=[4]	energy=-35.350649	energy_0=-23.084769
it=21	mon=[3]	energy=-36.022788	energy_0=-23.079850
it=21	mon=[2]	energy=-36.645942	energy_0=-23.085348
it=21	mon=[1]	energy=-37.024923	energy_0=-23.030298
it=21	mon=[6]	energy=-40.759175	energy_0=-38.798159
##SCC itera=21  conv=7  energy =    -257.83821358  energy0 =    -178.87386569  ( 180.276008 )
it=22	mon=[0]	energy=-36.893027	energy_0=-24.752449
it=22	mon=[5]	energy=-35.141710	energy_0=-23.042992
it=22	mon=[4]	energy=-35.350649	energy_0=-23.084771
it=22	mon=[3]	energy=-36.022787	energy_0=-23.079849
it=22	mon=[2]	energy=-36.645942	energy_0=-23.085346
it=22	mon=[1]	energy=-37.024923	energy_0=-23.030296
it=22	mon=[6]	energy=-40.759175	energy_0=-38.798159
##SCC itera=22  conv=7  energy =    -257.83821262  energy0 =    -178.87386213  ( 184.171997 )
it=23	mon=[0]	energy=-36.893029	energy_0=-24.752449
it=23	mon=[5]	energy=-35.141710	energy_0=-23.042992
it=23	mon=[4]	energy=-35.350648	energy_0=-23.084769
it=23	mon=[3]	energy=-36.022786	energy_0=-23.079849
it=23	mon=[2]	energy=-36.645942	energy_0=-23.085348
it=23	mon=[1]	energy=-37.024922	energy_0=-23.030296
it=23	mon=[6]	energy=-40.759175	energy_0=-38.798159
##SCC itera=23  conv=7  energy =    -257.83821232  energy0 =    -178.87386051  ( 179.008012 )
it=24	mon=[0]	energy=-36.893029	energy_0=-24.752444
it=24	mon=[5]	energy=-35.141710	energy_0=-23.042992
it=24	mon=[4]	energy=-35.350649	energy_0=-23.084769
it=24	mon=[3]	energy=-36.022787	energy_0=-23.079850
it=24	mon=[2]	energy=-36.645943	energy_0=-23.085348
it=24	mon=[1]	energy=-37.024922	energy_0=-23.030296
it=24	mon=[6]	energy=-40.759175	energy_0=-38.798159
##SCC itera=24  conv=7  energy =    -257.83821571  energy0 =    -178.87385787  ( 183.408002 )
it=25	mon=[5]	energy=-35.141710	energy_0=-23.042992
it=25	mon=[0]	energy=-36.893029	energy_0=-24.752448
it=25	mon=[4]	energy=-35.350647	energy_0=-23.084769
it=25	mon=[3]	energy=-36.022786	energy_0=-23.079848
it=25	mon=[2]	energy=-36.645943	energy_0=-23.085348
it=25	mon=[1]	energy=-37.024922	energy_0=-23.030295
it=25	mon=[6]	energy=-40.759175	energy_0=-38.798159
##SCC itera=25  conv=7  energy =    -257.83821213  energy0 =    -178.87385957  ( 178.384325 )
it=26	mon=[0]	energy=-36.893029	energy_0=-24.752446
it=26	mon=[5]	energy=-35.141710	energy_0=-23.042992
it=26	mon=[4]	energy=-35.350648	energy_0=-23.084769
it=26	mon=[3]	energy=-36.022786	energy_0=-23.079849
it=26	mon=[1]	energy=-37.024922	energy_0=-23.030296
it=26	mon=[2]	energy=-36.645941	energy_0=-23.085346
it=26	mon=[6]	energy=-40.759175	energy_0=-38.798159
##SCC itera=26  conv=7  energy =    -257.83821162  energy0 =    -178.87385694  ( 182.051973 )
it=27	mon=[0]	energy=-36.893029	energy_0=-24.752444
it=27	mon=[5]	energy=-35.141710	energy_0=-23.042992
it=27	mon=[4]	energy=-35.350648	energy_0=-23.084769
it=27	mon=[3]	energy=-36.022786	energy_0=-23.079846
it=27	mon=[2]	energy=-36.645943	energy_0=-23.085348
it=27	mon=[1]	energy=-37.024922	energy_0=-23.030295
it=27	mon=[6]	energy=-40.759173	energy_0=-38.798157
##SCC itera=27  conv=7  energy =    -257.83821120  energy0 =    -178.87385118  ( 178.500014 )
it=28	mon=[5]	energy=-35.141710	energy_0=-23.042992
it=28	mon=[0]	energy=-36.893029	energy_0=-24.752446
it=28	mon=[4]	energy=-35.350648	energy_0=-23.084769
it=28	mon=[3]	energy=-36.022786	energy_0=-23.079847
it=28	mon=[2]	energy=-36.645941	energy_0=-23.085345
it=28	mon=[6]	energy=-40.759173	energy_0=-38.798157
it=28	mon=[1]	energy=-37.024922	energy_0=-23.030296
##SCC itera=28  conv=7  energy =    -257.83820920  energy0 =    -178.87385139  ( 177.788325 )
it=29	mon=[5]	energy=-35.141710	energy_0=-23.042992
it=29	mon=[0]	energy=-36.893029	energy_0=-24.752444
it=29	mon=[4]	energy=-35.350649	energy_0=-23.084769
it=29	mon=[3]	energy=-36.022787	energy_0=-23.079850
it=29	mon=[1]	energy=-37.024922	energy_0=-23.030296
it=29	mon=[2]	energy=-36.645943	energy_0=-23.085347
it=29	mon=[6]	energy=-40.759175	energy_0=-38.798159
##SCC itera=29  conv=7  energy =    -257.83821562  energy0 =    -178.87385783  ( 186.052164 )
it=30	mon=[0]	energy=-36.893029	energy_0=-24.752444
it=30	mon=[5]	energy=-35.141710	energy_0=-23.042992
it=30	mon=[4]	energy=-35.350649	energy_0=-23.084769
it=30	mon=[3]	energy=-36.022786	energy_0=-23.079848
it=30	mon=[2]	energy=-36.645943	energy_0=-23.085347
it=30	mon=[1]	energy=-37.024922	energy_0=-23.030296
it=30	mon=[6]	energy=-40.759175	energy_0=-38.798159
##SCC itera=30  conv=7  energy =    -257.83821372  energy0 =    -178.87385530  ( 184.012144 )
##T         ---- Finish SCC procedure ---- : lap time= 5478.299982 ( total etime= 5480.214313 )
it=130	mon=[4, 6]	energy=-75.668129	energy_0=-61.651253
# E=   -75.6681287324 E-DV=   -61.6512534904 DV=   -14.0168752420 DDV=    -0.0163727093
it=130	mon=[3, 2]	energy=-75.050431	energy_0=-61.336932
# E=   -75.0504305817 E-DV=   -61.3369316271 DV=   -13.7134989546 DDV=     0.0174421807
it=130	mon=[3, 1]	energy=-72.557122	energy_0=-45.875785
# E=   -72.5571216373 E-DV=   -45.8757846659 DV=   -26.6813369715 DDV=    -0.0102200594
it=130	mon=[1, 6]	energy=-77.753244	energy_0=-61.832720
# E=   -77.7532438146 E-DV=   -61.8327203235 DV=   -15.9205234911 DDV=     0.0046626695
it=130	mon=[3, 6]	energy=-76.596776	energy_0=-61.861734
# E=   -76.5967758425 E-DV=   -61.8617339966 DV=   -14.7350418459 DDV=    -0.0067661366
it=130	mon=[4, 1]	energy=-72.166214	energy_0=-46.111172
# E=   -72.1662137920 E-DV=   -46.1111722834 DV=   -26.0550415087 DDV=    -0.0027275768
it=130	mon=[2, 6]	energy=-77.386539	energy_0=-61.883951
# E=   -77.3865386056 E-DV=   -61.8839509370 DV=   -15.5025876685 DDV=     0.0037556419
it=130	mon=[4, 2]	energy=-71.532174	energy_0=-45.934677
# E=   -71.5321736018 E-DV=   -45.9346769522 DV=   -25.5974966497 DDV=    -0.0044676163
