Will Run VQE
ngroup       = 8
nioprocs     = 1
niogroup     = 1
nmaxprocs    = 10
group size   = 1
# of threads = 24
nintic       = 2048
input file name       = ./samples/alkane/C8H18_2-2-5_4-4-10.inp
prefix of output file = 
local input dir.      = ./
# of total invoked procs = 10 (=1iog*1iop+1+8gr*1pr)
master host name = gwonhaklee-System-Product-Name
-----------------------------------------------------
 # of data = 11
nfrag = 8
##T                  Finish Initialization : lap time=   0.000226 ( total etime=   0.000226 )
****** LIST OF HOST NAME (MSERV(ID=0))******
rank=  0 : gwonhaklee-System-Product-Name
********************************
##T        Finish to Create Memory Servers : lap time=   0.045237 ( total etime=   0.045472 )
****** LIST OF HOST NAME (WORKER(ID=0)) ******
rank=  0 : gwonhaklee-System-Product-Name
********************************
****** LIST OF HOST NAME (WORKER(ID=1)) ******
rank=  0 : gwonhaklee-System-Product-Name
********************************
****** LIST OF HOST NAME (WORKER(ID=2)) ******
rank=  0 : gwonhaklee-System-Product-Name
********************************
****** LIST OF HOST NAME (WORKER(ID=3)) ******
rank=  0 : gwonhaklee-System-Product-Name
********************************
****** LIST OF HOST NAME (WORKER(ID=4)) ******
rank=  0 : gwonhaklee-System-Product-Name
********************************
****** LIST OF HOST NAME (WORKER(ID=5)) ******
rank=  0 : gwonhaklee-System-Product-Name
********************************
****** LIST OF HOST NAME (WORKER(ID=6)) ******
rank=  0 : gwonhaklee-System-Product-Name
********************************
##T               Finish to Create Workers : lap time=   0.620031 ( total etime=   0.665512 )
****** LIST OF HOST NAME (WORKER(ID=7)) ******
rank=  0 : gwonhaklee-System-Product-Name
********************************
##T     Finish to Connect Mservs & Workers : lap time=   0.942535 ( total etime=   1.608055 )
calc. inter-frag distance list = 5
##T    Finish to Calculate Initial Density : lap time=   0.564016 ( total etime=   2.373733 )
---- start SCC (maxscc=30, sccconv=7) ----
it=1	mon=[0]	energy=-21.045052	energy_0=-24.899050
it=1	mon=[6]	energy=-34.153575	energy_0=-22.708840
it=1	mon=[5]	energy=-32.564340	energy_0=-22.364243
it=1	mon=[4]	energy=-25.227946	energy_0=-22.115318
it=1	mon=[3]	energy=-23.997579	energy_0=-22.115913
it=1	mon=[1]	energy=-20.989486	energy_0=-22.539590
it=1	mon=[2]	energy=-22.672744	energy_0=-22.120989
it=1	mon=[7]	energy=-42.356214	energy_0=-38.371976
##SCC itera= 1  conv=2  energy =    -223.00693526  energy0 =    -197.23591797  ( 201.071796 )
it=2	mon=[0]	energy=-33.564831	energy_0=-24.866938
it=2	mon=[6]	energy=-36.302025	energy_0=-22.827991
it=2	mon=[5]	energy=-36.644699	energy_0=-22.586964
it=2	mon=[4]	energy=-36.064913	energy_0=-22.553806
it=2	mon=[3]	energy=-35.188493	energy_0=-22.555261
it=2	mon=[1]	energy=-34.385981	energy_0=-22.550830
it=2	mon=[7]	energy=-42.454938	energy_0=-38.558455
it=2	mon=[2]	energy=-34.595110	energy_0=-22.593520
##SCC itera= 2  conv=2  energy =    -289.20098900  energy0 =    -199.09376419  ( 196.172074 )
it=3	mon=[0]	energy=-34.697141	energy_0=-24.846754
it=3	mon=[6]	energy=-35.516414	energy_0=-22.962391
it=3	mon=[4]	energy=-35.431323	energy_0=-22.897969
it=3	mon=[5]	energy=-35.604851	energy_0=-22.930270
it=3	mon=[3]	energy=-35.402247	energy_0=-22.912026
it=3	mon=[1]	energy=-35.187840	energy_0=-22.918128
it=3	mon=[7]	energy=-41.736990	energy_0=-38.720160
it=3	mon=[2]	energy=-35.301658	energy_0=-22.914522
##SCC itera= 3  conv=2  energy =    -288.87846511  energy0 =    -201.10221849  ( 202.160079 )
it=4	mon=[0]	energy=-36.015720	energy_0=-24.794604
it=4	mon=[6]	energy=-35.357697	energy_0=-23.006557
it=4	mon=[5]	energy=-35.486618	energy_0=-23.009492
it=4	mon=[4]	energy=-35.837060	energy_0=-23.007476
it=4	mon=[3]	energy=-35.977409	energy_0=-23.012277
it=4	mon=[7]	energy=-41.201724	energy_0=-38.771511
it=4	mon=[1]	energy=-36.312049	energy_0=-22.968211
it=4	mon=[2]	energy=-36.183680	energy_0=-23.017339
##SCC itera= 4  conv=2  energy =    -292.37195728  energy0 =    -201.58746741  ( 199.860303 )
it=5	mon=[0]	energy=-36.480280	energy_0=-24.775052
it=5	mon=[6]	energy=-35.203201	energy_0=-23.028126
it=5	mon=[5]	energy=-35.350036	energy_0=-23.053936
it=5	mon=[4]	energy=-35.840877	energy_0=-23.054556
it=5	mon=[3]	energy=-36.204955	energy_0=-23.058583
it=5	mon=[1]	energy=-36.751030	energy_0=-23.008137
it=5	mon=[2]	energy=-36.540183	energy_0=-23.056817
it=5	mon=[7]	energy=-40.936068	energy_0=-38.782860
##SCC itera= 5  conv=2  energy =    -293.30663098  energy0 =    -201.81806605  ( 209.724121 )
it=6	mon=[6]	energy=-35.146988	energy_0=-23.038134
it=6	mon=[0]	energy=-36.764402	energy_0=-24.761149
it=6	mon=[5]	energy=-35.301605	energy_0=-23.074254
it=6	mon=[4]	energy=-35.877608	energy_0=-23.075784
it=6	mon=[3]	energy=-36.306579	energy_0=-23.077268
it=6	mon=[2]	energy=-36.721206	energy_0=-23.075070
it=6	mon=[1]	energy=-36.978472	energy_0=-23.021367
it=6	mon=[7]	energy=-40.810214	energy_0=-38.791849
##SCC itera= 6  conv=4  energy =    -293.90707434  energy0 =    -201.91487615  ( 201.307981 )
it=7	mon=[0]	energy=-36.887332	energy_0=-24.755168
it=7	mon=[6]	energy=-35.110449	energy_0=-23.042556
it=7	mon=[5]	energy=-35.276622	energy_0=-23.082560
it=7	mon=[4]	energy=-35.897324	energy_0=-23.084152
it=7	mon=[3]	energy=-36.362270	energy_0=-23.085164
it=7	mon=[1]	energy=-37.086603	energy_0=-23.028402
it=7	mon=[2]	energy=-36.806987	energy_0=-23.081948
it=7	mon=[7]	energy=-40.747136	energy_0=-38.796204
##SCC itera= 7  conv=4  energy =    -294.17472305  energy0 =    -201.95615289  ( 203.512009 )
it=8	mon=[0]	energy=-36.950756	energy_0=-24.751969
it=8	mon=[5]	energy=-35.262971	energy_0=-23.086422
it=8	mon=[6]	energy=-35.093951	energy_0=-23.044582
it=8	mon=[4]	energy=-35.902915	energy_0=-23.088226
it=8	mon=[3]	energy=-36.385041	energy_0=-23.088689
it=8	mon=[1]	energy=-37.136820	energy_0=-23.031186
it=8	mon=[2]	energy=-36.846560	energy_0=-23.085344
it=8	mon=[7]	energy=-40.717966	energy_0=-38.798054
##SCC itera= 8  conv=4  energy =    -294.29697879  energy0 =    -201.97447062  ( 209.216370 )
it=9	mon=[0]	energy=-36.978914	energy_0=-24.750559
it=9	mon=[5]	energy=-35.256740	energy_0=-23.088218
it=9	mon=[6]	energy=-35.085824	energy_0=-23.045530
it=9	mon=[4]	energy=-35.905697	energy_0=-23.090032
it=9	mon=[3]	energy=-36.396266	energy_0=-23.090346
it=9	mon=[2]	energy=-36.864855	energy_0=-23.086831
it=9	mon=[7]	energy=-40.704405	energy_0=-38.798945
it=9	mon=[1]	energy=-37.160517	energy_0=-23.032615
##SCC itera= 9  conv=6  energy =    -294.35321780  energy0 =    -201.98307517  ( 211.543986 )
it=10	mon=[0]	energy=-36.992705	energy_0=-24.749857
it=10	mon=[5]	energy=-35.253685	energy_0=-23.089043
it=10	mon=[6]	energy=-35.082016	energy_0=-23.045971
it=10	mon=[4]	energy=-35.906929	energy_0=-23.090900
it=10	mon=[3]	energy=-36.401231	energy_0=-23.091103
it=10	mon=[2]	energy=-36.873564	energy_0=-23.087541
it=10	mon=[7]	energy=-40.698006	energy_0=-38.799338
it=10	mon=[1]	energy=-37.171557	energy_0=-23.033237
##SCC itera=10  conv=6  energy =    -294.37969414  energy0 =    -201.98699005  ( 217.348009 )
it=11	mon=[0]	energy=-36.998993	energy_0=-24.749538
it=11	mon=[5]	energy=-35.252288	energy_0=-23.089427
it=11	mon=[6]	energy=-35.080207	energy_0=-23.046178
it=11	mon=[4]	energy=-35.907466	energy_0=-23.091294
it=11	mon=[3]	energy=-36.403637	energy_0=-23.091456
it=11	mon=[1]	energy=-37.176744	energy_0=-23.033537
it=11	mon=[2]	energy=-36.877555	energy_0=-23.087866
it=11	mon=[7]	energy=-40.695031	energy_0=-38.799527
##SCC itera=11  conv=6  energy =    -294.39192099  energy0 =    -201.98882400  ( 200.832332 )
it=12	mon=[0]	energy=-37.001994	energy_0=-24.749387
it=12	mon=[5]	energy=-35.251622	energy_0=-23.089606
it=12	mon=[6]	energy=-35.079377	energy_0=-23.046275
it=12	mon=[4]	energy=-35.907724	energy_0=-23.091480
it=12	mon=[3]	energy=-36.404716	energy_0=-23.091624
it=12	mon=[2]	energy=-36.879427	energy_0=-23.088017
it=12	mon=[1]	energy=-37.179150	energy_0=-23.033678
it=12	mon=[7]	energy=-40.693644	energy_0=-38.799612
##SCC itera=12  conv=7  energy =    -294.39765391  energy0 =    -201.98967937  ( 206.720338 )
it=13	mon=[6]	energy=-35.078983	energy_0=-23.046318
it=13	mon=[0]	energy=-37.003377	energy_0=-24.749314
it=13	mon=[5]	energy=-35.251312	energy_0=-23.089693
it=13	mon=[4]	energy=-35.907832	energy_0=-23.091565
it=13	mon=[3]	energy=-36.405231	energy_0=-23.091701
it=13	mon=[2]	energy=-36.880295	energy_0=-23.088089
it=13	mon=[1]	energy=-37.180281	energy_0=-23.033745
it=13	mon=[7]	energy=-40.693001	energy_0=-38.799655
##SCC itera=13  conv=7  energy =    -294.40031236  energy0 =    -201.99008082  ( 197.708078 )
it=14	mon=[5]	energy=-35.251168	energy_0=-23.089731
it=14	mon=[0]	energy=-37.004029	energy_0=-24.749283
it=14	mon=[6]	energy=-35.078800	energy_0=-23.046341
it=14	mon=[4]	energy=-35.907887	energy_0=-23.091608
it=14	mon=[3]	energy=-36.405462	energy_0=-23.091736
it=14	mon=[1]	energy=-37.180806	energy_0=-23.033777
it=14	mon=[2]	energy=-36.880702	energy_0=-23.088123
it=14	mon=[7]	energy=-40.692698	energy_0=-38.799668
##SCC itera=14  conv=7  energy =    -294.40155243  energy0 =    -201.99026782  ( 194.423951 )
it=15	mon=[0]	energy=-37.004332	energy_0=-24.749265
it=15	mon=[6]	energy=-35.078715	energy_0=-23.046348
it=15	mon=[5]	energy=-35.251099	energy_0=-23.089747
it=15	mon=[4]	energy=-35.907911	energy_0=-23.091625
it=15	mon=[3]	energy=-36.405572	energy_0=-23.091753
it=15	mon=[2]	energy=-36.880889	energy_0=-23.088140
it=15	mon=[1]	energy=-37.181050	energy_0=-23.033789
it=15	mon=[7]	energy=-40.692556	energy_0=-38.799677
##SCC itera=15  conv=7  energy =    -294.40212447  energy0 =    -201.99034450  ( 200.792134 )
it=16	mon=[0]	energy=-37.004474	energy_0=-24.749257
it=16	mon=[5]	energy=-35.251068	energy_0=-23.089757
it=16	mon=[6]	energy=-35.078675	energy_0=-23.046356
it=16	mon=[4]	energy=-35.907921	energy_0=-23.091632
it=16	mon=[3]	energy=-36.405623	energy_0=-23.091760
it=16	mon=[2]	energy=-36.880980	energy_0=-23.088147
it=16	mon=[7]	energy=-40.692494	energy_0=-38.799686
it=16	mon=[1]	energy=-37.181163	energy_0=-23.033795
##SCC itera=16  conv=7  energy =    -294.40239791  energy0 =    -201.99039081  ( 228.685891 )
it=17	mon=[0]	energy=-37.004541	energy_0=-24.749254
it=17	mon=[6]	energy=-35.078656	energy_0=-23.046357
it=17	mon=[5]	energy=-35.251052	energy_0=-23.089757
it=17	mon=[4]	energy=-35.907928	energy_0=-23.091638
it=17	mon=[3]	energy=-36.405648	energy_0=-23.091766
it=17	mon=[2]	energy=-36.881018	energy_0=-23.088149
it=17	mon=[7]	energy=-40.692463	energy_0=-38.799687
it=17	mon=[1]	energy=-37.181218	energy_0=-23.033797
##SCC itera=17  conv=7  energy =    -294.40252295  energy0 =    -201.99040497  ( 220.193737 )
it=18	mon=[0]	energy=-37.004573	energy_0=-24.749254
it=18	mon=[6]	energy=-35.078645	energy_0=-23.046354
it=18	mon=[5]	energy=-35.251049	energy_0=-23.089766
it=18	mon=[4]	energy=-35.907930	energy_0=-23.091639
it=18	mon=[3]	energy=-36.405657	energy_0=-23.091765
it=18	mon=[2]	energy=-36.881039	energy_0=-23.088153
it=18	mon=[7]	energy=-40.692450	energy_0=-38.799689
it=18	mon=[1]	energy=-37.181244	energy_0=-23.033802
##SCC itera=18  conv=7  energy =    -294.40258718  energy0 =    -201.99042215  ( 201.984147 )
it=19	mon=[0]	energy=-37.004589	energy_0=-24.749255
it=19	mon=[6]	energy=-35.078642	energy_0=-23.046357
it=19	mon=[5]	energy=-35.251043	energy_0=-23.089764
it=19	mon=[4]	energy=-35.907931	energy_0=-23.091641
it=19	mon=[3]	energy=-36.405661	energy_0=-23.091761
it=19	mon=[2]	energy=-36.881045	energy_0=-23.088151
it=19	mon=[1]	energy=-37.181254	energy_0=-23.033799
it=19	mon=[7]	energy=-40.692442	energy_0=-38.799686
##SCC itera=19  conv=7  energy =    -294.40260818  energy0 =    -201.99041485  ( 203.584095 )
it=20	mon=[0]	energy=-37.004596	energy_0=-24.749256
it=20	mon=[6]	energy=-35.078642	energy_0=-23.046359
it=20	mon=[5]	energy=-35.251041	energy_0=-23.089763
it=20	mon=[4]	energy=-35.907930	energy_0=-23.091641
it=20	mon=[3]	energy=-36.405665	energy_0=-23.091765
it=20	mon=[2]	energy=-36.881052	energy_0=-23.088156
it=20	mon=[7]	energy=-40.692441	energy_0=-38.799689
it=20	mon=[1]	energy=-37.181263	energy_0=-23.033806
##SCC itera=20  conv=7  energy =    -294.40262968  energy0 =    -201.99043510  ( 213.832037 )
it=21	mon=[0]	energy=-37.004597	energy_0=-24.749253
it=21	mon=[6]	energy=-35.078642	energy_0=-23.046361
it=21	mon=[5]	energy=-35.251041	energy_0=-23.089764
it=21	mon=[4]	energy=-35.907931	energy_0=-23.091640
it=21	mon=[3]	energy=-36.405668	energy_0=-23.091768
it=21	mon=[2]	energy=-36.881053	energy_0=-23.088154
it=21	mon=[1]	energy=-37.181262	energy_0=-23.033800
it=21	mon=[7]	energy=-40.692439	energy_0=-38.799687
##SCC itera=21  conv=7  energy =    -294.40263135  energy0 =    -201.99042609  ( 199.792077 )
it=22	mon=[0]	energy=-37.004597	energy_0=-24.749253
it=22	mon=[6]	energy=-35.078639	energy_0=-23.046358
it=22	mon=[5]	energy=-35.251040	energy_0=-23.089763
it=22	mon=[4]	energy=-35.907933	energy_0=-23.091642
it=22	mon=[3]	energy=-36.405669	energy_0=-23.091767
it=22	mon=[2]	energy=-36.881057	energy_0=-23.088157
it=22	mon=[7]	energy=-40.692434	energy_0=-38.799682
it=22	mon=[1]	energy=-37.181264	energy_0=-23.033803
##SCC itera=22  conv=7  energy =    -294.40263319  energy0 =    -201.99042399  ( 201.460058 )
it=23	mon=[6]	energy=-35.078640	energy_0=-23.046359
it=23	mon=[0]	energy=-37.004597	energy_0=-24.749250
it=23	mon=[5]	energy=-35.251040	energy_0=-23.089763
it=23	mon=[4]	energy=-35.907933	energy_0=-23.091642
it=23	mon=[3]	energy=-36.405669	energy_0=-23.091769
it=23	mon=[1]	energy=-37.181268	energy_0=-23.033806
it=23	mon=[2]	energy=-36.881055	energy_0=-23.088156
it=23	mon=[7]	energy=-40.692434	energy_0=-38.799683
##SCC itera=23  conv=7  energy =    -294.40263549  energy0 =    -201.99042829  ( 202.840151 )
it=24	mon=[6]	energy=-35.078639	energy_0=-23.046358
it=24	mon=[0]	energy=-37.004597	energy_0=-24.749250
it=24	mon=[5]	energy=-35.251040	energy_0=-23.089763
it=24	mon=[4]	energy=-35.907933	energy_0=-23.091642
it=24	mon=[3]	energy=-36.405669	energy_0=-23.091766
it=24	mon=[2]	energy=-36.881057	energy_0=-23.088155
it=24	mon=[1]	energy=-37.181266	energy_0=-23.033804
it=24	mon=[7]	energy=-40.692435	energy_0=-38.799683
##SCC itera=24  conv=7  energy =    -294.40263517  energy0 =    -201.99042190  ( 194.956032 )
it=25	mon=[6]	energy=-35.078639	energy_0=-23.046358
it=25	mon=[0]	energy=-37.004597	energy_0=-24.749250
it=25	mon=[5]	energy=-35.251040	energy_0=-23.089763
it=25	mon=[4]	energy=-35.907933	energy_0=-23.091642
it=25	mon=[3]	energy=-36.405669	energy_0=-23.091769
it=25	mon=[2]	energy=-36.881057	energy_0=-23.088156
it=25	mon=[7]	energy=-40.692435	energy_0=-38.799685
it=25	mon=[1]	energy=-37.181268	energy_0=-23.033805
##SCC itera=25  conv=7  energy =    -294.40263718  energy0 =    -201.99042857  ( 207.980333 )
it=26	mon=[0]	energy=-37.004601	energy_0=-24.749254
it=26	mon=[5]	energy=-35.251040	energy_0=-23.089763
it=26	mon=[6]	energy=-35.078639	energy_0=-23.046358
it=26	mon=[4]	energy=-35.907933	energy_0=-23.091642
it=26	mon=[3]	energy=-36.405669	energy_0=-23.091766
it=26	mon=[2]	energy=-36.881057	energy_0=-23.088155
it=26	mon=[7]	energy=-40.692435	energy_0=-38.799685
it=26	mon=[1]	energy=-37.181266	energy_0=-23.033805
##SCC itera=26  conv=7  energy =    -294.40263906  energy0 =    -201.99042850  ( 209.472223 )
==== SCC converged ====
##T         ---- Finish SCC procedure ---- : lap time= 5343.803715 ( total etime= 5346.177471 )
it=130	mon=[4, 1]	energy=-72.869782	energy_0=-46.124411
# E=   -72.8697817166 E-DV=   -46.1244106852 DV=   -26.7453710314 DDV=    -0.0037460096
it=130	mon=[1, 7]	energy=-77.871494	energy_0=-61.836159
# E=   -77.8714936897 E-DV=   -61.8361586130 DV=   -16.0353350767 DDV=     0.0044218135
it=130	mon=[3, 2]	energy=-75.597361	energy_0=-61.331731
# E=   -75.5973612118 E-DV=   -61.3317309835 DV=   -14.2656302282 DDV=     0.0187058660
it=130	mon=[4, 7]	energy=-76.423431	energy_0=-61.879523
# E=   -76.4234310737 E-DV=   -61.8795231127 DV=   -14.5439079610 DDV=    -0.0068192403
it=130	mon=[3, 1]	energy=-73.078422	energy_0=-45.888794
# E=   -73.0784218012 E-DV=   -45.8887938759 DV=   -27.1896279253 DDV=    -0.0114036737
it=130	mon=[3, 7]	energy=-77.080771	energy_0=-61.889809
# E=   -77.0807706123 E-DV=   -61.8898088218 DV=   -15.1909617904 DDV=     0.0036389621
it=130	mon=[4, 2]	energy=-72.306560	energy_0=-45.944482
# E=   -72.3065600727 E-DV=   -45.9444816563 DV=   -26.3620784164 DDV=    -0.0049527210
it=130	mon=[2, 7]	energy=-77.547002	energy_0=-61.891727
# E=   -77.5470016624 E-DV=   -61.8917273049 DV=   -15.6552743575 DDV=     0.0035612532
it=130	mon=[5, 1]	energy=-72.406508	energy_0=-46.137152
# E=   -72.4065083048 E-DV=   -46.1371515051 DV=   -26.2693567997 DDV=     0.0093043831
it=130	mon=[5, 7]	energy=-75.505682	energy_0=-61.658060
# E=   -75.5056820915 E-DV=   -61.6580598277 DV=   -13.8476222638 DDV=    -0.0166554021
it=130	mon=[2, 1]	energy=-76.358466	energy_0=-61.263718
# E=   -76.3584662791 E-DV=   -61.2637180816 DV=   -15.0947481974 DDV=     0.0084158306
it=130	mon=[5, 4]	energy=-73.533254	energy_0=-61.339788
# E=   -73.5332539643 E-DV=   -61.3397875752 DV=   -12.1934663891 DDV=     0.0183434897
it=130	mon=[6, 1]	energy=-72.270855	energy_0=-46.069888
# E=   -72.2708549980 E-DV=   -46.0698880902 DV=   -26.2009669078 DDV=     0.0051143946
it=130	mon=[5, 2]	energy=-71.927962	energy_0=-46.173702
# E=   -71.9279618116 E-DV=   -46.1737024469 DV=   -25.7542593647 DDV=    -0.0028066432
it=130	mon=[5, 3]	energy=-71.197627	energy_0=-45.946356
# E=   -71.1976266151 E-DV=   -45.9463558363 DV=   -25.2512707787 DDV=    -0.0068078808
it=130	mon=[0, 7]	energy=-77.635397	energy_0=-63.544334
# E=   -77.6353973138 E-DV=   -63.5443336700 DV=   -14.0910636438 DDV=     0.0010787669
it=130	mon=[6, 2]	energy=-72.016051	energy_0=-46.115918
# E=   -72.0160508822 E-DV=   -46.1159180689 DV=   -25.9001328133 DDV=     0.0041301005
it=130	mon=[6, 4]	energy=-70.852818	energy_0=-45.850398
# E=   -70.8528184830 E-DV=   -45.8503980067 DV=   -25.0024204763 DDV=    -0.0223046432
it=130	mon=[4, 3]	energy=-74.658839	energy_0=-61.338519
# E=   -74.6588391098 E-DV=   -61.3385185521 DV=   -13.3203205576 DDV=     0.0137224665
