-------- parallel information --------
 # of process = 1
 # of threads = 24
 Buffer size  = 4096 (MB)
-------- input information -----------
 Input   = ./samples/O2.inp
--------------------------------------
nat = 2
=============== INPUT DATA (A) ================
 O     0.00000     0.00000     0.00000
 O     0.00000     0.00000     1.20800
===============================================
nelec = 16,  nocc = 8
nat=2, ncs=10, nao=18, nps=28
S-TYPE: [  0,   6)
P-TYPE: [  6,  10)
== allocd memory size in ofmo-scf.c =      0.017 MB
ncspair = 55, npspair = 448 
******************** cutoff results **********************
      :     NCS PAIR                   NPS PAIR           
cstype: surved/ total (  rate)     surved/   total (  rate)
 (S|S):     21/    21 (100.00)        218/     246 ( 88.62)
 (P|S):     24/    24 (100.00)        154/     160 ( 96.25)
 (P|P):     10/    10 (100.00)         42/      42 (100.00)
**********************************************************
etime (buffer int2e) =  0.029210
Enuc =     28.0358807544
scfd scfe eps_ps4 eps_sch eps_eri: 1.00e-05 1.00e-08 1.00e-20 1.00e-12 1.00e-15
Allocated memory in ofmo_diis =    0.024 MB
g_incore: 100000
    1 :   -148.5644119902 (   -148.5644119902 ) ( 0.1548993)
    2 :   -149.4127832386 (     -0.8483712484 ) ( 0.1031284)
    3 :   -149.4576077338 (     -0.0448244953 ) ( 0.0159269)
    4 :   -149.4610561832 (     -0.0034484493 ) ( 0.0072211)
    5 :   -149.4613481686 (     -0.0002919855 ) ( 0.0011555)
    6 :   -149.4613753405 (     -0.0000271719 ) ( 0.0002304)
    7 :   -149.4613760689 (     -0.0000007283 ) ( 0.0000133)
    8 :   -149.4613760711 (     -0.0000000022 ) ( 0.0000006)
start printing
start printing
start printing
start printing
start printing
start printing
start printing
start printing
start printing
start printing
start printing
start printing
start printing
start printing
start printing
start printing
start printing
start printing
start printing
start printing
start printing
start printing
start printing
start printing
ERROR : Not enough buffer
5 5 2 2 0.0992819
5 5 5 2 0.1297146
5 3 2 2 0.0358561
2 2 2 2 0.0732912
4 4 2 2 0.1053490
5 1 2 2 0.0854506
5 1 5 2 0.0832634
5 1 5 5 0.0630724
5 1 2 1 0.1617511
5 1 4 2 0.0434258
5 1 5 1 0.0287905
ERROR : Not enough buffer
4 2 2 2 0.0630724
4 2 5 2 0.0832634
4 2 5 5 0.0854506
4 2 2 1 0.1044951
4 2 4 2 0.0287905
3 2 2 2 0.0094293
3 2 5 2 0.0142353
4 3 2 2 0.0500382
4 3 5 2 0.0756199
4 3 5 5 0.0932455
4 3 2 1 0.0781068
4 3 4 2 0.0612952
4 3 5 1 0.0332417
4 3 5 4 0.1974128
4 3 2 0 0.0171245
4 3 3 2 0.0219779
4 3 5 0 0.0045255
4 3 5 3 0.0866357
4 3 1 1 0.0511816
0 0 2 2 0.2054160
0 0 5 2 0.1647798
0 0 5 5 0.1074623
0 0 2 1 0.4375324
3 3 2 2 0.1074623
3 3 5 2 0.1647798
3 3 5 5 0.2054160
3 3 2 1 0.1671969
3 3 4 2 0.1350141
3 3 5 1 0.0713768
3 3 5 4 0.4375324
3 3 2 0 0.0366393
3 3 3 2 0.0677474
3 3 5 0 0.0096827
3 3 5 3 0.2689866
3 3 1 1 0.1095138
4 4 5 2 0.1515515
3 3 4 1 0.0359938
3 0 2 2 0.0000000
5 5 5 5 0.0732912
14 0 2 2 -0.0042654
14 0 5 2 -0.0037265
3 1 2 2 0.0009708
11 5 2 2 0.1305428
3 1 5 2 0.0014362
3 2 5 5 0.0172011
3 1 5 5 0.0016240
3 1 2 1 0.0015454
8 3 2 2 0.0025070
14 4 2 2 -0.0376419
14 4 5 2 -0.0436320
14 4 2 1 -0.0697359
5 2 2 2 0.1297146
4 3 4 1 0.0166554
5 2 5 2 0.0717868
5 3 5 2 0.0544149
0 0 4 2 0.0713768
0 0 5 1 0.1350141
5 3 5 5 0.0673131
5 0 2 2 0.0172011
5 0 5 2 0.0142353
5 0 5 5 0.0094293
5 0 2 1 0.0364465
5 0 4 2 0.0063318
5 0 5 1 0.0115755
5 0 5 4 0.0147709
5 0 2 0 0.0178092
5 0 3 2 0.0008570
14 0 5 5 -0.0025070
14 0 2 1 -0.0090029
14 0 4 2 -0.0017288
5 0 5 0 0.0022787
11 5 5 2 0.1703047
11 5 5 5 0.1771883
11 5 2 1 0.2119483
11 5 4 2 0.1108846
2 1 2 2 0.2625702
2 1 5 2 0.2235234
2 1 5 5 0.1591496
2 1 2 1 0.2525628
8 3 5 2 0.0037265
11 1 5 2 0.0243758
ERROR : Not enough buffer
11 1 5 5 0.0231205
1 1 2 2 0.1806234
4 3 4 4 0.1474906
5 4 2 2 0.1591496
5 4 5 2 0.2235234
5 4 5 5 0.2625702
5 4 2 1 0.2525775
5 4 4 2 0.1617511
5 4 5 1 0.1044951
5 4 5 4 0.2525628
14 3 2 2 -0.0059433
3 3 4 4 0.3278591
14 3 5 2 -0.0077259
2 0 2 2 0.0673131
14 3 2 1 -0.0105626
17 5 2 2 -0.0534390
14 0 5 1 -0.0030218
17 5 5 2 -0.0466455
4 0 2 2 0.0016240
17 5 2 1 -0.1023300
11 5 5 1 0.0866470
4 1 2 2 0.0267822
11 2 5 2 0.0466455
4 1 5 2 0.0315346
1 1 5 2 0.1515515
4 1 5 5 0.0267822
4 1 2 1 0.0483486
14 4 4 2 -0.0310889
14 4 5 1 -0.0335410
14 4 2 0 -0.0159137
14 4 3 2 -0.0027168
14 4 5 0 -0.0043418
14 4 1 1 -0.0468763
14 4 4 1 -0.0189691
14 4 3 0 -0.0000000
14 4 3 1 -0.0008892
14 4 4 0 -0.0004992
3 0 5 2 0.0000000
14 4 1 0 -0.0222282
14 4 0 0 -0.0475897
2 0 5 2 0.0544149
2 0 5 5 0.0358561
2 0 2 1 0.1427204
3 2 2 1 0.0147709
3 2 4 2 0.0115755
3 2 5 1 0.0063318
3 2 5 4 0.0364465
3 2 2 0 0.0032394
8 0 5 2 0.0077259
8 0 5 5 0.0059433
8 0 4 2 0.0054737
8 0 5 1 0.0068058
3 1 4 2 0.0011617
8 0 5 4 0.0105626
8 0 3 2 0.0006372
8 0 5 0 0.0016851
11 5 5 4 0.3183317
8 0 5 3 0.0023340
8 0 4 1 0.0036721
8 0 4 4 0.0069710
11 2 5 5 0.0534390
8 3 5 5 0.0042654
4 1 4 2 0.0198044
8 3 2 1 0.0039768
4 1 5 1 0.0198044
4 1 5 4 0.0483486
14 1 2 2 -0.0447129
14 1 5 2 -0.0505898
14 1 5 5 -0.0412160
14 1 2 1 -0.0825284
14 1 4 2 -0.0305402
14 1 5 1 -0.0331586
14 1 5 4 -0.0729507
14 1 2 0 -0.0211294
14 1 3 2 -0.0047447
14 1 5 0 -0.0056811
14 1 5 3 -0.0176010
3 3 3 0 0.0000000
14 1 1 1 -0.0572375
14 1 4 1 -0.0137236
14 1 4 4 -0.0496938
14 1 3 0 -0.0000000
14 1 3 1 -0.0005241
14 1 4 0 -0.0006192
14 1 1 0 -0.0293990
12 4 9 2 0.0317336
14 1 4 3 -0.0245384
13 4 10 2 0.0317336
4 0 5 2 0.0014362
14 1 0 0 -0.0638536
11 5 2 0 0.0476137
14 4 11 2 -0.0315160
3 1 5 1 0.0006736
11 5 3 2 0.0211252
8 0 3 0 0.0000000
11 5 5 0 0.0126461
8 0 3 1 0.0000735
8 0 4 0 0.0004984
8 0 4 3 0.0032605
4 3 3 0 0.0000000
4 1 2 0 0.0119538
8 3 4 2 0.0030218
4 4 5 5 0.1806234
8 3 5 1 0.0017288
4 4 2 1 0.1663402
8 3 5 4 0.0090029
4 4 4 2 0.1137437
17 2 2 2 -0.1771883
2 0 4 2 0.0238182
14 3 4 2 -0.0068058
14 0 5 4 -0.0039768
4 0 5 5 0.0009708
14 0 2 0 -0.0041595
17 5 4 2 -0.0205910
14 0 3 2 -0.0002318
12 4 9 5 0.0367835
11 1 4 2 0.0196272
11 2 4 2 0.0391528
11 1 5 1 0.0144944
11 2 5 1 0.0205910
11 5 5 3 0.0814785
11 1 5 4 0.0438805
11 5 1 1 0.1405066
4 1 3 2 0.0032139
5 3 2 1 0.0559174
4 1 5 0 0.0032139
5 3 4 2 0.0442338
5 3 5 1 0.0238182
1 0 2 2 0.0932455
1 0 5 2 0.0756199
1 0 5 5 0.0500382
1 0 2 1 0.1974128
1 0 4 2 0.0332417
1 0 5 1 0.0612952
1 0 5 4 0.0781068
1 0 2 0 0.0866357
8 3 2 0 0.0008736
8 3 3 2 0.0010921
8 3 5 0 0.0002318
8 3 5 3 0.0041595
8 3 1 1 0.0026102
8 3 4 1 0.0008990
8 3 4 4 0.0067132
8 3 3 0 0.0000000
14 1 3 3 -0.0529091
17 5 5 1 -0.0391528
17 5 2 0 -0.0262170
17 5 3 2 -0.0007875
17 5 5 0 -0.0069520
17 5 1 1 -0.0709347
17 5 4 1 -0.0145066
13 4 10 5 0.0367835
17 5 3 0 -0.0000000
14 4 11 5 -0.0384299
12 4 15 2 0.0367835
3 1 5 4 0.0034207
13 4 16 2 0.0367835
11 2 5 4 0.1023300
1 1 5 5 0.1053490
11 1 3 2 0.0028445
0 0 5 4 0.1671969
11 1 5 0 0.0007970
11 5 4 1 0.0374058
11 1 5 3 0.0104668
11 5 4 4 0.2190294
4 3 3 1 0.0019486
4 4 5 1 0.0696368
4 4 5 4 0.3579572
4 4 2 0 0.0366373
4 4 3 2 0.0272360
4 4 5 0 0.0096816
4 4 5 3 0.1066927
1 0 3 2 0.0045255
4 4 1 1 0.1093178
1 0 5 0 0.0219779
14 3 5 1 -0.0054737
8 3 3 1 0.0001049
12 1 9 2 0.0043865
14 0 5 0 -0.0010921
14 0 5 3 -0.0008736
14 4 17 2 0.0650814
14 0 1 1 -0.0067132
3 1 2 0 0.0003397
14 0 4 1 -0.0008990
14 0 4 4 -0.0026102
14 0 3 0 -0.0000000
14 0 3 1 -0.0000246
0 0 2 0 0.2689866
14 0 4 0 -0.0001049
5 3 5 4 0.1427204
11 5 3 0 0.0000000
11 5 3 1 0.0020716
4 1 5 3 0.0119538
11 5 4 0 0.0013355
3 0 5 5 0.0000000
11 5 1 0 0.0664987
3 0 2 1 0.0000000
4 3 4 0 0.0004746
17 2 5 2 -0.1703047
4 3 1 0 0.0239229
3 2 3 2 0.0022787
4 3 4 3 0.0564270
14 3 2 0 -0.0023340
1 0 5 3 0.0171245
8 3 4 0 0.0000246
1 0 1 1 0.1474906
8 3 1 0 0.0012204
8 0 3 3 0.0069762
8 3 4 3 0.0052198
8 3 0 0 0.0026112
8 3 3 3 0.0153953
11 2 3 2 0.0069520
8 5 2 2 0.0597822
0 0 3 2 0.0096827
0 0 5 0 0.0677474
0 0 5 3 0.0366393
0 0 1 1 0.3278591
0 0 4 1 0.0359938
5 3 2 0 0.0122580
5 3 3 2 0.0178092
5 3 5 0 0.0032394
11 1 4 1 0.0095029
11 5 4 3 0.1128998
11 1 4 4 0.0299602
11 5 0 0 0.1424350
11 1 3 0 0.0000000
2 0 5 1 0.0442338
4 0 2 1 0.0034207
13 1 10 2 0.0043865
14 1 11 2 -0.0221481
17 5 3 1 -0.0002710
12 1 9 5 0.0030814
13 1 10 5 0.0030814
14 1 11 5 -0.0580068
12 4 15 5 0.1034408
12 1 15 2 0.0030814
13 1 16 2 0.0030814
14 1 17 2 0.0620108
12 1 15 5 0.0046655
13 4 16 5 0.1034408
1 1 2 1 0.3579572
14 4 17 5 0.1034408
1 1 4 2 0.0696368
12 4 6 2 0.0194611
8 5 5 2 0.0712716
13 4 7 2 0.0194611
8 5 5 5 0.0589609
4 1 1 1 0.0332047
8 5 2 1 0.1090070
4 1 4 1 0.0042622
17 2 5 5 -0.1305428
17 2 2 1 -0.3183317
17 2 4 2 -0.0866470
17 2 5 1 -0.1108846
17 2 5 4 -0.2119483
17 2 2 0 -0.0814785
17 2 3 2 -0.0126461
17 3 2 2 -0.0008111
4 0 4 2 0.0006736
14 3 3 2 -0.0016851
4 0 5 1 0.0011617
4 0 5 4 0.0015454
4 0 2 0 0.0015427
17 5 4 0 -0.0007254
4 0 3 2 0.0000902
3 1 3 2 0.0004069
14 5 2 2 -0.0345503
4 0 5 0 0.0004069
3 3 3 1 0.0056469
4 0 5 3 0.0003397
3 3 4 0 0.0010154
3 3 1 0 0.0511852
4 0 1 1 0.0025477
5 3 5 3 0.0351989
3 3 4 3 0.2991891
11 2 5 0 0.0007875
3 3 0 0 0.1095152
11 5 3 3 0.2484836
3 3 3 3 0.5975558
4 4 4 1 0.0332047
9 5 9 2 0.0393239
4 4 4 4 0.1287096
10 5 10 2 0.0393239
17 5 1 0 -0.0363846
11 5 11 2 0.0787318
9 5 9 5 0.0119645
17 5 0 0 -0.0796663
10 5 10 5 0.0119645
1 0 4 1 0.0166554
11 5 11 5 0.1129709
14 0 1 0 -0.0052198
1 0 4 4 0.0511816
4 0 4 1 0.0003515
14 0 4 3 -0.0012204
1 0 3 0 0.0000000
14 0 0 0 -0.0153953
14 0 3 3 -0.0026112
11 1 3 1 0.0003214
1 1 5 1 0.1137437
1 1 5 4 0.1663402
6 3 9 2 0.0000276
3 1 5 0 0.0000902
7 3 10 2 0.0000276
14 3 5 0 -0.0006372
8 3 11 2 0.0018725
14 5 5 2 -0.0374396
6 3 9 5 0.0000314
0 0 4 4 0.1095138
7 3 10 5 0.0000314
0 0 3 0 0.0000000
17 1 2 2 -0.1619376
4 0 4 4 0.0010149
0 0 3 1 0.0010154
8 5 4 2 0.0428373
1 0 3 1 0.0004746
17 2 5 0 -0.0211252
1 0 4 0 0.0019486
1 0 1 0 0.0564270
6 0 9 2 0.0193607
15 9 2 2 0.1100527
11 1 4 0 0.0002700
16 10 2 2 0.1100527
11 1 4 3 0.0146008
11 1 3 3 0.0314107
1 1 2 0 0.1066927
13 1 16 5 0.0046655
3 1 5 3 0.0015427
14 1 17 5 0.0244378
3 1 1 1 0.0010149
11 4 2 2 0.1080127
3 1 4 1 0.0003515
15 5 9 2 0.0450512
11 4 5 2 0.1482098
14 4 8 2 -0.0338877
17 1 5 2 -0.1482098
11 4 5 5 0.1619376
3 0 4 2 0.0000000
17 1 5 5 -0.1080127
0 0 4 0 0.0056469
17 1 2 1 -0.3107974
17 2 5 3 -0.0476137
17 2 1 1 -0.2190294
7 0 10 2 0.0193607
17 11 2 2 -0.0644992
15 9 5 2 0.1196446
17 0 2 2 -0.0395638
16 10 5 2 0.1196446
17 11 5 2 -0.0823683
12 1 6 2 0.0044650
14 5 2 1 -0.0650998
15 9 5 5 0.1100527
17 3 5 2 -0.0010362
16 10 5 5 0.1100527
17 3 2 1 -0.0014515
16 5 10 2 0.0450512
17 3 4 2 -0.0008871
17 5 11 2 -0.0183156
3 0 5 1 0.0000000
11 2 5 3 0.0262170
8 5 5 1 0.0459939
11 2 4 1 0.0145066
8 5 5 4 0.1033273
8 4 2 2 0.0412160
11 2 4 4 0.0709347
8 4 5 2 0.0505898
8 4 5 5 0.0447129
8 4 2 1 0.0729507
17 2 4 1 -0.0374058
14 3 1 1 -0.0069710
17 2 4 4 -0.1405066
14 3 4 1 -0.0036721
9 1 9 2 0.0552957
14 3 3 0 -0.0000000
3 1 4 4 0.0025477
14 3 3 1 -0.0004984
8 3 11 5 0.0054064
6 3 15 2 0.0000314
7 3 16 2 0.0000314
11 4 2 1 0.1744392
8 3 17 2 -0.0034342
11 4 4 2 0.1057668
6 3 15 5 0.0000759
3 0 5 4 0.0000000
7 3 16 5 0.0000759
3 0 2 0 0.0000000
3 0 3 2 0.0000000
17 1 4 2 -0.0728756
3 0 5 0 0.0000000
3 0 5 3 0.0000000
11 2 3 0 0.0000000
3 0 1 1 0.0000000
11 2 3 1 0.0007254
3 0 4 1 0.0000000
1 1 3 2 0.0096816
3 0 4 4 0.0000000
17 2 3 0 -0.0000000
13 1 7 2 0.0044650
10 1 10 2 0.0552957
14 5 4 2 -0.0237010
3 1 3 0 0.0000000
14 5 5 1 -0.0296869
14 5 2 0 -0.0153701
14 3 4 0 -0.0000735
17 11 5 5 -0.0644992
14 3 1 0 -0.0032605
15 9 2 1 0.1786807
17 3 5 1 -0.0007451
16 10 2 1 0.1786807
17 11 2 1 -0.1114989
0 0 1 0 0.2991891
8 3 17 5 -0.0006238
12 0 9 2 0.0000759
6 3 6 2 0.0000184
7 3 7 2 0.0000184
8 4 4 2 0.0331586
8 0 11 2 0.0193607
8 4 5 1 0.0305402
1 1 5 0 0.0272360
11 2 4 0 0.0002710
1 1 5 3 0.0366373
11 2 4 3 0.0363846
11 2 3 3 0.0796663
1 1 1 1 0.1287096
14 1 8 2 -0.0248322
9 2 9 2 0.0488608
3 1 3 1 0.0000198
10 2 10 2 0.0488608
14 5 3 2 -0.0017111
14 3 0 0 -0.0069762
14 5 5 0 -0.0041799
12 4 6 5 0.0107984
11 4 5 1 0.0728756
0 0 4 3 0.0511852
11 4 5 4 0.3107974
0 0 0 0 0.5975558
17 1 5 1 -0.1057668
11 4 2 0 0.0388501
17 1 5 4 -0.1744392
11 4 3 2 0.0226315
11 4 5 0 0.0102981
6 0 9 5 0.0065132
17 1 2 0 -0.0872697
17 0 5 2 -0.0324474
17 1 3 2 -0.0102981
17 1 5 0 -0.0226315
4 0 3 0 0.0000000
17 1 5 3 -0.0388501
11 2 11 2 0.0488608
17 1 1 1 -0.2199667
17 1 4 1 -0.0339348
17 1 4 4 -0.1152872
17 1 3 0 -0.0000000
15 5 9 5 0.0393239
17 1 3 1 -0.0010885
16 5 10 5 0.0393239
15 9 4 2 0.0648011
17 1 4 0 -0.0022113
2 0 5 4 0.0559174
13 4 7 5 0.0107984
8 5 2 0 0.0277782
14 4 8 5 -0.0379056
13 0 10 2 0.0000759
8 3 8 2 0.0012024
14 0 11 2 -0.0006238
11 4 5 3 0.0872697
7 0 10 5 0.0065132
17 0 5 5 -0.0214428
8 0 11 5 0.0108575
17 2 3 1 -0.0013355
4 0 3 1 0.0000096
6 0 15 2 0.0065132
7 0 16 2 0.0065132
8 1 5 2 0.0436320
11 0 5 2 0.0010362
17 5 11 5 -0.0319284
8 1 5 5 0.0376419
14 5 1 1 -0.0442638
15 5 15 2 0.0393239
14 5 4 1 -0.0150964
17 4 2 2 -0.0231205
16 5 16 2 0.0393239
2 0 2 0 0.0351989
17 4 5 2 -0.0243758
17 4 2 1 -0.0438805
8 5 3 2 0.0065848
6 3 6 5 0.0000111
12 4 9 1 0.0131972
12 0 9 5 0.0000314
13 4 10 1 0.0131972
11 1 11 2 0.0552957
9 1 9 5 0.0205497
17 2 4 0 -0.0020716
12 1 6 5 0.0020485
17 2 1 0 -0.1128998
13 1 7 5 0.0020485
11 0 5 5 0.0008111
14 1 8 5 -0.0311968
17 3 2 0 -0.0003216
8 1 4 2 0.0335410
14 5 3 0 -0.0000000
14 5 3 1 -0.0005639
14 5 4 0 -0.0004738
14 5 1 0 -0.0214455
17 5 17 2 0.0787318
14 5 0 0 -0.0460976
15 5 15 5 0.0488608
16 5 16 5 0.0488608
17 5 17 5 0.0488608
14 2 2 2 -0.0589609
8 5 5 0 0.0076987
8 5 5 3 0.0246144
8 5 1 1 0.0753238
8 5 4 1 0.0190747
7 3 7 5 0.0000111
8 3 8 5 0.0018213
6 3 9 1 0.0000125
13 0 10 5 0.0000314
14 4 11 1 -0.0224321
14 0 11 5 -0.0034342
12 4 9 4 0.0262091
13 4 10 4 0.0262091
8 0 17 2 -0.0074711
14 4 11 4 -0.0376126
8 2 5 2 0.0374396
12 4 12 2 0.0456346
8 2 5 5 0.0345503
16 10 4 2 0.0648011
9 9 2 2 0.1221519
17 11 4 2 -0.0493149
10 10 2 2 0.1221519
11 11 2 2 0.1221519
17 3 3 2 -0.0001693
9 9 5 2 0.1100527
10 10 5 2 0.1100527
17 3 5 0 -0.0000878
11 11 5 2 0.1180138
14 2 5 2 -0.0712716
17 4 4 2 -0.0144944
9 9 5 5 0.0880191
17 4 5 1 -0.0196272
17 0 2 1 -0.0838710
17 4 2 0 -0.0104668
17 4 3 2 -0.0007970
17 0 4 2 -0.0143376
9 6 2 2 0.1611658
12 0 15 2 0.0000314
6 0 15 5 0.0050104
7 0 16 5 0.0050104
11 0 4 2 0.0007451
8 2 4 2 0.0296869
13 4 13 2 0.0456346
14 4 14 2 0.0598745
15 9 5 1 0.0648011
16 10 5 1 0.0648011
17 11 5 1 -0.0493149
8 4 5 4 0.0825284
15 9 5 4 0.1786807
8 4 2 0 0.0176010
17 3 1 1 -0.0009600
8 1 5 1 0.0310889
17 3 4 1 -0.0004894
10 10 5 5 0.0880191
17 3 3 0 -0.0000000
12 5 9 2 0.0291273
10 1 10 5 0.0205497
13 5 10 2 0.0291273
11 1 11 5 0.0380403
17 0 5 1 -0.0263910
9 1 15 2 0.0205497
10 7 2 2 0.1611658
11 8 2 2 0.1611658
9 6 5 2 0.1376593
8 0 17 5 -0.0060199
6 0 6 2 0.0465414
11 0 5 1 0.0008871
7 0 7 2 0.0465414
12 3 9 2 0.0050104
8 0 8 2 0.0465414
12 4 12 5 0.1597925
6 0 6 5 0.0126554
16 10 5 4 0.1786807
13 4 13 5 0.1597925
14 4 14 5 0.1597925
14 2 5 5 -0.0597822
12 4 15 1 0.0078634
11 11 5 5 0.1038608
17 3 3 1 -0.0000515
17 3 4 0 -0.0000101
17 3 1 0 -0.0004493
8 5 4 4 0.0699915
17 4 5 0 -0.0028445
8 5 3 0 0.0000000
4 0 4 0 0.0000198
10 1 16 2 0.0205497
11 1 17 2 -0.0197881
13 0 16 2 0.0000314
17 2 4 3 -0.0664987
14 0 17 2 0.0054064
8 2 5 1 0.0237010
8 2 5 4 0.0650998
8 2 3 2 0.0041799
12 1 9 1 0.0028209
13 3 10 2 0.0050104
13 1 10 1 0.0028209
17 1 1 0 -0.1207612
14 3 11 2 -0.0060199
17 1 4 3 -0.0542684
11 4 1 1 0.1152872
14 2 2 1 -0.1033273
13 4 16 1 0.0078634
9 9 2 1 0.2026947
14 4 17 1 0.0528075
17 3 0 0 -0.0009613
7 3 10 1 0.0000125
14 5 11 2 -0.0250333
8 3 11 1 0.0008163
8 5 3 1 0.0007110
9 1 15 5 0.0194915
10 1 16 5 0.0194915
11 1 17 5 -0.0157968
17 2 0 0 -0.2484836
11 0 5 4 0.0014515
11 0 3 2 0.0000878
11 0 5 0 0.0001693
11 0 5 3 0.0003216
12 0 15 5 0.0000276
14 1 11 1 -0.0153701
13 0 16 5 0.0000276
14 0 17 5 0.0018725
12 3 9 5 0.0065132
17 11 5 4 -0.1114989
13 3 10 5 0.0065132
17 1 0 0 -0.2672833
14 3 11 5 -0.0074711
12 3 15 2 0.0065132
8 1 5 4 0.0697359
14 2 4 2 -0.0459939
8 1 3 2 0.0043418
17 4 1 1 -0.0299602
12 4 15 4 0.0886499
13 4 16 4 0.0886499
14 4 17 4 0.0886499
12 4 9 0 0.0004174
13 4 10 0 0.0004174
17 0 5 4 -0.0335268
14 4 11 0 -0.0008295
12 4 9 3 0.0022904
17 0 2 0 -0.0412659
13 4 10 3 0.0022904
9 1 6 2 0.0665203
8 5 4 0 0.0008864
8 2 5 0 0.0017111
8 5 1 0 0.0386281
8 5 4 3 0.0342971
15 3 9 2 0.0006838
8 5 0 0 0.0840495
8 4 3 2 0.0056811
8 4 5 0 0.0047447
8 4 5 3 0.0211294
15 9 2 0 0.0401402
16 10 2 0 0.0401402
11 4 4 1 0.0339348
17 11 2 0 -0.0259411
14 2 5 1 -0.0428373
15 9 3 2 0.0104227
10 10 2 1 0.2026947
8 1 5 0 0.0027168
17 4 4 1 -0.0095029
8 1 5 3 0.0159137
12 5 9 5 0.0315630
6 3 9 4 0.0000262
17 0 3 2 -0.0019440
7 3 10 4 0.0000262
14 4 11 3 -0.0039535
8 3 11 4 0.0057811
17 2 3 3 -0.1424350
12 4 15 0 0.0001217
11 0 4 1 0.0004894
12 1 9 4 0.0014955
11 0 4 4 0.0009600
11 0 3 0 0.0000000
11 0 3 1 0.0000101
16 3 10 2 0.0006838
11 0 4 0 0.0000515
8 5 3 3 0.0740704
11 0 4 3 0.0004493
12 0 6 2 0.0001579
11 0 3 3 0.0009613
11 4 4 4 0.2199667
14 2 5 4 -0.1090070
13 3 16 2 0.0065132
11 11 2 1 0.2026947
14 3 17 2 0.0108575
17 4 3 0 -0.0000000
11 3 2 2 0.0214428
17 4 3 1 -0.0002700
17 4 4 0 -0.0003214
17 4 1 0 -0.0146008
17 4 0 0 -0.0314107
13 5 10 5 0.0315630
10 7 5 2 0.1376593
11 8 5 2 0.1443577
10 1 7 2 0.0665203
6 3 12 2 0.0000514
7 3 13 2 0.0000514
15 2 9 2 0.0393239
8 2 5 3 0.0153701
13 4 16 0 0.0001217
13 1 10 4 0.0014955
8 2 4 1 0.0150964
7 0 7 5 0.0126554
14 1 11 4 -0.0516241
17 1 3 3 -0.1161603
8 0 8 5 0.0153731
6 0 9 1 0.0201664
14 2 2 0 -0.0246144
16 10 3 2 0.0104227
15 1 9 2 0.0173590
17 11 3 2 -0.0071182
12 3 15 5 0.0193607
11 4 3 0 0.0000000
11 4 3 1 0.0022113
11 4 4 0 0.0010885
11 4 1 0 0.0542684
11 4 4 3 0.1207612
11 4 0 0 0.1161603
11 4 3 3 0.2672833
11 1 8 2 0.0665203
9 1 6 5 0.0195784
15 4 9 2 0.0194915
10 1 7 5 0.0195784
9 4 9 2 0.0092993
10 4 10 2 0.0092993
16 2 10 2 0.0393239
11 4 11 2 0.0699214
17 3 11 2 -0.0008010
9 4 9 5 0.0082457
8 4 1 1 0.0496938
8 2 4 4 0.0442638
15 3 9 5 0.0008736
6 5 9 2 0.0262378
14 2 3 2 -0.0076987
7 5 10 2 0.0262378
14 2 5 0 -0.0065848
16 1 10 2 0.0173590
14 2 5 3 -0.0277782
14 2 1 1 -0.0699915
17 1 11 2 -0.0228687
13 3 16 5 0.0193607
15 1 9 5 0.0082457
16 1 10 5 0.0082457
17 1 11 5 -0.1470056
14 3 17 5 0.0193607
17 0 5 0 -0.0105150
12 3 6 2 0.0029292
17 0 5 3 -0.0073513
16 4 10 2 0.0194915
8 3 14 2 -0.0022577
17 4 11 2 -0.0157968
6 3 12 5 0.0001579
17 2 11 2 -0.0319284
7 3 13 5 0.0001579
10 4 10 5 0.0082457
8 3 14 5 -0.0013229
7 0 10 1 0.0201664
16 3 10 5 0.0008736
6 3 15 1 0.0000081
7 3 16 1 0.0000081
8 1 4 1 0.0189691
8 3 17 1 -0.0027958
6 3 15 4 0.0000756
11 3 5 2 0.0324474
9 0 9 2 0.0025742
11 3 5 5 0.0395638
14 5 11 5 -0.0311934
11 3 2 1 0.0335268
11 3 4 2 0.0263910
12 5 15 2 0.0315630
11 3 5 1 0.0143376
9 6 5 5 0.0995016
13 5 16 2 0.0315630
14 4 17 0 0.0097306
14 5 17 2 0.0576271
11 1 8 5 0.0268542
12 4 15 3 0.0089521
15 2 9 5 0.0239289
9 1 9 1 0.0201195
13 4 16 3 0.0089521
10 1 10 1 0.0201195
8 0 11 1 0.0201664
12 1 12 2 0.0022650
6 0 9 4 0.0012780
11 1 11 1 0.0201195
7 0 10 4 0.0012780
8 5 11 2 0.0377922
15 9 5 0 0.0104227
6 5 9 5 0.0120253
16 10 5 0 0.0104227
7 5 10 5 0.0120253
8 5 11 5 0.0833005
10 0 10 2 0.0025742
17 0 1 1 -0.0626932
11 0 11 2 0.0025742
9 0 9 5 0.0008736
10 0 10 5 0.0008736
11 0 11 5 0.0014702
9 0 15 2 0.0008736
15 4 9 5 0.0205497
10 0 16 2 0.0008736
12 5 15 5 0.0861342
11 0 17 2 -0.0009881
13 5 16 5 0.0861342
15 1 15 2 0.0082457
8 2 3 0 0.0000000
11 4 11 5 0.2046028
16 2 10 5 0.0239289
13 0 7 2 0.0001579
15 12 2 2 0.0995016
14 0 8 2 -0.0013229
17 3 11 5 -0.0009881
15 3 15 2 0.0008736
16 3 16 2 0.0008736
17 3 17 2 0.0014702
8 0 11 4 0.0081390
14 2 4 1 -0.0190747
14 2 4 4 -0.0753238
14 2 3 0 -0.0000000
17 11 5 0 -0.0071182
15 9 5 3 0.0401402
16 10 5 3 0.0401402
13 3 7 2 0.0029292
17 11 5 3 -0.0259411
14 3 8 2 -0.0056367
12 3 6 5 0.0017399
16 4 10 5 0.0205497
13 3 7 5 0.0017399
14 5 17 5 0.0861342
14 3 8 5 -0.0067209
9 0 15 5 0.0006838
12 3 9 1 0.0019951
8 2 3 1 0.0004738
9 4 15 2 0.0082457
8 2 4 0 0.0005639
10 4 16 2 0.0082457
8 2 4 3 0.0214455
9 9 4 2 0.0524957
16 13 2 2 0.0995016
10 10 4 2 0.0524957
11 11 4 2 0.0654134
8 1 4 4 0.0468763
7 3 16 4 0.0000756
8 1 3 0 0.0000000
6 0 12 2 0.0017399
8 1 3 1 0.0004992
14 2 3 1 -0.0008864
8 1 4 0 0.0008892
10 7 5 5 0.0995016
17 0 4 1 -0.0072472
11 8 5 5 0.1096318
9 6 2 1 0.2980036
17 0 4 4 -0.0219712
10 7 2 1 0.2980036
16 1 16 2 0.0082457
10 0 16 5 0.0006838
13 3 10 1 0.0019951
17 1 17 2 0.2046028
14 3 11 1 -0.0038122
15 1 15 5 0.0092993
11 4 17 2 -0.1470056
8 2 3 3 0.0460976
9 4 15 5 0.0173590
10 4 16 5 0.0173590
12 0 6 5 0.0000514
9 9 5 1 0.0663554
13 0 7 5 0.0000514
10 10 5 1 0.0663554
6 5 15 2 0.0120253
8 3 17 4 -0.0006261
7 5 16 2 0.0120253
14 2 4 0 -0.0007110
7 0 13 2 0.0017399
8 5 17 2 -0.0857820
15 9 1 1 0.1184526
8 1 4 3 0.0222282
8 4 4 1 0.0137236
12 5 6 2 0.0182773
8 4 4 4 0.0572375
13 5 7 2 0.0182773
8 4 3 0 0.0000000
11 8 2 1 0.2980036
14 5 8 2 -0.0286194
9 6 4 2 0.0630841
12 5 6 5 0.0096516
13 5 7 5 0.0096516
14 5 8 5 -0.0317318
12 5 9 1 0.0123436
16 1 16 5 0.0092993
13 1 13 2 0.0022650
11 4 17 5 -0.0228687
13 5 10 1 0.0123436
14 1 14 2 0.0302345
14 5 11 1 -0.0186551
14 0 8 5 -0.0022577
12 1 12 5 0.0051762
6 3 9 0 0.0000004
14 2 1 0 -0.0342971
12 0 9 1 0.0000756
14 2 4 3 -0.0386281
13 0 10 1 0.0000756
14 2 0 0 -0.0740704
14 0 11 1 -0.0006261
14 2 3 3 -0.0840495
12 0 9 4 0.0000081
13 0 10 4 0.0000081
17 2 11 5 -0.1780840
14 0 11 4 -0.0027958
17 0 3 0 -0.0000000
8 4 3 1 0.0006192
17 0 3 1 -0.0002043
10 7 4 2 0.0630841
17 14 2 2 0.1096318
17 1 17 5 0.0699214
12 3 9 4 0.0057376
9 4 6 2 0.0069827
13 3 10 4 0.0057376
10 4 7 2 0.0069827
11 11 5 1 0.0685398
14 3 11 4 -0.0086615
11 3 5 4 0.0838710
6 5 15 5 0.0130886
11 3 2 0 0.0073513
7 3 10 0 0.0000004
8 3 11 0 0.0000256
6 3 9 3 0.0000040
7 3 10 3 0.0000040
8 3 11 3 0.0024949
6 3 15 0 0.0000001
7 3 16 0 0.0000001
8 3 17 0 -0.0005251
6 3 15 3 0.0000144
7 3 16 3 0.0000144
8 3 17 3 -0.0001249
6 3 6 1 0.0000195
7 3 7 1 0.0000195
8 3 8 1 0.0012622
6 3 6 4 0.0000070
7 3 7 4 0.0000070
8 3 8 4 0.0015856
6 3 12 1 0.0000092
7 3 13 1 0.0000092
8 3 14 1 -0.0013375
6 3 12 4 0.0002489
7 3 13 4 0.0002489
12 0 12 2 0.0000111
13 0 13 2 0.0000111
14 0 14 2 0.0018213
12 0 12 5 0.0000184
13 0 13 5 0.0000184
14 0 14 5 0.0012024
17 0 4 0 -0.0009277
12 0 15 1 0.0000262
14 4 17 3 0.0089521
15 12 5 2 0.1376593
12 4 6 1 0.0204724
15 1 6 2 0.0199808
13 4 7 1 0.0204724
16 1 7 2 0.0199808
14 4 8 1 -0.0388040
12 5 9 4 0.0199808
9 9 5 4 0.1375826
13 5 10 4 0.0199808
10 10 5 4 0.1375826
13 1 13 5 0.0051762
8 0 14 2 -0.0067209
14 1 14 5 0.0240594
17 4 11 5 -0.0197881
16 10 1 1 0.1184526
15 4 15 2 0.0205497
17 11 1 1 -0.0750983
12 2 9 2 0.0130886
15 9 4 1 0.0232666
13 2 10 2 0.0130886
16 10 4 1 0.0232666
14 2 11 2 -0.0339381
13 0 16 1 0.0000262
17 11 4 1 -0.0212345
14 0 17 1 0.0057811
15 3 15 5 0.0025742
6 2 9 2 0.0861342
16 3 16 5 0.0025742
12 4 6 4 0.0055702
13 4 7 4 0.0055702
11 4 8 2 0.0483118
14 5 11 4 -0.0280505
9 4 6 5 0.0034551
11 11 5 4 0.1761095
9 9 2 0 0.0461625
10 10 2 0 0.0461625
11 11 2 0 0.0461625
9 9 3 2 0.0079160
12 1 15 1 0.0013883
8 1 3 3 0.0475897
16 4 16 2 0.0205497
11 0 17 5 -0.0008010
15 2 15 2 0.0119645
9 0 6 2 0.0056324
10 0 7 2 0.0056324
8 4 4 0 0.0005241
16 2 16 2 0.0119645
8 4 1 0 0.0245384
8 4 4 3 0.0293990
11 8 4 2 0.0743485
16 13 5 2 0.1376593
15 9 4 4 0.1184526
12 0 15 4 0.0000125
7 2 10 2 0.0861342
13 0 16 4 0.0000125
14 0 17 4 0.0008163
17 3 17 5 0.0025742
14 4 8 4 -0.0320788
15 3 6 2 0.0004028
12 0 9 0 0.0000144
10 4 7 5 0.0034551
7 5 16 5 0.0130886
11 4 8 5 0.0725960
8 5 17 5 -0.0339381
13 0 10 0 0.0000144
6 5 6 2 0.0333551
11 3 3 2 0.0105150
8 3 14 4 -0.0020928
17 2 17 2 0.1129709
6 3 6 3 0.0000003
8 4 0 0 0.0529091
9 6 5 1 0.0953395
8 4 3 3 0.0638536
10 7 5 1 0.0953395
11 8 5 1 0.0985166
9 6 5 4 0.1557528
10 7 5 4 0.1557528
17 1 8 2 -0.0280505
8 2 11 2 0.0861342
15 1 6 5 0.0069247
12 5 12 2 0.0333551
16 1 7 5 0.0069247
12 4 12 1 0.0067135
16 3 7 2 0.0004028
13 4 13 1 0.0067135
14 4 14 1 0.0296582
12 4 12 4 0.1165343
13 1 16 1 0.0013883
13 4 13 4 0.1165343
14 4 14 4 0.1165343
14 1 17 1 0.0575348
ERROR : Not enough buffer
14 0 11 0 -0.0001249
17 4 17 2 0.0380403
11 3 5 0 0.0019440
15 4 15 5 0.0552957
12 2 9 5 0.0120253
11 0 8 2 0.0056324
13 2 10 5 0.0120253
6 4 9 2 0.0046655
17 14 5 2 0.1443577
11 8 5 4 0.1813858
7 4 10 2 0.0046655
9 6 2 0 0.0776058
7 3 7 3 0.0000003
10 7 2 0 0.0776058
13 5 13 2 0.0333551
14 5 14 2 0.0448413
11 8 2 0 0.0776058
10 10 3 2 0.0079160
12 5 12 5 0.0574645
11 11 3 2 0.0111025
13 5 13 5 0.0574645
12 1 15 4 0.0031752
12 0 9 3 0.0000001
11 3 5 3 0.0412659
16 4 16 5 0.0552957
15 6 11 2 0.0097408
9 0 6 5 0.0015468
15 8 9 2 0.0097408
16 7 11 2 0.0097408
10 0 7 5 0.0015468
16 8 10 2 0.0097408
17 6 9 2 -0.0525050
17 7 10 2 -0.0525050
15 15 2 2 0.0880191
6 2 9 5 0.0315630
17 8 11 2 -0.0558263
8 4 11 2 0.0244378
8 3 8 3 0.0001392
6 4 9 5 0.0030814
7 4 10 5 0.0030814
6 0 12 5 0.0029292
8 4 11 5 0.0620108
6 4 15 2 0.0030814
7 4 16 2 0.0030814
9 6 3 2 0.0090058
9 4 9 1 0.0046222
10 7 3 2 0.0090058
9 9 5 0 0.0118042
11 8 3 2 0.0110103
10 10 5 0 0.0118042
9 6 5 0 0.0198117
10 7 5 0 0.0198117
13 1 16 4 0.0031752
13 0 10 3 0.0000001
14 2 11 5 -0.0857820
14 0 11 3 -0.0005251
16 10 4 4 0.1184526
12 0 15 0 0.0000040
13 0 16 0 0.0000040
14 0 17 0 0.0024949
16 16 2 2 0.0880191
12 0 15 3 0.0000004
7 2 10 5 0.0315630
13 0 16 3 0.0000004
14 0 17 3 0.0000256
8 2 11 5 0.0576271
12 0 6 1 0.0002489
13 0 7 1 0.0002489
17 1 8 5 -0.0787646
14 0 8 1 -0.0020928
15 1 9 1 0.0122194
7 0 13 5 0.0029292
12 0 6 4 0.0000092
8 0 14 5 -0.0056367
10 4 10 1 0.0046222
13 0 7 4 0.0000092
7 5 7 2 0.0333551
11 3 1 1 0.0219712
14 0 8 4 -0.0013375
12 0 12 1 0.0000070
12 2 15 2 0.0120253
13 2 16 2 0.0120253
14 2 17 2 0.0833005
17 0 1 0 -0.0508228
14 1 17 4 0.0152803
15 12 5 5 0.1611658
12 1 9 0 0.0001424
17 11 4 4 -0.0750983
13 1 10 0 0.0001424
14 1 11 0 -0.0008736
15 6 11 5 0.0495934
12 1 9 3 0.0000578
13 1 10 3 0.0000578
6 2 15 2 0.0315630
17 3 8 2 -0.0007674
14 1 11 3 -0.0106869
8 4 17 2 -0.0580068
12 1 15 0 0.0000424
6 4 15 5 0.0043865
7 4 16 5 0.0043865
14 5 14 5 0.0574645
11 11 5 0 0.0118242
8 5 8 2 0.0448413
11 3 4 1 0.0072472
11 8 5 0 0.0198805
13 0 13 1 0.0000070
9 6 5 3 0.0342465
10 7 5 3 0.0342465
14 0 14 1 0.0015856
17 0 4 3 -0.0102698
12 0 12 4 0.0000195
13 0 13 4 0.0000195
15 9 3 0 0.0000000
14 0 14 4 0.0012622
12 3 12 2 0.0126554
ERROR : Not enough buffer
13 3 13 2 0.0126554
14 3 14 2 0.0153731
7 2 16 2 0.0315630
8 2 17 2 -0.0311934
6 2 15 5 0.0291273
6 1 9 2 0.1034408
7 2 16 5 0.0291273
6 0 15 1 0.0057376
13 1 16 0 0.0000424
7 1 10 2 0.1034408
11 4 11 1 0.0323606
14 1 17 0 0.0128128
12 1 15 3 0.0001957
6 5 6 5 0.0055900
13 1 16 3 0.0001957
7 5 7 5 0.0055900
8 5 8 5 0.0226740
11 8 5 3 0.0414671
16 13 5 5 0.1611658
9 6 1 1 0.2071746
17 0 0 0 -0.1574839
10 7 1 1 0.2071746
11 8 1 1 0.2071746
9 6 4 1 0.0279437
17 14 5 5 0.1611658
10 7 4 1 0.0279437
12 0 6 3 0.0000000
15 8 9 5 0.0068501
13 0 7 3 0.0000000
14 0 8 3 -0.0000631
12 3 12 5 0.0465414
12 0 12 0 0.0000003
8 2 17 5 -0.0250333
7 0 16 1 0.0057376
6 2 6 2 0.0574645
9 9 5 3 0.0303306
8 0 17 1 -0.0086615
11 3 4 4 0.0626932
15 6 2 2 0.0503987
6 0 15 4 0.0019951
7 0 16 4 0.0019951
16 7 2 2 0.0503987
14 1 17 3 0.0007536
8 0 17 4 -0.0038122
17 8 2 2 -0.0665576
12 1 6 1 0.0055702
15 6 5 2 0.0480595
12 2 15 5 0.0262378
13 1 7 1 0.0055702
16 7 5 2 0.0480595
11 8 4 1 0.0331828
15 3 6 5 0.0002372
9 6 4 4 0.1022349
13 3 13 5 0.0465414
16 3 7 5 0.0002372
16 1 10 1 0.0122194
8 4 17 5 -0.0221481
9 4 9 4 0.0022261
10 10 5 3 0.0303306
6 4 6 2 0.0051762
17 4 17 5 0.0552957
10 4 10 4 0.0022261
12 12 2 2 0.1033766
15 4 6 2 0.0123436
11 4 11 4 0.0992004
16 4 7 2 0.0123436
16 10 3 0 0.0000000
17 4 8 2 -0.0186551
17 11 3 0 -0.0000000
15 9 3 1 0.0010313
14 1 8 1 -0.0320788
16 10 3 1 0.0010313
13 0 13 0 0.0000003
17 11 3 1 -0.0008060
14 0 14 0 0.0001392
15 9 4 0 0.0010313
17 3 8 5 -0.0009044
16 10 4 0 0.0010313
7 2 7 2 0.0574645
11 11 5 3 0.0424325
11 3 3 0 0.0000000
6 0 9 0 0.0056373
7 4 7 2 0.0051762
7 0 10 0 0.0056373
8 0 11 0 0.0056373
6 0 9 3 0.0000179
11 0 8 5 0.0019094
7 0 10 3 0.0000179
17 17 2 2 0.1038608
8 0 11 3 0.0014275
15 15 5 2 0.1100527
6 0 15 0 0.0014206
17 8 5 2 -0.0835136
7 0 16 0 0.0014206
12 1 6 4 0.0007359
15 6 5 5 0.0366177
16 7 11 5 0.0495934
13 1 7 4 0.0007359
10 7 4 4 0.1022349
16 8 10 5 0.0068501
17 1 11 1 -0.0168988
ERROR : Not enough buffer
11 8 4 4 0.1210229
17 6 9 5 -0.0216782
15 1 9 4 0.0024483
8 4 8 2 0.0240594
11 3 3 1 0.0009277
15 12 11 2 0.0605604
11 3 4 0 0.0002043
15 14 9 2 -0.0085402
9 0 9 1 0.0026118
16 13 11 2 0.0605604
11 3 1 0 0.0102698
11 3 4 3 0.0508228
11 3 0 0 0.0219731
8 0 17 0 -0.0024952
11 3 3 3 0.1574839
6 0 15 3 0.0000612
14 1 8 4 -0.0218305
14 3 14 5 0.0465414
12 1 12 1 0.0003738
15 3 9 1 0.0002742
13 1 13 1 0.0003738
8 2 8 2 0.0574645
16 1 10 4 0.0024483
14 1 14 1 0.0111896
17 1 11 4 -0.1214289
13 13 2 2 0.1033766
15 1 12 2 0.0034551
6 6 2 2 0.1810953
16 1 13 2 0.0034551
16 14 10 2 -0.0085402
17 1 14 2 0.0725960
16 7 5 5 0.0366177
15 1 12 5 0.0069827
17 12 9 2 -0.0085402
17 8 5 5 -0.0668735
8 1 11 2 0.1034408
15 6 2 1 0.0918971
6 1 9 5 0.0367835
16 7 2 1 0.0918971
16 3 10 1 0.0002742
7 1 10 5 0.0367835
17 3 11 1 -0.0005178
8 1 11 5 0.0650814
6 1 15 2 0.0367835
7 1 16 2 0.0367835
12 9 2 2 0.0366177
15 3 9 4 0.0007479
14 14 2 2 0.1091916
12 12 5 2 0.1502422
16 16 5 2 0.1100527
9 3 9 2 0.0001924
17 17 5 2 0.1180138
16 1 13 5 0.0069827
15 15 5 5 0.1221519
17 13 10 2 -0.0085402
16 16 5 5 0.1221519
17 0 3 3 -0.0219731
17 17 5 5 0.1221519
15 15 2 1 0.1375826
16 16 2 1 0.1375826
17 17 2 1 0.1761095
15 15 4 2 0.0663554
9 6 3 0 0.0000000
ERROR : Not enough buffer
10 7 3 0 0.0000000
11 8 3 0 0.0000000
9 6 3 1 0.0009287
15 12 2 1 0.1557528
10 7 3 1 0.0009287
11 8 3 1 0.0011674
9 6 4 0 0.0018486
13 10 2 2 0.0366177
10 7 4 0 0.0018486
14 11 2 2 -0.0668735
11 8 4 0 0.0019279
16 3 10 4 0.0007479
13 13 5 2 0.1502422
13 2 16 5 0.0262378
14 14 5 2 0.1546201
12 12 5 5 0.1810953
11 5 6 6 0.1371375
12 3 15 1 0.0012780
13 3 16 1 0.0012780
17 14 11 2 0.0644195
14 3 17 1 0.0081390
17 7 10 5 -0.0216782
12 3 15 4 0.0201664
17 8 11 5 -0.0970711
6 4 6 5 0.0022650
17 2 15 6 -0.0644214
7 4 7 5 0.0022650
16 13 2 1 0.1557528
8 4 8 5 0.0302345
12 9 5 2 0.0480595
6 4 9 1 0.0031752
7 4 10 1 0.0031752
8 4 11 1 0.0152803
17 14 2 1 0.1813858
15 12 4 2 0.0953395
15 4 6 5 0.0064045
14 2 17 5 0.0377922
16 4 7 5 0.0064045
17 4 8 5 -0.0205017
17 1 14 5 0.0483118
9 6 1 0 0.1078154
15 1 15 1 0.0022261
10 7 1 0 0.1078154
17 11 4 0 -0.0008060
11 8 1 0 0.1078154
15 9 1 0 0.0560610
9 6 4 3 0.0478420
17 8 2 1 -0.1238760
16 16 4 2 0.0663554
10 7 4 3 0.0478420
13 3 16 4 0.0201664
8 1 17 2 -0.0384299
15 8 15 2 0.0068501
10 0 10 1 0.0026118
13 10 5 2 0.0480595
11 0 11 1 0.0026118
9 0 9 4 0.0001740
10 0 10 4 0.0001740
11 0 11 4 0.0011172
17 3 11 4 -0.0011197
6 4 9 4 0.0013883
15 3 12 2 0.0015468
16 3 13 2 0.0015468
16 13 4 2 0.0953395
12 2 6 2 0.0096516
17 14 4 2 0.0985166
13 2 7 2 0.0096516
15 12 5 1 0.0630841
14 2 8 2 -0.0317318
12 2 6 5 0.0048589
16 13 5 1 0.0630841
13 2 7 5 0.0048589
17 14 5 1 0.0743485
15 12 11 5 0.1950819
16 10 1 0 0.0560610
15 14 9 5 -0.0056470
17 11 1 0 -0.0362135
15 9 4 3 0.0560610
14 3 17 4 0.0201664
15 0 9 2 0.0006639
12 3 9 0 0.0000612
6 1 15 5 0.0317336
13 3 10 0 0.0000612
7 0 16 3 0.0000612
14 11 5 2 -0.0835136
9 0 12 2 0.0002372
12 9 5 5 0.0503987
10 3 10 2 0.0001924
11 3 11 2 0.0157669
13 13 5 5 0.1810953
9 3 9 5 0.0002384
15 4 9 1 0.0083252
10 3 10 5 0.0002384
16 4 10 1 0.0083252
11 3 11 5 0.0483269
14 2 8 5 -0.0418334
9 3 15 2 0.0002384
12 2 9 1 0.0064045
15 12 5 4 0.2980036
13 2 10 1 0.0064045
14 2 11 1 -0.0205017
12 2 9 4 0.0069247
16 13 5 4 0.2980036
13 2 10 4 0.0069247
16 10 4 3 0.0560610
16 0 10 2 0.0006639
9 9 1 1 0.1351805
17 0 11 2 -0.0011353
17 2 16 7 -0.0644214
14 3 11 0 -0.0001225
8 0 17 3 -0.0001225
16 8 16 2 0.0068501
17 6 15 2 -0.0216782
6 0 6 1 0.0743647
13 10 5 5 0.0503987
17 3 14 2 0.0019094
14 11 5 5 -0.0665576
14 14 5 5 0.1810953
11 5 7 7 0.1371375
12 9 11 2 0.0214573
12 11 9 2 0.0214573
13 10 11 2 0.0214573
15 6 4 2 0.0238385
16 7 4 2 0.0238385
17 8 4 2 -0.0494777
15 6 5 1 0.0318500
16 7 5 1 0.0318500
17 8 5 1 -0.0561233
15 6 5 4 0.0588734
16 7 5 4 0.0588734
17 8 5 4 -0.1153529
17 17 4 2 0.0685398
15 15 5 1 0.0524957
16 16 5 1 0.0524957
17 17 5 1 0.0654134
15 15 5 4 0.2026947
16 16 5 4 0.2026947
17 17 5 4 0.2026947
15 15 2 0 0.0303306
16 16 2 0 0.0303306
17 17 2 0 0.0424325
15 15 3 2 0.0118042
16 16 3 2 0.0118042
17 17 3 2 0.0118242
15 15 5 0 0.0079160
16 16 5 0 0.0079160
17 17 5 0 0.0111025
15 15 5 3 0.0461625
16 16 5 3 0.0461625
17 17 5 3 0.0461625
15 15 1 1 0.0903988
16 16 1 1 0.0903988
17 17 1 1 0.1189913
15 15 4 1 0.0207579
16 16 4 1 0.0207579
17 17 4 1 0.0245363
15 15 4 4 0.1351805
16 16 4 4 0.1351805
17 17 4 4 0.1351805
15 15 3 0 0.0000000
16 16 3 0 0.0000000
17 17 3 0 0.0000000
15 15 3 1 0.0011189
16 16 3 1 0.0011189
17 17 3 1 0.0011427
12 3 9 3 0.0014206
7 4 10 4 0.0013883
8 4 11 4 0.0575348
17 7 16 2 -0.0216782
17 8 17 2 0.1010541
17 5 15 6 -0.0214573
15 8 15 5 0.0095937
17 5 16 7 -0.0214573
7 7 2 2 0.1810953
16 8 16 5 0.0095937
16 1 16 1 0.0022261
17 6 15 5 -0.0214573
17 1 17 1 0.0992004
17 7 16 5 -0.0214573
17 8 17 5 0.0431345
ERROR : Not enough buffer
17 4 11 1 -0.0120786
12 12 2 1 0.1614253
10 3 16 2 0.0002384
15 4 9 4 0.0122194
11 8 4 3 0.0578715
13 13 2 1 0.1614253
9 6 0 0 0.2353804
16 13 11 5 0.1950819
17 14 5 4 0.2980036
17 11 4 3 -0.0362135
15 12 2 0 0.0342465
15 9 0 0 0.1200783
16 13 2 0 0.0342465
17 14 2 0 0.0414671
10 0 13 2 0.0002372
15 12 3 2 0.0198117
11 0 14 2 -0.0009044
7 0 7 1 0.0743647
16 13 3 2 0.0198117
8 0 8 1 0.0743647
12 9 2 1 0.0588734
6 0 6 4 0.0015343
15 6 8 2 0.0096833
7 0 7 4 0.0015343
13 11 10 2 0.0214573
11 3 17 2 -0.0286503
14 9 9 2 -0.0095937
9 3 15 5 0.0006639
14 14 2 1 0.1758480
10 3 16 5 0.0006639
12 12 4 2 0.1132966
13 13 4 2 0.1132966
10 7 0 0 0.2353804
16 14 10 5 -0.0056470
11 8 0 0 0.2353804
9 6 3 3 0.1023665
7 1 16 5 0.0317336
10 7 3 3 0.1023665
15 0 9 5 0.0002384
11 8 3 3 0.1242784
16 10 0 0 0.1200783
15 15 4 0 0.0007972
16 16 4 0 0.0007972
17 17 4 0 0.0011202
15 15 1 0 0.0423698
16 16 1 0 0.0423698
17 17 1 0 0.0590015
15 15 4 3 0.0644594
17 14 3 2 0.0198805
ERROR : Not enough buffer
15 12 5 0 0.0090058
16 13 5 0 0.0090058
17 14 5 0 0.0110103
8 0 8 4 0.0056765
15 12 5 3 0.0776058
16 4 10 4 0.0122194
9 5 8 6 0.0073815
15 6 2 0 0.0234181
16 7 2 0 0.0234181
15 12 9 9 0.0903378
15 12 10 10 0.0867379
17 8 2 0 -0.0325335
10 10 1 1 0.1351805
13 3 10 3 0.0014206
14 3 11 3 -0.0024952
12 3 15 0 0.0000179
13 3 16 0 0.0000179
14 3 17 0 0.0014275
12 3 15 3 0.0056373
13 3 16 3 0.0056373
14 3 17 3 0.0056373
12 3 6 1 0.0030305
13 3 7 1 0.0030305
14 3 8 1 -0.0060373
12 3 6 4 0.0010669
13 3 7 4 0.0010669
14 3 8 4 -0.0066239
12 3 12 1 0.0015343
13 3 13 1 0.0015343
14 3 14 1 0.0056765
12 3 12 4 0.0743647
13 3 13 4 0.0743647
14 3 14 4 0.0743647
12 3 6 3 0.0001395
13 3 7 3 0.0001395
14 3 8 3 -0.0012234
12 3 12 0 0.0000029
13 3 13 0 0.0000029
16 16 4 3 0.0644594
14 3 14 0 0.0001857
13 10 2 1 0.0588734
15 8 6 2 0.0096833
6 0 12 1 0.0010669
14 10 10 2 -0.0095937
7 0 13 1 0.0010669
8 0 14 1 -0.0066239
6 0 12 4 0.0030305
17 4 11 4 -0.0168988
15 4 12 2 0.0195784
14 2 11 4 -0.0787646
12 2 12 2 0.0055900
14 14 4 2 0.1160877
13 2 13 2 0.0055900
14 2 14 2 0.0226740
15 12 11 11 0.1094050
15 6 3 2 0.0034487
8 1 17 5 -0.0315160
16 7 3 2 0.0034487
17 8 3 2 -0.0070881
ERROR : Not enough buffer
ERROR : Not enough buffer
Total Nzeri = 97
15 6 5 0 0.0060747
16 0 10 5 0.0002384
16 7 5 0 0.0060747
17 8 5 0 -0.0094020
17 0 11 5 -0.0286503
8 8 2 2 0.1810953
15 3 12 5 0.0056324
17 17 4 3 0.0644594
16 3 13 5 0.0056324
12 3 6 0 0.0004444
14 11 2 1 -0.1153529
17 3 14 5 0.0056324
15 3 15 1 0.0001740
12 9 4 2 0.0318500
14 11 11 2 -0.0431345
13 10 4 2 0.0318500
10 5 8 7 0.0073815
17 12 9 5 -0.0056470
17 13 10 5 -0.0056470
17 14 11 5 0.1956637
15 13 10 9 0.0035999
12 12 5 1 0.0671400
15 14 11 9 -0.0052265
16 12 10 9 0.0035999
11 11 1 1 0.1351805
16 13 9 9 0.0867379
6 4 12 2 0.0020485
6 1 6 2 0.1597925
7 1 7 2 0.1597925
9 0 12 5 0.0004028
15 6 5 3 0.0130802
10 0 13 5 0.0004028
11 0 14 5 -0.0007674
9 0 15 1 0.0007479
15 15 0 0 0.0906719
10 0 16 1 0.0007479
13 3 7 0 0.0004444
16 3 16 1 0.0001740
14 3 8 0 -0.0008888
12 9 11 5 0.0644214
12 11 9 5 0.0216782
16 13 5 3 0.0776058
11 3 17 5 -0.0011353
17 2 15 12 -0.1314968
9 3 6 2 0.0001169
11 5 8 8 0.1467717
10 3 7 2 0.0001169
17 2 6 6 -0.2192925
16 13 10 10 0.0903378
17 2 7 7 -0.2192925
17 11 0 0 -0.0777099
15 2 8 6 0.0073815
12 6 2 2 0.0125642
15 9 3 3 0.1200783
13 7 2 2 0.0125642
16 7 5 3 0.0130802
6 6 5 2 0.1502422
7 0 13 4 0.0030305
8 0 14 4 -0.0060373
12 3 12 3 0.0304654
6 0 6 3 0.0000029
13 10 11 5 0.0644214
17 14 5 3 0.0776058
15 14 15 2 -0.0056470
15 12 1 1 0.1022349
16 13 1 1 0.1022349
9 9 4 1 0.0207579
17 14 1 1 0.1210229
7 4 13 2 0.0020485
8 4 14 2 -0.0311968
6 4 12 5 0.0044650
8 1 8 2 0.1597925
15 0 15 2 0.0002384
6 1 6 5 0.0456346
16 7 8 2 0.0096833
16 0 16 2 0.0002384
7 1 7 5 0.0456346
17 0 17 2 0.0483269
14 8 2 2 -0.0623613
15 0 15 5 0.0001924
16 0 16 5 0.0001924
12 6 5 2 0.0145783
17 3 17 1 0.0011172
14 11 4 2 -0.0561233
15 3 15 4 0.0026118
12 9 5 1 0.0238385
7 0 7 3 0.0000029
16 3 16 4 0.0026118
8 0 8 3 0.0001857
17 3 17 4 0.0026118
13 13 5 1 0.0671400
15 3 9 0 0.0000084
10 10 4 1 0.0207579
14 14 5 1 0.0743881
12 12 5 4 0.3601643
16 16 0 0 0.0906719
13 13 5 4 0.3601643
17 17 0 0 0.1283183
16 8 7 2 0.0096833
15 15 3 3 0.1381742
8 1 8 5 0.0598745
17 0 17 5 0.0157669
17 8 5 3 -0.0264364
13 7 5 2 0.0145783
15 6 1 1 0.0635009
16 7 1 1 0.0635009
13 11 10 5 0.0216782
16 4 13 2 0.0195784
14 9 9 5 -0.0068501
17 2 16 13 -0.1314968
16 14 16 2 -0.0056470
16 13 11 11 0.1094050
11 11 4 1 0.0245363
16 3 10 0 0.0000084
17 3 11 0 -0.0000169
15 3 9 3 0.0001427
16 3 10 3 0.0001427
16 2 8 7 0.0073815
15 12 4 1 0.0279437
17 2 8 8 -0.2200443
17 5 6 6 -0.0697331
17 6 6 2 -0.0694474
11 0 17 1 -0.0011197
17 7 7 2 -0.0694474
15 0 6 2 0.0014425
17 8 8 2 -0.0734929
15 6 8 5 0.0241457
16 0 7 2 0.0014425
14 8 5 2 -0.0739356
17 0 8 2 -0.0024870
12 6 5 5 0.0125642
13 7 5 5 0.0125642
15 0 6 5 0.0004156
16 0 7 5 0.0004156
17 4 14 2 0.0268542
14 10 10 5 -0.0068501
14 11 11 5 -0.1010541
17 2 12 9 -0.0495934
15 2 12 11 0.0216782
17 2 13 10 -0.0495934
16 14 11 10 -0.0052265
9 9 4 4 0.0903988
10 10 4 4 0.0903988
17 3 11 3 -0.0002495
15 3 15 0 0.0000025
16 3 16 0 0.0000025
17 3 17 0 0.0001967
15 3 15 3 0.0002820
16 3 16 3 0.0002820
17 3 17 3 0.0002820
14 14 5 4 0.3601643
12 12 2 0 0.0354223
13 13 2 0 0.0354223
14 14 2 0 0.0390595
16 10 3 3 0.1200783
17 5 7 7 -0.0697331
15 5 8 6 0.0098045
16 5 8 7 0.0098045
17 5 8 8 -0.0733547
8 5 6 6 0.0725551
8 5 7 7 0.0725551
8 6 6 5 0.0074454
8 7 7 5 0.0074454
8 8 8 5 0.0810171
11 4 6 6 0.1113187
11 4 7 7 0.1113187
9 4 8 6 0.0034140
10 4 8 7 0.0034140
13 3 13 3 0.0304654
11 4 8 8 0.1228390
17 8 1 1 -0.0863440
14 2 6 6 -0.0671126
17 0 8 5 -0.0171810
11 3 8 2 0.0093818
6 0 12 0 0.0001395
17 12 15 2 -0.0056470
13 10 5 1 0.0238385
17 13 16 2 -0.0056470
14 11 5 1 -0.0494777
17 12 11 9 -0.0052265
17 13 11 10 -0.0052265
7 4 13 5 0.0044650
17 14 9 9 0.0924550
8 4 14 5 -0.0248322
6 4 15 1 0.0014955
7 4 16 1 0.0014955
8 4 17 1 -0.0516241
17 11 3 3 -0.0777099
6 4 15 4 0.0028209
7 4 16 4 0.0028209
15 8 6 5 0.0046593
6 1 9 1 0.0886499
14 3 14 3 0.0304654
7 1 10 1 0.0886499
8 1 11 1 0.0886499
15 6 4 1 0.0103332
6 1 9 4 0.0078634
16 7 4 1 0.0103332
7 1 10 4 0.0078634
15 4 12 5 0.0665203
7 0 13 0 0.0001395
16 2 13 11 0.0216782
8 0 14 0 -0.0012234
12 9 5 4 0.0918971
6 0 6 0 0.0304654
7 0 7 0 0.0304654
7 7 5 2 0.1502422
16 13 4 1 0.0279437
8 8 5 2 0.1546201
17 14 10 10 0.0924550
6 6 5 5 0.1033766
9 0 15 4 0.0002742
7 7 5 5 0.1033766
8 8 5 5 0.1091916
6 6 2 1 0.3601643
8 4 17 4 -0.0153701
7 7 2 1 0.3601643
6 4 9 0 0.0001957
7 4 10 0 0.0001957
8 4 11 0 0.0007536
6 4 9 3 0.0000424
ERROR : Not enough buffer
14 8 5 5 -0.0623613
7 4 10 3 0.0000424
12 6 2 1 0.0220862
8 4 11 3 0.0128128
6 4 15 0 0.0000578
13 7 2 1 0.0220862
7 4 16 0 0.0000578
14 8 2 1 -0.1130342
17 14 17 2 -0.1468060
8 4 17 0 -0.0106869
ERROR : Not enough buffer
15 12 8 2 0.0359077
6 4 15 3 0.0001424
15 14 6 2 -0.0074529
16 13 8 2 0.0359077
16 14 7 2 -0.0074529
17 12 6 2 -0.0074529
7 4 16 3 0.0001424
17 13 7 2 -0.0074529
ERROR : Not enough buffer
12 12 3 2 0.0289596
ERROR : Not enough buffer
13 13 3 2 0.0289596
14 2 7 7 -0.0671126
15 0 9 1 0.0006719
15 9 11 2 0.0332224
12 2 8 6 0.0047364
15 11 9 2 0.0332224
17 8 4 1 -0.0234315
16 10 11 2 0.0332224
15 2 14 9 -0.0068501
16 11 10 2 0.0332224
13 10 5 4 0.0918971
8 0 8 0 0.0304654
17 14 4 1 0.0331828
ERROR : Not enough buffer
15 12 4 4 0.2071746
16 13 4 4 0.2071746
17 14 4 4 0.2071746
15 12 3 0 0.0000000
16 13 3 0 0.0000000
17 14 3 0 0.0000000
11 11 4 4 0.1189913
8 4 17 3 -0.0008736
9 9 3 0 0.0000000
10 10 3 0 0.0000000
17 14 8 2 0.0488538
11 11 3 0 0.0000000
Total Nzeri = 95
8 8 2 1 0.3601643
9 9 3 1 0.0007972
10 0 16 4 0.0002742
16 7 8 5 0.0241457
11 0 17 4 -0.0005178
8 1 11 4 0.0528075
16 8 7 5 0.0046593
6 1 12 2 0.0107984
12 6 4 2 0.0087722
9 3 6 5 0.0000695
16 4 13 5 0.0665203
17 4 14 5 0.0665203
15 4 15 1 0.0046222
16 4 16 1 0.0046222
17 14 11 11 0.1135710
15 12 15 9 0.1203782
6 4 6 1 0.0067135
7 4 7 1 0.0067135
8 4 8 1 0.0296582
6 4 6 4 0.0003738
7 4 7 4 0.0003738
15 12 8 5 0.0607686
15 14 6 5 -0.0037908
16 13 8 5 0.0607686
10 10 3 1 0.0007972
16 14 7 5 -0.0037908
16 0 10 1 0.0006719
17 12 6 5 -0.0037908
17 13 7 5 -0.0037908
17 6 6 5 -0.0218636
13 2 8 7 0.0047364
14 2 8 8 -0.0754784
14 5 6 6 -0.0410443
13 7 4 2 0.0087722
14 5 7 7 -0.0410443
12 5 8 6 0.0082149
14 8 4 2 -0.0468391
13 5 8 7 0.0082149
12 6 5 1 0.0087722
17 4 17 1 0.0323606
12 12 11 2 0.0697331
15 4 15 4 0.0201195
13 13 11 2 0.0697331
16 4 16 4 0.0201195
14 14 3 2 0.0290871
17 4 17 4 0.0201195
9 0 9 0 0.0002820
6 6 4 2 0.0671400
17 0 11 1 -0.0011524
7 7 4 2 0.0671400
8 8 4 2 0.0743881
6 6 5 1 0.1132966
10 3 7 5 0.0000695
17 7 7 5 -0.0218636
11 3 8 5 0.0148764
7 7 5 1 0.1132966
17 8 8 5 -0.0587200
8 8 5 1 0.1160877
13 7 5 1 0.0087722
14 5 8 8 -0.0502434
14 8 5 1 -0.0468391
12 6 5 4 0.0220862
13 7 5 4 0.0220862
17 1 6 6 -0.2208332
14 8 5 4 -0.1130342
12 6 2 0 0.0052950
17 1 7 7 -0.2208332
12 12 5 0 0.0093393
13 7 2 0 0.0052950
15 1 8 6 0.0047060
14 8 2 0 -0.0281576
16 1 8 7 0.0047060
15 0 9 4 0.0000510
16 0 10 4 0.0000510
17 0 11 4 -0.0233429
9 3 9 1 0.0000796
15 0 12 2 0.0000695
17 9 9 2 -0.0600685
14 11 5 4 -0.1238760
17 10 10 2 -0.0600685
6 6 5 4 0.1614253
12 9 2 0 0.0130802
7 7 5 4 0.1614253
13 10 2 0 0.0130802
14 12 9 2 -0.0098045
14 11 2 0 -0.0264364
8 4 8 4 0.0111896
12 9 3 2 0.0060747
ERROR : Not enough buffer
ERROR : Not enough buffer
10 0 10 0 0.0002820
11 0 11 0 0.0002820
7 1 13 2 0.0107984
ERROR : Not enough buffer
16 2 14 10 -0.0068501
8 1 14 2 -0.0379056
16 16 3 3 0.1381742
6 1 12 5 0.0194611
16 0 13 2 0.0000695
10 3 10 1 0.0000796
12 6 11 2 0.0062624
11 3 11 1 0.0063866
16 10 15 12 0.1108569
15 6 11 1 0.0061338
15 12 3 1 0.0018486
8 8 5 4 0.1758480
14 13 10 2 -0.0098045
11 11 3 1 0.0011202
14 14 11 2 0.0733547
12 12 11 5 0.2192925
12 6 3 2 0.0014068
13 13 11 5 0.2192925
13 7 3 2 0.0014068
11 5 9 6 0.1314968
9 8 9 5 0.0056470
17 14 8 5 0.0722072
17 1 8 8 -0.2220131
17 2 14 11 0.0970711
17 4 6 6 -0.0279139
17 5 12 9 -0.0097408
17 11 11 2 -0.0526650
12 8 9 2 0.0062624
15 9 11 5 0.1419206
17 11 15 12 -0.0678016
15 13 15 10 0.0047606
16 9 15 13 0.0047606
16 13 3 1 0.0018486
17 14 3 1 0.0019279
15 12 4 0 0.0009287
16 13 4 0 0.0009287
6 6 2 0 0.1137466
13 10 3 2 0.0060747
13 13 5 0 0.0093393
14 11 3 2 -0.0094020
ERROR : Not enough buffer
12 9 5 0 0.0034487
14 8 3 2 -0.0076191
13 10 5 0 0.0034487
12 6 5 0 0.0014068
14 11 5 0 -0.0070881
15 12 11 1 0.0243683
12 9 5 3 0.0234181
7 1 13 5 0.0194611
15 5 12 11 0.0525050
8 1 14 5 -0.0338877
17 5 13 10 -0.0097408
16 5 13 11 0.0525050
13 7 11 2 0.0062624
15 5 14 9 -0.0097408
15 8 9 1 0.0061338
13 8 10 2 0.0062624
15 14 15 11 -0.0052512
14 6 9 2 -0.0082373
17 9 15 14 0.0081456
14 7 10 2 -0.0082373
14 12 9 5 -0.0073815
ERROR : Not enough buffer
14 13 10 5 -0.0073815
13 7 5 0 0.0014068
14 14 11 5 0.2200443
13 10 5 3 0.0234181
14 11 5 3 -0.0325335
12 9 1 1 0.0388604
13 10 1 1 0.0388604
14 11 1 1 -0.0773494
12 9 4 1 0.0103332
13 10 4 1 0.0103332
14 11 4 1 -0.0234315
12 9 4 4 0.0635009
13 10 4 4 0.0635009
14 11 4 4 -0.0863440
12 9 3 0 0.0000000
13 10 3 0 0.0000000
9 3 9 4 0.0002032
10 3 10 4 0.0002032
16 5 14 10 -0.0097408
17 4 7 7 -0.0279139
16 7 11 1 0.0061338
9 9 4 0 0.0011189
17 14 4 0 0.0011674
16 8 10 1 0.0061338
10 10 4 0 0.0011189
17 6 9 1 -0.0403133
14 8 11 2 -0.0350474
11 5 10 7 0.1314968
12 6 11 5 0.0172926
15 14 9 1 -0.0049151
14 8 5 0 -0.0076191
17 2 12 12 -0.1371375
12 6 5 3 0.0052950
17 2 13 13 -0.1371375
13 7 5 3 0.0052950
15 2 14 12 -0.0073815
14 11 3 0 -0.0000000
16 13 11 1 0.0243683
11 3 11 4 0.0517813
15 11 9 5 0.0283841
15 12 1 0 0.0478420
16 12 15 10 0.0047606
16 10 11 5 0.1419206
16 12 16 9 0.0047606
16 11 10 5 0.0283841
7 7 2 0 0.1137466
10 8 10 5 0.0056470
17 9 9 5 -0.0283841
17 17 3 3 0.1381742
17 10 10 5 -0.0283841
6 1 15 1 0.0262091
6 6 9 9 0.1412750
17 11 11 5 -0.0977040
14 8 5 3 -0.0281576
17 5 14 11 0.0558263
17 2 15 9 -0.1419206
16 14 10 1 -0.0049151
9 3 12 2 0.0004156
15 4 8 6 0.0054933
10 3 13 2 0.0004156
14 14 5 0 0.0103624
11 3 14 2 -0.0171810
12 12 5 3 0.1137466
13 13 5 3 0.1137466
16 13 15 9 0.1108569
17 7 10 1 -0.0403133
12 6 9 9 0.0105160
17 8 11 1 -0.0427839
12 6 10 10 0.0098442
12 8 9 5 0.0049152
12 6 11 11 0.0114747
13 7 11 5 0.0172926
12 7 10 9 0.0006718
12 6 1 1 0.0150084
12 8 11 9 0.0039329
13 6 10 9 0.0006718
13 7 9 9 0.0098442
12 9 8 2 0.0143294
12 9 3 1 0.0005924
15 11 15 2 0.0283841
17 12 9 1 -0.0049151
16 13 1 0 0.0478420
17 13 10 1 -0.0049151
17 14 1 0 0.0578715
15 12 4 3 0.1078154
9 3 12 5 0.0014425
16 13 4 3 0.1078154
8 8 2 0 0.1137466
16 13 16 10 0.1203782
11 6 9 5 0.0056470
17 11 16 13 -0.0678016
16 14 16 11 -0.0052512
17 0 14 2 0.0148764
ERROR : Not enough buffer
7 1 16 1 0.0262091
15 0 12 5 0.0001169
6 6 10 10 0.1318308
13 7 1 1 0.0150084
6 6 11 11 0.1318308
14 8 1 1 -0.0777538
7 6 10 9 0.0188884
13 10 3 1 0.0005924
12 6 4 1 0.0035463
14 11 3 1 -0.0011612
17 14 11 1 0.0321607
12 9 4 0 0.0003577
13 10 4 0 0.0003577
14 14 5 3 0.1137466
14 11 4 0 -0.0007737
17 14 4 3 0.1078154
10 3 13 5 0.0014425
15 12 0 0 0.1023665
15 6 11 4 0.0404345
16 13 0 0 0.1023665
17 14 0 0 0.1242784
15 12 3 3 0.2353804
ERROR : Not enough buffer
Total Nzeri = 99
16 0 13 5 0.0001169
17 0 14 5 0.0093818
15 0 15 1 0.0002032
16 0 16 1 0.0002032
17 0 17 1 0.0517813
15 0 15 4 0.0000796
16 0 16 4 0.0000796
17 0 17 4 0.0063866
15 0 9 0 0.0001427
16 0 10 0 0.0001427
17 0 11 0 -0.0002495
15 0 9 3 0.0000007
16 0 10 3 0.0000007
17 0 11 3 -0.0044104
15 0 15 0 0.0000185
13 7 10 10 0.0105160
12 11 6 2 0.0143294
13 7 11 11 0.0114747
13 8 11 10 0.0039329
14 6 11 9 -0.0035273
17 2 16 10 -0.1419206
14 7 11 10 -0.0035273
16 4 8 7 0.0054933
17 4 8 8 -0.0337237
14 8 9 9 -0.0479144
15 12 11 4 0.1832655
14 8 10 10 -0.0479144
6 6 3 2 0.0093393
12 9 1 0 0.0182716
11 11 4 0 0.0011427
13 10 1 0 0.0182716
9 9 1 0 0.0644594
14 11 1 0 -0.0369189
17 10 16 14 0.0081456
12 9 4 3 0.0325650
16 13 3 3 0.2353804
17 12 15 11 -0.0052512
8 1 17 1 -0.0376126
16 0 16 0 0.0000185
13 10 8 2 0.0143294
7 7 9 9 0.1318308
13 11 7 2 0.0143294
7 7 10 10 0.1412750
13 7 4 1 0.0035463
12 12 1 1 0.1058386
13 13 1 1 0.1058386
7 7 3 2 0.0093393
8 8 3 2 0.0103624
11 3 14 5 -0.0024870
6 6 5 0 0.0289596
7 7 5 0 0.0289596
15 8 9 4 0.0027665
16 7 11 4 0.0404345
16 8 10 4 0.0027665
17 6 9 4 -0.0054304
17 7 10 4 -0.0054304
13 8 10 5 0.0049152
17 14 3 3 0.2353804
14 6 9 5 -0.0049152
14 7 10 5 -0.0049152
14 8 11 5 -0.0877013
ERROR : Not enough buffer
17 2 12 6 -0.0172926
15 2 12 8 0.0049152
17 2 13 7 -0.0172926
16 2 13 8 0.0049152
15 2 14 6 -0.0049152
16 11 16 2 0.0283841
6 1 15 4 0.0131972
17 9 15 2 -0.0283841
7 7 11 11 0.1318308
11 3 6 6 0.0212139
14 8 4 1 -0.0204660
14 8 11 11 -0.0572508
14 14 1 1 0.1161020
12 6 15 9 0.0118994
9 3 15 1 0.0000510
12 6 16 10 0.0109229
8 8 5 0 0.0290871
6 6 5 3 0.0354223
7 7 5 3 0.0354223
16 2 14 13 -0.0073815
17 2 14 14 -0.1467717
12 12 8 2 0.0410443
17 8 11 4 -0.0822059
17 0 17 0 0.0121501
15 15 9 9 0.0852005
15 15 10 10 0.0795711
16 2 14 7 -0.0049152
7 1 16 4 0.0131972
17 2 14 8 0.0877013
17 10 16 2 -0.0283841
17 11 17 2 0.0977040
17 5 15 9 -0.0332224
11 3 7 7 0.0212139
12 6 4 4 0.0150084
15 14 9 4 -0.0026784
12 12 4 1 0.0317111
16 13 11 4 0.1832655
11 7 10 5 0.0056470
16 14 10 4 -0.0026784
11 8 11 5 0.1468060
17 12 9 4 -0.0026784
13 10 4 3 0.0325650
17 13 10 4 -0.0026784
13 13 8 2 0.0410443
14 11 4 3 -0.0451835
15 6 14 2 -0.0227711
17 14 11 4 0.1844407
14 9 6 2 -0.0085678
15 15 11 11 0.0903125
15 12 14 2 -0.0634280
14 10 7 2 -0.0085678
15 14 12 2 -0.0038736
14 11 8 2 -0.0388392
16 13 14 2 -0.0634280
12 9 8 5 0.0227711
13 7 4 4 0.0150084
13 13 4 1 0.0317111
10 10 1 0 0.0644594
14 14 4 1 0.0360759
12 12 4 4 0.2598032
13 13 4 4 0.2598032
8 8 5 3 0.0390595
6 6 1 1 0.2598032
12 9 0 0 0.0391072
15 8 12 2 0.0039909
13 10 0 0 0.0391072
16 7 14 2 -0.0227711
14 11 0 0 -0.0791074
16 8 13 2 0.0039909
8 6 11 9 0.0188884
17 6 12 2 -0.0075361
17 7 13 2 -0.0075361
16 14 13 2 -0.0038736
17 8 14 2 0.0502010
17 12 12 2 -0.0038736
14 8 4 4 -0.0777538
17 13 13 2 -0.0038736
ERROR : Not enough buffer
17 14 14 2 -0.0725089
17 12 17 9 0.0081456
14 14 4 4 0.2598032
17 13 16 11 -0.0052512
12 12 3 0 0.0000000
7 7 1 1 0.2598032
8 8 1 1 0.2598032
6 6 4 1 0.0317111
7 7 4 1 0.0317111
8 8 4 1 0.0360759
6 6 4 4 0.1058386
7 7 4 4 0.1058386
8 8 4 4 0.1161020
8 7 11 10 0.0188884
8 8 9 9 0.1318308
8 8 10 10 0.1318308
8 8 11 11 0.1412750
6 6 15 9 0.1218351
6 6 16 10 0.1156122
6 6 17 11 -0.0730118
7 6 15 10 0.0062229
7 6 16 9 0.0062229
7 7 15 9 0.1156122
7 7 16 10 0.1218351
7 7 17 11 -0.0730118
8 6 15 11 0.0100211
8 6 17 9 -0.0074905
8 7 16 11 0.0100211
8 7 17 10 -0.0074905
8 8 15 9 0.1175114
8 8 16 10 0.1175114
8 8 17 11 -0.0787748
6 6 15 15 0.0907461
17 2 9 6 -0.1950819
15 2 9 8 0.0056470
17 2 10 7 -0.1950819
16 2 10 8 0.0056470
15 2 11 6 0.0056470
16 2 11 7 0.0056470
17 2 11 8 -0.1956637
17 5 9 6 -0.0605604
15 5 9 8 0.0085402
17 5 10 7 -0.0605604
16 5 10 8 0.0085402
15 5 11 6 0.0085402
16 5 11 7 0.0085402
17 5 11 8 -0.0644195
17 1 15 12 -0.1064111
14 12 6 2 -0.0082149
15 14 15 1 -0.0026800
11 11 1 0 0.0644594
9 9 4 3 0.0423698
10 3 16 1 0.0000510
13 13 3 0 0.0000000
11 3 17 1 -0.0233429
14 14 3 0 0.0000000
16 15 10 9 0.0112589
11 5 9 9 0.1139316
12 9 3 3 0.0708570
11 5 10 10 0.1139316
12 11 6 5 0.0075361
11 9 9 5 0.0134231
11 10 10 5 0.0134231
11 11 11 5 0.1335028
6 6 16 16 0.0886797
17 2 9 9 -0.1471540
17 2 10 10 -0.1471540
15 2 11 9 0.0134231
12 6 17 11 -0.0094722
12 7 15 10 0.0004883
12 7 16 9 0.0004883
12 8 15 11 0.0064356
12 8 17 9 -0.0052250
13 6 15 10 0.0004883
13 6 16 9 0.0004883
13 7 15 9 0.0109229
13 7 16 10 0.0118994
13 7 17 11 -0.0094722
13 8 16 11 0.0064356
13 8 17 10 -0.0052250
14 6 15 11 -0.0052250
12 12 3 1 0.0026388
13 13 3 1 0.0026388
14 14 3 1 0.0027807
12 12 4 0 0.0009717
13 13 4 0 0.0009717
14 14 4 0 0.0010999
12 12 1 0 0.0494849
13 13 1 0 0.0494849
14 14 1 0 0.0545619
12 12 4 3 0.1554257
13 13 4 3 0.1554257
17 5 12 6 -0.0062624
14 14 4 3 0.1554257
12 12 0 0 0.1058776
13 10 3 3 0.0708570
6 6 3 0 0.0000000
15 6 14 5 -0.0143294
7 7 3 0 0.0000000
13 10 8 5 0.0227711
8 8 3 0 0.0000000
6 6 17 17 0.1181671
12 6 3 0 0.0000000
9 6 8 5 0.0634280
13 7 3 0 0.0000000
14 8 3 0 -0.0000000
9 8 6 5 0.0038736
14 13 7 2 -0.0082149
10 7 8 5 0.0634280
14 14 8 2 0.0502434
10 8 7 5 0.0038736
12 12 8 5 0.0671126
13 13 8 5 0.0671126
14 12 6 5 -0.0047364
14 13 7 5 -0.0047364
11 6 6 5 0.0038736
14 6 17 9 0.0064356
16 16 9 9 0.0795711
15 5 12 8 0.0082373
14 7 16 11 -0.0052250
9 3 8 6 0.0000577
10 3 8 7 0.0000577
11 3 8 8 0.0234794
13 11 7 5 0.0075361
6 6 3 1 0.0009717
7 6 16 15 0.0041328
7 7 3 1 0.0009717
16 2 11 10 0.0134231
17 1 16 13 -0.1064111
10 10 4 3 0.0423698
11 11 4 3 0.0590015
16 14 16 1 -0.0026800
9 9 0 0 0.1381742
17 12 15 1 -0.0026800
14 14 8 5 0.0754784
17 13 16 1 -0.0026800
16 16 10 10 0.0852005
9 3 15 4 0.0006719
17 5 13 7 -0.0062624
14 11 3 3 -0.0987551
14 7 17 10 0.0064356
ERROR : Not enough buffer
15 11 15 5 0.0600685
14 8 15 9 -0.0538651
17 0 6 6 -0.0667905
14 8 16 10 -0.0538651
14 8 17 11 0.0506033
12 6 15 15 0.0105160
17 0 7 7 -0.0667905
8 8 3 1 0.0010999
15 0 8 6 0.0002150
6 6 4 0 0.0026388
17 2 11 11 -0.1464695
10 10 0 0 0.1381742
8 1 17 4 -0.0224321
17 5 9 9 -0.0400839
12 12 11 1 0.0279139
11 7 7 5 0.0038736
13 13 0 0 0.1058776
10 3 16 4 0.0006719
14 14 0 0 0.1167781
12 12 3 3 0.3582600
15 8 12 5 0.0085678
17 5 16 10 -0.0332224
16 7 14 5 -0.0143294
16 11 16 5 0.0600685
14 9 6 5 -0.0039909
7 7 15 15 0.0886797
7 7 16 16 0.0907461
12 6 16 16 0.0098442
11 11 0 0 0.1381742
12 6 17 17 0.0114747
16 16 11 11 0.0903125
12 7 16 15 0.0006718
17 5 10 10 -0.0400839
12 8 17 15 -0.0035273
13 6 16 15 0.0006718
13 13 11 1 0.0279139
17 14 17 1 -0.1256960
14 12 9 1 -0.0054933
14 13 10 1 -0.0054933
15 12 11 0 0.0007671
15 14 9 0 -0.0001884
13 13 3 3 0.3582600
9 9 9 9 0.0598545
10 9 10 9 0.0146582
17 9 15 5 -0.0332224
10 10 9 9 0.1050507
14 10 7 5 -0.0039909
10 10 10 10 0.0598545
7 7 17 17 0.1181671
7 7 4 0 0.0026388
8 6 17 15 -0.0071859
8 8 4 0 0.0027807
6 6 1 0 0.1554257
7 7 1 0 0.1554257
17 15 11 9 -0.0091423
17 13 17 10 0.0081456
17 14 15 9 0.1142419
17 14 16 10 0.1142419
17 14 17 11 -0.0750221
15 12 15 15 0.1386658
11 8 8 5 0.0725089
11 3 17 4 -0.0011524
11 4 9 6 0.1064111
9 3 9 0 0.0000025
16 5 13 8 0.0082373
15 5 14 6 -0.0062624
16 5 14 7 -0.0062624
14 14 3 3 0.3582600
17 5 14 8 0.0350474
ERROR : Not enough buffer
12 6 8 2 0.0058028
12 8 6 2 0.0058028
13 7 8 2 0.0058028
13 8 7 2 0.0058028
14 6 6 2 -0.0100249
14 7 7 2 -0.0100249
15 6 9 9 0.0435743
9 9 3 3 0.0906719
10 10 3 3 0.0906719
8 7 17 16 -0.0071859
8 8 15 15 0.0916650
8 8 1 0 0.1554257
8 8 16 16 0.0916650
8 8 17 17 0.1209491
15 5 11 9 0.0267103
13 7 15 15 0.0098442
13 7 16 16 0.0105160
13 7 17 17 0.0114747
13 8 17 16 -0.0035273
14 6 17 15 0.0039329
14 7 17 16 0.0039329
14 8 15 15 -0.0479144
14 8 16 16 -0.0479144
14 8 17 17 -0.0572508
12 6 9 6 0.0137647
12 6 10 7 0.0128046
12 6 11 8 0.0146933
12 7 9 7 0.0004800
12 7 10 6 0.0004800
12 8 9 8 0.0023687
12 8 11 6 0.0023687
13 6 9 7 0.0004800
13 6 10 6 0.0004800
13 7 9 6 0.0128046
13 7 10 7 0.0137647
13 7 11 8 0.0146933
14 11 8 5 -0.0502010
13 8 10 8 0.0023687
16 0 8 7 0.0002150
17 0 8 8 -0.0668693
15 6 10 10 0.0393779
14 8 8 2 -0.0376668
6 1 9 0 0.0089521
15 6 11 11 0.0403174
11 11 3 3 0.1283183
6 6 4 3 0.0494849
6 6 9 6 0.2224161
16 5 11 10 0.0267103
6 6 10 7 0.2000194
15 12 16 16 0.1249544
6 6 11 8 0.2000194
15 12 17 17 0.1249544
15 13 16 15 0.0137114
15 14 17 15 0.0137114
16 12 16 15 0.0137114
15 15 16 13 0.1249544
16 13 16 16 0.1386658
16 8 13 5 0.0085678
17 6 12 5 -0.0143294
17 7 13 5 -0.0143294
17 8 14 5 0.0388392
17 1 15 6 -0.0591572
15 8 15 1 0.0031427
17 1 16 7 -0.0591572
16 8 16 1 0.0031427
17 6 15 1 -0.0132853
11 9 11 9 0.0146582
11 10 11 10 0.0146582
11 11 9 9 0.1050507
11 11 10 10 0.1050507
17 3 6 6 -0.0008654
11 11 11 11 0.0598545
17 3 7 7 -0.0008654
15 3 8 6 0.0001907
Total Nzeri = 110
17 16 11 10 -0.0091423
16 3 8 7 0.0001907
17 17 9 9 0.0903125
17 3 8 8 -0.0011453
17 17 10 10 0.0903125
8 4 6 6 0.0471342
17 17 11 11 0.0967326
8 4 7 7 0.0471342
7 6 9 7 0.0223967
7 6 10 6 0.0223967
16 13 11 0 0.0007671
16 14 10 0 -0.0001884
17 12 9 0 -0.0001884
17 13 10 0 -0.0001884
17 14 11 0 0.0012564
15 12 11 3 0.0456018
15 14 9 3 -0.0000580
16 13 11 3 0.0456018
16 14 10 3 -0.0000580
17 12 9 3 -0.0000580
17 13 10 3 -0.0000580
12 6 8 5 0.0080836
17 14 11 3 0.0456433
17 0 15 12 -0.0204780
ERROR : Not enough buffer
7 7 4 3 0.0494849
15 14 15 0 -0.0000561
ERROR : Not enough buffer
8 8 4 3 0.0545619
17 0 16 13 -0.0204780
6 6 0 0 0.3582600
8 6 6 4 0.0029979
7 7 0 0 0.3582600
12 6 3 1 0.0001480
8 8 0 0 0.3582600
13 7 3 1 0.0001480
6 6 3 3 0.1058776
14 8 3 1 -0.0008473
7 7 3 3 0.1058776
12 6 4 0 0.0001480
8 8 3 3 0.1167781
13 7 4 0 0.0001480
7 1 10 0 0.0089521
16 13 17 17 0.1249544
14 8 4 0 -0.0008473
Total Nzeri = 85
16 14 17 16 0.0137114
12 8 6 5 0.0028676
9 8 9 4 0.0026800
13 7 8 5 0.0080836
7 7 9 6 0.2000194
11 4 10 7 0.1064111
7 7 10 7 0.2224161
17 10 16 5 -0.0332224
16 14 16 0 -0.0000561
17 11 17 5 0.0526650
15 7 10 9 0.0041963
15 8 11 9 0.0060752
17 5 11 11 -0.0375732
8 1 11 0 0.0089521
9 9 8 5 0.0467095
6 1 9 3 0.0001217
14 14 11 1 0.0337237
17 12 17 15 0.0137114
ERROR : Not enough buffer
17 13 17 16 0.0137114
13 8 7 5 0.0028676
12 9 11 1 0.0096402
7 7 11 8 0.2000194
8 7 7 4 0.0029979
13 8 11 7 0.0023687
14 6 9 8 -0.0028688
14 6 11 6 -0.0028688
14 7 10 8 -0.0028688
14 7 11 7 -0.0028688
14 8 9 6 -0.0647359
14 8 10 7 -0.0647359
14 8 11 8 -0.0783291
12 6 12 9 0.0051142
12 6 13 10 0.0046363
12 6 14 11 -0.0097961
12 7 12 10 0.0002390
12 7 13 9 0.0002390
12 8 12 11 0.0073561
12 8 14 9 -0.0024535
12 10 13 6 0.0002390
13 6 13 9 0.0002390
7 1 10 3 0.0001217
12 9 13 7 0.0046363
12 12 11 4 0.2208332
13 7 13 10 0.0051142
13 7 14 11 -0.0097961
13 8 13 11 0.0073561
13 8 14 10 -0.0024535
17 7 16 1 -0.0132853
12 11 14 6 -0.0045885
17 8 17 1 0.0946732
8 8 8 4 0.0545854
17 4 15 6 -0.0096402
9 6 9 9 0.1386658
15 9 8 2 0.0219730
9 6 10 10 0.1249544
17 12 15 0 -0.0000561
10 3 10 0 0.0000025
11 3 11 0 0.0001967
15 15 15 9 0.1073650
8 1 11 3 0.0097306
13 13 11 4 0.2208332
6 1 15 0 0.0022904
14 12 9 4 -0.0047060
14 13 10 4 -0.0047060
15 15 17 14 0.1249544
14 14 11 4 0.2220131
8 6 9 8 0.0223967
15 8 15 4 0.0055537
8 6 11 6 0.0223967
17 4 16 7 -0.0096402
8 7 10 8 0.0223967
15 11 6 2 0.0219730
10 10 8 5 0.0467095
16 10 8 2 0.0219730
16 6 10 9 0.0041963
12 6 1 0 0.0073831
9 3 9 3 0.0000185
13 7 1 0 0.0073831
14 8 1 0 -0.0392104
10 3 10 3 0.0000185
12 6 4 3 0.0073831
11 3 11 3 0.0121501
13 7 4 3 0.0073831
16 16 17 14 0.1249544
14 8 4 3 -0.0392104
12 6 0 0 0.0159106
14 2 12 12 -0.0725551
14 1 6 6 -0.0549277
16 8 16 4 0.0055537
14 1 7 7 -0.0549277
11 9 6 5 0.0049776
17 13 16 0 -0.0000561
17 14 17 0 -0.0249431
16 7 9 9 0.0393779
16 7 10 10 0.0435743
16 7 11 11 0.0403174
16 8 11 10 0.0060752
17 6 11 9 -0.0057336
17 7 11 10 -0.0057336
17 8 9 9 -0.0514029
17 8 10 10 -0.0514029
17 8 11 11 -0.0565273
15 6 15 9 0.0418352
15 6 16 10 0.0379679
15 6 17 11 -0.0272944
15 7 15 10 0.0019337
15 7 16 9 0.0019337
15 8 15 11 0.0079466
15 8 17 9 -0.0083044
15 10 16 6 0.0019337
16 6 16 9 0.0019337
ERROR : Not enough buffer
15 9 16 7 0.0379679
16 7 16 10 0.0418352
13 7 0 0 0.0159106
14 8 0 0 -0.0849016
8 7 11 7 0.0223967
12 6 3 3 0.0159106
13 7 3 3 0.0159106
14 8 3 3 -0.0849016
17 6 15 4 -0.0096402
9 6 11 11 0.1249544
17 7 16 4 -0.0096402
9 7 10 9 0.0137114
17 8 17 4 0.0254868
15 6 11 0 0.0003057
15 12 8 1 0.0376428
15 8 9 0 0.0003057
10 8 10 4 0.0026800
16 7 11 0 0.0003057
12 11 9 1 0.0096402
13 10 11 1 0.0096402
13 11 10 1 0.0096402
14 9 9 1 -0.0055537
14 10 10 1 -0.0055537
16 7 17 11 -0.0272944
14 2 13 13 -0.0725551
14 12 12 2 -0.0074454
14 13 13 2 -0.0074454
7 1 16 0 0.0022904
ERROR : Not enough buffer
8 1 17 0 -0.0039535
12 1 8 6 0.0025865
11 10 7 5 0.0049776
13 1 8 7 0.0025865
11 11 8 5 0.0528014
16 10 15 15 0.0960488
15 14 6 1 -0.0085261
11 6 9 4 0.0026800
16 13 8 1 0.0376428
16 8 10 0 0.0003057
14 6 14 9 0.0022145
13 11 14 7 -0.0045885
16 8 16 11 0.0079466
14 7 14 10 0.0022145
12 9 14 8 -0.0240906
8 8 9 6 0.2000194
13 10 14 8 -0.0240906
14 8 14 11 0.0566126
6 1 15 3 0.0004174
16 11 7 2 0.0219730
17 9 6 2 -0.0529061
11 4 9 9 0.0915614
14 6 6 5 -0.0041349
17 11 15 15 -0.0536160
14 7 7 5 -0.0041349
16 15 15 10 0.0113162
11 7 10 4 0.0026800
14 8 8 5 -0.0458024
17 6 9 0 -0.0033639
14 11 11 1 -0.0254868
17 14 17 17 0.1386658
16 8 17 10 -0.0083044
12 9 11 4 0.0591572
8 8 10 7 0.2000194
15 11 17 6 -0.0169500
14 1 8 8 -0.0618699
14 4 6 6 -0.0427144
12 6 15 6 0.0051142
11 4 10 10 0.0915614
7 1 16 3 0.0004174
16 14 7 1 -0.0085261
8 1 17 3 -0.0008295
ERROR : Not enough buffer
6 1 6 1 0.1165343
16 15 16 9 0.0113162
11 8 11 4 0.1256960
17 6 17 9 0.0344787
14 2 9 6 -0.0607686
16 11 17 7 -0.0169500
12 11 9 4 0.0132853
17 7 17 10 0.0344787
13 10 11 4 0.0591572
17 10 7 2 -0.0529061
13 11 10 4 0.0132853
14 4 7 7 -0.0427144
14 9 9 4 -0.0031427
12 4 8 6 0.0090924
11 9 9 4 0.0062502
13 4 8 7 0.0090924
17 12 6 1 -0.0085261
12 6 11 1 0.0037370
7 1 7 1 0.1165343
12 8 9 1 0.0037370
8 1 8 1 0.1165343
13 7 11 1 0.0037370
14 14 14 2 -0.0810171
13 8 10 1 0.0037370
14 6 9 1 -0.0060025
17 11 8 2 -0.0505581
15 9 17 8 -0.0610602
15 9 8 5 0.0532376
16 10 17 8 -0.0610602
15 11 6 5 0.0104944
16 10 8 5 0.0532376
9 8 11 9 0.0137114
16 11 7 5 0.0104944
16 16 15 9 0.0960488
17 9 6 5 -0.0180339
16 16 16 10 0.1073650
17 10 7 5 -0.0180339
17 11 8 5 -0.0499937
15 9 11 1 0.0147452
15 11 9 1 0.0147452
17 1 12 12 -0.1113187
16 10 11 1 0.0147452
16 11 10 1 0.0147452
12 9 9 9 0.0328593
12 6 16 7 0.0046363
14 10 10 4 -0.0031427
14 11 11 4 -0.0946732
14 4 8 8 -0.0546918
12 12 9 9 0.0907461
8 3 6 6 0.0025029
17 13 7 1 -0.0085261
8 3 7 7 0.0025029
17 7 10 0 -0.0033639
8 6 6 3 0.0000102
12 2 9 8 0.0037908
14 2 10 7 -0.0607686
ERROR : Not enough buffer
13 2 10 8 0.0037908
14 7 10 1 -0.0060025
12 2 11 6 0.0037908
13 2 11 7 0.0037908
14 2 11 8 -0.0722072
17 1 13 13 -0.1113187
14 5 9 6 -0.0359077
12 6 17 8 -0.0097961
12 5 9 8 0.0074529
11 10 10 4 0.0062502
14 5 10 7 -0.0359077
11 11 11 4 0.1165665
13 5 10 8 0.0074529
10 6 10 9 0.0137114
12 5 11 6 0.0074529
17 11 16 16 -0.0536160
8 7 7 3 0.0000102
17 15 15 11 -0.0101621
12 12 10 10 0.0886797
17 15 17 9 0.0216823
12 9 10 10 0.0310021
17 16 16 11 -0.0101621
17 9 9 1 -0.0340064
17 16 17 10 0.0216823
17 10 10 1 -0.0340064
17 14 8 1 0.0557817
12 7 15 7 0.0002390
15 12 8 4 0.0474260
12 7 16 6 0.0002390
15 14 6 4 -0.0015868
15 15 11 2 0.0400839
15 12 9 6 0.0989421
8 8 8 3 0.0028222
16 16 11 2 0.0400839
14 0 6 6 -0.0069996
8 8 11 8 0.2224161
15 1 14 12 -0.0034140
6 6 12 9 0.0385105
6 6 13 10 0.0375151
16 1 14 13 -0.0034140
14 2 12 9 -0.0241457
17 11 11 1 -0.0322848
17 8 11 0 -0.0035144
9 9 10 7 0.1249544
15 6 11 3 0.0078344
10 7 10 10 0.1386658
13 5 11 7 0.0074529
10 7 11 11 0.1249544
14 5 11 8 -0.0488538
14 2 9 9 -0.0466511
14 8 11 1 -0.0234702
12 6 11 4 0.0152278
12 8 9 4 0.0026599
14 0 7 7 -0.0069996
13 7 11 4 0.0152278
12 0 8 6 0.0000795
6 6 14 11 -0.0734681
15 12 10 7 0.0965762
7 6 12 10 0.0009954
17 17 15 9 0.1012319
12 11 12 2 0.0218636
17 17 16 10 0.1012319
17 17 17 11 -0.0579326
15 15 15 15 0.0598545
15 8 9 3 0.0000705
16 13 8 4 0.0474260
16 7 11 3 0.0078344
16 14 7 4 -0.0015868
10 8 11 10 0.0137114
17 12 6 4 -0.0015868
17 8 17 11 0.0636041
12 9 11 11 0.0381797
13 8 10 4 0.0026599
12 10 10 9 0.0018572
12 11 11 9 0.0162126
15 12 11 8 0.1099337
17 1 14 14 -0.1228390
15 13 9 7 0.0011830
7 6 13 9 0.0009954
15 13 10 6 0.0011830
7 7 12 9 0.0375151
14 2 13 10 -0.0241457
16 15 16 15 0.0146582
13 11 13 2 0.0218636
14 9 12 2 -0.0046593
12 12 11 11 0.1181671
13 12 10 9 0.0041328
13 13 9 9 0.0886797
11 6 11 9 0.0137114
13 13 10 10 0.0907461
13 13 11 11 0.1181671
14 12 11 9 -0.0071859
14 13 11 10 -0.0071859
14 14 9 9 0.0916650
14 14 10 10 0.0916650
14 14 11 11 0.1209491
12 12 15 9 0.1218351
12 12 16 10 0.1156122
13 0 8 7 0.0000795
14 0 8 8 -0.0072978
12 12 11 0 0.0008654
13 13 11 0 0.0008654
12 8 15 8 0.0022145
14 12 9 0 -0.0001907
14 13 10 0 -0.0001907
15 14 9 8 -0.0031406
17 1 9 6 -0.1832655
14 14 11 0 0.0011453
16 16 15 15 0.1050507
14 10 13 2 -0.0046593
16 16 16 16 0.0598545
17 13 7 4 -0.0015868
17 15 17 15 0.0146582
17 14 8 4 0.0552692
15 12 14 1 -0.0422051
15 14 12 1 -0.0016825
11 7 11 10 0.0137114
12 12 17 11 -0.0730118
13 9 10 9 0.0018572
9 9 11 8 0.1249544
10 10 11 8 0.1249544
13 10 9 9 0.0310021
13 12 15 10 0.0062229
12 8 17 6 -0.0045885
13 10 10 10 0.0328593
13 12 16 9 0.0062229
13 10 11 11 0.0381797
13 13 15 9 0.1156122
13 13 16 10 0.1218351
16 8 10 3 0.0000705
15 1 9 8 0.0026784
17 6 9 3 -0.0000944
17 16 17 16 0.0146582
15 6 15 15 0.0328593
17 15 9 2 -0.0267103
16 13 14 1 -0.0422051
11 8 11 11 0.1386658
14 3 6 6 -0.0062809
7 7 13 10 0.0385105
14 3 7 7 -0.0062809
15 9 11 4 0.1164958
7 7 14 11 -0.0734681
12 3 8 6 0.0013863
14 2 10 10 -0.0466511
15 14 11 6 -0.0031406
13 13 17 11 -0.0730118
16 12 9 7 0.0011830
14 11 14 2 0.0587200
17 1 10 7 -0.1832655
14 5 12 9 -0.0096833
17 7 10 3 -0.0000944
12 11 12 5 0.0694474
17 8 11 3 -0.0159958
14 5 13 10 -0.0096833
14 6 9 4 -0.0019828
17 16 10 2 -0.0267103
13 11 13 5 0.0694474
14 7 10 4 -0.0019828
13 6 15 7 0.0002390
14 8 11 4 -0.0798994
14 9 12 5 -0.0096833
14 2 12 6 -0.0080836
12 2 11 9 0.0090940
12 8 12 2 0.0041349
13 11 11 10 0.0162126
16 12 10 6 0.0011830
14 2 13 7 -0.0080836
16 13 9 6 0.0965762
17 17 15 15 0.1050507
15 6 16 16 0.0310021
17 0 15 6 -0.0138974
15 6 17 17 0.0381797
9 6 15 9 0.1203782
17 17 11 2 0.0375732
15 8 15 0 0.0000987
17 0 16 7 -0.0138974
15 15 11 5 0.1471540
16 8 16 0 0.0000987
16 16 11 5 0.1471540
17 6 15 0 -0.0008872
14 10 13 5 -0.0096833
17 7 16 0 -0.0008872
14 11 14 5 0.0734929
14 9 11 9 -0.0053619
16 1 10 8 0.0026784
16 13 10 7 0.0989421
15 1 11 6 0.0026784
16 14 13 1 -0.0016825
16 1 11 7 0.0026784
15 7 16 15 0.0018572
17 12 12 1 -0.0016825
13 6 16 6 0.0002390
9 6 16 10 0.1108569
12 12 11 3 0.0667905
9 6 17 11 -0.0678016
8 6 12 11 0.0068501
9 7 15 10 0.0047606
8 6 14 9 -0.0043863
17 8 17 0 0.0206858
9 7 16 9 0.0047606
9 8 15 11 0.0081456
16 13 11 8 0.1099337
14 10 11 10 -0.0053619
15 8 17 15 -0.0053619
17 1 11 8 -0.1844407
15 11 9 4 0.0120855
17 4 9 6 -0.0243683
13 7 15 6 0.0046363
15 4 9 8 0.0049151
13 7 16 7 0.0051142
13 13 11 3 0.0667905
13 7 17 8 -0.0097961
13 8 16 8 0.0022145
14 12 15 11 -0.0074905
13 8 13 2 0.0041349
14 6 12 2 -0.0028676
14 7 13 2 -0.0028676
14 8 14 2 0.0458024
17 1 12 9 -0.0404345
17 3 15 6 -0.0003225
15 1 12 11 0.0054304
16 14 10 8 -0.0031406
16 14 11 7 -0.0031406
17 12 9 8 -0.0031406
17 1 13 10 -0.0404345
17 17 16 16 0.1050507
16 6 16 15 0.0018572
16 10 11 4 0.1164958
15 15 16 7 0.0310021
13 3 8 7 0.0013863
17 15 9 5 -0.0134231
14 3 8 8 -0.0083318
17 16 10 5 -0.0134231
13 2 11 10 0.0090940
17 17 11 5 0.1464695
14 2 11 11 -0.0557805
13 8 17 7 -0.0045885
14 5 9 9 -0.0231355
9 8 17 9 -0.0052512
14 6 15 8 -0.0024535
14 11 9 9 -0.0525854
14 6 17 6 0.0073561
14 7 16 8 -0.0024535
14 7 17 7 0.0073561
14 11 10 10 -0.0525854
14 11 11 11 -0.0652264
14 8 15 6 -0.0240906
14 8 16 7 -0.0240906
12 9 15 9 0.0418352
17 4 10 7 -0.0243683
14 12 9 3 -0.0002150
16 7 16 16 0.0328593
16 4 10 8 0.0049151
15 4 11 6 0.0049151
17 2 15 15 -0.1139316
8 7 13 11 0.0068501
14 5 12 6 -0.0058028
8 7 14 10 -0.0043863
8 8 12 9 0.0404425
14 5 10 10 -0.0231355
8 8 13 10 0.0404425
17 12 11 6 -0.0031406
8 8 14 11 -0.0845271
17 13 10 8 -0.0031406
14 8 17 8 0.0566126
17 13 11 7 -0.0031406
6 6 15 6 0.0674435
17 14 9 6 0.1099337
12 9 16 10 0.0379679
6 6 16 7 0.0611667
16 4 11 7 0.0049151
17 2 16 16 -0.1139316
17 4 11 8 -0.0321607
14 13 10 3 -0.0002150
11 3 9 6 0.0204780
9 8 9 3 0.0000561
17 13 13 1 -0.0016825
17 17 17 17 0.0598545
12 6 15 12 0.0137647
17 14 10 7 0.1099337
12 6 16 13 0.0128046
17 14 11 8 0.1277280
12 6 17 14 0.0146933
15 12 12 9 0.0600035
12 7 15 13 0.0004800
15 8 15 3 0.0002402
17 3 16 7 -0.0003225
16 8 16 3 0.0002402
17 6 15 3 -0.0003225
17 7 16 3 -0.0003225
17 8 17 3 0.0010072
15 6 8 1 0.0120047
14 12 17 9 0.0100211
14 14 11 3 0.0668693
12 5 11 9 0.0228297
11 3 10 7 0.0204780
10 6 15 10 0.0047606
16 1 13 11 0.0054304
Total Nzeri = 145
17 14 14 1 -0.0514251
16 11 10 4 0.0120855
15 12 8 3 0.0048689
15 12 13 10 0.0534723
17 9 9 4 -0.0074764
17 10 10 4 -0.0074764
12 8 12 5 0.0100249
12 9 17 11 -0.0272944
12 10 15 10 0.0019337
12 10 16 9 0.0019337
12 11 15 11 0.0344787
12 11 17 9 -0.0169500
13 9 15 10 0.0019337
13 9 16 9 0.0019337
13 10 15 9 0.0379679
13 10 16 10 0.0418352
13 10 17 11 -0.0272944
13 11 16 11 0.0344787
13 11 17 10 -0.0169500
14 9 15 11 -0.0083044
14 9 17 9 0.0079466
14 10 16 11 -0.0083044
14 10 17 10 0.0079466
10 8 10 3 0.0000561
15 8 6 1 0.0120047
15 1 14 9 -0.0027665
16 1 14 10 -0.0027665
15 14 6 3 -0.0000222
17 1 14 11 0.0822059
15 12 14 11 -0.0716685
17 4 12 9 -0.0061338
17 11 11 4 -0.0825640
12 7 16 12 0.0004800
15 9 14 2 -0.0532376
12 8 15 14 -0.0028688
17 15 15 2 -0.0134231
14 13 16 11 -0.0074905
ERROR : Not enough buffer
17 16 16 2 -0.0134231
Total Nzeri = 178
13 5 11 10 0.0228297
14 11 15 9 -0.0610602
14 11 16 10 -0.0610602
14 11 17 11 0.0636041
12 9 15 15 0.0435743
12 9 16 16 0.0393779
12 9 17 17 0.0403174
12 10 16 15 0.0041963
16 7 8 1 0.0120047
15 13 12 10 0.0032656
16 8 7 1 0.0120047
6 6 17 8 -0.0834148
17 6 6 1 -0.0962575
7 6 15 7 0.0062767
17 7 7 1 -0.0962575
14 5 13 7 -0.0058028
12 8 17 12 -0.0028688
17 8 8 1 -0.1016065
14 13 17 10 0.0100211
17 17 17 2 -0.1335028
14 14 15 9 0.1175114
15 15 8 2 0.0231355
16 13 8 3 0.0048689
16 7 17 17 0.0381797
15 13 13 9 0.0032656
16 14 7 3 -0.0000222
17 12 6 3 -0.0000222
17 13 7 3 -0.0000222
17 14 8 3 0.0050318
15 14 12 11 -0.0047996
15 14 14 9 0.0043900
13 6 15 13 0.0004800
13 6 16 12 0.0004800
13 7 15 12 0.0128046
14 14 16 10 0.1175114
16 16 8 2 0.0231355
14 14 17 11 -0.0787748
17 15 6 2 -0.0228297
17 16 7 2 -0.0228297
12 11 17 15 -0.0057336
17 17 8 2 0.0288543
15 15 8 5 0.0466511
15 12 14 0 -0.0023965
13 8 13 5 0.0100249
14 6 12 5 -0.0058028
14 7 13 5 -0.0058028
16 12 12 10 0.0032656
14 8 14 5 0.0376668
15 11 12 2 0.0180339
17 1 12 6 -0.0152278
15 1 12 8 0.0019828
11 6 9 3 0.0000561
13 7 16 13 0.0137647
11 7 10 3 0.0000561
11 8 11 3 0.0249431
12 12 15 15 0.1412750
17 0 9 6 -0.0456018
12 12 16 16 0.1318308
15 0 9 8 0.0000580
16 16 8 5 0.0466511
13 9 16 15 0.0041963
17 15 6 5 -0.0090940
17 16 7 5 -0.0090940
15 4 12 11 0.0403133
17 17 8 5 0.0557805
17 1 13 7 -0.0152278
15 15 11 1 0.0156832
16 1 13 8 0.0019828
16 8 17 16 -0.0053619
15 1 14 6 -0.0026599
14 5 11 11 -0.0288543
17 0 10 7 -0.0456018
17 1 9 9 -0.1250906
17 1 10 10 -0.1250906
15 6 8 4 0.0158596
15 1 11 9 0.0036831
16 1 11 10 0.0036831
17 1 11 11 -0.1257231
17 4 9 9 -0.0156832
15 8 6 4 0.0014801
17 4 10 10 -0.0156832
15 4 11 9 0.0148747
17 4 13 10 -0.0061338
13 7 17 14 0.0146933
17 0 12 12 -0.0212139
16 10 14 2 -0.0532376
16 11 13 2 0.0180339
17 6 17 15 0.0162126
17 9 12 2 -0.0104944
16 1 14 7 -0.0026599
17 10 13 2 -0.0104944
17 11 14 2 0.0499937
17 1 14 8 0.0798994
16 12 13 9 0.0032656
13 10 15 15 0.0393779
16 13 12 9 0.0534723
16 13 13 10 0.0600035
16 4 11 10 0.0148747
16 4 13 11 0.0403133
13 8 16 14 -0.0028688
13 8 17 13 -0.0028688
14 6 15 14 0.0023687
16 16 11 1 0.0156832
17 0 13 13 -0.0212139
7 6 16 6 0.0062767
15 0 14 12 -0.0000577
17 7 17 16 0.0162126
16 0 14 13 -0.0000577
15 15 17 8 -0.0525854
17 4 12 6 -0.0037370
16 16 17 8 -0.0525854
15 4 12 8 0.0060025
17 4 13 7 -0.0037370
17 8 17 17 -0.0652264
16 4 13 8 0.0060025
16 7 8 4 0.0158596
15 4 14 6 -0.0037370
16 4 14 7 -0.0037370
16 8 7 4 0.0014801
17 4 14 8 0.0234702
17 6 6 4 -0.0038933
17 15 9 1 -0.0148747
7 7 15 6 0.0611667
17 0 14 14 -0.0234794
7 7 16 7 0.0674435
7 7 17 8 -0.0834148
15 14 12 0 -0.0000093
8 6 15 8 0.0079909
16 13 14 0 -0.0023965
8 6 17 6 -0.0096723
16 14 13 0 -0.0000093
8 7 16 8 0.0079909
12 12 17 17 0.1318308
17 12 12 0 -0.0000093
13 12 16 15 0.0188884
17 13 13 0 -0.0000093
13 13 15 15 0.1318308
17 16 10 1 -0.0148747
13 13 16 16 0.1412750
17 17 11 1 0.0187330
13 13 17 17 0.1318308
14 12 17 15 0.0188884
14 13 17 16 0.0188884
14 14 15 15 0.1318308
14 14 16 16 0.1318308
13 10 16 16 0.0435743
13 10 17 17 0.0403174
13 11 17 16 -0.0057336
12 6 11 0 0.0001676
8 7 17 7 -0.0096723
17 7 7 4 -0.0038933
8 8 15 6 0.0620238
8 8 16 7 0.0620238
8 8 17 8 -0.0926538
6 6 15 12 0.1007414
6 6 16 13 0.0994276
17 8 8 4 -0.0366936
12 12 8 1 0.0427144
15 9 14 5 -0.0219730
15 4 14 9 -0.0061338
15 15 11 4 0.1250906
16 4 14 10 -0.0061338
15 6 9 6 0.0600035
14 14 17 17 0.1412750
17 4 11 11 -0.0187330
11 3 9 9 0.0180541
11 3 10 10 0.0180541
11 9 9 3 0.0001745
12 8 9 0 0.0001676
11 10 10 3 0.0001745
11 11 11 3 0.0253050
13 7 11 0 0.0001676
6 6 17 14 0.1169239
13 13 8 1 0.0427144
16 16 11 4 0.1250906
14 12 6 1 -0.0090924
14 13 7 1 -0.0090924
17 15 9 4 -0.0036831
14 14 8 1 0.0546918
12 12 8 4 0.0549277
17 4 14 11 0.0427839
15 6 10 7 0.0534723
12 9 11 0 0.0003225
17 14 14 0 -0.0029982
14 6 17 12 0.0023687
15 12 8 0 0.0055690
14 7 16 14 0.0023687
15 14 6 0 -0.0013802
14 7 17 13 0.0023687
16 13 8 0 0.0055690
7 6 15 13 0.0013138
16 13 14 11 -0.0716685
7 6 16 12 0.0013138
16 14 13 11 -0.0047996
7 7 15 12 0.0994276
13 13 8 4 0.0549277
15 6 11 8 0.0545966
14 12 6 4 -0.0025865
16 0 10 8 0.0000580
14 13 7 4 -0.0025865
17 0 9 9 -0.0271371
15 0 11 6 0.0000580
16 0 11 7 0.0000580
17 0 10 10 -0.0271371
14 8 15 12 -0.0647359
15 0 11 9 0.0000337
14 8 16 13 -0.0647359
16 0 11 10 0.0000337
14 8 17 14 -0.0783291
17 0 11 11 -0.0271489
17 3 9 9 -0.0004982
17 3 10 10 -0.0004982
15 3 11 9 0.0006259
7 7 16 13 0.1007414
12 11 9 0 0.0003225
15 7 9 7 0.0032656
13 10 11 0 0.0003225
14 14 8 4 0.0618699
15 11 12 5 0.0529061
13 8 10 0 0.0001676
14 6 9 0 -0.0004230
14 7 10 0 -0.0004230
14 8 11 0 -0.0013018
12 6 11 3 0.0031876
12 8 9 3 0.0001234
13 7 11 3 0.0031876
13 8 10 3 0.0001234
14 6 9 3 -0.0000510
14 7 10 3 -0.0000510
12 12 9 6 0.1007414
12 12 10 7 0.0994276
12 12 11 8 0.1169239
13 12 9 7 0.0013138
13 12 10 6 0.0013138
13 13 9 6 0.0994276
13 13 10 7 0.1007414
13 13 11 8 0.1169239
14 12 9 8 -0.0041673
14 12 11 6 -0.0041673
14 13 10 8 -0.0041673
14 13 11 7 -0.0041673
14 14 9 6 0.1064314
14 14 10 7 0.1064314
16 14 14 10 0.0043900
17 12 12 11 -0.0047996
17 12 14 9 0.0043900
7 7 17 14 0.1169239
15 6 14 1 -0.0172634
13 11 10 0 0.0003225
14 9 9 0 -0.0002402
14 1 12 12 -0.0471342
16 10 14 5 -0.0219730
14 1 13 13 -0.0471342
17 16 10 4 -0.0036831
14 8 11 3 -0.0171390
12 6 6 6 0.0150890
17 17 11 4 0.1257231
12 6 7 7 0.0142390
14 14 11 8 0.1287742
14 9 17 15 0.0060752
15 7 10 6 0.0032656
15 8 12 1 0.0014371
17 0 11 8 -0.0456433
14 10 10 0 -0.0002402
16 14 7 0 -0.0013802
14 11 11 0 -0.0010072
16 11 13 5 0.0529061
12 9 11 3 0.0138974
17 0 12 6 -0.0031876
12 11 9 3 0.0008872
15 15 14 2 -0.0467095
13 10 11 3 0.0138974
12 12 12 9 0.0674435
8 6 15 14 -0.0041673
13 10 12 12 0.0611667
14 10 17 16 0.0060752
15 8 9 8 0.0043900
14 11 15 15 -0.0514029
17 3 9 6 -0.0007671
14 11 16 16 -0.0514029
17 12 6 0 -0.0013802
14 11 17 17 -0.0565273
17 9 12 5 -0.0219730
12 9 9 6 0.0374851
16 3 11 10 0.0006259
12 9 10 7 0.0359103
17 10 13 5 -0.0219730
12 9 11 8 0.0410672
14 11 12 12 -0.0834148
16 7 14 1 -0.0172634
8 6 17 12 -0.0041673
13 12 12 10 0.0062767
15 8 11 6 0.0043900
15 3 9 8 0.0001884
14 12 12 1 -0.0029979
15 0 12 8 0.0000510
14 13 13 1 -0.0029979
17 3 11 11 -0.0008135
16 16 14 2 -0.0467095
9 9 8 4 0.0321930
17 15 12 2 -0.0049776
17 16 13 2 -0.0049776
17 11 14 5 0.0505581
10 10 8 4 0.0321930
16 8 13 1 0.0014371
11 9 6 4 0.0023287
17 6 12 1 -0.0034227
8 7 16 14 -0.0041673
17 13 7 0 -0.0013802
17 14 8 0 0.0092457
ERROR : Not enough buffer
Total Nzeri = 210
17 3 10 7 -0.0007671
16 3 10 8 0.0001884
15 3 11 6 0.0001884
16 3 11 7 0.0001884
17 3 11 8 -0.0012564
9 6 8 4 0.0422051
9 8 6 4 0.0016825
10 7 8 4 0.0422051
10 8 7 4 0.0016825
11 6 6 4 0.0016825
11 7 7 4 0.0016825
11 8 8 4 0.0514251
14 1 9 6 -0.0474260
12 1 9 8 0.0015868
14 1 10 7 -0.0474260
13 1 10 8 0.0015868
12 1 11 6 0.0015868
13 11 10 3 0.0008872
13 1 11 7 0.0015868
14 1 11 8 -0.0552692
14 4 9 6 -0.0376428
14 9 9 3 -0.0000987
12 10 9 7 0.0007874
17 1 15 9 -0.1164958
12 10 10 6 0.0007874
15 11 15 1 0.0074764
17 1 16 10 -0.1164958
16 11 16 1 0.0074764
17 9 15 1 -0.0120855
17 10 16 1 -0.0120855
17 11 17 1 0.0825640
17 4 15 9 -0.0147452
14 14 14 1 -0.0545854
15 11 15 4 0.0340064
17 0 13 7 -0.0031876
16 0 13 8 0.0000510
17 17 14 2 -0.0528014
15 0 14 6 -0.0001234
13 12 13 9 0.0062767
16 0 14 7 -0.0001234
12 11 9 8 0.0059443
17 0 14 8 0.0171390
17 3 12 6 -0.0001676
11 10 7 4 0.0023287
17 7 13 1 -0.0034227
11 11 8 4 0.0392959
17 8 14 1 0.0388606
14 1 9 9 -0.0342226
12 12 8 3 0.0069996
17 4 16 10 -0.0147452
14 1 10 10 -0.0342226
13 13 8 3 0.0069996
12 1 11 9 0.0023829
12 11 11 6 0.0059443
13 1 11 10 0.0023829
13 13 12 9 0.0611667
16 6 9 7 0.0032656
17 1 15 15 -0.0915614
16 6 10 6 0.0032656
17 1 16 16 -0.0915614
17 13 13 11 -0.0047996
12 4 9 8 0.0085261
14 12 6 3 -0.0000795
14 4 10 7 -0.0376428
14 13 7 3 -0.0000795
13 4 10 8 0.0085261
14 14 8 3 0.0072978
14 0 12 12 -0.0025029
13 9 9 7 0.0007874
16 11 16 4 0.0340064
13 9 10 6 0.0007874
17 9 15 4 -0.0147452
14 10 10 3 -0.0000987
16 7 9 6 0.0534723
14 11 11 3 -0.0206858
17 0 12 9 -0.0078344
17 13 14 10 0.0043900
14 1 11 11 -0.0393764
17 14 12 9 0.0545966
12 4 11 6 0.0085261
17 14 13 10 0.0545966
14 0 13 13 -0.0025029
12 6 8 8 0.0156298
13 10 9 6 0.0359103
13 10 10 7 0.0374851
13 10 11 8 0.0410672
17 15 15 1 -0.0062502
17 16 16 1 -0.0062502
15 0 12 11 0.0000944
17 17 17 1 -0.1165665
15 15 11 0 0.0004982
15 3 12 8 0.0004230
14 4 9 9 -0.0243114
17 3 13 7 -0.0001676
16 3 13 8 0.0004230
8 7 17 13 -0.0041673
13 4 11 7 0.0085261
17 14 14 11 -0.0806382
13 13 13 10 0.0674435
15 12 15 6 0.0374851
14 11 13 13 -0.0834148
15 6 14 4 -0.0154671
14 12 12 11 -0.0096723
15 8 12 4 0.0101506
13 11 10 8 0.0059443
16 16 11 0 0.0004982
17 0 13 10 -0.0078344
15 3 14 6 -0.0001676
14 4 10 10 -0.0243114
16 3 14 7 -0.0001676
8 8 15 12 0.1064314
14 12 12 0 -0.0000102
8 8 16 13 0.1064314
14 13 13 0 -0.0000102
8 8 17 14 0.1287742
14 12 14 9 0.0079909
17 10 16 4 -0.0147452
6 6 6 6 0.1421094
17 11 17 4 0.0322848
7 6 7 6 0.0305805
15 9 11 0 0.0005030
16 0 13 11 0.0000944
17 15 9 0 -0.0006259
17 3 14 8 0.0013018
17 16 10 0 -0.0006259
17 17 11 0 0.0008135
15 15 11 3 0.0271371
14 14 14 0 -0.0028222
12 7 7 6 0.0008500
16 7 10 7 0.0600035
12 4 11 9 0.0266610
16 7 11 8 0.0545966
7 7 6 6 0.2536383
15 11 9 0 0.0005030
16 8 10 8 0.0043900
16 10 11 0 0.0005030
16 8 11 7 0.0043900
17 6 9 8 -0.0047996
15 0 14 9 -0.0000705
14 4 11 8 -0.0557817
16 16 11 3 0.0271371
9 6 8 3 0.0023965
17 15 9 3 -0.0000337
14 13 13 11 -0.0096723
17 16 10 3 -0.0000337
13 4 11 10 0.0266610
7 7 7 7 0.1421094
12 8 8 6 0.0036315
16 7 14 4 -0.0154671
16 8 13 4 0.0101506
17 6 12 4 -0.0154671
16 0 14 10 -0.0000705
17 7 13 4 -0.0154671
16 7 15 12 0.0359103
17 8 14 4 0.0450315
17 8 15 12 -0.0676429
13 11 11 7 0.0059443
17 17 11 3 0.0271489
14 9 9 8 -0.0030489
14 9 11 6 -0.0030489
14 10 10 8 -0.0030489
13 6 7 6 0.0008500
14 10 11 7 -0.0030489
14 11 9 6 -0.0676429
14 11 10 7 -0.0676429
17 0 14 11 0.0159958
14 11 11 8 -0.0836329
12 12 8 0 0.0062809
13 13 8 0 0.0062809
14 12 6 0 -0.0013863
14 13 7 0 -0.0013863
14 14 8 0 0.0083318
16 11 10 0 0.0005030
15 13 15 7 0.0007874
17 9 9 0 -0.0015695
16 6 15 13 0.0007874
17 0 15 15 -0.0180541
8 6 8 6 0.0305805
15 14 15 8 -0.0030489
8 7 8 7 0.0305805
17 6 15 14 0.0059443
17 3 12 9 -0.0003057
15 3 12 11 0.0033639
17 3 13 10 -0.0003057
12 9 12 9 0.0099343
9 8 6 3 0.0000093
12 10 12 10 0.0005735
12 11 12 11 0.0220207
10 7 8 3 0.0023965
14 13 14 10 0.0079909
14 14 12 9 0.0620238
14 14 13 10 0.0620238
12 6 8 1 0.0069803
14 14 14 11 -0.0926538
17 10 10 0 -0.0015695
8 8 6 6 0.2536383
17 6 11 6 -0.0047996
16 12 15 7 0.0007874
16 3 13 11 0.0033639
13 7 6 6 0.0142390
ERROR : Not enough buffer
13 7 7 7 0.0150890
13 9 12 10 0.0011469
13 7 8 8 0.0156298
17 0 16 16 -0.0180541
10 8 7 3 0.0000093
12 12 15 6 0.0385105
17 11 11 0 -0.0015453
12 12 16 7 0.0375151
12 12 17 8 -0.0734681
8 8 7 7 0.2536383
16 12 16 6 0.0007874
15 3 14 9 -0.0003057
15 6 8 3 0.0009223
15 8 6 3 0.0000112
Total Nzeri = 180
16 7 8 3 0.0009223
16 8 7 3 0.0000112
17 6 6 3 -0.0000152
13 8 8 7 0.0036315
14 6 8 6 -0.0055479
14 7 8 7 -0.0055479
14 8 6 6 -0.0737481
14 8 7 7 -0.0737481
14 8 8 8 -0.0855922
12 6 12 6 0.0008486
12 7 12 7 0.0000481
12 8 12 8 0.0010402
13 6 12 7 0.0000963
13 6 13 6 0.0000481
13 7 12 6 0.0015046
13 7 13 7 0.0008486
13 8 13 8 0.0010402
14 6 12 8 -0.0017695
14 6 14 6 0.0010402
14 7 13 8 -0.0017695
14 7 14 7 0.0010402
14 8 12 6 -0.0083759
14 8 13 7 -0.0083759
14 8 14 8 0.0246785
Total Nzeri = 235
14 4 11 11 -0.0337586
9 9 8 3 0.0020666
10 10 8 3 0.0020666
11 9 6 3 0.0000242
11 10 7 3 0.0000242
11 11 8 3 0.0029067
14 0 9 9 -0.0029336
14 0 10 10 -0.0029336
12 0 11 9 0.0000134
13 0 11 10 0.0000134
15 9 11 3 0.0238212
17 7 10 8 -0.0047996
17 7 11 7 -0.0047996
17 8 9 6 -0.0716685
8 8 8 8 0.1421094
17 8 10 7 -0.0716685
17 8 11 8 -0.0806382
Total Nzeri = 173
16 13 15 6 0.0359103
15 6 12 9 0.0142505
15 6 13 10 0.0133127
15 6 14 11 -0.0259682
15 7 12 10 0.0004689
15 11 9 3 0.0004186
15 7 13 9 0.0004689
14 0 11 11 -0.0029815
11 6 6 3 0.0000093
14 3 9 9 -0.0036186
11 7 7 3 0.0000093
16 10 11 3 0.0238212
11 8 8 3 0.0029982
14 0 9 6 -0.0048689
16 3 14 10 -0.0003057
17 3 14 11 0.0035144
16 13 16 7 0.0374851
15 8 12 11 0.0065717
17 8 16 13 -0.0676429
15 8 14 9 -0.0028963
16 14 16 8 -0.0030489
16 6 12 10 0.0004689
17 7 16 14 0.0059443
12 0 9 8 0.0000222
17 12 15 8 -0.0030489
14 0 10 7 -0.0048689
17 12 17 6 0.0059443
12 9 8 1 0.0154671
14 3 10 10 -0.0036186
12 11 6 1 0.0154671
16 6 13 9 0.0004689
13 9 13 9 0.0005735
16 11 10 3 0.0004186
13 10 12 9 0.0175747
17 9 9 3 -0.0001470
13 10 13 10 0.0099343
17 10 10 3 -0.0001470
13 0 10 8 0.0000222
13 10 8 1 0.0154671
12 0 11 6 0.0000222
13 0 11 7 0.0000222
17 7 7 3 -0.0000152
13 11 7 1 0.0154671
17 8 8 3 -0.0019761
15 6 14 0 -0.0015483
15 8 12 0 0.0000176
14 0 11 8 -0.0050318
12 3 11 9 0.0046495
17 13 16 8 -0.0030489
13 11 13 11 0.0220207
17 13 17 7 0.0059443
14 9 12 11 -0.0078271
14 9 6 1 -0.0101506
16 7 14 0 -0.0015483
13 3 11 10 0.0046495
17 11 11 3 -0.0159385
14 3 11 11 -0.0060839
17 0 15 9 -0.0238212
15 11 15 0 0.0001470
17 0 16 10 -0.0238212
16 11 16 0 0.0001470
14 9 14 9 0.0016132
16 7 12 9 0.0133127
14 10 7 1 -0.0101506
14 11 8 1 -0.0450315
12 9 8 4 0.0172634
16 8 13 0 0.0000176
12 11 6 4 0.0034227
ERROR : Not enough buffer
17 6 12 0 -0.0001044
13 10 8 4 0.0172634
Total Nzeri = 174
17 9 15 0 -0.0004186
13 11 7 4 0.0034227
14 9 6 4 -0.0014371
17 10 16 0 -0.0004186
17 11 17 0 0.0159385
16 7 13 10 0.0142505
16 7 14 11 -0.0259682
16 8 13 11 0.0065717
17 3 15 9 -0.0005030
15 11 15 3 0.0015695
14 10 7 4 -0.0014371
17 3 16 10 -0.0005030
17 7 13 0 -0.0001044
16 8 14 10 -0.0028963
17 8 14 0 0.0029366
14 11 8 4 -0.0388606
16 11 16 3 0.0015695
17 9 15 3 -0.0005030
17 10 16 3 -0.0005030
17 6 12 11 -0.0113067
15 6 8 0 0.0022912
17 11 17 3 0.0015453
15 8 6 0 0.0022912
16 7 8 0 0.0022912
16 8 7 0 0.0022912
17 6 6 0 -0.0277320
17 6 14 9 0.0065717
15 9 8 1 0.0238562
15 11 6 1 0.0238562
16 10 8 1 0.0238562
17 7 7 0 -0.0277320
17 7 13 11 -0.0113067
14 10 13 11 -0.0078271
17 8 8 0 -0.0288786
14 10 14 10 0.0016132
15 6 14 3 -0.0023451
15 8 12 3 0.0017826
16 7 14 3 -0.0023451
16 11 7 1 0.0238562
17 7 14 10 0.0065717
17 9 6 1 -0.0634078
14 1 12 9 -0.0158596
17 10 7 1 -0.0634078
12 11 12 1 0.0038933
14 1 13 10 -0.0158596
14 11 12 9 -0.0288496
14 11 13 10 -0.0288496
17 8 12 9 -0.0259682
16 8 13 3 0.0017826
17 8 13 10 -0.0259682
17 6 12 3 -0.0023451
17 7 13 3 -0.0023451
17 8 14 3 0.0073836
14 11 14 11 0.0401969
Total Nzeri = 210
ERROR : Not enough buffer
Total Nzeri = 243
13 11 13 1 0.0038933
14 9 12 1 -0.0014801
14 10 13 1 -0.0014801
14 11 14 1 0.0366936
14 4 12 9 -0.0120047
12 11 12 4 0.0962575
14 4 13 10 -0.0120047
13 11 13 4 0.0962575
14 9 12 4 -0.0120047
14 10 13 4 -0.0120047
14 11 14 4 0.1016065
12 9 8 3 0.0015483
12 11 6 3 0.0001044
13 10 8 3 0.0015483
13 11 7 3 0.0001044
14 9 6 3 -0.0000176
14 10 7 3 -0.0000176
14 11 8 3 -0.0029366
14 0 12 9 -0.0009223
12 11 12 0 0.0000152
14 0 13 10 -0.0009223
13 11 13 0 0.0000152
14 9 12 0 -0.0000112
14 10 13 0 -0.0000112
14 11 14 0 0.0019761
12 9 8 0 0.0023451
12 11 6 0 0.0023451
13 10 8 0 0.0023451
13 11 7 0 0.0023451
14 9 6 0 -0.0017826
14 10 7 0 -0.0017826
14 11 8 0 -0.0073836
14 3 12 9 -0.0022912
12 11 12 3 0.0277320
14 3 13 10 -0.0022912
13 11 13 3 0.0277320
14 9 12 3 -0.0022912
14 10 13 3 -0.0022912
14 11 14 3 0.0288786
ERROR : Not enough buffer
Total Nzeri = 246
17 14 15 6 0.0410672
17 14 16 7 0.0410672
17 14 17 8 -0.0836329
15 12 15 12 0.0976122
15 13 15 13 0.0056207
15 14 15 14 0.0056207
16 12 15 13 0.0112415
17 15 15 0 -0.0001745
17 16 16 0 -0.0001745
17 17 17 0 -0.0253050
14 3 9 6 -0.0055690
13 12 15 7 0.0009954
13 12 16 6 0.0009954
13 13 15 6 0.0375151
13 13 16 7 0.0385105
16 12 16 12 0.0056207
10 6 16 9 0.0047606
10 7 15 9 0.1108569
10 7 16 10 0.1203782
10 7 17 11 -0.0678016
10 8 16 11 0.0081456
10 8 17 10 -0.0052512
11 6 15 11 0.0081456
11 6 17 9 -0.0052512
11 7 16 11 0.0081456
11 7 17 10 -0.0052512
11 8 15 9 0.1142419
11 8 16 10 0.1142419
11 8 17 11 -0.0750221
9 6 15 15 0.0903378
9 6 16 16 0.0867379
9 6 17 17 0.1094050
9 7 16 15 0.0035999
9 8 17 15 -0.0052265
10 6 16 15 0.0035999
10 7 15 15 0.0867379
16 13 15 12 0.1727414
16 13 16 13 0.0976122
16 14 16 14 0.0056207
17 12 15 14 0.0112415
13 13 17 8 -0.0734681
15 15 8 1 0.0243114
10 7 16 16 0.0903378
16 16 8 1 0.0243114
10 7 17 17 0.1094050
10 8 17 16 -0.0052265
17 15 6 1 -0.0266610
11 6 17 15 -0.0052265
11 7 17 16 -0.0052265
17 16 7 1 -0.0266610
17 17 8 1 0.0337586
17 12 17 12 0.0056207
12 3 9 8 0.0013802
17 13 16 14 0.0112415
14 3 10 7 -0.0055690
14 12 15 8 -0.0043863
11 8 15 15 0.0924550
14 12 17 6 0.0068501
11 8 16 16 0.0924550
14 13 16 8 -0.0043863
11 8 17 17 0.1135710
17 13 17 13 0.0056207
15 15 8 4 0.0342226
14 13 17 7 0.0068501
16 16 8 4 0.0342226
14 14 15 6 0.0404425
13 3 10 8 0.0013802
17 15 6 4 -0.0023829
17 16 7 4 -0.0023829
17 17 8 4 0.0393764
15 15 14 1 -0.0321930
9 6 9 6 0.0976122
14 14 16 7 0.0404425
9 7 9 7 0.0056207
9 8 9 8 0.0056207
12 3 11 6 0.0013802
17 14 15 12 0.1727414
13 3 11 7 0.0013802
14 3 11 8 -0.0092457
14 14 17 8 -0.0845271
ERROR : Not enough buffer
10 6 9 7 0.0112415
16 16 14 1 -0.0321930
10 6 10 6 0.0056207
10 7 9 6 0.1727414
17 15 12 1 -0.0023287
10 7 10 7 0.0976122
12 12 15 12 0.2224161
12 12 16 13 0.2000194
12 12 17 14 0.2000194
13 12 15 13 0.0223967
17 16 13 1 -0.0023287
13 12 16 12 0.0223967
10 8 10 8 0.0056207
Total Nzeri = 222
11 6 9 8 0.0112415
17 17 14 1 -0.0392959
13 13 15 12 0.2000194
17 14 16 13 0.1727414
11 6 11 6 0.0056207
11 7 10 8 0.0112415
15 15 8 3 0.0029336
16 16 8 3 0.0029336
17 14 17 14 0.0976122
17 15 6 3 -0.0000134
Total Nzeri = 197
17 16 7 3 -0.0000134
17 17 8 3 0.0029815
15 15 14 0 -0.0020666
16 16 14 0 -0.0020666
13 13 16 13 0.2224161
17 15 12 0 -0.0000242
11 7 11 7 0.0056207
11 8 9 6 0.1727414
17 16 13 0 -0.0000242
13 13 17 14 0.2000194
11 8 10 7 0.1727414
14 12 15 14 0.0223967
14 12 17 12 0.0223967
14 13 16 14 0.0223967
14 13 17 13 0.0223967
14 14 15 12 0.2000194
17 17 14 0 -0.0029067
14 14 16 13 0.2000194
11 8 11 8 0.0976122
15 15 8 0 0.0036186
14 14 17 14 0.2224161
16 16 8 0 0.0036186
Total Nzeri = 185
17 15 6 0 -0.0046495
17 16 7 0 -0.0046495
17 17 8 0 0.0060839
ERROR : Not enough buffer
Total Nzeri = 176
12 12 6 6 0.1032927
12 12 7 7 0.1025956
12 12 8 8 0.1115685
13 12 7 6 0.0013943
13 13 6 6 0.1025956
13 13 7 7 0.1032927
13 13 8 8 0.1115685
14 12 8 6 -0.0051052
14 13 8 7 -0.0051052
14 14 6 6 0.1115685
14 14 7 7 0.1115685
14 14 8 8 0.1247913
12 12 12 6 0.0150890
13 7 12 12 0.0142390
14 8 12 12 -0.0737481
13 12 12 7 0.0008500
13 12 13 6 0.0008500
13 13 12 6 0.0142390
13 13 13 7 0.0150890
14 8 13 13 -0.0737481
14 12 12 8 -0.0055479
14 12 14 6 0.0036315
14 13 13 8 -0.0055479
14 13 14 7 0.0036315
14 14 12 6 0.0156298
14 14 13 7 0.0156298
14 14 14 8 -0.0855922
12 12 12 12 0.1421094
13 12 13 12 0.0305805
13 13 12 12 0.2536383
13 13 13 13 0.1421094
14 12 14 12 0.0305805
14 13 14 13 0.0305805
14 14 12 12 0.2536383
14 14 13 13 0.2536383
14 14 14 14 0.1421094
Total Nzeri = 215
15 6 4 4 0.0388604
16 7 4 4 0.0388604
17 8 4 4 -0.0773494
15 6 3 0 0.0000000
16 7 3 0 0.0000000
17 8 3 0 -0.0000000
15 6 3 1 0.0003577
16 7 3 1 0.0003577
17 8 3 1 -0.0007737
15 6 4 0 0.0005924
16 7 4 0 0.0005924
17 8 4 0 -0.0011612
15 6 1 0 0.0325650
16 7 1 0 0.0325650
17 8 1 0 -0.0451835
15 6 4 3 0.0182716
16 7 4 3 0.0182716
17 8 4 3 -0.0369189
15 6 0 0 0.0708570
16 7 0 0 0.0708570
17 8 0 0 -0.0987551
15 6 3 3 0.0391072
16 7 3 3 0.0391072
17 8 3 3 -0.0791074
ERROR : Not enough buffer
15 9 9 9 0.1073650
15 9 10 10 0.0960488
15 9 11 11 0.1012319
15 10 10 9 0.0113162
15 11 11 9 0.0216823
16 9 10 9 0.0113162
16 10 9 9 0.0960488
16 10 10 10 0.1073650
16 10 11 11 0.1012319
16 11 11 10 0.0216823
17 9 11 9 -0.0101621
17 10 11 10 -0.0101621
17 11 9 9 -0.0536160
17 11 10 10 -0.0536160
17 11 11 11 -0.0579326
15 9 15 9 0.0586259
15 10 15 10 0.0035893
15 11 15 11 0.0204237
16 9 15 10 0.0071787
16 9 16 9 0.0035893
16 10 15 9 0.1028944
16 10 16 10 0.0586259
16 11 16 11 0.0204237
17 9 15 11 -0.0264901
17 9 17 9 0.0204237
17 10 16 11 -0.0264901
17 10 17 10 0.0204237
17 11 15 9 -0.0654497
17 11 16 10 -0.0654497
17 11 17 11 0.0324013
Total Nzeri = 141
12 8 6 1 0.0069803
13 7 8 1 0.0069803
13 8 7 1 0.0069803
14 6 6 1 -0.0134414
14 7 7 1 -0.0134414
14 8 8 1 -0.0479498
12 6 8 4 0.0056868
12 8 6 4 0.0011648
13 7 8 4 0.0056868
13 8 7 4 0.0011648
14 6 6 4 -0.0012219
14 7 7 4 -0.0012219
14 8 8 4 -0.0329868
14 1 12 6 -0.0056868
12 8 12 1 0.0012219
14 1 13 7 -0.0056868
13 8 13 1 0.0012219
14 6 12 1 -0.0011648
14 7 13 1 -0.0011648
14 8 14 1 0.0329868
14 4 12 6 -0.0069803
12 8 12 4 0.0134414
14 4 13 7 -0.0069803
13 8 13 4 0.0134414
14 6 12 4 -0.0069803
14 7 13 4 -0.0069803
14 8 14 4 0.0479498
12 6 8 3 0.0003812
12 8 6 3 0.0000189
13 7 8 3 0.0003812
13 8 7 3 0.0000189
14 6 6 3 -0.0000089
14 7 7 3 -0.0000089
14 8 8 3 -0.0021617
14 0 12 6 -0.0003812
12 8 12 0 0.0000089
14 0 13 7 -0.0003812
13 8 13 0 0.0000089
14 6 12 0 -0.0000189
14 7 13 0 -0.0000189
14 8 14 0 0.0021617
12 6 8 0 0.0012426
12 8 6 0 0.0012426
13 7 8 0 0.0012426
13 8 7 0 0.0012426
14 6 6 0 -0.0033799
14 7 7 0 -0.0033799
14 8 8 0 -0.0099585
14 3 12 6 -0.0012426
12 8 12 3 0.0033799
14 3 13 7 -0.0012426
13 8 13 3 0.0033799
14 6 12 3 -0.0012426
14 7 13 3 -0.0012426
14 8 14 3 0.0099585
ERROR : Not enough buffer
Total Nzeri = 254
17 8 14 11 0.0594622
15 6 15 6 0.0099343
15 7 15 7 0.0005735
15 8 15 8 0.0016132
16 6 15 7 0.0011469
16 6 16 6 0.0005735
16 7 15 6 0.0175747
16 7 16 7 0.0099343
16 8 16 8 0.0016132
17 6 15 8 -0.0078271
17 6 17 6 0.0220207
17 7 16 8 -0.0078271
17 7 17 7 0.0220207
17 8 15 6 -0.0288496
17 8 16 7 -0.0288496
17 8 17 8 0.0401969
Total Nzeri = 229
17 11 8 1 -0.0615786
15 9 8 4 0.0372038
15 11 6 4 0.0035691
16 10 8 4 0.0372038
16 11 7 4 0.0035691
17 9 6 4 -0.0037411
17 10 7 4 -0.0037411
17 11 8 4 -0.0340578
15 9 14 1 -0.0372038
15 11 12 1 0.0037411
16 10 14 1 -0.0372038
16 11 13 1 0.0037411
17 9 12 1 -0.0035691
17 10 13 1 -0.0035691
17 11 14 1 0.0340578
15 9 14 4 -0.0238562
15 11 12 4 0.0634078
16 10 14 4 -0.0238562
16 11 13 4 0.0634078
17 9 12 4 -0.0238562
17 10 13 4 -0.0238562
17 11 14 4 0.0615786
15 9 8 3 0.0026832
15 11 6 3 0.0000519
16 10 8 3 0.0026832
16 11 7 3 0.0000519
17 9 6 3 -0.0000227
17 10 7 3 -0.0000227
17 11 8 3 -0.0020525
15 9 14 0 -0.0026832
15 11 12 0 0.0000227
16 10 14 0 -0.0026832
16 11 13 0 0.0000227
17 9 12 0 -0.0000519
17 10 13 0 -0.0000519
17 11 14 0 0.0020525
15 9 8 0 0.0036624
15 11 6 0 0.0036624
16 10 8 0 0.0036624
16 11 7 0 0.0036624
17 9 6 0 -0.0117893
17 10 7 0 -0.0117893
17 11 8 0 -0.0116226
15 9 14 3 -0.0036624
15 11 12 3 0.0117893
16 10 14 3 -0.0036624
16 11 13 3 0.0117893
17 9 12 3 -0.0036624
17 10 13 3 -0.0036624
17 11 14 3 0.0116226
ERROR : Not enough buffer
Total Nzeri = 250
etime (SCF) =  0.330228
Energy =   -149.4613760711
--- w2e ---
ssss:   0.0000
psss:   0.0000
psps:   0.0000
ppss:   0.0000
ppps:   0.0000
pppp:   0.0000
dsss:  -1.0000
dsps:  -1.0000
dspp:  -1.0000
dsds:  -1.0000
dpss:  -1.0000
dpps:  -1.0000
dppp:  -1.0000
dpds:  -1.0000
dpdp:  -1.0000
ddss:  -1.0000
ddps:  -1.0000
ddpp:  -1.0000
ddds:  -1.0000
dddp:  -1.0000
dddd:  -1.0000
buff:   0.0000
-----------
etime =  0.453151
