-------- parallel information --------
 # of process = 1
 # of threads = 24
 Buffer size  = 4096 (MB)
-------- input information -----------
 Input   = ./samples/H2.inp
--------------------------------------
nat = 2
=============== INPUT DATA (A) ================
 H     0.00000     0.00000     0.00000
 H     0.00000     0.00000     0.74060
===============================================
nelec = 2,  nocc = 1
nat=2, ncs=2, nao=2, nps=6
S-TYPE: [  0,   2)
== allocd memory size in ofmo-scf.c =      0.000 MB
ncspair = 3, npspair = 27 
******************** cutoff results **********************
      :     NCS PAIR                   NPS PAIR           
cstype: surved/ total (  rate)     surved/   total (  rate)
 (S|S):      3/     3 (100.00)         27/      27 (100.00)
**********************************************************
etime (buffer int2e) =  0.026891
Enuc =      0.7145250462
scfd scfe eps_ps4 eps_sch eps_eri: 1.00e-05 1.00e-08 1.00e-20 1.00e-12 1.00e-15
Allocated memory in ofmo_diis =    0.001 MB
g_incore: 100000
    1 :     -1.1167276152 (     -1.1348504168 ) ( 0.0000000)
AO : 0 0 0 0 | 0.774606
AO : 1 1 0 0 | 0.569769
AO : 1 1 1 0 | 0.444249
AO : 1 1 1 1 | 0.774606
AO : 1 0 0 0 | 0.444249
AO : 1 0 1 0 | 0.297193
===C mat===
-0.548907	-0.548907	
-1.211753	1.211753	
===S mat===
1.000000	
0.659481	1.000000	
===H mat===
-0.560285	
-0.958671	-0.560285	
===MO ERI output===
 0  0  0  0 | 0.6746414
 1  0  1  0 | 0.1812440
 1  1  0  0 | 0.6636071
 1  1  1  1 | 0.6975410
===END MO ERI output===
etime (SCF) =  0.080244
Energy =     -1.1167276152
--- w2e ---
ssss:   0.0000
psss:  -1.0000
psps:  -1.0000
ppss:  -1.0000
ppps:  -1.0000
pppp:  -1.0000
dsss:  -1.0000
dsps:  -1.0000
dspp:  -1.0000
dsds:  -1.0000
dpss:  -1.0000
dpps:  -1.0000
dppp:  -1.0000
dpds:  -1.0000
dpdp:  -1.0000
ddss:  -1.0000
ddps:  -1.0000
ddpp:  -1.0000
ddds:  -1.0000
dddp:  -1.0000
dddd:  -1.0000
buff:   0.0000
-----------
etime =  0.185474
