Will Run VQE
ngroup       = 5
nioprocs     = 1
niogroup     = 1
nmaxprocs    = 7
group size   = 1
# of threads = 48
nintic       = 2048
input file name       = ./samples/H2_pentamer.inp
prefix of output file = 
local input dir.      = ./
# of total invoked procs = 7 (=1iog*1iop+1+5gr*1pr)
master host name = gwonhaklee-System-Product-Name
-----------------------------------------------------
 # of data = 11
nfrag = 5
##T                  Finish Initialization : lap time=   0.000150 ( total etime=   0.000150 )
****** LIST OF HOST NAME (MSERV(ID=0))******
rank=  0 : gwonhaklee-System-Product-Name
********************************
##T        Finish to Create Memory Servers : lap time=   0.055175 ( total etime=   0.055331 )
****** LIST OF HOST NAME (WORKER(ID=0)) ******
rank=  0 : gwonhaklee-System-Product-Name
********************************
****** LIST OF HOST NAME (WORKER(ID=1)) ******
rank=  0 : gwonhaklee-System-Product-Name
********************************
****** LIST OF HOST NAME (WORKER(ID=2)) ******
rank=  0 : gwonhaklee-System-Product-Name
********************************
****** LIST OF HOST NAME (WORKER(ID=3)) ******
rank=  0 : gwonhaklee-System-Product-Name
********************************
****** LIST OF HOST NAME (WORKER(ID=4)) ******
rank=  0 : gwonhaklee-System-Product-Name
********************************
##T               Finish to Create Workers : lap time=   0.217207 ( total etime=   0.272549 )
##T     Finish to Connect Mservs & Workers : lap time=   0.016105 ( total etime=   0.288665 )
calc. inter-frag distance list = 1
##T    Finish to Calculate Initial Density : lap time=   0.001600 ( total etime=   0.290634 )
---- start SCC (maxscc=30, sccconv=7) ----
./integ_temp/h2_pentamer/int_mono_h2_pentamer_2_1_0.dat -> 7 eris
./integ_temp/h2_pentamer/int_mono_h2_pentamer_4_1_0.dat -> 7 eris
./integ_temp/h2_pentamer/int_mono_h2_pentamer_3_1_0.dat -> 7 eris
./integ_temp/h2_pentamer/int_mono_h2_pentamer_0_1_0.dat -> 7 eris
./integ_temp/h2_pentamer/int_mono_h2_pentamer_1_1_0.dat -> 7 eris
pyscript : VQE for ./integ_temp/h2_pentamer/int_mono_h2_pentamer_3_1_0.dat spawned.
pyscript : VQE for ./integ_temp/h2_pentamer/int_mono_h2_pentamer_4_1_0.dat spawned.
pyscript : VQE for ./integ_temp/h2_pentamer/int_mono_h2_pentamer_1_1_0.dat spawned.
pyscript : VQE for ./integ_temp/h2_pentamer/int_mono_h2_pentamer_2_1_0.dat spawned.
pyscript : VQE for ./integ_temp/h2_pentamer/int_mono_h2_pentamer_0_1_0.dat spawned.
pyscript : output ./result_temp/h2_pentamer/res_mono_h2_pentamer_3_1_0.dat Generated.
pyscript : output ./result_temp/h2_pentamer/res_mono_h2_pentamer_0_1_0.dat Generated.
pyscript : output ./result_temp/h2_pentamer/res_mono_h2_pentamer_2_1_0.dat Generated.
pyscript : output ./result_temp/h2_pentamer/res_mono_h2_pentamer_1_1_0.dat Generated.
pyscript : output ./result_temp/h2_pentamer/res_mono_h2_pentamer_4_1_0.dat Generated.
it=1	mon=[2]	energy=-1.550224
it=1	mon=[1]	energy=-1.542067
it=1	mon=[0]	energy=-1.413481
it=1	mon=[3]	energy=-1.459409
it=1	mon=[4]	energy=-1.319514
##SCC itera= 1  conv=2  energy =      -7.28469521  energy0 =      -5.68511289  (   6.005844 )
./integ_temp/h2_pentamer/int_mono_h2_pentamer_2_2_0.dat -> 7 eris
./integ_temp/h2_pentamer/int_mono_h2_pentamer_1_2_0.dat -> 7 eris
./integ_temp/h2_pentamer/int_mono_h2_pentamer_0_2_0.dat -> 7 eris
./integ_temp/h2_pentamer/int_mono_h2_pentamer_3_2_0.dat -> 7 eris
./integ_temp/h2_pentamer/int_mono_h2_pentamer_4_2_0.dat -> 7 eris
pyscript : VQE for ./integ_temp/h2_pentamer/int_mono_h2_pentamer_4_2_0.dat spawned.
pyscript : VQE for ./integ_temp/h2_pentamer/int_mono_h2_pentamer_3_2_0.dat spawned.
pyscript : VQE for ./integ_temp/h2_pentamer/int_mono_h2_pentamer_1_2_0.dat spawned.
pyscript : VQE for ./integ_temp/h2_pentamer/int_mono_h2_pentamer_2_2_0.dat spawned.
pyscript : VQE for ./integ_temp/h2_pentamer/int_mono_h2_pentamer_0_2_0.dat spawned.
pyscript : output ./result_temp/h2_pentamer/res_mono_h2_pentamer_3_2_0.dat Generated.
pyscript : output ./result_temp/h2_pentamer/res_mono_h2_pentamer_0_2_0.dat Generated.
pyscript : output ./result_temp/h2_pentamer/res_mono_h2_pentamer_2_2_0.dat Generated.
pyscript : output ./result_temp/h2_pentamer/res_mono_h2_pentamer_4_2_0.dat Generated.
pyscript : output ./result_temp/h2_pentamer/res_mono_h2_pentamer_1_2_0.dat Generated.
it=2	mon=[2]	energy=-1.560680
it=2	mon=[0]	energy=-1.419780
it=2	mon=[3]	energy=-1.472496
it=2	mon=[4]	energy=-1.330163
it=2	mon=[1]	energy=-1.558251
##SCC itera= 2  conv=2  energy =      -7.34136960  energy0 =      -5.68500649  (   6.006132 )
./integ_temp/h2_pentamer/int_mono_h2_pentamer_2_3_0.dat -> 7 eris
./integ_temp/h2_pentamer/int_mono_h2_pentamer_4_3_0.dat -> 7 eris
./integ_temp/h2_pentamer/int_mono_h2_pentamer_3_3_0.dat -> 7 eris
./integ_temp/h2_pentamer/int_mono_h2_pentamer_0_3_0.dat -> 7 eris
./integ_temp/h2_pentamer/int_mono_h2_pentamer_1_3_0.dat -> 7 eris
pyscript : VQE for ./integ_temp/h2_pentamer/int_mono_h2_pentamer_3_3_0.dat spawned.
pyscript : VQE for ./integ_temp/h2_pentamer/int_mono_h2_pentamer_4_3_0.dat spawned.
pyscript : VQE for ./integ_temp/h2_pentamer/int_mono_h2_pentamer_1_3_0.dat spawned.
pyscript : VQE for ./integ_temp/h2_pentamer/int_mono_h2_pentamer_2_3_0.dat spawned.
pyscript : VQE for ./integ_temp/h2_pentamer/int_mono_h2_pentamer_0_3_0.dat spawned.
pyscript : output ./result_temp/h2_pentamer/res_mono_h2_pentamer_2_3_0.dat Generated.
pyscript : output ./result_temp/h2_pentamer/res_mono_h2_pentamer_0_3_0.dat Generated.
pyscript : output ./result_temp/h2_pentamer/res_mono_h2_pentamer_3_3_0.dat Generated.
pyscript : output ./result_temp/h2_pentamer/res_mono_h2_pentamer_1_3_0.dat Generated.
pyscript : output ./result_temp/h2_pentamer/res_mono_h2_pentamer_4_3_0.dat Generated.
it=3	mon=[2]	energy=-1.559475
it=3	mon=[3]	energy=-1.470997
it=3	mon=[0]	energy=-1.418075
it=3	mon=[1]	energy=-1.556804
##SCC itera= 3  conv=4  energy =      -7.33489074  energy0 =      -5.68501146  (   6.007093 )
it=3	mon=[4]	energy=-1.329539
./integ_temp/h2_pentamer/int_mono_h2_pentamer_2_4_0.dat -> 7 eris
./integ_temp/h2_pentamer/int_mono_h2_pentamer_4_4_0.dat -> 7 eris
./integ_temp/h2_pentamer/int_mono_h2_pentamer_1_4_0.dat -> 7 eris
./integ_temp/h2_pentamer/int_mono_h2_pentamer_0_4_0.dat -> 7 eris
./integ_temp/h2_pentamer/int_mono_h2_pentamer_3_4_0.dat -> 7 eris
pyscript : VQE for ./integ_temp/h2_pentamer/int_mono_h2_pentamer_3_4_0.dat spawned.
pyscript : VQE for ./integ_temp/h2_pentamer/int_mono_h2_pentamer_4_4_0.dat spawned.
pyscript : VQE for ./integ_temp/h2_pentamer/int_mono_h2_pentamer_2_4_0.dat spawned.
pyscript : VQE for ./integ_temp/h2_pentamer/int_mono_h2_pentamer_0_4_0.dat spawned.
pyscript : VQE for ./integ_temp/h2_pentamer/int_mono_h2_pentamer_1_4_0.dat spawned.
pyscript : output ./result_temp/h2_pentamer/res_mono_h2_pentamer_3_4_0.dat Generated.
pyscript : output ./result_temp/h2_pentamer/res_mono_h2_pentamer_1_4_0.dat Generated.
it=4	mon=[1]	energy=-1.556748
it=4	mon=[3]	energy=-1.470914
pyscript : output ./result_temp/h2_pentamer/res_mono_h2_pentamer_0_4_0.dat Generated.
it=4	mon=[0]	energy=-1.417979
pyscript : output ./result_temp/h2_pentamer/res_mono_h2_pentamer_2_4_0.dat Generated.
pyscript : output ./result_temp/h2_pentamer/res_mono_h2_pentamer_4_4_0.dat Generated.
it=4	mon=[2]	energy=-1.559417
it=4	mon=[4]	energy=-1.329477
##SCC itera= 4  conv=6  energy =      -7.33453500  energy0 =      -5.68491189  (   6.010142 )
./integ_temp/h2_pentamer/int_mono_h2_pentamer_2_5_0.dat -> 7 eris
./integ_temp/h2_pentamer/int_mono_h2_pentamer_1_5_0.dat -> 7 eris
./integ_temp/h2_pentamer/int_mono_h2_pentamer_4_5_0.dat -> 7 eris
./integ_temp/h2_pentamer/int_mono_h2_pentamer_3_5_0.dat -> 7 eris
./integ_temp/h2_pentamer/int_mono_h2_pentamer_0_5_0.dat -> 7 eris
pyscript : VQE for ./integ_temp/h2_pentamer/int_mono_h2_pentamer_4_5_0.dat spawned.
pyscript : VQE for ./integ_temp/h2_pentamer/int_mono_h2_pentamer_3_5_0.dat spawned.
pyscript : VQE for ./integ_temp/h2_pentamer/int_mono_h2_pentamer_1_5_0.dat spawned.
pyscript : VQE for ./integ_temp/h2_pentamer/int_mono_h2_pentamer_2_5_0.dat spawned.
pyscript : VQE for ./integ_temp/h2_pentamer/int_mono_h2_pentamer_0_5_0.dat spawned.
pyscript : output ./result_temp/h2_pentamer/res_mono_h2_pentamer_4_5_0.dat Generated.
pyscript : output ./result_temp/h2_pentamer/res_mono_h2_pentamer_1_5_0.dat Generated.
pyscript : output ./result_temp/h2_pentamer/res_mono_h2_pentamer_3_5_0.dat Generated.
it=5	mon=[1]	energy=-1.556740
it=5	mon=[4]	energy=-1.329477
it=5	mon=[3]	energy=-1.470912
pyscript : output ./result_temp/h2_pentamer/res_mono_h2_pentamer_0_5_0.dat Generated.
it=5	mon=[0]	energy=-1.417977
pyscript : output ./result_temp/h2_pentamer/res_mono_h2_pentamer_2_5_0.dat Generated.
it=5	mon=[2]	energy=-1.559407
##SCC itera= 5  conv=6  energy =      -7.33451266  energy0 =      -5.68490621  (   5.008285 )
./integ_temp/h2_pentamer/int_mono_h2_pentamer_4_6_0.dat -> 7 eris
./integ_temp/h2_pentamer/int_mono_h2_pentamer_0_6_0.dat -> 7 eris
./integ_temp/h2_pentamer/int_mono_h2_pentamer_3_6_0.dat -> 7 eris
./integ_temp/h2_pentamer/int_mono_h2_pentamer_1_6_0.dat -> 7 eris
./integ_temp/h2_pentamer/int_mono_h2_pentamer_2_6_0.dat -> 7 eris
pyscript : VQE for ./integ_temp/h2_pentamer/int_mono_h2_pentamer_4_6_0.dat spawned.
pyscript : VQE for ./integ_temp/h2_pentamer/int_mono_h2_pentamer_0_6_0.dat spawned.
pyscript : VQE for ./integ_temp/h2_pentamer/int_mono_h2_pentamer_1_6_0.dat spawned.
pyscript : VQE for ./integ_temp/h2_pentamer/int_mono_h2_pentamer_3_6_0.dat spawned.
pyscript : VQE for ./integ_temp/h2_pentamer/int_mono_h2_pentamer_2_6_0.dat spawned.
pyscript : output ./result_temp/h2_pentamer/res_mono_h2_pentamer_0_6_0.dat Generated.
pyscript : output ./result_temp/h2_pentamer/res_mono_h2_pentamer_3_6_0.dat Generated.
pyscript : output ./result_temp/h2_pentamer/res_mono_h2_pentamer_2_6_0.dat Generated.
pyscript : output ./result_temp/h2_pentamer/res_mono_h2_pentamer_4_6_0.dat Generated.
pyscript : output ./result_temp/h2_pentamer/res_mono_h2_pentamer_1_6_0.dat Generated.
it=6	mon=[4]	energy=-1.329471
it=6	mon=[0]	energy=-1.417971
it=6	mon=[3]	energy=-1.470907
it=6	mon=[1]	energy=-1.556726
it=6	mon=[2]	energy=-1.559408
##SCC itera= 6  conv=6  energy =      -7.33448205  energy0 =      -5.68501201  (   5.013799 )
./integ_temp/h2_pentamer/int_mono_h2_pentamer_3_7_0.dat -> 7 eris
./integ_temp/h2_pentamer/int_mono_h2_pentamer_0_7_0.dat -> 7 eris
./integ_temp/h2_pentamer/int_mono_h2_pentamer_2_7_0.dat -> 7 eris
./integ_temp/h2_pentamer/int_mono_h2_pentamer_4_7_0.dat -> 7 eris
./integ_temp/h2_pentamer/int_mono_h2_pentamer_1_7_0.dat -> 7 eris
pyscript : VQE for ./integ_temp/h2_pentamer/int_mono_h2_pentamer_4_7_0.dat spawned.
pyscript : VQE for ./integ_temp/h2_pentamer/int_mono_h2_pentamer_3_7_0.dat spawned.
pyscript : VQE for ./integ_temp/h2_pentamer/int_mono_h2_pentamer_2_7_0.dat spawned.
pyscript : VQE for ./integ_temp/h2_pentamer/int_mono_h2_pentamer_0_7_0.dat spawned.
pyscript : VQE for ./integ_temp/h2_pentamer/int_mono_h2_pentamer_1_7_0.dat spawned.
pyscript : output ./result_temp/h2_pentamer/res_mono_h2_pentamer_4_7_0.dat Generated.
it=7	mon=[4]	energy=-1.329487
pyscript : output ./result_temp/h2_pentamer/res_mono_h2_pentamer_2_7_0.dat Generated.
pyscript : output ./result_temp/h2_pentamer/res_mono_h2_pentamer_3_7_0.dat Generated.
pyscript : output ./result_temp/h2_pentamer/res_mono_h2_pentamer_0_7_0.dat Generated.
pyscript : output ./result_temp/h2_pentamer/res_mono_h2_pentamer_1_7_0.dat Generated.
it=7	mon=[3]	energy=-1.470931
it=7	mon=[0]	energy=-1.417983
it=7	mon=[2]	energy=-1.559424
it=7	mon=[1]	energy=-1.556776
##SCC itera= 7  conv=7  energy =      -7.33460056  energy0 =      -5.68500611  (   5.012824 )
./integ_temp/h2_pentamer/int_mono_h2_pentamer_4_8_0.dat -> 7 eris
./integ_temp/h2_pentamer/int_mono_h2_pentamer_3_8_0.dat -> 7 eris
./integ_temp/h2_pentamer/int_mono_h2_pentamer_1_8_0.dat -> 7 eris
./integ_temp/h2_pentamer/int_mono_h2_pentamer_0_8_0.dat -> 7 eris
./integ_temp/h2_pentamer/int_mono_h2_pentamer_2_8_0.dat -> 7 eris
pyscript : VQE for ./integ_temp/h2_pentamer/int_mono_h2_pentamer_3_8_0.dat spawned.
pyscript : VQE for ./integ_temp/h2_pentamer/int_mono_h2_pentamer_4_8_0.dat spawned.
pyscript : VQE for ./integ_temp/h2_pentamer/int_mono_h2_pentamer_1_8_0.dat spawned.
pyscript : VQE for ./integ_temp/h2_pentamer/int_mono_h2_pentamer_2_8_0.dat spawned.
pyscript : VQE for ./integ_temp/h2_pentamer/int_mono_h2_pentamer_0_8_0.dat spawned.
pyscript : output ./result_temp/h2_pentamer/res_mono_h2_pentamer_4_8_0.dat Generated.
pyscript : output ./result_temp/h2_pentamer/res_mono_h2_pentamer_3_8_0.dat Generated.
it=8	mon=[4]	energy=-1.329481
it=8	mon=[3]	energy=-1.470922
pyscript : output ./result_temp/h2_pentamer/res_mono_h2_pentamer_2_8_0.dat Generated.
pyscript : output ./result_temp/h2_pentamer/res_mono_h2_pentamer_0_8_0.dat Generated.
pyscript : output ./result_temp/h2_pentamer/res_mono_h2_pentamer_1_8_0.dat Generated.
it=8	mon=[1]	energy=-1.556752
it=8	mon=[0]	energy=-1.417983
it=8	mon=[2]	energy=-1.559410
##SCC itera= 8  conv=7  energy =      -7.33454780  energy0 =      -5.68492912  (   5.012814 )
./integ_temp/h2_pentamer/int_mono_h2_pentamer_4_9_0.dat -> 7 eris
./integ_temp/h2_pentamer/int_mono_h2_pentamer_3_9_0.dat -> 7 eris
./integ_temp/h2_pentamer/int_mono_h2_pentamer_2_9_0.dat -> 7 eris
./integ_temp/h2_pentamer/int_mono_h2_pentamer_0_9_0.dat -> 7 eris
./integ_temp/h2_pentamer/int_mono_h2_pentamer_1_9_0.dat -> 7 eris
pyscript : VQE for ./integ_temp/h2_pentamer/int_mono_h2_pentamer_3_9_0.dat spawned.
pyscript : VQE for ./integ_temp/h2_pentamer/int_mono_h2_pentamer_4_9_0.dat spawned.
pyscript : VQE for ./integ_temp/h2_pentamer/int_mono_h2_pentamer_0_9_0.dat spawned.
pyscript : VQE for ./integ_temp/h2_pentamer/int_mono_h2_pentamer_1_9_0.dat spawned.
pyscript : VQE for ./integ_temp/h2_pentamer/int_mono_h2_pentamer_2_9_0.dat spawned.
pyscript : output ./result_temp/h2_pentamer/res_mono_h2_pentamer_4_9_0.dat Generated.
pyscript : output ./result_temp/h2_pentamer/res_mono_h2_pentamer_0_9_0.dat Generated.
pyscript : output ./result_temp/h2_pentamer/res_mono_h2_pentamer_3_9_0.dat Generated.
it=9	mon=[4]	energy=-1.329479
it=9	mon=[3]	energy=-1.470920
it=9	mon=[0]	energy=-1.417974
pyscript : output ./result_temp/h2_pentamer/res_mono_h2_pentamer_2_9_0.dat Generated.
pyscript : output ./result_temp/h2_pentamer/res_mono_h2_pentamer_1_9_0.dat Generated.
it=9	mon=[2]	energy=-1.559402
it=9	mon=[1]	energy=-1.556750
##SCC itera= 9  conv=7  energy =      -7.33452486  energy0 =      -5.68488621  (   5.012419 )
./integ_temp/h2_pentamer/int_mono_h2_pentamer_0_10_0.dat -> 7 eris
./integ_temp/h2_pentamer/int_mono_h2_pentamer_4_10_0.dat -> 7 eris
./integ_temp/h2_pentamer/int_mono_h2_pentamer_3_10_0.dat -> 7 eris
./integ_temp/h2_pentamer/int_mono_h2_pentamer_2_10_0.dat -> 7 eris
./integ_temp/h2_pentamer/int_mono_h2_pentamer_1_10_0.dat -> 7 eris
pyscript : VQE for ./integ_temp/h2_pentamer/int_mono_h2_pentamer_4_10_0.dat spawned.
pyscript : VQE for ./integ_temp/h2_pentamer/int_mono_h2_pentamer_3_10_0.dat spawned.
pyscript : VQE for ./integ_temp/h2_pentamer/int_mono_h2_pentamer_2_10_0.dat spawned.
pyscript : VQE for ./integ_temp/h2_pentamer/int_mono_h2_pentamer_1_10_0.dat spawned.
pyscript : VQE for ./integ_temp/h2_pentamer/int_mono_h2_pentamer_0_10_0.dat spawned.
pyscript : output ./result_temp/h2_pentamer/res_mono_h2_pentamer_3_10_0.dat Generated.
pyscript : output ./result_temp/h2_pentamer/res_mono_h2_pentamer_0_10_0.dat Generated.
pyscript : output ./result_temp/h2_pentamer/res_mono_h2_pentamer_1_10_0.dat Generated.
pyscript : output ./result_temp/h2_pentamer/res_mono_h2_pentamer_2_10_0.dat Generated.
pyscript : output ./result_temp/h2_pentamer/res_mono_h2_pentamer_4_10_0.dat Generated.
it=10	mon=[0]	energy=-1.418001
it=10	mon=[4]	energy=-1.329497
it=10	mon=[3]	energy=-1.470955
it=10	mon=[2]	energy=-1.559407
it=10	mon=[1]	energy=-1.556786
##SCC itera=10  conv=7  energy =      -7.33464617  energy0 =      -5.68500973  (   5.012678 )
./integ_temp/h2_pentamer/int_mono_h2_pentamer_4_11_0.dat -> 7 eris
./integ_temp/h2_pentamer/int_mono_h2_pentamer_3_11_0.dat -> 7 eris
./integ_temp/h2_pentamer/int_mono_h2_pentamer_1_11_0.dat -> 7 eris
./integ_temp/h2_pentamer/int_mono_h2_pentamer_2_11_0.dat -> 7 eris
./integ_temp/h2_pentamer/int_mono_h2_pentamer_0_11_0.dat -> 7 eris
pyscript : VQE for ./integ_temp/h2_pentamer/int_mono_h2_pentamer_3_11_0.dat spawned.
pyscript : VQE for ./integ_temp/h2_pentamer/int_mono_h2_pentamer_4_11_0.dat spawned.
pyscript : VQE for ./integ_temp/h2_pentamer/int_mono_h2_pentamer_0_11_0.dat spawned.
pyscript : VQE for ./integ_temp/h2_pentamer/int_mono_h2_pentamer_1_11_0.dat spawned.
pyscript : VQE for ./integ_temp/h2_pentamer/int_mono_h2_pentamer_2_11_0.dat spawned.
pyscript : output ./result_temp/h2_pentamer/res_mono_h2_pentamer_3_11_0.dat Generated.
pyscript : output ./result_temp/h2_pentamer/res_mono_h2_pentamer_4_11_0.dat Generated.
it=11	mon=[4]	energy=-1.329483
it=11	mon=[3]	energy=-1.470922
pyscript : output ./result_temp/h2_pentamer/res_mono_h2_pentamer_2_11_0.dat Generated.
pyscript : output ./result_temp/h2_pentamer/res_mono_h2_pentamer_0_11_0.dat Generated.
pyscript : output ./result_temp/h2_pentamer/res_mono_h2_pentamer_1_11_0.dat Generated.
it=11	mon=[1]	energy=-1.556764
it=11	mon=[2]	energy=-1.559424
it=11	mon=[0]	energy=-1.417979
##SCC itera=11  conv=7  energy =      -7.33457182  energy0 =      -5.68492509  (   5.012455 )
./integ_temp/h2_pentamer/int_mono_h2_pentamer_3_12_0.dat -> 7 eris
./integ_temp/h2_pentamer/int_mono_h2_pentamer_1_12_0.dat -> 7 eris
./integ_temp/h2_pentamer/int_mono_h2_pentamer_4_12_0.dat -> 7 eris
./integ_temp/h2_pentamer/int_mono_h2_pentamer_2_12_0.dat -> 7 eris
./integ_temp/h2_pentamer/int_mono_h2_pentamer_0_12_0.dat -> 7 eris
pyscript : VQE for ./integ_temp/h2_pentamer/int_mono_h2_pentamer_4_12_0.dat spawned.
pyscript : VQE for ./integ_temp/h2_pentamer/int_mono_h2_pentamer_3_12_0.dat spawned.
pyscript : VQE for ./integ_temp/h2_pentamer/int_mono_h2_pentamer_0_12_0.dat spawned.
pyscript : VQE for ./integ_temp/h2_pentamer/int_mono_h2_pentamer_1_12_0.dat spawned.
pyscript : VQE for ./integ_temp/h2_pentamer/int_mono_h2_pentamer_2_12_0.dat spawned.
pyscript : output ./result_temp/h2_pentamer/res_mono_h2_pentamer_4_12_0.dat Generated.
pyscript : output ./result_temp/h2_pentamer/res_mono_h2_pentamer_3_12_0.dat Generated.
it=12	mon=[3]	energy=-1.470920
it=12	mon=[4]	energy=-1.329479
pyscript : output ./result_temp/h2_pentamer/res_mono_h2_pentamer_0_12_0.dat Generated.
it=12	mon=[0]	energy=-1.417979
pyscript : output ./result_temp/h2_pentamer/res_mono_h2_pentamer_2_12_0.dat Generated.
pyscript : output ./result_temp/h2_pentamer/res_mono_h2_pentamer_1_12_0.dat Generated.
it=12	mon=[1]	energy=-1.556750
it=12	mon=[2]	energy=-1.559406
##SCC itera=12  conv=7  energy =      -7.33453309  energy0 =      -5.68490787  (   5.012595 )
./integ_temp/h2_pentamer/int_mono_h2_pentamer_0_13_0.dat -> 7 eris
./integ_temp/h2_pentamer/int_mono_h2_pentamer_3_13_0.dat -> 7 eris
./integ_temp/h2_pentamer/int_mono_h2_pentamer_1_13_0.dat -> 7 eris
./integ_temp/h2_pentamer/int_mono_h2_pentamer_4_13_0.dat -> 7 eris
./integ_temp/h2_pentamer/int_mono_h2_pentamer_2_13_0.dat -> 7 eris
pyscript : VQE for ./integ_temp/h2_pentamer/int_mono_h2_pentamer_3_13_0.dat spawned.
pyscript : VQE for ./integ_temp/h2_pentamer/int_mono_h2_pentamer_4_13_0.dat spawned.
pyscript : VQE for ./integ_temp/h2_pentamer/int_mono_h2_pentamer_0_13_0.dat spawned.
pyscript : VQE for ./integ_temp/h2_pentamer/int_mono_h2_pentamer_2_13_0.dat spawned.
pyscript : VQE for ./integ_temp/h2_pentamer/int_mono_h2_pentamer_1_13_0.dat spawned.
pyscript : output ./result_temp/h2_pentamer/res_mono_h2_pentamer_4_13_0.dat Generated.
pyscript : output ./result_temp/h2_pentamer/res_mono_h2_pentamer_3_13_0.dat Generated.
pyscript : output ./result_temp/h2_pentamer/res_mono_h2_pentamer_0_13_0.dat Generated.
it=13	mon=[0]	energy=-1.417974
it=13	mon=[3]	energy=-1.470918
it=13	mon=[4]	energy=-1.329479
pyscript : output ./result_temp/h2_pentamer/res_mono_h2_pentamer_2_13_0.dat Generated.
pyscript : output ./result_temp/h2_pentamer/res_mono_h2_pentamer_1_13_0.dat Generated.
it=13	mon=[2]	energy=-1.559400
it=13	mon=[1]	energy=-1.556750
##SCC itera=13  conv=7  energy =      -7.33452039  energy0 =      -5.68488736  (   6.011146 )
./integ_temp/h2_pentamer/int_mono_h2_pentamer_0_14_0.dat -> 7 eris
./integ_temp/h2_pentamer/int_mono_h2_pentamer_1_14_0.dat -> 7 eris
./integ_temp/h2_pentamer/int_mono_h2_pentamer_3_14_0.dat -> 7 eris
./integ_temp/h2_pentamer/int_mono_h2_pentamer_2_14_0.dat -> 7 eris
./integ_temp/h2_pentamer/int_mono_h2_pentamer_4_14_0.dat -> 7 eris
pyscript : VQE for ./integ_temp/h2_pentamer/int_mono_h2_pentamer_4_14_0.dat spawned.
pyscript : VQE for ./integ_temp/h2_pentamer/int_mono_h2_pentamer_3_14_0.dat spawned.
pyscript : VQE for ./integ_temp/h2_pentamer/int_mono_h2_pentamer_1_14_0.dat spawned.
pyscript : VQE for ./integ_temp/h2_pentamer/int_mono_h2_pentamer_2_14_0.dat spawned.
pyscript : VQE for ./integ_temp/h2_pentamer/int_mono_h2_pentamer_0_14_0.dat spawned.
pyscript : output ./result_temp/h2_pentamer/res_mono_h2_pentamer_4_14_0.dat Generated.
pyscript : output ./result_temp/h2_pentamer/res_mono_h2_pentamer_3_14_0.dat Generated.
it=14	mon=[3]	energy=-1.470922
it=14	mon=[4]	energy=-1.329481
pyscript : output ./result_temp/h2_pentamer/res_mono_h2_pentamer_2_14_0.dat Generated.
pyscript : output ./result_temp/h2_pentamer/res_mono_h2_pentamer_0_14_0.dat Generated.
pyscript : output ./result_temp/h2_pentamer/res_mono_h2_pentamer_1_14_0.dat Generated.
it=14	mon=[0]	energy=-1.417983
it=14	mon=[1]	energy=-1.556748
it=14	mon=[2]	energy=-1.559408
##SCC itera=14  conv=7  energy =      -7.33454182  energy0 =      -5.68492316  (   5.011289 )
./integ_temp/h2_pentamer/int_mono_h2_pentamer_3_15_0.dat -> 7 eris
./integ_temp/h2_pentamer/int_mono_h2_pentamer_4_15_0.dat -> 7 eris
./integ_temp/h2_pentamer/int_mono_h2_pentamer_1_15_0.dat -> 7 eris
./integ_temp/h2_pentamer/int_mono_h2_pentamer_2_15_0.dat -> 7 eris
./integ_temp/h2_pentamer/int_mono_h2_pentamer_0_15_0.dat -> 7 eris
pyscript : VQE for ./integ_temp/h2_pentamer/int_mono_h2_pentamer_4_15_0.dat spawned.
pyscript : VQE for ./integ_temp/h2_pentamer/int_mono_h2_pentamer_3_15_0.dat spawned.
pyscript : VQE for ./integ_temp/h2_pentamer/int_mono_h2_pentamer_0_15_0.dat spawned.
pyscript : VQE for ./integ_temp/h2_pentamer/int_mono_h2_pentamer_1_15_0.dat spawned.
pyscript : VQE for ./integ_temp/h2_pentamer/int_mono_h2_pentamer_2_15_0.dat spawned.
pyscript : output ./result_temp/h2_pentamer/res_mono_h2_pentamer_4_15_0.dat Generated.
pyscript : output ./result_temp/h2_pentamer/res_mono_h2_pentamer_0_15_0.dat Generated.
pyscript : output ./result_temp/h2_pentamer/res_mono_h2_pentamer_3_15_0.dat Generated.
it=15	mon=[3]	energy=-1.470920
it=15	mon=[4]	energy=-1.329479
it=15	mon=[0]	energy=-1.417974
pyscript : output ./result_temp/h2_pentamer/res_mono_h2_pentamer_2_15_0.dat Generated.
pyscript : output ./result_temp/h2_pentamer/res_mono_h2_pentamer_1_15_0.dat Generated.
it=15	mon=[1]	energy=-1.556750
it=15	mon=[2]	energy=-1.559402
##SCC itera=15  conv=7  energy =      -7.33452437  energy0 =      -5.68488534  (   5.013673 )
./integ_temp/h2_pentamer/int_mono_h2_pentamer_4_16_0.dat -> 7 eris
./integ_temp/h2_pentamer/int_mono_h2_pentamer_0_16_0.dat -> 7 eris
./integ_temp/h2_pentamer/int_mono_h2_pentamer_3_16_0.dat -> 7 eris
./integ_temp/h2_pentamer/int_mono_h2_pentamer_2_16_0.dat -> 7 eris
./integ_temp/h2_pentamer/int_mono_h2_pentamer_1_16_0.dat -> 7 eris
pyscript : VQE for ./integ_temp/h2_pentamer/int_mono_h2_pentamer_3_16_0.dat spawned.
pyscript : VQE for ./integ_temp/h2_pentamer/int_mono_h2_pentamer_4_16_0.dat spawned.
pyscript : VQE for ./integ_temp/h2_pentamer/int_mono_h2_pentamer_0_16_0.dat spawned.
pyscript : VQE for ./integ_temp/h2_pentamer/int_mono_h2_pentamer_1_16_0.dat spawned.
pyscript : VQE for ./integ_temp/h2_pentamer/int_mono_h2_pentamer_2_16_0.dat spawned.
pyscript : output ./result_temp/h2_pentamer/res_mono_h2_pentamer_3_16_0.dat Generated.
it=16	mon=[3]	energy=-1.470922
pyscript : output ./result_temp/h2_pentamer/res_mono_h2_pentamer_2_16_0.dat Generated.
pyscript : output ./result_temp/h2_pentamer/res_mono_h2_pentamer_0_16_0.dat Generated.
pyscript : output ./result_temp/h2_pentamer/res_mono_h2_pentamer_1_16_0.dat Generated.
pyscript : output ./result_temp/h2_pentamer/res_mono_h2_pentamer_4_16_0.dat Generated.
it=16	mon=[4]	energy=-1.329481
it=16	mon=[0]	energy=-1.417983
it=16	mon=[2]	energy=-1.559408
it=16	mon=[1]	energy=-1.556748
##SCC itera=16  conv=7  energy =      -7.33454190  energy0 =      -5.68493303  (   5.013430 )
./integ_temp/h2_pentamer/int_mono_h2_pentamer_4_17_0.dat -> 7 eris
./integ_temp/h2_pentamer/int_mono_h2_pentamer_0_17_0.dat -> 7 eris
./integ_temp/h2_pentamer/int_mono_h2_pentamer_3_17_0.dat -> 7 eris
./integ_temp/h2_pentamer/int_mono_h2_pentamer_2_17_0.dat -> 7 eris
./integ_temp/h2_pentamer/int_mono_h2_pentamer_1_17_0.dat -> 7 eris
pyscript : VQE for ./integ_temp/h2_pentamer/int_mono_h2_pentamer_0_17_0.dat spawned.
pyscript : VQE for ./integ_temp/h2_pentamer/int_mono_h2_pentamer_2_17_0.dat spawned.
pyscript : VQE for ./integ_temp/h2_pentamer/int_mono_h2_pentamer_3_17_0.dat spawned.
pyscript : VQE for ./integ_temp/h2_pentamer/int_mono_h2_pentamer_4_17_0.dat spawned.
pyscript : VQE for ./integ_temp/h2_pentamer/int_mono_h2_pentamer_1_17_0.dat spawned.
pyscript : output ./result_temp/h2_pentamer/res_mono_h2_pentamer_4_17_0.dat Generated.
it=17	mon=[4]	energy=-1.329481
pyscript : output ./result_temp/h2_pentamer/res_mono_h2_pentamer_2_17_0.dat Generated.
pyscript : output ./result_temp/h2_pentamer/res_mono_h2_pentamer_3_17_0.dat Generated.
pyscript : output ./result_temp/h2_pentamer/res_mono_h2_pentamer_1_17_0.dat Generated.
pyscript : output ./result_temp/h2_pentamer/res_mono_h2_pentamer_0_17_0.dat Generated.
it=17	mon=[0]	energy=-1.417983
it=17	mon=[3]	energy=-1.470923
it=17	mon=[2]	energy=-1.559408
it=17	mon=[1]	energy=-1.556750
##SCC itera=17  conv=7  energy =      -7.33454456  energy0 =      -5.68500409  (   5.013355 )
./integ_temp/h2_pentamer/int_mono_h2_pentamer_4_18_0.dat -> 7 eris
./integ_temp/h2_pentamer/int_mono_h2_pentamer_0_18_0.dat -> 7 eris
./integ_temp/h2_pentamer/int_mono_h2_pentamer_3_18_0.dat -> 7 eris
./integ_temp/h2_pentamer/int_mono_h2_pentamer_2_18_0.dat -> 7 eris
./integ_temp/h2_pentamer/int_mono_h2_pentamer_1_18_0.dat -> 7 eris
pyscript : VQE for ./integ_temp/h2_pentamer/int_mono_h2_pentamer_4_18_0.dat spawned.
pyscript : VQE for ./integ_temp/h2_pentamer/int_mono_h2_pentamer_3_18_0.dat spawned.
pyscript : VQE for ./integ_temp/h2_pentamer/int_mono_h2_pentamer_1_18_0.dat spawned.
pyscript : VQE for ./integ_temp/h2_pentamer/int_mono_h2_pentamer_0_18_0.dat spawned.
pyscript : VQE for ./integ_temp/h2_pentamer/int_mono_h2_pentamer_2_18_0.dat spawned.
pyscript : output ./result_temp/h2_pentamer/res_mono_h2_pentamer_4_18_0.dat Generated.
pyscript : output ./result_temp/h2_pentamer/res_mono_h2_pentamer_3_18_0.dat Generated.
it=18	mon=[4]	energy=-1.329481
it=18	mon=[3]	energy=-1.470922
pyscript : output ./result_temp/h2_pentamer/res_mono_h2_pentamer_0_18_0.dat Generated.
pyscript : output ./result_temp/h2_pentamer/res_mono_h2_pentamer_2_18_0.dat Generated.
pyscript : output ./result_temp/h2_pentamer/res_mono_h2_pentamer_1_18_0.dat Generated.
it=18	mon=[0]	energy=-1.417983
it=18	mon=[2]	energy=-1.559410
it=18	mon=[1]	energy=-1.556752
##SCC itera=18  conv=7  energy =      -7.33454781  energy0 =      -5.68492504  (   5.013103 )
./integ_temp/h2_pentamer/int_mono_h2_pentamer_3_19_0.dat -> 7 eris
./integ_temp/h2_pentamer/int_mono_h2_pentamer_4_19_0.dat -> 7 eris
./integ_temp/h2_pentamer/int_mono_h2_pentamer_1_19_0.dat -> 7 eris
./integ_temp/h2_pentamer/int_mono_h2_pentamer_2_19_0.dat -> 7 eris
./integ_temp/h2_pentamer/int_mono_h2_pentamer_0_19_0.dat -> 7 eris
pyscript : VQE for ./integ_temp/h2_pentamer/int_mono_h2_pentamer_3_19_0.dat spawned.
pyscript : VQE for ./integ_temp/h2_pentamer/int_mono_h2_pentamer_4_19_0.dat spawned.
pyscript : VQE for ./integ_temp/h2_pentamer/int_mono_h2_pentamer_0_19_0.dat spawned.
pyscript : VQE for ./integ_temp/h2_pentamer/int_mono_h2_pentamer_1_19_0.dat spawned.
pyscript : VQE for ./integ_temp/h2_pentamer/int_mono_h2_pentamer_2_19_0.dat spawned.
pyscript : output ./result_temp/h2_pentamer/res_mono_h2_pentamer_4_19_0.dat Generated.
pyscript : output ./result_temp/h2_pentamer/res_mono_h2_pentamer_3_19_0.dat Generated.
it=19	mon=[3]	energy=-1.470922
it=19	mon=[4]	energy=-1.329481
pyscript : output ./result_temp/h2_pentamer/res_mono_h2_pentamer_0_19_0.dat Generated.
pyscript : output ./result_temp/h2_pentamer/res_mono_h2_pentamer_2_19_0.dat Generated.
pyscript : output ./result_temp/h2_pentamer/res_mono_h2_pentamer_1_19_0.dat Generated.
it=19	mon=[1]	energy=-1.556750
it=19	mon=[2]	energy=-1.559408
it=19	mon=[0]	energy=-1.417983
##SCC itera=19  conv=7  energy =      -7.33454381  energy0 =      -5.68492499  (   5.014616 )
==== SCC converged ====
##T         ---- Finish SCC procedure ---- : lap time= 100.222219 ( total etime= 100.512862 )
./integ_temp/h2_pentamer/int_dim_h2_pentamer_3-0_130_0.dat -> 65 eris
./integ_temp/h2_pentamer/int_dim_h2_pentamer_3-1_130_0.dat -> 65 eris
./integ_temp/h2_pentamer/int_dim_h2_pentamer_2-0_130_0.dat -> 65 eris
./integ_temp/h2_pentamer/int_dim_h2_pentamer_2-1_130_0.dat -> 65 eris
./integ_temp/h2_pentamer/int_dim_h2_pentamer_1-0_130_0.dat -> 65 eris
pyscript : VQE for ./integ_temp/h2_pentamer/int_dim_h2_pentamer_3-0_130_0.dat spawned.
pyscript : VQE for ./integ_temp/h2_pentamer/int_dim_h2_pentamer_3-1_130_0.dat spawned.
pyscript : VQE for ./integ_temp/h2_pentamer/int_dim_h2_pentamer_2-1_130_0.dat spawned.
pyscript : VQE for ./integ_temp/h2_pentamer/int_dim_h2_pentamer_1-0_130_0.dat spawned.
pyscript : VQE for ./integ_temp/h2_pentamer/int_dim_h2_pentamer_2-0_130_0.dat spawned.
pyscript : output ./result_temp/h2_pentamer/res_dim_h2_pentamer_3-0_130_0.dat Generated.
it=130	mon=[3, 0]	energy=-2.778100
# E=    -2.7780998705 E-DV=    -2.2737225499 DV=    -0.5043773206 DDV=     0.0001846698
./integ_temp/h2_pentamer/int_dim_h2_pentamer_3-2_130_0.dat -> 65 eris
pyscript : VQE for ./integ_temp/h2_pentamer/int_dim_h2_pentamer_3-2_130_0.dat spawned.
pyscript : output ./result_temp/h2_pentamer/res_dim_h2_pentamer_2-0_130_0.dat Generated.
it=130	mon=[2, 0]	energy=-2.807708
# E=    -2.8077083062 E-DV=    -2.2741733876 DV=    -0.5335349186 DDV=     0.0002508561
./integ_temp/h2_pentamer/int_dim_h2_pentamer_4-0_130_0.dat -> 65 eris
pyscript : VQE for ./integ_temp/h2_pentamer/int_dim_h2_pentamer_4-0_130_0.dat spawned.
pyscript : output ./result_temp/h2_pentamer/res_dim_h2_pentamer_3-1_130_0.dat Generated.
it=130	mon=[3, 1]	energy=-2.865749
# E=    -2.8657485117 E-DV=    -2.2739890850 DV=    -0.5917594267 DDV=     0.0002358636
./integ_temp/h2_pentamer/int_dim_h2_pentamer_4-1_130_0.dat -> 65 eris
pyscript : VQE for ./integ_temp/h2_pentamer/int_dim_h2_pentamer_4-1_130_0.dat spawned.
pyscript : output ./result_temp/h2_pentamer/res_dim_h2_pentamer_4-0_130_0.dat Generated.
it=130	mon=[4, 0]	energy=-2.652013
# E=    -2.6520126388 E-DV=    -2.2741234129 DV=    -0.3778892259 DDV=     0.0000893408
./integ_temp/h2_pentamer/int_dim_h2_pentamer_4-2_130_0.dat -> 65 eris
pyscript : VQE for ./integ_temp/h2_pentamer/int_dim_h2_pentamer_4-2_130_0.dat spawned.
pyscript : output ./result_temp/h2_pentamer/res_dim_h2_pentamer_4-1_130_0.dat Generated.
it=130	mon=[4, 1]	energy=-2.754406
# E=    -2.7544057391 E-DV=    -2.2743163500 DV=    -0.4800893891 DDV=     0.0000689770
./integ_temp/h2_pentamer/int_dim_h2_pentamer_4-3_130_0.dat -> 65 eris
pyscript : VQE for ./integ_temp/h2_pentamer/int_dim_h2_pentamer_4-3_130_0.dat spawned.
pyscript : output ./result_temp/h2_pentamer/res_dim_h2_pentamer_1-0_130_0.dat Generated.
it=130	mon=[1, 0]	energy=-2.625229
# E=    -2.6252293775 E-DV=    -2.2738153093 DV=    -0.3514140682 DDV=    -0.0004315389
pyscript : output ./result_temp/h2_pentamer/res_dim_h2_pentamer_4-2_130_0.dat Generated.
it=130	mon=[4, 2]	energy=-2.660034
# E=    -2.6600338909 E-DV=    -2.2738703114 DV=    -0.3861635796 DDV=    -0.0004399704
pyscript : output ./result_temp/h2_pentamer/res_dim_h2_pentamer_3-2_130_0.dat Generated.
it=130	mon=[3, 2]	energy=-2.703027
# E=    -2.7030266394 E-DV=    -2.2735834647 DV=    -0.4294431747 DDV=    -0.0002677497
pyscript : output ./result_temp/h2_pentamer/res_dim_h2_pentamer_2-1_130_0.dat Generated.
it=130	mon=[2, 1]	energy=-2.779688
# E=    -2.7796876410 E-DV=    -2.2739001122 DV=    -0.5057875288 DDV=    -0.0005405594
pyscript : output ./result_temp/h2_pentamer/res_dim_h2_pentamer_4-3_130_0.dat Generated.
it=130	mon=[4, 3]	energy=-2.527589
# E=    -2.5275886669 E-DV=    -2.2740909942 DV=    -0.2534976727 DDV=     0.0002611572
##T    ---- Finish to Calc. Dimer SCF ---- : lap time= 371.055770 ( total etime= 471.568638 )
       ( # of scf dimer = 10 )
        dE0(SCF dimer) =      -0.00047397
##T     ---- Finish to Calc. ES Dimer ---- : lap time=   0.000099 ( total etime= 471.568756 )
    (# of ES dimer = 0)
    dE0(ES dimer) =       0.00000000
    total energy(FMO) =      -5.68539896
##T  -- All workers have been destroyed -- : lap time=   0.000041 ( total etime= 471.568802 )
---- ATOMIC POPULATION DATA -----
   SN AN  ATOMIC POP  NET CHARGE
---------------------------------
    1  1       0.999       0.001
    2  1       1.001      -0.001
    3  1       1.006      -0.006
    4  1       0.994       0.006
    5  1       1.023      -0.023
    6  1       0.978       0.022
    7  1       0.972       0.028
    8  1       1.028      -0.028
    9  1       0.995       0.005
   10  1       1.005      -0.005
---------------------------------
total charge =      0.000
---------------------------------
##T    -- calc AO and atomic population -- : lap time=   0.000125 ( total etime= 471.568931 )
##T   -- All mservs have been destroyed -- : lap time=   0.000013 ( total etime= 471.568947 )
