Will Run VQE
ngroup       = 3
nioprocs     = 1
niogroup     = 1
nmaxprocs    = 5
group size   = 1
# of threads = 24
nintic       = 2048
input file name       = ./samples/H2_trimer_rhf.inp
prefix of output file = 
local input dir.      = ./
# of total invoked procs = 5 (=1iog*1iop+1+3gr*1pr)
master host name = gwonhaklee-System-Product-Name
-----------------------------------------------------
 # of data = 11
nfrag = 3
##T                  Finish Initialization : lap time=   0.000116 ( total etime=   0.000116 )
****** LIST OF HOST NAME (MSERV(ID=0))******
rank=  0 : gwonhaklee-System-Product-Name
********************************
##T        Finish to Create Memory Servers : lap time=   0.029300 ( total etime=   0.029434 )
****** LIST OF HOST NAME (WORKER(ID=0)) ******
rank=  0 : gwonhaklee-System-Product-Name
********************************
****** LIST OF HOST NAME (WORKER(ID=1)) ******
rank=  0 : gwonhaklee-System-Product-Name
********************************
****** LIST OF HOST NAME (WORKER(ID=2)) ******
rank=  0 : gwonhaklee-System-Product-Name
********************************
##T               Finish to Create Workers : lap time=   0.081909 ( total etime=   0.111353 )
##T     Finish to Connect Mservs & Workers : lap time=   0.029537 ( total etime=   0.140904 )
calc. inter-frag distance list = 2
##T    Finish to Calculate Initial Density : lap time=   0.016206 ( total etime=   0.157350 )
---- start SCC (maxscc=30, sccconv=7) ----
##SCC itera= 1  conv=2  energy =      -3.98149373  energy0 =      -3.33758992  (   0.117072 )
##SCC itera= 2  conv=2  energy =      -3.98713242  energy0 =      -3.33551841  (   0.118722 )
##SCC itera= 3  conv=4  energy =      -3.97048369  energy0 =      -3.33531149  (   0.003633 )
##SCC itera= 4  conv=4  energy =      -3.96834667  energy0 =      -3.33529438  (   0.000296 )
##SCC itera= 5  conv=6  energy =      -3.96808959  energy0 =      -3.33529326  (   0.000282 )
##SCC itera= 6  conv=6  energy =      -3.96807852  energy0 =      -3.33529320  (   0.000274 )
==== SCC converged ====
##T         ---- Finish SCC procedure ---- : lap time=   0.241334 ( total etime=   0.398697 )
# E=    -2.3316930380 E-DV=    -2.2290848891 DV=    -0.1026081489 DDV=    -0.0001039333
# E=    -2.2031046669 E-DV=    -2.1781012577 DV=    -0.0250034091 DDV=    -0.0091504608
# E=    -2.2207451336 E-DV=    -2.1777932900 DV=    -0.0429518436 DDV=     0.0026388166
##T    ---- Finish to Calc. Dimer SCF ---- : lap time=   0.000457 ( total etime=   0.399158 )
       ( # of scf dimer = 3 )
        dE0(SCF dimer) =       0.07899138
##T     ---- Finish to Calc. ES Dimer ---- : lap time=   0.000051 ( total etime=   0.399213 )
    (# of ES dimer = 0)
    dE0(ES dimer) =       0.00000000
    total energy(FMO) =      -3.25630182
##T  -- All workers have been destroyed -- : lap time=   0.000036 ( total etime=   0.399253 )
---- ATOMIC POPULATION DATA -----
   SN AN  ATOMIC POP  NET CHARGE
---------------------------------
    1  1       0.994       0.006
    2  1       0.999       0.001
    3  1       0.837       0.163
    4  1       1.177      -0.177
    5  1       1.001      -0.001
    6  1       0.991       0.009
---------------------------------
total charge =     -0.000
---------------------------------
##T    -- calc AO and atomic population -- : lap time=   0.000075 ( total etime=   0.399331 )
##T   -- All mservs have been destroyed -- : lap time=   0.000013 ( total etime=   0.399347 )
