Will Run VQE
ofmo-init.c 72 @ofmo_get_basis_name: WARNING:basis set names are different between 6-31G* vs STO-3G
ngroup       = 3
nioprocs     = 1
niogroup     = 1
nmaxprocs    = 5
group size   = 1
# of threads = 48
nintic       = 2048
input file name       = ./samples/H2_trimer_631G.inp
prefix of output file = 
local input dir.      = ./
# of total invoked procs = 5 (=1iog*1iop+1+3gr*1pr)
master host name = gwonhaklee-System-Product-Name
-----------------------------------------------------
 # of data = 11
nfrag = 3
##T                  Finish Initialization : lap time=   0.000163 ( total etime=   0.000163 )
****** LIST OF HOST NAME (MSERV(ID=0))******
rank=  0 : gwonhaklee-System-Product-Name
********************************
##T        Finish to Create Memory Servers : lap time=   0.030357 ( total etime=   0.030531 )
****** LIST OF HOST NAME (WORKER(ID=0)) ******
rank=  0 : gwonhaklee-System-Product-Name
********************************
ofmo-init.c 72 @ofmo_get_basis_name: WARNING:basis set names are different between 6-31G* vs STO-3G
****** LIST OF HOST NAME (WORKER(ID=1)) ******
rank=  0 : gwonhaklee-System-Product-Name
********************************
ofmo-init.c 72 @ofmo_get_basis_name: WARNING:basis set names are different between 6-31G* vs STO-3G
****** LIST OF HOST NAME (WORKER(ID=2)) ******
rank=  0 : gwonhaklee-System-Product-Name
********************************
##T               Finish to Create Workers : lap time=   0.129895 ( total etime=   0.160438 )
ofmo-init.c 72 @ofmo_get_basis_name: WARNING:basis set names are different between 6-31G* vs STO-3G
##T     Finish to Connect Mservs & Workers : lap time=   0.016541 ( total etime=   0.176989 )
calc. inter-frag distance list = 1
##T    Finish to Calculate Initial Density : lap time=   0.001011 ( total etime=   0.178216 )
---- start SCC (maxscc=30, sccconv=7) ----
1/1/16 loop start
1/1 init_density_loop3_0
1/1/16 loop break
1/1/16 thread timer
1/1/4 loop start
1/1/4 loop break
1/1/4 thread timer
1/1/45 loop start
1/1/45 loop break
1/1/45 thread timer
1/1/27 loop start
1/1/27 loop break
1/1/27 thread timer
1/1/17 loop start
1/1/17 loop break
1/1/17 thread timer
1/1/23 loop start
1/1/23 loop break
1/1/23 thread timer
1/1/20 loop start
1/1/20 loop break
1/1/20 thread timer
1/1/30 loop start
1/1/30 loop break
1/1/30 thread timer
1/1/43 loop start
1/1/43 loop break
1/1/43 thread timer
1/1/42 loop start
1/1/42 loop break
1/1/42 thread timer
1/1/39 loop start
1/1/39 loop break
1/1/39 thread timer
1/1/35 loop start
1/1/35 loop break
1/1/35 thread timer
1/1/11 loop start
1/1/11 loop break
1/1/11 thread timer
1/1/6 loop start
1/1/6 loop break
1/1/6 thread timer
1/1/33 loop start
1/1/33 loop break
1/1/33 thread timer
1/1/25 loop start
1/1/25 loop break
1/1/25 thread timer
1/1/31 loop start
1/1/31 loop break
1/1/31 thread timer
1/1/28 loop start
1/1/28 loop break
1/1/28 thread timer
1/1/24 loop start
1/1/24 loop break
1/1/24 thread timer
1/1/38 loop start
1/1/38 loop break
1/1/38 thread timer
1/1/18 loop start
1/1/18 loop break
1/1/18 thread timer
1/1/26 loop start
1/1/26 loop break
1/1/26 thread timer
1/1/7 loop start
1/1/7 loop break
1/1/7 thread timer
1/1/22 loop start
1/1/22 loop break
1/1/22 thread timer
1/1/34 loop start
1/1/34 loop break
1/1/34 thread timer
1/1/14 loop start
1/1/14 loop break
1/1/14 thread timer
1/1/29 loop start
1/1/29 loop break
1/1/29 thread timer
1/1/2 loop start
1/1/2 loop break
1/1/2 thread timer
1/1/12 loop start
1/1/12 loop break
1/1/12 thread timer
1/1/13 loop start
1/1/13 loop break
1/1/13 thread timer
1/1/0 loop start
1/1 init_density_loop0_0
1/1 init_density_loop1_1
1/1 init_density_loop2_2
1/1/0 loop break
1/1/0 thread timer
1/1/8 loop start
1/1/8 loop break
1/1/8 thread timer
1/1/19 loop start
1/1/19 loop break
1/1/19 thread timer
1/1/46 loop start
1/1/46 loop break
1/1/46 thread timer
1/1/36 loop start
1/1/36 loop break
1/1/36 thread timer
1/1/32 loop start
1/1/32 loop break
1/1/32 thread timer
1/1/44 loop start
1/1/44 loop break
1/1/44 thread timer
1/1/9 loop start
1/1/9 loop break
1/1/9 thread timer
1/1/21 loop start
1/1/21 loop break
1/1/21 thread timer
1/1/40 loop start
1/1/40 loop break
1/1/40 thread timer
1/1/5 loop start
1/1/5 loop break
1/1/5 thread timer
1/1/15 loop start
1/1/15 loop break
1/1/15 thread timer
1/1/37 loop start
1/1/37 loop break
1/1/37 thread timer
1/1/10 loop start
1/1/10 loop break
1/1/10 thread timer
1/1/3 loop start
1/1/3 loop break
1/1/3 thread timer
1/1/1 loop start
1/1/1 loop break
1/1/1 thread timer
1/1/41 loop start
1/1/41 loop break
1/1/41 thread timer
1/1/47 loop start
1/1/47 loop break
1/1/47 thread timer
1/1 timer0
1/1 timer1
1/1 timer2
1/1 timer3
1/1 timer done
./integ_temp/h2_trimer_631g/int_h2_trimer_631g_mono_1_1_0.dat -> 65 eris
./integ_temp/h2_trimer_631g/int_h2_trimer_631g_mono_0_1_0.dat -> 65 eris
./integ_temp/h2_trimer_631g/int_h2_trimer_631g_mono_2_1_0.dat -> 65 eris
pyscript : VQE for ./integ_temp/h2_trimer_631g/int_h2_trimer_631g_mono_1_1_0.dat spawned.
pyscript : VQE for ./integ_temp/h2_trimer_631g/int_h2_trimer_631g_mono_2_1_0.dat spawned.
pyscript : VQE for ./integ_temp/h2_trimer_631g/int_h2_trimer_631g_mono_0_1_0.dat spawned.
pyscript : output ./result_temp/h2_trimer_631g/res_h2_trimer_631g_mono_0_1_0.dat Generated.
it=1	mon=[0]	energy=-1.217854
pyscript : output ./result_temp/h2_trimer_631g/res_h2_trimer_631g_mono_2_1_0.dat Generated.
it=1	mon=[2]	energy=-1.217854
pyscript : output ./result_temp/h2_trimer_631g/res_h2_trimer_631g_mono_1_1_0.dat Generated.
it=1	mon=[1]	energy=-1.389760
##SCC itera= 1  conv=2  energy =      -3.82546766  energy0 =      -3.44341113  ( 137.014378 )
1/2/2 loop start
1/2 init_density_loop3_0
1/2/2 loop break
1/2/2 thread timer
1/2/22 loop start
1/2/22 loop break
1/2/22 thread timer
1/2/4 loop start
1/2/4 loop break
1/2/4 thread timer
1/2/8 loop start
1/2/8 loop break
1/2/8 thread timer
1/2/13 loop start
1/2/13 loop break
1/2/13 thread timer
1/2/15 loop start
1/2/15 loop break
1/2/15 thread timer
1/2/36 loop start
1/2/36 loop break
1/2/36 thread timer
1/2/6 loop start
1/2/6 loop break
1/2/6 thread timer
1/2/1 loop start
1/2/1 loop break
1/2/1 thread timer
1/2/21 loop start
1/2/21 loop break
1/2/21 thread timer
1/2/14 loop start
1/2/14 loop break
1/2/14 thread timer
1/2/29 loop start
1/2/29 loop break
1/2/29 thread timer
1/2/47 loop start
1/2/47 loop break
1/2/47 thread timer
1/2/39 loop start
1/2/39 loop break
1/2/39 thread timer
1/2/35 loop start
1/2/35 loop break
1/2/35 thread timer
1/2/11 loop start
1/2/11 loop break
1/2/11 thread timer
1/2/19 loop start
1/2/19 loop break
1/2/19 thread timer
1/2/37 loop start
1/2/37 loop break
1/2/37 thread timer
1/2/40 loop start
1/2/40 loop break
1/2/40 thread timer
1/2/3 loop start
1/2/3 loop break
1/2/3 thread timer
1/2/28 loop start
1/2/28 loop break
1/2/28 thread timer
1/2/34 loop start
1/2/34 loop break
1/2/34 thread timer
1/2/30 loop start
1/2/30 loop break
1/2/30 thread timer
1/2/0 loop start
1/2 init_density_loop0_0
1/2 init_density_loop1_1
1/2 init_density_loop2_2
1/2/0 loop break
1/2/0 thread timer
1/2/44 loop start
1/2/44 loop break
1/2/44 thread timer
1/2/33 loop start
1/2/33 loop break
1/2/33 thread timer
1/2/9 loop start
1/2/9 loop break
1/2/9 thread timer
1/2/16 loop start
1/2/16 loop break
1/2/16 thread timer
1/2/23 loop start
1/2/23 loop break
1/2/23 thread timer
1/2/31 loop start
1/2/31 loop break
1/2/31 thread timer
1/2/27 loop start
1/2/27 loop break
1/2/27 thread timer
1/2/43 loop start
1/2/43 loop break
1/2/43 thread timer
1/2/42 loop start
1/2/42 loop break
1/2/42 thread timer
1/2/45 loop start
1/2/45 loop break
1/2/45 thread timer
1/2/7 loop start
1/2/7 loop break
1/2/7 thread timer
1/2/32 loop start
1/2/32 loop break
1/2/32 thread timer
1/2/18 loop start
1/2/18 loop break
1/2/18 thread timer
1/2/10 loop start
1/2/10 loop break
1/2/10 thread timer
1/2/25 loop start
1/2/25 loop break
1/2/25 thread timer
1/2/17 loop start
1/2/17 loop break
1/2/17 thread timer
1/2/20 loop start
1/2/20 loop break
1/2/20 thread timer
1/2/5 loop start
1/2/5 loop break
1/2/5 thread timer
1/2/38 loop start
1/2/38 loop break
1/2/38 thread timer
1/2/46 loop start
1/2/46 loop break
1/2/46 thread timer
1/2/12 loop start
1/2/12 loop break
1/2/12 thread timer
1/2/26 loop start
1/2/26 loop break
1/2/26 thread timer
1/2/24 loop start
1/2/24 loop break
1/2/24 thread timer
1/2/41 loop start
1/2/41 loop break
1/2/41 thread timer
1/2 timer0
1/2 timer1
1/2 timer2
1/2 timer3
1/2 timer done
./integ_temp/h2_trimer_631g/int_h2_trimer_631g_mono_2_2_0.dat -> 65 eris
./integ_temp/h2_trimer_631g/int_h2_trimer_631g_mono_0_2_0.dat -> 65 eris
./integ_temp/h2_trimer_631g/int_h2_trimer_631g_mono_1_2_0.dat -> 65 eris
pyscript : VQE for ./integ_temp/h2_trimer_631g/int_h2_trimer_631g_mono_1_2_0.dat spawned.
pyscript : VQE for ./integ_temp/h2_trimer_631g/int_h2_trimer_631g_mono_0_2_0.dat spawned.
pyscript : VQE for ./integ_temp/h2_trimer_631g/int_h2_trimer_631g_mono_2_2_0.dat spawned.
pyscript : output ./result_temp/h2_trimer_631g/res_h2_trimer_631g_mono_1_2_0.dat Generated.
it=2	mon=[1]	energy=-1.355721
pyscript : output ./result_temp/h2_trimer_631g/res_h2_trimer_631g_mono_0_2_0.dat Generated.
it=2	mon=[0]	energy=-1.173474
pyscript : output ./result_temp/h2_trimer_631g/res_h2_trimer_631g_mono_2_2_0.dat Generated.
it=2	mon=[2]	energy=-1.213936
##SCC itera= 2  conv=2  energy =      -3.74313053  energy0 =      -3.44441524  ( 136.013945 )
1/3/42 loop start
1/3 init_density_loop3_0
1/3/42 loop break
1/3/42 thread timer
1/3/35 loop start
1/3/35 loop break
1/3/35 thread timer
1/3/43 loop start
1/3/43 loop break
1/3/43 thread timer
1/3/1 loop start
1/3/1 loop break
1/3/1 thread timer
1/3/5 loop start
1/3/5 loop break
1/3/5 thread timer
1/3/15 loop start
1/3/15 loop break
1/3/15 thread timer
1/3/6 loop start
1/3/6 loop break
1/3/6 thread timer
1/3/45 loop start
1/3/45 loop break
1/3/45 thread timer
1/3/18 loop start
1/3/18 loop break
1/3/18 thread timer
1/3/27 loop start
1/3/27 loop break
1/3/27 thread timer
1/3/39 loop start
1/3/39 loop break
1/3/39 thread timer
1/3/22 loop start
1/3/22 loop break
1/3/22 thread timer
1/3/46 loop start
1/3/46 loop break
1/3/46 thread timer
1/3/37 loop start
1/3/37 loop break
1/3/37 thread timer
1/3/9 loop start
1/3/9 loop break
1/3/9 thread timer
1/3/34 loop start
1/3/34 loop break
1/3/34 thread timer
1/3/20 loop start
1/3/20 loop break
1/3/20 thread timer
1/3/7 loop start
1/3/7 loop break
1/3/7 thread timer
1/3/25 loop start
1/3/25 loop break
1/3/25 thread timer
1/3/29 loop start
1/3/29 loop break
1/3/29 thread timer
1/3/41 loop start
1/3/41 loop break
1/3/41 thread timer
1/3/14 loop start
1/3/14 loop break
1/3/14 thread timer
1/3/8 loop start
1/3/8 loop break
1/3/8 thread timer
1/3/30 loop start
1/3/30 loop break
1/3/30 thread timer
1/3/10 loop start
1/3/10 loop break
1/3/10 thread timer
1/3/32 loop start
1/3/32 loop break
1/3/32 thread timer
1/3/24 loop start
1/3/24 loop break
1/3/24 thread timer
1/3/36 loop start
1/3/36 loop break
1/3/36 thread timer
1/3/12 loop start
1/3/12 loop break
1/3/12 thread timer
1/3/47 loop start
1/3/47 loop break
1/3/47 thread timer
1/3/40 loop start
1/3/40 loop break
1/3/40 thread timer
1/3/31 loop start
1/3/31 loop break
1/3/31 thread timer
1/3/13 loop start
1/3/13 loop break
1/3/13 thread timer
1/3/44 loop start
1/3/44 loop break
1/3/44 thread timer
1/3/28 loop start
1/3/28 loop break
1/3/28 thread timer
1/3/33 loop start
1/3/33 loop break
1/3/33 thread timer
1/3/11 loop start
1/3/11 loop break
1/3/11 thread timer
1/3/0 loop start
1/3 init_density_loop0_0
1/3 init_density_loop1_1
1/3 init_density_loop2_2
1/3/0 loop break
1/3/0 thread timer
1/3/4 loop start
1/3/4 loop break
1/3/4 thread timer
1/3/19 loop start
1/3/19 loop break
1/3/19 thread timer
1/3/38 loop start
1/3/38 loop break
1/3/38 thread timer
1/3/16 loop start
1/3/16 loop break
1/3/16 thread timer
1/3/17 loop start
1/3/17 loop break
1/3/17 thread timer
1/3/3 loop start
1/3/3 loop break
1/3/3 thread timer
1/3/21 loop start
1/3/21 loop break
1/3/21 thread timer
1/3/23 loop start
1/3/23 loop break
1/3/23 thread timer
1/3/2 loop start
1/3/2 loop break
1/3/2 thread timer
1/3/26 loop start
1/3/26 loop break
1/3/26 thread timer
1/3 timer0
1/3 timer1
1/3 timer2
1/3 timer3
1/3 timer done
./integ_temp/h2_trimer_631g/int_h2_trimer_631g_mono_0_3_0.dat -> 65 eris
./integ_temp/h2_trimer_631g/int_h2_trimer_631g_mono_1_3_0.dat -> 65 eris
./integ_temp/h2_trimer_631g/int_h2_trimer_631g_mono_2_3_0.dat -> 65 eris
pyscript : VQE for ./integ_temp/h2_trimer_631g/int_h2_trimer_631g_mono_2_3_0.dat spawned.
pyscript : VQE for ./integ_temp/h2_trimer_631g/int_h2_trimer_631g_mono_1_3_0.dat spawned.
pyscript : VQE for ./integ_temp/h2_trimer_631g/int_h2_trimer_631g_mono_0_3_0.dat spawned.
pyscript : output ./result_temp/h2_trimer_631g/res_h2_trimer_631g_mono_2_3_0.dat Generated.
it=3	mon=[2]	energy=-1.229972
pyscript : output ./result_temp/h2_trimer_631g/res_h2_trimer_631g_mono_0_3_0.dat Generated.
it=3	mon=[0]	energy=-1.162513
pyscript : output ./result_temp/h2_trimer_631g/res_h2_trimer_631g_mono_1_3_0.dat Generated.
it=3	mon=[1]	energy=-1.363169
##SCC itera= 3  conv=4  energy =      -3.75565431  energy0 =      -3.44396867  ( 130.016964 )
1/4/0 loop start
1/4 init_density_loop0_0
1/4 init_density_loop1_1
1/4 init_density_loop2_2
1/4/0 loop break
1/4/0 thread timer
1/4/3 loop start
1/4 init_density_loop3_0
1/4/3 loop break
1/4/3 thread timer
1/4/12 loop start
1/4/12 loop break
1/4/12 thread timer
1/4/4 loop start
1/4/4 loop break
1/4/4 thread timer
1/4/5 loop start
1/4/5 loop break
1/4/5 thread timer
1/4/47 loop start
1/4/47 loop break
1/4/47 thread timer
1/4/7 loop start
1/4/7 loop break
1/4/7 thread timer
1/4/28 loop start
1/4/28 loop break
1/4/28 thread timer
1/4/37 loop start
1/4/37 loop break
1/4/37 thread timer
1/4/13 loop start
1/4/13 loop break
1/4/13 thread timer
1/4/15 loop start
1/4/15 loop break
1/4/15 thread timer
1/4/20 loop start
1/4/20 loop break
1/4/20 thread timer
1/4/45 loop start
1/4/45 loop break
1/4/45 thread timer
1/4/39 loop start
1/4/39 loop break
1/4/39 thread timer
1/4/8 loop start
1/4/8 loop break
1/4/8 thread timer
1/4/41 loop start
1/4/41 loop break
1/4/41 thread timer
1/4/42 loop start
1/4/42 loop break
1/4/42 thread timer
1/4/9 loop start
1/4/9 loop break
1/4/9 thread timer
1/4/1 loop start
1/4/1 loop break
1/4/1 thread timer
1/4/16 loop start
1/4/16 loop break
1/4/16 thread timer
1/4/36 loop start
1/4/36 loop break
1/4/36 thread timer
1/4/43 loop start
1/4/43 loop break
1/4/43 thread timer
1/4/2 loop start
1/4/2 loop break
1/4/2 thread timer
1/4/25 loop start
1/4/25 loop break
1/4/25 thread timer
1/4/14 loop start
1/4/14 loop break
1/4/14 thread timer
1/4/29 loop start
1/4/29 loop break
1/4/29 thread timer
1/4/31 loop start
1/4/31 loop break
1/4/31 thread timer
1/4/26 loop start
1/4/26 loop break
1/4/26 thread timer
1/4/30 loop start
1/4/30 loop break
1/4/30 thread timer
1/4/35 loop start
1/4/35 loop break
1/4/35 thread timer
1/4/40 loop start
1/4/40 loop break
1/4/40 thread timer
1/4/34 loop start
1/4/34 loop break
1/4/34 thread timer
1/4/33 loop start
1/4/33 loop break
1/4/33 thread timer
1/4/22 loop start
1/4/22 loop break
1/4/22 thread timer
1/4/44 loop start
1/4/44 loop break
1/4/44 thread timer
1/4/17 loop start
1/4/17 loop break
1/4/17 thread timer
1/4/32 loop start
1/4/32 loop break
1/4/32 thread timer
1/4/21 loop start
1/4/21 loop break
1/4/21 thread timer
1/4/19 loop start
1/4/19 loop break
1/4/19 thread timer
1/4/18 loop start
1/4/18 loop break
1/4/18 thread timer
1/4/38 loop start
1/4/38 loop break
1/4/38 thread timer
1/4/27 loop start
1/4/27 loop break
1/4/27 thread timer
1/4/23 loop start
1/4/23 loop break
1/4/23 thread timer
1/4/10 loop start
1/4/10 loop break
1/4/10 thread timer
1/4/6 loop start
1/4/6 loop break
1/4/6 thread timer
1/4/11 loop start
1/4/11 loop break
1/4/11 thread timer
1/4/24 loop start
1/4/24 loop break
1/4/24 thread timer
1/4/46 loop start
1/4/46 loop break
1/4/46 thread timer
1/4 timer0
1/4 timer1
1/4 timer2
1/4 timer3
1/4 timer done
./integ_temp/h2_trimer_631g/int_h2_trimer_631g_mono_2_4_0.dat -> 65 eris
./integ_temp/h2_trimer_631g/int_h2_trimer_631g_mono_0_4_0.dat -> 65 eris
./integ_temp/h2_trimer_631g/int_h2_trimer_631g_mono_1_4_0.dat -> 65 eris
pyscript : VQE for ./integ_temp/h2_trimer_631g/int_h2_trimer_631g_mono_0_4_0.dat spawned.
pyscript : VQE for ./integ_temp/h2_trimer_631g/int_h2_trimer_631g_mono_1_4_0.dat spawned.
pyscript : VQE for ./integ_temp/h2_trimer_631g/int_h2_trimer_631g_mono_2_4_0.dat spawned.
pyscript : output ./result_temp/h2_trimer_631g/res_h2_trimer_631g_mono_0_4_0.dat Generated.
it=4	mon=[0]	energy=-1.160399
pyscript : output ./result_temp/h2_trimer_631g/res_h2_trimer_631g_mono_2_4_0.dat Generated.
it=4	mon=[2]	energy=-1.231677
pyscript : output ./result_temp/h2_trimer_631g/res_h2_trimer_631g_mono_1_4_0.dat Generated.
it=4	mon=[1]	energy=-1.360912
##SCC itera= 4  conv=4  energy =      -3.75298729  energy0 =      -3.44390468  ( 138.019143 )
1/5/31 loop start
1/5 init_density_loop3_0
1/5/31 loop break
1/5/31 thread timer
1/5/44 loop start
1/5/44 loop break
1/5/44 thread timer
1/5/2 loop start
1/5/2 loop break
1/5/2 thread timer
1/5/46 loop start
1/5/46 loop break
1/5/46 thread timer
1/5/36 loop start
1/5/36 loop break
1/5/36 thread timer
1/5/21 loop start
1/5/21 loop break
1/5/21 thread timer
1/5/27 loop start
1/5/27 loop break
1/5/27 thread timer
1/5/0 loop start
1/5 init_density_loop0_0
1/5 init_density_loop1_1
1/5 init_density_loop2_2
1/5/0 loop break
1/5/0 thread timer
1/5/5 loop start
1/5/5 loop break
1/5/5 thread timer
1/5/1 loop start
1/5/1 loop break
1/5/1 thread timer
1/5/14 loop start
1/5/14 loop break
1/5/14 thread timer
1/5/4 loop start
1/5/4 loop break
1/5/4 thread timer
1/5/39 loop start
1/5/39 loop break
1/5/39 thread timer
1/5/29 loop start
1/5/29 loop break
1/5/29 thread timer
1/5/40 loop start
1/5/40 loop break
1/5/40 thread timer
1/5/18 loop start
1/5/18 loop break
1/5/18 thread timer
1/5/35 loop start
1/5/35 loop break
1/5/35 thread timer
1/5/45 loop start
1/5/45 loop break
1/5/45 thread timer
1/5/7 loop start
1/5/7 loop break
1/5/7 thread timer
1/5/41 loop start
1/5/41 loop break
1/5/41 thread timer
1/5/42 loop start
1/5/42 loop break
1/5/42 thread timer
1/5/47 loop start
1/5/47 loop break
1/5/47 thread timer
1/5/22 loop start
1/5/22 loop break
1/5/22 thread timer
1/5/15 loop start
1/5/15 loop break
1/5/15 thread timer
1/5/30 loop start
1/5/30 loop break
1/5/30 thread timer
1/5/23 loop start
1/5/23 loop break
1/5/23 thread timer
1/5/17 loop start
1/5/17 loop break
1/5/17 thread timer
1/5/25 loop start
1/5/25 loop break
1/5/25 thread timer
1/5/19 loop start
1/5/19 loop break
1/5/19 thread timer
1/5/6 loop start
1/5/6 loop break
1/5/6 thread timer
1/5/3 loop start
1/5/3 loop break
1/5/3 thread timer
1/5/34 loop start
1/5/34 loop break
1/5/34 thread timer
1/5/33 loop start
1/5/33 loop break
1/5/33 thread timer
1/5/43 loop start
1/5/43 loop break
1/5/43 thread timer
1/5/9 loop start
1/5/9 loop break
1/5/9 thread timer
1/5/24 loop start
1/5/24 loop break
1/5/24 thread timer
1/5/26 loop start
1/5/26 loop break
1/5/26 thread timer
1/5/32 loop start
1/5/32 loop break
1/5/32 thread timer
1/5/8 loop start
1/5/8 loop break
1/5/8 thread timer
1/5/16 loop start
1/5/16 loop break
1/5/16 thread timer
1/5/37 loop start
1/5/37 loop break
1/5/37 thread timer
1/5/13 loop start
1/5/13 loop break
1/5/13 thread timer
1/5/11 loop start
1/5/11 loop break
1/5/11 thread timer
1/5/28 loop start
1/5/28 loop break
1/5/28 thread timer
1/5/10 loop start
1/5/10 loop break
1/5/10 thread timer
1/5/20 loop start
1/5/20 loop break
1/5/20 thread timer
1/5/12 loop start
1/5/12 loop break
1/5/12 thread timer
1/5/38 loop start
1/5/38 loop break
1/5/38 thread timer
1/5 timer0
1/5 timer1
1/5 timer2
1/5 timer3
1/5 timer done
./integ_temp/h2_trimer_631g/int_h2_trimer_631g_mono_0_5_0.dat -> 65 eris
./integ_temp/h2_trimer_631g/int_h2_trimer_631g_mono_2_5_0.dat -> 65 eris
./integ_temp/h2_trimer_631g/int_h2_trimer_631g_mono_1_5_0.dat -> 65 eris
pyscript : VQE for ./integ_temp/h2_trimer_631g/int_h2_trimer_631g_mono_2_5_0.dat spawned.
pyscript : VQE for ./integ_temp/h2_trimer_631g/int_h2_trimer_631g_mono_1_5_0.dat spawned.
pyscript : VQE for ./integ_temp/h2_trimer_631g/int_h2_trimer_631g_mono_0_5_0.dat spawned.
pyscript : output ./result_temp/h2_trimer_631g/res_h2_trimer_631g_mono_2_5_0.dat Generated.
it=5	mon=[2]	energy=-1.232355
pyscript : output ./result_temp/h2_trimer_631g/res_h2_trimer_631g_mono_0_5_0.dat Generated.
it=5	mon=[0]	energy=-1.159647
pyscript : output ./result_temp/h2_trimer_631g/res_h2_trimer_631g_mono_1_5_0.dat Generated.
it=5	mon=[1]	energy=-1.360849
##SCC itera= 5  conv=6  energy =      -3.75285021  energy0 =      -3.44354197  ( 176.107233 )
1/6/24 loop start
1/6 init_density_loop3_0
1/6/24 loop break
1/6/24 thread timer
1/6/40 loop start
1/6/40 loop break
1/6/40 thread timer
1/6/29 loop start
1/6/29 loop break
1/6/29 thread timer
1/6/2 loop start
1/6/2 loop break
1/6/2 thread timer
1/6/9 loop start
1/6/9 loop break
1/6/9 thread timer
1/6/17 loop start
1/6/17 loop break
1/6/17 thread timer
1/6/26 loop start
1/6/26 loop break
1/6/26 thread timer
1/6/28 loop start
1/6/28 loop break
1/6/28 thread timer
1/6/7 loop start
1/6/7 loop break
1/6/7 thread timer
1/6/8 loop start
1/6/8 loop break
1/6/8 thread timer
1/6/21 loop start
1/6/21 loop break
1/6/21 thread timer
1/6/25 loop start
1/6/25 loop break
1/6/25 thread timer
1/6/13 loop start
1/6/13 loop break
1/6/13 thread timer
1/6/12 loop start
1/6/12 loop break
1/6/12 thread timer
1/6/16 loop start
1/6/16 loop break
1/6/16 thread timer
1/6/3 loop start
1/6/3 loop break
1/6/3 thread timer
1/6/41 loop start
1/6/41 loop break
1/6/41 thread timer
1/6/46 loop start
1/6/46 loop break
1/6/46 thread timer
1/6/43 loop start
1/6/43 loop break
1/6/43 thread timer
1/6/15 loop start
1/6/15 loop break
1/6/15 thread timer
1/6/27 loop start
1/6/27 loop break
1/6/27 thread timer
1/6/33 loop start
1/6/33 loop break
1/6/33 thread timer
1/6/19 loop start
1/6/19 loop break
1/6/19 thread timer
1/6/4 loop start
1/6/4 loop break
1/6/4 thread timer
1/6/32 loop start
1/6/32 loop break
1/6/32 thread timer
1/6/45 loop start
1/6/45 loop break
1/6/45 thread timer
1/6/37 loop start
1/6/37 loop break
1/6/37 thread timer
1/6/47 loop start
1/6/47 loop break
1/6/47 thread timer
1/6/6 loop start
1/6/6 loop break
1/6/6 thread timer
1/6/5 loop start
1/6/5 loop break
1/6/5 thread timer
1/6/10 loop start
1/6/10 loop break
1/6/10 thread timer
1/6/31 loop start
1/6/31 loop break
1/6/31 thread timer
1/6/11 loop start
1/6/11 loop break
1/6/11 thread timer
1/6/20 loop start
1/6/20 loop break
1/6/20 thread timer
1/6/30 loop start
1/6/30 loop break
1/6/30 thread timer
1/6/14 loop start
1/6/14 loop break
1/6/14 thread timer
1/6/1 loop start
1/6/1 loop break
1/6/1 thread timer
1/6/18 loop start
1/6/18 loop break
1/6/18 thread timer
1/6/22 loop start
1/6/22 loop break
1/6/22 thread timer
1/6/39 loop start
1/6/39 loop break
1/6/39 thread timer
1/6/23 loop start
1/6/23 loop break
1/6/23 thread timer
1/6/36 loop start
1/6/36 loop break
1/6/36 thread timer
1/6/35 loop start
1/6/35 loop break
1/6/35 thread timer
1/6/34 loop start
1/6/34 loop break
1/6/34 thread timer
1/6/44 loop start
1/6/44 loop break
1/6/44 thread timer
1/6/42 loop start
1/6/42 loop break
1/6/42 thread timer
1/6/38 loop start
1/6/38 loop break
1/6/38 thread timer
1/6/0 loop start
1/6 init_density_loop0_0
1/6 init_density_loop1_1
1/6 init_density_loop2_2
1/6/0 loop break
1/6/0 thread timer
1/6 timer0
1/6 timer1
1/6 timer2
1/6 timer3
1/6 timer done
./integ_temp/h2_trimer_631g/int_h2_trimer_631g_mono_0_6_0.dat -> 65 eris
./integ_temp/h2_trimer_631g/int_h2_trimer_631g_mono_1_6_0.dat -> 65 eris
./integ_temp/h2_trimer_631g/int_h2_trimer_631g_mono_2_6_0.dat -> 65 eris
pyscript : VQE for ./integ_temp/h2_trimer_631g/int_h2_trimer_631g_mono_1_6_0.dat spawned.
pyscript : VQE for ./integ_temp/h2_trimer_631g/int_h2_trimer_631g_mono_0_6_0.dat spawned.
pyscript : VQE for ./integ_temp/h2_trimer_631g/int_h2_trimer_631g_mono_2_6_0.dat spawned.
pyscript : output ./result_temp/h2_trimer_631g/res_h2_trimer_631g_mono_0_6_0.dat Generated.
it=6	mon=[0]	energy=-1.159588
pyscript : output ./result_temp/h2_trimer_631g/res_h2_trimer_631g_mono_1_6_0.dat Generated.
it=6	mon=[1]	energy=-1.360625
pyscript : output ./result_temp/h2_trimer_631g/res_h2_trimer_631g_mono_2_6_0.dat Generated.
it=6	mon=[2]	energy=-1.232543
##SCC itera= 6  conv=6  energy =      -3.75275504  energy0 =      -3.44362901  ( 255.783647 )
1/7/33 loop start
1/7 init_density_loop3_0
1/7/33 loop break
1/7/33 thread timer
1/7/16 loop start
1/7/16 loop break
1/7/16 thread timer
1/7/43 loop start
1/7/43 loop break
1/7/43 thread timer
1/7/12 loop start
1/7/12 loop break
1/7/12 thread timer
1/7/21 loop start
1/7/21 loop break
1/7/21 thread timer
1/7/19 loop start
1/7/19 loop break
1/7/19 thread timer
1/7/28 loop start
1/7/28 loop break
1/7/28 thread timer
1/7/37 loop start
1/7/37 loop break
1/7/37 thread timer
1/7/41 loop start
1/7/41 loop break
1/7/41 thread timer
1/7/14 loop start
1/7/14 loop break
1/7/14 thread timer
1/7/47 loop start
1/7/47 loop break
1/7/47 thread timer
1/7/15 loop start
1/7/15 loop break
1/7/15 thread timer
1/7/32 loop start
1/7/32 loop break
1/7/32 thread timer
1/7/45 loop start
1/7/45 loop break
1/7/45 thread timer
1/7/36 loop start
1/7/36 loop break
1/7/36 thread timer
1/7/23 loop start
1/7/23 loop break
1/7/23 thread timer
1/7/46 loop start
1/7/46 loop break
1/7/46 thread timer
1/7/20 loop start
1/7/20 loop break
1/7/20 thread timer
1/7/29 loop start
1/7/29 loop break
1/7/29 thread timer
1/7/31 loop start
1/7/31 loop break
1/7/31 thread timer
1/7/34 loop start
1/7/34 loop break
1/7/34 thread timer
1/7/30 loop start
1/7/30 loop break
1/7/30 thread timer
1/7/11 loop start
1/7/11 loop break
1/7/11 thread timer
1/7/13 loop start
1/7/13 loop break
1/7/13 thread timer
1/7/27 loop start
1/7/27 loop break
1/7/27 thread timer
1/7/10 loop start
1/7/10 loop break
1/7/10 thread timer
1/7/17 loop start
1/7/17 loop break
1/7/17 thread timer
1/7/40 loop start
1/7/40 loop break
1/7/40 thread timer
1/7/44 loop start
1/7/44 loop break
1/7/44 thread timer
1/7/39 loop start
1/7/39 loop break
1/7/39 thread timer
1/7/18 loop start
1/7/18 loop break
1/7/18 thread timer
1/7/25 loop start
1/7/25 loop break
1/7/25 thread timer
1/7/22 loop start
1/7/22 loop break
1/7/22 thread timer
1/7/35 loop start
1/7/35 loop break
1/7/35 thread timer
1/7/42 loop start
1/7/42 loop break
1/7/42 thread timer
1/7/1 loop start
1/7/1 loop break
1/7/1 thread timer
1/7/4 loop start
1/7/4 loop break
1/7/4 thread timer
1/7/2 loop start
1/7/2 loop break
1/7/2 thread timer
1/7/5 loop start
1/7/5 loop break
1/7/5 thread timer
1/7/3 loop start
1/7/3 loop break
1/7/3 thread timer
1/7/6 loop start
1/7/6 loop break
1/7/6 thread timer
1/7/38 loop start
1/7/38 loop break
1/7/38 thread timer
1/7/7 loop start
1/7/7 loop break
1/7/7 thread timer
1/7/26 loop start
1/7/26 loop break
1/7/26 thread timer
1/7/9 loop start
1/7/9 loop break
1/7/9 thread timer
1/7/8 loop start
1/7/8 loop break
1/7/8 thread timer
1/7/24 loop start
1/7/24 loop break
1/7/24 thread timer
1/7/0 loop start
1/7 init_density_loop0_0
1/7 init_density_loop1_1
1/7 init_density_loop2_2
1/7/0 loop break
1/7/0 thread timer
1/7 timer0
1/7 timer1
1/7 timer2
1/7 timer3
1/7 timer done
./integ_temp/h2_trimer_631g/int_h2_trimer_631g_mono_2_7_0.dat -> 65 eris
./integ_temp/h2_trimer_631g/int_h2_trimer_631g_mono_0_7_0.dat -> 65 eris
./integ_temp/h2_trimer_631g/int_h2_trimer_631g_mono_1_7_0.dat -> 65 eris
pyscript : VQE for ./integ_temp/h2_trimer_631g/int_h2_trimer_631g_mono_0_7_0.dat spawned.
pyscript : VQE for ./integ_temp/h2_trimer_631g/int_h2_trimer_631g_mono_2_7_0.dat spawned.
pyscript : VQE for ./integ_temp/h2_trimer_631g/int_h2_trimer_631g_mono_1_7_0.dat spawned.
pyscript : output ./result_temp/h2_trimer_631g/res_h2_trimer_631g_mono_1_7_0.dat Generated.
it=7	mon=[1]	energy=-1.360664
pyscript : output ./result_temp/h2_trimer_631g/res_h2_trimer_631g_mono_0_7_0.dat Generated.
it=7	mon=[0]	energy=-1.159588
pyscript : output ./result_temp/h2_trimer_631g/res_h2_trimer_631g_mono_2_7_0.dat Generated.
it=7	mon=[2]	energy=-1.232556
##SCC itera= 7  conv=6  energy =      -3.75280801  energy0 =      -3.44360055  ( 172.023341 )
1/8/7 loop start
1/8 init_density_loop3_0
1/8/7 loop break
1/8/7 thread timer
1/8/6 loop start
1/8/6 loop break
1/8/6 thread timer
1/8/47 loop start
1/8/47 loop break
1/8/47 thread timer
1/8/42 loop start
1/8/42 loop break
1/8/42 thread timer
1/8/10 loop start
1/8/10 loop break
1/8/10 thread timer
1/8/4 loop start
1/8/4 loop break
1/8/4 thread timer
1/8/40 loop start
1/8/40 loop break
1/8/40 thread timer
1/8/24 loop start
1/8/24 loop break
1/8/24 thread timer
1/8/17 loop start
1/8/17 loop break
1/8/17 thread timer
1/8/39 loop start
1/8/39 loop break
1/8/39 thread timer
1/8/31 loop start
1/8/31 loop break
1/8/31 thread timer
1/8/9 loop start
1/8/9 loop break
1/8/9 thread timer
1/8/36 loop start
1/8/36 loop break
1/8/36 thread timer
1/8/8 loop start
1/8/8 loop break
1/8/8 thread timer
1/8/30 loop start
1/8/30 loop break
1/8/30 thread timer
1/8/14 loop start
1/8/14 loop break
1/8/14 thread timer
1/8/29 loop start
1/8/29 loop break
1/8/29 thread timer
1/8/46 loop start
1/8/46 loop break
1/8/46 thread timer
1/8/21 loop start
1/8/21 loop break
1/8/21 thread timer
1/8/38 loop start
1/8/38 loop break
1/8/38 thread timer
1/8/11 loop start
1/8/11 loop break
1/8/11 thread timer
1/8/19 loop start
1/8/19 loop break
1/8/19 thread timer
1/8/26 loop start
1/8/26 loop break
1/8/26 thread timer
1/8/25 loop start
1/8/25 loop break
1/8/25 thread timer
1/8/16 loop start
1/8/16 loop break
1/8/16 thread timer
1/8/18 loop start
1/8/18 loop break
1/8/18 thread timer
1/8/33 loop start
1/8/33 loop break
1/8/33 thread timer
1/8/23 loop start
1/8/23 loop break
1/8/23 thread timer
1/8/44 loop start
1/8/44 loop break
1/8/44 thread timer
1/8/2 loop start
1/8/2 loop break
1/8/2 thread timer
1/8/22 loop start
1/8/22 loop break
1/8/22 thread timer
1/8/0 loop start
1/8 init_density_loop0_0
1/8 init_density_loop1_1
1/8 init_density_loop2_2
1/8/0 loop break
1/8/0 thread timer
1/8/12 loop start
1/8/12 loop break
1/8/12 thread timer
1/8/41 loop start
1/8/41 loop break
1/8/41 thread timer
1/8/20 loop start
1/8/20 loop break
1/8/20 thread timer
1/8/15 loop start
1/8/15 loop break
1/8/15 thread timer
1/8/5 loop start
1/8/5 loop break
1/8/5 thread timer
1/8/13 loop start
1/8/13 loop break
1/8/13 thread timer
1/8/37 loop start
1/8/37 loop break
1/8/37 thread timer
1/8/3 loop start
1/8/3 loop break
1/8/3 thread timer
1/8/45 loop start
1/8/45 loop break
1/8/45 thread timer
1/8/43 loop start
1/8/43 loop break
1/8/43 thread timer
1/8/35 loop start
1/8/35 loop break
1/8/35 thread timer
1/8/32 loop start
1/8/32 loop break
1/8/32 thread timer
1/8/34 loop start
1/8/34 loop break
1/8/34 thread timer
1/8/27 loop start
1/8/27 loop break
1/8/27 thread timer
1/8/28 loop start
1/8/28 loop break
1/8/28 thread timer
1/8/1 loop start
1/8/1 loop break
1/8/1 thread timer
1/8 timer0
1/8 timer1
1/8 timer2
1/8 timer3
1/8 timer done
./integ_temp/h2_trimer_631g/int_h2_trimer_631g_mono_0_8_0.dat -> 65 eris
./integ_temp/h2_trimer_631g/int_h2_trimer_631g_mono_2_8_0.dat -> 65 eris
./integ_temp/h2_trimer_631g/int_h2_trimer_631g_mono_1_8_0.dat -> 65 eris
pyscript : VQE for ./integ_temp/h2_trimer_631g/int_h2_trimer_631g_mono_1_8_0.dat spawned.
pyscript : VQE for ./integ_temp/h2_trimer_631g/int_h2_trimer_631g_mono_0_8_0.dat spawned.
pyscript : VQE for ./integ_temp/h2_trimer_631g/int_h2_trimer_631g_mono_2_8_0.dat spawned.
pyscript : output ./result_temp/h2_trimer_631g/res_h2_trimer_631g_mono_0_8_0.dat Generated.
pyscript : output ./result_temp/h2_trimer_631g/res_h2_trimer_631g_mono_1_8_0.dat Generated.
it=8	mon=[0]	energy=-1.159559
it=8	mon=[1]	energy=-1.360739
pyscript : output ./result_temp/h2_trimer_631g/res_h2_trimer_631g_mono_2_8_0.dat Generated.
it=8	mon=[2]	energy=-1.232590
##SCC itera= 8  conv=7  energy =      -3.75288890  energy0 =      -3.44387145  ( 141.019301 )
1/9/0 loop start
1/9 init_density_loop0_0
1/9 init_density_loop1_1
1/9 init_density_loop2_2
1/9/0 loop break
1/9/0 thread timer
1/9/31 loop start
1/9 init_density_loop3_0
1/9/31 loop break
1/9/31 thread timer
1/9/29 loop start
1/9/29 loop break
1/9/29 thread timer
1/9/18 loop start
1/9/18 loop break
1/9/18 thread timer
1/9/34 loop start
1/9/34 loop break
1/9/34 thread timer
1/9/36 loop start
1/9/36 loop break
1/9/36 thread timer
1/9/4 loop start
1/9/4 loop break
1/9/4 thread timer
1/9/45 loop start
1/9/45 loop break
1/9/45 thread timer
1/9/1 loop start
1/9/1 loop break
1/9/1 thread timer
1/9/35 loop start
1/9/35 loop break
1/9/35 thread timer
1/9/24 loop start
1/9/24 loop break
1/9/24 thread timer
1/9/43 loop start
1/9/43 loop break
1/9/43 thread timer
1/9/7 loop start
1/9/7 loop break
1/9/7 thread timer
1/9/28 loop start
1/9/28 loop break
1/9/28 thread timer
1/9/21 loop start
1/9/21 loop break
1/9/21 thread timer
1/9/3 loop start
1/9/3 loop break
1/9/3 thread timer
1/9/8 loop start
1/9/8 loop break
1/9/8 thread timer
1/9/27 loop start
1/9/27 loop break
1/9/27 thread timer
1/9/46 loop start
1/9/46 loop break
1/9/46 thread timer
1/9/12 loop start
1/9/12 loop break
1/9/12 thread timer
1/9/9 loop start
1/9/9 loop break
1/9/9 thread timer
1/9/20 loop start
1/9/20 loop break
1/9/20 thread timer
1/9/23 loop start
1/9/23 loop break
1/9/23 thread timer
1/9/25 loop start
1/9/25 loop break
1/9/25 thread timer
1/9/17 loop start
1/9/17 loop break
1/9/17 thread timer
1/9/41 loop start
1/9/41 loop break
1/9/41 thread timer
1/9/39 loop start
1/9/39 loop break
1/9/39 thread timer
1/9/38 loop start
1/9/38 loop break
1/9/38 thread timer
1/9/47 loop start
1/9/47 loop break
1/9/47 thread timer
1/9/30 loop start
1/9/30 loop break
1/9/30 thread timer
1/9/26 loop start
1/9/26 loop break
1/9/26 thread timer
1/9/44 loop start
1/9/44 loop break
1/9/44 thread timer
1/9/19 loop start
1/9/19 loop break
1/9/19 thread timer
1/9/5 loop start
1/9/5 loop break
1/9/5 thread timer
1/9/40 loop start
1/9/40 loop break
1/9/40 thread timer
1/9/10 loop start
1/9/10 loop break
1/9/10 thread timer
1/9/11 loop start
1/9/11 loop break
1/9/11 thread timer
1/9/33 loop start
1/9/33 loop break
1/9/33 thread timer
1/9/15 loop start
1/9/15 loop break
1/9/15 thread timer
1/9/13 loop start
1/9/13 loop break
1/9/13 thread timer
1/9/6 loop start
1/9/6 loop break
1/9/6 thread timer
1/9/32 loop start
1/9/32 loop break
1/9/32 thread timer
1/9/16 loop start
1/9/16 loop break
1/9/16 thread timer
1/9/22 loop start
1/9/22 loop break
1/9/22 thread timer
1/9/42 loop start
1/9/42 loop break
1/9/42 thread timer
1/9/14 loop start
1/9/14 loop break
1/9/14 thread timer
1/9/2 loop start
1/9/2 loop break
1/9/2 thread timer
1/9/37 loop start
1/9/37 loop break
1/9/37 thread timer
1/9 timer0
1/9 timer1
1/9 timer2
1/9 timer3
1/9 timer done
./integ_temp/h2_trimer_631g/int_h2_trimer_631g_mono_0_9_0.dat -> 65 eris
./integ_temp/h2_trimer_631g/int_h2_trimer_631g_mono_1_9_0.dat -> 65 eris
./integ_temp/h2_trimer_631g/int_h2_trimer_631g_mono_2_9_0.dat -> 65 eris
pyscript : VQE for ./integ_temp/h2_trimer_631g/int_h2_trimer_631g_mono_1_9_0.dat spawned.
pyscript : VQE for ./integ_temp/h2_trimer_631g/int_h2_trimer_631g_mono_2_9_0.dat spawned.
pyscript : VQE for ./integ_temp/h2_trimer_631g/int_h2_trimer_631g_mono_0_9_0.dat spawned.
pyscript : output ./result_temp/h2_trimer_631g/res_h2_trimer_631g_mono_1_9_0.dat Generated.
it=9	mon=[1]	energy=-1.360724
pyscript : output ./result_temp/h2_trimer_631g/res_h2_trimer_631g_mono_0_9_0.dat Generated.
it=9	mon=[0]	energy=-1.159550
pyscript : output ./result_temp/h2_trimer_631g/res_h2_trimer_631g_mono_2_9_0.dat Generated.
it=9	mon=[2]	energy=-1.232589
##SCC itera= 9  conv=7  energy =      -3.75286366  energy0 =      -3.44346133  ( 140.020992 )
1/10/46 loop start
1/10 init_density_loop3_0
1/10/46 loop break
1/10/46 thread timer
1/10/12 loop start
1/10/12 loop break
1/10/12 thread timer
1/10/40 loop start
1/10/40 loop break
1/10/40 thread timer
1/10/27 loop start
1/10/27 loop break
1/10/27 thread timer
1/10/5 loop start
1/10/5 loop break
1/10/5 thread timer
1/10/21 loop start
1/10/21 loop break
1/10/21 thread timer
1/10/13 loop start
1/10/13 loop break
1/10/13 thread timer
1/10/43 loop start
1/10/43 loop break
1/10/43 thread timer
1/10/3 loop start
1/10/3 loop break
1/10/3 thread timer
1/10/9 loop start
1/10/9 loop break
1/10/9 thread timer
1/10/20 loop start
1/10/20 loop break
1/10/20 thread timer
1/10/42 loop start
1/10/42 loop break
1/10/42 thread timer
1/10/31 loop start
1/10/31 loop break
1/10/31 thread timer
1/10/8 loop start
1/10/8 loop break
1/10/8 thread timer
1/10/1 loop start
1/10/1 loop break
1/10/1 thread timer
1/10/11 loop start
1/10/11 loop break
1/10/11 thread timer
1/10/26 loop start
1/10/26 loop break
1/10/26 thread timer
1/10/22 loop start
1/10/22 loop break
1/10/22 thread timer
1/10/35 loop start
1/10/35 loop break
1/10/35 thread timer
1/10/15 loop start
1/10/15 loop break
1/10/15 thread timer
1/10/30 loop start
1/10/30 loop break
1/10/30 thread timer
1/10/18 loop start
1/10/18 loop break
1/10/18 thread timer
1/10/10 loop start
1/10/10 loop break
1/10/10 thread timer
1/10/4 loop start
1/10/4 loop break
1/10/4 thread timer
1/10/37 loop start
1/10/37 loop break
1/10/37 thread timer
1/10/29 loop start
1/10/29 loop break
1/10/29 thread timer
1/10/17 loop start
1/10/17 loop break
1/10/17 thread timer
1/10/47 loop start
1/10/47 loop break
1/10/47 thread timer
1/10/24 loop start
1/10/24 loop break
1/10/24 thread timer
1/10/38 loop start
1/10/38 loop break
1/10/38 thread timer
1/10/34 loop start
1/10/34 loop break
1/10/34 thread timer
1/10/41 loop start
1/10/41 loop break
1/10/41 thread timer
1/10/19 loop start
1/10/19 loop break
1/10/19 thread timer
1/10/2 loop start
1/10/2 loop break
1/10/2 thread timer
1/10/36 loop start
1/10/36 loop break
1/10/36 thread timer
1/10/25 loop start
1/10/25 loop break
1/10/25 thread timer
1/10/16 loop start
1/10/16 loop break
1/10/16 thread timer
1/10/33 loop start
1/10/33 loop break
1/10/33 thread timer
1/10/23 loop start
1/10/23 loop break
1/10/23 thread timer
1/10/6 loop start
1/10/6 loop break
1/10/6 thread timer
1/10/32 loop start
1/10/32 loop break
1/10/32 thread timer
1/10/28 loop start
1/10/28 loop break
1/10/28 thread timer
1/10/7 loop start
1/10/7 loop break
1/10/7 thread timer
1/10/14 loop start
1/10/14 loop break
1/10/14 thread timer
1/10/0 loop start
1/10 init_density_loop0_0
1/10 init_density_loop1_1
1/10 init_density_loop2_2
1/10/0 loop break
1/10/0 thread timer
1/10/45 loop start
1/10/45 loop break
1/10/45 thread timer
1/10/39 loop start
1/10/39 loop break
1/10/39 thread timer
1/10/44 loop start
1/10/44 loop break
1/10/44 thread timer
1/10 timer0
1/10 timer1
1/10 timer2
1/10 timer3
1/10 timer done
./integ_temp/h2_trimer_631g/int_h2_trimer_631g_mono_0_10_0.dat -> 65 eris
./integ_temp/h2_trimer_631g/int_h2_trimer_631g_mono_1_10_0.dat -> 65 eris
./integ_temp/h2_trimer_631g/int_h2_trimer_631g_mono_2_10_0.dat -> 65 eris
pyscript : VQE for ./integ_temp/h2_trimer_631g/int_h2_trimer_631g_mono_0_10_0.dat spawned.
pyscript : VQE for ./integ_temp/h2_trimer_631g/int_h2_trimer_631g_mono_2_10_0.dat spawned.
pyscript : VQE for ./integ_temp/h2_trimer_631g/int_h2_trimer_631g_mono_1_10_0.dat spawned.
pyscript : output ./result_temp/h2_trimer_631g/res_h2_trimer_631g_mono_1_10_0.dat Generated.
it=10	mon=[1]	energy=-1.360731
pyscript : output ./result_temp/h2_trimer_631g/res_h2_trimer_631g_mono_0_10_0.dat Generated.
it=10	mon=[0]	energy=-1.159555
pyscript : output ./result_temp/h2_trimer_631g/res_h2_trimer_631g_mono_2_10_0.dat Generated.
it=10	mon=[2]	energy=-1.232594
##SCC itera=10  conv=7  energy =      -3.75288048  energy0 =      -3.44387145  ( 136.021085 )
1/11/13 loop start
1/11 init_density_loop3_0
1/11/13 loop break
1/11/13 thread timer
1/11/25 loop start
1/11/25 loop break
1/11/25 thread timer
1/11/15 loop start
1/11/15 loop break
1/11/15 thread timer
1/11/9 loop start
1/11/9 loop break
1/11/9 thread timer
1/11/1 loop start
1/11/1 loop break
1/11/1 thread timer
1/11/42 loop start
1/11/42 loop break
1/11/42 thread timer
1/11/16 loop start
1/11/16 loop break
1/11/16 thread timer
1/11/28 loop start
1/11/28 loop break
1/11/28 thread timer
1/11/41 loop start
1/11/41 loop break
1/11/41 thread timer
1/11/31 loop start
1/11/31 loop break
1/11/31 thread timer
1/11/36 loop start
1/11/36 loop break
1/11/36 thread timer
1/11/29 loop start
1/11/29 loop break
1/11/29 thread timer
1/11/35 loop start
1/11/35 loop break
1/11/35 thread timer
1/11/6 loop start
1/11/6 loop break
1/11/6 thread timer
1/11/32 loop start
1/11/32 loop break
1/11/32 thread timer
1/11/24 loop start
1/11/24 loop break
1/11/24 thread timer
1/11/26 loop start
1/11/26 loop break
1/11/26 thread timer
1/11/3 loop start
1/11/3 loop break
1/11/3 thread timer
1/11/12 loop start
1/11/12 loop break
1/11/12 thread timer
1/11/7 loop start
1/11/7 loop break
1/11/7 thread timer
1/11/23 loop start
1/11/23 loop break
1/11/23 thread timer
1/11/44 loop start
1/11/44 loop break
1/11/44 thread timer
1/11/8 loop start
1/11/8 loop break
1/11/8 thread timer
1/11/40 loop start
1/11/40 loop break
1/11/40 thread timer
1/11/34 loop start
1/11/34 loop break
1/11/34 thread timer
1/11/5 loop start
1/11/5 loop break
1/11/5 thread timer
1/11/2 loop start
1/11/2 loop break
1/11/2 thread timer
1/11/45 loop start
1/11/45 loop break
1/11/45 thread timer
1/11/19 loop start
1/11/19 loop break
1/11/19 thread timer
1/11/20 loop start
1/11/20 loop break
1/11/20 thread timer
1/11/17 loop start
1/11/17 loop break
1/11/17 thread timer
1/11/4 loop start
1/11/4 loop break
1/11/4 thread timer
1/11/11 loop start
1/11/11 loop break
1/11/11 thread timer
1/11/10 loop start
1/11/10 loop break
1/11/10 thread timer
1/11/27 loop start
1/11/27 loop break
1/11/27 thread timer
1/11/39 loop start
1/11/39 loop break
1/11/39 thread timer
1/11/43 loop start
1/11/43 loop break
1/11/43 thread timer
1/11/38 loop start
1/11/38 loop break
1/11/38 thread timer
1/11/0 loop start
1/11 init_density_loop0_0
1/11 init_density_loop1_1
1/11 init_density_loop2_2
1/11/0 loop break
1/11/0 thread timer
1/11/37 loop start
1/11/37 loop break
1/11/37 thread timer
1/11/30 loop start
1/11/30 loop break
1/11/30 thread timer
1/11/18 loop start
1/11/18 loop break
1/11/18 thread timer
1/11/46 loop start
1/11/46 loop break
1/11/46 thread timer
1/11/22 loop start
1/11/22 loop break
1/11/22 thread timer
1/11/33 loop start
1/11/33 loop break
1/11/33 thread timer
1/11/14 loop start
1/11/14 loop break
1/11/14 thread timer
1/11/47 loop start
1/11/47 loop break
1/11/47 thread timer
1/11/21 loop start
1/11/21 loop break
1/11/21 thread timer
1/11 timer0
1/11 timer1
1/11 timer2
1/11 timer3
1/11 timer done
./integ_temp/h2_trimer_631g/int_h2_trimer_631g_mono_0_11_0.dat -> 65 eris
./integ_temp/h2_trimer_631g/int_h2_trimer_631g_mono_1_11_0.dat -> 65 eris
./integ_temp/h2_trimer_631g/int_h2_trimer_631g_mono_2_11_0.dat -> 65 eris
pyscript : VQE for ./integ_temp/h2_trimer_631g/int_h2_trimer_631g_mono_1_11_0.dat spawned.
pyscript : VQE for ./integ_temp/h2_trimer_631g/int_h2_trimer_631g_mono_0_11_0.dat spawned.
pyscript : VQE for ./integ_temp/h2_trimer_631g/int_h2_trimer_631g_mono_2_11_0.dat spawned.
pyscript : output ./result_temp/h2_trimer_631g/res_h2_trimer_631g_mono_1_11_0.dat Generated.
it=11	mon=[1]	energy=-1.360720
pyscript : output ./result_temp/h2_trimer_631g/res_h2_trimer_631g_mono_0_11_0.dat Generated.
it=11	mon=[0]	energy=-1.159550
pyscript : output ./result_temp/h2_trimer_631g/res_h2_trimer_631g_mono_2_11_0.dat Generated.
it=11	mon=[2]	energy=-1.232589
##SCC itera=11  conv=7  energy =      -3.75285957  energy0 =      -3.44339069  ( 127.021011 )
1/12/8 loop start
1/12 init_density_loop3_0
1/12/8 loop break
1/12/8 thread timer
1/12/15 loop start
1/12/15 loop break
1/12/15 thread timer
1/12/26 loop start
1/12/26 loop break
1/12/26 thread timer
1/12/23 loop start
1/12/23 loop break
1/12/23 thread timer
1/12/18 loop start
1/12/18 loop break
1/12/18 thread timer
1/12/38 loop start
1/12/38 loop break
1/12/38 thread timer
1/12/40 loop start
1/12/40 loop break
1/12/40 thread timer
1/12/37 loop start
1/12/37 loop break
1/12/37 thread timer
1/12/20 loop start
1/12/20 loop break
1/12/20 thread timer
1/12/12 loop start
1/12/12 loop break
1/12/12 thread timer
1/12/4 loop start
1/12/4 loop break
1/12/4 thread timer
1/12/24 loop start
1/12/24 loop break
1/12/24 thread timer
1/12/41 loop start
1/12/41 loop break
1/12/41 thread timer
1/12/45 loop start
1/12/45 loop break
1/12/45 thread timer
1/12/21 loop start
1/12/21 loop break
1/12/21 thread timer
1/12/29 loop start
1/12/29 loop break
1/12/29 thread timer
1/12/47 loop start
1/12/47 loop break
1/12/47 thread timer
1/12/32 loop start
1/12/32 loop break
1/12/32 thread timer
1/12/9 loop start
1/12/9 loop break
1/12/9 thread timer
1/12/11 loop start
1/12/11 loop break
1/12/11 thread timer
1/12/10 loop start
1/12/10 loop break
1/12/10 thread timer
1/12/42 loop start
1/12/42 loop break
1/12/42 thread timer
1/12/44 loop start
1/12/44 loop break
1/12/44 thread timer
1/12/28 loop start
1/12/28 loop break
1/12/28 thread timer
1/12/43 loop start
1/12/43 loop break
1/12/43 thread timer
1/12/25 loop start
1/12/25 loop break
1/12/25 thread timer
1/12/19 loop start
1/12/19 loop break
1/12/19 thread timer
1/12/35 loop start
1/12/35 loop break
1/12/35 thread timer
1/12/14 loop start
1/12/14 loop break
1/12/14 thread timer
1/12/6 loop start
1/12/6 loop break
1/12/6 thread timer
1/12/5 loop start
1/12/5 loop break
1/12/5 thread timer
1/12/27 loop start
1/12/27 loop break
1/12/27 thread timer
1/12/46 loop start
1/12/46 loop break
1/12/46 thread timer
1/12/1 loop start
1/12/1 loop break
1/12/1 thread timer
1/12/33 loop start
1/12/33 loop break
1/12/33 thread timer
1/12/13 loop start
1/12/13 loop break
1/12/13 thread timer
1/12/22 loop start
1/12/22 loop break
1/12/22 thread timer
1/12/17 loop start
1/12/17 loop break
1/12/17 thread timer
1/12/2 loop start
1/12/2 loop break
1/12/2 thread timer
1/12/0 loop start
1/12 init_density_loop0_0
1/12 init_density_loop1_1
1/12 init_density_loop2_2
1/12/0 loop break
1/12/0 thread timer
1/12/7 loop start
1/12/7 loop break
1/12/7 thread timer
1/12/30 loop start
1/12/30 loop break
1/12/30 thread timer
1/12/36 loop start
1/12/36 loop break
1/12/36 thread timer
1/12/34 loop start
1/12/34 loop break
1/12/34 thread timer
1/12/3 loop start
1/12/3 loop break
1/12/3 thread timer
1/12/39 loop start
1/12/39 loop break
1/12/39 thread timer
1/12/31 loop start
1/12/31 loop break
1/12/31 thread timer
1/12/16 loop start
1/12/16 loop break
1/12/16 thread timer
1/12 timer0
1/12 timer1
1/12 timer2
1/12 timer3
1/12 timer done
./integ_temp/h2_trimer_631g/int_h2_trimer_631g_mono_1_12_0.dat -> 65 eris
./integ_temp/h2_trimer_631g/int_h2_trimer_631g_mono_0_12_0.dat -> 65 eris
./integ_temp/h2_trimer_631g/int_h2_trimer_631g_mono_2_12_0.dat -> 65 eris
pyscript : VQE for ./integ_temp/h2_trimer_631g/int_h2_trimer_631g_mono_1_12_0.dat spawned.
pyscript : VQE for ./integ_temp/h2_trimer_631g/int_h2_trimer_631g_mono_2_12_0.dat spawned.
pyscript : VQE for ./integ_temp/h2_trimer_631g/int_h2_trimer_631g_mono_0_12_0.dat spawned.
pyscript : output ./result_temp/h2_trimer_631g/res_h2_trimer_631g_mono_1_12_0.dat Generated.
it=12	mon=[1]	energy=-1.360720
pyscript : output ./result_temp/h2_trimer_631g/res_h2_trimer_631g_mono_2_12_0.dat Generated.
it=12	mon=[2]	energy=-1.232596
pyscript : output ./result_temp/h2_trimer_631g/res_h2_trimer_631g_mono_0_12_0.dat Generated.
it=12	mon=[0]	energy=-1.159555
##SCC itera=12  conv=7  energy =      -3.75287084  energy0 =      -3.44347503  ( 129.017901 )
1/13/0 loop start
1/13 init_density_loop0_0
1/13 init_density_loop1_1
1/13 init_density_loop2_2
1/13/0 loop break
1/13/0 thread timer
1/13/37 loop start
1/13 init_density_loop3_0
1/13/37 loop break
1/13/37 thread timer
1/13/45 loop start
1/13/45 loop break
1/13/45 thread timer
1/13/18 loop start
1/13/18 loop break
1/13/18 thread timer
1/13/39 loop start
1/13/39 loop break
1/13/39 thread timer
1/13/8 loop start
1/13/8 loop break
1/13/8 thread timer
1/13/25 loop start
1/13/25 loop break
1/13/25 thread timer
1/13/7 loop start
1/13/7 loop break
1/13/7 thread timer
1/13/26 loop start
1/13/26 loop break
1/13/26 thread timer
1/13/46 loop start
1/13/46 loop break
1/13/46 thread timer
1/13/43 loop start
1/13/43 loop break
1/13/43 thread timer
1/13/6 loop start
1/13/6 loop break
1/13/6 thread timer
1/13/14 loop start
1/13/14 loop break
1/13/14 thread timer
1/13/10 loop start
1/13/10 loop break
1/13/10 thread timer
1/13/41 loop start
1/13/41 loop break
1/13/41 thread timer
1/13/36 loop start
1/13/36 loop break
1/13/36 thread timer
1/13/24 loop start
1/13/24 loop break
1/13/24 thread timer
1/13/20 loop start
1/13/20 loop break
1/13/20 thread timer
1/13/13 loop start
1/13/13 loop break
1/13/13 thread timer
1/13/38 loop start
1/13/38 loop break
1/13/38 thread timer
1/13/9 loop start
1/13/9 loop break
1/13/9 thread timer
1/13/27 loop start
1/13/27 loop break
1/13/27 thread timer
1/13/42 loop start
1/13/42 loop break
1/13/42 thread timer
1/13/33 loop start
1/13/33 loop break
1/13/33 thread timer
1/13/15 loop start
1/13/15 loop break
1/13/15 thread timer
1/13/1 loop start
1/13/1 loop break
1/13/1 thread timer
1/13/31 loop start
1/13/31 loop break
1/13/31 thread timer
1/13/3 loop start
1/13/3 loop break
1/13/3 thread timer
1/13/30 loop start
1/13/30 loop break
1/13/30 thread timer
1/13/23 loop start
1/13/23 loop break
1/13/23 thread timer
1/13/21 loop start
1/13/21 loop break
1/13/21 thread timer
1/13/16 loop start
1/13/16 loop break
1/13/16 thread timer
1/13/32 loop start
1/13/32 loop break
1/13/32 thread timer
1/13/40 loop start
1/13/40 loop break
1/13/40 thread timer
1/13/2 loop start
1/13/2 loop break
1/13/2 thread timer
1/13/11 loop start
1/13/11 loop break
1/13/11 thread timer
1/13/47 loop start
1/13/47 loop break
1/13/47 thread timer
1/13/5 loop start
1/13/5 loop break
1/13/5 thread timer
1/13/34 loop start
1/13/34 loop break
1/13/34 thread timer
1/13/4 loop start
1/13/4 loop break
1/13/4 thread timer
1/13/28 loop start
1/13/28 loop break
1/13/28 thread timer
1/13/19 loop start
1/13/19 loop break
1/13/19 thread timer
1/13/35 loop start
1/13/35 loop break
1/13/35 thread timer
1/13/22 loop start
1/13/22 loop break
1/13/22 thread timer
1/13/17 loop start
1/13/17 loop break
1/13/17 thread timer
1/13/44 loop start
1/13/44 loop break
1/13/44 thread timer
1/13/12 loop start
1/13/12 loop break
1/13/12 thread timer
1/13/29 loop start
1/13/29 loop break
1/13/29 thread timer
1/13 timer0
1/13 timer1
1/13 timer2
1/13 timer3
1/13 timer done
./integ_temp/h2_trimer_631g/int_h2_trimer_631g_mono_2_13_0.dat -> 65 eris
./integ_temp/h2_trimer_631g/int_h2_trimer_631g_mono_1_13_0.dat -> 65 eris
./integ_temp/h2_trimer_631g/int_h2_trimer_631g_mono_0_13_0.dat -> 65 eris
pyscript : VQE for ./integ_temp/h2_trimer_631g/int_h2_trimer_631g_mono_2_13_0.dat spawned.
pyscript : VQE for ./integ_temp/h2_trimer_631g/int_h2_trimer_631g_mono_0_13_0.dat spawned.
pyscript : VQE for ./integ_temp/h2_trimer_631g/int_h2_trimer_631g_mono_1_13_0.dat spawned.
pyscript : output ./result_temp/h2_trimer_631g/res_h2_trimer_631g_mono_1_13_0.dat Generated.
it=13	mon=[1]	energy=-1.360697
pyscript : output ./result_temp/h2_trimer_631g/res_h2_trimer_631g_mono_0_13_0.dat Generated.
it=13	mon=[0]	energy=-1.159557
pyscript : output ./result_temp/h2_trimer_631g/res_h2_trimer_631g_mono_2_13_0.dat Generated.
it=13	mon=[2]	energy=-1.232594
##SCC itera=13  conv=7  energy =      -3.75284860  energy0 =      -3.44336760  ( 135.016300 )
1/14/28 loop start
1/14 init_density_loop3_0
1/14/28 loop break
1/14/28 thread timer
1/14/21 loop start
1/14/21 loop break
1/14/21 thread timer
1/14/8 loop start
1/14/8 loop break
1/14/8 thread timer
1/14/29 loop start
1/14/29 loop break
1/14/29 thread timer
1/14/17 loop start
1/14/17 loop break
1/14/17 thread timer
1/14/9 loop start
1/14/9 loop break
1/14/9 thread timer
1/14/41 loop start
1/14/41 loop break
1/14/41 thread timer
1/14/2 loop start
1/14/2 loop break
1/14/2 thread timer
1/14/35 loop start
1/14/35 loop break
1/14/35 thread timer
1/14/32 loop start
1/14/32 loop break
1/14/32 thread timer
1/14/38 loop start
1/14/38 loop break
1/14/38 thread timer
1/14/36 loop start
1/14/36 loop break
1/14/36 thread timer
1/14/43 loop start
1/14/43 loop break
1/14/43 thread timer
1/14/40 loop start
1/14/40 loop break
1/14/40 thread timer
1/14/30 loop start
1/14/30 loop break
1/14/30 thread timer
1/14/39 loop start
1/14/39 loop break
1/14/39 thread timer
1/14/15 loop start
1/14/15 loop break
1/14/15 thread timer
1/14/44 loop start
1/14/44 loop break
1/14/44 thread timer
1/14/34 loop start
1/14/34 loop break
1/14/34 thread timer
1/14/46 loop start
1/14/46 loop break
1/14/46 thread timer
1/14/31 loop start
1/14/31 loop break
1/14/31 thread timer
1/14/0 loop start
1/14 init_density_loop0_0
1/14 init_density_loop1_1
1/14 init_density_loop2_2
1/14/0 loop break
1/14/0 thread timer
1/14/7 loop start
1/14/7 loop break
1/14/7 thread timer
1/14/42 loop start
1/14/42 loop break
1/14/42 thread timer
1/14/24 loop start
1/14/24 loop break
1/14/24 thread timer
1/14/18 loop start
1/14/18 loop break
1/14/18 thread timer
1/14/10 loop start
1/14/10 loop break
1/14/10 thread timer
1/14/6 loop start
1/14/6 loop break
1/14/6 thread timer
1/14/45 loop start
1/14/45 loop break
1/14/45 thread timer
1/14/20 loop start
1/14/20 loop break
1/14/20 thread timer
1/14/25 loop start
1/14/25 loop break
1/14/25 thread timer
1/14/23 loop start
1/14/23 loop break
1/14/23 thread timer
1/14/12 loop start
1/14/12 loop break
1/14/12 thread timer
1/14/33 loop start
1/14/33 loop break
1/14/33 thread timer
1/14/47 loop start
1/14/47 loop break
1/14/47 thread timer
1/14/22 loop start
1/14/22 loop break
1/14/22 thread timer
1/14/13 loop start
1/14/13 loop break
1/14/13 thread timer
1/14/14 loop start
1/14/14 loop break
1/14/14 thread timer
1/14/1 loop start
1/14/1 loop break
1/14/1 thread timer
1/14/26 loop start
1/14/26 loop break
1/14/26 thread timer
1/14/27 loop start
1/14/27 loop break
1/14/27 thread timer
1/14/3 loop start
1/14/3 loop break
1/14/3 thread timer
1/14/16 loop start
1/14/16 loop break
1/14/16 thread timer
1/14/11 loop start
1/14/11 loop break
1/14/11 thread timer
1/14/5 loop start
1/14/5 loop break
1/14/5 thread timer
1/14/19 loop start
1/14/19 loop break
1/14/19 thread timer
1/14/37 loop start
1/14/37 loop break
1/14/37 thread timer
1/14/4 loop start
1/14/4 loop break
1/14/4 thread timer
1/14 timer0
1/14 timer1
1/14 timer2
1/14 timer3
1/14 timer done
./integ_temp/h2_trimer_631g/int_h2_trimer_631g_mono_0_14_0.dat -> 65 eris
./integ_temp/h2_trimer_631g/int_h2_trimer_631g_mono_1_14_0.dat -> 65 eris
./integ_temp/h2_trimer_631g/int_h2_trimer_631g_mono_2_14_0.dat -> 65 eris
pyscript : VQE for ./integ_temp/h2_trimer_631g/int_h2_trimer_631g_mono_2_14_0.dat spawned.
pyscript : VQE for ./integ_temp/h2_trimer_631g/int_h2_trimer_631g_mono_0_14_0.dat spawned.
pyscript : VQE for ./integ_temp/h2_trimer_631g/int_h2_trimer_631g_mono_1_14_0.dat spawned.
pyscript : output ./result_temp/h2_trimer_631g/res_h2_trimer_631g_mono_1_14_0.dat Generated.
it=14	mon=[1]	energy=-1.360720
pyscript : output ./result_temp/h2_trimer_631g/res_h2_trimer_631g_mono_2_14_0.dat Generated.
it=14	mon=[2]	energy=-1.232594
pyscript : output ./result_temp/h2_trimer_631g/res_h2_trimer_631g_mono_0_14_0.dat Generated.
it=14	mon=[0]	energy=-1.159555
##SCC itera=14  conv=7  energy =      -3.75286949  energy0 =      -3.44337238  ( 138.017244 )
1/15/30 loop start
1/15 init_density_loop3_0
1/15/30 loop break
1/15/30 thread timer
1/15/17 loop start
1/15/17 loop break
1/15/17 thread timer
1/15/25 loop start
1/15/25 loop break
1/15/25 thread timer
1/15/15 loop start
1/15/15 loop break
1/15/15 thread timer
1/15/27 loop start
1/15/27 loop break
1/15/27 thread timer
1/15/41 loop start
1/15/41 loop break
1/15/41 thread timer
1/15/40 loop start
1/15/40 loop break
1/15/40 thread timer
1/15/43 loop start
1/15/43 loop break
1/15/43 thread timer
1/15/37 loop start
1/15/37 loop break
1/15/37 thread timer
1/15/34 loop start
1/15/34 loop break
1/15/34 thread timer
1/15/1 loop start
1/15/1 loop break
1/15/1 thread timer
1/15/38 loop start
1/15/38 loop break
1/15/38 thread timer
1/15/45 loop start
1/15/45 loop break
1/15/45 thread timer
1/15/35 loop start
1/15/35 loop break
1/15/35 thread timer
1/15/32 loop start
1/15/32 loop break
1/15/32 thread timer
1/15/29 loop start
1/15/29 loop break
1/15/29 thread timer
1/15/7 loop start
1/15/7 loop break
1/15/7 thread timer
1/15/36 loop start
1/15/36 loop break
1/15/36 thread timer
1/15/24 loop start
1/15/24 loop break
1/15/24 thread timer
1/15/16 loop start
1/15/16 loop break
1/15/16 thread timer
1/15/14 loop start
1/15/14 loop break
1/15/14 thread timer
1/15/19 loop start
1/15/19 loop break
1/15/19 thread timer
1/15/13 loop start
1/15/13 loop break
1/15/13 thread timer
1/15/0 loop start
1/15 init_density_loop0_0
1/15 init_density_loop1_1
1/15 init_density_loop2_2
1/15/0 loop break
1/15/0 thread timer
1/15/3 loop start
1/15/3 loop break
1/15/3 thread timer
1/15/39 loop start
1/15/39 loop break
1/15/39 thread timer
1/15/46 loop start
1/15/46 loop break
1/15/46 thread timer
1/15/20 loop start
1/15/20 loop break
1/15/20 thread timer
1/15/28 loop start
1/15/28 loop break
1/15/28 thread timer
1/15/26 loop start
1/15/26 loop break
1/15/26 thread timer
1/15/10 loop start
1/15/10 loop break
1/15/10 thread timer
1/15/12 loop start
1/15/12 loop break
1/15/12 thread timer
1/15/6 loop start
1/15/6 loop break
1/15/6 thread timer
1/15/5 loop start
1/15/5 loop break
1/15/5 thread timer
1/15/33 loop start
1/15/33 loop break
1/15/33 thread timer
1/15/11 loop start
1/15/11 loop break
1/15/11 thread timer
1/15/9 loop start
1/15/9 loop break
1/15/9 thread timer
1/15/18 loop start
1/15/18 loop break
1/15/18 thread timer
1/15/31 loop start
1/15/31 loop break
1/15/31 thread timer
1/15/4 loop start
1/15/4 loop break
1/15/4 thread timer
1/15/21 loop start
1/15/21 loop break
1/15/21 thread timer
1/15/2 loop start
1/15/2 loop break
1/15/2 thread timer
1/15/8 loop start
1/15/8 loop break
1/15/8 thread timer
1/15/47 loop start
1/15/47 loop break
1/15/47 thread timer
1/15/44 loop start
1/15/44 loop break
1/15/44 thread timer
1/15/22 loop start
1/15/22 loop break
1/15/22 thread timer
1/15/23 loop start
1/15/23 loop break
1/15/23 thread timer
1/15/42 loop start
1/15/42 loop break
1/15/42 thread timer
1/15 timer0
1/15 timer1
1/15 timer2
1/15 timer3
1/15 timer done
./integ_temp/h2_trimer_631g/int_h2_trimer_631g_mono_2_15_0.dat -> 65 eris
./integ_temp/h2_trimer_631g/int_h2_trimer_631g_mono_1_15_0.dat -> 65 eris
./integ_temp/h2_trimer_631g/int_h2_trimer_631g_mono_0_15_0.dat -> 65 eris
pyscript : VQE for ./integ_temp/h2_trimer_631g/int_h2_trimer_631g_mono_0_15_0.dat spawned.
pyscript : VQE for ./integ_temp/h2_trimer_631g/int_h2_trimer_631g_mono_2_15_0.dat spawned.
pyscript : VQE for ./integ_temp/h2_trimer_631g/int_h2_trimer_631g_mono_1_15_0.dat spawned.
pyscript : output ./result_temp/h2_trimer_631g/res_h2_trimer_631g_mono_1_15_0.dat Generated.
it=15	mon=[1]	energy=-1.360702
pyscript : output ./result_temp/h2_trimer_631g/res_h2_trimer_631g_mono_2_15_0.dat Generated.
it=15	mon=[2]	energy=-1.232596
pyscript : output ./result_temp/h2_trimer_631g/res_h2_trimer_631g_mono_0_15_0.dat Generated.
it=15	mon=[0]	energy=-1.159555
##SCC itera=15  conv=7  energy =      -3.75285243  energy0 =      -3.44373764  ( 132.020683 )
1/16/7 loop start
1/16 init_density_loop3_0
1/16/7 loop break
1/16/7 thread timer
1/16/11 loop start
1/16/11 loop break
1/16/11 thread timer
1/16/29 loop start
1/16/29 loop break
1/16/29 thread timer
1/16/40 loop start
1/16/40 loop break
1/16/40 thread timer
1/16/35 loop start
1/16/35 loop break
1/16/35 thread timer
1/16/1 loop start
1/16/1 loop break
1/16/1 thread timer
1/16/41 loop start
1/16/41 loop break
1/16/41 thread timer
1/16/20 loop start
1/16/20 loop break
1/16/20 thread timer
1/16/5 loop start
1/16/5 loop break
1/16/5 thread timer
1/16/46 loop start
1/16/46 loop break
1/16/46 thread timer
1/16/34 loop start
1/16/34 loop break
1/16/34 thread timer
1/16/10 loop start
1/16/10 loop break
1/16/10 thread timer
1/16/38 loop start
1/16/38 loop break
1/16/38 thread timer
1/16/21 loop start
1/16/21 loop break
1/16/21 thread timer
1/16/6 loop start
1/16/6 loop break
1/16/6 thread timer
1/16/28 loop start
1/16/28 loop break
1/16/28 thread timer
1/16/43 loop start
1/16/43 loop break
1/16/43 thread timer
1/16/2 loop start
1/16/2 loop break
1/16/2 thread timer
1/16/3 loop start
1/16/3 loop break
1/16/3 thread timer
1/16/25 loop start
1/16/25 loop break
1/16/25 thread timer
1/16/16 loop start
1/16/16 loop break
1/16/16 thread timer
1/16/27 loop start
1/16/27 loop break
1/16/27 thread timer
1/16/30 loop start
1/16/30 loop break
1/16/30 thread timer
1/16/42 loop start
1/16/42 loop break
1/16/42 thread timer
1/16/36 loop start
1/16/36 loop break
1/16/36 thread timer
1/16/44 loop start
1/16/44 loop break
1/16/44 thread timer
1/16/17 loop start
1/16/17 loop break
1/16/17 thread timer
1/16/23 loop start
1/16/23 loop break
1/16/23 thread timer
1/16/19 loop start
1/16/19 loop break
1/16/19 thread timer
1/16/9 loop start
1/16/9 loop break
1/16/9 thread timer
1/16/15 loop start
1/16/15 loop break
1/16/15 thread timer
1/16/8 loop start
1/16/8 loop break
1/16/8 thread timer
1/16/33 loop start
1/16/33 loop break
1/16/33 thread timer
1/16/37 loop start
1/16/37 loop break
1/16/37 thread timer
1/16/4 loop start
1/16/4 loop break
1/16/4 thread timer
1/16/39 loop start
1/16/39 loop break
1/16/39 thread timer
1/16/32 loop start
1/16/32 loop break
1/16/32 thread timer
1/16/47 loop start
1/16/47 loop break
1/16/47 thread timer
1/16/22 loop start
1/16/22 loop break
1/16/22 thread timer
1/16/12 loop start
1/16/12 loop break
1/16/12 thread timer
1/16/18 loop start
1/16/18 loop break
1/16/18 thread timer
1/16/14 loop start
1/16/14 loop break
1/16/14 thread timer
1/16/26 loop start
1/16/26 loop break
1/16/26 thread timer
1/16/31 loop start
1/16/31 loop break
1/16/31 thread timer
1/16/13 loop start
1/16/13 loop break
1/16/13 thread timer
1/16/24 loop start
1/16/24 loop break
1/16/24 thread timer
1/16/45 loop start
1/16/45 loop break
1/16/45 thread timer
1/16/0 loop start
1/16 init_density_loop0_0
1/16 init_density_loop1_1
1/16 init_density_loop2_2
1/16/0 loop break
1/16/0 thread timer
1/16 timer0
1/16 timer1
1/16 timer2
1/16 timer3
1/16 timer done
./integ_temp/h2_trimer_631g/int_h2_trimer_631g_mono_2_16_0.dat -> 65 eris
./integ_temp/h2_trimer_631g/int_h2_trimer_631g_mono_1_16_0.dat -> 65 eris
./integ_temp/h2_trimer_631g/int_h2_trimer_631g_mono_0_16_0.dat -> 65 eris
pyscript : VQE for ./integ_temp/h2_trimer_631g/int_h2_trimer_631g_mono_2_16_0.dat spawned.
pyscript : VQE for ./integ_temp/h2_trimer_631g/int_h2_trimer_631g_mono_0_16_0.dat spawned.
pyscript : VQE for ./integ_temp/h2_trimer_631g/int_h2_trimer_631g_mono_1_16_0.dat spawned.
pyscript : output ./result_temp/h2_trimer_631g/res_h2_trimer_631g_mono_1_16_0.dat Generated.
it=16	mon=[1]	energy=-1.360697
pyscript : output ./result_temp/h2_trimer_631g/res_h2_trimer_631g_mono_0_16_0.dat Generated.
it=16	mon=[0]	energy=-1.159550
pyscript : output ./result_temp/h2_trimer_631g/res_h2_trimer_631g_mono_2_16_0.dat Generated.
it=16	mon=[2]	energy=-1.232594
##SCC itera=16  conv=7  energy =      -3.75284186  energy0 =      -3.44328759  ( 127.017423 )
1/17/7 loop start
1/17 init_density_loop3_0
1/17/7 loop break
1/17/7 thread timer
1/17/15 loop start
1/17/15 loop break
1/17/15 thread timer
1/17/0 loop start
1/17 init_density_loop0_0
1/17 init_density_loop1_1
1/17 init_density_loop2_2
1/17/0 loop break
1/17/0 thread timer
1/17/11 loop start
1/17/11 loop break
1/17/11 thread timer
1/17/5 loop start
1/17/5 loop break
1/17/5 thread timer
1/17/24 loop start
1/17/24 loop break
1/17/24 thread timer
1/17/40 loop start
1/17/40 loop break
1/17/40 thread timer
1/17/8 loop start
1/17/8 loop break
1/17/8 thread timer
1/17/43 loop start
1/17/43 loop break
1/17/43 thread timer
1/17/29 loop start
1/17/29 loop break
1/17/29 thread timer
1/17/13 loop start
1/17/13 loop break
1/17/13 thread timer
1/17/10 loop start
1/17/10 loop break
1/17/10 thread timer
1/17/14 loop start
1/17/14 loop break
1/17/14 thread timer
1/17/34 loop start
1/17/34 loop break
1/17/34 thread timer
1/17/47 loop start
1/17/47 loop break
1/17/47 thread timer
1/17/12 loop start
1/17/12 loop break
1/17/12 thread timer
1/17/2 loop start
1/17/2 loop break
1/17/2 thread timer
1/17/20 loop start
1/17/20 loop break
1/17/20 thread timer
1/17/6 loop start
1/17/6 loop break
1/17/6 thread timer
1/17/44 loop start
1/17/44 loop break
1/17/44 thread timer
1/17/16 loop start
1/17/16 loop break
1/17/16 thread timer
1/17/4 loop start
1/17/4 loop break
1/17/4 thread timer
1/17/32 loop start
1/17/32 loop break
1/17/32 thread timer
1/17/46 loop start
1/17/46 loop break
1/17/46 thread timer
1/17/45 loop start
1/17/45 loop break
1/17/45 thread timer
1/17/19 loop start
1/17/19 loop break
1/17/19 thread timer
1/17/38 loop start
1/17/38 loop break
1/17/38 thread timer
1/17/42 loop start
1/17/42 loop break
1/17/42 thread timer
1/17/30 loop start
1/17/30 loop break
1/17/30 thread timer
1/17/26 loop start
1/17/26 loop break
1/17/26 thread timer
1/17/39 loop start
1/17/39 loop break
1/17/39 thread timer
1/17/25 loop start
1/17/25 loop break
1/17/25 thread timer
1/17/35 loop start
1/17/35 loop break
1/17/35 thread timer
1/17/21 loop start
1/17/21 loop break
1/17/21 thread timer
1/17/17 loop start
1/17/17 loop break
1/17/17 thread timer
1/17/33 loop start
1/17/33 loop break
1/17/33 thread timer
1/17/41 loop start
1/17/41 loop break
1/17/41 thread timer
1/17/18 loop start
1/17/18 loop break
1/17/18 thread timer
1/17/27 loop start
1/17/27 loop break
1/17/27 thread timer
1/17/3 loop start
1/17/3 loop break
1/17/3 thread timer
1/17/9 loop start
1/17/9 loop break
1/17/9 thread timer
1/17/37 loop start
1/17/37 loop break
1/17/37 thread timer
1/17/22 loop start
1/17/22 loop break
1/17/22 thread timer
1/17/31 loop start
1/17/31 loop break
1/17/31 thread timer
1/17/1 loop start
1/17/1 loop break
1/17/1 thread timer
1/17/23 loop start
1/17/23 loop break
1/17/23 thread timer
1/17/36 loop start
1/17/36 loop break
1/17/36 thread timer
1/17/28 loop start
1/17/28 loop break
1/17/28 thread timer
1/17 timer0
1/17 timer1
1/17 timer2
1/17 timer3
1/17 timer done
./integ_temp/h2_trimer_631g/int_h2_trimer_631g_mono_0_17_0.dat -> 65 eris
./integ_temp/h2_trimer_631g/int_h2_trimer_631g_mono_1_17_0.dat -> 65 eris
./integ_temp/h2_trimer_631g/int_h2_trimer_631g_mono_2_17_0.dat -> 65 eris
pyscript : VQE for ./integ_temp/h2_trimer_631g/int_h2_trimer_631g_mono_2_17_0.dat spawned.
pyscript : VQE for ./integ_temp/h2_trimer_631g/int_h2_trimer_631g_mono_1_17_0.dat spawned.
pyscript : VQE for ./integ_temp/h2_trimer_631g/int_h2_trimer_631g_mono_0_17_0.dat spawned.
pyscript : output ./result_temp/h2_trimer_631g/res_h2_trimer_631g_mono_1_17_0.dat Generated.
it=17	mon=[1]	energy=-1.360722
pyscript : output ./result_temp/h2_trimer_631g/res_h2_trimer_631g_mono_0_17_0.dat Generated.
pyscript : output ./result_temp/h2_trimer_631g/res_h2_trimer_631g_mono_2_17_0.dat Generated.
it=17	mon=[0]	energy=-1.159555
it=17	mon=[2]	energy=-1.232596
##SCC itera=17  conv=7  energy =      -3.75287305  energy0 =      -3.44347752  ( 137.020633 )
1/18/47 loop start
1/18 init_density_loop3_0
1/18/47 loop break
1/18/47 thread timer
1/18/15 loop start
1/18/15 loop break
1/18/15 thread timer
1/18/19 loop start
1/18/19 loop break
1/18/19 thread timer
1/18/35 loop start
1/18/35 loop break
1/18/35 thread timer
1/18/12 loop start
1/18/12 loop break
1/18/12 thread timer
1/18/10 loop start
1/18/10 loop break
1/18/10 thread timer
1/18/20 loop start
1/18/20 loop break
1/18/20 thread timer
1/18/28 loop start
1/18/28 loop break
1/18/28 thread timer
1/18/21 loop start
1/18/21 loop break
1/18/21 thread timer
1/18/11 loop start
1/18/11 loop break
1/18/11 thread timer
1/18/43 loop start
1/18/43 loop break
1/18/43 thread timer
1/18/6 loop start
1/18/6 loop break
1/18/6 thread timer
1/18/26 loop start
1/18/26 loop break
1/18/26 thread timer
1/18/17 loop start
1/18/17 loop break
1/18/17 thread timer
1/18/37 loop start
1/18/37 loop break
1/18/37 thread timer
1/18/27 loop start
1/18/27 loop break
1/18/27 thread timer
1/18/18 loop start
1/18/18 loop break
1/18/18 thread timer
1/18/36 loop start
1/18/36 loop break
1/18/36 thread timer
1/18/46 loop start
1/18/46 loop break
1/18/46 thread timer
1/18/39 loop start
1/18/39 loop break
1/18/39 thread timer
1/18/8 loop start
1/18/8 loop break
1/18/8 thread timer
1/18/24 loop start
1/18/24 loop break
1/18/24 thread timer
1/18/33 loop start
1/18/33 loop break
1/18/33 thread timer
1/18/2 loop start
1/18/2 loop break
1/18/2 thread timer
1/18/3 loop start
1/18/3 loop break
1/18/3 thread timer
1/18/1 loop start
1/18/1 loop break
1/18/1 thread timer
1/18/41 loop start
1/18/41 loop break
1/18/41 thread timer
1/18/7 loop start
1/18/7 loop break
1/18/7 thread timer
1/18/38 loop start
1/18/38 loop break
1/18/38 thread timer
1/18/30 loop start
1/18/30 loop break
1/18/30 thread timer
1/18/5 loop start
1/18/5 loop break
1/18/5 thread timer
1/18/44 loop start
1/18/44 loop break
1/18/44 thread timer
1/18/25 loop start
1/18/25 loop break
1/18/25 thread timer
1/18/0 loop start
1/18 init_density_loop0_0
1/18 init_density_loop1_1
1/18 init_density_loop2_2
1/18/0 loop break
1/18/0 thread timer
1/18/32 loop start
1/18/32 loop break
1/18/32 thread timer
1/18/14 loop start
1/18/14 loop break
1/18/14 thread timer
1/18/22 loop start
1/18/22 loop break
1/18/22 thread timer
1/18/40 loop start
1/18/40 loop break
1/18/40 thread timer
1/18/16 loop start
1/18/16 loop break
1/18/16 thread timer
1/18/4 loop start
1/18/4 loop break
1/18/4 thread timer
1/18/23 loop start
1/18/23 loop break
1/18/23 thread timer
1/18/42 loop start
1/18/42 loop break
1/18/42 thread timer
1/18/9 loop start
1/18/9 loop break
1/18/9 thread timer
1/18/45 loop start
1/18/45 loop break
1/18/45 thread timer
1/18/29 loop start
1/18/29 loop break
1/18/29 thread timer
1/18/31 loop start
1/18/31 loop break
1/18/31 thread timer
1/18/34 loop start
1/18/34 loop break
1/18/34 thread timer
1/18/13 loop start
1/18/13 loop break
1/18/13 thread timer
1/18 timer0
1/18 timer1
1/18 timer2
1/18 timer3
1/18 timer done
./integ_temp/h2_trimer_631g/int_h2_trimer_631g_mono_1_18_0.dat -> 65 eris
./integ_temp/h2_trimer_631g/int_h2_trimer_631g_mono_0_18_0.dat -> 65 eris
./integ_temp/h2_trimer_631g/int_h2_trimer_631g_mono_2_18_0.dat -> 65 eris
pyscript : VQE for ./integ_temp/h2_trimer_631g/int_h2_trimer_631g_mono_1_18_0.dat spawned.
pyscript : VQE for ./integ_temp/h2_trimer_631g/int_h2_trimer_631g_mono_2_18_0.dat spawned.
pyscript : VQE for ./integ_temp/h2_trimer_631g/int_h2_trimer_631g_mono_0_18_0.dat spawned.
pyscript : output ./result_temp/h2_trimer_631g/res_h2_trimer_631g_mono_1_18_0.dat Generated.
it=18	mon=[1]	energy=-1.360726
pyscript : output ./result_temp/h2_trimer_631g/res_h2_trimer_631g_mono_2_18_0.dat Generated.
it=18	mon=[2]	energy=-1.232594
pyscript : output ./result_temp/h2_trimer_631g/res_h2_trimer_631g_mono_0_18_0.dat Generated.
it=18	mon=[0]	energy=-1.159555
##SCC itera=18  conv=7  energy =      -3.75287545  energy0 =      -3.44347792  ( 139.018125 )
1/19/39 loop start
1/19 init_density_loop3_0
1/19/39 loop break
1/19/39 thread timer
1/19/41 loop start
1/19/41 loop break
1/19/41 thread timer
1/19/33 loop start
1/19/33 loop break
1/19/33 thread timer
1/19/22 loop start
1/19/22 loop break
1/19/22 thread timer
1/19/19 loop start
1/19/19 loop break
1/19/19 thread timer
1/19/2 loop start
1/19/2 loop break
1/19/2 thread timer
1/19/13 loop start
1/19/13 loop break
1/19/13 thread timer
1/19/21 loop start
1/19/21 loop break
1/19/21 thread timer
1/19/46 loop start
1/19/46 loop break
1/19/46 thread timer
1/19/5 loop start
1/19/5 loop break
1/19/5 thread timer
1/19/11 loop start
1/19/11 loop break
1/19/11 thread timer
1/19/24 loop start
1/19/24 loop break
1/19/24 thread timer
1/19/20 loop start
1/19/20 loop break
1/19/20 thread timer
1/19/9 loop start
1/19/9 loop break
1/19/9 thread timer
1/19/4 loop start
1/19/4 loop break
1/19/4 thread timer
1/19/7 loop start
1/19/7 loop break
1/19/7 thread timer
1/19/42 loop start
1/19/42 loop break
1/19/42 thread timer
1/19/8 loop start
1/19/8 loop break
1/19/8 thread timer
1/19/6 loop start
1/19/6 loop break
1/19/6 thread timer
1/19/35 loop start
1/19/35 loop break
1/19/35 thread timer
1/19/12 loop start
1/19/12 loop break
1/19/12 thread timer
1/19/23 loop start
1/19/23 loop break
1/19/23 thread timer
1/19/27 loop start
1/19/27 loop break
1/19/27 thread timer
1/19/14 loop start
1/19/14 loop break
1/19/14 thread timer
1/19/37 loop start
1/19/37 loop break
1/19/37 thread timer
1/19/17 loop start
1/19/17 loop break
1/19/17 thread timer
1/19/38 loop start
1/19/38 loop break
1/19/38 thread timer
1/19/44 loop start
1/19/44 loop break
1/19/44 thread timer
1/19/25 loop start
1/19/25 loop break
1/19/25 thread timer
1/19/3 loop start
1/19/3 loop break
1/19/3 thread timer
1/19/16 loop start
1/19/16 loop break
1/19/16 thread timer
1/19/31 loop start
1/19/31 loop break
1/19/31 thread timer
1/19/15 loop start
1/19/15 loop break
1/19/15 thread timer
1/19/29 loop start
1/19/29 loop break
1/19/29 thread timer
1/19/1 loop start
1/19/1 loop break
1/19/1 thread timer
1/19/32 loop start
1/19/32 loop break
1/19/32 thread timer
1/19/45 loop start
1/19/45 loop break
1/19/45 thread timer
1/19/34 loop start
1/19/34 loop break
1/19/34 thread timer
1/19/0 loop start
1/19 init_density_loop0_0
1/19 init_density_loop1_1
1/19 init_density_loop2_2
1/19/0 loop break
1/19/0 thread timer
1/19/36 loop start
1/19/36 loop break
1/19/36 thread timer
1/19/10 loop start
1/19/10 loop break
1/19/10 thread timer
1/19/47 loop start
1/19/47 loop break
1/19/47 thread timer
1/19/28 loop start
1/19/28 loop break
1/19/28 thread timer
1/19/26 loop start
1/19/26 loop break
1/19/26 thread timer
1/19/40 loop start
1/19/40 loop break
1/19/40 thread timer
1/19/30 loop start
1/19/30 loop break
1/19/30 thread timer
1/19/18 loop start
1/19/18 loop break
1/19/18 thread timer
1/19/43 loop start
1/19/43 loop break
1/19/43 thread timer
1/19 timer0
1/19 timer1
1/19 timer2
1/19 timer3
1/19 timer done
./integ_temp/h2_trimer_631g/int_h2_trimer_631g_mono_2_19_0.dat -> 65 eris
./integ_temp/h2_trimer_631g/int_h2_trimer_631g_mono_1_19_0.dat -> 65 eris
./integ_temp/h2_trimer_631g/int_h2_trimer_631g_mono_0_19_0.dat -> 65 eris
pyscript : VQE for ./integ_temp/h2_trimer_631g/int_h2_trimer_631g_mono_0_19_0.dat spawned.
pyscript : VQE for ./integ_temp/h2_trimer_631g/int_h2_trimer_631g_mono_1_19_0.dat spawned.
pyscript : VQE for ./integ_temp/h2_trimer_631g/int_h2_trimer_631g_mono_2_19_0.dat spawned.
pyscript : output ./result_temp/h2_trimer_631g/res_h2_trimer_631g_mono_1_19_0.dat Generated.
it=19	mon=[1]	energy=-1.360728
pyscript : output ./result_temp/h2_trimer_631g/res_h2_trimer_631g_mono_2_19_0.dat Generated.
it=19	mon=[2]	energy=-1.232594
pyscript : output ./result_temp/h2_trimer_631g/res_h2_trimer_631g_mono_0_19_0.dat Generated.
it=19	mon=[0]	energy=-1.159555
##SCC itera=19  conv=7  energy =      -3.75287668  energy0 =      -3.44366801  ( 139.019999 )
1/20/47 loop start
1/20 init_density_loop3_0
1/20/47 loop break
1/20/47 thread timer
1/20/45 loop start
1/20/45 loop break
1/20/45 thread timer
1/20/21 loop start
1/20/21 loop break
1/20/21 thread timer
1/20/37 loop start
1/20/37 loop break
1/20/37 thread timer
1/20/34 loop start
1/20/34 loop break
1/20/34 thread timer
1/20/1 loop start
1/20/1 loop break
1/20/1 thread timer
1/20/32 loop start
1/20/32 loop break
1/20/32 thread timer
1/20/16 loop start
1/20/16 loop break
1/20/16 thread timer
1/20/14 loop start
1/20/14 loop break
1/20/14 thread timer
1/20/13 loop start
1/20/13 loop break
1/20/13 thread timer
1/20/28 loop start
1/20/28 loop break
1/20/28 thread timer
1/20/4 loop start
1/20/4 loop break
1/20/4 thread timer
1/20/27 loop start
1/20/27 loop break
1/20/27 thread timer
1/20/35 loop start
1/20/35 loop break
1/20/35 thread timer
1/20/8 loop start
1/20/8 loop break
1/20/8 thread timer
1/20/25 loop start
1/20/25 loop break
1/20/25 thread timer
1/20/22 loop start
1/20/22 loop break
1/20/22 thread timer
1/20/7 loop start
1/20/7 loop break
1/20/7 thread timer
1/20/15 loop start
1/20/15 loop break
1/20/15 thread timer
1/20/29 loop start
1/20/29 loop break
1/20/29 thread timer
1/20/19 loop start
1/20/19 loop break
1/20/19 thread timer
1/20/43 loop start
1/20/43 loop break
1/20/43 thread timer
1/20/20 loop start
1/20/20 loop break
1/20/20 thread timer
1/20/3 loop start
1/20/3 loop break
1/20/3 thread timer
1/20/24 loop start
1/20/24 loop break
1/20/24 thread timer
1/20/5 loop start
1/20/5 loop break
1/20/5 thread timer
1/20/33 loop start
1/20/33 loop break
1/20/33 thread timer
1/20/39 loop start
1/20/39 loop break
1/20/39 thread timer
1/20/41 loop start
1/20/41 loop break
1/20/41 thread timer
1/20/30 loop start
1/20/30 loop break
1/20/30 thread timer
1/20/44 loop start
1/20/44 loop break
1/20/44 thread timer
1/20/18 loop start
1/20/18 loop break
1/20/18 thread timer
1/20/42 loop start
1/20/42 loop break
1/20/42 thread timer
1/20/26 loop start
1/20/26 loop break
1/20/26 thread timer
1/20/17 loop start
1/20/17 loop break
1/20/17 thread timer
1/20/23 loop start
1/20/23 loop break
1/20/23 thread timer
1/20/0 loop start
1/20 init_density_loop0_0
1/20 init_density_loop1_1
1/20 init_density_loop2_2
1/20/0 loop break
1/20/0 thread timer
1/20/2 loop start
1/20/2 loop break
1/20/2 thread timer
1/20/46 loop start
1/20/46 loop break
1/20/46 thread timer
1/20/6 loop start
1/20/6 loop break
1/20/6 thread timer
1/20/12 loop start
1/20/12 loop break
1/20/12 thread timer
1/20/36 loop start
1/20/36 loop break
1/20/36 thread timer
1/20/11 loop start
1/20/11 loop break
1/20/11 thread timer
1/20/10 loop start
1/20/10 loop break
1/20/10 thread timer
1/20/31 loop start
1/20/31 loop break
1/20/31 thread timer
1/20/40 loop start
1/20/40 loop break
1/20/40 thread timer
1/20/38 loop start
1/20/38 loop break
1/20/38 thread timer
1/20/9 loop start
1/20/9 loop break
1/20/9 thread timer
1/20 timer0
1/20 timer1
1/20 timer2
1/20 timer3
1/20 timer done
./integ_temp/h2_trimer_631g/int_h2_trimer_631g_mono_2_20_0.dat -> 65 eris
./integ_temp/h2_trimer_631g/int_h2_trimer_631g_mono_1_20_0.dat -> 65 eris
./integ_temp/h2_trimer_631g/int_h2_trimer_631g_mono_0_20_0.dat -> 65 eris
pyscript : VQE for ./integ_temp/h2_trimer_631g/int_h2_trimer_631g_mono_2_20_0.dat spawned.
pyscript : VQE for ./integ_temp/h2_trimer_631g/int_h2_trimer_631g_mono_1_20_0.dat spawned.
pyscript : VQE for ./integ_temp/h2_trimer_631g/int_h2_trimer_631g_mono_0_20_0.dat spawned.
pyscript : output ./result_temp/h2_trimer_631g/res_h2_trimer_631g_mono_1_20_0.dat Generated.
it=20	mon=[1]	energy=-1.360728
pyscript : output ./result_temp/h2_trimer_631g/res_h2_trimer_631g_mono_2_20_0.dat Generated.
pyscript : output ./result_temp/h2_trimer_631g/res_h2_trimer_631g_mono_0_20_0.dat Generated.
it=20	mon=[2]	energy=-1.232594
it=20	mon=[0]	energy=-1.159555
##SCC itera=20  conv=7  energy =      -3.75287700  energy0 =      -3.44366844  ( 129.020210 )
1/21/44 loop start
1/21 init_density_loop3_0
1/21/44 loop break
1/21/44 thread timer
1/21/35 loop start
1/21/35 loop break
1/21/35 thread timer
1/21/33 loop start
1/21/33 loop break
1/21/33 thread timer
1/21/34 loop start
1/21/34 loop break
1/21/34 thread timer
1/21/12 loop start
1/21/12 loop break
1/21/12 thread timer
1/21/2 loop start
1/21/2 loop break
1/21/2 thread timer
1/21/20 loop start
1/21/20 loop break
1/21/20 thread timer
1/21/39 loop start
1/21/39 loop break
1/21/39 thread timer
1/21/24 loop start
1/21/24 loop break
1/21/24 thread timer
1/21/38 loop start
1/21/38 loop break
1/21/38 thread timer
1/21/18 loop start
1/21/18 loop break
1/21/18 thread timer
1/21/30 loop start
1/21/30 loop break
1/21/30 thread timer
1/21/26 loop start
1/21/26 loop break
1/21/26 thread timer
1/21/13 loop start
1/21/13 loop break
1/21/13 thread timer
1/21/14 loop start
1/21/14 loop break
1/21/14 thread timer
1/21/1 loop start
1/21/1 loop break
1/21/1 thread timer
1/21/17 loop start
1/21/17 loop break
1/21/17 thread timer
1/21/4 loop start
1/21/4 loop break
1/21/4 thread timer
1/21/9 loop start
1/21/9 loop break
1/21/9 thread timer
1/21/8 loop start
1/21/8 loop break
1/21/8 thread timer
1/21/31 loop start
1/21/31 loop break
1/21/31 thread timer
1/21/43 loop start
1/21/43 loop break
1/21/43 thread timer
1/21/5 loop start
1/21/5 loop break
1/21/5 thread timer
1/21/23 loop start
1/21/23 loop break
1/21/23 thread timer
1/21/19 loop start
1/21/19 loop break
1/21/19 thread timer
1/21/10 loop start
1/21/10 loop break
1/21/10 thread timer
1/21/45 loop start
1/21/45 loop break
1/21/45 thread timer
1/21/16 loop start
1/21/16 loop break
1/21/16 thread timer
1/21/15 loop start
1/21/15 loop break
1/21/15 thread timer
1/21/40 loop start
1/21/40 loop break
1/21/40 thread timer
1/21/47 loop start
1/21/47 loop break
1/21/47 thread timer
1/21/11 loop start
1/21/11 loop break
1/21/11 thread timer
1/21/42 loop start
1/21/42 loop break
1/21/42 thread timer
1/21/25 loop start
1/21/25 loop break
1/21/25 thread timer
1/21/0 loop start
1/21 init_density_loop0_0
1/21 init_density_loop1_1
1/21 init_density_loop2_2
1/21/0 loop break
1/21/0 thread timer
1/21/7 loop start
1/21/7 loop break
1/21/7 thread timer
1/21/22 loop start
1/21/22 loop break
1/21/22 thread timer
1/21/6 loop start
1/21/6 loop break
1/21/6 thread timer
1/21/28 loop start
1/21/28 loop break
1/21/28 thread timer
1/21/37 loop start
1/21/37 loop break
1/21/37 thread timer
1/21/46 loop start
1/21/46 loop break
1/21/46 thread timer
1/21/21 loop start
1/21/21 loop break
1/21/21 thread timer
1/21/29 loop start
1/21/29 loop break
1/21/29 thread timer
1/21/27 loop start
1/21/27 loop break
1/21/27 thread timer
1/21/41 loop start
1/21/41 loop break
1/21/41 thread timer
1/21/3 loop start
1/21/3 loop break
1/21/3 thread timer
1/21/32 loop start
1/21/32 loop break
1/21/32 thread timer
1/21/36 loop start
1/21/36 loop break
1/21/36 thread timer
1/21 timer0
1/21 timer1
1/21 timer2
1/21 timer3
1/21 timer done
./integ_temp/h2_trimer_631g/int_h2_trimer_631g_mono_2_21_0.dat -> 65 eris
./integ_temp/h2_trimer_631g/int_h2_trimer_631g_mono_1_21_0.dat -> 65 eris
./integ_temp/h2_trimer_631g/int_h2_trimer_631g_mono_0_21_0.dat -> 65 eris
pyscript : VQE for ./integ_temp/h2_trimer_631g/int_h2_trimer_631g_mono_2_21_0.dat spawned.
pyscript : VQE for ./integ_temp/h2_trimer_631g/int_h2_trimer_631g_mono_0_21_0.dat spawned.
pyscript : VQE for ./integ_temp/h2_trimer_631g/int_h2_trimer_631g_mono_1_21_0.dat spawned.
pyscript : output ./result_temp/h2_trimer_631g/res_h2_trimer_631g_mono_1_21_0.dat Generated.
it=21	mon=[1]	energy=-1.360718
pyscript : output ./result_temp/h2_trimer_631g/res_h2_trimer_631g_mono_2_21_0.dat Generated.
it=21	mon=[2]	energy=-1.232592
pyscript : output ./result_temp/h2_trimer_631g/res_h2_trimer_631g_mono_0_21_0.dat Generated.
it=21	mon=[0]	energy=-1.159553
##SCC itera=21  conv=7  energy =      -3.75286379  energy0 =      -3.44340187  ( 142.021020 )
1/22/11 loop start
1/22 init_density_loop3_0
1/22/11 loop break
1/22/11 thread timer
1/22/15 loop start
1/22/15 loop break
1/22/15 thread timer
1/22/24 loop start
1/22/24 loop break
1/22/24 thread timer
1/22/9 loop start
1/22/9 loop break
1/22/9 thread timer
1/22/10 loop start
1/22/10 loop break
1/22/10 thread timer
1/22/38 loop start
1/22/38 loop break
1/22/38 thread timer
1/22/28 loop start
1/22/28 loop break
1/22/28 thread timer
1/22/6 loop start
1/22/6 loop break
1/22/6 thread timer
1/22/3 loop start
1/22/3 loop break
1/22/3 thread timer
1/22/34 loop start
1/22/34 loop break
1/22/34 thread timer
1/22/29 loop start
1/22/29 loop break
1/22/29 thread timer
1/22/13 loop start
1/22/13 loop break
1/22/13 thread timer
1/22/14 loop start
1/22/14 loop break
1/22/14 thread timer
1/22/17 loop start
1/22/17 loop break
1/22/17 thread timer
1/22/46 loop start
1/22/46 loop break
1/22/46 thread timer
1/22/42 loop start
1/22/42 loop break
1/22/42 thread timer
1/22/16 loop start
1/22/16 loop break
1/22/16 thread timer
1/22/31 loop start
1/22/31 loop break
1/22/31 thread timer
1/22/1 loop start
1/22/1 loop break
1/22/1 thread timer
1/22/0 loop start
1/22 init_density_loop0_0
1/22 init_density_loop1_1
1/22 init_density_loop2_2
1/22/0 loop break
1/22/0 thread timer
1/22/21 loop start
1/22/21 loop break
1/22/21 thread timer
1/22/19 loop start
1/22/19 loop break
1/22/19 thread timer
1/22/2 loop start
1/22/2 loop break
1/22/2 thread timer
1/22/39 loop start
1/22/39 loop break
1/22/39 thread timer
1/22/27 loop start
1/22/27 loop break
1/22/27 thread timer
1/22/45 loop start
1/22/45 loop break
1/22/45 thread timer
1/22/18 loop start
1/22/18 loop break
1/22/18 thread timer
1/22/26 loop start
1/22/26 loop break
1/22/26 thread timer
1/22/40 loop start
1/22/40 loop break
1/22/40 thread timer
1/22/35 loop start
1/22/35 loop break
1/22/35 thread timer
1/22/4 loop start
1/22/4 loop break
1/22/4 thread timer
1/22/12 loop start
1/22/12 loop break
1/22/12 thread timer
1/22/33 loop start
1/22/33 loop break
1/22/33 thread timer
1/22/20 loop start
1/22/20 loop break
1/22/20 thread timer
1/22/41 loop start
1/22/41 loop break
1/22/41 thread timer
1/22/23 loop start
1/22/23 loop break
1/22/23 thread timer
1/22/7 loop start
1/22/7 loop break
1/22/7 thread timer
1/22/37 loop start
1/22/37 loop break
1/22/37 thread timer
1/22/36 loop start
1/22/36 loop break
1/22/36 thread timer
1/22/44 loop start
1/22/44 loop break
1/22/44 thread timer
1/22/8 loop start
1/22/8 loop break
1/22/8 thread timer
1/22/30 loop start
1/22/30 loop break
1/22/30 thread timer
1/22/22 loop start
1/22/22 loop break
1/22/22 thread timer
1/22/32 loop start
1/22/32 loop break
1/22/32 thread timer
1/22/5 loop start
1/22/5 loop break
1/22/5 thread timer
1/22/43 loop start
1/22/43 loop break
1/22/43 thread timer
1/22/47 loop start
1/22/47 loop break
1/22/47 thread timer
1/22/25 loop start
1/22/25 loop break
1/22/25 thread timer
1/22 timer0
1/22 timer1
1/22 timer2
1/22 timer3
1/22 timer done
./integ_temp/h2_trimer_631g/int_h2_trimer_631g_mono_2_22_0.dat -> 65 eris
./integ_temp/h2_trimer_631g/int_h2_trimer_631g_mono_1_22_0.dat -> 65 eris
./integ_temp/h2_trimer_631g/int_h2_trimer_631g_mono_0_22_0.dat -> 65 eris
pyscript : VQE for ./integ_temp/h2_trimer_631g/int_h2_trimer_631g_mono_1_22_0.dat spawned.
pyscript : VQE for ./integ_temp/h2_trimer_631g/int_h2_trimer_631g_mono_2_22_0.dat spawned.
pyscript : VQE for ./integ_temp/h2_trimer_631g/int_h2_trimer_631g_mono_0_22_0.dat spawned.
pyscript : output ./result_temp/h2_trimer_631g/res_h2_trimer_631g_mono_1_22_0.dat Generated.
it=22	mon=[1]	energy=-1.360718
pyscript : output ./result_temp/h2_trimer_631g/res_h2_trimer_631g_mono_0_22_0.dat Generated.
it=22	mon=[0]	energy=-1.159555
pyscript : output ./result_temp/h2_trimer_631g/res_h2_trimer_631g_mono_2_22_0.dat Generated.
it=22	mon=[2]	energy=-1.232596
##SCC itera=22  conv=7  energy =      -3.75286890  energy0 =      -3.44340420  ( 140.017552 )
1/23/45 loop start
1/23 init_density_loop3_0
1/23/45 loop break
1/23/45 thread timer
1/23/42 loop start
1/23/42 loop break
1/23/42 thread timer
1/23/28 loop start
1/23/28 loop break
1/23/28 thread timer
1/23/13 loop start
1/23/13 loop break
1/23/13 thread timer
1/23/41 loop start
1/23/41 loop break
1/23/41 thread timer
1/23/17 loop start
1/23/17 loop break
1/23/17 thread timer
1/23/26 loop start
1/23/26 loop break
1/23/26 thread timer
1/23/6 loop start
1/23/6 loop break
1/23/6 thread timer
1/23/7 loop start
1/23/7 loop break
1/23/7 thread timer
1/23/2 loop start
1/23/2 loop break
1/23/2 thread timer
1/23/30 loop start
1/23/30 loop break
1/23/30 thread timer
1/23/1 loop start
1/23/1 loop break
1/23/1 thread timer
1/23/34 loop start
1/23/34 loop break
1/23/34 thread timer
1/23/11 loop start
1/23/11 loop break
1/23/11 thread timer
1/23/25 loop start
1/23/25 loop break
1/23/25 thread timer
1/23/31 loop start
1/23/31 loop break
1/23/31 thread timer
1/23/37 loop start
1/23/37 loop break
1/23/37 thread timer
1/23/9 loop start
1/23/9 loop break
1/23/9 thread timer
1/23/20 loop start
1/23/20 loop break
1/23/20 thread timer
1/23/24 loop start
1/23/24 loop break
1/23/24 thread timer
1/23/18 loop start
1/23/18 loop break
1/23/18 thread timer
1/23/27 loop start
1/23/27 loop break
1/23/27 thread timer
1/23/40 loop start
1/23/40 loop break
1/23/40 thread timer
1/23/39 loop start
1/23/39 loop break
1/23/39 thread timer
1/23/10 loop start
1/23/10 loop break
1/23/10 thread timer
1/23/3 loop start
1/23/3 loop break
1/23/3 thread timer
1/23/44 loop start
1/23/44 loop break
1/23/44 thread timer
1/23/19 loop start
1/23/19 loop break
1/23/19 thread timer
1/23/14 loop start
1/23/14 loop break
1/23/14 thread timer
1/23/32 loop start
1/23/32 loop break
1/23/32 thread timer
1/23/46 loop start
1/23/46 loop break
1/23/46 thread timer
1/23/4 loop start
1/23/4 loop break
1/23/4 thread timer
1/23/35 loop start
1/23/35 loop break
1/23/35 thread timer
1/23/43 loop start
1/23/43 loop break
1/23/43 thread timer
1/23/12 loop start
1/23/12 loop break
1/23/12 thread timer
1/23/36 loop start
1/23/36 loop break
1/23/36 thread timer
1/23/47 loop start
1/23/47 loop break
1/23/47 thread timer
1/23/16 loop start
1/23/16 loop break
1/23/16 thread timer
1/23/29 loop start
1/23/29 loop break
1/23/29 thread timer
1/23/8 loop start
1/23/8 loop break
1/23/8 thread timer
1/23/15 loop start
1/23/15 loop break
1/23/15 thread timer
1/23/38 loop start
1/23/38 loop break
1/23/38 thread timer
1/23/0 loop start
1/23 init_density_loop0_0
1/23 init_density_loop1_1
1/23 init_density_loop2_2
1/23/0 loop break
1/23/0 thread timer
1/23/5 loop start
1/23/5 loop break
1/23/5 thread timer
1/23/21 loop start
1/23/21 loop break
1/23/21 thread timer
1/23/23 loop start
1/23/23 loop break
1/23/23 thread timer
1/23/33 loop start
1/23/33 loop break
1/23/33 thread timer
1/23/22 loop start
1/23/22 loop break
1/23/22 thread timer
1/23 timer0
1/23 timer1
1/23 timer2
1/23 timer3
1/23 timer done
./integ_temp/h2_trimer_631g/int_h2_trimer_631g_mono_0_23_0.dat -> 65 eris
./integ_temp/h2_trimer_631g/int_h2_trimer_631g_mono_1_23_0.dat -> 65 eris
./integ_temp/h2_trimer_631g/int_h2_trimer_631g_mono_2_23_0.dat -> 65 eris
pyscript : VQE for ./integ_temp/h2_trimer_631g/int_h2_trimer_631g_mono_2_23_0.dat spawned.
pyscript : VQE for ./integ_temp/h2_trimer_631g/int_h2_trimer_631g_mono_0_23_0.dat spawned.
pyscript : VQE for ./integ_temp/h2_trimer_631g/int_h2_trimer_631g_mono_1_23_0.dat spawned.
pyscript : output ./result_temp/h2_trimer_631g/res_h2_trimer_631g_mono_1_23_0.dat Generated.
it=23	mon=[1]	energy=-1.360697
pyscript : output ./result_temp/h2_trimer_631g/res_h2_trimer_631g_mono_2_23_0.dat Generated.
it=23	mon=[2]	energy=-1.232596
pyscript : output ./result_temp/h2_trimer_631g/res_h2_trimer_631g_mono_0_23_0.dat Generated.
it=23	mon=[0]	energy=-1.159555
##SCC itera=23  conv=7  energy =      -3.75284808  energy0 =      -3.44336643  ( 138.017961 )
1/24/35 loop start
1/24 init_density_loop3_0
1/24/35 loop break
1/24/35 thread timer
1/24/1 loop start
1/24/1 loop break
1/24/1 thread timer
1/24/30 loop start
1/24/30 loop break
1/24/30 thread timer
1/24/11 loop start
1/24/11 loop break
1/24/11 thread timer
1/24/19 loop start
1/24/19 loop break
1/24/19 thread timer
1/24/37 loop start
1/24/37 loop break
1/24/37 thread timer
1/24/7 loop start
1/24/7 loop break
1/24/7 thread timer
1/24/2 loop start
1/24/2 loop break
1/24/2 thread timer
1/24/27 loop start
1/24/27 loop break
1/24/27 thread timer
1/24/31 loop start
1/24/31 loop break
1/24/31 thread timer
1/24/21 loop start
1/24/21 loop break
1/24/21 thread timer
1/24/6 loop start
1/24/6 loop break
1/24/6 thread timer
1/24/10 loop start
1/24/10 loop break
1/24/10 thread timer
1/24/24 loop start
1/24/24 loop break
1/24/24 thread timer
1/24/23 loop start
1/24/23 loop break
1/24/23 thread timer
1/24/25 loop start
1/24/25 loop break
1/24/25 thread timer
1/24/32 loop start
1/24/32 loop break
1/24/32 thread timer
1/24/46 loop start
1/24/46 loop break
1/24/46 thread timer
1/24/12 loop start
1/24/12 loop break
1/24/12 thread timer
1/24/29 loop start
1/24/29 loop break
1/24/29 thread timer
1/24/38 loop start
1/24/38 loop break
1/24/38 thread timer
1/24/18 loop start
1/24/18 loop break
1/24/18 thread timer
1/24/36 loop start
1/24/36 loop break
1/24/36 thread timer
1/24/39 loop start
1/24/39 loop break
1/24/39 thread timer
1/24/4 loop start
1/24/4 loop break
1/24/4 thread timer
1/24/8 loop start
1/24/8 loop break
1/24/8 thread timer
1/24/47 loop start
1/24/47 loop break
1/24/47 thread timer
1/24/22 loop start
1/24/22 loop break
1/24/22 thread timer
1/24/28 loop start
1/24/28 loop break
1/24/28 thread timer
1/24/41 loop start
1/24/41 loop break
1/24/41 thread timer
1/24/16 loop start
1/24/16 loop break
1/24/16 thread timer
1/24/45 loop start
1/24/45 loop break
1/24/45 thread timer
1/24/3 loop start
1/24/3 loop break
1/24/3 thread timer
1/24/44 loop start
1/24/44 loop break
1/24/44 thread timer
1/24/43 loop start
1/24/43 loop break
1/24/43 thread timer
1/24/17 loop start
1/24/17 loop break
1/24/17 thread timer
1/24/14 loop start
1/24/14 loop break
1/24/14 thread timer
1/24/9 loop start
1/24/9 loop break
1/24/9 thread timer
1/24/40 loop start
1/24/40 loop break
1/24/40 thread timer
1/24/33 loop start
1/24/33 loop break
1/24/33 thread timer
1/24/0 loop start
1/24 init_density_loop0_0
1/24 init_density_loop1_1
1/24 init_density_loop2_2
1/24/0 loop break
1/24/0 thread timer
1/24/34 loop start
1/24/34 loop break
1/24/34 thread timer
1/24/15 loop start
1/24/15 loop break
1/24/15 thread timer
1/24/5 loop start
1/24/5 loop break
1/24/5 thread timer
1/24/26 loop start
1/24/26 loop break
1/24/26 thread timer
1/24/20 loop start
1/24/20 loop break
1/24/20 thread timer
1/24/13 loop start
1/24/13 loop break
1/24/13 thread timer
1/24/42 loop start
1/24/42 loop break
1/24/42 thread timer
1/24 timer0
1/24 timer1
1/24 timer2
1/24 timer3
1/24 timer done
./integ_temp/h2_trimer_631g/int_h2_trimer_631g_mono_2_24_0.dat -> 65 eris
./integ_temp/h2_trimer_631g/int_h2_trimer_631g_mono_1_24_0.dat -> 65 eris
./integ_temp/h2_trimer_631g/int_h2_trimer_631g_mono_0_24_0.dat -> 65 eris
pyscript : VQE for ./integ_temp/h2_trimer_631g/int_h2_trimer_631g_mono_1_24_0.dat spawned.
pyscript : VQE for ./integ_temp/h2_trimer_631g/int_h2_trimer_631g_mono_0_24_0.dat spawned.
pyscript : VQE for ./integ_temp/h2_trimer_631g/int_h2_trimer_631g_mono_2_24_0.dat spawned.
