Will Run VQE
ngroup       = 3
nioprocs     = 1
niogroup     = 1
nmaxprocs    = 5
group size   = 1
# of threads = 48
nintic       = 2048
input file name       = ./samples/H2_trimer.inp
prefix of output file = 
local input dir.      = ./
# of total invoked procs = 5 (=1iog*1iop+1+3gr*1pr)
master host name = gwonhaklee-System-Product-Name
-----------------------------------------------------
 # of data = 11
nfrag = 3
##T                  Finish Initialization : lap time=   0.000116 ( total etime=   0.000116 )
****** LIST OF HOST NAME (MSERV(ID=0))******
rank=  0 : gwonhaklee-System-Product-Name
********************************
##T        Finish to Create Memory Servers : lap time=   0.047360 ( total etime=   0.047499 )
****** LIST OF HOST NAME (WORKER(ID=0)) ******
rank=  0 : gwonhaklee-System-Product-Name
********************************
****** LIST OF HOST NAME (WORKER(ID=1)) ******
rank=  0 : gwonhaklee-System-Product-Name
********************************
****** LIST OF HOST NAME (WORKER(ID=2)) ******
rank=  0 : gwonhaklee-System-Product-Name
********************************
##T               Finish to Create Workers : lap time=   0.153909 ( total etime=   0.201421 )
##T     Finish to Connect Mservs & Workers : lap time=   0.019165 ( total etime=   0.220597 )
calc. inter-frag distance list = 1
##T    Finish to Calculate Initial Density : lap time=   0.001164 ( total etime=   0.222179 )
---- start SCC (maxscc=30, sccconv=7) ----
1/1 init_density_loop_0
./integ_temp/h2_trimer/int_h2_trimer_mono_1_1_0.dat -> 7 eris
./integ_temp/h2_trimer/int_h2_trimer_mono_0_1_0.dat -> 7 eris
./integ_temp/h2_trimer/int_h2_trimer_mono_2_1_0.dat -> 7 eris
pyscript : VQE for ./integ_temp/h2_trimer/int_h2_trimer_mono_1_1_0.dat spawned.
pyscript : VQE for ./integ_temp/h2_trimer/int_h2_trimer_mono_2_1_0.dat spawned.
pyscript : VQE for ./integ_temp/h2_trimer/int_h2_trimer_mono_0_1_0.dat spawned.
pyscript : output ./result_temp/h2_trimer/res_h2_trimer_mono_1_1_0.dat Generated.
pyscript : output ./result_temp/h2_trimer/res_h2_trimer_mono_0_1_0.dat Generated.
pyscript : output ./result_temp/h2_trimer/res_h2_trimer_mono_2_1_0.dat Generated.
it=1	mon=[1]	energy=-1.670937
it=1	mon=[0]	energy=-1.187435
it=1	mon=[2]	energy=-1.187435
##SCC itera= 1  conv=2  energy =      -4.04580693  energy0 =      -3.40145183  (   5.007586 )
1/2 init_density_loop_0
./integ_temp/h2_trimer/int_h2_trimer_mono_2_2_0.dat -> 7 eris
./integ_temp/h2_trimer/int_h2_trimer_mono_1_2_0.dat -> 7 eris
./integ_temp/h2_trimer/int_h2_trimer_mono_0_2_0.dat -> 7 eris
pyscript : VQE for ./integ_temp/h2_trimer/int_h2_trimer_mono_2_2_0.dat spawned.
pyscript : VQE for ./integ_temp/h2_trimer/int_h2_trimer_mono_1_2_0.dat spawned.
pyscript : VQE for ./integ_temp/h2_trimer/int_h2_trimer_mono_0_2_0.dat spawned.
pyscript : output ./result_temp/h2_trimer/res_h2_trimer_mono_1_2_0.dat Generated.
pyscript : output ./result_temp/h2_trimer/res_h2_trimer_mono_0_2_0.dat Generated.
pyscript : output ./result_temp/h2_trimer/res_h2_trimer_mono_2_2_0.dat Generated.
it=2	mon=[2]	energy=-1.222681
it=2	mon=[1]	energy=-1.705534
it=2	mon=[0]	energy=-1.140748
##SCC itera= 2  conv=2  energy =      -4.06896313  energy0 =      -3.39887918  (   5.006660 )
1/3 init_density_loop_0
./integ_temp/h2_trimer/int_h2_trimer_mono_2_3_0.dat -> 7 eris
./integ_temp/h2_trimer/int_h2_trimer_mono_0_3_0.dat -> 7 eris
./integ_temp/h2_trimer/int_h2_trimer_mono_1_3_0.dat -> 7 eris
pyscript : VQE for ./integ_temp/h2_trimer/int_h2_trimer_mono_1_3_0.dat spawned.
pyscript : VQE for ./integ_temp/h2_trimer/int_h2_trimer_mono_0_3_0.dat spawned.
pyscript : VQE for ./integ_temp/h2_trimer/int_h2_trimer_mono_2_3_0.dat spawned.
pyscript : output ./result_temp/h2_trimer/res_h2_trimer_mono_1_3_0.dat Generated.
pyscript : output ./result_temp/h2_trimer/res_h2_trimer_mono_2_3_0.dat Generated.
pyscript : output ./result_temp/h2_trimer/res_h2_trimer_mono_0_3_0.dat Generated.
it=3	mon=[2]	energy=-1.231050
it=3	mon=[0]	energy=-1.132538
it=3	mon=[1]	energy=-1.689492
##SCC itera= 3  conv=4  energy =      -4.05308073  energy0 =      -3.39875566  (   5.011889 )
1/4 init_density_loop_0
./integ_temp/h2_trimer/int_h2_trimer_mono_2_4_0.dat -> 7 eris
./integ_temp/h2_trimer/int_h2_trimer_mono_0_4_0.dat -> 7 eris
./integ_temp/h2_trimer/int_h2_trimer_mono_1_4_0.dat -> 7 eris
pyscript : VQE for ./integ_temp/h2_trimer/int_h2_trimer_mono_2_4_0.dat spawned.
pyscript : VQE for ./integ_temp/h2_trimer/int_h2_trimer_mono_0_4_0.dat spawned.
pyscript : VQE for ./integ_temp/h2_trimer/int_h2_trimer_mono_1_4_0.dat spawned.
pyscript : output ./result_temp/h2_trimer/res_h2_trimer_mono_1_4_0.dat Generated.
pyscript : output ./result_temp/h2_trimer/res_h2_trimer_mono_0_4_0.dat Generated.
pyscript : output ./result_temp/h2_trimer/res_h2_trimer_mono_2_4_0.dat Generated.
it=4	mon=[2]	energy=-1.231338
it=4	mon=[0]	energy=-1.132264
it=4	mon=[1]	energy=-1.686403
##SCC itera= 4  conv=4  energy =      -4.05000569  energy0 =      -3.39874766  (   5.009717 )
1/5 init_density_loop_0
./integ_temp/h2_trimer/int_h2_trimer_mono_2_5_0.dat -> 7 eris
./integ_temp/h2_trimer/int_h2_trimer_mono_0_5_0.dat -> 7 eris
./integ_temp/h2_trimer/int_h2_trimer_mono_1_5_0.dat -> 7 eris
pyscript : VQE for ./integ_temp/h2_trimer/int_h2_trimer_mono_2_5_0.dat spawned.
pyscript : VQE for ./integ_temp/h2_trimer/int_h2_trimer_mono_1_5_0.dat spawned.
pyscript : VQE for ./integ_temp/h2_trimer/int_h2_trimer_mono_0_5_0.dat spawned.
pyscript : output ./result_temp/h2_trimer/res_h2_trimer_mono_1_5_0.dat Generated.
it=5	mon=[1]	energy=-1.686310
pyscript : output ./result_temp/h2_trimer/res_h2_trimer_mono_0_5_0.dat Generated.
pyscript : output ./result_temp/h2_trimer/res_h2_trimer_mono_2_5_0.dat Generated.
it=5	mon=[2]	energy=-1.231356
it=5	mon=[0]	energy=-1.132239
##SCC itera= 5  conv=6  energy =      -4.04990547  energy0 =      -3.39704145  (   5.010887 )
1/6 init_density_loop_0
./integ_temp/h2_trimer/int_h2_trimer_mono_1_6_0.dat -> 7 eris
./integ_temp/h2_trimer/int_h2_trimer_mono_0_6_0.dat -> 7 eris
./integ_temp/h2_trimer/int_h2_trimer_mono_2_6_0.dat -> 7 eris
pyscript : VQE for ./integ_temp/h2_trimer/int_h2_trimer_mono_0_6_0.dat spawned.
pyscript : VQE for ./integ_temp/h2_trimer/int_h2_trimer_mono_2_6_0.dat spawned.
pyscript : VQE for ./integ_temp/h2_trimer/int_h2_trimer_mono_1_6_0.dat spawned.
pyscript : output ./result_temp/h2_trimer/res_h2_trimer_mono_2_6_0.dat Generated.
pyscript : output ./result_temp/h2_trimer/res_h2_trimer_mono_1_6_0.dat Generated.
pyscript : output ./result_temp/h2_trimer/res_h2_trimer_mono_0_6_0.dat Generated.
it=6	mon=[1]	energy=-1.686310
it=6	mon=[0]	energy=-1.132237
it=6	mon=[2]	energy=-1.231390
##SCC itera= 6  conv=6  energy =      -4.04993693  energy0 =      -3.39874473  (   5.010791 )
1/7 init_density_loop_0
./integ_temp/h2_trimer/int_h2_trimer_mono_1_7_0.dat -> 7 eris
./integ_temp/h2_trimer/int_h2_trimer_mono_0_7_0.dat -> 7 eris
./integ_temp/h2_trimer/int_h2_trimer_mono_2_7_0.dat -> 7 eris
pyscript : VQE for ./integ_temp/h2_trimer/int_h2_trimer_mono_1_7_0.dat spawned.
pyscript : VQE for ./integ_temp/h2_trimer/int_h2_trimer_mono_0_7_0.dat spawned.
pyscript : VQE for ./integ_temp/h2_trimer/int_h2_trimer_mono_2_7_0.dat spawned.
pyscript : output ./result_temp/h2_trimer/res_h2_trimer_mono_1_7_0.dat Generated.
pyscript : output ./result_temp/h2_trimer/res_h2_trimer_mono_0_7_0.dat Generated.
it=7	mon=[1]	energy=-1.686237
it=7	mon=[0]	energy=-1.132239
pyscript : output ./result_temp/h2_trimer/res_h2_trimer_mono_2_7_0.dat Generated.
it=7	mon=[2]	energy=-1.231362
##SCC itera= 7  conv=6  energy =      -4.04983769  energy0 =      -3.39698109  (   5.011548 )
1/8 init_density_loop_0
./integ_temp/h2_trimer/int_h2_trimer_mono_1_8_0.dat -> 7 eris
./integ_temp/h2_trimer/int_h2_trimer_mono_0_8_0.dat -> 7 eris
./integ_temp/h2_trimer/int_h2_trimer_mono_2_8_0.dat -> 7 eris
pyscript : VQE for ./integ_temp/h2_trimer/int_h2_trimer_mono_1_8_0.dat spawned.
pyscript : VQE for ./integ_temp/h2_trimer/int_h2_trimer_mono_2_8_0.dat spawned.
pyscript : VQE for ./integ_temp/h2_trimer/int_h2_trimer_mono_0_8_0.dat spawned.
pyscript : output ./result_temp/h2_trimer/res_h2_trimer_mono_0_8_0.dat Generated.
it=8	mon=[0]	energy=-1.132239
pyscript : output ./result_temp/h2_trimer/res_h2_trimer_mono_1_8_0.dat Generated.
pyscript : output ./result_temp/h2_trimer/res_h2_trimer_mono_2_8_0.dat Generated.
it=8	mon=[1]	energy=-1.686304
it=8	mon=[2]	energy=-1.231386
##SCC itera= 8  conv=7  energy =      -4.04992843  energy0 =      -3.39868191  (   5.012225 )
1/9 init_density_loop_0
./integ_temp/h2_trimer/int_h2_trimer_mono_0_9_0.dat -> 7 eris
./integ_temp/h2_trimer/int_h2_trimer_mono_1_9_0.dat -> 7 eris
./integ_temp/h2_trimer/int_h2_trimer_mono_2_9_0.dat -> 7 eris
pyscript : VQE for ./integ_temp/h2_trimer/int_h2_trimer_mono_2_9_0.dat spawned.
pyscript : VQE for ./integ_temp/h2_trimer/int_h2_trimer_mono_1_9_0.dat spawned.
pyscript : VQE for ./integ_temp/h2_trimer/int_h2_trimer_mono_0_9_0.dat spawned.
pyscript : output ./result_temp/h2_trimer/res_h2_trimer_mono_0_9_0.dat Generated.
it=9	mon=[0]	energy=-1.132239
pyscript : output ./result_temp/h2_trimer/res_h2_trimer_mono_1_9_0.dat Generated.
pyscript : output ./result_temp/h2_trimer/res_h2_trimer_mono_2_9_0.dat Generated.
it=9	mon=[1]	energy=-1.686302
it=9	mon=[2]	energy=-1.231362
##SCC itera= 9  conv=7  energy =      -4.04990272  energy0 =      -3.39868396  (   5.011946 )
1/10 init_density_loop_0
./integ_temp/h2_trimer/int_h2_trimer_mono_0_10_0.dat -> 7 eris
./integ_temp/h2_trimer/int_h2_trimer_mono_1_10_0.dat -> 7 eris
./integ_temp/h2_trimer/int_h2_trimer_mono_2_10_0.dat -> 7 eris
pyscript : VQE for ./integ_temp/h2_trimer/int_h2_trimer_mono_0_10_0.dat spawned.
pyscript : VQE for ./integ_temp/h2_trimer/int_h2_trimer_mono_2_10_0.dat spawned.
pyscript : VQE for ./integ_temp/h2_trimer/int_h2_trimer_mono_1_10_0.dat spawned.
pyscript : output ./result_temp/h2_trimer/res_h2_trimer_mono_0_10_0.dat Generated.
it=10	mon=[0]	energy=-1.132241
pyscript : output ./result_temp/h2_trimer/res_h2_trimer_mono_2_10_0.dat Generated.
pyscript : output ./result_temp/h2_trimer/res_h2_trimer_mono_1_10_0.dat Generated.
it=10	mon=[2]	energy=-1.231362
it=10	mon=[1]	energy=-1.686304
##SCC itera=10  conv=7  energy =      -4.04990677  energy0 =      -3.39868221  (   5.012338 )
1/11 init_density_loop_0
./integ_temp/h2_trimer/int_h2_trimer_mono_1_11_0.dat -> 7 eris
./integ_temp/h2_trimer/int_h2_trimer_mono_0_11_0.dat -> 7 eris
./integ_temp/h2_trimer/int_h2_trimer_mono_2_11_0.dat -> 7 eris
pyscript : VQE for ./integ_temp/h2_trimer/int_h2_trimer_mono_1_11_0.dat spawned.
pyscript : VQE for ./integ_temp/h2_trimer/int_h2_trimer_mono_0_11_0.dat spawned.
pyscript : VQE for ./integ_temp/h2_trimer/int_h2_trimer_mono_2_11_0.dat spawned.
pyscript : output ./result_temp/h2_trimer/res_h2_trimer_mono_0_11_0.dat Generated.
it=11	mon=[0]	energy=-1.132241
pyscript : output ./result_temp/h2_trimer/res_h2_trimer_mono_1_11_0.dat Generated.
pyscript : output ./result_temp/h2_trimer/res_h2_trimer_mono_2_11_0.dat Generated.
it=11	mon=[1]	energy=-1.686305
it=11	mon=[2]	energy=-1.231362
##SCC itera=11  conv=7  energy =      -4.04990802  energy0 =      -3.39868366  (   5.011571 )
1/12 init_density_loop_0
./integ_temp/h2_trimer/int_h2_trimer_mono_0_12_0.dat -> 7 eris
./integ_temp/h2_trimer/int_h2_trimer_mono_1_12_0.dat -> 7 eris
./integ_temp/h2_trimer/int_h2_trimer_mono_2_12_0.dat -> 7 eris
pyscript : VQE for ./integ_temp/h2_trimer/int_h2_trimer_mono_1_12_0.dat spawned.
pyscript : VQE for ./integ_temp/h2_trimer/int_h2_trimer_mono_0_12_0.dat spawned.
pyscript : VQE for ./integ_temp/h2_trimer/int_h2_trimer_mono_2_12_0.dat spawned.
pyscript : output ./result_temp/h2_trimer/res_h2_trimer_mono_2_12_0.dat Generated.
pyscript : output ./result_temp/h2_trimer/res_h2_trimer_mono_1_12_0.dat Generated.
pyscript : output ./result_temp/h2_trimer/res_h2_trimer_mono_0_12_0.dat Generated.
it=12	mon=[0]	energy=-1.132112
it=12	mon=[1]	energy=-1.686304
it=12	mon=[2]	energy=-1.231491
##SCC itera=12  conv=7  energy =      -4.04990636  energy0 =      -3.39874474  (   5.011469 )
1/13 init_density_loop_0
./integ_temp/h2_trimer/int_h2_trimer_mono_2_13_0.dat -> 7 eris
./integ_temp/h2_trimer/int_h2_trimer_mono_0_13_0.dat -> 7 eris
./integ_temp/h2_trimer/int_h2_trimer_mono_1_13_0.dat -> 7 eris
pyscript : VQE for ./integ_temp/h2_trimer/int_h2_trimer_mono_1_13_0.dat spawned.
pyscript : VQE for ./integ_temp/h2_trimer/int_h2_trimer_mono_0_13_0.dat spawned.
pyscript : VQE for ./integ_temp/h2_trimer/int_h2_trimer_mono_2_13_0.dat spawned.
pyscript : output ./result_temp/h2_trimer/res_h2_trimer_mono_1_13_0.dat Generated.
it=13	mon=[1]	energy=-1.686193
pyscript : output ./result_temp/h2_trimer/res_h2_trimer_mono_0_13_0.dat Generated.
pyscript : output ./result_temp/h2_trimer/res_h2_trimer_mono_2_13_0.dat Generated.
it=13	mon=[0]	energy=-1.132238
it=13	mon=[2]	energy=-1.231366
##SCC itera=13  conv=7  energy =      -4.04979695  energy0 =      -3.39701368  (   5.012074 )
1/14 init_density_loop_0
./integ_temp/h2_trimer/int_h2_trimer_mono_0_14_0.dat -> 7 eris
./integ_temp/h2_trimer/int_h2_trimer_mono_1_14_0.dat -> 7 eris
./integ_temp/h2_trimer/int_h2_trimer_mono_2_14_0.dat -> 7 eris
pyscript : VQE for ./integ_temp/h2_trimer/int_h2_trimer_mono_1_14_0.dat spawned.
pyscript : VQE for ./integ_temp/h2_trimer/int_h2_trimer_mono_0_14_0.dat spawned.
pyscript : VQE for ./integ_temp/h2_trimer/int_h2_trimer_mono_2_14_0.dat spawned.
pyscript : output ./result_temp/h2_trimer/res_h2_trimer_mono_0_14_0.dat Generated.
it=14	mon=[0]	energy=-1.132239
pyscript : output ./result_temp/h2_trimer/res_h2_trimer_mono_2_14_0.dat Generated.
pyscript : output ./result_temp/h2_trimer/res_h2_trimer_mono_1_14_0.dat Generated.
it=14	mon=[1]	energy=-1.686308
it=14	mon=[2]	energy=-1.231386
##SCC itera=14  conv=7  energy =      -4.04993238  energy0 =      -3.39868366  (   5.012103 )
1/15 init_density_loop_0
./integ_temp/h2_trimer/int_h2_trimer_mono_0_15_0.dat -> 7 eris
./integ_temp/h2_trimer/int_h2_trimer_mono_1_15_0.dat -> 7 eris
./integ_temp/h2_trimer/int_h2_trimer_mono_2_15_0.dat -> 7 eris
pyscript : VQE for ./integ_temp/h2_trimer/int_h2_trimer_mono_2_15_0.dat spawned.
pyscript : VQE for ./integ_temp/h2_trimer/int_h2_trimer_mono_1_15_0.dat spawned.
pyscript : VQE for ./integ_temp/h2_trimer/int_h2_trimer_mono_0_15_0.dat spawned.
pyscript : output ./result_temp/h2_trimer/res_h2_trimer_mono_0_15_0.dat Generated.
it=15	mon=[0]	energy=-1.132239
pyscript : output ./result_temp/h2_trimer/res_h2_trimer_mono_2_15_0.dat Generated.
pyscript : output ./result_temp/h2_trimer/res_h2_trimer_mono_1_15_0.dat Generated.
it=15	mon=[1]	energy=-1.686302
it=15	mon=[2]	energy=-1.231362
##SCC itera=15  conv=7  energy =      -4.04990273  energy0 =      -3.39868397  (   5.011453 )
1/16 init_density_loop_0
./integ_temp/h2_trimer/int_h2_trimer_mono_0_16_0.dat -> 7 eris
./integ_temp/h2_trimer/int_h2_trimer_mono_1_16_0.dat -> 7 eris
./integ_temp/h2_trimer/int_h2_trimer_mono_2_16_0.dat -> 7 eris
pyscript : VQE for ./integ_temp/h2_trimer/int_h2_trimer_mono_1_16_0.dat spawned.
pyscript : VQE for ./integ_temp/h2_trimer/int_h2_trimer_mono_2_16_0.dat spawned.
pyscript : VQE for ./integ_temp/h2_trimer/int_h2_trimer_mono_0_16_0.dat spawned.
pyscript : output ./result_temp/h2_trimer/res_h2_trimer_mono_0_16_0.dat Generated.
it=16	mon=[0]	energy=-1.132241
pyscript : output ./result_temp/h2_trimer/res_h2_trimer_mono_1_16_0.dat Generated.
pyscript : output ./result_temp/h2_trimer/res_h2_trimer_mono_2_16_0.dat Generated.
it=16	mon=[1]	energy=-1.686304
it=16	mon=[2]	energy=-1.231362
##SCC itera=16  conv=7  energy =      -4.04990677  energy0 =      -3.39868221  (   5.013645 )
1/17 init_density_loop_0
./integ_temp/h2_trimer/int_h2_trimer_mono_0_17_0.dat -> 7 eris
./integ_temp/h2_trimer/int_h2_trimer_mono_1_17_0.dat -> 7 eris
./integ_temp/h2_trimer/int_h2_trimer_mono_2_17_0.dat -> 7 eris
pyscript : VQE for ./integ_temp/h2_trimer/int_h2_trimer_mono_0_17_0.dat spawned.
pyscript : VQE for ./integ_temp/h2_trimer/int_h2_trimer_mono_1_17_0.dat spawned.
pyscript : VQE for ./integ_temp/h2_trimer/int_h2_trimer_mono_2_17_0.dat spawned.
pyscript : output ./result_temp/h2_trimer/res_h2_trimer_mono_0_17_0.dat Generated.
it=17	mon=[0]	energy=-1.132241
pyscript : output ./result_temp/h2_trimer/res_h2_trimer_mono_2_17_0.dat Generated.
pyscript : output ./result_temp/h2_trimer/res_h2_trimer_mono_1_17_0.dat Generated.
it=17	mon=[1]	energy=-1.686304
it=17	mon=[2]	energy=-1.231362
##SCC itera=17  conv=7  energy =      -4.04990677  energy0 =      -3.39868414  (   5.013133 )
1/18 init_density_loop_0
./integ_temp/h2_trimer/int_h2_trimer_mono_0_18_0.dat -> 7 eris
./integ_temp/h2_trimer/int_h2_trimer_mono_2_18_0.dat -> 7 eris
./integ_temp/h2_trimer/int_h2_trimer_mono_1_18_0.dat -> 7 eris
pyscript : VQE for ./integ_temp/h2_trimer/int_h2_trimer_mono_1_18_0.dat spawned.
pyscript : VQE for ./integ_temp/h2_trimer/int_h2_trimer_mono_2_18_0.dat spawned.
pyscript : VQE for ./integ_temp/h2_trimer/int_h2_trimer_mono_0_18_0.dat spawned.
pyscript : output ./result_temp/h2_trimer/res_h2_trimer_mono_0_18_0.dat Generated.
it=18	mon=[0]	energy=-1.132241
pyscript : output ./result_temp/h2_trimer/res_h2_trimer_mono_1_18_0.dat Generated.
pyscript : output ./result_temp/h2_trimer/res_h2_trimer_mono_2_18_0.dat Generated.
it=18	mon=[2]	energy=-1.231362
it=18	mon=[1]	energy=-1.686304
##SCC itera=18  conv=7  energy =      -4.04990677  energy0 =      -3.39868414  (   5.011937 )
==== SCC converged ====
##T         ---- Finish SCC procedure ---- : lap time=  90.205466 ( total etime=  90.427656 )
1/130 init_density_loop_0
./integ_temp/h2_trimer/int_h2_trimer_dim_1_130_0.dat -> 65 eris
./integ_temp/h2_trimer/int_h2_trimer_dim_2_130_0.dat -> 65 eris
./integ_temp/h2_trimer/int_h2_trimer_dim_2_130_0.dat -> 65 eris
pyscript : VQE for ./integ_temp/h2_trimer/int_h2_trimer_dim_2_130_0.dat spawned.
pyscript : VQE for ./integ_temp/h2_trimer/int_h2_trimer_dim_1_130_0.dat spawned.
pyscript : VQE for ./integ_temp/h2_trimer/int_h2_trimer_dim_2_130_0.dat spawned.
