Will Run VQE
ofmo-init.c 72 @ofmo_get_basis_name: WARNING:basis set names are different between 6-31G* vs STO-3G
ngroup       = 3
nioprocs     = 1
niogroup     = 1
nmaxprocs    = 5
group size   = 1
# of threads = 24
nintic       = 2048
input file name       = ./samples/H2_trimer_rhf_631G.inp
prefix of output file = 
local input dir.      = ./
# of total invoked procs = 5 (=1iog*1iop+1+3gr*1pr)
master host name = gwonhaklee-System-Product-Name
-----------------------------------------------------
 # of data = 11
nfrag = 3
##T                  Finish Initialization : lap time=   0.000145 ( total etime=   0.000145 )
****** LIST OF HOST NAME (MSERV(ID=0))******
rank=  0 : gwonhaklee-System-Product-Name
********************************
##T        Finish to Create Memory Servers : lap time=   0.029661 ( total etime=   0.029811 )
****** LIST OF HOST NAME (WORKER(ID=0)) ******
rank=  0 : gwonhaklee-System-Product-Name
********************************
ofmo-init.c 72 @ofmo_get_basis_name: WARNING:basis set names are different between 6-31G* vs STO-3G
****** LIST OF HOST NAME (WORKER(ID=1)) ******
rank=  0 : gwonhaklee-System-Product-Name
********************************
ofmo-init.c 72 @ofmo_get_basis_name: WARNING:basis set names are different between 6-31G* vs STO-3G
****** LIST OF HOST NAME (WORKER(ID=2)) ******
rank=  0 : gwonhaklee-System-Product-Name
********************************
##T               Finish to Create Workers : lap time=   0.141096 ( total etime=   0.170919 )
ofmo-init.c 72 @ofmo_get_basis_name: WARNING:basis set names are different between 6-31G* vs STO-3G
##T     Finish to Connect Mservs & Workers : lap time=   0.026964 ( total etime=   0.197895 )
calc. inter-frag distance list = 2
##T    Finish to Calculate Initial Density : lap time=   0.000329 ( total etime=   0.198448 )
---- start SCC (maxscc=30, sccconv=7) ----
##SCC itera= 1  conv=2  energy =      -3.74887513  energy0 =      -3.36813469  (   0.000564 )
##SCC itera= 2  conv=2  energy =      -3.66056148  energy0 =      -3.36930784  (   0.000412 )
##SCC itera= 3  conv=4  energy =      -3.67465592  energy0 =      -3.36913142  (   0.000310 )
##SCC itera= 4  conv=4  energy =      -3.67263681  energy0 =      -3.36905068  (   0.000349 )
##SCC itera= 5  conv=6  energy =      -3.67270480  energy0 =      -3.36902632  (   0.000327 )
##SCC itera= 6  conv=6  energy =      -3.67258962  energy0 =      -3.36902039  (   0.000305 )
##SCC itera= 7  conv=6  energy =      -3.67258430  energy0 =      -3.36901892  (   0.000298 )
##SCC itera= 8  conv=7  energy =      -3.67257869  energy0 =      -3.36901856  (   0.000347 )
##SCC itera= 9  conv=7  energy =      -3.67257808  energy0 =      -3.36901847  (   0.000304 )
==== SCC converged ====
##T         ---- Finish SCC procedure ---- : lap time=   0.004254 ( total etime=   0.202708 )
# E=    -2.2323370265 E-DV=    -2.2043682103 DV=    -0.0279688161 DDV=    -0.0035837550
# E=    -2.3690104366 E-DV=    -2.2448250395 DV=    -0.1241853971 DDV=    -0.0008644087
# E=    -2.2170652403 E-DV=    -2.2048490563 DV=    -0.0122161839 DDV=    -0.0136223740
##T    ---- Finish to Calc. Dimer SCF ---- : lap time=   0.190325 ( total etime=   0.393039 )
       ( # of scf dimer = 3 )
        dE0(SCF dimer) =       0.06592409
##T     ---- Finish to Calc. ES Dimer ---- : lap time=   0.000063 ( total etime=   0.393113 )
    (# of ES dimer = 0)
    dE0(ES dimer) =       0.00000000
    total energy(FMO) =      -3.30309437
##T  -- All workers have been destroyed -- : lap time=   0.000031 ( total etime=   0.393148 )
---- ATOMIC POPULATION DATA -----
   SN AN  ATOMIC POP  NET CHARGE
---------------------------------
    1  1       0.896       0.104
    2  1       1.142      -0.142
    3  1       0.805       0.195
    4  1       1.120      -0.120
    5  1       1.146      -0.146
    6  1       0.892       0.108
---------------------------------
total charge =      0.000
---------------------------------
##T    -- calc AO and atomic population -- : lap time=   0.000071 ( total etime=   0.393223 )
##T   -- All mservs have been destroyed -- : lap time=   0.000010 ( total etime=   0.393236 )
