Will Run VQE
ngroup       = 3
nioprocs     = 1
niogroup     = 1
nmaxprocs    = 5
group size   = 1
# of threads = 48
nintic       = 2048
input file name       = ./samples/H2_trimer.inp
prefix of output file = 
local input dir.      = ./
# of total invoked procs = 5 (=1iog*1iop+1+3gr*1pr)
master host name = gwonhaklee-System-Product-Name
-----------------------------------------------------
 # of data = 11
nfrag = 3
##T                  Finish Initialization : lap time=   0.000116 ( total etime=   0.000116 )
****** LIST OF HOST NAME (MSERV(ID=0))******
rank=  0 : gwonhaklee-System-Product-Name
********************************
##T        Finish to Create Memory Servers : lap time=   0.048305 ( total etime=   0.048441 )
****** LIST OF HOST NAME (WORKER(ID=0)) ******
rank=  0 : gwonhaklee-System-Product-Name
********************************
****** LIST OF HOST NAME (WORKER(ID=1)) ******
rank=  0 : gwonhaklee-System-Product-Name
********************************
****** LIST OF HOST NAME (WORKER(ID=2)) ******
rank=  0 : gwonhaklee-System-Product-Name
********************************
##T               Finish to Create Workers : lap time=   0.152690 ( total etime=   0.201141 )
##T     Finish to Connect Mservs & Workers : lap time=   0.017038 ( total etime=   0.218197 )
calc. inter-frag distance list = 2
##T    Finish to Calculate Initial Density : lap time=   0.000883 ( total etime=   0.219286 )
---- start SCC (maxscc=30, sccconv=7) ----
./integ_temp/h2_trimer/int_mono_h2_trimer_0_1_0.dat -> 7 eris
./integ_temp/h2_trimer/int_mono_h2_trimer_1_1_0.dat -> 7 eris
./integ_temp/h2_trimer/int_mono_h2_trimer_2_1_0.dat -> 7 eris
pyscript : VQE for ./integ_temp/h2_trimer/int_mono_h2_trimer_0_1_0.dat spawned.
pyscript : VQE for ./integ_temp/h2_trimer/int_mono_h2_trimer_2_1_0.dat spawned.
pyscript : VQE for ./integ_temp/h2_trimer/int_mono_h2_trimer_1_1_0.dat spawned.
pyscript : output ./result_temp/h2_trimer/res_mono_h2_trimer_1_1_0.dat Generated.
pyscript : output ./result_temp/h2_trimer/res_mono_h2_trimer_0_1_0.dat Generated.
pyscript : output ./result_temp/h2_trimer/res_mono_h2_trimer_2_1_0.dat Generated.
it=1	mon=[0]	energy=-1.187435
it=1	mon=[1]	energy=-1.670937
it=1	mon=[2]	energy=-1.187435
##SCC itera= 1  conv=2  energy =      -4.04580693  energy0 =      -3.40145183  (   5.005596 )
./integ_temp/h2_trimer/int_mono_h2_trimer_0_2_0.dat -> 7 eris
./integ_temp/h2_trimer/int_mono_h2_trimer_1_2_0.dat -> 7 eris
./integ_temp/h2_trimer/int_mono_h2_trimer_2_2_0.dat -> 7 eris
pyscript : VQE for ./integ_temp/h2_trimer/int_mono_h2_trimer_2_2_0.dat spawned.
pyscript : VQE for ./integ_temp/h2_trimer/int_mono_h2_trimer_0_2_0.dat spawned.
pyscript : VQE for ./integ_temp/h2_trimer/int_mono_h2_trimer_1_2_0.dat spawned.
pyscript : output ./result_temp/h2_trimer/res_mono_h2_trimer_1_2_0.dat Generated.
pyscript : output ./result_temp/h2_trimer/res_mono_h2_trimer_0_2_0.dat Generated.
pyscript : output ./result_temp/h2_trimer/res_mono_h2_trimer_2_2_0.dat Generated.
it=2	mon=[0]	energy=-1.140748
it=2	mon=[1]	energy=-1.705534
it=2	mon=[2]	energy=-1.222681
##SCC itera= 2  conv=2  energy =      -4.06896313  energy0 =      -3.39887918  (   5.008888 )
./integ_temp/h2_trimer/int_mono_h2_trimer_0_3_0.dat -> 7 eris
./integ_temp/h2_trimer/int_mono_h2_trimer_2_3_0.dat -> 7 eris
./integ_temp/h2_trimer/int_mono_h2_trimer_1_3_0.dat -> 7 eris
pyscript : VQE for ./integ_temp/h2_trimer/int_mono_h2_trimer_2_3_0.dat spawned.
pyscript : VQE for ./integ_temp/h2_trimer/int_mono_h2_trimer_1_3_0.dat spawned.
pyscript : VQE for ./integ_temp/h2_trimer/int_mono_h2_trimer_0_3_0.dat spawned.
pyscript : output ./result_temp/h2_trimer/res_mono_h2_trimer_1_3_0.dat Generated.
pyscript : output ./result_temp/h2_trimer/res_mono_h2_trimer_2_3_0.dat Generated.
pyscript : output ./result_temp/h2_trimer/res_mono_h2_trimer_0_3_0.dat Generated.
it=3	mon=[0]	energy=-1.132537
it=3	mon=[2]	energy=-1.231050
it=3	mon=[1]	energy=-1.689492
##SCC itera= 3  conv=4  energy =      -4.05307934  energy0 =      -3.39875443  (   5.011827 )
./integ_temp/h2_trimer/int_mono_h2_trimer_2_4_0.dat -> 7 eris
./integ_temp/h2_trimer/int_mono_h2_trimer_0_4_0.dat -> 7 eris
./integ_temp/h2_trimer/int_mono_h2_trimer_1_4_0.dat -> 7 eris
pyscript : VQE for ./integ_temp/h2_trimer/int_mono_h2_trimer_2_4_0.dat spawned.
pyscript : VQE for ./integ_temp/h2_trimer/int_mono_h2_trimer_1_4_0.dat spawned.
pyscript : VQE for ./integ_temp/h2_trimer/int_mono_h2_trimer_0_4_0.dat spawned.
pyscript : output ./result_temp/h2_trimer/res_mono_h2_trimer_1_4_0.dat Generated.
pyscript : output ./result_temp/h2_trimer/res_mono_h2_trimer_2_4_0.dat Generated.
pyscript : output ./result_temp/h2_trimer/res_mono_h2_trimer_0_4_0.dat Generated.
it=4	mon=[2]	energy=-1.231344
it=4	mon=[0]	energy=-1.132265
it=4	mon=[1]	energy=-1.686367
##SCC itera= 4  conv=4  energy =      -4.04997516  energy0 =      -3.39874742  (   5.006520 )
./integ_temp/h2_trimer/int_mono_h2_trimer_1_5_0.dat -> 7 eris
./integ_temp/h2_trimer/int_mono_h2_trimer_2_5_0.dat -> 7 eris
./integ_temp/h2_trimer/int_mono_h2_trimer_0_5_0.dat -> 7 eris
pyscript : VQE for ./integ_temp/h2_trimer/int_mono_h2_trimer_2_5_0.dat spawned.
pyscript : VQE for ./integ_temp/h2_trimer/int_mono_h2_trimer_0_5_0.dat spawned.
pyscript : VQE for ./integ_temp/h2_trimer/int_mono_h2_trimer_1_5_0.dat spawned.
pyscript : output ./result_temp/h2_trimer/res_mono_h2_trimer_2_5_0.dat Generated.
pyscript : output ./result_temp/h2_trimer/res_mono_h2_trimer_0_5_0.dat Generated.
pyscript : output ./result_temp/h2_trimer/res_mono_h2_trimer_1_5_0.dat Generated.
it=5	mon=[1]	energy=-1.686295
it=5	mon=[2]	energy=-1.231398
it=5	mon=[0]	energy=-1.132196
##SCC itera= 5  conv=6  energy =      -4.04988776  energy0 =      -3.39874226  (   5.011941 )
./integ_temp/h2_trimer/int_mono_h2_trimer_2_6_0.dat -> 7 eris
./integ_temp/h2_trimer/int_mono_h2_trimer_1_6_0.dat -> 7 eris
./integ_temp/h2_trimer/int_mono_h2_trimer_0_6_0.dat -> 7 eris
pyscript : VQE for ./integ_temp/h2_trimer/int_mono_h2_trimer_1_6_0.dat spawned.
pyscript : VQE for ./integ_temp/h2_trimer/int_mono_h2_trimer_0_6_0.dat spawned.
pyscript : VQE for ./integ_temp/h2_trimer/int_mono_h2_trimer_2_6_0.dat spawned.
pyscript : output ./result_temp/h2_trimer/res_mono_h2_trimer_2_6_0.dat Generated.
it=6	mon=[2]	energy=-1.231355
pyscript : output ./result_temp/h2_trimer/res_mono_h2_trimer_1_6_0.dat Generated.
pyscript : output ./result_temp/h2_trimer/res_mono_h2_trimer_0_6_0.dat Generated.
it=6	mon=[1]	energy=-1.686296
it=6	mon=[0]	energy=-1.132235
##SCC itera= 6  conv=6  energy =      -4.04988585  energy0 =      -3.39836567  (   5.011438 )
./integ_temp/h2_trimer/int_mono_h2_trimer_2_7_0.dat -> 7 eris
./integ_temp/h2_trimer/int_mono_h2_trimer_0_7_0.dat -> 7 eris
./integ_temp/h2_trimer/int_mono_h2_trimer_1_7_0.dat -> 7 eris
pyscript : VQE for ./integ_temp/h2_trimer/int_mono_h2_trimer_2_7_0.dat spawned.
pyscript : VQE for ./integ_temp/h2_trimer/int_mono_h2_trimer_1_7_0.dat spawned.
pyscript : VQE for ./integ_temp/h2_trimer/int_mono_h2_trimer_0_7_0.dat spawned.
pyscript : output ./result_temp/h2_trimer/res_mono_h2_trimer_0_7_0.dat Generated.
it=7	mon=[0]	energy=-1.132239
pyscript : output ./result_temp/h2_trimer/res_mono_h2_trimer_1_7_0.dat Generated.
pyscript : output ./result_temp/h2_trimer/res_mono_h2_trimer_2_7_0.dat Generated.
it=7	mon=[2]	energy=-1.231363
it=7	mon=[1]	energy=-1.686310
##SCC itera= 7  conv=6  energy =      -4.04991193  energy0 =      -3.39868383  (   5.011421 )
./integ_temp/h2_trimer/int_mono_h2_trimer_0_8_0.dat -> 7 eris
./integ_temp/h2_trimer/int_mono_h2_trimer_2_8_0.dat -> 7 eris
./integ_temp/h2_trimer/int_mono_h2_trimer_1_8_0.dat -> 7 eris
pyscript : VQE for ./integ_temp/h2_trimer/int_mono_h2_trimer_0_8_0.dat spawned.
pyscript : VQE for ./integ_temp/h2_trimer/int_mono_h2_trimer_1_8_0.dat spawned.
pyscript : VQE for ./integ_temp/h2_trimer/int_mono_h2_trimer_2_8_0.dat spawned.
pyscript : output ./result_temp/h2_trimer/res_mono_h2_trimer_2_8_0.dat Generated.
pyscript : output ./result_temp/h2_trimer/res_mono_h2_trimer_1_8_0.dat Generated.
pyscript : output ./result_temp/h2_trimer/res_mono_h2_trimer_0_8_0.dat Generated.
it=8	mon=[0]	energy=-1.132233
it=8	mon=[2]	energy=-1.231362
it=8	mon=[1]	energy=-1.686267
##SCC itera= 8  conv=7  energy =      -4.04986211  energy0 =      -3.39874462  (   5.010982 )
./integ_temp/h2_trimer/int_mono_h2_trimer_0_9_0.dat -> 7 eris
./integ_temp/h2_trimer/int_mono_h2_trimer_1_9_0.dat -> 7 eris
./integ_temp/h2_trimer/int_mono_h2_trimer_2_9_0.dat -> 7 eris
pyscript : VQE for ./integ_temp/h2_trimer/int_mono_h2_trimer_1_9_0.dat spawned.
pyscript : VQE for ./integ_temp/h2_trimer/int_mono_h2_trimer_2_9_0.dat spawned.
pyscript : VQE for ./integ_temp/h2_trimer/int_mono_h2_trimer_0_9_0.dat spawned.
pyscript : output ./result_temp/h2_trimer/res_mono_h2_trimer_2_9_0.dat Generated.
it=9	mon=[2]	energy=-1.231353
pyscript : output ./result_temp/h2_trimer/res_mono_h2_trimer_0_9_0.dat Generated.
pyscript : output ./result_temp/h2_trimer/res_mono_h2_trimer_1_9_0.dat Generated.
it=9	mon=[0]	energy=-1.132237
it=9	mon=[1]	energy=-1.686310
##SCC itera= 9  conv=7  energy =      -4.04989987  energy0 =      -3.39836562  (   5.011015 )
./integ_temp/h2_trimer/int_mono_h2_trimer_2_10_0.dat -> 7 eris
./integ_temp/h2_trimer/int_mono_h2_trimer_0_10_0.dat -> 7 eris
./integ_temp/h2_trimer/int_mono_h2_trimer_1_10_0.dat -> 7 eris
pyscript : VQE for ./integ_temp/h2_trimer/int_mono_h2_trimer_1_10_0.dat spawned.
pyscript : VQE for ./integ_temp/h2_trimer/int_mono_h2_trimer_0_10_0.dat spawned.
pyscript : VQE for ./integ_temp/h2_trimer/int_mono_h2_trimer_2_10_0.dat spawned.
pyscript : output ./result_temp/h2_trimer/res_mono_h2_trimer_0_10_0.dat Generated.
it=10	mon=[0]	energy=-1.132239
pyscript : output ./result_temp/h2_trimer/res_mono_h2_trimer_1_10_0.dat Generated.
pyscript : output ./result_temp/h2_trimer/res_mono_h2_trimer_2_10_0.dat Generated.
it=10	mon=[2]	energy=-1.231362
it=10	mon=[1]	energy=-1.686310
##SCC itera=10  conv=7  energy =      -4.04991075  energy0 =      -3.39868003  (   5.011442 )
./integ_temp/h2_trimer/int_mono_h2_trimer_2_11_0.dat -> 7 eris
./integ_temp/h2_trimer/int_mono_h2_trimer_1_11_0.dat -> 7 eris
./integ_temp/h2_trimer/int_mono_h2_trimer_0_11_0.dat -> 7 eris
pyscript : VQE for ./integ_temp/h2_trimer/int_mono_h2_trimer_2_11_0.dat spawned.
pyscript : VQE for ./integ_temp/h2_trimer/int_mono_h2_trimer_0_11_0.dat spawned.
pyscript : VQE for ./integ_temp/h2_trimer/int_mono_h2_trimer_1_11_0.dat spawned.
pyscript : output ./result_temp/h2_trimer/res_mono_h2_trimer_0_11_0.dat Generated.
it=11	mon=[0]	energy=-1.132241
pyscript : output ./result_temp/h2_trimer/res_mono_h2_trimer_1_11_0.dat Generated.
pyscript : output ./result_temp/h2_trimer/res_mono_h2_trimer_2_11_0.dat Generated.
it=11	mon=[2]	energy=-1.231362
it=11	mon=[1]	energy=-1.686304
##SCC itera=11  conv=7  energy =      -4.04990677  energy0 =      -3.39868221  (   5.012074 )
./integ_temp/h2_trimer/int_mono_h2_trimer_0_12_0.dat -> 7 eris
./integ_temp/h2_trimer/int_mono_h2_trimer_2_12_0.dat -> 7 eris
./integ_temp/h2_trimer/int_mono_h2_trimer_1_12_0.dat -> 7 eris
pyscript : VQE for ./integ_temp/h2_trimer/int_mono_h2_trimer_0_12_0.dat spawned.
pyscript : VQE for ./integ_temp/h2_trimer/int_mono_h2_trimer_1_12_0.dat spawned.
pyscript : VQE for ./integ_temp/h2_trimer/int_mono_h2_trimer_2_12_0.dat spawned.
pyscript : output ./result_temp/h2_trimer/res_mono_h2_trimer_0_12_0.dat Generated.
it=12	mon=[0]	energy=-1.132241
pyscript : output ./result_temp/h2_trimer/res_mono_h2_trimer_1_12_0.dat Generated.
pyscript : output ./result_temp/h2_trimer/res_mono_h2_trimer_2_12_0.dat Generated.
it=12	mon=[2]	energy=-1.231362
it=12	mon=[1]	energy=-1.686304
##SCC itera=12  conv=7  energy =      -4.04990677  energy0 =      -3.39868414  (   5.012489 )
./integ_temp/h2_trimer/int_mono_h2_trimer_0_13_0.dat -> 7 eris
./integ_temp/h2_trimer/int_mono_h2_trimer_2_13_0.dat -> 7 eris
./integ_temp/h2_trimer/int_mono_h2_trimer_1_13_0.dat -> 7 eris
pyscript : VQE for ./integ_temp/h2_trimer/int_mono_h2_trimer_2_13_0.dat spawned.
pyscript : VQE for ./integ_temp/h2_trimer/int_mono_h2_trimer_1_13_0.dat spawned.
pyscript : VQE for ./integ_temp/h2_trimer/int_mono_h2_trimer_0_13_0.dat spawned.
pyscript : output ./result_temp/h2_trimer/res_mono_h2_trimer_0_13_0.dat Generated.
it=13	mon=[0]	energy=-1.132241
pyscript : output ./result_temp/h2_trimer/res_mono_h2_trimer_2_13_0.dat Generated.
pyscript : output ./result_temp/h2_trimer/res_mono_h2_trimer_1_13_0.dat Generated.
it=13	mon=[2]	energy=-1.231362
it=13	mon=[1]	energy=-1.686304
##SCC itera=13  conv=7  energy =      -4.04990677  energy0 =      -3.39868414  (   5.012156 )
==== SCC converged ====
##T         ---- Finish SCC procedure ---- : lap time=  65.139485 ( total etime=  65.358777 )
./integ_temp/h2_trimer/int_dim_h2_trimer_1-0_130_0.dat -> 65 eris
./integ_temp/h2_trimer/int_dim_h2_trimer_2-0_130_0.dat -> 65 eris
./integ_temp/h2_trimer/int_dim_h2_trimer_2-1_130_0.dat -> 65 eris
pyscript : VQE for ./integ_temp/h2_trimer/int_dim_h2_trimer_1-0_130_0.dat spawned.
pyscript : VQE for ./integ_temp/h2_trimer/int_dim_h2_trimer_2-0_130_0.dat spawned.
pyscript : VQE for ./integ_temp/h2_trimer/int_dim_h2_trimer_2-1_130_0.dat spawned.
pyscript : output ./result_temp/h2_trimer/res_dim_h2_trimer_1-0_130_0.dat Generated.
it=130	mon=[1, 0]	energy=-2.243821
# E=    -2.2438212106 E-DV=    -2.2189364478 DV=    -0.0248847628 DDV=    -0.0086833411
MPI_DIM_SEND, 1 0
MPI_DIM_SEND_DONE, 1 0
pyscript : output ./result_temp/h2_trimer/res_dim_h2_trimer_2-0_130_0.dat Generated.
it=130	mon=[2, 0]	energy=-2.371372
# E=    -2.3713723659 E-DV=    -2.2709700111 DV=    -0.1004023548 DDV=     0.0006989979
MPI_DIM_SEND, 2 0
MPI_DIM_SEND_DONE, 2 0
pyscript : output ./result_temp/h2_trimer/res_dim_h2_trimer_2-1_130_0.dat Generated.
it=130	mon=[2, 1]	energy=-2.261195
# E=    -2.2611949662 E-DV=    -2.2187915566 DV=    -0.0424034096 DDV=     0.0032154423
MPI_DIM_SEND, 2 1
MPI_DIM_SEND_DONE, 2 1
##T    ---- Finish to Calc. Dimer SCF ---- : lap time= 303.032679 ( total etime= 368.391462 )
       ( # of scf dimer = 3 )
        dE0(SCF dimer) =       0.08390137
##T     ---- Finish to Calc. ES Dimer ---- : lap time=   0.000065 ( total etime= 368.391540 )
    (# of ES dimer = 0)
    dE0(ES dimer) =       0.00000000
    total energy(FMO) =      -3.31478277
##T  -- All workers have been destroyed -- : lap time=   0.000029 ( total etime= 368.391573 )
---- ATOMIC POPULATION DATA -----
   SN AN  ATOMIC POP  NET CHARGE
---------------------------------
    1  1       0.994       0.006
    2  1       1.000      -0.000
    3  1       0.834       0.166
    4  1       1.180      -0.180
    5  1       1.003      -0.003
    6  1       0.989       0.011
---------------------------------
total charge =      0.000
---------------------------------
##T    -- calc AO and atomic population -- : lap time=   0.000067 ( total etime= 368.391649 )
##T   -- All mservs have been destroyed -- : lap time=   0.000012 ( total etime= 368.391665 )
