Will Run VQE
ngroup       = 3
nioprocs     = 1
niogroup     = 1
nmaxprocs    = 5
group size   = 1
# of threads = 24
nintic       = 2048
input file name       = ./samples/H2O_trimer.inp
prefix of output file = 
local input dir.      = ./
# of total invoked procs = 5 (=1iog*1iop+1+3gr*1pr)
master host name = gwonhaklee-System-Product-Name
-----------------------------------------------------
 # of data = 11
nfrag = 3
##T                  Finish Initialization : lap time=   0.000174 ( total etime=   0.000174 )
****** LIST OF HOST NAME (MSERV(ID=0))******
rank=  0 : gwonhaklee-System-Product-Name
********************************
##T        Finish to Create Memory Servers : lap time=   0.052689 ( total etime=   0.052873 )
****** LIST OF HOST NAME (WORKER(ID=0)) ******
rank=  0 : gwonhaklee-System-Product-Name
********************************
****** LIST OF HOST NAME (WORKER(ID=1)) ******
rank=  0 : gwonhaklee-System-Product-Name
********************************
##T               Finish to Create Workers : lap time=   0.201940 ( total etime=   0.254824 )
****** LIST OF HOST NAME (WORKER(ID=2)) ******
rank=  0 : gwonhaklee-System-Product-Name
********************************
##T     Finish to Connect Mservs & Workers : lap time=   0.026368 ( total etime=   0.281207 )
calc. inter-frag distance list = 0
##T    Finish to Calculate Initial Density : lap time=   0.048312 ( total etime=   0.329771 )
---- start SCC (maxscc=30, sccconv=7) ----
./integ_temp/h2o_trimer/int_mono_h2o_trimer_1_1_0.dat -> 462 eris
./integ_temp/h2o_trimer/int_mono_h2o_trimer_0_1_0.dat -> 462 eris
./integ_temp/h2o_trimer/int_mono_h2o_trimer_2_1_0.dat -> 462 eris
pyscript : VQE for ./integ_temp/h2o_trimer/int_mono_h2o_trimer_1_1_0.dat spawned.
pyscript : VQE for ./integ_temp/h2o_trimer/int_mono_h2o_trimer_2_1_0.dat spawned.
pyscript : VQE for ./integ_temp/h2o_trimer/int_mono_h2o_trimer_0_1_0.dat spawned.
pyscript : output ./result_temp/h2o_trimer/res_mono_h2o_trimer_1_1_0.dat Generated.
it=1	mon=[1]	energy=-83.477363
pyscript : output ./result_temp/h2o_trimer/res_mono_h2o_trimer_2_1_0.dat Generated.
it=1	mon=[2]	energy=-83.863824
pyscript : output ./result_temp/h2o_trimer/res_mono_h2o_trimer_0_1_0.dat Generated.
it=1	mon=[0]	energy=-83.863075
##SCC itera= 1  conv=2  energy =    -251.20426211  energy0 =    -224.70464727  (  30.211554 )
./integ_temp/h2o_trimer/int_mono_h2o_trimer_2_2_0.dat -> 462 eris
./integ_temp/h2o_trimer/int_mono_h2o_trimer_1_2_0.dat -> 462 eris
./integ_temp/h2o_trimer/int_mono_h2o_trimer_0_2_0.dat -> 462 eris
pyscript : VQE for ./integ_temp/h2o_trimer/int_mono_h2o_trimer_2_2_0.dat spawned.
pyscript : VQE for ./integ_temp/h2o_trimer/int_mono_h2o_trimer_1_2_0.dat spawned.
pyscript : VQE for ./integ_temp/h2o_trimer/int_mono_h2o_trimer_0_2_0.dat spawned.
pyscript : output ./result_temp/h2o_trimer/res_mono_h2o_trimer_1_2_0.dat Generated.
it=2	mon=[1]	energy=-81.304148
pyscript : output ./result_temp/h2o_trimer/res_mono_h2o_trimer_0_2_0.dat Generated.
pyscript : output ./result_temp/h2o_trimer/res_mono_h2o_trimer_2_2_0.dat Generated.
it=2	mon=[2]	energy=-82.008532
it=2	mon=[0]	energy=-82.435631
##SCC itera= 2  conv=2  energy =    -245.74831168  energy0 =    -224.76118680  (  28.089554 )
./integ_temp/h2o_trimer/int_mono_h2o_trimer_1_3_0.dat -> 462 eris
./integ_temp/h2o_trimer/int_mono_h2o_trimer_0_3_0.dat -> 462 eris
./integ_temp/h2o_trimer/int_mono_h2o_trimer_2_3_0.dat -> 462 eris
pyscript : VQE for ./integ_temp/h2o_trimer/int_mono_h2o_trimer_1_3_0.dat spawned.
pyscript : VQE for ./integ_temp/h2o_trimer/int_mono_h2o_trimer_2_3_0.dat spawned.
pyscript : VQE for ./integ_temp/h2o_trimer/int_mono_h2o_trimer_0_3_0.dat spawned.
pyscript : output ./result_temp/h2o_trimer/res_mono_h2o_trimer_1_3_0.dat Generated.
it=3	mon=[1]	energy=-81.362840
pyscript : output ./result_temp/h2o_trimer/res_mono_h2o_trimer_2_3_0.dat Generated.
pyscript : output ./result_temp/h2o_trimer/res_mono_h2o_trimer_0_3_0.dat Generated.
it=3	mon=[0]	energy=-82.405965
it=3	mon=[2]	energy=-82.023728
##SCC itera= 3  conv=4  energy =    -245.79253429  energy0 =    -224.76624491  (  28.180624 )
./integ_temp/h2o_trimer/int_mono_h2o_trimer_1_4_0.dat -> 462 eris
./integ_temp/h2o_trimer/int_mono_h2o_trimer_2_4_0.dat -> 462 eris
./integ_temp/h2o_trimer/int_mono_h2o_trimer_0_4_0.dat -> 462 eris
pyscript : VQE for ./integ_temp/h2o_trimer/int_mono_h2o_trimer_1_4_0.dat spawned.
pyscript : VQE for ./integ_temp/h2o_trimer/int_mono_h2o_trimer_0_4_0.dat spawned.
pyscript : VQE for ./integ_temp/h2o_trimer/int_mono_h2o_trimer_2_4_0.dat spawned.
pyscript : output ./result_temp/h2o_trimer/res_mono_h2o_trimer_1_4_0.dat Generated.
it=4	mon=[1]	energy=-81.382843
pyscript : output ./result_temp/h2o_trimer/res_mono_h2o_trimer_2_4_0.dat Generated.
pyscript : output ./result_temp/h2o_trimer/res_mono_h2o_trimer_0_4_0.dat Generated.
it=4	mon=[2]	energy=-82.037084
it=4	mon=[0]	energy=-82.415307
##SCC itera= 4  conv=4  energy =    -245.83523397  energy0 =    -224.76601106  (  28.181314 )
./integ_temp/h2o_trimer/int_mono_h2o_trimer_1_5_0.dat -> 462 eris
./integ_temp/h2o_trimer/int_mono_h2o_trimer_2_5_0.dat -> 462 eris
./integ_temp/h2o_trimer/int_mono_h2o_trimer_0_5_0.dat -> 462 eris
pyscript : VQE for ./integ_temp/h2o_trimer/int_mono_h2o_trimer_1_5_0.dat spawned.
pyscript : VQE for ./integ_temp/h2o_trimer/int_mono_h2o_trimer_2_5_0.dat spawned.
pyscript : VQE for ./integ_temp/h2o_trimer/int_mono_h2o_trimer_0_5_0.dat spawned.
pyscript : output ./result_temp/h2o_trimer/res_mono_h2o_trimer_1_5_0.dat Generated.
it=5	mon=[1]	energy=-81.382904
pyscript : output ./result_temp/h2o_trimer/res_mono_h2o_trimer_2_5_0.dat Generated.
pyscript : output ./result_temp/h2o_trimer/res_mono_h2o_trimer_0_5_0.dat Generated.
it=5	mon=[2]	energy=-82.037304
it=5	mon=[0]	energy=-82.416176
##SCC itera= 5  conv=4  energy =    -245.83638510  energy0 =    -224.76601734  (  28.218271 )
./integ_temp/h2o_trimer/int_mono_h2o_trimer_2_6_0.dat -> 462 eris
./integ_temp/h2o_trimer/int_mono_h2o_trimer_1_6_0.dat -> 462 eris
./integ_temp/h2o_trimer/int_mono_h2o_trimer_0_6_0.dat -> 462 eris
pyscript : VQE for ./integ_temp/h2o_trimer/int_mono_h2o_trimer_1_6_0.dat spawned.
pyscript : VQE for ./integ_temp/h2o_trimer/int_mono_h2o_trimer_2_6_0.dat spawned.
pyscript : VQE for ./integ_temp/h2o_trimer/int_mono_h2o_trimer_0_6_0.dat spawned.
pyscript : output ./result_temp/h2o_trimer/res_mono_h2o_trimer_1_6_0.dat Generated.
it=6	mon=[1]	energy=-81.382672
pyscript : output ./result_temp/h2o_trimer/res_mono_h2o_trimer_2_6_0.dat Generated.
pyscript : output ./result_temp/h2o_trimer/res_mono_h2o_trimer_0_6_0.dat Generated.
it=6	mon=[2]	energy=-82.037305
it=6	mon=[0]	energy=-82.417158
##SCC itera= 6  conv=6  energy =    -245.83713459  energy0 =    -224.76596349  (  28.214637 )
./integ_temp/h2o_trimer/int_mono_h2o_trimer_1_7_0.dat -> 462 eris
./integ_temp/h2o_trimer/int_mono_h2o_trimer_0_7_0.dat -> 462 eris
./integ_temp/h2o_trimer/int_mono_h2o_trimer_2_7_0.dat -> 462 eris
pyscript : VQE for ./integ_temp/h2o_trimer/int_mono_h2o_trimer_1_7_0.dat spawned.
pyscript : VQE for ./integ_temp/h2o_trimer/int_mono_h2o_trimer_0_7_0.dat spawned.
pyscript : VQE for ./integ_temp/h2o_trimer/int_mono_h2o_trimer_2_7_0.dat spawned.
pyscript : output ./result_temp/h2o_trimer/res_mono_h2o_trimer_1_7_0.dat Generated.
it=7	mon=[1]	energy=-81.382669
pyscript : output ./result_temp/h2o_trimer/res_mono_h2o_trimer_0_7_0.dat Generated.
pyscript : output ./result_temp/h2o_trimer/res_mono_h2o_trimer_2_7_0.dat Generated.
it=7	mon=[0]	energy=-82.416186
it=7	mon=[2]	energy=-82.037174
##SCC itera= 7  conv=6  energy =    -245.83602895  energy0 =    -224.76597782  (  28.418830 )
./integ_temp/h2o_trimer/int_mono_h2o_trimer_0_8_0.dat -> 462 eris
./integ_temp/h2o_trimer/int_mono_h2o_trimer_1_8_0.dat -> 462 eris
./integ_temp/h2o_trimer/int_mono_h2o_trimer_2_8_0.dat -> 462 eris
pyscript : VQE for ./integ_temp/h2o_trimer/int_mono_h2o_trimer_1_8_0.dat spawned.
pyscript : VQE for ./integ_temp/h2o_trimer/int_mono_h2o_trimer_0_8_0.dat spawned.
pyscript : VQE for ./integ_temp/h2o_trimer/int_mono_h2o_trimer_2_8_0.dat spawned.
pyscript : output ./result_temp/h2o_trimer/res_mono_h2o_trimer_1_8_0.dat Generated.
it=8	mon=[1]	energy=-81.382700
pyscript : output ./result_temp/h2o_trimer/res_mono_h2o_trimer_0_8_0.dat Generated.
pyscript : output ./result_temp/h2o_trimer/res_mono_h2o_trimer_2_8_0.dat Generated.
it=8	mon=[0]	energy=-82.416166
it=8	mon=[2]	energy=-82.037174
##SCC itera= 8  conv=6  energy =    -245.83603975  energy0 =    -224.76597461  (  28.224963 )
./integ_temp/h2o_trimer/int_mono_h2o_trimer_0_9_0.dat -> 462 eris
./integ_temp/h2o_trimer/int_mono_h2o_trimer_1_9_0.dat -> 462 eris
./integ_temp/h2o_trimer/int_mono_h2o_trimer_2_9_0.dat -> 462 eris
pyscript : VQE for ./integ_temp/h2o_trimer/int_mono_h2o_trimer_1_9_0.dat spawned.
pyscript : VQE for ./integ_temp/h2o_trimer/int_mono_h2o_trimer_0_9_0.dat spawned.
pyscript : VQE for ./integ_temp/h2o_trimer/int_mono_h2o_trimer_2_9_0.dat spawned.
pyscript : output ./result_temp/h2o_trimer/res_mono_h2o_trimer_1_9_0.dat Generated.
it=9	mon=[1]	energy=-81.382699
pyscript : output ./result_temp/h2o_trimer/res_mono_h2o_trimer_0_9_0.dat Generated.
pyscript : output ./result_temp/h2o_trimer/res_mono_h2o_trimer_2_9_0.dat Generated.
it=9	mon=[0]	energy=-82.416166
it=9	mon=[2]	energy=-82.037174
##SCC itera= 9  conv=7  energy =    -245.83603955  energy0 =    -224.76596843  (  28.221396 )
./integ_temp/h2o_trimer/int_mono_h2o_trimer_0_10_0.dat -> 462 eris
./integ_temp/h2o_trimer/int_mono_h2o_trimer_1_10_0.dat -> 462 eris
./integ_temp/h2o_trimer/int_mono_h2o_trimer_2_10_0.dat -> 462 eris
pyscript : VQE for ./integ_temp/h2o_trimer/int_mono_h2o_trimer_0_10_0.dat spawned.
pyscript : VQE for ./integ_temp/h2o_trimer/int_mono_h2o_trimer_1_10_0.dat spawned.
pyscript : VQE for ./integ_temp/h2o_trimer/int_mono_h2o_trimer_2_10_0.dat spawned.
pyscript : output ./result_temp/h2o_trimer/res_mono_h2o_trimer_1_10_0.dat Generated.
it=10	mon=[1]	energy=-81.382699
pyscript : output ./result_temp/h2o_trimer/res_mono_h2o_trimer_0_10_0.dat Generated.
pyscript : output ./result_temp/h2o_trimer/res_mono_h2o_trimer_2_10_0.dat Generated.
it=10	mon=[0]	energy=-82.416166
it=10	mon=[2]	energy=-82.037174
##SCC itera=10  conv=7  energy =    -245.83603955  energy0 =    -224.76596843  (  28.242359 )
==== SCC converged ====
##T         ---- Finish SCC procedure ---- : lap time= 284.205095 ( total etime= 284.534880 )
./integ_temp/h2o_trimer/int_dim_h2o_trimer_1-0_130_0.dat -> 6020 eris
./integ_temp/h2o_trimer/int_dim_h2o_trimer_2-0_130_0.dat -> 6020 eris
./integ_temp/h2o_trimer/int_dim_h2o_trimer_2-1_130_0.dat -> 6020 eris
pyscript : VQE for ./integ_temp/h2o_trimer/int_dim_h2o_trimer_2-0_130_0.dat spawned.
pyscript : VQE for ./integ_temp/h2o_trimer/int_dim_h2o_trimer_1-0_130_0.dat spawned.
pyscript : VQE for ./integ_temp/h2o_trimer/int_dim_h2o_trimer_2-1_130_0.dat spawned.
pyscript : output ./result_temp/h2o_trimer/res_dim_h2o_trimer_2-1_130_0.dat Generated.
it=130	mon=[2, 1]	energy=-149.582560
# E=  -149.5825596369 E-DV=  -149.9405703003 DV=     0.3580106634 DDV=    -0.0045293333
pyscript : output ./result_temp/h2o_trimer/res_dim_h2o_trimer_2-0_130_0.dat Generated.
it=130	mon=[2, 0]	energy=-149.892051
# E=  -149.8920512768 E-DV=  -149.9394635733 DV=     0.0474122965 DDV=    -0.0113689343
pyscript : output ./result_temp/h2o_trimer/res_dim_h2o_trimer_1-0_130_0.dat Generated.
it=130	mon=[1, 0]	energy=-149.599716
# E=  -149.5997157618 E-DV=  -149.9414681345 DV=     0.3417523727 DDV=    -0.0018357594
##T    ---- Finish to Calc. Dimer SCF ---- : lap time= 95050.880900 ( total etime= 95335.415788 )
       ( # of scf dimer = 3 )
        dE0(SCF dimer) =      -0.30729918
##T     ---- Finish to Calc. ES Dimer ---- : lap time=   0.000073 ( total etime= 95335.415875 )
    (# of ES dimer = 0)
    dE0(ES dimer) =       0.00000000
    total energy(FMO) =    -225.07326761
##T  -- All workers have been destroyed -- : lap time=   0.000034 ( total etime= 95335.415916 )
---- ATOMIC POPULATION DATA -----
   SN AN  ATOMIC POP  NET CHARGE
---------------------------------
    1  8       8.621      -0.621
    2  1       0.994       0.006
    3  1       0.383       0.617
    4  8       8.309      -0.309
    5  1       0.756       0.244
    6  1       0.934       0.066
    7  8       8.600      -0.600
    8  1       0.417       0.583
    9  1       0.987       0.013
---------------------------------
total charge =      0.000
---------------------------------
##T    -- calc AO and atomic population -- : lap time=   0.000067 ( total etime= 95335.415987 )
##T   -- All mservs have been destroyed -- : lap time=   0.000012 ( total etime= 95335.416013 )
