ngroup       = 3
nioprocs     = 1
niogroup     = 1
nmaxprocs    = 10
group size   = 2
# of threads = 24
nintic       = 2048
input file name       = ./samples/H2O_trimer_rhf.inp
prefix of output file = 
local input dir.      = ./
# of total invoked procs = 8 (=1iog*1iop+1+3gr*2pr)
master host name = gwonhaklee-System-Product-Name
-----------------------------------------------------
 # of data = 11
nfrag = 3
##T                  Finish Initialization : lap time=   0.000157 ( total etime=   0.000157 )
****** LIST OF HOST NAME (MSERV(ID=0))******
rank=  0 : gwonhaklee-System-Product-Name
********************************
##T        Finish to Create Memory Servers : lap time=   0.070246 ( total etime=   0.070421 )
****** LIST OF HOST NAME (WORKER(ID=0)) ******
rank=  0 : gwonhaklee-System-Product-Name
rank=  1 : gwonhaklee-System-Product-Name
********************************
****** LIST OF HOST NAME (WORKER(ID=1)) ******
rank=  0 : gwonhaklee-System-Product-Name
rank=  1 : gwonhaklee-System-Product-Name
********************************
##T               Finish to Create Workers : lap time=   0.788016 ( total etime=   0.858447 )
****** LIST OF HOST NAME (WORKER(ID=2)) ******
rank=  0 : gwonhaklee-System-Product-Name
rank=  1 : gwonhaklee-System-Product-Name
********************************
##T     Finish to Connect Mservs & Workers : lap time=   0.495967 ( total etime=   1.354425 )
calc. inter-frag distance list = 2
##T    Finish to Calculate Initial Density : lap time=   0.259974 ( total etime=   1.750385 )
---- start SCC (maxscc=30, sccconv=7) ----
it=1	mon=[2]	energy=-83.854692	energy_0=-74.865209
it=1	mon=[2]	energy=-83.854692	energy_0=-74.865209
it=1	mon=[0]	energy=-83.853940	energy_0=-74.865873
it=1	mon=[0]	energy=-83.853940	energy_0=-74.865873
it=1	mon=[1]	energy=-83.470875	energy_0=-74.950981
it=1	mon=[1]	energy=-83.470875	energy_0=-74.950981
##SCC itera= 1  conv=2  energy =    -251.17950747  energy0 =    -224.68206304  (   1.628085 )
it=2	mon=[2]	energy=-81.996318	energy_0=-74.897320
it=2	mon=[2]	energy=-81.996318	energy_0=-74.897320
it=2	mon=[1]	energy=-81.294998	energy_0=-74.956839
it=2	mon=[1]	energy=-81.294998	energy_0=-74.956839
it=2	mon=[0]	energy=-82.429850	energy_0=-74.884242
it=2	mon=[0]	energy=-82.429850	energy_0=-74.884242
##SCC itera= 2  conv=2  energy =    -245.72116526  energy0 =    -224.73840057  (   0.996153 )
it=3	mon=[2]	energy=-82.012961	energy_0=-74.899262
it=3	mon=[2]	energy=-82.012961	energy_0=-74.899262
it=3	mon=[1]	energy=-81.354799	energy_0=-74.956882
it=3	mon=[1]	energy=-81.354799	energy_0=-74.956882
it=3	mon=[0]	energy=-82.400786	energy_0=-74.887808
it=3	mon=[0]	energy=-82.400786	energy_0=-74.887808
##SCC itera= 3  conv=4  energy =    -245.76854610  energy0 =    -224.74395259  (   1.360112 )
it=4	mon=[2]	energy=-82.026223	energy_0=-74.899129
it=4	mon=[2]	energy=-82.026223	energy_0=-74.899129
it=4	mon=[1]	energy=-81.374873	energy_0=-74.956828
it=4	mon=[1]	energy=-81.374873	energy_0=-74.956828
it=4	mon=[0]	energy=-82.410078	energy_0=-74.887752
it=4	mon=[0]	energy=-82.410078	energy_0=-74.887752
##SCC itera= 4  conv=4  energy =    -245.81117423  energy0 =    -224.74370823  (   1.052104 )
it=5	mon=[2]	energy=-82.026422	energy_0=-74.899128
it=5	mon=[2]	energy=-82.026422	energy_0=-74.899128
it=5	mon=[1]	energy=-81.374881	energy_0=-74.956827
it=5	mon=[1]	energy=-81.374881	energy_0=-74.956827
it=5	mon=[0]	energy=-82.410976	energy_0=-74.887732
it=5	mon=[0]	energy=-82.410976	energy_0=-74.887732
##SCC itera= 5  conv=4  energy =    -245.81227837  energy0 =    -224.74368654  (   0.928090 )
it=6	mon=[2]	energy=-82.026335	energy_0=-74.899128
it=6	mon=[2]	energy=-82.026335	energy_0=-74.899128
it=6	mon=[1]	energy=-81.374758	energy_0=-74.956826
it=6	mon=[1]	energy=-81.374758	energy_0=-74.956826
it=6	mon=[0]	energy=-82.410982	energy_0=-74.887727
it=6	mon=[0]	energy=-82.410982	energy_0=-74.887727
##SCC itera= 6  conv=6  energy =    -245.81207550  energy0 =    -224.74368110  (   1.244118 )
it=7	mon=[2]	energy=-82.026326	energy_0=-74.899128
it=7	mon=[2]	energy=-82.026326	energy_0=-74.899128
it=7	mon=[0]	energy=-82.410986	energy_0=-74.887727
it=7	mon=[0]	energy=-82.410986	energy_0=-74.887727
it=7	mon=[1]	energy=-81.374743	energy_0=-74.956826
it=7	mon=[1]	energy=-81.374743	energy_0=-74.956826
##SCC itera= 7  conv=6  energy =    -245.81205485  energy0 =    -224.74368120  (   0.932077 )
==== SCC converged ====
##T         ---- Finish SCC procedure ---- : lap time=   8.848024 ( total etime=  10.598421 )
it=130	mon=[2, 1]	energy=-149.575518	energy_0=-149.931774
# E=  -149.5755181951 E-DV=  -149.9317737912 DV=     0.3562555961 DDV=    -0.0046137515
it=130	mon=[2, 1]	energy=-149.575518	energy_0=-149.931774
# E=  -149.5755181951 E-DV=  -149.9317737912 DV=     0.3562555961 DDV=    -0.0046137515
it=130	mon=[2, 0]	energy=-149.886280	energy_0=-149.932635
# E=  -149.8862802418 E-DV=  -149.9326351844 DV=     0.0463549427 DDV=    -0.0113533564
it=130	mon=[2, 0]	energy=-149.886280	energy_0=-149.932635
# E=  -149.8862802418 E-DV=  -149.9326351844 DV=     0.0463549427 DDV=    -0.0113533564
it=130	mon=[1, 0]	energy=-149.592889	energy_0=-149.932767
# E=  -149.5928894979 E-DV=  -149.9327671102 DV=     0.3398776123 DDV=    -0.0018939386
it=130	mon=[1, 0]	energy=-149.592889	energy_0=-149.932767
# E=  -149.5928894979 E-DV=  -149.9327671102 DV=     0.3398776123 DDV=    -0.0018939386
##T    ---- Finish to Calc. Dimer SCF ---- : lap time=   2.400042 ( total etime=  12.998475 )
       ( # of scf dimer = 3 )
        dE0(SCF dimer) =      -0.32767474
##T     ---- Finish to Calc. ES Dimer ---- : lap time=   0.019910 ( total etime=  13.018401 )
    (# of ES dimer = 0)
    dE0(ES dimer) =       0.00000000
    total energy(FMO) =    -225.07135593
##T  -- All workers have been destroyed -- : lap time=   0.058498 ( total etime=  13.076908 )
---- ATOMIC POPULATION DATA -----
   SN AN  ATOMIC POP  NET CHARGE
---------------------------------
    1  8       8.616      -0.616
    2  1       0.996       0.004
    3  1       0.386       0.614
    4  8       8.304      -0.304
    5  1       0.758       0.242
    6  1       0.936       0.064
    7  8       8.595      -0.595
    8  1       0.419       0.581
    9  1       0.989       0.011
---------------------------------
total charge =     -0.000
---------------------------------
##T    -- calc AO and atomic population -- : lap time=   0.001539 ( total etime=  13.078456 )
##T   -- All mservs have been destroyed -- : lap time=   0.000013 ( total etime=  13.078472 )
