Will Run VQE
ngroup       = 3
nioprocs     = 1
niogroup     = 1
nmaxprocs    = 5
group size   = 1
# of threads = 48
nintic       = 2048
input file name       = ./samples/propane_FMO0.inp
prefix of output file = 
local input dir.      = ./
# of total invoked procs = 5 (=1iog*1iop+1+3gr*1pr)
master host name = gwonhaklee-System-Product-Name
-----------------------------------------------------
 # of data = 11
nfrag = 3
##T                  Finish Initialization : lap time=   0.000124 ( total etime=   0.000124 )
****** LIST OF HOST NAME (MSERV(ID=0))******
rank=  0 : gwonhaklee-System-Product-Name
********************************
##T        Finish to Create Memory Servers : lap time=   0.045770 ( total etime=   0.045912 )
****** LIST OF HOST NAME (WORKER(ID=0)) ******
rank=  0 : gwonhaklee-System-Product-Name
********************************
****** LIST OF HOST NAME (WORKER(ID=1)) ******
rank=  0 : gwonhaklee-System-Product-Name
********************************
****** LIST OF HOST NAME (WORKER(ID=2)) ******
rank=  0 : gwonhaklee-System-Product-Name
********************************
##T               Finish to Create Workers : lap time=   0.108713 ( total etime=   0.154638 )
##T     Finish to Connect Mservs & Workers : lap time=   0.018118 ( total etime=   0.172767 )
calc. inter-frag distance list = 0
##T    Finish to Calculate Initial Density : lap time=   0.001186 ( total etime=   0.174163 )
---- start SCC (maxscc=30, sccconv=7) ----
./integ_temp/int_propane_2_5_2_5_corr_mono_2_1_0.dat -> 750 eris
./integ_temp/int_propane_2_5_2_5_corr_mono_0_1_0.dat -> 750 eris
./integ_temp/int_propane_2_5_2_5_corr_mono_1_1_0.dat -> 12597 eris
pyscript : VQE for ./integ_temp/int_propane_2_5_2_5_corr_mono_2_1_0.dat spawned.
pyscript : VQE for ./integ_temp/int_propane_2_5_2_5_corr_mono_0_1_0.dat spawned.
pyscript : VQE for ./integ_temp/int_propane_2_5_2_5_corr_mono_1_1_0.dat spawned.
pyscript : output ./result_temp/res_propane_2_5_2_5_corr_mono_2_1_0.dat Generated.
pyscript : output ./result_temp/res_propane_2_5_2_5_corr_mono_1_1_0.dat Generated.
pyscript : output ./result_temp/res_propane_2_5_2_5_corr_mono_0_1_0.dat Generated.
it=1	mon=[1]	energy=-40.867696
it=1	mon=[2]	energy=-31.793516
it=1	mon=[0]	energy=-31.793203
##SCC itera= 1  conv=2  energy =    -104.45441460  energy0 =     -87.45018739  (  29.018132 )
./integ_temp/int_propane_2_5_2_5_corr_mono_2_2_0.dat -> 750 eris
./integ_temp/int_propane_2_5_2_5_corr_mono_0_2_0.dat -> 750 eris
./integ_temp/int_propane_2_5_2_5_corr_mono_1_2_0.dat -> 12597 eris
pyscript : VQE for ./integ_temp/int_propane_2_5_2_5_corr_mono_2_2_0.dat spawned.
pyscript : VQE for ./integ_temp/int_propane_2_5_2_5_corr_mono_0_2_0.dat spawned.
pyscript : VQE for ./integ_temp/int_propane_2_5_2_5_corr_mono_1_2_0.dat spawned.
pyscript : output ./result_temp/res_propane_2_5_2_5_corr_mono_2_2_0.dat Generated.
it=2	mon=[2]	energy=-35.704235
pyscript : output ./result_temp/res_propane_2_5_2_5_corr_mono_1_2_0.dat Generated.
pyscript : output ./result_temp/res_propane_2_5_2_5_corr_mono_0_2_0.dat Generated.
it=2	mon=[1]	energy=-41.896027
it=2	mon=[0]	energy=-35.700322
##SCC itera= 2  conv=2  energy =    -113.30058369  energy0 =     -87.16764204  (  30.017055 )
./integ_temp/int_propane_2_5_2_5_corr_mono_2_3_0.dat -> 750 eris
./integ_temp/int_propane_2_5_2_5_corr_mono_0_3_0.dat -> 750 eris
./integ_temp/int_propane_2_5_2_5_corr_mono_1_3_0.dat -> 12597 eris
pyscript : VQE for ./integ_temp/int_propane_2_5_2_5_corr_mono_0_3_0.dat spawned.
pyscript : VQE for ./integ_temp/int_propane_2_5_2_5_corr_mono_2_3_0.dat spawned.
pyscript : VQE for ./integ_temp/int_propane_2_5_2_5_corr_mono_1_3_0.dat spawned.
pyscript : output ./result_temp/res_propane_2_5_2_5_corr_mono_2_3_0.dat Generated.
pyscript : output ./result_temp/res_propane_2_5_2_5_corr_mono_0_3_0.dat Generated.
pyscript : output ./result_temp/res_propane_2_5_2_5_corr_mono_1_3_0.dat Generated.
it=3	mon=[2]	energy=-35.598876
it=3	mon=[0]	energy=-35.590563
it=3	mon=[1]	energy=-41.377344
##SCC itera= 3  conv=2  energy =    -112.56678303  energy0 =     -87.27046196  (  28.555994 )
./integ_temp/int_propane_2_5_2_5_corr_mono_0_4_0.dat -> 750 eris
./integ_temp/int_propane_2_5_2_5_corr_mono_2_4_0.dat -> 750 eris
./integ_temp/int_propane_2_5_2_5_corr_mono_1_4_0.dat -> 12597 eris
pyscript : VQE for ./integ_temp/int_propane_2_5_2_5_corr_mono_0_4_0.dat spawned.
pyscript : VQE for ./integ_temp/int_propane_2_5_2_5_corr_mono_2_4_0.dat spawned.
pyscript : VQE for ./integ_temp/int_propane_2_5_2_5_corr_mono_1_4_0.dat spawned.
pyscript : output ./result_temp/res_propane_2_5_2_5_corr_mono_2_4_0.dat Generated.
it=4	mon=[2]	energy=-35.698990
pyscript : output ./result_temp/res_propane_2_5_2_5_corr_mono_0_4_0.dat Generated.
pyscript : output ./result_temp/res_propane_2_5_2_5_corr_mono_1_4_0.dat Generated.
it=4	mon=[1]	energy=-41.406189
it=4	mon=[0]	energy=-35.694698
##SCC itera= 4  conv=2  energy =    -112.79987686  energy0 =     -87.26075479  (  30.013991 )
./integ_temp/int_propane_2_5_2_5_corr_mono_0_5_0.dat -> 750 eris
./integ_temp/int_propane_2_5_2_5_corr_mono_2_5_0.dat -> 750 eris
./integ_temp/int_propane_2_5_2_5_corr_mono_1_5_0.dat -> 12597 eris
pyscript : VQE for ./integ_temp/int_propane_2_5_2_5_corr_mono_2_5_0.dat spawned.
pyscript : VQE for ./integ_temp/int_propane_2_5_2_5_corr_mono_0_5_0.dat spawned.
pyscript : VQE for ./integ_temp/int_propane_2_5_2_5_corr_mono_1_5_0.dat spawned.
pyscript : output ./result_temp/res_propane_2_5_2_5_corr_mono_0_5_0.dat Generated.
pyscript : output ./result_temp/res_propane_2_5_2_5_corr_mono_2_5_0.dat Generated.
it=5	mon=[0]	energy=-35.690689
it=5	mon=[2]	energy=-35.696685
pyscript : output ./result_temp/res_propane_2_5_2_5_corr_mono_1_5_0.dat Generated.
it=5	mon=[1]	energy=-41.379096
##SCC itera= 5  conv=4  energy =    -112.76647036  energy0 =     -87.26352888  (  29.570104 )
./integ_temp/int_propane_2_5_2_5_corr_mono_0_6_0.dat -> 750 eris
./integ_temp/int_propane_2_5_2_5_corr_mono_2_6_0.dat -> 750 eris
./integ_temp/int_propane_2_5_2_5_corr_mono_1_6_0.dat -> 12597 eris
pyscript : VQE for ./integ_temp/int_propane_2_5_2_5_corr_mono_2_6_0.dat spawned.
pyscript : VQE for ./integ_temp/int_propane_2_5_2_5_corr_mono_0_6_0.dat spawned.
pyscript : VQE for ./integ_temp/int_propane_2_5_2_5_corr_mono_1_6_0.dat spawned.
pyscript : output ./result_temp/res_propane_2_5_2_5_corr_mono_2_6_0.dat Generated.
pyscript : output ./result_temp/res_propane_2_5_2_5_corr_mono_0_6_0.dat Generated.
it=6	mon=[2]	energy=-35.701319
it=6	mon=[0]	energy=-35.695844
pyscript : output ./result_temp/res_propane_2_5_2_5_corr_mono_1_6_0.dat Generated.
it=6	mon=[1]	energy=-41.380163
##SCC itera= 6  conv=4  energy =    -112.77732621  energy0 =     -87.26309946  (  29.567279 )
./integ_temp/int_propane_2_5_2_5_corr_mono_2_7_0.dat -> 750 eris
./integ_temp/int_propane_2_5_2_5_corr_mono_0_7_0.dat -> 750 eris
./integ_temp/int_propane_2_5_2_5_corr_mono_1_7_0.dat -> 12597 eris
pyscript : VQE for ./integ_temp/int_propane_2_5_2_5_corr_mono_2_7_0.dat spawned.
pyscript : VQE for ./integ_temp/int_propane_2_5_2_5_corr_mono_0_7_0.dat spawned.
pyscript : VQE for ./integ_temp/int_propane_2_5_2_5_corr_mono_1_7_0.dat spawned.
pyscript : output ./result_temp/res_propane_2_5_2_5_corr_mono_0_7_0.dat Generated.
pyscript : output ./result_temp/res_propane_2_5_2_5_corr_mono_2_7_0.dat Generated.
pyscript : output ./result_temp/res_propane_2_5_2_5_corr_mono_1_7_0.dat Generated.
it=7	mon=[2]	energy=-35.701347
it=7	mon=[0]	energy=-35.695515
it=7	mon=[1]	energy=-41.378954
##SCC itera= 7  conv=4  energy =    -112.77581647  energy0 =     -87.26332960  (  28.563767 )
./integ_temp/int_propane_2_5_2_5_corr_mono_2_8_0.dat -> 750 eris
./integ_temp/int_propane_2_5_2_5_corr_mono_0_8_0.dat -> 750 eris
./integ_temp/int_propane_2_5_2_5_corr_mono_1_8_0.dat -> 12597 eris
pyscript : VQE for ./integ_temp/int_propane_2_5_2_5_corr_mono_2_8_0.dat spawned.
pyscript : VQE for ./integ_temp/int_propane_2_5_2_5_corr_mono_0_8_0.dat spawned.
pyscript : VQE for ./integ_temp/int_propane_2_5_2_5_corr_mono_1_8_0.dat spawned.
pyscript : output ./result_temp/res_propane_2_5_2_5_corr_mono_2_8_0.dat Generated.
pyscript : output ./result_temp/res_propane_2_5_2_5_corr_mono_1_8_0.dat Generated.
it=8	mon=[2]	energy=-35.701576
pyscript : output ./result_temp/res_propane_2_5_2_5_corr_mono_0_8_0.dat Generated.
it=8	mon=[1]	energy=-41.379267
it=8	mon=[0]	energy=-35.695801
##SCC itera= 8  conv=6  energy =    -112.77664385  energy0 =     -87.26307634  (  29.023665 )
./integ_temp/int_propane_2_5_2_5_corr_mono_2_9_0.dat -> 750 eris
./integ_temp/int_propane_2_5_2_5_corr_mono_0_9_0.dat -> 750 eris
./integ_temp/int_propane_2_5_2_5_corr_mono_1_9_0.dat -> 12597 eris
pyscript : VQE for ./integ_temp/int_propane_2_5_2_5_corr_mono_0_9_0.dat spawned.
pyscript : VQE for ./integ_temp/int_propane_2_5_2_5_corr_mono_2_9_0.dat spawned.
pyscript : VQE for ./integ_temp/int_propane_2_5_2_5_corr_mono_1_9_0.dat spawned.
pyscript : output ./result_temp/res_propane_2_5_2_5_corr_mono_2_9_0.dat Generated.
pyscript : output ./result_temp/res_propane_2_5_2_5_corr_mono_1_9_0.dat Generated.
it=9	mon=[2]	energy=-35.701331
pyscript : output ./result_temp/res_propane_2_5_2_5_corr_mono_0_9_0.dat Generated.
it=9	mon=[1]	energy=-41.378838
it=9	mon=[0]	energy=-35.695513
##SCC itera= 9  conv=6  energy =    -112.77568216  energy0 =     -87.26315164  (  29.021695 )
./integ_temp/int_propane_2_5_2_5_corr_mono_2_10_0.dat -> 750 eris
./integ_temp/int_propane_2_5_2_5_corr_mono_0_10_0.dat -> 750 eris
./integ_temp/int_propane_2_5_2_5_corr_mono_1_10_0.dat -> 12597 eris
pyscript : VQE for ./integ_temp/int_propane_2_5_2_5_corr_mono_2_10_0.dat spawned.
pyscript : VQE for ./integ_temp/int_propane_2_5_2_5_corr_mono_0_10_0.dat spawned.
pyscript : VQE for ./integ_temp/int_propane_2_5_2_5_corr_mono_1_10_0.dat spawned.
pyscript : output ./result_temp/res_propane_2_5_2_5_corr_mono_2_10_0.dat Generated.
pyscript : output ./result_temp/res_propane_2_5_2_5_corr_mono_0_10_0.dat Generated.
it=10	mon=[2]	energy=-35.701422
pyscript : output ./result_temp/res_propane_2_5_2_5_corr_mono_1_10_0.dat Generated.
it=10	mon=[0]	energy=-35.695577
it=10	mon=[1]	energy=-41.378908
##SCC itera=10  conv=6  energy =    -112.77590617  energy0 =     -87.26313589  (  29.614196 )
./integ_temp/int_propane_2_5_2_5_corr_mono_0_11_0.dat -> 750 eris
./integ_temp/int_propane_2_5_2_5_corr_mono_2_11_0.dat -> 750 eris
./integ_temp/int_propane_2_5_2_5_corr_mono_1_11_0.dat -> 12597 eris
pyscript : VQE for ./integ_temp/int_propane_2_5_2_5_corr_mono_0_11_0.dat spawned.
pyscript : VQE for ./integ_temp/int_propane_2_5_2_5_corr_mono_2_11_0.dat spawned.
pyscript : VQE for ./integ_temp/int_propane_2_5_2_5_corr_mono_1_11_0.dat spawned.
pyscript : output ./result_temp/res_propane_2_5_2_5_corr_mono_2_11_0.dat Generated.
pyscript : output ./result_temp/res_propane_2_5_2_5_corr_mono_0_11_0.dat Generated.
it=11	mon=[2]	energy=-35.701407
pyscript : output ./result_temp/res_propane_2_5_2_5_corr_mono_1_11_0.dat Generated.
it=11	mon=[0]	energy=-35.695558
it=11	mon=[1]	energy=-41.378889
##SCC itera=11  conv=7  energy =    -112.77585441  energy0 =     -87.26313968  (  28.583918 )
./integ_temp/int_propane_2_5_2_5_corr_mono_0_12_0.dat -> 750 eris
./integ_temp/int_propane_2_5_2_5_corr_mono_2_12_0.dat -> 750 eris
./integ_temp/int_propane_2_5_2_5_corr_mono_1_12_0.dat -> 12597 eris
pyscript : VQE for ./integ_temp/int_propane_2_5_2_5_corr_mono_0_12_0.dat spawned.
pyscript : VQE for ./integ_temp/int_propane_2_5_2_5_corr_mono_2_12_0.dat spawned.
pyscript : VQE for ./integ_temp/int_propane_2_5_2_5_corr_mono_1_12_0.dat spawned.
pyscript : output ./result_temp/res_propane_2_5_2_5_corr_mono_0_12_0.dat Generated.
pyscript : output ./result_temp/res_propane_2_5_2_5_corr_mono_2_12_0.dat Generated.
pyscript : output ./result_temp/res_propane_2_5_2_5_corr_mono_1_12_0.dat Generated.
it=12	mon=[0]	energy=-35.695562
it=12	mon=[2]	energy=-35.701415
it=12	mon=[1]	energy=-41.378889
##SCC itera=12  conv=7  energy =    -112.77586636  energy0 =     -87.26313959  (  28.580169 )
==== SCC converged ====
##T         ---- Finish SCC procedure ---- : lap time= 350.132050 ( total etime= 350.306223 )
./integ_temp/int_propane_2_5_2_5_corr_dim_2-0_130_0.dat -> 9996 eris
pyscript : VQE for ./integ_temp/int_propane_2_5_2_5_corr_dim_2-0_130_0.dat spawned.
./integ_temp/int_propane_2_5_2_5_corr_dim_2-1_130_0.dat -> 23485 eris
./integ_temp/int_propane_2_5_2_5_corr_dim_0-1_130_0.dat -> 23485 eris
pyscript : VQE for ./integ_temp/int_propane_2_5_2_5_corr_dim_2-1_130_0.dat spawned.
pyscript : VQE for ./integ_temp/int_propane_2_5_2_5_corr_dim_0-1_130_0.dat spawned.
pyscript : output ./result_temp/res_propane_2_5_2_5_corr_dim_2-0_130_0.dat Generated.
it=130	mon=[2, 0]	energy=-70.878704
# E=   -70.8787041996 E-DV=   -49.5149936313 DV=   -21.3637105684 DDV=    -0.0026483483
pyscript : output ./result_temp/res_propane_2_5_2_5_corr_dim_2-1_130_0.dat Generated.
pyscript : output ./result_temp/res_propane_2_5_2_5_corr_dim_0-1_130_0.dat Generated.
it=130	mon=[0, 1]	energy=-79.344718
# E=   -79.3447175829 E-DV=   -77.2879506256 DV=    -2.0567669573 DDV=     0.0189508078
it=130	mon=[2, 1]	energy=-79.346934
# E=   -79.3469338782 E-DV=   -77.2893724038 DV=    -2.0575614744 DDV=     0.0193416313
##T    ---- Finish to Calc. Dimer SCF ---- : lap time=  16.923687 ( total etime= 367.229918 )
       ( # of scf dimer = 3 )
        dE0(SCF dimer) =     -29.53039339
##T     ---- Finish to Calc. ES Dimer ---- : lap time=   0.000083 ( total etime= 367.230031 )
    (# of ES dimer = 0)
    dE0(ES dimer) =       0.00000000
    total energy(FMO) =    -116.79353298
##T  -- All workers have been destroyed -- : lap time=   0.000030 ( total etime= 367.230065 )
---- ATOMIC POPULATION DATA -----
   SN AN  ATOMIC POP  NET CHARGE
---------------------------------
    1  6       6.193      -0.193
    2  1       0.937       0.063
    3  1       0.937       0.063
    4  1       0.939       0.061
    5  6       6.111      -0.111
    6  1       0.938       0.062
    7  1       0.937       0.063
    8  6       6.193      -0.193
    9  1       0.940       0.060
   10  1       0.938       0.062
   11  1       0.937       0.063
---------------------------------
total charge =      0.000
---------------------------------
##T    -- calc AO and atomic population -- : lap time=   0.000065 ( total etime= 367.230134 )
##T   -- All mservs have been destroyed -- : lap time=   0.000012 ( total etime= 367.230149 )
