Will Run VQE
ngroup       = 3
nioprocs     = 1
niogroup     = 1
nmaxprocs    = 5
group size   = 1
# of threads = 48
nintic       = 2048
input file name       = ./samples/propane_FMO1.inp
prefix of output file = 
local input dir.      = ./
# of total invoked procs = 5 (=1iog*1iop+1+3gr*1pr)
master host name = gwonhaklee-System-Product-Name
-----------------------------------------------------
 # of data = 11
nfrag = 3
##T                  Finish Initialization : lap time=   0.000130 ( total etime=   0.000130 )
****** LIST OF HOST NAME (MSERV(ID=0))******
rank=  0 : gwonhaklee-System-Product-Name
********************************
##T        Finish to Create Memory Servers : lap time=   0.038507 ( total etime=   0.038656 )
****** LIST OF HOST NAME (WORKER(ID=0)) ******
rank=  0 : gwonhaklee-System-Product-Name
********************************
****** LIST OF HOST NAME (WORKER(ID=1)) ******
rank=  0 : gwonhaklee-System-Product-Name
********************************
##T               Finish to Create Workers : lap time=   0.659996 ( total etime=   0.698664 )
****** LIST OF HOST NAME (WORKER(ID=2)) ******
rank=  0 : gwonhaklee-System-Product-Name
********************************
##T     Finish to Connect Mservs & Workers : lap time=   0.371974 ( total etime=   1.070660 )
calc. inter-frag distance list = 1
##T    Finish to Calculate Initial Density : lap time=   0.079826 ( total etime=   1.158612 )
---- start SCC (maxscc=30, sccconv=7) ----
./integ_temp/int_propane_1_5_2_10_cal_mono_0_1_0.dat -> 750 eris
./integ_temp/int_propane_1_5_2_10_cal_mono_2_1_0.dat -> 750 eris
./integ_temp/int_propane_1_5_2_10_cal_mono_1_1_0.dat -> 12597 eris
pyscript : VQE for ./integ_temp/int_propane_1_5_2_10_cal_mono_0_1_0.dat spawned.
pyscript : VQE for ./integ_temp/int_propane_1_5_2_10_cal_mono_2_1_0.dat spawned.
pyscript : VQE for ./integ_temp/int_propane_1_5_2_10_cal_mono_1_1_0.dat spawned.
pyscript : output ./result_temp/res_propane_1_5_2_10_cal_mono_0_1_0.dat Generated.
pyscript : output ./result_temp/res_propane_1_5_2_10_cal_mono_2_1_0.dat Generated.
it=1	mon=[0]	energy=-31.776749
it=1	mon=[2]	energy=-31.776413
pyscript : output ./result_temp/res_propane_1_5_2_10_cal_mono_1_1_0.dat Generated.
it=1	mon=[1]	energy=-40.855530
##SCC itera= 1  conv=2  energy =    -104.40869254  energy0 =     -87.41219800  (  10.768521 )
./integ_temp/int_propane_1_5_2_10_cal_mono_0_2_0.dat -> 750 eris
./integ_temp/int_propane_1_5_2_10_cal_mono_2_2_0.dat -> 750 eris
./integ_temp/int_propane_1_5_2_10_cal_mono_1_2_0.dat -> 12597 eris
pyscript : VQE for ./integ_temp/int_propane_1_5_2_10_cal_mono_2_2_0.dat spawned.
pyscript : VQE for ./integ_temp/int_propane_1_5_2_10_cal_mono_0_2_0.dat spawned.
pyscript : VQE for ./integ_temp/int_propane_1_5_2_10_cal_mono_1_2_0.dat spawned.
pyscript : output ./result_temp/res_propane_1_5_2_10_cal_mono_0_2_0.dat Generated.
pyscript : output ./result_temp/res_propane_1_5_2_10_cal_mono_2_2_0.dat Generated.
it=2	mon=[0]	energy=-35.689985
it=2	mon=[2]	energy=-35.689628
pyscript : output ./result_temp/res_propane_1_5_2_10_cal_mono_1_2_0.dat Generated.
it=2	mon=[1]	energy=-41.897415
##SCC itera= 2  conv=2  energy =    -113.27702782  energy0 =     -87.13316815  (   8.624356 )
./integ_temp/int_propane_1_5_2_10_cal_mono_2_3_0.dat -> 750 eris
./integ_temp/int_propane_1_5_2_10_cal_mono_0_3_0.dat -> 750 eris
./integ_temp/int_propane_1_5_2_10_cal_mono_1_3_0.dat -> 12597 eris
pyscript : VQE for ./integ_temp/int_propane_1_5_2_10_cal_mono_0_3_0.dat spawned.
pyscript : VQE for ./integ_temp/int_propane_1_5_2_10_cal_mono_2_3_0.dat spawned.
pyscript : VQE for ./integ_temp/int_propane_1_5_2_10_cal_mono_1_3_0.dat spawned.
pyscript : output ./result_temp/res_propane_1_5_2_10_cal_mono_0_3_0.dat Generated.
pyscript : output ./result_temp/res_propane_1_5_2_10_cal_mono_2_3_0.dat Generated.
it=3	mon=[0]	energy=-35.581225
it=3	mon=[2]	energy=-35.579320
pyscript : output ./result_temp/res_propane_1_5_2_10_cal_mono_1_3_0.dat Generated.
it=3	mon=[1]	energy=-41.367493
##SCC itera= 3  conv=2  energy =    -112.52803878  energy0 =     -87.23626511  (  10.736261 )
./integ_temp/int_propane_1_5_2_10_cal_mono_0_4_0.dat -> 750 eris
./integ_temp/int_propane_1_5_2_10_cal_mono_2_4_0.dat -> 750 eris
./integ_temp/int_propane_1_5_2_10_cal_mono_1_4_0.dat -> 12597 eris
pyscript : VQE for ./integ_temp/int_propane_1_5_2_10_cal_mono_2_4_0.dat spawned.
pyscript : VQE for ./integ_temp/int_propane_1_5_2_10_cal_mono_0_4_0.dat spawned.
pyscript : VQE for ./integ_temp/int_propane_1_5_2_10_cal_mono_1_4_0.dat spawned.
pyscript : output ./result_temp/res_propane_1_5_2_10_cal_mono_2_4_0.dat Generated.
pyscript : output ./result_temp/res_propane_1_5_2_10_cal_mono_0_4_0.dat Generated.
it=4	mon=[0]	energy=-35.683841
it=4	mon=[2]	energy=-35.682663
pyscript : output ./result_temp/res_propane_1_5_2_10_cal_mono_1_4_0.dat Generated.
it=4	mon=[1]	energy=-41.396530
##SCC itera= 4  conv=2  energy =    -112.76303387  energy0 =     -87.22329681  (  10.748324 )
./integ_temp/int_propane_1_5_2_10_cal_mono_2_5_0.dat -> 750 eris
./integ_temp/int_propane_1_5_2_10_cal_mono_0_5_0.dat -> 750 eris
./integ_temp/int_propane_1_5_2_10_cal_mono_1_5_0.dat -> 12597 eris
pyscript : VQE for ./integ_temp/int_propane_1_5_2_10_cal_mono_2_5_0.dat spawned.
pyscript : VQE for ./integ_temp/int_propane_1_5_2_10_cal_mono_0_5_0.dat spawned.
pyscript : VQE for ./integ_temp/int_propane_1_5_2_10_cal_mono_1_5_0.dat spawned.
pyscript : output ./result_temp/res_propane_1_5_2_10_cal_mono_2_5_0.dat Generated.
pyscript : output ./result_temp/res_propane_1_5_2_10_cal_mono_0_5_0.dat Generated.
it=5	mon=[2]	energy=-35.680213
it=5	mon=[0]	energy=-35.681393
pyscript : output ./result_temp/res_propane_1_5_2_10_cal_mono_1_5_0.dat Generated.
it=5	mon=[1]	energy=-41.368653
##SCC itera= 5  conv=4  energy =    -112.73025921  energy0 =     -87.22791121  (  10.672252 )
./integ_temp/int_propane_1_5_2_10_cal_mono_2_6_0.dat -> 750 eris
./integ_temp/int_propane_1_5_2_10_cal_mono_0_6_0.dat -> 750 eris
./integ_temp/int_propane_1_5_2_10_cal_mono_1_6_0.dat -> 12597 eris
pyscript : VQE for ./integ_temp/int_propane_1_5_2_10_cal_mono_0_6_0.dat spawned.
pyscript : VQE for ./integ_temp/int_propane_1_5_2_10_cal_mono_2_6_0.dat spawned.
pyscript : VQE for ./integ_temp/int_propane_1_5_2_10_cal_mono_1_6_0.dat spawned.
pyscript : output ./result_temp/res_propane_1_5_2_10_cal_mono_0_6_0.dat Generated.
pyscript : output ./result_temp/res_propane_1_5_2_10_cal_mono_2_6_0.dat Generated.
it=6	mon=[0]	energy=-35.686547
it=6	mon=[2]	energy=-35.685544
pyscript : output ./result_temp/res_propane_1_5_2_10_cal_mono_1_6_0.dat Generated.
it=6	mon=[1]	energy=-41.370515
##SCC itera= 6  conv=4  energy =    -112.74260678  energy0 =     -87.22711110  (  10.839976 )
./integ_temp/int_propane_1_5_2_10_cal_mono_2_7_0.dat -> 750 eris
./integ_temp/int_propane_1_5_2_10_cal_mono_0_7_0.dat -> 750 eris
./integ_temp/int_propane_1_5_2_10_cal_mono_1_7_0.dat -> 12597 eris
pyscript : VQE for ./integ_temp/int_propane_1_5_2_10_cal_mono_2_7_0.dat spawned.
pyscript : VQE for ./integ_temp/int_propane_1_5_2_10_cal_mono_0_7_0.dat spawned.
pyscript : VQE for ./integ_temp/int_propane_1_5_2_10_cal_mono_1_7_0.dat spawned.
pyscript : output ./result_temp/res_propane_1_5_2_10_cal_mono_1_7_0.dat Generated.
pyscript : output ./result_temp/res_propane_1_5_2_10_cal_mono_2_7_0.dat Generated.
pyscript : output ./result_temp/res_propane_1_5_2_10_cal_mono_0_7_0.dat Generated.
it=7	mon=[1]	energy=-41.369113
it=7	mon=[2]	energy=-35.685126
it=7	mon=[0]	energy=-35.686227
##SCC itera= 7  conv=4  energy =    -112.74046621  energy0 =     -87.22632172  (   7.100333 )
./integ_temp/int_propane_1_5_2_10_cal_mono_2_8_0.dat -> 750 eris
./integ_temp/int_propane_1_5_2_10_cal_mono_0_8_0.dat -> 750 eris
./integ_temp/int_propane_1_5_2_10_cal_mono_1_8_0.dat -> 12597 eris
pyscript : VQE for ./integ_temp/int_propane_1_5_2_10_cal_mono_0_8_0.dat spawned.
pyscript : VQE for ./integ_temp/int_propane_1_5_2_10_cal_mono_2_8_0.dat spawned.
pyscript : output ./result_temp/res_propane_1_5_2_10_cal_mono_0_8_0.dat Generated.
pyscript : output ./result_temp/res_propane_1_5_2_10_cal_mono_2_8_0.dat Generated.
pyscript : VQE for ./integ_temp/int_propane_1_5_2_10_cal_mono_1_8_0.dat spawned.
it=8	mon=[2]	energy=-35.685378
it=8	mon=[0]	energy=-35.686419
pyscript : output ./result_temp/res_propane_1_5_2_10_cal_mono_1_8_0.dat Generated.
it=8	mon=[1]	energy=-41.369242
##SCC itera= 8  conv=6  energy =    -112.74103923  energy0 =     -87.22745777  (  10.813992 )
./integ_temp/int_propane_1_5_2_10_cal_mono_0_9_0.dat -> 750 eris
./integ_temp/int_propane_1_5_2_10_cal_mono_2_9_0.dat -> 750 eris
./integ_temp/int_propane_1_5_2_10_cal_mono_1_9_0.dat -> 12597 eris
pyscript : VQE for ./integ_temp/int_propane_1_5_2_10_cal_mono_0_9_0.dat spawned.
pyscript : VQE for ./integ_temp/int_propane_1_5_2_10_cal_mono_2_9_0.dat spawned.
pyscript : VQE for ./integ_temp/int_propane_1_5_2_10_cal_mono_1_9_0.dat spawned.
pyscript : output ./result_temp/res_propane_1_5_2_10_cal_mono_0_9_0.dat Generated.
pyscript : output ./result_temp/res_propane_1_5_2_10_cal_mono_2_9_0.dat Generated.
it=9	mon=[0]	energy=-35.686373
it=9	mon=[2]	energy=-35.685310
pyscript : output ./result_temp/res_propane_1_5_2_10_cal_mono_1_9_0.dat Generated.
it=9	mon=[1]	energy=-41.369143
##SCC itera= 9  conv=6  energy =    -112.74082572  energy0 =     -87.22734095  (  10.671743 )
./integ_temp/int_propane_1_5_2_10_cal_mono_0_10_0.dat -> 750 eris
./integ_temp/int_propane_1_5_2_10_cal_mono_2_10_0.dat -> 750 eris
./integ_temp/int_propane_1_5_2_10_cal_mono_1_10_0.dat -> 12597 eris
pyscript : VQE for ./integ_temp/int_propane_1_5_2_10_cal_mono_2_10_0.dat spawned.
pyscript : VQE for ./integ_temp/int_propane_1_5_2_10_cal_mono_0_10_0.dat spawned.
pyscript : output ./result_temp/res_propane_1_5_2_10_cal_mono_2_10_0.dat Generated.
pyscript : VQE for ./integ_temp/int_propane_1_5_2_10_cal_mono_1_10_0.dat spawned.
it=10	mon=[2]	energy=-35.685333
pyscript : output ./result_temp/res_propane_1_5_2_10_cal_mono_0_10_0.dat Generated.
it=10	mon=[0]	energy=-35.686398
pyscript : output ./result_temp/res_propane_1_5_2_10_cal_mono_1_10_0.dat Generated.
it=10	mon=[1]	energy=-41.369152
##SCC itera=10  conv=6  energy =    -112.74088279  energy0 =     -87.22733614  (  10.539651 )
./integ_temp/int_propane_1_5_2_10_cal_mono_2_11_0.dat -> 750 eris
./integ_temp/int_propane_1_5_2_10_cal_mono_0_11_0.dat -> 750 eris
./integ_temp/int_propane_1_5_2_10_cal_mono_1_11_0.dat -> 12597 eris
pyscript : VQE for ./integ_temp/int_propane_1_5_2_10_cal_mono_0_11_0.dat spawned.
pyscript : VQE for ./integ_temp/int_propane_1_5_2_10_cal_mono_2_11_0.dat spawned.
pyscript : output ./result_temp/res_propane_1_5_2_10_cal_mono_2_11_0.dat Generated.
pyscript : VQE for ./integ_temp/int_propane_1_5_2_10_cal_mono_1_11_0.dat spawned.
it=11	mon=[2]	energy=-35.685331
pyscript : output ./result_temp/res_propane_1_5_2_10_cal_mono_0_11_0.dat Generated.
it=11	mon=[0]	energy=-35.686394
pyscript : output ./result_temp/res_propane_1_5_2_10_cal_mono_1_11_0.dat Generated.
it=11	mon=[1]	energy=-41.369144
##SCC itera=11  conv=7  energy =    -112.74086931  energy0 =     -87.22734284  (  10.891953 )
./integ_temp/int_propane_1_5_2_10_cal_mono_2_12_0.dat -> 750 eris
./integ_temp/int_propane_1_5_2_10_cal_mono_0_12_0.dat -> 750 eris
./integ_temp/int_propane_1_5_2_10_cal_mono_1_12_0.dat -> 12597 eris
pyscript : VQE for ./integ_temp/int_propane_1_5_2_10_cal_mono_0_12_0.dat spawned.
pyscript : VQE for ./integ_temp/int_propane_1_5_2_10_cal_mono_2_12_0.dat spawned.
pyscript : VQE for ./integ_temp/int_propane_1_5_2_10_cal_mono_1_12_0.dat spawned.
pyscript : output ./result_temp/res_propane_1_5_2_10_cal_mono_2_12_0.dat Generated.
pyscript : output ./result_temp/res_propane_1_5_2_10_cal_mono_0_12_0.dat Generated.
it=12	mon=[2]	energy=-35.685331
it=12	mon=[0]	energy=-35.686398
pyscript : output ./result_temp/res_propane_1_5_2_10_cal_mono_1_12_0.dat Generated.
it=12	mon=[1]	energy=-41.369144
##SCC itera=12  conv=7  energy =    -112.74087330  energy0 =     -87.22733692  (  10.776204 )
./integ_temp/int_propane_1_5_2_10_cal_mono_2_13_0.dat -> 750 eris
./integ_temp/int_propane_1_5_2_10_cal_mono_0_13_0.dat -> 750 eris
./integ_temp/int_propane_1_5_2_10_cal_mono_1_13_0.dat -> 12597 eris
pyscript : VQE for ./integ_temp/int_propane_1_5_2_10_cal_mono_0_13_0.dat spawned.
pyscript : VQE for ./integ_temp/int_propane_1_5_2_10_cal_mono_2_13_0.dat spawned.
pyscript : VQE for ./integ_temp/int_propane_1_5_2_10_cal_mono_1_13_0.dat spawned.
pyscript : output ./result_temp/res_propane_1_5_2_10_cal_mono_0_13_0.dat Generated.
pyscript : output ./result_temp/res_propane_1_5_2_10_cal_mono_2_13_0.dat Generated.
it=13	mon=[0]	energy=-35.686398
it=13	mon=[2]	energy=-35.685331
pyscript : output ./result_temp/res_propane_1_5_2_10_cal_mono_1_13_0.dat Generated.
it=13	mon=[1]	energy=-41.369144
##SCC itera=13  conv=7  energy =    -112.74087330  energy0 =     -87.22733698  (  10.967953 )
==== SCC converged ====
##T         ---- Finish SCC procedure ---- : lap time= 134.212656 ( total etime= 135.371283 )
./integ_temp/int_propane_1_5_2_10_cal_dim_2-0_130_0.dat -> 9996 eris
pyscript : VQE for ./integ_temp/int_propane_1_5_2_10_cal_dim_2-0_130_0.dat spawned.
./integ_temp/int_propane_1_5_2_10_cal_dim_2-1_130_0.dat -> 23485 eris
./integ_temp/int_propane_1_5_2_10_cal_dim_0-1_130_0.dat -> 23485 eris
pyscript : VQE for ./integ_temp/int_propane_1_5_2_10_cal_dim_2-1_130_0.dat spawned.
pyscript : VQE for ./integ_temp/int_propane_1_5_2_10_cal_dim_0-1_130_0.dat spawned.
pyscript : output ./result_temp/res_propane_1_5_2_10_cal_dim_2-0_130_0.dat Generated.
it=130	mon=[2, 0]	energy=-70.885019
pyscript : output ./result_temp/res_propane_1_5_2_10_cal_dim_2-1_130_0.dat Generated.
pyscript : output ./result_temp/res_propane_1_5_2_10_cal_dim_0-1_130_0.dat Generated.
it=130	mon=[2, 1]	energy=-79.348096
it=130	mon=[0, 1]	energy=-79.346319
##T    ---- Finish to Calc. Dimer SCF ---- : lap time=  74.995364 ( total etime= 210.366653 )
       ( # of scf dimer = 3 )
        dE0(SCF dimer) =     -29.60933521
##T     ---- Finish to Calc. ES Dimer ---- : lap time=   0.000076 ( total etime= 210.366751 )
    (# of ES dimer = 0)
    dE0(ES dimer) =       0.00000000
    total energy(FMO) =    -116.83667220
##T  -- All workers have been destroyed -- : lap time=   0.000042 ( total etime= 210.366799 )
---- ATOMIC POPULATION DATA -----
   SN AN  ATOMIC POP  NET CHARGE
---------------------------------
    1  6       6.194      -0.194
    2  1       0.937       0.063
    3  1       0.937       0.063
    4  1       0.939       0.061
    5  6       6.110      -0.110
    6  1       0.937       0.063
    7  1       0.937       0.063
    8  6       6.193      -0.193
    9  1       0.940       0.060
   10  1       0.938       0.062
   11  1       0.937       0.063
---------------------------------
total charge =     -0.000
---------------------------------
##T    -- calc AO and atomic population -- : lap time=   0.000075 ( total etime= 210.366879 )
##T   -- All mservs have been destroyed -- : lap time=   0.000013 ( total etime= 210.366896 )
