Will Run VQE
ngroup       = 3
nioprocs     = 1
niogroup     = 1
nmaxprocs    = 5
group size   = 1
# of threads = 48
nintic       = 2048
input file name       = ./samples/propane_FMO1.inp
prefix of output file = 
local input dir.      = ./
# of total invoked procs = 5 (=1iog*1iop+1+3gr*1pr)
master host name = gwonhaklee-System-Product-Name
-----------------------------------------------------
 # of data = 11
nfrag = 3
##T                  Finish Initialization : lap time=   0.000132 ( total etime=   0.000132 )
****** LIST OF HOST NAME (MSERV(ID=0))******
rank=  0 : gwonhaklee-System-Product-Name
********************************
##T        Finish to Create Memory Servers : lap time=   0.077926 ( total etime=   0.078076 )
****** LIST OF HOST NAME (WORKER(ID=0)) ******
rank=  0 : gwonhaklee-System-Product-Name
********************************
****** LIST OF HOST NAME (WORKER(ID=1)) ******
rank=  0 : gwonhaklee-System-Product-Name
********************************
##T               Finish to Create Workers : lap time=   0.297327 ( total etime=   0.375417 )
****** LIST OF HOST NAME (WORKER(ID=2)) ******
rank=  0 : gwonhaklee-System-Product-Name
********************************
##T     Finish to Connect Mservs & Workers : lap time=   0.347109 ( total etime=   0.722542 )
calc. inter-frag distance list = 1
##T    Finish to Calculate Initial Density : lap time=   0.035993 ( total etime=   0.818485 )
---- start SCC (maxscc=30, sccconv=7) ----
./integ_temp/int_propane_1_5_4_10_cal_mono_0_1_0.dat -> 750 eris
./integ_temp/int_propane_1_5_4_10_cal_mono_2_1_0.dat -> 750 eris
./integ_temp/int_propane_1_5_4_10_cal_mono_1_1_0.dat -> 12597 eris
pyscript : VQE for ./integ_temp/int_propane_1_5_4_10_cal_mono_2_1_0.dat spawned.
pyscript : VQE for ./integ_temp/int_propane_1_5_4_10_cal_mono_0_1_0.dat spawned.
pyscript : VQE for ./integ_temp/int_propane_1_5_4_10_cal_mono_1_1_0.dat spawned.
pyscript : output ./result_temp/res_propane_1_5_4_10_cal_mono_0_1_0.dat Generated.
pyscript : output ./result_temp/res_propane_1_5_4_10_cal_mono_2_1_0.dat Generated.
it=1	mon=[0]	energy=-31.776749
it=1	mon=[2]	energy=-31.776413
pyscript : output ./result_temp/res_propane_1_5_4_10_cal_mono_1_1_0.dat Generated.
it=1	mon=[1]	energy=-40.855530
##SCC itera= 1  conv=2  energy =    -104.40869254  energy0 =     -87.41219800  (   9.768253 )
./integ_temp/int_propane_1_5_4_10_cal_mono_0_2_0.dat -> 750 eris
./integ_temp/int_propane_1_5_4_10_cal_mono_2_2_0.dat -> 750 eris
./integ_temp/int_propane_1_5_4_10_cal_mono_1_2_0.dat -> 12597 eris
pyscript : VQE for ./integ_temp/int_propane_1_5_4_10_cal_mono_0_2_0.dat spawned.
pyscript : VQE for ./integ_temp/int_propane_1_5_4_10_cal_mono_2_2_0.dat spawned.
pyscript : VQE for ./integ_temp/int_propane_1_5_4_10_cal_mono_1_2_0.dat spawned.
pyscript : output ./result_temp/res_propane_1_5_4_10_cal_mono_2_2_0.dat Generated.
pyscript : output ./result_temp/res_propane_1_5_4_10_cal_mono_0_2_0.dat Generated.
it=2	mon=[0]	energy=-35.689985
it=2	mon=[2]	energy=-35.689628
pyscript : output ./result_temp/res_propane_1_5_4_10_cal_mono_1_2_0.dat Generated.
it=2	mon=[1]	energy=-41.897415
##SCC itera= 2  conv=2  energy =    -113.27702782  energy0 =     -87.13316815  (   8.684018 )
./integ_temp/int_propane_1_5_4_10_cal_mono_2_3_0.dat -> 750 eris
./integ_temp/int_propane_1_5_4_10_cal_mono_0_3_0.dat -> 750 eris
./integ_temp/int_propane_1_5_4_10_cal_mono_1_3_0.dat -> 12597 eris
pyscript : VQE for ./integ_temp/int_propane_1_5_4_10_cal_mono_0_3_0.dat spawned.
pyscript : VQE for ./integ_temp/int_propane_1_5_4_10_cal_mono_2_3_0.dat spawned.
pyscript : VQE for ./integ_temp/int_propane_1_5_4_10_cal_mono_1_3_0.dat spawned.
pyscript : output ./result_temp/res_propane_1_5_4_10_cal_mono_0_3_0.dat Generated.
pyscript : output ./result_temp/res_propane_1_5_4_10_cal_mono_2_3_0.dat Generated.
it=3	mon=[2]	energy=-35.579320
it=3	mon=[0]	energy=-35.581225
pyscript : output ./result_temp/res_propane_1_5_4_10_cal_mono_1_3_0.dat Generated.
it=3	mon=[1]	energy=-41.367493
##SCC itera= 3  conv=2  energy =    -112.52803878  energy0 =     -87.23626511  (  10.719818 )
./integ_temp/int_propane_1_5_4_10_cal_mono_0_4_0.dat -> 750 eris
./integ_temp/int_propane_1_5_4_10_cal_mono_2_4_0.dat -> 750 eris
./integ_temp/int_propane_1_5_4_10_cal_mono_1_4_0.dat -> 12597 eris
pyscript : VQE for ./integ_temp/int_propane_1_5_4_10_cal_mono_2_4_0.dat spawned.
pyscript : VQE for ./integ_temp/int_propane_1_5_4_10_cal_mono_0_4_0.dat spawned.
pyscript : VQE for ./integ_temp/int_propane_1_5_4_10_cal_mono_1_4_0.dat spawned.
pyscript : output ./result_temp/res_propane_1_5_4_10_cal_mono_2_4_0.dat Generated.
pyscript : output ./result_temp/res_propane_1_5_4_10_cal_mono_0_4_0.dat Generated.
it=4	mon=[2]	energy=-35.682663
it=4	mon=[0]	energy=-35.683841
pyscript : output ./result_temp/res_propane_1_5_4_10_cal_mono_1_4_0.dat Generated.
it=4	mon=[1]	energy=-41.396530
##SCC itera= 4  conv=2  energy =    -112.76303387  energy0 =     -87.22329681  (  10.823647 )
./integ_temp/int_propane_1_5_4_10_cal_mono_2_5_0.dat -> 750 eris
./integ_temp/int_propane_1_5_4_10_cal_mono_0_5_0.dat -> 750 eris
./integ_temp/int_propane_1_5_4_10_cal_mono_1_5_0.dat -> 12597 eris
pyscript : VQE for ./integ_temp/int_propane_1_5_4_10_cal_mono_2_5_0.dat spawned.
pyscript : VQE for ./integ_temp/int_propane_1_5_4_10_cal_mono_0_5_0.dat spawned.
pyscript : VQE for ./integ_temp/int_propane_1_5_4_10_cal_mono_1_5_0.dat spawned.
pyscript : output ./result_temp/res_propane_1_5_4_10_cal_mono_2_5_0.dat Generated.
pyscript : output ./result_temp/res_propane_1_5_4_10_cal_mono_0_5_0.dat Generated.
it=5	mon=[2]	energy=-35.680213
it=5	mon=[0]	energy=-35.681393
pyscript : output ./result_temp/res_propane_1_5_4_10_cal_mono_1_5_0.dat Generated.
it=5	mon=[1]	energy=-41.368653
##SCC itera= 5  conv=4  energy =    -112.73025921  energy0 =     -87.22791097  (  10.576451 )
./integ_temp/int_propane_1_5_4_10_cal_mono_2_6_0.dat -> 750 eris
./integ_temp/int_propane_1_5_4_10_cal_mono_0_6_0.dat -> 750 eris
./integ_temp/int_propane_1_5_4_10_cal_mono_1_6_0.dat -> 12597 eris
pyscript : VQE for ./integ_temp/int_propane_1_5_4_10_cal_mono_0_6_0.dat spawned.
pyscript : VQE for ./integ_temp/int_propane_1_5_4_10_cal_mono_2_6_0.dat spawned.
pyscript : VQE for ./integ_temp/int_propane_1_5_4_10_cal_mono_1_6_0.dat spawned.
pyscript : output ./result_temp/res_propane_1_5_4_10_cal_mono_0_6_0.dat Generated.
it=6	mon=[0]	energy=-35.686547
pyscript : output ./result_temp/res_propane_1_5_4_10_cal_mono_2_6_0.dat Generated.
it=6	mon=[2]	energy=-35.685544
pyscript : output ./result_temp/res_propane_1_5_4_10_cal_mono_1_6_0.dat Generated.
it=6	mon=[1]	energy=-41.370515
##SCC itera= 6  conv=4  energy =    -112.74260678  energy0 =     -87.22711140  (  10.835763 )
./integ_temp/int_propane_1_5_4_10_cal_mono_2_7_0.dat -> 750 eris
./integ_temp/int_propane_1_5_4_10_cal_mono_0_7_0.dat -> 750 eris
./integ_temp/int_propane_1_5_4_10_cal_mono_1_7_0.dat -> 12597 eris
pyscript : VQE for ./integ_temp/int_propane_1_5_4_10_cal_mono_0_7_0.dat spawned.
pyscript : VQE for ./integ_temp/int_propane_1_5_4_10_cal_mono_2_7_0.dat spawned.
pyscript : VQE for ./integ_temp/int_propane_1_5_4_10_cal_mono_1_7_0.dat spawned.
pyscript : output ./result_temp/res_propane_1_5_4_10_cal_mono_0_7_0.dat Generated.
pyscript : output ./result_temp/res_propane_1_5_4_10_cal_mono_2_7_0.dat Generated.
it=7	mon=[0]	energy=-35.686227
pyscript : output ./result_temp/res_propane_1_5_4_10_cal_mono_1_7_0.dat Generated.
it=7	mon=[1]	energy=-41.369113
it=7	mon=[2]	energy=-35.685126
##SCC itera= 7  conv=4  energy =    -112.74046621  energy0 =     -87.22632171  (   7.075643 )
./integ_temp/int_propane_1_5_4_10_cal_mono_2_8_0.dat -> 750 eris
./integ_temp/int_propane_1_5_4_10_cal_mono_0_8_0.dat -> 750 eris
./integ_temp/int_propane_1_5_4_10_cal_mono_1_8_0.dat -> 12597 eris
pyscript : VQE for ./integ_temp/int_propane_1_5_4_10_cal_mono_0_8_0.dat spawned.
pyscript : VQE for ./integ_temp/int_propane_1_5_4_10_cal_mono_2_8_0.dat spawned.
pyscript : output ./result_temp/res_propane_1_5_4_10_cal_mono_0_8_0.dat Generated.
pyscript : VQE for ./integ_temp/int_propane_1_5_4_10_cal_mono_1_8_0.dat spawned.
it=8	mon=[0]	energy=-35.686419
pyscript : output ./result_temp/res_propane_1_5_4_10_cal_mono_2_8_0.dat Generated.
it=8	mon=[2]	energy=-35.685378
pyscript : output ./result_temp/res_propane_1_5_4_10_cal_mono_1_8_0.dat Generated.
it=8	mon=[1]	energy=-41.369242
##SCC itera= 8  conv=6  energy =    -112.74103924  energy0 =     -87.22745591  (  10.215822 )
./integ_temp/int_propane_1_5_4_10_cal_mono_0_9_0.dat -> 750 eris
./integ_temp/int_propane_1_5_4_10_cal_mono_2_9_0.dat -> 750 eris
./integ_temp/int_propane_1_5_4_10_cal_mono_1_9_0.dat -> 12597 eris
pyscript : VQE for ./integ_temp/int_propane_1_5_4_10_cal_mono_0_9_0.dat spawned.
pyscript : VQE for ./integ_temp/int_propane_1_5_4_10_cal_mono_2_9_0.dat spawned.
pyscript : VQE for ./integ_temp/int_propane_1_5_4_10_cal_mono_1_9_0.dat spawned.
pyscript : output ./result_temp/res_propane_1_5_4_10_cal_mono_0_9_0.dat Generated.
it=9	mon=[0]	energy=-35.686373
pyscript : output ./result_temp/res_propane_1_5_4_10_cal_mono_2_9_0.dat Generated.
it=9	mon=[2]	energy=-35.685310
pyscript : output ./result_temp/res_propane_1_5_4_10_cal_mono_1_9_0.dat Generated.
it=9	mon=[1]	energy=-41.369143
##SCC itera= 9  conv=6  energy =    -112.74082571  energy0 =     -87.22734090  (  10.475956 )
./integ_temp/int_propane_1_5_4_10_cal_mono_0_10_0.dat -> 750 eris
./integ_temp/int_propane_1_5_4_10_cal_mono_2_10_0.dat -> 750 eris
./integ_temp/int_propane_1_5_4_10_cal_mono_1_10_0.dat -> 12597 eris
pyscript : VQE for ./integ_temp/int_propane_1_5_4_10_cal_mono_0_10_0.dat spawned.
pyscript : VQE for ./integ_temp/int_propane_1_5_4_10_cal_mono_2_10_0.dat spawned.
pyscript : output ./result_temp/res_propane_1_5_4_10_cal_mono_2_10_0.dat Generated.
it=10	mon=[2]	energy=-35.685333
pyscript : VQE for ./integ_temp/int_propane_1_5_4_10_cal_mono_1_10_0.dat spawned.
pyscript : output ./result_temp/res_propane_1_5_4_10_cal_mono_0_10_0.dat Generated.
it=10	mon=[0]	energy=-35.686398
pyscript : output ./result_temp/res_propane_1_5_4_10_cal_mono_1_10_0.dat Generated.
it=10	mon=[1]	energy=-41.369152
##SCC itera=10  conv=6  energy =    -112.74088279  energy0 =     -87.22733590  (  10.947796 )
./integ_temp/int_propane_1_5_4_10_cal_mono_2_11_0.dat -> 750 eris
./integ_temp/int_propane_1_5_4_10_cal_mono_0_11_0.dat -> 750 eris
./integ_temp/int_propane_1_5_4_10_cal_mono_1_11_0.dat -> 12597 eris
pyscript : VQE for ./integ_temp/int_propane_1_5_4_10_cal_mono_2_11_0.dat spawned.
pyscript : VQE for ./integ_temp/int_propane_1_5_4_10_cal_mono_0_11_0.dat spawned.
pyscript : output ./result_temp/res_propane_1_5_4_10_cal_mono_2_11_0.dat Generated.
pyscript : VQE for ./integ_temp/int_propane_1_5_4_10_cal_mono_1_11_0.dat spawned.
it=11	mon=[2]	energy=-35.685331
pyscript : output ./result_temp/res_propane_1_5_4_10_cal_mono_0_11_0.dat Generated.
it=11	mon=[0]	energy=-35.686394
pyscript : output ./result_temp/res_propane_1_5_4_10_cal_mono_1_11_0.dat Generated.
it=11	mon=[1]	energy=-41.369144
##SCC itera=11  conv=7  energy =    -112.74086931  energy0 =     -87.22734249  (  10.648393 )
./integ_temp/int_propane_1_5_4_10_cal_mono_2_12_0.dat -> 750 eris
./integ_temp/int_propane_1_5_4_10_cal_mono_0_12_0.dat -> 750 eris
./integ_temp/int_propane_1_5_4_10_cal_mono_1_12_0.dat -> 12597 eris
pyscript : VQE for ./integ_temp/int_propane_1_5_4_10_cal_mono_2_12_0.dat spawned.
pyscript : VQE for ./integ_temp/int_propane_1_5_4_10_cal_mono_0_12_0.dat spawned.
pyscript : VQE for ./integ_temp/int_propane_1_5_4_10_cal_mono_1_12_0.dat spawned.
pyscript : output ./result_temp/res_propane_1_5_4_10_cal_mono_2_12_0.dat Generated.
pyscript : output ./result_temp/res_propane_1_5_4_10_cal_mono_0_12_0.dat Generated.
it=12	mon=[2]	energy=-35.685331
it=12	mon=[0]	energy=-35.686398
pyscript : output ./result_temp/res_propane_1_5_4_10_cal_mono_1_12_0.dat Generated.
it=12	mon=[1]	energy=-41.369144
##SCC itera=12  conv=7  energy =    -112.74087330  energy0 =     -87.22733698  (   9.384560 )
./integ_temp/int_propane_1_5_4_10_cal_mono_0_13_0.dat -> 750 eris
./integ_temp/int_propane_1_5_4_10_cal_mono_2_13_0.dat -> 750 eris
./integ_temp/int_propane_1_5_4_10_cal_mono_1_13_0.dat -> 12597 eris
pyscript : VQE for ./integ_temp/int_propane_1_5_4_10_cal_mono_0_13_0.dat spawned.
pyscript : VQE for ./integ_temp/int_propane_1_5_4_10_cal_mono_2_13_0.dat spawned.
pyscript : VQE for ./integ_temp/int_propane_1_5_4_10_cal_mono_1_13_0.dat spawned.
pyscript : output ./result_temp/res_propane_1_5_4_10_cal_mono_0_13_0.dat Generated.
pyscript : output ./result_temp/res_propane_1_5_4_10_cal_mono_2_13_0.dat Generated.
it=13	mon=[0]	energy=-35.686398
it=13	mon=[2]	energy=-35.685331
pyscript : output ./result_temp/res_propane_1_5_4_10_cal_mono_1_13_0.dat Generated.
it=13	mon=[1]	energy=-41.369144
##SCC itera=13  conv=7  energy =    -112.74087331  energy0 =     -87.22733671  (  10.644266 )
./integ_temp/int_propane_1_5_4_10_cal_mono_2_14_0.dat -> 750 eris
./integ_temp/int_propane_1_5_4_10_cal_mono_0_14_0.dat -> 750 eris
./integ_temp/int_propane_1_5_4_10_cal_mono_1_14_0.dat -> 12597 eris
pyscript : VQE for ./integ_temp/int_propane_1_5_4_10_cal_mono_2_14_0.dat spawned.
pyscript : VQE for ./integ_temp/int_propane_1_5_4_10_cal_mono_0_14_0.dat spawned.
pyscript : VQE for ./integ_temp/int_propane_1_5_4_10_cal_mono_1_14_0.dat spawned.
pyscript : output ./result_temp/res_propane_1_5_4_10_cal_mono_0_14_0.dat Generated.
pyscript : output ./result_temp/res_propane_1_5_4_10_cal_mono_2_14_0.dat Generated.
it=14	mon=[2]	energy=-35.685331
it=14	mon=[0]	energy=-35.686398
pyscript : output ./result_temp/res_propane_1_5_4_10_cal_mono_1_14_0.dat Generated.
it=14	mon=[1]	energy=-41.369144
##SCC itera=14  conv=7  energy =    -112.74087330  energy0 =     -87.22733659  (  10.828456 )
./integ_temp/int_propane_1_5_4_10_cal_mono_0_15_0.dat -> 750 eris
./integ_temp/int_propane_1_5_4_10_cal_mono_2_15_0.dat -> 750 eris
./integ_temp/int_propane_1_5_4_10_cal_mono_1_15_0.dat -> 12597 eris
pyscript : VQE for ./integ_temp/int_propane_1_5_4_10_cal_mono_2_15_0.dat spawned.
pyscript : VQE for ./integ_temp/int_propane_1_5_4_10_cal_mono_0_15_0.dat spawned.
pyscript : VQE for ./integ_temp/int_propane_1_5_4_10_cal_mono_1_15_0.dat spawned.
pyscript : output ./result_temp/res_propane_1_5_4_10_cal_mono_0_15_0.dat Generated.
pyscript : output ./result_temp/res_propane_1_5_4_10_cal_mono_2_15_0.dat Generated.
it=15	mon=[2]	energy=-35.685331
it=15	mon=[0]	energy=-35.686398
pyscript : output ./result_temp/res_propane_1_5_4_10_cal_mono_1_15_0.dat Generated.
it=15	mon=[1]	energy=-41.369144
##SCC itera=15  conv=7  energy =    -112.74087330  energy0 =     -87.22733688  (  10.968438 )
./integ_temp/int_propane_1_5_4_10_cal_mono_0_16_0.dat -> 750 eris
./integ_temp/int_propane_1_5_4_10_cal_mono_2_16_0.dat -> 750 eris
./integ_temp/int_propane_1_5_4_10_cal_mono_1_16_0.dat -> 12597 eris
pyscript : VQE for ./integ_temp/int_propane_1_5_4_10_cal_mono_0_16_0.dat spawned.
pyscript : VQE for ./integ_temp/int_propane_1_5_4_10_cal_mono_2_16_0.dat spawned.
pyscript : VQE for ./integ_temp/int_propane_1_5_4_10_cal_mono_1_16_0.dat spawned.
pyscript : output ./result_temp/res_propane_1_5_4_10_cal_mono_0_16_0.dat Generated.
pyscript : output ./result_temp/res_propane_1_5_4_10_cal_mono_2_16_0.dat Generated.
it=16	mon=[0]	energy=-35.686398
it=16	mon=[2]	energy=-35.685331
pyscript : output ./result_temp/res_propane_1_5_4_10_cal_mono_1_16_0.dat Generated.
it=16	mon=[1]	energy=-41.369144
##SCC itera=16  conv=7  energy =    -112.74087330  energy0 =     -87.22733693  (  10.836352 )
==== SCC converged ====
##T         ---- Finish SCC procedure ---- : lap time= 163.580667 ( total etime= 164.399163 )
./integ_temp/int_propane_1_5_4_10_cal_dim_2-0_130_0.dat -> 9996 eris
pyscript : VQE for ./integ_temp/int_propane_1_5_4_10_cal_dim_2-0_130_0.dat spawned.
./integ_temp/int_propane_1_5_4_10_cal_dim_0-1_130_0.dat -> 23485 eris
./integ_temp/int_propane_1_5_4_10_cal_dim_2-1_130_0.dat -> 23485 eris
pyscript : VQE for ./integ_temp/int_propane_1_5_4_10_cal_dim_0-1_130_0.dat spawned.
pyscript : VQE for ./integ_temp/int_propane_1_5_4_10_cal_dim_2-1_130_0.dat spawned.
pyscript : output ./result_temp/res_propane_1_5_4_10_cal_dim_0-1_130_0.dat Generated.
it=130	mon=[0, 1]	energy=-79.358428
pyscript : output ./result_temp/res_propane_1_5_4_10_cal_dim_2-0_130_0.dat Generated.
it=130	mon=[2, 0]	energy=-70.896863
pyscript : output ./result_temp/res_propane_1_5_4_10_cal_dim_2-1_130_0.dat Generated.
it=130	mon=[2, 1]	energy=-79.358364
##T    ---- Finish to Calc. Dimer SCF ---- : lap time= 435185.478277 ( total etime= 435349.877446 )
       ( # of scf dimer = 3 )
        dE0(SCF dimer) =     -29.64194866
##T     ---- Finish to Calc. ES Dimer ---- : lap time=   0.000076 ( total etime= 435349.877538 )
    (# of ES dimer = 0)
    dE0(ES dimer) =       0.00000000
    total energy(FMO) =    -116.86928559
##T  -- All workers have been destroyed -- : lap time=   0.000030 ( total etime= 435349.877574 )
---- ATOMIC POPULATION DATA -----
   SN AN  ATOMIC POP  NET CHARGE
---------------------------------
    1  6       6.194      -0.194
    2  1       0.937       0.063
    3  1       0.937       0.063
    4  1       0.939       0.061
    5  6       6.110      -0.110
    6  1       0.937       0.063
    7  1       0.937       0.063
    8  6       6.193      -0.193
    9  1       0.940       0.060
   10  1       0.938       0.062
   11  1       0.937       0.063
---------------------------------
total charge =     -0.000
---------------------------------
##T    -- calc AO and atomic population -- : lap time=   0.000068 ( total etime= 435349.877647 )
##T   -- All mservs have been destroyed -- : lap time=   0.000012 ( total etime= 435349.877663 )
