Will Run VQE
ngroup       = 3
nioprocs     = 1
niogroup     = 1
nmaxprocs    = 5
group size   = 1
# of threads = 48
nintic       = 2048
input file name       = ./samples/propane_FMO1.inp
prefix of output file = 
local input dir.      = ./
# of total invoked procs = 5 (=1iog*1iop+1+3gr*1pr)
master host name = gwonhaklee-System-Product-Name
-----------------------------------------------------
 # of data = 11
nfrag = 3
##T                  Finish Initialization : lap time=   0.000122 ( total etime=   0.000122 )
****** LIST OF HOST NAME (MSERV(ID=0))******
rank=  0 : gwonhaklee-System-Product-Name
********************************
##T        Finish to Create Memory Servers : lap time=   0.054447 ( total etime=   0.054585 )
****** LIST OF HOST NAME (WORKER(ID=0)) ******
rank=  0 : gwonhaklee-System-Product-Name
********************************
****** LIST OF HOST NAME (WORKER(ID=1)) ******
rank=  0 : gwonhaklee-System-Product-Name
********************************
****** LIST OF HOST NAME (WORKER(ID=2)) ******
rank=  0 : gwonhaklee-System-Product-Name
********************************
##T               Finish to Create Workers : lap time=   0.159002 ( total etime=   0.213597 )
##T     Finish to Connect Mservs & Workers : lap time=   0.020261 ( total etime=   0.233868 )
calc. inter-frag distance list = 0
##T    Finish to Calculate Initial Density : lap time=   0.001117 ( total etime=   0.235214 )
---- start SCC (maxscc=30, sccconv=7) ----
./integ_temp/int_propane_2_5_4_5_mono_2_1_0.dat -> 750 eris
./integ_temp/int_propane_2_5_4_5_mono_0_1_0.dat -> 750 eris
./integ_temp/int_propane_2_5_4_5_mono_1_1_0.dat -> 12597 eris
pyscript : VQE for ./integ_temp/int_propane_2_5_4_5_mono_2_1_0.dat spawned.
pyscript : VQE for ./integ_temp/int_propane_2_5_4_5_mono_0_1_0.dat spawned.
pyscript : VQE for ./integ_temp/int_propane_2_5_4_5_mono_1_1_0.dat spawned.
pyscript : output ./result_temp/res_propane_2_5_4_5_mono_0_1_0.dat Generated.
pyscript : output ./result_temp/res_propane_2_5_4_5_mono_1_1_0.dat Generated.
it=1	mon=[1]	energy=-40.867696
pyscript : output ./result_temp/res_propane_2_5_4_5_mono_2_1_0.dat Generated.
it=1	mon=[2]	energy=-31.793516
it=1	mon=[0]	energy=-31.793203
##SCC itera= 1  conv=2  energy =    -104.45441460  energy0 =     -87.45018801  (  28.022293 )
./integ_temp/int_propane_2_5_4_5_mono_0_2_0.dat -> 750 eris
./integ_temp/int_propane_2_5_4_5_mono_2_2_0.dat -> 750 eris
./integ_temp/int_propane_2_5_4_5_mono_1_2_0.dat -> 12597 eris
pyscript : VQE for ./integ_temp/int_propane_2_5_4_5_mono_0_2_0.dat spawned.
pyscript : VQE for ./integ_temp/int_propane_2_5_4_5_mono_2_2_0.dat spawned.
pyscript : VQE for ./integ_temp/int_propane_2_5_4_5_mono_1_2_0.dat spawned.
pyscript : output ./result_temp/res_propane_2_5_4_5_mono_2_2_0.dat Generated.
pyscript : output ./result_temp/res_propane_2_5_4_5_mono_0_2_0.dat Generated.
it=2	mon=[2]	energy=-35.704238
pyscript : output ./result_temp/res_propane_2_5_4_5_mono_1_2_0.dat Generated.
it=2	mon=[0]	energy=-35.700322
it=2	mon=[1]	energy=-41.896027
##SCC itera= 2  conv=2  energy =    -113.30058808  energy0 =     -87.16764105  (  28.539437 )
./integ_temp/int_propane_2_5_4_5_mono_2_3_0.dat -> 750 eris
./integ_temp/int_propane_2_5_4_5_mono_0_3_0.dat -> 750 eris
./integ_temp/int_propane_2_5_4_5_mono_1_3_0.dat -> 12597 eris
pyscript : VQE for ./integ_temp/int_propane_2_5_4_5_mono_0_3_0.dat spawned.
pyscript : VQE for ./integ_temp/int_propane_2_5_4_5_mono_2_3_0.dat spawned.
pyscript : VQE for ./integ_temp/int_propane_2_5_4_5_mono_1_3_0.dat spawned.
pyscript : output ./result_temp/res_propane_2_5_4_5_mono_2_3_0.dat Generated.
it=3	mon=[2]	energy=-35.598874
pyscript : output ./result_temp/res_propane_2_5_4_5_mono_0_3_0.dat Generated.
pyscript : output ./result_temp/res_propane_2_5_4_5_mono_1_3_0.dat Generated.
it=3	mon=[0]	energy=-35.590562
it=3	mon=[1]	energy=-41.377342
##SCC itera= 3  conv=2  energy =    -112.56677684  energy0 =     -87.27046035  (  28.565796 )
./integ_temp/int_propane_2_5_4_5_mono_0_4_0.dat -> 750 eris
./integ_temp/int_propane_2_5_4_5_mono_2_4_0.dat -> 750 eris
./integ_temp/int_propane_2_5_4_5_mono_1_4_0.dat -> 12597 eris
pyscript : VQE for ./integ_temp/int_propane_2_5_4_5_mono_0_4_0.dat spawned.
pyscript : VQE for ./integ_temp/int_propane_2_5_4_5_mono_2_4_0.dat spawned.
pyscript : VQE for ./integ_temp/int_propane_2_5_4_5_mono_1_4_0.dat spawned.
pyscript : output ./result_temp/res_propane_2_5_4_5_mono_1_4_0.dat Generated.
pyscript : output ./result_temp/res_propane_2_5_4_5_mono_2_4_0.dat Generated.
it=4	mon=[1]	energy=-41.406195
it=4	mon=[2]	energy=-35.698991
pyscript : output ./result_temp/res_propane_2_5_4_5_mono_0_4_0.dat Generated.
##SCC itera= 4  conv=2  energy =    -112.79988274  energy0 =     -87.26074866  (  31.013888 )
it=4	mon=[0]	energy=-35.694697
./integ_temp/int_propane_2_5_4_5_mono_2_5_0.dat -> 750 eris
./integ_temp/int_propane_2_5_4_5_mono_0_5_0.dat -> 750 eris
./integ_temp/int_propane_2_5_4_5_mono_1_5_0.dat -> 12597 eris
pyscript : VQE for ./integ_temp/int_propane_2_5_4_5_mono_0_5_0.dat spawned.
pyscript : VQE for ./integ_temp/int_propane_2_5_4_5_mono_2_5_0.dat spawned.
pyscript : VQE for ./integ_temp/int_propane_2_5_4_5_mono_1_5_0.dat spawned.
pyscript : output ./result_temp/res_propane_2_5_4_5_mono_2_5_0.dat Generated.
it=5	mon=[2]	energy=-35.696687
pyscript : output ./result_temp/res_propane_2_5_4_5_mono_1_5_0.dat Generated.
it=5	mon=[1]	energy=-41.379096
pyscript : output ./result_temp/res_propane_2_5_4_5_mono_0_5_0.dat Generated.
it=5	mon=[0]	energy=-35.690689
##SCC itera= 5  conv=4  energy =    -112.76647186  energy0 =     -87.26352870  (  28.019713 )
./integ_temp/int_propane_2_5_4_5_mono_2_6_0.dat -> 750 eris
./integ_temp/int_propane_2_5_4_5_mono_0_6_0.dat -> 750 eris
./integ_temp/int_propane_2_5_4_5_mono_1_6_0.dat -> 12597 eris
pyscript : VQE for ./integ_temp/int_propane_2_5_4_5_mono_2_6_0.dat spawned.
pyscript : VQE for ./integ_temp/int_propane_2_5_4_5_mono_0_6_0.dat spawned.
pyscript : VQE for ./integ_temp/int_propane_2_5_4_5_mono_1_6_0.dat spawned.
pyscript : output ./result_temp/res_propane_2_5_4_5_mono_2_6_0.dat Generated.
pyscript : output ./result_temp/res_propane_2_5_4_5_mono_0_6_0.dat Generated.
it=6	mon=[2]	energy=-35.701325
it=6	mon=[0]	energy=-35.695846
pyscript : output ./result_temp/res_propane_2_5_4_5_mono_1_6_0.dat Generated.
it=6	mon=[1]	energy=-41.380171
##SCC itera= 6  conv=4  energy =    -112.77734232  energy0 =     -87.26309457  (  28.562586 )
./integ_temp/int_propane_2_5_4_5_mono_2_7_0.dat -> 750 eris
./integ_temp/int_propane_2_5_4_5_mono_0_7_0.dat -> 750 eris
./integ_temp/int_propane_2_5_4_5_mono_1_7_0.dat -> 12597 eris
pyscript : VQE for ./integ_temp/int_propane_2_5_4_5_mono_0_7_0.dat spawned.
pyscript : VQE for ./integ_temp/int_propane_2_5_4_5_mono_2_7_0.dat spawned.
pyscript : VQE for ./integ_temp/int_propane_2_5_4_5_mono_1_7_0.dat spawned.
pyscript : output ./result_temp/res_propane_2_5_4_5_mono_2_7_0.dat Generated.
pyscript : output ./result_temp/res_propane_2_5_4_5_mono_0_7_0.dat Generated.
it=7	mon=[2]	energy=-35.701354
it=7	mon=[0]	energy=-35.695513
pyscript : output ./result_temp/res_propane_2_5_4_5_mono_1_7_0.dat Generated.
it=7	mon=[1]	energy=-41.378960
##SCC itera= 7  conv=4  energy =    -112.77582747  energy0 =     -87.26332814  (  29.566717 )
./integ_temp/int_propane_2_5_4_5_mono_2_8_0.dat -> 750 eris
./integ_temp/int_propane_2_5_4_5_mono_0_8_0.dat -> 750 eris
./integ_temp/int_propane_2_5_4_5_mono_1_8_0.dat -> 12597 eris
pyscript : VQE for ./integ_temp/int_propane_2_5_4_5_mono_2_8_0.dat spawned.
pyscript : VQE for ./integ_temp/int_propane_2_5_4_5_mono_0_8_0.dat spawned.
pyscript : VQE for ./integ_temp/int_propane_2_5_4_5_mono_1_8_0.dat spawned.
pyscript : output ./result_temp/res_propane_2_5_4_5_mono_0_8_0.dat Generated.
it=8	mon=[0]	energy=-35.695801
pyscript : output ./result_temp/res_propane_2_5_4_5_mono_1_8_0.dat Generated.
it=8	mon=[1]	energy=-41.379273
pyscript : output ./result_temp/res_propane_2_5_4_5_mono_2_8_0.dat Generated.
it=8	mon=[2]	energy=-35.701581
##SCC itera= 8  conv=6  energy =    -112.77665539  energy0 =     -87.26307399  (  29.018825 )
./integ_temp/int_propane_2_5_4_5_mono_0_9_0.dat -> 750 eris
./integ_temp/int_propane_2_5_4_5_mono_2_9_0.dat -> 750 eris
./integ_temp/int_propane_2_5_4_5_mono_1_9_0.dat -> 12597 eris
pyscript : VQE for ./integ_temp/int_propane_2_5_4_5_mono_0_9_0.dat spawned.
pyscript : VQE for ./integ_temp/int_propane_2_5_4_5_mono_2_9_0.dat spawned.
pyscript : VQE for ./integ_temp/int_propane_2_5_4_5_mono_1_9_0.dat spawned.
pyscript : output ./result_temp/res_propane_2_5_4_5_mono_2_9_0.dat Generated.
pyscript : output ./result_temp/res_propane_2_5_4_5_mono_0_9_0.dat Generated.
it=9	mon=[2]	energy=-35.701336
it=9	mon=[0]	energy=-35.695511
pyscript : output ./result_temp/res_propane_2_5_4_5_mono_1_9_0.dat Generated.
it=9	mon=[1]	energy=-41.378848
##SCC itera= 9  conv=6  energy =    -112.77569527  energy0 =     -87.26314998  (  47.636824 )
./integ_temp/int_propane_2_5_4_5_mono_0_10_0.dat -> 750 eris
./integ_temp/int_propane_2_5_4_5_mono_2_10_0.dat -> 750 eris
./integ_temp/int_propane_2_5_4_5_mono_1_10_0.dat -> 12597 eris
pyscript : VQE for ./integ_temp/int_propane_2_5_4_5_mono_0_10_0.dat spawned.
pyscript : VQE for ./integ_temp/int_propane_2_5_4_5_mono_2_10_0.dat spawned.
pyscript : VQE for ./integ_temp/int_propane_2_5_4_5_mono_1_10_0.dat spawned.
pyscript : output ./result_temp/res_propane_2_5_4_5_mono_0_10_0.dat Generated.
pyscript : output ./result_temp/res_propane_2_5_4_5_mono_2_10_0.dat Generated.
it=10	mon=[0]	energy=-35.695577
pyscript : output ./result_temp/res_propane_2_5_4_5_mono_1_10_0.dat Generated.
it=10	mon=[2]	energy=-35.701429
it=10	mon=[1]	energy=-41.378914
##SCC itera=10  conv=6  energy =    -112.77591934  energy0 =     -87.26313599  (  48.004854 )
./integ_temp/int_propane_2_5_4_5_mono_2_11_0.dat -> 750 eris
./integ_temp/int_propane_2_5_4_5_mono_0_11_0.dat -> 750 eris
./integ_temp/int_propane_2_5_4_5_mono_1_11_0.dat -> 12597 eris
pyscript : VQE for ./integ_temp/int_propane_2_5_4_5_mono_2_11_0.dat spawned.
pyscript : VQE for ./integ_temp/int_propane_2_5_4_5_mono_0_11_0.dat spawned.
pyscript : VQE for ./integ_temp/int_propane_2_5_4_5_mono_1_11_0.dat spawned.
pyscript : output ./result_temp/res_propane_2_5_4_5_mono_2_11_0.dat Generated.
pyscript : output ./result_temp/res_propane_2_5_4_5_mono_0_11_0.dat Generated.
it=11	mon=[2]	energy=-35.701415
it=11	mon=[0]	energy=-35.695557
pyscript : output ./result_temp/res_propane_2_5_4_5_mono_1_11_0.dat Generated.
it=11	mon=[1]	energy=-41.378897
##SCC itera=11  conv=7  energy =    -112.77586921  energy0 =     -87.26313858  (  49.004688 )
./integ_temp/int_propane_2_5_4_5_mono_0_12_0.dat -> 750 eris
./integ_temp/int_propane_2_5_4_5_mono_2_12_0.dat -> 750 eris
./integ_temp/int_propane_2_5_4_5_mono_1_12_0.dat -> 12597 eris
pyscript : VQE for ./integ_temp/int_propane_2_5_4_5_mono_0_12_0.dat spawned.
pyscript : VQE for ./integ_temp/int_propane_2_5_4_5_mono_2_12_0.dat spawned.
pyscript : VQE for ./integ_temp/int_propane_2_5_4_5_mono_1_12_0.dat spawned.
pyscript : output ./result_temp/res_propane_2_5_4_5_mono_2_12_0.dat Generated.
pyscript : output ./result_temp/res_propane_2_5_4_5_mono_0_12_0.dat Generated.
it=12	mon=[2]	energy=-35.701423
it=12	mon=[0]	energy=-35.695562
pyscript : output ./result_temp/res_propane_2_5_4_5_mono_1_12_0.dat Generated.
it=12	mon=[1]	energy=-41.378897
##SCC itera=12  conv=7  energy =    -112.77588230  energy0 =     -87.26313848  (  73.959790 )
==== SCC converged ====
##T         ---- Finish SCC procedure ---- : lap time= 449.917671 ( total etime= 450.152893 )
./integ_temp/int_propane_2_5_4_5_dim_2-0_130_0.dat -> 9996 eris
pyscript : VQE for ./integ_temp/int_propane_2_5_4_5_dim_2-0_130_0.dat spawned.
./integ_temp/int_propane_2_5_4_5_dim_2-1_130_0.dat -> 23485 eris
./integ_temp/int_propane_2_5_4_5_dim_0-1_130_0.dat -> 23485 eris
pyscript : VQE for ./integ_temp/int_propane_2_5_4_5_dim_2-1_130_0.dat spawned.
pyscript : VQE for ./integ_temp/int_propane_2_5_4_5_dim_0-1_130_0.dat spawned.
pyscript : output ./result_temp/res_propane_2_5_4_5_dim_2-0_130_0.dat Generated.
it=130	mon=[2, 0]	energy=-70.883792
pyscript : output ./result_temp/res_propane_2_5_4_5_dim_0-1_130_0.dat Generated.
it=130	mon=[0, 1]	energy=-79.353233
pyscript : output ./result_temp/res_propane_2_5_4_5_dim_2-1_130_0.dat Generated.
it=130	mon=[2, 1]	energy=-79.353579
##T    ---- Finish to Calc. Dimer SCF ---- : lap time= 174685.645752 ( total etime= 175135.798652 )
       ( # of scf dimer = 3 )
        dE0(SCF dimer) =     -29.55158678
##T     ---- Finish to Calc. ES Dimer ---- : lap time=   0.000080 ( total etime= 175135.798750 )
    (# of ES dimer = 0)
    dE0(ES dimer) =       0.00000000
    total energy(FMO) =    -116.81472526
##T  -- All workers have been destroyed -- : lap time=   0.000037 ( total etime= 175135.798792 )
---- ATOMIC POPULATION DATA -----
   SN AN  ATOMIC POP  NET CHARGE
---------------------------------
    1  6       6.193      -0.193
    2  1       0.937       0.063
    3  1       0.937       0.063
    4  1       0.939       0.061
    5  6       6.111      -0.111
    6  1       0.938       0.062
    7  1       0.937       0.063
    8  6       6.193      -0.193
    9  1       0.940       0.060
   10  1       0.938       0.062
   11  1       0.937       0.063
---------------------------------
total charge =      0.000
---------------------------------
##T    -- calc AO and atomic population -- : lap time=   0.000079 ( total etime= 175135.798876 )
##T   -- All mservs have been destroyed -- : lap time=   0.000014 ( total etime= 175135.798895 )
