Will Run VQE
ngroup       = 3
nioprocs     = 1
niogroup     = 1
nmaxprocs    = 5
group size   = 1
# of threads = 24
nintic       = 2048
input file name       = ./samples/propane_FMO1.inp
prefix of output file = 
local input dir.      = ./
# of total invoked procs = 5 (=1iog*1iop+1+3gr*1pr)
master host name = gwonhaklee-System-Product-Name
-----------------------------------------------------
 # of data = 11
nfrag = 3
##T                  Finish Initialization : lap time=   0.000121 ( total etime=   0.000121 )
****** LIST OF HOST NAME (MSERV(ID=0))******
rank=  0 : gwonhaklee-System-Product-Name
********************************
##T        Finish to Create Memory Servers : lap time=   0.050905 ( total etime=   0.051032 )
****** LIST OF HOST NAME (WORKER(ID=0)) ******
rank=  0 : gwonhaklee-System-Product-Name
********************************
****** LIST OF HOST NAME (WORKER(ID=1)) ******
rank=  0 : gwonhaklee-System-Product-Name
********************************
****** LIST OF HOST NAME (WORKER(ID=2)) ******
rank=  0 : gwonhaklee-System-Product-Name
********************************
##T               Finish to Create Workers : lap time=   0.156848 ( total etime=   0.207888 )
##T     Finish to Connect Mservs & Workers : lap time=   0.024276 ( total etime=   0.232171 )
calc. inter-frag distance list = 2
##T    Finish to Calculate Initial Density : lap time=   0.005771 ( total etime=   0.238121 )
---- start SCC (maxscc=30, sccconv=7) ----
./integ_temp/propane_1_5_4_10_cal/int_mono_propane_1_5_4_10_cal_2_1_0.dat -> 750 eris
./integ_temp/propane_1_5_4_10_cal/int_mono_propane_1_5_4_10_cal_0_1_0.dat -> 750 eris
./integ_temp/propane_1_5_4_10_cal/int_mono_propane_1_5_4_10_cal_1_1_0.dat -> 12597 eris
pyscript : VQE for ./integ_temp/propane_1_5_4_10_cal/int_mono_propane_1_5_4_10_cal_0_1_0.dat spawned.
pyscript : VQE for ./integ_temp/propane_1_5_4_10_cal/int_mono_propane_1_5_4_10_cal_2_1_0.dat spawned.
pyscript : VQE for ./integ_temp/propane_1_5_4_10_cal/int_mono_propane_1_5_4_10_cal_1_1_0.dat spawned.
pyscript : output ./result_temp/propane_1_5_4_10_cal/res_mono_propane_1_5_4_10_cal_0_1_0.dat Generated.
pyscript : output ./result_temp/propane_1_5_4_10_cal/res_mono_propane_1_5_4_10_cal_2_1_0.dat Generated.
it=1	mon=[2]	energy=-31.776413
it=1	mon=[0]	energy=-31.776749
pyscript : output ./result_temp/propane_1_5_4_10_cal/res_mono_propane_1_5_4_10_cal_1_1_0.dat Generated.
it=1	mon=[1]	energy=-40.855530
##SCC itera= 1  conv=2  energy =    -104.40869254  energy0 =     -87.41219800  (   4.630099 )
./integ_temp/propane_1_5_4_10_cal/int_mono_propane_1_5_4_10_cal_2_2_0.dat -> 750 eris
./integ_temp/propane_1_5_4_10_cal/int_mono_propane_1_5_4_10_cal_0_2_0.dat -> 750 eris
./integ_temp/propane_1_5_4_10_cal/int_mono_propane_1_5_4_10_cal_1_2_0.dat -> 12597 eris
pyscript : VQE for ./integ_temp/propane_1_5_4_10_cal/int_mono_propane_1_5_4_10_cal_2_2_0.dat spawned.
pyscript : VQE for ./integ_temp/propane_1_5_4_10_cal/int_mono_propane_1_5_4_10_cal_0_2_0.dat spawned.
pyscript : VQE for ./integ_temp/propane_1_5_4_10_cal/int_mono_propane_1_5_4_10_cal_1_2_0.dat spawned.
pyscript : output ./result_temp/propane_1_5_4_10_cal/res_mono_propane_1_5_4_10_cal_2_2_0.dat Generated.
pyscript : output ./result_temp/propane_1_5_4_10_cal/res_mono_propane_1_5_4_10_cal_0_2_0.dat Generated.
it=2	mon=[0]	energy=-35.689983
it=2	mon=[2]	energy=-35.689628
pyscript : output ./result_temp/propane_1_5_4_10_cal/res_mono_propane_1_5_4_10_cal_1_2_0.dat Generated.
it=2	mon=[1]	energy=-41.897415
##SCC itera= 2  conv=2  energy =    -113.27702582  energy0 =     -87.13316593  (   4.609202 )
./integ_temp/propane_1_5_4_10_cal/int_mono_propane_1_5_4_10_cal_2_3_0.dat -> 750 eris
./integ_temp/propane_1_5_4_10_cal/int_mono_propane_1_5_4_10_cal_0_3_0.dat -> 750 eris
./integ_temp/propane_1_5_4_10_cal/int_mono_propane_1_5_4_10_cal_1_3_0.dat -> 12597 eris
pyscript : VQE for ./integ_temp/propane_1_5_4_10_cal/int_mono_propane_1_5_4_10_cal_2_3_0.dat spawned.
pyscript : VQE for ./integ_temp/propane_1_5_4_10_cal/int_mono_propane_1_5_4_10_cal_0_3_0.dat spawned.
pyscript : VQE for ./integ_temp/propane_1_5_4_10_cal/int_mono_propane_1_5_4_10_cal_1_3_0.dat spawned.
pyscript : output ./result_temp/propane_1_5_4_10_cal/res_mono_propane_1_5_4_10_cal_0_3_0.dat Generated.
pyscript : output ./result_temp/propane_1_5_4_10_cal/res_mono_propane_1_5_4_10_cal_2_3_0.dat Generated.
it=3	mon=[0]	energy=-35.581225
it=3	mon=[2]	energy=-35.579320
pyscript : output ./result_temp/propane_1_5_4_10_cal/res_mono_propane_1_5_4_10_cal_1_3_0.dat Generated.
it=3	mon=[1]	energy=-41.367493
##SCC itera= 3  conv=2  energy =    -112.52803878  energy0 =     -87.23626511  (   4.612494 )
./integ_temp/propane_1_5_4_10_cal/int_mono_propane_1_5_4_10_cal_0_4_0.dat -> 750 eris
./integ_temp/propane_1_5_4_10_cal/int_mono_propane_1_5_4_10_cal_2_4_0.dat -> 750 eris
./integ_temp/propane_1_5_4_10_cal/int_mono_propane_1_5_4_10_cal_1_4_0.dat -> 12597 eris
pyscript : VQE for ./integ_temp/propane_1_5_4_10_cal/int_mono_propane_1_5_4_10_cal_2_4_0.dat spawned.
pyscript : VQE for ./integ_temp/propane_1_5_4_10_cal/int_mono_propane_1_5_4_10_cal_0_4_0.dat spawned.
pyscript : VQE for ./integ_temp/propane_1_5_4_10_cal/int_mono_propane_1_5_4_10_cal_1_4_0.dat spawned.
pyscript : output ./result_temp/propane_1_5_4_10_cal/res_mono_propane_1_5_4_10_cal_0_4_0.dat Generated.
pyscript : output ./result_temp/propane_1_5_4_10_cal/res_mono_propane_1_5_4_10_cal_2_4_0.dat Generated.
it=4	mon=[0]	energy=-35.683841
it=4	mon=[2]	energy=-35.682663
pyscript : output ./result_temp/propane_1_5_4_10_cal/res_mono_propane_1_5_4_10_cal_1_4_0.dat Generated.
it=4	mon=[1]	energy=-41.396530
##SCC itera= 4  conv=2  energy =    -112.76303434  energy0 =     -87.22329736  (   4.603243 )
./integ_temp/propane_1_5_4_10_cal/int_mono_propane_1_5_4_10_cal_2_5_0.dat -> 750 eris
./integ_temp/propane_1_5_4_10_cal/int_mono_propane_1_5_4_10_cal_0_5_0.dat -> 750 eris
./integ_temp/propane_1_5_4_10_cal/int_mono_propane_1_5_4_10_cal_1_5_0.dat -> 12597 eris
pyscript : VQE for ./integ_temp/propane_1_5_4_10_cal/int_mono_propane_1_5_4_10_cal_2_5_0.dat spawned.
pyscript : VQE for ./integ_temp/propane_1_5_4_10_cal/int_mono_propane_1_5_4_10_cal_0_5_0.dat spawned.
pyscript : VQE for ./integ_temp/propane_1_5_4_10_cal/int_mono_propane_1_5_4_10_cal_1_5_0.dat spawned.
pyscript : output ./result_temp/propane_1_5_4_10_cal/res_mono_propane_1_5_4_10_cal_0_5_0.dat Generated.
pyscript : output ./result_temp/propane_1_5_4_10_cal/res_mono_propane_1_5_4_10_cal_2_5_0.dat Generated.
it=5	mon=[2]	energy=-35.680213
it=5	mon=[0]	energy=-35.681393
pyscript : output ./result_temp/propane_1_5_4_10_cal/res_mono_propane_1_5_4_10_cal_1_5_0.dat Generated.
it=5	mon=[1]	energy=-41.368653
##SCC itera= 5  conv=4  energy =    -112.73025921  energy0 =     -87.22791128  (   4.660733 )
./integ_temp/propane_1_5_4_10_cal/int_mono_propane_1_5_4_10_cal_2_6_0.dat -> 750 eris
./integ_temp/propane_1_5_4_10_cal/int_mono_propane_1_5_4_10_cal_0_6_0.dat -> 750 eris
./integ_temp/propane_1_5_4_10_cal/int_mono_propane_1_5_4_10_cal_1_6_0.dat -> 12597 eris
pyscript : VQE for ./integ_temp/propane_1_5_4_10_cal/int_mono_propane_1_5_4_10_cal_2_6_0.dat spawned.
pyscript : VQE for ./integ_temp/propane_1_5_4_10_cal/int_mono_propane_1_5_4_10_cal_0_6_0.dat spawned.
pyscript : VQE for ./integ_temp/propane_1_5_4_10_cal/int_mono_propane_1_5_4_10_cal_1_6_0.dat spawned.
pyscript : output ./result_temp/propane_1_5_4_10_cal/res_mono_propane_1_5_4_10_cal_2_6_0.dat Generated.
pyscript : output ./result_temp/propane_1_5_4_10_cal/res_mono_propane_1_5_4_10_cal_0_6_0.dat Generated.
it=6	mon=[2]	energy=-35.685544
it=6	mon=[0]	energy=-35.686547
pyscript : output ./result_temp/propane_1_5_4_10_cal/res_mono_propane_1_5_4_10_cal_1_6_0.dat Generated.
it=6	mon=[1]	energy=-41.370515
##SCC itera= 6  conv=4  energy =    -112.74260700  energy0 =     -87.22711176  (   4.633398 )
./integ_temp/propane_1_5_4_10_cal/int_mono_propane_1_5_4_10_cal_0_7_0.dat -> 750 eris
./integ_temp/propane_1_5_4_10_cal/int_mono_propane_1_5_4_10_cal_2_7_0.dat -> 750 eris
./integ_temp/propane_1_5_4_10_cal/int_mono_propane_1_5_4_10_cal_1_7_0.dat -> 12597 eris
pyscript : VQE for ./integ_temp/propane_1_5_4_10_cal/int_mono_propane_1_5_4_10_cal_0_7_0.dat spawned.
pyscript : VQE for ./integ_temp/propane_1_5_4_10_cal/int_mono_propane_1_5_4_10_cal_2_7_0.dat spawned.
pyscript : VQE for ./integ_temp/propane_1_5_4_10_cal/int_mono_propane_1_5_4_10_cal_1_7_0.dat spawned.
pyscript : output ./result_temp/propane_1_5_4_10_cal/res_mono_propane_1_5_4_10_cal_0_7_0.dat Generated.
pyscript : output ./result_temp/propane_1_5_4_10_cal/res_mono_propane_1_5_4_10_cal_2_7_0.dat Generated.
pyscript : output ./result_temp/propane_1_5_4_10_cal/res_mono_propane_1_5_4_10_cal_1_7_0.dat Generated.
it=7	mon=[2]	energy=-35.685126
it=7	mon=[0]	energy=-35.686228
it=7	mon=[1]	energy=-41.369113
##SCC itera= 7  conv=4  energy =    -112.74046662  energy0 =     -87.22632215  (   3.631069 )
./integ_temp/propane_1_5_4_10_cal/int_mono_propane_1_5_4_10_cal_2_8_0.dat -> 750 eris
./integ_temp/propane_1_5_4_10_cal/int_mono_propane_1_5_4_10_cal_0_8_0.dat -> 750 eris
./integ_temp/propane_1_5_4_10_cal/int_mono_propane_1_5_4_10_cal_1_8_0.dat -> 12597 eris
pyscript : VQE for ./integ_temp/propane_1_5_4_10_cal/int_mono_propane_1_5_4_10_cal_0_8_0.dat spawned.
pyscript : VQE for ./integ_temp/propane_1_5_4_10_cal/int_mono_propane_1_5_4_10_cal_2_8_0.dat spawned.
pyscript : output ./result_temp/propane_1_5_4_10_cal/res_mono_propane_1_5_4_10_cal_0_8_0.dat Generated.
pyscript : VQE for ./integ_temp/propane_1_5_4_10_cal/int_mono_propane_1_5_4_10_cal_1_8_0.dat spawned.
pyscript : output ./result_temp/propane_1_5_4_10_cal/res_mono_propane_1_5_4_10_cal_2_8_0.dat Generated.
it=8	mon=[2]	energy=-35.685378
it=8	mon=[0]	energy=-35.686419
pyscript : output ./result_temp/propane_1_5_4_10_cal/res_mono_propane_1_5_4_10_cal_1_8_0.dat Generated.
it=8	mon=[1]	energy=-41.369242
##SCC itera= 8  conv=6  energy =    -112.74103924  energy0 =     -87.22745591  (   4.758548 )
./integ_temp/propane_1_5_4_10_cal/int_mono_propane_1_5_4_10_cal_2_9_0.dat -> 750 eris
./integ_temp/propane_1_5_4_10_cal/int_mono_propane_1_5_4_10_cal_0_9_0.dat -> 750 eris
./integ_temp/propane_1_5_4_10_cal/int_mono_propane_1_5_4_10_cal_1_9_0.dat -> 12597 eris
pyscript : VQE for ./integ_temp/propane_1_5_4_10_cal/int_mono_propane_1_5_4_10_cal_0_9_0.dat spawned.
pyscript : VQE for ./integ_temp/propane_1_5_4_10_cal/int_mono_propane_1_5_4_10_cal_2_9_0.dat spawned.
pyscript : output ./result_temp/propane_1_5_4_10_cal/res_mono_propane_1_5_4_10_cal_0_9_0.dat Generated.
pyscript : VQE for ./integ_temp/propane_1_5_4_10_cal/int_mono_propane_1_5_4_10_cal_1_9_0.dat spawned.
pyscript : output ./result_temp/propane_1_5_4_10_cal/res_mono_propane_1_5_4_10_cal_2_9_0.dat Generated.
it=9	mon=[2]	energy=-35.685310
it=9	mon=[0]	energy=-35.686372
pyscript : output ./result_temp/propane_1_5_4_10_cal/res_mono_propane_1_5_4_10_cal_1_9_0.dat Generated.
it=9	mon=[1]	energy=-41.369143
##SCC itera= 9  conv=6  energy =    -112.74082528  energy0 =     -87.22747910  (   4.752336 )
./integ_temp/propane_1_5_4_10_cal/int_mono_propane_1_5_4_10_cal_0_10_0.dat -> 750 eris
./integ_temp/propane_1_5_4_10_cal/int_mono_propane_1_5_4_10_cal_2_10_0.dat -> 750 eris
./integ_temp/propane_1_5_4_10_cal/int_mono_propane_1_5_4_10_cal_1_10_0.dat -> 12597 eris
pyscript : VQE for ./integ_temp/propane_1_5_4_10_cal/int_mono_propane_1_5_4_10_cal_2_10_0.dat spawned.
pyscript : VQE for ./integ_temp/propane_1_5_4_10_cal/int_mono_propane_1_5_4_10_cal_0_10_0.dat spawned.
pyscript : output ./result_temp/propane_1_5_4_10_cal/res_mono_propane_1_5_4_10_cal_2_10_0.dat Generated.
pyscript : VQE for ./integ_temp/propane_1_5_4_10_cal/int_mono_propane_1_5_4_10_cal_1_10_0.dat spawned.
pyscript : output ./result_temp/propane_1_5_4_10_cal/res_mono_propane_1_5_4_10_cal_0_10_0.dat Generated.
it=10	mon=[0]	energy=-35.686398
it=10	mon=[2]	energy=-35.685333
pyscript : output ./result_temp/propane_1_5_4_10_cal/res_mono_propane_1_5_4_10_cal_1_10_0.dat Generated.
it=10	mon=[1]	energy=-41.369152
##SCC itera=10  conv=6  energy =    -112.74088279  energy0 =     -87.22733571  (   4.766417 )
./integ_temp/propane_1_5_4_10_cal/int_mono_propane_1_5_4_10_cal_0_11_0.dat -> 750 eris
./integ_temp/propane_1_5_4_10_cal/int_mono_propane_1_5_4_10_cal_2_11_0.dat -> 750 eris
./integ_temp/propane_1_5_4_10_cal/int_mono_propane_1_5_4_10_cal_1_11_0.dat -> 12597 eris
pyscript : VQE for ./integ_temp/propane_1_5_4_10_cal/int_mono_propane_1_5_4_10_cal_0_11_0.dat spawned.
pyscript : VQE for ./integ_temp/propane_1_5_4_10_cal/int_mono_propane_1_5_4_10_cal_2_11_0.dat spawned.
pyscript : VQE for ./integ_temp/propane_1_5_4_10_cal/int_mono_propane_1_5_4_10_cal_1_11_0.dat spawned.
pyscript : output ./result_temp/propane_1_5_4_10_cal/res_mono_propane_1_5_4_10_cal_0_11_0.dat Generated.
pyscript : output ./result_temp/propane_1_5_4_10_cal/res_mono_propane_1_5_4_10_cal_2_11_0.dat Generated.
it=11	mon=[0]	energy=-35.686394
it=11	mon=[2]	energy=-35.685331
pyscript : output ./result_temp/propane_1_5_4_10_cal/res_mono_propane_1_5_4_10_cal_1_11_0.dat Generated.
it=11	mon=[1]	energy=-41.369144
##SCC itera=11  conv=7  energy =    -112.74086932  energy0 =     -87.22734074  (   4.757159 )
./integ_temp/propane_1_5_4_10_cal/int_mono_propane_1_5_4_10_cal_2_12_0.dat -> 750 eris
./integ_temp/propane_1_5_4_10_cal/int_mono_propane_1_5_4_10_cal_0_12_0.dat -> 750 eris
./integ_temp/propane_1_5_4_10_cal/int_mono_propane_1_5_4_10_cal_1_12_0.dat -> 12597 eris
pyscript : VQE for ./integ_temp/propane_1_5_4_10_cal/int_mono_propane_1_5_4_10_cal_0_12_0.dat spawned.
pyscript : VQE for ./integ_temp/propane_1_5_4_10_cal/int_mono_propane_1_5_4_10_cal_2_12_0.dat spawned.
pyscript : VQE for ./integ_temp/propane_1_5_4_10_cal/int_mono_propane_1_5_4_10_cal_1_12_0.dat spawned.
pyscript : output ./result_temp/propane_1_5_4_10_cal/res_mono_propane_1_5_4_10_cal_0_12_0.dat Generated.
pyscript : output ./result_temp/propane_1_5_4_10_cal/res_mono_propane_1_5_4_10_cal_2_12_0.dat Generated.
it=12	mon=[2]	energy=-35.685331
it=12	mon=[0]	energy=-35.686398
pyscript : output ./result_temp/propane_1_5_4_10_cal/res_mono_propane_1_5_4_10_cal_1_12_0.dat Generated.
it=12	mon=[1]	energy=-41.369144
##SCC itera=12  conv=7  energy =    -112.74087330  energy0 =     -87.22733693  (   4.772268 )
./integ_temp/propane_1_5_4_10_cal/int_mono_propane_1_5_4_10_cal_0_13_0.dat -> 750 eris
./integ_temp/propane_1_5_4_10_cal/int_mono_propane_1_5_4_10_cal_2_13_0.dat -> 750 eris
./integ_temp/propane_1_5_4_10_cal/int_mono_propane_1_5_4_10_cal_1_13_0.dat -> 12597 eris
pyscript : VQE for ./integ_temp/propane_1_5_4_10_cal/int_mono_propane_1_5_4_10_cal_0_13_0.dat spawned.
pyscript : VQE for ./integ_temp/propane_1_5_4_10_cal/int_mono_propane_1_5_4_10_cal_2_13_0.dat spawned.
pyscript : VQE for ./integ_temp/propane_1_5_4_10_cal/int_mono_propane_1_5_4_10_cal_1_13_0.dat spawned.
pyscript : output ./result_temp/propane_1_5_4_10_cal/res_mono_propane_1_5_4_10_cal_0_13_0.dat Generated.
pyscript : output ./result_temp/propane_1_5_4_10_cal/res_mono_propane_1_5_4_10_cal_2_13_0.dat Generated.
it=13	mon=[0]	energy=-35.686398
it=13	mon=[2]	energy=-35.685331
pyscript : output ./result_temp/propane_1_5_4_10_cal/res_mono_propane_1_5_4_10_cal_1_13_0.dat Generated.
it=13	mon=[1]	energy=-41.369144
##SCC itera=13  conv=7  energy =    -112.74087330  energy0 =     -87.22733636  (   4.760197 )
./integ_temp/propane_1_5_4_10_cal/int_mono_propane_1_5_4_10_cal_2_14_0.dat -> 750 eris
./integ_temp/propane_1_5_4_10_cal/int_mono_propane_1_5_4_10_cal_0_14_0.dat -> 750 eris
./integ_temp/propane_1_5_4_10_cal/int_mono_propane_1_5_4_10_cal_1_14_0.dat -> 12597 eris
pyscript : VQE for ./integ_temp/propane_1_5_4_10_cal/int_mono_propane_1_5_4_10_cal_2_14_0.dat spawned.
pyscript : VQE for ./integ_temp/propane_1_5_4_10_cal/int_mono_propane_1_5_4_10_cal_0_14_0.dat spawned.
pyscript : VQE for ./integ_temp/propane_1_5_4_10_cal/int_mono_propane_1_5_4_10_cal_1_14_0.dat spawned.
pyscript : output ./result_temp/propane_1_5_4_10_cal/res_mono_propane_1_5_4_10_cal_2_14_0.dat Generated.
pyscript : output ./result_temp/propane_1_5_4_10_cal/res_mono_propane_1_5_4_10_cal_0_14_0.dat Generated.
it=14	mon=[2]	energy=-35.685331
it=14	mon=[0]	energy=-35.686398
pyscript : output ./result_temp/propane_1_5_4_10_cal/res_mono_propane_1_5_4_10_cal_1_14_0.dat Generated.
it=14	mon=[1]	energy=-41.369144
##SCC itera=14  conv=7  energy =    -112.74087330  energy0 =     -87.22733675  (   4.754497 )
./integ_temp/propane_1_5_4_10_cal/int_mono_propane_1_5_4_10_cal_2_15_0.dat -> 750 eris
./integ_temp/propane_1_5_4_10_cal/int_mono_propane_1_5_4_10_cal_0_15_0.dat -> 750 eris
./integ_temp/propane_1_5_4_10_cal/int_mono_propane_1_5_4_10_cal_1_15_0.dat -> 12597 eris
pyscript : VQE for ./integ_temp/propane_1_5_4_10_cal/int_mono_propane_1_5_4_10_cal_2_15_0.dat spawned.
pyscript : VQE for ./integ_temp/propane_1_5_4_10_cal/int_mono_propane_1_5_4_10_cal_0_15_0.dat spawned.
pyscript : VQE for ./integ_temp/propane_1_5_4_10_cal/int_mono_propane_1_5_4_10_cal_1_15_0.dat spawned.
pyscript : output ./result_temp/propane_1_5_4_10_cal/res_mono_propane_1_5_4_10_cal_0_15_0.dat Generated.
pyscript : output ./result_temp/propane_1_5_4_10_cal/res_mono_propane_1_5_4_10_cal_2_15_0.dat Generated.
it=15	mon=[0]	energy=-35.686398
it=15	mon=[2]	energy=-35.685331
pyscript : output ./result_temp/propane_1_5_4_10_cal/res_mono_propane_1_5_4_10_cal_1_15_0.dat Generated.
it=15	mon=[1]	energy=-41.369144
##SCC itera=15  conv=7  energy =    -112.74087330  energy0 =     -87.22733671  (   4.772329 )
==== SCC converged ====
##T         ---- Finish SCC procedure ---- : lap time=  69.476075 ( total etime=  69.714200 )
./integ_temp/propane_1_5_4_10_cal/int_dim_propane_1_5_4_10_cal_2-0_130_0.dat -> 9996 eris
pyscript : VQE for ./integ_temp/propane_1_5_4_10_cal/int_dim_propane_1_5_4_10_cal_2-0_130_0.dat spawned.
./integ_temp/propane_1_5_4_10_cal/int_dim_propane_1_5_4_10_cal_2-1_130_0.dat -> 23485 eris
./integ_temp/propane_1_5_4_10_cal/int_dim_propane_1_5_4_10_cal_0-1_130_0.dat -> 23485 eris
pyscript : VQE for ./integ_temp/propane_1_5_4_10_cal/int_dim_propane_1_5_4_10_cal_2-1_130_0.dat spawned.
pyscript : VQE for ./integ_temp/propane_1_5_4_10_cal/int_dim_propane_1_5_4_10_cal_0-1_130_0.dat spawned.
pyscript : output ./result_temp/propane_1_5_4_10_cal/res_dim_propane_1_5_4_10_cal_0-1_130_0.dat Generated.
it=130	mon=[0, 1]	energy=-79.358428
# E=   -79.3584280285 E-DV=   -77.2996595417 DV=    -2.0587684868 DDV=     0.0167179481
pyscript : output ./result_temp/propane_1_5_4_10_cal/res_dim_propane_1_5_4_10_cal_2-0_130_0.dat Generated.
it=130	mon=[2, 0]	energy=-70.896863
# E=   -70.8968630704 E-DV=   -49.5257763723 DV=   -21.3710866981 DDV=    -0.0051329147
pyscript : output ./result_temp/propane_1_5_4_10_cal/res_dim_propane_1_5_4_10_cal_2-1_130_0.dat Generated.
it=130	mon=[2, 1]	energy=-79.358363
# E=   -79.3583633220 E-DV=   -77.2997588897 DV=    -2.0586044323 DDV=     0.0169872841
##T    ---- Finish to Calc. Dimer SCF ---- : lap time= 422480.712312 ( total etime= 422550.426516 )
       ( # of scf dimer = 3 )
        dE0(SCF dimer) =     -29.64194907
##T     ---- Finish to Calc. ES Dimer ---- : lap time=   0.000071 ( total etime= 422550.426602 )
    (# of ES dimer = 0)
    dE0(ES dimer) =       0.00000000
    total energy(FMO) =    -116.86928578
##T  -- All workers have been destroyed -- : lap time=   0.000031 ( total etime= 422550.426637 )
---- ATOMIC POPULATION DATA -----
   SN AN  ATOMIC POP  NET CHARGE
---------------------------------
    1  6       6.194      -0.194
    2  1       0.937       0.063
    3  1       0.937       0.063
    4  1       0.939       0.061
    5  6       6.110      -0.110
    6  1       0.937       0.063
    7  1       0.937       0.063
    8  6       6.193      -0.193
    9  1       0.940       0.060
   10  1       0.938       0.062
   11  1       0.937       0.063
---------------------------------
total charge =     -0.000
---------------------------------
##T    -- calc AO and atomic population -- : lap time=   0.000084 ( total etime= 422550.426723 )
##T   -- All mservs have been destroyed -- : lap time=   0.000015 ( total etime= 422550.426741 )
