Will Run VQE
ngroup       = 3
nioprocs     = 1
niogroup     = 1
nmaxprocs    = 5
group size   = 1
# of threads = 24
nintic       = 2048
input file name       = ./samples/propane_FMO2.inp
prefix of output file = 
local input dir.      = ./
# of total invoked procs = 5 (=1iog*1iop+1+3gr*1pr)
master host name = gwonhaklee-System-Product-Name
-----------------------------------------------------
 # of data = 11
nfrag = 3
##T                  Finish Initialization : lap time=   0.000166 ( total etime=   0.000166 )
****** LIST OF HOST NAME (MSERV(ID=0))******
rank=  0 : gwonhaklee-System-Product-Name
********************************
##T        Finish to Create Memory Servers : lap time=   0.040421 ( total etime=   0.040595 )
****** LIST OF HOST NAME (WORKER(ID=0)) ******
rank=  0 : gwonhaklee-System-Product-Name
********************************
****** LIST OF HOST NAME (WORKER(ID=1)) ******
rank=  0 : gwonhaklee-System-Product-Name
********************************
##T               Finish to Create Workers : lap time=   0.472534 ( total etime=   0.513137 )
****** LIST OF HOST NAME (WORKER(ID=2)) ******
rank=  0 : gwonhaklee-System-Product-Name
********************************
##T     Finish to Connect Mservs & Workers : lap time=   0.387942 ( total etime=   0.901087 )
calc. inter-frag distance list = 2
##T    Finish to Calculate Initial Density : lap time=   0.123624 ( total etime=   1.025043 )
---- start SCC (maxscc=30, sccconv=7) ----
it=1	mon=[1]	energy=-40.867696
it=1	mon=[0]	energy=-31.793203
it=1	mon=[2]	energy=-31.793516
##SCC itera= 1  conv=2  energy =    -104.45441460  energy0 =     -87.45018739  (  72.432109 )
it=2	mon=[2]	energy=-35.704235
it=2	mon=[0]	energy=-35.700322
it=2	mon=[1]	energy=-41.896027
##SCC itera= 2  conv=2  energy =    -113.30058369  energy0 =     -87.16764204  (  98.460035 )
it=3	mon=[2]	energy=-35.598876
it=3	mon=[0]	energy=-35.590563
it=3	mon=[1]	energy=-41.377344
##SCC itera= 3  conv=2  energy =    -112.56678303  energy0 =     -87.27046196  (  97.452377 )
it=4	mon=[2]	energy=-35.698990
it=4	mon=[0]	energy=-35.694698
it=4	mon=[1]	energy=-41.406189
##SCC itera= 4  conv=2  energy =    -112.79987686  energy0 =     -87.26075479  (  98.427521 )
it=5	mon=[0]	energy=-35.690689
it=5	mon=[2]	energy=-35.696685
it=5	mon=[1]	energy=-41.379096
##SCC itera= 5  conv=4  energy =    -112.76647036  energy0 =     -87.26352888  (  87.564117 )
it=6	mon=[0]	energy=-35.695844
it=6	mon=[2]	energy=-35.701319
it=6	mon=[1]	energy=-41.380163
##SCC itera= 6  conv=4  energy =    -112.77732621  energy0 =     -87.26309946  (  69.732070 )
it=7	mon=[2]	energy=-35.701347
it=7	mon=[0]	energy=-35.695515
it=7	mon=[1]	energy=-41.378954
##SCC itera= 7  conv=4  energy =    -112.77581645  energy0 =     -87.26332907  (  70.956037 )
it=8	mon=[2]	energy=-35.701576
it=8	mon=[0]	energy=-35.695801
it=8	mon=[1]	energy=-41.379267
##SCC itera= 8  conv=6  energy =    -112.77664385  energy0 =     -87.26307634  (  71.759615 )
it=9	mon=[2]	energy=-35.701331
it=9	mon=[1]	energy=-41.378838
it=9	mon=[0]	energy=-35.695513
##SCC itera= 9  conv=6  energy =    -112.77568217  energy0 =     -87.26315216  (  73.455942 )
it=10	mon=[0]	energy=-35.695577
it=10	mon=[2]	energy=-35.701422
it=10	mon=[1]	energy=-41.378908
##SCC itera=10  conv=6  energy =    -112.77590618  energy0 =     -87.26313589  (  70.027901 )
it=11	mon=[2]	energy=-35.701407
it=11	mon=[1]	energy=-41.378889
it=11	mon=[0]	energy=-35.695558
##SCC itera=11  conv=7  energy =    -112.77585440  energy0 =     -87.26314018  (  70.447573 )
it=12	mon=[0]	energy=-35.695562
it=12	mon=[2]	energy=-35.701415
it=12	mon=[1]	energy=-41.378889
##SCC itera=12  conv=7  energy =    -112.77586637  energy0 =     -87.26313611  (  71.920268 )
it=13	mon=[2]	energy=-35.701415
it=13	mon=[0]	energy=-35.695561
it=13	mon=[1]	energy=-41.378889
##SCC itera=13  conv=7  energy =    -112.77586505  energy0 =     -87.26314281  (  72.043828 )
it=14	mon=[0]	energy=-35.695561
it=14	mon=[1]	energy=-41.378889
it=14	mon=[2]	energy=-35.701415
##SCC itera=14  conv=7  energy =    -112.77586465  energy0 =     -87.26313840  (  70.379749 )
it=15	mon=[2]	energy=-35.701415
it=15	mon=[0]	energy=-35.695561
it=15	mon=[1]	energy=-41.378889
##SCC itera=15  conv=7  energy =    -112.77586465  energy0 =     -87.26313840  (  68.887648 )
==== SCC converged ====
##T         ---- Finish SCC procedure ---- : lap time= 1164.048030 ( total etime= 1165.073086 )
it=130	mon=[0, 1]	energy=-79.353232
# E=   -79.3532316826 E-DV=   -77.2964597598 DV=    -2.0567719228 DDV=     0.0189504211
it=130	mon=[2, 0]	energy=-70.883794
# E=   -70.8837935723 E-DV=   -49.5196276535 DV=   -21.3641659187 DDV=    -0.0026484170
it=130	mon=[2, 1]	energy=-79.353567
# E=   -79.3535671239 E-DV=   -77.2959412106 DV=    -2.0576259133 DDV=     0.0193413656
##T    ---- Finish to Calc. Dimer SCF ---- : lap time= 256711.440404 ( total etime= 257876.513496 )
       ( # of scf dimer = 3 )
        dE0(SCF dimer) =     -29.55010844
##T     ---- Finish to Calc. ES Dimer ---- : lap time=   0.000072 ( total etime= 257876.513579 )
    (# of ES dimer = 0)
    dE0(ES dimer) =       0.00000000
    total energy(FMO) =    -116.81324685
##T  -- All workers have been destroyed -- : lap time=   0.000035 ( total etime= 257876.513617 )
---- ATOMIC POPULATION DATA -----
   SN AN  ATOMIC POP  NET CHARGE
---------------------------------
    1  6       6.193      -0.193
    2  1       0.937       0.063
    3  1       0.937       0.063
    4  1       0.939       0.061
    5  6       6.111      -0.111
    6  1       0.938       0.062
    7  1       0.937       0.063
    8  6       6.193      -0.193
    9  1       0.940       0.060
   10  1       0.938       0.062
   11  1       0.937       0.063
---------------------------------
total charge =      0.000
---------------------------------
##T    -- calc AO and atomic population -- : lap time=   0.000074 ( total etime= 257876.513693 )
##T   -- All mservs have been destroyed -- : lap time=   0.000013 ( total etime= 257876.513708 )
