Will Run VQE
ngroup       = 3
nioprocs     = 1
niogroup     = 1
nmaxprocs    = 5
group size   = 1
# of threads = 24
nintic       = 2048
input file name       = ./samples/propane_FMO3.inp
prefix of output file = 
local input dir.      = ./
# of total invoked procs = 5 (=1iog*1iop+1+3gr*1pr)
master host name = gwonhaklee-System-Product-Name
-----------------------------------------------------
 # of data = 11
nfrag = 3
##T                  Finish Initialization : lap time=   0.000133 ( total etime=   0.000133 )
****** LIST OF HOST NAME (MSERV(ID=0))******
rank=  0 : gwonhaklee-System-Product-Name
********************************
##T        Finish to Create Memory Servers : lap time=   0.051007 ( total etime=   0.051156 )
****** LIST OF HOST NAME (WORKER(ID=0)) ******
rank=  0 : gwonhaklee-System-Product-Name
********************************
****** LIST OF HOST NAME (WORKER(ID=1)) ******
rank=  0 : gwonhaklee-System-Product-Name
********************************
##T               Finish to Create Workers : lap time=   0.134867 ( total etime=   0.186033 )
****** LIST OF HOST NAME (WORKER(ID=2)) ******
rank=  0 : gwonhaklee-System-Product-Name
********************************
##T     Finish to Connect Mservs & Workers : lap time=   0.033565 ( total etime=   0.219609 )
calc. inter-frag distance list = 1
##T    Finish to Calculate Initial Density : lap time=   0.028326 ( total etime=   0.249187 )
---- start SCC (maxscc=30, sccconv=7) ----
./integ_temp/int_propane_2_5_4_10_cal_mono_2_1_0.dat -> 750 eris
./integ_temp/int_propane_2_5_4_10_cal_mono_0_1_0.dat -> 750 eris
./integ_temp/int_propane_2_5_4_10_cal_mono_1_1_0.dat -> 12597 eris
pyscript : VQE for ./integ_temp/int_propane_2_5_4_10_cal_mono_2_1_0.dat spawned.
pyscript : VQE for ./integ_temp/int_propane_2_5_4_10_cal_mono_0_1_0.dat spawned.
pyscript : VQE for ./integ_temp/int_propane_2_5_4_10_cal_mono_1_1_0.dat spawned.
pyscript : output ./result_temp/res_propane_2_5_4_10_cal_mono_0_1_0.dat Generated.
pyscript : output ./result_temp/res_propane_2_5_4_10_cal_mono_1_1_0.dat Generated.
pyscript : output ./result_temp/res_propane_2_5_4_10_cal_mono_2_1_0.dat Generated.
it=1	mon=[1]	energy=-40.867696
it=1	mon=[0]	energy=-31.793203
it=1	mon=[2]	energy=-31.793516
##SCC itera= 1  conv=2  energy =    -104.45441460  energy0 =     -87.45018739  (  48.187039 )
./integ_temp/int_propane_2_5_4_10_cal_mono_2_2_0.dat -> 750 eris
./integ_temp/int_propane_2_5_4_10_cal_mono_0_2_0.dat -> 750 eris
./integ_temp/int_propane_2_5_4_10_cal_mono_1_2_0.dat -> 12597 eris
pyscript : VQE for ./integ_temp/int_propane_2_5_4_10_cal_mono_0_2_0.dat spawned.
pyscript : VQE for ./integ_temp/int_propane_2_5_4_10_cal_mono_2_2_0.dat spawned.
pyscript : VQE for ./integ_temp/int_propane_2_5_4_10_cal_mono_1_2_0.dat spawned.
pyscript : output ./result_temp/res_propane_2_5_4_10_cal_mono_2_2_0.dat Generated.
pyscript : output ./result_temp/res_propane_2_5_4_10_cal_mono_0_2_0.dat Generated.
it=2	mon=[2]	energy=-35.704238
it=2	mon=[0]	energy=-35.700322
pyscript : output ./result_temp/res_propane_2_5_4_10_cal_mono_1_2_0.dat Generated.
it=2	mon=[1]	energy=-41.896027
##SCC itera= 2  conv=2  energy =    -113.30058808  energy0 =     -87.16763844  (  66.094345 )
./integ_temp/int_propane_2_5_4_10_cal_mono_0_3_0.dat -> 750 eris
./integ_temp/int_propane_2_5_4_10_cal_mono_2_3_0.dat -> 750 eris
./integ_temp/int_propane_2_5_4_10_cal_mono_1_3_0.dat -> 12597 eris
pyscript : VQE for ./integ_temp/int_propane_2_5_4_10_cal_mono_2_3_0.dat spawned.
pyscript : VQE for ./integ_temp/int_propane_2_5_4_10_cal_mono_0_3_0.dat spawned.
pyscript : VQE for ./integ_temp/int_propane_2_5_4_10_cal_mono_1_3_0.dat spawned.
pyscript : output ./result_temp/res_propane_2_5_4_10_cal_mono_2_3_0.dat Generated.
it=3	mon=[2]	energy=-35.598874
pyscript : output ./result_temp/res_propane_2_5_4_10_cal_mono_0_3_0.dat Generated.
it=3	mon=[0]	energy=-35.590562
pyscript : output ./result_temp/res_propane_2_5_4_10_cal_mono_1_3_0.dat Generated.
it=3	mon=[1]	energy=-41.377342
##SCC itera= 3  conv=2  energy =    -112.56677684  energy0 =     -87.27045727  (  70.707587 )
./integ_temp/int_propane_2_5_4_10_cal_mono_2_4_0.dat -> 750 eris
./integ_temp/int_propane_2_5_4_10_cal_mono_0_4_0.dat -> 750 eris
./integ_temp/int_propane_2_5_4_10_cal_mono_1_4_0.dat -> 12597 eris
pyscript : VQE for ./integ_temp/int_propane_2_5_4_10_cal_mono_2_4_0.dat spawned.
pyscript : VQE for ./integ_temp/int_propane_2_5_4_10_cal_mono_0_4_0.dat spawned.
pyscript : VQE for ./integ_temp/int_propane_2_5_4_10_cal_mono_1_4_0.dat spawned.
pyscript : output ./result_temp/res_propane_2_5_4_10_cal_mono_2_4_0.dat Generated.
it=4	mon=[2]	energy=-35.698991
pyscript : output ./result_temp/res_propane_2_5_4_10_cal_mono_1_4_0.dat Generated.
it=4	mon=[1]	energy=-41.406195
pyscript : output ./result_temp/res_propane_2_5_4_10_cal_mono_0_4_0.dat Generated.
it=4	mon=[0]	energy=-35.694697
##SCC itera= 4  conv=2  energy =    -112.79988274  energy0 =     -87.26074520  (  78.427946 )
./integ_temp/int_propane_2_5_4_10_cal_mono_0_5_0.dat -> 750 eris
./integ_temp/int_propane_2_5_4_10_cal_mono_2_5_0.dat -> 750 eris
./integ_temp/int_propane_2_5_4_10_cal_mono_1_5_0.dat -> 12597 eris
pyscript : VQE for ./integ_temp/int_propane_2_5_4_10_cal_mono_2_5_0.dat spawned.
pyscript : VQE for ./integ_temp/int_propane_2_5_4_10_cal_mono_0_5_0.dat spawned.
pyscript : VQE for ./integ_temp/int_propane_2_5_4_10_cal_mono_1_5_0.dat spawned.
pyscript : output ./result_temp/res_propane_2_5_4_10_cal_mono_0_5_0.dat Generated.
pyscript : output ./result_temp/res_propane_2_5_4_10_cal_mono_1_5_0.dat Generated.
pyscript : output ./result_temp/res_propane_2_5_4_10_cal_mono_2_5_0.dat Generated.
it=5	mon=[1]	energy=-41.379096
it=5	mon=[0]	energy=-35.690689
it=5	mon=[2]	energy=-35.696687
##SCC itera= 5  conv=4  energy =    -112.76647186  energy0 =     -87.26353037  (  49.228525 )
./integ_temp/int_propane_2_5_4_10_cal_mono_0_6_0.dat -> 750 eris
./integ_temp/int_propane_2_5_4_10_cal_mono_2_6_0.dat -> 750 eris
./integ_temp/int_propane_2_5_4_10_cal_mono_1_6_0.dat -> 12597 eris
pyscript : VQE for ./integ_temp/int_propane_2_5_4_10_cal_mono_0_6_0.dat spawned.
pyscript : VQE for ./integ_temp/int_propane_2_5_4_10_cal_mono_2_6_0.dat spawned.
pyscript : VQE for ./integ_temp/int_propane_2_5_4_10_cal_mono_1_6_0.dat spawned.
pyscript : output ./result_temp/res_propane_2_5_4_10_cal_mono_2_6_0.dat Generated.
pyscript : output ./result_temp/res_propane_2_5_4_10_cal_mono_0_6_0.dat Generated.
it=6	mon=[0]	energy=-35.695846
it=6	mon=[2]	energy=-35.701325
pyscript : output ./result_temp/res_propane_2_5_4_10_cal_mono_1_6_0.dat Generated.
it=6	mon=[1]	energy=-41.380171
##SCC itera= 6  conv=4  energy =    -112.77734231  energy0 =     -87.26309306  (  49.207206 )
./integ_temp/int_propane_2_5_4_10_cal_mono_2_7_0.dat -> 750 eris
./integ_temp/int_propane_2_5_4_10_cal_mono_0_7_0.dat -> 750 eris
./integ_temp/int_propane_2_5_4_10_cal_mono_1_7_0.dat -> 12597 eris
pyscript : VQE for ./integ_temp/int_propane_2_5_4_10_cal_mono_0_7_0.dat spawned.
pyscript : VQE for ./integ_temp/int_propane_2_5_4_10_cal_mono_2_7_0.dat spawned.
pyscript : VQE for ./integ_temp/int_propane_2_5_4_10_cal_mono_1_7_0.dat spawned.
pyscript : output ./result_temp/res_propane_2_5_4_10_cal_mono_2_7_0.dat Generated.
it=7	mon=[2]	energy=-35.701354
pyscript : output ./result_temp/res_propane_2_5_4_10_cal_mono_0_7_0.dat Generated.
pyscript : output ./result_temp/res_propane_2_5_4_10_cal_mono_1_7_0.dat Generated.
it=7	mon=[0]	energy=-35.695513
it=7	mon=[1]	energy=-41.378960
##SCC itera= 7  conv=4  energy =    -112.77582688  energy0 =     -87.26333199  (  47.335726 )
./integ_temp/int_propane_2_5_4_10_cal_mono_2_8_0.dat -> 750 eris
./integ_temp/int_propane_2_5_4_10_cal_mono_0_8_0.dat -> 750 eris
./integ_temp/int_propane_2_5_4_10_cal_mono_1_8_0.dat -> 12597 eris
pyscript : VQE for ./integ_temp/int_propane_2_5_4_10_cal_mono_2_8_0.dat spawned.
pyscript : VQE for ./integ_temp/int_propane_2_5_4_10_cal_mono_0_8_0.dat spawned.
pyscript : VQE for ./integ_temp/int_propane_2_5_4_10_cal_mono_1_8_0.dat spawned.
pyscript : output ./result_temp/res_propane_2_5_4_10_cal_mono_2_8_0.dat Generated.
it=8	mon=[2]	energy=-35.701583
pyscript : output ./result_temp/res_propane_2_5_4_10_cal_mono_0_8_0.dat Generated.
pyscript : output ./result_temp/res_propane_2_5_4_10_cal_mono_1_8_0.dat Generated.
it=8	mon=[0]	energy=-35.695801
it=8	mon=[1]	energy=-41.379273
##SCC itera= 8  conv=6  energy =    -112.77665739  energy0 =     -87.26307387  (  51.279900 )
./integ_temp/int_propane_2_5_4_10_cal_mono_0_9_0.dat -> 750 eris
./integ_temp/int_propane_2_5_4_10_cal_mono_2_9_0.dat -> 750 eris
./integ_temp/int_propane_2_5_4_10_cal_mono_1_9_0.dat -> 12597 eris
pyscript : VQE for ./integ_temp/int_propane_2_5_4_10_cal_mono_0_9_0.dat spawned.
pyscript : VQE for ./integ_temp/int_propane_2_5_4_10_cal_mono_2_9_0.dat spawned.
pyscript : VQE for ./integ_temp/int_propane_2_5_4_10_cal_mono_1_9_0.dat spawned.
pyscript : output ./result_temp/res_propane_2_5_4_10_cal_mono_2_9_0.dat Generated.
it=9	mon=[2]	energy=-35.701336
pyscript : output ./result_temp/res_propane_2_5_4_10_cal_mono_0_9_0.dat Generated.
it=9	mon=[0]	energy=-35.695511
pyscript : output ./result_temp/res_propane_2_5_4_10_cal_mono_1_9_0.dat Generated.
it=9	mon=[1]	energy=-41.378848
##SCC itera= 9  conv=6  energy =    -112.77569526  energy0 =     -87.26314927  (  74.227710 )
./integ_temp/int_propane_2_5_4_10_cal_mono_0_10_0.dat -> 750 eris
./integ_temp/int_propane_2_5_4_10_cal_mono_2_10_0.dat -> 750 eris
./integ_temp/int_propane_2_5_4_10_cal_mono_1_10_0.dat -> 12597 eris
pyscript : VQE for ./integ_temp/int_propane_2_5_4_10_cal_mono_2_10_0.dat spawned.
pyscript : VQE for ./integ_temp/int_propane_2_5_4_10_cal_mono_0_10_0.dat spawned.
pyscript : VQE for ./integ_temp/int_propane_2_5_4_10_cal_mono_1_10_0.dat spawned.
pyscript : output ./result_temp/res_propane_2_5_4_10_cal_mono_0_10_0.dat Generated.
pyscript : output ./result_temp/res_propane_2_5_4_10_cal_mono_2_10_0.dat Generated.
it=10	mon=[0]	energy=-35.695577
it=10	mon=[2]	energy=-35.701429
pyscript : output ./result_temp/res_propane_2_5_4_10_cal_mono_1_10_0.dat Generated.
it=10	mon=[1]	energy=-41.378914
##SCC itera=10  conv=6  energy =    -112.77591934  energy0 =     -87.26313504  (  72.999538 )
./integ_temp/int_propane_2_5_4_10_cal_mono_2_11_0.dat -> 750 eris
./integ_temp/int_propane_2_5_4_10_cal_mono_0_11_0.dat -> 750 eris
./integ_temp/int_propane_2_5_4_10_cal_mono_1_11_0.dat -> 12597 eris
pyscript : VQE for ./integ_temp/int_propane_2_5_4_10_cal_mono_0_11_0.dat spawned.
pyscript : VQE for ./integ_temp/int_propane_2_5_4_10_cal_mono_2_11_0.dat spawned.
pyscript : VQE for ./integ_temp/int_propane_2_5_4_10_cal_mono_1_11_0.dat spawned.
pyscript : output ./result_temp/res_propane_2_5_4_10_cal_mono_2_11_0.dat Generated.
it=11	mon=[2]	energy=-35.701415
pyscript : output ./result_temp/res_propane_2_5_4_10_cal_mono_0_11_0.dat Generated.
it=11	mon=[0]	energy=-35.695557
pyscript : output ./result_temp/res_propane_2_5_4_10_cal_mono_1_11_0.dat Generated.
it=11	mon=[1]	energy=-41.378897
##SCC itera=11  conv=7  energy =    -112.77586920  energy0 =     -87.26313446  (  72.068015 )
./integ_temp/int_propane_2_5_4_10_cal_mono_2_12_0.dat -> 750 eris
./integ_temp/int_propane_2_5_4_10_cal_mono_0_12_0.dat -> 750 eris
./integ_temp/int_propane_2_5_4_10_cal_mono_1_12_0.dat -> 12597 eris
pyscript : VQE for ./integ_temp/int_propane_2_5_4_10_cal_mono_2_12_0.dat spawned.
pyscript : VQE for ./integ_temp/int_propane_2_5_4_10_cal_mono_0_12_0.dat spawned.
pyscript : VQE for ./integ_temp/int_propane_2_5_4_10_cal_mono_1_12_0.dat spawned.
pyscript : output ./result_temp/res_propane_2_5_4_10_cal_mono_0_12_0.dat Generated.
pyscript : output ./result_temp/res_propane_2_5_4_10_cal_mono_2_12_0.dat Generated.
it=12	mon=[0]	energy=-35.695563
it=12	mon=[2]	energy=-35.701422
pyscript : output ./result_temp/res_propane_2_5_4_10_cal_mono_1_12_0.dat Generated.
it=12	mon=[1]	energy=-41.378897
##SCC itera=12  conv=7  energy =    -112.77588160  energy0 =     -87.26313934  (  71.836037 )
./integ_temp/int_propane_2_5_4_10_cal_mono_2_13_0.dat -> 750 eris
./integ_temp/int_propane_2_5_4_10_cal_mono_0_13_0.dat -> 750 eris
./integ_temp/int_propane_2_5_4_10_cal_mono_1_13_0.dat -> 12597 eris
pyscript : VQE for ./integ_temp/int_propane_2_5_4_10_cal_mono_2_13_0.dat spawned.
pyscript : VQE for ./integ_temp/int_propane_2_5_4_10_cal_mono_0_13_0.dat spawned.
pyscript : VQE for ./integ_temp/int_propane_2_5_4_10_cal_mono_1_13_0.dat spawned.
pyscript : output ./result_temp/res_propane_2_5_4_10_cal_mono_2_13_0.dat Generated.
it=13	mon=[2]	energy=-35.701421
pyscript : output ./result_temp/res_propane_2_5_4_10_cal_mono_1_13_0.dat Generated.
it=13	mon=[1]	energy=-41.378896
pyscript : output ./result_temp/res_propane_2_5_4_10_cal_mono_0_13_0.dat Generated.
it=13	mon=[0]	energy=-35.695561
##SCC itera=13  conv=7  energy =    -112.77587878  energy0 =     -87.26313603  (  72.580086 )
./integ_temp/int_propane_2_5_4_10_cal_mono_0_14_0.dat -> 750 eris
./integ_temp/int_propane_2_5_4_10_cal_mono_2_14_0.dat -> 750 eris
./integ_temp/int_propane_2_5_4_10_cal_mono_1_14_0.dat -> 12597 eris
pyscript : VQE for ./integ_temp/int_propane_2_5_4_10_cal_mono_0_14_0.dat spawned.
pyscript : VQE for ./integ_temp/int_propane_2_5_4_10_cal_mono_2_14_0.dat spawned.
pyscript : VQE for ./integ_temp/int_propane_2_5_4_10_cal_mono_1_14_0.dat spawned.
pyscript : output ./result_temp/res_propane_2_5_4_10_cal_mono_0_14_0.dat Generated.
it=14	mon=[0]	energy=-35.695559
pyscript : output ./result_temp/res_propane_2_5_4_10_cal_mono_2_14_0.dat Generated.
it=14	mon=[2]	energy=-35.701421
pyscript : output ./result_temp/res_propane_2_5_4_10_cal_mono_1_14_0.dat Generated.
it=14	mon=[1]	energy=-41.378896
##SCC itera=14  conv=7  energy =    -112.77587679  energy0 =     -87.26313404  (  73.119688 )
./integ_temp/int_propane_2_5_4_10_cal_mono_2_15_0.dat -> 750 eris
./integ_temp/int_propane_2_5_4_10_cal_mono_0_15_0.dat -> 750 eris
./integ_temp/int_propane_2_5_4_10_cal_mono_1_15_0.dat -> 12597 eris
pyscript : VQE for ./integ_temp/int_propane_2_5_4_10_cal_mono_0_15_0.dat spawned.
pyscript : VQE for ./integ_temp/int_propane_2_5_4_10_cal_mono_2_15_0.dat spawned.
pyscript : VQE for ./integ_temp/int_propane_2_5_4_10_cal_mono_1_15_0.dat spawned.
pyscript : output ./result_temp/res_propane_2_5_4_10_cal_mono_0_15_0.dat Generated.
it=15	mon=[0]	energy=-35.695559
pyscript : output ./result_temp/res_propane_2_5_4_10_cal_mono_2_15_0.dat Generated.
pyscript : output ./result_temp/res_propane_2_5_4_10_cal_mono_1_15_0.dat Generated.
it=15	mon=[2]	energy=-35.701421
it=15	mon=[1]	energy=-41.378896
##SCC itera=15  conv=7  energy =    -112.77587679  energy0 =     -87.26313404  (  71.900281 )
==== SCC converged ====
##T         ---- Finish SCC procedure ---- : lap time= 969.245762 ( total etime= 969.494960 )
./integ_temp/int_propane_2_5_4_10_cal_dim_2-0_130_0.dat -> 9996 eris
pyscript : VQE for ./integ_temp/int_propane_2_5_4_10_cal_dim_2-0_130_0.dat spawned.
./integ_temp/int_propane_2_5_4_10_cal_dim_2-1_130_0.dat -> 23485 eris
./integ_temp/int_propane_2_5_4_10_cal_dim_0-1_130_0.dat -> 23485 eris
pyscript : VQE for ./integ_temp/int_propane_2_5_4_10_cal_dim_0-1_130_0.dat spawned.
pyscript : VQE for ./integ_temp/int_propane_2_5_4_10_cal_dim_2-1_130_0.dat spawned.
pyscript : output ./result_temp/res_propane_2_5_4_10_cal_dim_0-1_130_0.dat Generated.
it=130	mon=[0, 1]	energy=-79.357235
pyscript : output ./result_temp/res_propane_2_5_4_10_cal_dim_2-0_130_0.dat Generated.
it=130	mon=[2, 0]	energy=-70.890765
pyscript : output ./result_temp/res_propane_2_5_4_10_cal_dim_2-1_130_0.dat Generated.
it=130	mon=[2, 1]	energy=-79.357929
##T    ---- Finish to Calc. Dimer SCF ---- : lap time= 431252.423532 ( total etime= 432221.918498 )
       ( # of scf dimer = 3 )
        dE0(SCF dimer) =     -29.56438699
##T     ---- Finish to Calc. ES Dimer ---- : lap time=   0.000076 ( total etime= 432221.918587 )
    (# of ES dimer = 0)
    dE0(ES dimer) =       0.00000000
    total energy(FMO) =    -116.82752103
##T  -- All workers have been destroyed -- : lap time=   0.000035 ( total etime= 432221.918628 )
---- ATOMIC POPULATION DATA -----
   SN AN  ATOMIC POP  NET CHARGE
---------------------------------
    1  6       6.193      -0.193
    2  1       0.937       0.063
    3  1       0.937       0.063
    4  1       0.939       0.061
    5  6       6.111      -0.111
    6  1       0.938       0.062
    7  1       0.937       0.063
    8  6       6.193      -0.193
    9  1       0.940       0.060
   10  1       0.938       0.062
   11  1       0.937       0.063
---------------------------------
total charge =      0.000
---------------------------------
##T    -- calc AO and atomic population -- : lap time=   0.000077 ( total etime= 432221.918709 )
##T   -- All mservs have been destroyed -- : lap time=   0.000013 ( total etime= 432221.918733 )
