Will Run VQE
ngroup       = 5
nioprocs     = 1
niogroup     = 1
nmaxprocs    = 7
group size   = 1
# of threads = 24
nintic       = 2048
input file name       = ./samples/S1_4j0P_FMO_5frags_small.inp
prefix of output file = 
local input dir.      = ./
# of total invoked procs = 7 (=1iog*1iop+1+5gr*1pr)
master host name = gwonhaklee-System-Product-Name
-----------------------------------------------------
 # of data = 11
nfrag = 5
##T                  Finish Initialization : lap time=   0.000224 ( total etime=   0.000224 )
****** LIST OF HOST NAME (MSERV(ID=0))******
rank=  0 : gwonhaklee-System-Product-Name
********************************
##T        Finish to Create Memory Servers : lap time=   0.047230 ( total etime=   0.047462 )
****** LIST OF HOST NAME (WORKER(ID=0)) ******
rank=  0 : gwonhaklee-System-Product-Name
********************************
****** LIST OF HOST NAME (WORKER(ID=1)) ******
rank=  0 : gwonhaklee-System-Product-Name
********************************
****** LIST OF HOST NAME (WORKER(ID=2)) ******
rank=  0 : gwonhaklee-System-Product-Name
********************************
****** LIST OF HOST NAME (WORKER(ID=3)) ******
rank=  0 : gwonhaklee-System-Product-Name
********************************
##T               Finish to Create Workers : lap time=   0.399502 ( total etime=   0.446980 )
****** LIST OF HOST NAME (WORKER(ID=4)) ******
rank=  0 : gwonhaklee-System-Product-Name
********************************
##T     Finish to Connect Mservs & Workers : lap time=   0.030488 ( total etime=   0.477483 )
calc. inter-frag distance list = 4
##T    Finish to Calculate Initial Density : lap time=   0.071386 ( total etime=   0.549290 )
---- start SCC (maxscc=30, sccconv=7) ----
it=1	mon=[1]	energy=-429.269965	energy_0=-428.852309
it=1	mon=[2]	energy=-209.560879	energy_0=-205.238084
it=1	mon=[0]	energy=-430.299046	energy_0=-428.857574
it=1	mon=[3]	energy=-959.625775	energy_0=-960.996433
it=1	mon=[4]	energy=-185.230103	energy_0=-200.603422
##SCC itera= 1  conv=2  energy =   -2213.98576741  energy0 =   -2224.54782128  (  35.201764 )
it=2	mon=[2]	energy=-204.338441	energy_0=-205.243004
it=2	mon=[1]	energy=-425.551547	energy_0=-428.852797
it=2	mon=[0]	energy=-429.348013	energy_0=-428.859320
it=2	mon=[3]	energy=-981.568870	energy_0=-961.133672
it=2	mon=[4]	energy=-216.682979	energy_0=-201.098311
##SCC itera= 2  conv=2  energy =   -2257.48985071  energy0 =   -2225.18710384  (  32.723324 )
it=3	mon=[1]	energy=-427.599273	energy_0=-428.853611
it=3	mon=[2]	energy=-205.910810	energy_0=-205.243367
it=3	mon=[0]	energy=-428.999605	energy_0=-428.859749
it=3	mon=[3]	energy=-976.031540	energy_0=-961.824270
it=3	mon=[4]	energy=-214.252745	energy_0=-201.486789
##SCC itera= 3  conv=2  energy =   -2252.79397362  energy0 =   -2226.26778578  (  34.419741 )
it=4	mon=[1]	energy=-427.582517	energy_0=-428.854177
it=4	mon=[2]	energy=-205.736474	energy_0=-205.243549
it=4	mon=[0]	energy=-429.132763	energy_0=-428.861181
it=4	mon=[3]	energy=-977.091217	energy_0=-961.859059
it=4	mon=[4]	energy=-216.316738	energy_0=-201.502415
##SCC itera= 4  conv=2  energy =   -2255.85971068  energy0 =   -2226.32038056  (  33.115704 )
it=5	mon=[1]	energy=-427.849015	energy_0=-428.854303
it=5	mon=[2]	energy=-205.847308	energy_0=-205.243536
it=5	mon=[0]	energy=-429.028600	energy_0=-428.860950
it=5	mon=[3]	energy=-976.486922	energy_0=-961.938257
it=5	mon=[4]	energy=-216.343100	energy_0=-201.524137
##SCC itera= 5  conv=4  energy =   -2255.55494563  energy0 =   -2226.42118238  (  38.972056 )
it=6	mon=[1]	energy=-427.885290	energy_0=-428.854317
it=6	mon=[2]	energy=-205.843201	energy_0=-205.243551
it=6	mon=[0]	energy=-429.067668	energy_0=-428.860962
it=6	mon=[3]	energy=-976.528511	energy_0=-961.947896
it=6	mon=[4]	energy=-216.633883	energy_0=-201.526252
##SCC itera= 6  conv=4  energy =   -2255.95855299  energy0 =   -2226.43297840  (  37.959064 )
it=7	mon=[1]	energy=-427.927867	energy_0=-428.854331
it=7	mon=[2]	energy=-205.857426	energy_0=-205.243555
it=7	mon=[0]	energy=-429.044827	energy_0=-428.860920
it=7	mon=[3]	energy=-976.440524	energy_0=-961.960056
it=7	mon=[4]	energy=-216.667209	energy_0=-201.527736
##SCC itera= 7  conv=4  energy =   -2255.93785246  energy0 =   -2226.44659781  (  39.828046 )
it=8	mon=[2]	energy=-205.861147	energy_0=-205.243555
it=8	mon=[1]	energy=-427.940735	energy_0=-428.854337
it=8	mon=[0]	energy=-429.055393	energy_0=-428.860920
it=8	mon=[3]	energy=-976.435043	energy_0=-961.962155
it=8	mon=[4]	energy=-216.716546	energy_0=-201.522433
##SCC itera= 8  conv=6  energy =   -2256.00886498  energy0 =   -2226.44340026  (  41.547641 )
it=9	mon=[1]	energy=-427.947685	energy_0=-428.854339
it=9	mon=[2]	energy=-205.863193	energy_0=-205.243556
it=9	mon=[0]	energy=-429.050502	energy_0=-428.860912
it=9	mon=[3]	energy=-976.420737	energy_0=-961.964275
it=9	mon=[4]	energy=-216.724433	energy_0=-201.528577
##SCC itera= 9  conv=6  energy =   -2256.00654956  energy0 =   -2226.45165948  (  42.914683 )
it=10	mon=[1]	energy=-427.950415	energy_0=-428.854340
it=10	mon=[2]	energy=-205.864026	energy_0=-205.243555
it=10	mon=[0]	energy=-429.052834	energy_0=-428.860913
it=10	mon=[3]	energy=-976.419223	energy_0=-961.964649
it=10	mon=[4]	energy=-216.733024	energy_0=-201.522652
##SCC itera=10  conv=6  energy =   -2256.01952223  energy0 =   -2226.44610904  (  41.132581 )
it=11	mon=[1]	energy=-427.951542	energy_0=-428.854341
it=11	mon=[2]	energy=-205.864391	energy_0=-205.243556
it=11	mon=[0]	energy=-429.051656	energy_0=-428.860911
it=11	mon=[3]	energy=-976.416597	energy_0=-961.965057
it=11	mon=[4]	energy=-216.734618	energy_0=-201.528689
##SCC itera=11  conv=7  energy =   -2256.01880373  energy0 =   -2226.45255366  (  42.161820 )
it=12	mon=[1]	energy=-427.952144	energy_0=-428.854341
it=12	mon=[2]	energy=-205.864512	energy_0=-205.243556
it=12	mon=[0]	energy=-429.052325	energy_0=-428.860911
it=12	mon=[3]	energy=-976.416435	energy_0=-961.965096
it=12	mon=[4]	energy=-216.736322	energy_0=-201.528714
##SCC itera=12  conv=7  energy =   -2256.02173846  energy0 =   -2226.45261771  (  42.303012 )
it=13	mon=[1]	energy=-427.952342	energy_0=-428.854341
it=13	mon=[2]	energy=-205.864561	energy_0=-205.243556
it=13	mon=[0]	energy=-429.052070	energy_0=-428.860911
it=13	mon=[3]	energy=-976.415952	energy_0=-961.965168
it=13	mon=[4]	energy=-216.736448	energy_0=-201.528713
##SCC itera=13  conv=7  energy =   -2256.02137209  energy0 =   -2226.45268852  (  42.300919 )
it=14	mon=[1]	energy=-427.952420	energy_0=-428.854341
it=14	mon=[2]	energy=-205.864590	energy_0=-205.243556
it=14	mon=[0]	energy=-429.052175	energy_0=-428.860911
it=14	mon=[3]	energy=-976.415936	energy_0=-961.965176
it=14	mon=[4]	energy=-216.736537	energy_0=-201.522688
##SCC itera=14  conv=7  energy =   -2256.02165782  energy0 =   -2226.44667209  (  40.542555 )
it=15	mon=[1]	energy=-427.952368	energy_0=-428.854341
it=15	mon=[2]	energy=-205.864655	energy_0=-205.243556
it=15	mon=[0]	energy=-429.051944	energy_0=-428.860911
it=15	mon=[3]	energy=-976.415711	energy_0=-961.965221
it=15	mon=[4]	energy=-216.736781	energy_0=-201.528719
##SCC itera=15  conv=7  energy =   -2256.02145838  energy0 =   -2226.45274672  (  42.062777 )
it=16	mon=[1]	energy=-427.952507	energy_0=-428.854341
it=16	mon=[2]	energy=-205.864612	energy_0=-205.243556
it=16	mon=[0]	energy=-429.052202	energy_0=-428.860911
it=16	mon=[3]	energy=-976.415843	energy_0=-961.965191
it=16	mon=[4]	energy=-216.736962	energy_0=-201.528972
##SCC itera=16  conv=7  energy =   -2256.02212569  energy0 =   -2226.45297093  (  42.263417 )
it=17	mon=[1]	energy=-427.952495	energy_0=-428.854341
it=17	mon=[2]	energy=-205.864607	energy_0=-205.243556
it=17	mon=[0]	energy=-429.052131	energy_0=-428.860911
it=17	mon=[3]	energy=-976.415796	energy_0=-961.965196
it=17	mon=[4]	energy=-216.736623	energy_0=-201.522687
##SCC itera=17  conv=7  energy =   -2256.02165301  energy0 =   -2226.44669041  (  40.439612 )
it=18	mon=[1]	energy=-427.952394	energy_0=-428.854341
it=18	mon=[2]	energy=-205.864664	energy_0=-205.243556
it=18	mon=[0]	energy=-429.051964	energy_0=-428.860911
it=18	mon=[3]	energy=-976.415691	energy_0=-961.965225
it=18	mon=[4]	energy=-216.736867	energy_0=-201.528722
##SCC itera=18  conv=7  energy =   -2256.02158128  energy0 =   -2226.45275397  (  42.247756 )
it=19	mon=[1]	energy=-427.952519	energy_0=-428.854341
it=19	mon=[2]	energy=-205.864615	energy_0=-205.243556
it=19	mon=[0]	energy=-429.052193	energy_0=-428.860911
it=19	mon=[3]	energy=-976.415820	energy_0=-961.965195
it=19	mon=[4]	energy=-216.736973	energy_0=-201.528712
##SCC itera=19  conv=7  energy =   -2256.02212012  energy0 =   -2226.45271378  (  42.349271 )
it=20	mon=[1]	energy=-427.952497	energy_0=-428.854341
it=20	mon=[2]	energy=-205.864611	energy_0=-205.243556
it=20	mon=[0]	energy=-429.052128	energy_0=-428.860911
it=20	mon=[3]	energy=-976.415787	energy_0=-961.965198
it=20	mon=[4]	energy=-216.736637	energy_0=-201.522686
##SCC itera=20  conv=7  energy =   -2256.02165975  energy0 =   -2226.44669177  (  40.151301 )
it=21	mon=[1]	energy=-427.952398	energy_0=-428.854341
it=21	mon=[2]	energy=-205.864665	energy_0=-205.243556
it=21	mon=[0]	energy=-429.051965	energy_0=-428.860911
it=21	mon=[3]	energy=-976.415687	energy_0=-961.965225
it=21	mon=[4]	energy=-216.736873	energy_0=-201.528719
##SCC itera=21  conv=7  energy =   -2256.02158674  energy0 =   -2226.45275129  (  42.139379 )
it=22	mon=[1]	energy=-427.952520	energy_0=-428.854341
it=22	mon=[2]	energy=-205.864615	energy_0=-205.243556
it=22	mon=[0]	energy=-429.052193	energy_0=-428.860911
it=22	mon=[3]	energy=-976.415818	energy_0=-961.965195
it=22	mon=[4]	energy=-216.736975	energy_0=-201.528712
##SCC itera=22  conv=7  energy =   -2256.02212219  energy0 =   -2226.45271384  (  42.302922 )
it=23	mon=[1]	energy=-427.952497	energy_0=-428.854341
it=23	mon=[2]	energy=-205.864611	energy_0=-205.243556
it=23	mon=[0]	energy=-429.052128	energy_0=-428.860911
it=23	mon=[3]	energy=-976.415786	energy_0=-961.965198
it=23	mon=[4]	energy=-216.736637	energy_0=-201.522685
##SCC itera=23  conv=7  energy =   -2256.02166075  energy0 =   -2226.44669083  (  40.140001 )
it=24	mon=[1]	energy=-427.952398	energy_0=-428.854341
it=24	mon=[2]	energy=-205.864665	energy_0=-205.243556
it=24	mon=[0]	energy=-429.051965	energy_0=-428.860911
it=24	mon=[3]	energy=-976.415687	energy_0=-961.965225
it=24	mon=[4]	energy=-216.736874	energy_0=-201.528720
##SCC itera=24  conv=7  energy =   -2256.02158786  energy0 =   -2226.45275269  (  42.123709 )
it=25	mon=[1]	energy=-427.952521	energy_0=-428.854341
it=25	mon=[2]	energy=-205.864615	energy_0=-205.243556
it=25	mon=[0]	energy=-429.052193	energy_0=-428.860911
it=25	mon=[3]	energy=-976.415818	energy_0=-961.965195
it=25	mon=[4]	energy=-216.736975	energy_0=-201.528712
##SCC itera=25  conv=7  energy =   -2256.02212221  energy0 =   -2226.45271386  (  42.173285 )
it=26	mon=[1]	energy=-427.952497	energy_0=-428.854341
it=26	mon=[2]	energy=-205.864611	energy_0=-205.243556
it=26	mon=[0]	energy=-429.052128	energy_0=-428.860911
it=26	mon=[3]	energy=-976.415786	energy_0=-961.965198
it=26	mon=[4]	energy=-216.736637	energy_0=-201.522684
##SCC itera=26  conv=7  energy =   -2256.02165983  energy0 =   -2226.44669006  (  40.066626 )
it=27	mon=[1]	energy=-427.952398	energy_0=-428.854341
it=27	mon=[2]	energy=-205.864665	energy_0=-205.243556
it=27	mon=[0]	energy=-429.051965	energy_0=-428.860911
it=27	mon=[3]	energy=-976.415687	energy_0=-961.965225
it=27	mon=[4]	energy=-216.736875	energy_0=-201.528721
##SCC itera=27  conv=7  energy =   -2256.02158861  energy0 =   -2226.45275339  (  42.167587 )
it=28	mon=[1]	energy=-427.952521	energy_0=-428.854341
it=28	mon=[2]	energy=-205.864615	energy_0=-205.243556
it=28	mon=[0]	energy=-429.052193	energy_0=-428.860911
it=28	mon=[3]	energy=-976.415818	energy_0=-961.965195
it=28	mon=[4]	energy=-216.736975	energy_0=-201.528712
##SCC itera=28  conv=7  energy =   -2256.02212216  energy0 =   -2226.45271386  (  42.274528 )
it=29	mon=[1]	energy=-427.952497	energy_0=-428.854341
it=29	mon=[2]	energy=-205.864611	energy_0=-205.243556
it=29	mon=[0]	energy=-429.052128	energy_0=-428.860911
it=29	mon=[3]	energy=-976.415786	energy_0=-961.965198
it=29	mon=[4]	energy=-216.736637	energy_0=-201.522685
##SCC itera=29  conv=7  energy =   -2256.02166036  energy0 =   -2226.44669044  (  40.164207 )
it=30	mon=[1]	energy=-427.952398	energy_0=-428.854341
it=30	mon=[2]	energy=-205.864665	energy_0=-205.243556
it=30	mon=[0]	energy=-429.051965	energy_0=-428.860911
it=30	mon=[3]	energy=-976.415687	energy_0=-961.965225
it=30	mon=[4]	energy=-216.736874	energy_0=-201.528720
##SCC itera=30  conv=7  energy =   -2256.02158785  energy0 =   -2226.45275263  (  42.163735 )
##T         ---- Finish SCC procedure ---- : lap time= 1210.361630 ( total etime= 1210.910951 )
it=130	mon=[1, 0]	energy=-857.268210	energy_0=-857.711380
# E=  -857.2682104881 E-DV=  -857.7113799750 DV=     0.4431694869 DDV=     0.0000688833
it=130	mon=[1, 3]	energy=-1404.795226	energy_0=-1390.822770
# E= -1404.7952263365 E-DV= -1390.8227696356 DV=   -13.9724567009 DDV=     0.0010257294
it=130	mon=[0, 3]	energy=-1404.968171	energy_0=-1390.824488
# E= -1404.9681713293 E-DV= -1390.8244878724 DV=   -14.1436834570 DDV=    -0.0017924244
it=130	mon=[2, 0]	energy=-634.311097	energy_0=-634.102000
# E=  -634.3110967163 E-DV=  -634.1019995239 DV=    -0.2090971924 DDV=     0.0000704506
it=130	mon=[2, 1]	energy=-634.818501	energy_0=-634.097327
# E=  -634.8185006533 E-DV=  -634.0973269042 DV=    -0.7211737491 DDV=     0.0002105322
it=130	mon=[2, 3]	energy=-1181.963443	energy_0=-1167.206843
# E= -1181.9634433821 E-DV= -1167.2068425320 DV=   -14.7566008501 DDV=     0.0006115746
it=130	mon=[2, 4]	energy=-422.559430	energy_0=-406.767657
# E=  -422.5594299390 E-DV=  -406.7676568333 DV=   -15.7917731058 DDV=    -0.0013717781
it=130	mon=[4, 1]	energy=-646.403876	energy_0=-630.403904
# E=  -646.4038759052 E-DV=  -630.4039041233 DV=   -15.9999717819 DDV=    -0.0019831360
it=130	mon=[4, 0]	energy=-647.201284	energy_0=-630.399161
# E=  -647.2012841415 E-DV=  -630.3991613892 DV=   -16.8021227522 DDV=    -0.0064629856
