Will Run VQE
ngroup       = 5
nioprocs     = 1
niogroup     = 1
nmaxprocs    = 7
group size   = 1
# of threads = 24
nintic       = 2048
input file name       = ./samples/S1_4j0P_FMO_5frags.inp
prefix of output file = 
local input dir.      = ./
# of total invoked procs = 7 (=1iog*1iop+1+5gr*1pr)
master host name = gwonhaklee-System-Product-Name
-----------------------------------------------------
 # of data = 11
nfrag = 5
##T                  Finish Initialization : lap time=   0.000215 ( total etime=   0.000215 )
****** LIST OF HOST NAME (MSERV(ID=0))******
rank=  0 : gwonhaklee-System-Product-Name
********************************
##T        Finish to Create Memory Servers : lap time=   0.026636 ( total etime=   0.026858 )
****** LIST OF HOST NAME (WORKER(ID=0)) ******
rank=  0 : gwonhaklee-System-Product-Name
********************************
****** LIST OF HOST NAME (WORKER(ID=1)) ******
rank=  0 : gwonhaklee-System-Product-Name
********************************
****** LIST OF HOST NAME (WORKER(ID=2)) ******
rank=  0 : gwonhaklee-System-Product-Name
********************************
****** LIST OF HOST NAME (WORKER(ID=3)) ******
rank=  0 : gwonhaklee-System-Product-Name
********************************
##T               Finish to Create Workers : lap time=   0.170427 ( total etime=   0.197300 )
****** LIST OF HOST NAME (WORKER(ID=4)) ******
rank=  0 : gwonhaklee-System-Product-Name
********************************
##T     Finish to Connect Mservs & Workers : lap time=   0.039779 ( total etime=   0.237093 )
calc. inter-frag distance list = 2
##T    Finish to Calculate Initial Density : lap time=   0.017608 ( total etime=   0.255022 )
---- start SCC (maxscc=30, sccconv=7) ----
it=1	mon=[1]	energy=-429.269965	energy_0=-428.852309
it=1	mon=[2]	energy=-209.560879	energy_0=-205.238084
it=1	mon=[0]	energy=-430.299046	energy_0=-428.857574
it=1	mon=[3]	energy=-959.625775	energy_0=-960.996433
it=1	mon=[4]	energy=-185.235742	energy_0=-200.637917
##SCC itera= 1  conv=2  energy =   -2213.99140732  energy0 =   -2224.58231637  (  29.571903 )
it=2	mon=[1]	energy=-425.564029	energy_0=-428.852805
it=2	mon=[2]	energy=-204.341392	energy_0=-205.243003
it=2	mon=[0]	energy=-429.354682	energy_0=-428.859384
it=2	mon=[3]	energy=-981.530934	energy_0=-961.140010
it=2	mon=[4]	energy=-216.706566	energy_0=-201.114332
##SCC itera= 2  conv=2  energy =   -2257.49760328  energy0 =   -2225.20953515  (  40.133648 )
it=3	mon=[1]	energy=-427.658074	energy_0=-428.853614
it=3	mon=[2]	energy=-205.932639	energy_0=-205.243362
it=3	mon=[0]	energy=-429.014741	energy_0=-428.859719
it=3	mon=[3]	energy=-975.909721	energy_0=-961.832681
it=3	mon=[4]	energy=-214.269450	energy_0=-201.491304
##SCC itera= 3  conv=2  energy =   -2252.78462696  energy0 =   -2226.28067939  (  42.053995 )
it=4	mon=[1]	energy=-427.585749	energy_0=-428.854179
it=4	mon=[2]	energy=-205.737433	energy_0=-205.243546
it=4	mon=[0]	energy=-429.143274	energy_0=-428.861176
it=4	mon=[3]	energy=-977.101082	energy_0=-961.859002
it=4	mon=[4]	energy=-216.348430	energy_0=-201.499984
##SCC itera= 4  conv=2  energy =   -2255.91596724  energy0 =   -2226.31788779  (  42.334477 )
it=5	mon=[1]	energy=-427.853095	energy_0=-428.854304
it=5	mon=[2]	energy=-205.849563	energy_0=-205.243535
it=5	mon=[0]	energy=-429.028772	energy_0=-428.860947
it=5	mon=[3]	energy=-976.478579	energy_0=-961.938985
it=5	mon=[4]	energy=-216.343285	energy_0=-201.520711
##SCC itera= 5  conv=4  energy =   -2255.55329422  energy0 =   -2226.41848249  (  45.302058 )
it=6	mon=[1]	energy=-427.885227	energy_0=-428.854317
it=6	mon=[2]	energy=-205.843331	energy_0=-205.243551
it=6	mon=[0]	energy=-429.069632	energy_0=-428.860964
it=6	mon=[3]	energy=-976.531029	energy_0=-961.947732
it=6	mon=[4]	energy=-216.637275	energy_0=-201.521422
##SCC itera= 6  conv=4  energy =   -2255.96649498  energy0 =   -2226.42798630  (  45.004418 )
it=7	mon=[1]	energy=-427.927651	energy_0=-428.854331
it=7	mon=[2]	energy=-205.857574	energy_0=-205.243555
it=7	mon=[0]	energy=-429.045195	energy_0=-428.860921
it=7	mon=[3]	energy=-976.441220	energy_0=-961.960027
it=7	mon=[4]	energy=-216.666974	energy_0=-201.522715
##SCC itera= 7  conv=4  energy =   -2255.93861478  energy0 =   -2226.44154932  (  45.931729 )
it=8	mon=[1]	energy=-427.940209	energy_0=-428.854337
it=8	mon=[2]	energy=-205.861186	energy_0=-205.243555
it=8	mon=[0]	energy=-429.056331	energy_0=-428.860922
it=8	mon=[3]	energy=-976.436832	energy_0=-961.962008
it=8	mon=[4]	energy=-216.717145	energy_0=-201.523137
##SCC itera= 8  conv=6  energy =   -2256.01170287  energy0 =   -2226.44395929  (  47.754167 )
it=9	mon=[1]	energy=-427.947221	energy_0=-428.854339
it=9	mon=[2]	energy=-205.863162	energy_0=-205.243556
it=9	mon=[0]	energy=-429.051301	energy_0=-428.860914
it=9	mon=[3]	energy=-976.422363	energy_0=-961.964125
it=9	mon=[4]	energy=-216.724296	energy_0=-201.523293
##SCC itera= 9  conv=6  energy =   -2256.00834201  energy0 =   -2226.44622671  (  46.891069 )
it=10	mon=[1]	energy=-427.949794	energy_0=-428.854340
it=10	mon=[2]	energy=-205.864037	energy_0=-205.243556
it=10	mon=[0]	energy=-429.053526	energy_0=-428.860914
it=10	mon=[3]	energy=-976.420876	energy_0=-961.964510
it=10	mon=[4]	energy=-216.733110	energy_0=-201.523352
##SCC itera=10  conv=6  energy =   -2256.02134392  energy0 =   -2226.44667196  (  47.827972 )
it=11	mon=[1]	energy=-427.951030	energy_0=-428.854340
it=11	mon=[2]	energy=-205.864345	energy_0=-205.243556
it=11	mon=[0]	energy=-429.052537	energy_0=-428.860912
it=11	mon=[3]	energy=-976.418364	energy_0=-961.964889
it=11	mon=[4]	energy=-216.734518	energy_0=-201.523359
##SCC itera=11  conv=7  energy =   -2256.02079355  energy0 =   -2226.44705702  (  47.238704 )
it=12	mon=[1]	energy=-427.951512	energy_0=-428.854341
it=12	mon=[2]	energy=-205.864519	energy_0=-205.243556
it=12	mon=[0]	energy=-429.052970	energy_0=-428.860912
it=12	mon=[3]	energy=-976.418055	energy_0=-961.964959
it=12	mon=[4]	energy=-216.736104	energy_0=-201.523375
##SCC itera=12  conv=7  energy =   -2256.02315977  energy0 =   -2226.44714267  (  47.375239 )
it=13	mon=[1]	energy=-427.951733	energy_0=-428.854341
it=13	mon=[2]	energy=-205.864571	energy_0=-205.243556
it=13	mon=[0]	energy=-429.052782	energy_0=-428.860912
it=13	mon=[3]	energy=-976.417604	energy_0=-961.965028
it=13	mon=[4]	energy=-216.736361	energy_0=-201.523379
##SCC itera=13  conv=7  energy =   -2256.02305092  energy0 =   -2226.44721504  (  46.396917 )
it=14	mon=[1]	energy=-427.951821	energy_0=-428.854341
it=14	mon=[2]	energy=-205.864603	energy_0=-205.243556
it=14	mon=[0]	energy=-429.052864	energy_0=-428.860912
it=14	mon=[3]	energy=-976.417548	energy_0=-961.965040
it=14	mon=[4]	energy=-216.736651	energy_0=-201.523379
##SCC itera=14  conv=7  energy =   -2256.02348729  energy0 =   -2226.44722755  (  46.408358 )
it=15	mon=[1]	energy=-427.951861	energy_0=-428.854341
it=15	mon=[2]	energy=-205.864612	energy_0=-205.243556
it=15	mon=[0]	energy=-429.052829	energy_0=-428.860912
it=15	mon=[3]	energy=-976.417466	energy_0=-961.965053
it=15	mon=[4]	energy=-216.736690	energy_0=-201.523374
##SCC itera=15  conv=7  energy =   -2256.02345794  energy0 =   -2226.44723504  (  46.430337 )
it=16	mon=[1]	energy=-427.951877	energy_0=-428.854341
it=16	mon=[2]	energy=-205.864618	energy_0=-205.243556
it=16	mon=[0]	energy=-429.052844	energy_0=-428.860912
it=16	mon=[3]	energy=-976.417456	energy_0=-961.965055
