Will Run VQE
ngroup       = 5
nioprocs     = 1
niogroup     = 1
nmaxprocs    = 7
group size   = 1
# of threads = 24
nintic       = 2048
input file name       = ./samples/S1_4j0P_FMO_5frags_rhfdim.inp
prefix of output file = 
local input dir.      = ./
# of total invoked procs = 7 (=1iog*1iop+1+5gr*1pr)
master host name = gwonhaklee-System-Product-Name
-----------------------------------------------------
 # of data = 11
nfrag = 5
##T                  Finish Initialization : lap time=   0.000281 ( total etime=   0.000281 )
****** LIST OF HOST NAME (MSERV(ID=0))******
rank=  0 : gwonhaklee-System-Product-Name
********************************
##T        Finish to Create Memory Servers : lap time=   0.071598 ( total etime=   0.071890 )
****** LIST OF HOST NAME (WORKER(ID=0)) ******
rank=  0 : gwonhaklee-System-Product-Name
********************************
****** LIST OF HOST NAME (WORKER(ID=1)) ******
rank=  0 : gwonhaklee-System-Product-Name
********************************
****** LIST OF HOST NAME (WORKER(ID=2)) ******
rank=  0 : gwonhaklee-System-Product-Name
********************************
****** LIST OF HOST NAME (WORKER(ID=3)) ******
rank=  0 : gwonhaklee-System-Product-Name
********************************
##T               Finish to Create Workers : lap time=   0.929925 ( total etime=   1.001828 )
****** LIST OF HOST NAME (WORKER(ID=4)) ******
rank=  0 : gwonhaklee-System-Product-Name
********************************
##T     Finish to Connect Mservs & Workers : lap time=   0.839980 ( total etime=   1.841831 )
calc. inter-frag distance list = 4
##T    Finish to Calculate Initial Density : lap time=   0.093017 ( total etime=   1.967116 )
---- start SCC (maxscc=30, sccconv=7) ----
it=1	method=[RHF]	mon=[2]	energy=-429.269965	energy_0=-428.852309
it=1	method=[RHF]	mon=[3]	energy=-209.560879	energy_0=-205.238084
it=1	method=[RHF]	mon=[1]	energy=-430.299046	energy_0=-428.857574
it=1	method=[RHF]	mon=[4]	energy=-959.625775	energy_0=-960.996433
it=1	method=[VQE]	mon=[5]	energy=-185.235742	energy_0=-200.637917
##SCC itera= 1  conv=2  energy =   -2213.99140732  energy0 =   -2224.58231637  (  77.846856 )
it=2	method=[RHF]	mon=[2]	energy=-425.564029	energy_0=-428.852805
it=2	method=[RHF]	mon=[3]	energy=-204.341392	energy_0=-205.243003
it=2	method=[RHF]	mon=[1]	energy=-429.354682	energy_0=-428.859384
it=2	method=[RHF]	mon=[4]	energy=-981.530934	energy_0=-961.140010
it=2	method=[VQE]	mon=[5]	energy=-216.706566	energy_0=-201.114332
##SCC itera= 2  conv=2  energy =   -2257.49760328  energy0 =   -2225.20953515  ( 102.020668 )
it=3	method=[RHF]	mon=[2]	energy=-427.658074	energy_0=-428.853614
it=3	method=[RHF]	mon=[3]	energy=-205.932639	energy_0=-205.243362
it=3	method=[RHF]	mon=[1]	energy=-429.014741	energy_0=-428.859719
it=3	method=[RHF]	mon=[4]	energy=-975.909721	energy_0=-961.832681
it=3	method=[VQE]	mon=[5]	energy=-214.269450	energy_0=-201.491304
##SCC itera= 3  conv=2  energy =   -2252.78462696  energy0 =   -2226.28067939  ( 104.956655 )
it=4	method=[RHF]	mon=[2]	energy=-427.585749	energy_0=-428.854179
it=4	method=[RHF]	mon=[3]	energy=-205.737433	energy_0=-205.243546
it=4	method=[RHF]	mon=[1]	energy=-429.143274	energy_0=-428.861176
it=4	method=[RHF]	mon=[4]	energy=-977.101082	energy_0=-961.859002
it=4	method=[VQE]	mon=[5]	energy=-216.348430	energy_0=-201.499984
##SCC itera= 4  conv=2  energy =   -2255.91596724  energy0 =   -2226.31788779  ( 104.407252 )
it=5	method=[RHF]	mon=[2]	energy=-427.853095	energy_0=-428.854304
it=5	method=[RHF]	mon=[3]	energy=-205.849563	energy_0=-205.243535
it=5	method=[RHF]	mon=[1]	energy=-429.028772	energy_0=-428.860947
it=5	method=[RHF]	mon=[4]	energy=-976.478579	energy_0=-961.938985
it=5	method=[VQE]	mon=[5]	energy=-216.343285	energy_0=-201.520711
##SCC itera= 5  conv=4  energy =   -2255.55329422  energy0 =   -2226.41848249  ( 112.884737 )
it=6	method=[RHF]	mon=[2]	energy=-427.885227	energy_0=-428.854317
it=6	method=[RHF]	mon=[3]	energy=-205.843331	energy_0=-205.243551
it=6	method=[RHF]	mon=[1]	energy=-429.069632	energy_0=-428.860964
it=6	method=[RHF]	mon=[4]	energy=-976.531029	energy_0=-961.947732
it=6	method=[VQE]	mon=[5]	energy=-216.637275	energy_0=-201.521422
##SCC itera= 6  conv=4  energy =   -2255.96649498  energy0 =   -2226.42798630  ( 112.144044 )
it=7	method=[RHF]	mon=[2]	energy=-427.927651	energy_0=-428.854331
it=7	method=[RHF]	mon=[3]	energy=-205.857574	energy_0=-205.243555
it=7	method=[RHF]	mon=[1]	energy=-429.045195	energy_0=-428.860921
it=7	method=[RHF]	mon=[4]	energy=-976.441220	energy_0=-961.960027
it=7	method=[VQE]	mon=[5]	energy=-216.666974	energy_0=-201.522715
##SCC itera= 7  conv=4  energy =   -2255.93861478  energy0 =   -2226.44154932  ( 113.848588 )
it=8	method=[RHF]	mon=[2]	energy=-427.940209	energy_0=-428.854337
it=8	method=[RHF]	mon=[3]	energy=-205.861186	energy_0=-205.243555
it=8	method=[RHF]	mon=[1]	energy=-429.056331	energy_0=-428.860922
it=8	method=[RHF]	mon=[4]	energy=-976.436832	energy_0=-961.962008
it=8	method=[VQE]	mon=[5]	energy=-216.717145	energy_0=-201.523137
##SCC itera= 8  conv=6  energy =   -2256.01170287  energy0 =   -2226.44395929  ( 121.859748 )
it=9	method=[RHF]	mon=[2]	energy=-427.947221	energy_0=-428.854339
it=9	method=[RHF]	mon=[3]	energy=-205.863162	energy_0=-205.243556
it=9	method=[RHF]	mon=[1]	energy=-429.051301	energy_0=-428.860914
it=9	method=[RHF]	mon=[4]	energy=-976.422363	energy_0=-961.964125
it=9	method=[VQE]	mon=[5]	energy=-216.724296	energy_0=-201.523293
##SCC itera= 9  conv=6  energy =   -2256.00834201  energy0 =   -2226.44622671  ( 119.692619 )
it=10	method=[RHF]	mon=[2]	energy=-427.949794	energy_0=-428.854340
it=10	method=[RHF]	mon=[3]	energy=-205.864037	energy_0=-205.243556
it=10	method=[RHF]	mon=[1]	energy=-429.053526	energy_0=-428.860914
it=10	method=[RHF]	mon=[4]	energy=-976.420876	energy_0=-961.964510
it=10	method=[VQE]	mon=[5]	energy=-216.733110	energy_0=-201.523352
##SCC itera=10  conv=6  energy =   -2256.02134392  energy0 =   -2226.44667196  ( 118.832039 )
it=11	method=[RHF]	mon=[2]	energy=-427.951030	energy_0=-428.854340
it=11	method=[RHF]	mon=[3]	energy=-205.864345	energy_0=-205.243556
it=11	method=[RHF]	mon=[1]	energy=-429.052537	energy_0=-428.860912
it=11	method=[RHF]	mon=[4]	energy=-976.418364	energy_0=-961.964889
it=11	method=[VQE]	mon=[5]	energy=-216.734518	energy_0=-201.523359
##SCC itera=11  conv=7  energy =   -2256.02079355  energy0 =   -2226.44705702  ( 118.044644 )
it=12	method=[RHF]	mon=[2]	energy=-427.951512	energy_0=-428.854341
it=12	method=[RHF]	mon=[3]	energy=-205.864519	energy_0=-205.243556
it=12	method=[RHF]	mon=[1]	energy=-429.052970	energy_0=-428.860912
it=12	method=[RHF]	mon=[4]	energy=-976.418055	energy_0=-961.964959
it=12	method=[VQE]	mon=[5]	energy=-216.736104	energy_0=-201.523375
##SCC itera=12  conv=7  energy =   -2256.02315977  energy0 =   -2226.44714267  ( 118.408621 )
it=13	method=[RHF]	mon=[2]	energy=-427.951733	energy_0=-428.854341
it=13	method=[RHF]	mon=[3]	energy=-205.864571	energy_0=-205.243556
it=13	method=[RHF]	mon=[1]	energy=-429.052782	energy_0=-428.860912
it=13	method=[RHF]	mon=[4]	energy=-976.417604	energy_0=-961.965028
it=13	method=[VQE]	mon=[5]	energy=-216.736361	energy_0=-201.523379
##SCC itera=13  conv=7  energy =   -2256.02305092  energy0 =   -2226.44721504  ( 120.028173 )
it=14	method=[RHF]	mon=[2]	energy=-427.951821	energy_0=-428.854341
it=14	method=[RHF]	mon=[3]	energy=-205.864603	energy_0=-205.243556
it=14	method=[RHF]	mon=[1]	energy=-429.052864	energy_0=-428.860912
it=14	method=[RHF]	mon=[4]	energy=-976.417548	energy_0=-961.965040
it=14	method=[VQE]	mon=[5]	energy=-216.736651	energy_0=-201.523379
##SCC itera=14  conv=7  energy =   -2256.02348729  energy0 =   -2226.44722755  ( 117.075711 )
it=15	method=[RHF]	mon=[2]	energy=-427.951861	energy_0=-428.854341
it=15	method=[RHF]	mon=[3]	energy=-205.864612	energy_0=-205.243556
it=15	method=[RHF]	mon=[1]	energy=-429.052829	energy_0=-428.860912
it=15	method=[RHF]	mon=[4]	energy=-976.417466	energy_0=-961.965053
it=15	method=[VQE]	mon=[5]	energy=-216.736690	energy_0=-201.523374
##SCC itera=15  conv=7  energy =   -2256.02345794  energy0 =   -2226.44723504  ( 118.284182 )
it=16	method=[RHF]	mon=[2]	energy=-427.951877	energy_0=-428.854341
it=16	method=[RHF]	mon=[3]	energy=-205.864618	energy_0=-205.243556
it=16	method=[RHF]	mon=[1]	energy=-429.052844	energy_0=-428.860912
it=16	method=[RHF]	mon=[4]	energy=-976.417456	energy_0=-961.965055
it=16	method=[VQE]	mon=[5]	energy=-216.736745	energy_0=-201.523376
##SCC itera=16  conv=7  energy =   -2256.02354045  energy0 =   -2226.44723895  ( 115.504600 )
it=17	method=[RHF]	mon=[2]	energy=-427.951884	energy_0=-428.854341
it=17	method=[RHF]	mon=[3]	energy=-205.864620	energy_0=-205.243556
it=17	method=[RHF]	mon=[1]	energy=-429.052838	energy_0=-428.860912
it=17	method=[RHF]	mon=[4]	energy=-976.417441	energy_0=-961.965057
it=17	method=[VQE]	mon=[5]	energy=-216.736754	energy_0=-201.523380
##SCC itera=17  conv=7  energy =   -2256.02353702  energy0 =   -2226.44724616  ( 120.092607 )
it=18	method=[RHF]	mon=[2]	energy=-427.951887	energy_0=-428.854341
it=18	method=[RHF]	mon=[3]	energy=-205.864621	energy_0=-205.243556
it=18	method=[RHF]	mon=[1]	energy=-429.052840	energy_0=-428.860912
it=18	method=[RHF]	mon=[4]	energy=-976.417439	energy_0=-961.965058
it=18	method=[VQE]	mon=[5]	energy=-216.736763	energy_0=-201.523380
##SCC itera=18  conv=7  energy =   -2256.02355098  energy0 =   -2226.44724575  ( 118.100124 )
it=19	method=[RHF]	mon=[2]	energy=-427.951888	energy_0=-428.854341
it=19	method=[RHF]	mon=[3]	energy=-205.864621	energy_0=-205.243556
it=19	method=[RHF]	mon=[1]	energy=-429.052839	energy_0=-428.860912
it=19	method=[RHF]	mon=[4]	energy=-976.417436	energy_0=-961.965058
it=19	method=[VQE]	mon=[5]	energy=-216.736762	energy_0=-201.523378
##SCC itera=19  conv=7  energy =   -2256.02354675  energy0 =   -2226.44724436  ( 118.152618 )
it=20	method=[RHF]	mon=[2]	energy=-427.951889	energy_0=-428.854341
it=20	method=[RHF]	mon=[3]	energy=-205.864622	energy_0=-205.243556
it=20	method=[RHF]	mon=[1]	energy=-429.052840	energy_0=-428.860912
it=20	method=[RHF]	mon=[4]	energy=-976.417436	energy_0=-961.965058
it=20	method=[VQE]	mon=[5]	energy=-216.736765	energy_0=-201.523379
##SCC itera=20  conv=7  energy =   -2256.02355124  energy0 =   -2226.44724604  ( 117.975286 )
it=21	method=[RHF]	mon=[2]	energy=-427.951889	energy_0=-428.854341
it=21	method=[RHF]	mon=[3]	energy=-205.864622	energy_0=-205.243556
it=21	method=[RHF]	mon=[1]	energy=-429.052839	energy_0=-428.860912
it=21	method=[RHF]	mon=[4]	energy=-976.417436	energy_0=-961.965058
it=21	method=[VQE]	mon=[5]	energy=-216.736764	energy_0=-201.523378
##SCC itera=21  conv=7  energy =   -2256.02354971  energy0 =   -2226.44724493  ( 116.444141 )
it=22	method=[RHF]	mon=[2]	energy=-427.951889	energy_0=-428.854341
it=22	method=[RHF]	mon=[3]	energy=-205.864622	energy_0=-205.243556
it=22	method=[RHF]	mon=[1]	energy=-429.052840	energy_0=-428.860912
it=22	method=[RHF]	mon=[4]	energy=-976.417436	energy_0=-961.965058
it=22	method=[VQE]	mon=[5]	energy=-216.736765	energy_0=-201.523380
##SCC itera=22  conv=7  energy =   -2256.02355123  energy0 =   -2226.44724631  ( 117.168606 )
it=23	method=[RHF]	mon=[2]	energy=-427.951889	energy_0=-428.854341
it=23	method=[RHF]	mon=[3]	energy=-205.864622	energy_0=-205.243556
it=23	method=[RHF]	mon=[1]	energy=-429.052840	energy_0=-428.860912
it=23	method=[RHF]	mon=[4]	energy=-976.417436	energy_0=-961.965058
it=23	method=[VQE]	mon=[5]	energy=-216.736765	energy_0=-201.523380
##SCC itera=23  conv=7  energy =   -2256.02355123  energy0 =   -2226.44724631  ( 117.343765 )
==== SCC converged ====
##T         ---- Finish SCC procedure ---- : lap time= 2621.603631 ( total etime= 2623.570778 )
it=130	method=[RHF]	mon=[5, 1]	energy=-647.147780	energy_0=-630.344927
# E=  -647.1477796603 E-DV=  -630.3449266040 DV=   -16.8028530562 DDV=    -0.0064290834
it=130	method=[RHF]	mon=[2, 1]	energy=-857.268235	energy_0=-857.711381
# E=  -857.2682352522 E-DV=  -857.7113810123 DV=     0.4431457602 DDV=     0.0000688561
it=130	method=[RHF]	mon=[5, 2]	energy=-646.345739	energy_0=-630.345412
# E=  -646.3457394640 E-DV=  -630.3454116592 DV=   -16.0003278049 DDV=    -0.0019375703
it=130	method=[RHF]	mon=[3, 1]	energy=-634.311746	energy_0=-634.102001
# E=  -634.3117457392 E-DV=  -634.1020007405 DV=    -0.2097449988 DDV=     0.0000703762
it=130	method=[RHF]	mon=[5, 4]	energy=-1194.458192	energy_0=-1196.929382
# E= -1194.4581920432 E-DV= -1196.9293818703 DV=     2.4711898271 DDV=    -0.0002774984
it=130	method=[RHF]	mon=[2, 4]	energy=-1404.796374	energy_0=-1390.822632
# E= -1404.7963737653 E-DV= -1390.8226324360 DV=   -13.9737413293 DDV=     0.0010563649
it=130	method=[RHF]	mon=[1, 4]	energy=-1404.970875	energy_0=-1390.824351
# E= -1404.9708752627 E-DV= -1390.8243508645 DV=   -14.1465243982 DDV=    -0.0017619097
it=130	method=[RHF]	mon=[3, 5]	energy=-422.534382	energy_0=-406.741366
# E=  -422.5343821570 E-DV=  -406.7413661206 DV=   -15.7930160364 DDV=    -0.0013298698
it=130	method=[RHF]	mon=[3, 2]	energy=-634.817948	energy_0=-634.097327
# E=  -634.8179484456 E-DV=  -634.0973267156 DV=    -0.7206217300 DDV=     0.0002105838
it=130	method=[RHF]	mon=[3, 4]	energy=-1181.965188	energy_0=-1167.206706
# E= -1181.9651884081 E-DV= -1167.2067058136 DV=   -14.7584825945 DDV=     0.0006421353
##T    ---- Finish to Calc. Dimer SCF ---- : lap time=  32.949160 ( total etime= 2656.519945 )
       ( # of scf dimer = 10 )
        dE0(SCF dimer) =     -33.34618623
##T     ---- Finish to Calc. ES Dimer ---- : lap time=   0.000111 ( total etime= 2656.520069 )
    (# of ES dimer = 0)
    dE0(ES dimer) =       0.00000000
    total energy(FMO) =   -2259.79343254
##T  -- All workers have been destroyed -- : lap time=   0.000048 ( total etime= 2656.520123 )
---- ATOMIC POPULATION DATA -----
   SN AN  ATOMIC POP  NET CHARGE
---------------------------------
    1  7       7.385      -0.385
    2  6       5.978       0.022
    3  6       5.904       0.096
    4  8       8.166      -0.166
    5  6       6.147      -0.147
    6  6       5.691       0.309
    7  8       8.306      -0.306
    8  8       8.232      -0.232
    9  7       7.381      -0.381
   10  6       5.985       0.015
   11  6       5.902       0.098
   12  8       8.175      -0.175
   13  6       6.153      -0.153
   14  6       5.692       0.308
   15  8       8.310      -0.310
   16  8       8.257      -0.257
   17  7       7.394      -0.394
   18  6       6.054      -0.054
   19  6       5.874       0.126
   20  8       8.202      -0.202
   21  6       5.988       0.012
   22  6       5.948       0.052
   23  7       7.256      -0.256
   24  6       5.899       0.101
   25  6       6.052      -0.052
   26  6       6.037      -0.037
   27  6       5.702       0.298
   28  8       8.255      -0.255
   29  7       7.352      -0.352
   30  6       5.931       0.069
   31  7       7.186      -0.186
   32  6       6.018      -0.018
   33  6       5.873       0.127
   34  6       6.069      -0.069
   35  6       6.087      -0.087
   36  6       5.902       0.098
   37  6       6.079      -0.079
   38  6       5.882       0.118
   39  6       6.190      -0.190
   40  7       7.380      -0.380
   41  6       6.128      -0.128
   42  6       5.991       0.009
   43  8       8.294      -0.294
   44  6       5.578       0.422
   45  7       7.446      -0.446
   46  9       9.140      -0.140
   47  1       0.837       0.163
   48  1       0.846       0.154
   49  1       0.969       0.031
   50  1       0.945       0.055
   51  1       0.887       0.113
   52  1       0.920       0.080
   53  1       0.758       0.242
   54  1       0.835       0.165
   55  1       0.845       0.155
   56  1       0.959       0.041
   57  1       0.944       0.056
   58  1       0.891       0.109
   59  1       0.910       0.090
   60  1       0.760       0.240
   61  1       0.865       0.135
   62  1       0.846       0.154
   63  1       0.888       0.112
   64  1       0.943       0.057
   65  1       0.933       0.067
   66  1       0.911       0.089
   67  1       0.897       0.103
   68  1       0.904       0.096
   69  1       0.809       0.191
   70  1       0.910       0.090
   71  1       0.930       0.070
   72  1       0.914       0.086
   73  1       0.925       0.075
   74  1       0.931       0.069
   75  1       0.937       0.063
   76  1       0.938       0.062
   77  1       0.928       0.072
   78  1       0.927       0.073
   79  1       0.918       0.082
   80  1       0.772       0.228
   81  1       0.816       0.184
---------------------------------
total charge =     -0.000
---------------------------------
##T    -- calc AO and atomic population -- : lap time=   0.000163 ( total etime= 2656.520290 )
##T   -- All mservs have been destroyed -- : lap time=   0.000017 ( total etime= 2656.520317 )
