Will Run VQE
ngroup       = 6
nioprocs     = 1
niogroup     = 1
nmaxprocs    = 8
group size   = 1
# of threads = 48
nintic       = 2048
input file name       = ./samples/linear_H2_6/linear_H2_6_4_25.inp
prefix of output file = 
local input dir.      = ./
# of total invoked procs = 8 (=1iog*1iop+1+6gr*1pr)
master host name = gwonhaklee-System-Product-Name
-----------------------------------------------------
 # of data = 11
nfrag = 6
##T                  Finish Initialization : lap time=   0.000163 ( total etime=   0.000163 )
****** LIST OF HOST NAME (MSERV(ID=0))******
rank=  0 : gwonhaklee-System-Product-Name
********************************
##T        Finish to Create Memory Servers : lap time=   0.117368 ( total etime=   0.117539 )
****** LIST OF HOST NAME (WORKER(ID=0)) ******
rank=  0 : gwonhaklee-System-Product-Name
********************************
****** LIST OF HOST NAME (WORKER(ID=1)) ******
rank=  0 : gwonhaklee-System-Product-Name
********************************
****** LIST OF HOST NAME (WORKER(ID=2)) ******
rank=  0 : gwonhaklee-System-Product-Name
********************************
****** LIST OF HOST NAME (WORKER(ID=3)) ******
rank=  0 : gwonhaklee-System-Product-Name
********************************
****** LIST OF HOST NAME (WORKER(ID=4)) ******
rank=  0 : gwonhaklee-System-Product-Name
********************************
****** LIST OF HOST NAME (WORKER(ID=5)) ******
rank=  0 : gwonhaklee-System-Product-Name
********************************
##T               Finish to Create Workers : lap time=   1.303112 ( total etime=   1.420664 )
##T     Finish to Connect Mservs & Workers : lap time=   1.031975 ( total etime=   2.452653 )
calc. inter-frag distance list = 1
##T    Finish to Calculate Initial Density : lap time=   0.874455 ( total etime=   3.928624 )
---- start SCC (maxscc=30, sccconv=7) ----
./integ_temp/linear_h2_6__4_25/int_mono_linear_h2_6__4_25_0_1_0.dat -> 7 eris
./integ_temp/linear_h2_6__4_25/int_mono_linear_h2_6__4_25_2_1_0.dat -> 7 eris
./integ_temp/linear_h2_6__4_25/int_mono_linear_h2_6__4_25_3_1_0.dat -> 7 eris
./integ_temp/linear_h2_6__4_25/int_mono_linear_h2_6__4_25_4_1_0.dat -> 7 eris
./integ_temp/linear_h2_6__4_25/int_mono_linear_h2_6__4_25_1_1_0.dat -> 7 eris
./integ_temp/linear_h2_6__4_25/int_mono_linear_h2_6__4_25_5_1_0.dat -> 7 eris
pyscript : VQE for ./integ_temp/linear_h2_6__4_25/int_mono_linear_h2_6__4_25_0_1_0.dat spawned.
pyscript : VQE for ./integ_temp/linear_h2_6__4_25/int_mono_linear_h2_6__4_25_2_1_0.dat spawned.
pyscript : VQE for ./integ_temp/linear_h2_6__4_25/int_mono_linear_h2_6__4_25_4_1_0.dat spawned.
pyscript : VQE for ./integ_temp/linear_h2_6__4_25/int_mono_linear_h2_6__4_25_1_1_0.dat spawned.
pyscript : VQE for ./integ_temp/linear_h2_6__4_25/int_mono_linear_h2_6__4_25_5_1_0.dat spawned.
pyscript : VQE for ./integ_temp/linear_h2_6__4_25/int_mono_linear_h2_6__4_25_3_1_0.dat spawned.
pyscript : output ./result_temp/linear_h2_6__4_25/res_mono_linear_h2_6__4_25_4_1_0.dat Generated.
pyscript : output ./result_temp/linear_h2_6__4_25/res_mono_linear_h2_6__4_25_5_1_0.dat Generated.
pyscript : output ./result_temp/linear_h2_6__4_25/res_mono_linear_h2_6__4_25_0_1_0.dat Generated.
pyscript : output ./result_temp/linear_h2_6__4_25/res_mono_linear_h2_6__4_25_1_1_0.dat Generated.
it=1	mon=[5]	energy=-1.293570
it=1	mon=[4]	energy=-1.398198
it=1	mon=[0]	energy=-1.372675
pyscript : output ./result_temp/linear_h2_6__4_25/res_mono_linear_h2_6__4_25_3_1_0.dat Generated.
it=1	mon=[1]	energy=-1.472066
pyscript : output ./result_temp/linear_h2_6__4_25/res_mono_linear_h2_6__4_25_2_1_0.dat Generated.
it=1	mon=[3]	energy=-1.478387
it=1	mon=[2]	energy=-1.495001
##SCC itera= 1  conv=2  energy =      -8.50989657  energy0 =      -6.82291745  (  83.499968 )
./integ_temp/linear_h2_6__4_25/int_mono_linear_h2_6__4_25_1_2_0.dat -> 7 eris
./integ_temp/linear_h2_6__4_25/int_mono_linear_h2_6__4_25_4_2_0.dat -> 7 eris
./integ_temp/linear_h2_6__4_25/int_mono_linear_h2_6__4_25_2_2_0.dat -> 7 eris
./integ_temp/linear_h2_6__4_25/int_mono_linear_h2_6__4_25_3_2_0.dat -> 7 eris
./integ_temp/linear_h2_6__4_25/int_mono_linear_h2_6__4_25_5_2_0.dat -> 7 eris
./integ_temp/linear_h2_6__4_25/int_mono_linear_h2_6__4_25_0_2_0.dat -> 7 eris
pyscript : VQE for ./integ_temp/linear_h2_6__4_25/int_mono_linear_h2_6__4_25_2_2_0.dat spawned.
pyscript : VQE for ./integ_temp/linear_h2_6__4_25/int_mono_linear_h2_6__4_25_4_2_0.dat spawned.
pyscript : VQE for ./integ_temp/linear_h2_6__4_25/int_mono_linear_h2_6__4_25_5_2_0.dat spawned.
pyscript : VQE for ./integ_temp/linear_h2_6__4_25/int_mono_linear_h2_6__4_25_0_2_0.dat spawned.
pyscript : VQE for ./integ_temp/linear_h2_6__4_25/int_mono_linear_h2_6__4_25_1_2_0.dat spawned.
pyscript : VQE for ./integ_temp/linear_h2_6__4_25/int_mono_linear_h2_6__4_25_3_2_0.dat spawned.
pyscript : output ./result_temp/linear_h2_6__4_25/res_mono_linear_h2_6__4_25_4_2_0.dat Generated.
pyscript : output ./result_temp/linear_h2_6__4_25/res_mono_linear_h2_6__4_25_2_2_0.dat Generated.
pyscript : output ./result_temp/linear_h2_6__4_25/res_mono_linear_h2_6__4_25_5_2_0.dat Generated.
pyscript : output ./result_temp/linear_h2_6__4_25/res_mono_linear_h2_6__4_25_3_2_0.dat Generated.
it=2	mon=[4]	energy=-1.409465
it=2	mon=[2]	energy=-1.509819
pyscript : output ./result_temp/linear_h2_6__4_25/res_mono_linear_h2_6__4_25_0_2_0.dat Generated.
it=2	mon=[5]	energy=-1.301367
it=2	mon=[3]	energy=-1.490470
it=2	mon=[0]	energy=-1.382124
pyscript : output ./result_temp/linear_h2_6__4_25/res_mono_linear_h2_6__4_25_1_2_0.dat Generated.
it=2	mon=[1]	energy=-1.487857
##SCC itera= 2  conv=2  energy =      -8.58110141  energy0 =      -6.82288666  (  97.000875 )
./integ_temp/linear_h2_6__4_25/int_mono_linear_h2_6__4_25_1_3_0.dat -> 7 eris
./integ_temp/linear_h2_6__4_25/int_mono_linear_h2_6__4_25_0_3_0.dat -> 7 eris
./integ_temp/linear_h2_6__4_25/int_mono_linear_h2_6__4_25_3_3_0.dat -> 7 eris
./integ_temp/linear_h2_6__4_25/int_mono_linear_h2_6__4_25_4_3_0.dat -> 7 eris
./integ_temp/linear_h2_6__4_25/int_mono_linear_h2_6__4_25_5_3_0.dat -> 7 eris
./integ_temp/linear_h2_6__4_25/int_mono_linear_h2_6__4_25_2_3_0.dat -> 7 eris
pyscript : VQE for ./integ_temp/linear_h2_6__4_25/int_mono_linear_h2_6__4_25_0_3_0.dat spawned.
pyscript : VQE for ./integ_temp/linear_h2_6__4_25/int_mono_linear_h2_6__4_25_1_3_0.dat spawned.
pyscript : VQE for ./integ_temp/linear_h2_6__4_25/int_mono_linear_h2_6__4_25_4_3_0.dat spawned.
pyscript : VQE for ./integ_temp/linear_h2_6__4_25/int_mono_linear_h2_6__4_25_3_3_0.dat spawned.
pyscript : VQE for ./integ_temp/linear_h2_6__4_25/int_mono_linear_h2_6__4_25_2_3_0.dat spawned.
pyscript : VQE for ./integ_temp/linear_h2_6__4_25/int_mono_linear_h2_6__4_25_5_3_0.dat spawned.
pyscript : output ./result_temp/linear_h2_6__4_25/res_mono_linear_h2_6__4_25_4_3_0.dat Generated.
pyscript : output ./result_temp/linear_h2_6__4_25/res_mono_linear_h2_6__4_25_1_3_0.dat Generated.
pyscript : output ./result_temp/linear_h2_6__4_25/res_mono_linear_h2_6__4_25_3_3_0.dat Generated.
it=3	mon=[4]	energy=-1.409085
it=3	mon=[1]	energy=-1.487815
pyscript : output ./result_temp/linear_h2_6__4_25/res_mono_linear_h2_6__4_25_0_3_0.dat Generated.
pyscript : output ./result_temp/linear_h2_6__4_25/res_mono_linear_h2_6__4_25_5_3_0.dat Generated.
it=3	mon=[3]	energy=-1.490182
it=3	mon=[0]	energy=-1.381750
pyscript : output ./result_temp/linear_h2_6__4_25/res_mono_linear_h2_6__4_25_2_3_0.dat Generated.
it=3	mon=[5]	energy=-1.301229
it=3	mon=[2]	energy=-1.509477
##SCC itera= 3  conv=4  energy =      -8.57953731  energy0 =      -6.82288526  (  85.032258 )
./integ_temp/linear_h2_6__4_25/int_mono_linear_h2_6__4_25_5_4_0.dat -> 7 eris
./integ_temp/linear_h2_6__4_25/int_mono_linear_h2_6__4_25_1_4_0.dat -> 7 eris
./integ_temp/linear_h2_6__4_25/int_mono_linear_h2_6__4_25_4_4_0.dat -> 7 eris
./integ_temp/linear_h2_6__4_25/int_mono_linear_h2_6__4_25_0_4_0.dat -> 7 eris
./integ_temp/linear_h2_6__4_25/int_mono_linear_h2_6__4_25_3_4_0.dat -> 7 eris
./integ_temp/linear_h2_6__4_25/int_mono_linear_h2_6__4_25_2_4_0.dat -> 7 eris
pyscript : VQE for ./integ_temp/linear_h2_6__4_25/int_mono_linear_h2_6__4_25_1_4_0.dat spawned.
pyscript : VQE for ./integ_temp/linear_h2_6__4_25/int_mono_linear_h2_6__4_25_5_4_0.dat spawned.
pyscript : VQE for ./integ_temp/linear_h2_6__4_25/int_mono_linear_h2_6__4_25_3_4_0.dat spawned.
pyscript : VQE for ./integ_temp/linear_h2_6__4_25/int_mono_linear_h2_6__4_25_4_4_0.dat spawned.
pyscript : VQE for ./integ_temp/linear_h2_6__4_25/int_mono_linear_h2_6__4_25_0_4_0.dat spawned.
pyscript : VQE for ./integ_temp/linear_h2_6__4_25/int_mono_linear_h2_6__4_25_2_4_0.dat spawned.
pyscript : output ./result_temp/linear_h2_6__4_25/res_mono_linear_h2_6__4_25_4_4_0.dat Generated.
it=4	mon=[4]	energy=-1.409066
pyscript : output ./result_temp/linear_h2_6__4_25/res_mono_linear_h2_6__4_25_0_4_0.dat Generated.
pyscript : output ./result_temp/linear_h2_6__4_25/res_mono_linear_h2_6__4_25_3_4_0.dat Generated.
pyscript : output ./result_temp/linear_h2_6__4_25/res_mono_linear_h2_6__4_25_2_4_0.dat Generated.
it=4	mon=[0]	energy=-1.381721
pyscript : output ./result_temp/linear_h2_6__4_25/res_mono_linear_h2_6__4_25_5_4_0.dat Generated.
it=4	mon=[3]	energy=-1.490166
it=4	mon=[2]	energy=-1.509457
it=4	mon=[5]	energy=-1.301217
pyscript : output ./result_temp/linear_h2_6__4_25/res_mono_linear_h2_6__4_25_1_4_0.dat Generated.
it=4	mon=[1]	energy=-1.487799
##SCC itera= 4  conv=6  energy =      -8.57942639  energy0 =      -6.82286320  (  94.155934 )
./integ_temp/linear_h2_6__4_25/int_mono_linear_h2_6__4_25_1_5_0.dat -> 7 eris
./integ_temp/linear_h2_6__4_25/int_mono_linear_h2_6__4_25_5_5_0.dat -> 7 eris
./integ_temp/linear_h2_6__4_25/int_mono_linear_h2_6__4_25_3_5_0.dat -> 7 eris
./integ_temp/linear_h2_6__4_25/int_mono_linear_h2_6__4_25_0_5_0.dat -> 7 eris
./integ_temp/linear_h2_6__4_25/int_mono_linear_h2_6__4_25_4_5_0.dat -> 7 eris
./integ_temp/linear_h2_6__4_25/int_mono_linear_h2_6__4_25_2_5_0.dat -> 7 eris
pyscript : VQE for ./integ_temp/linear_h2_6__4_25/int_mono_linear_h2_6__4_25_3_5_0.dat spawned.
pyscript : VQE for ./integ_temp/linear_h2_6__4_25/int_mono_linear_h2_6__4_25_4_5_0.dat spawned.
pyscript : VQE for ./integ_temp/linear_h2_6__4_25/int_mono_linear_h2_6__4_25_2_5_0.dat spawned.
pyscript : VQE for ./integ_temp/linear_h2_6__4_25/int_mono_linear_h2_6__4_25_0_5_0.dat spawned.
pyscript : VQE for ./integ_temp/linear_h2_6__4_25/int_mono_linear_h2_6__4_25_1_5_0.dat spawned.
pyscript : VQE for ./integ_temp/linear_h2_6__4_25/int_mono_linear_h2_6__4_25_5_5_0.dat spawned.
pyscript : output ./result_temp/linear_h2_6__4_25/res_mono_linear_h2_6__4_25_4_5_0.dat Generated.
pyscript : output ./result_temp/linear_h2_6__4_25/res_mono_linear_h2_6__4_25_2_5_0.dat Generated.
it=5	mon=[4]	energy=-1.409068
it=5	mon=[2]	energy=-1.509465
pyscript : output ./result_temp/linear_h2_6__4_25/res_mono_linear_h2_6__4_25_5_5_0.dat Generated.
pyscript : output ./result_temp/linear_h2_6__4_25/res_mono_linear_h2_6__4_25_0_5_0.dat Generated.
it=5	mon=[5]	energy=-1.301219
pyscript : output ./result_temp/linear_h2_6__4_25/res_mono_linear_h2_6__4_25_3_5_0.dat Generated.
it=5	mon=[0]	energy=-1.381722
it=5	mon=[3]	energy=-1.490170
pyscript : output ./result_temp/linear_h2_6__4_25/res_mono_linear_h2_6__4_25_1_5_0.dat Generated.
it=5	mon=[1]	energy=-1.487807
##SCC itera= 5  conv=6  energy =      -8.57945052  energy0 =      -6.82286358  (  95.348182 )
./integ_temp/linear_h2_6__4_25/int_mono_linear_h2_6__4_25_5_6_0.dat -> 7 eris
./integ_temp/linear_h2_6__4_25/int_mono_linear_h2_6__4_25_0_6_0.dat -> 7 eris
./integ_temp/linear_h2_6__4_25/int_mono_linear_h2_6__4_25_2_6_0.dat -> 7 eris
./integ_temp/linear_h2_6__4_25/int_mono_linear_h2_6__4_25_4_6_0.dat -> 7 eris
./integ_temp/linear_h2_6__4_25/int_mono_linear_h2_6__4_25_3_6_0.dat -> 7 eris
./integ_temp/linear_h2_6__4_25/int_mono_linear_h2_6__4_25_1_6_0.dat -> 7 eris
pyscript : VQE for ./integ_temp/linear_h2_6__4_25/int_mono_linear_h2_6__4_25_3_6_0.dat spawned.
pyscript : VQE for ./integ_temp/linear_h2_6__4_25/int_mono_linear_h2_6__4_25_5_6_0.dat spawned.
pyscript : VQE for ./integ_temp/linear_h2_6__4_25/int_mono_linear_h2_6__4_25_4_6_0.dat spawned.
pyscript : VQE for ./integ_temp/linear_h2_6__4_25/int_mono_linear_h2_6__4_25_0_6_0.dat spawned.
pyscript : VQE for ./integ_temp/linear_h2_6__4_25/int_mono_linear_h2_6__4_25_1_6_0.dat spawned.
pyscript : VQE for ./integ_temp/linear_h2_6__4_25/int_mono_linear_h2_6__4_25_2_6_0.dat spawned.
pyscript : output ./result_temp/linear_h2_6__4_25/res_mono_linear_h2_6__4_25_4_6_0.dat Generated.
pyscript : output ./result_temp/linear_h2_6__4_25/res_mono_linear_h2_6__4_25_2_6_0.dat Generated.
it=6	mon=[2]	energy=-1.509459
it=6	mon=[4]	energy=-1.409068
pyscript : output ./result_temp/linear_h2_6__4_25/res_mono_linear_h2_6__4_25_0_6_0.dat Generated.
pyscript : output ./result_temp/linear_h2_6__4_25/res_mono_linear_h2_6__4_25_3_6_0.dat Generated.
pyscript : output ./result_temp/linear_h2_6__4_25/res_mono_linear_h2_6__4_25_5_6_0.dat Generated.
it=6	mon=[0]	energy=-1.381724
it=6	mon=[3]	energy=-1.490168
it=6	mon=[5]	energy=-1.301217
pyscript : output ./result_temp/linear_h2_6__4_25/res_mono_linear_h2_6__4_25_1_6_0.dat Generated.
it=6	mon=[1]	energy=-1.487801
##SCC itera= 6  conv=7  energy =      -8.57943666  energy0 =      -6.82286354  ( 101.483970 )
==== SCC converged ====
##T         ---- Finish SCC procedure ---- : lap time= 559.219991 ( total etime= 563.148652 )
./integ_temp/linear_h2_6__4_25/int_dim_linear_h2_6__4_25_2-0_130_0.dat -> 65 eris
./integ_temp/linear_h2_6__4_25/int_dim_linear_h2_6__4_25_1-0_130_0.dat -> 65 eris
./integ_temp/linear_h2_6__4_25/int_dim_linear_h2_6__4_25_3-1_130_0.dat -> 65 eris
./integ_temp/linear_h2_6__4_25/int_dim_linear_h2_6__4_25_3-2_130_0.dat -> 65 eris
./integ_temp/linear_h2_6__4_25/int_dim_linear_h2_6__4_25_3-0_130_0.dat -> 65 eris
./integ_temp/linear_h2_6__4_25/int_dim_linear_h2_6__4_25_2-1_130_0.dat -> 65 eris
pyscript : VQE for ./integ_temp/linear_h2_6__4_25/int_dim_linear_h2_6__4_25_3-2_130_0.dat spawned.
pyscript : VQE for ./integ_temp/linear_h2_6__4_25/int_dim_linear_h2_6__4_25_2-1_130_0.dat spawned.
pyscript : VQE for ./integ_temp/linear_h2_6__4_25/int_dim_linear_h2_6__4_25_2-0_130_0.dat spawned.
pyscript : VQE for ./integ_temp/linear_h2_6__4_25/int_dim_linear_h2_6__4_25_3-0_130_0.dat spawned.
pyscript : VQE for ./integ_temp/linear_h2_6__4_25/int_dim_linear_h2_6__4_25_3-1_130_0.dat spawned.
pyscript : VQE for ./integ_temp/linear_h2_6__4_25/int_dim_linear_h2_6__4_25_1-0_130_0.dat spawned.
pyscript : output ./result_temp/linear_h2_6__4_25/res_dim_linear_h2_6__4_25_3-1_130_0.dat Generated.
it=130	mon=[3, 1]	energy=-2.854893
# E=    -2.8548928121 E-DV=    -2.2743809765 DV=    -0.5805118356 DDV=     0.0000743097
./integ_temp/linear_h2_6__4_25/int_dim_linear_h2_6__4_25_4-0_130_0.dat -> 65 eris
pyscript : VQE for ./integ_temp/linear_h2_6__4_25/int_dim_linear_h2_6__4_25_4-0_130_0.dat spawned.
pyscript : output ./result_temp/linear_h2_6__4_25/res_dim_linear_h2_6__4_25_2-0_130_0.dat Generated.
it=130	mon=[2, 0]	energy=-2.765889
# E=    -2.7658891482 E-DV=    -2.2743300277 DV=    -0.4915591206 DDV=     0.0000782010
./integ_temp/linear_h2_6__4_25/int_dim_linear_h2_6__4_25_4-1_130_0.dat -> 65 eris
pyscript : VQE for ./integ_temp/linear_h2_6__4_25/int_dim_linear_h2_6__4_25_4-1_130_0.dat spawned.
pyscript : output ./result_temp/linear_h2_6__4_25/res_dim_linear_h2_6__4_25_3-0_130_0.dat Generated.
it=130	mon=[3, 0]	energy=-2.788842
# E=    -2.7888415732 E-DV=    -2.2742927224 DV=    -0.5145488507 DDV=     0.0000683176
./integ_temp/linear_h2_6__4_25/int_dim_linear_h2_6__4_25_4-2_130_0.dat -> 65 eris
pyscript : VQE for ./integ_temp/linear_h2_6__4_25/int_dim_linear_h2_6__4_25_4-2_130_0.dat spawned.
pyscript : output ./result_temp/linear_h2_6__4_25/res_dim_linear_h2_6__4_25_4-2_130_0.dat Generated.
it=130	mon=[4, 2]	energy=-2.797183
# E=    -2.7971834808 E-DV=    -2.2742517909 DV=    -0.5229316899 DDV=     0.0000774752
./integ_temp/linear_h2_6__4_25/int_dim_linear_h2_6__4_25_4-3_130_0.dat -> 65 eris
pyscript : VQE for ./integ_temp/linear_h2_6__4_25/int_dim_linear_h2_6__4_25_4-3_130_0.dat spawned.
pyscript : output ./result_temp/linear_h2_6__4_25/res_dim_linear_h2_6__4_25_4-1_130_0.dat Generated.
it=130	mon=[4, 1]	energy=-2.815794
# E=    -2.8157943639 E-DV=    -2.2742650872 DV=    -0.5415292768 DDV=     0.0000710262
./integ_temp/linear_h2_6__4_25/int_dim_linear_h2_6__4_25_5-0_130_0.dat -> 65 eris
pyscript : VQE for ./integ_temp/linear_h2_6__4_25/int_dim_linear_h2_6__4_25_5-0_130_0.dat spawned.
pyscript : output ./result_temp/linear_h2_6__4_25/res_dim_linear_h2_6__4_25_4-0_130_0.dat Generated.
it=130	mon=[4, 0]	energy=-2.729153
# E=    -2.7291526919 E-DV=    -2.2741677188 DV=    -0.4549849731 DDV=     0.0000480075
./integ_temp/linear_h2_6__4_25/int_dim_linear_h2_6__4_25_5-1_130_0.dat -> 65 eris
pyscript : VQE for ./integ_temp/linear_h2_6__4_25/int_dim_linear_h2_6__4_25_5-1_130_0.dat spawned.
pyscript : output ./result_temp/linear_h2_6__4_25/res_dim_linear_h2_6__4_25_5-1_130_0.dat Generated.
it=130	mon=[5, 1]	energy=-2.718693
# E=    -2.7186927040 E-DV=    -2.2743847031 DV=    -0.4443080009 DDV=     0.0000402455
./integ_temp/linear_h2_6__4_25/int_dim_linear_h2_6__4_25_5-2_130_0.dat -> 65 eris
pyscript : VQE for ./integ_temp/linear_h2_6__4_25/int_dim_linear_h2_6__4_25_5-2_130_0.dat spawned.
pyscript : output ./result_temp/linear_h2_6__4_25/res_dim_linear_h2_6__4_25_5-0_130_0.dat Generated.
it=130	mon=[5, 0]	energy=-2.627853
# E=    -2.6278530626 E-DV=    -2.2742961010 DV=    -0.3535569616 DDV=     0.0000252028
./integ_temp/linear_h2_6__4_25/int_dim_linear_h2_6__4_25_5-3_130_0.dat -> 65 eris
pyscript : VQE for ./integ_temp/linear_h2_6__4_25/int_dim_linear_h2_6__4_25_5-3_130_0.dat spawned.
pyscript : output ./result_temp/linear_h2_6__4_25/res_dim_linear_h2_6__4_25_5-2_130_0.dat Generated.
it=130	mon=[5, 2]	energy=-2.711149
# E=    -2.7111489520 E-DV=    -2.2743648073 DV=    -0.4367841447 DDV=     0.0000257044
./integ_temp/linear_h2_6__4_25/int_dim_linear_h2_6__4_25_5-4_130_0.dat -> 65 eris
pyscript : VQE for ./integ_temp/linear_h2_6__4_25/int_dim_linear_h2_6__4_25_5-4_130_0.dat spawned.
pyscript : output ./result_temp/linear_h2_6__4_25/res_dim_linear_h2_6__4_25_5-3_130_0.dat Generated.
it=130	mon=[5, 3]	energy=-2.616584
# E=    -2.6165841347 E-DV=    -2.2742506486 DV=    -0.3423334862 DDV=    -0.0001395755
pyscript : output ./result_temp/linear_h2_6__4_25/res_dim_linear_h2_6__4_25_3-2_130_0.dat Generated.
it=130	mon=[3, 2]	energy=-2.751818
# E=    -2.7518183517 E-DV=    -2.2742650569 DV=    -0.4775532948 DDV=    -0.0001640915
pyscript : output ./result_temp/linear_h2_6__4_25/res_dim_linear_h2_6__4_25_1-0_130_0.dat Generated.
it=130	mon=[1, 0]	energy=-2.615323
# E=    -2.6153232192 E-DV=    -2.2742801915 DV=    -0.3410430276 DDV=    -0.0001262053
pyscript : output ./result_temp/linear_h2_6__4_25/res_dim_linear_h2_6__4_25_4-3_130_0.dat Generated.
it=130	mon=[4, 3]	energy=-2.654906
# E=    -2.6549057150 E-DV=    -2.2742343191 DV=    -0.3806713959 DDV=    -0.0000827248
pyscript : output ./result_temp/linear_h2_6__4_25/res_dim_linear_h2_6__4_25_2-1_130_0.dat Generated.
it=130	mon=[2, 1]	energy=-2.747406
# E=    -2.7474056436 E-DV=    -2.2742184722 DV=    -0.4731871714 DDV=    -0.0001784796
pyscript : output ./result_temp/linear_h2_6__4_25/res_dim_linear_h2_6__4_25_5-4_130_0.dat Generated.
it=130	mon=[5, 4]	energy=-2.513268
# E=    -2.5132683942 E-DV=    -2.2743528326 DV=    -0.2389155616 DDV=     0.0000800788
##T    ---- Finish to Calc. Dimer SCF ---- : lap time= 4894.487958 ( total etime= 5457.636651 )
       ( # of scf dimer = 15 )
        dE0(SCF dimer) =      -0.00012028
##T     ---- Finish to Calc. ES Dimer ---- : lap time=   0.107938 ( total etime= 5457.744624 )
    (# of ES dimer = 0)
    dE0(ES dimer) =       0.00000000
    total energy(FMO) =      -6.82298382
##T  -- All workers have been destroyed -- : lap time=   0.128028 ( total etime= 5457.872687 )
---- ATOMIC POPULATION DATA -----
   SN AN  ATOMIC POP  NET CHARGE
---------------------------------
    1  1       0.999       0.001
    2  1       1.001      -0.001
    3  1       1.001      -0.001
    4  1       0.999       0.001
    5  1       1.004      -0.004
    6  1       0.996       0.004
    7  1       1.013      -0.013
    8  1       0.987       0.013
    9  1       0.986       0.014
   10  1       1.014      -0.014
   11  1       0.997       0.003
   12  1       1.003      -0.003
---------------------------------
total charge =      0.000
---------------------------------
##T    -- calc AO and atomic population -- : lap time=   0.008162 ( total etime= 5457.880869 )
##T   -- All mservs have been destroyed -- : lap time=   0.000018 ( total etime= 5457.880914 )
