ngroup       = 6
nioprocs     = 1
niogroup     = 1
nmaxprocs    = 10
group size   = 1
# of threads = 24
nintic       = 2048
input file name       = ./samples/linear_H2_6/linear_H2_6_3_25_rhf.inp
prefix of output file = 
local input dir.      = ./
# of total invoked procs = 8 (=1iog*1iop+1+6gr*1pr)
master host name = gwonhaklee-System-Product-Name
-----------------------------------------------------
 # of data = 11
nfrag = 6
##T                  Finish Initialization : lap time=   0.000185 ( total etime=   0.000185 )
****** LIST OF HOST NAME (MSERV(ID=0))******
rank=  0 : gwonhaklee-System-Product-Name
********************************
##T        Finish to Create Memory Servers : lap time=   0.078764 ( total etime=   0.078979 )
****** LIST OF HOST NAME (WORKER(ID=0)) ******
rank=  0 : gwonhaklee-System-Product-Name
********************************
****** LIST OF HOST NAME (WORKER(ID=1)) ******
rank=  0 : gwonhaklee-System-Product-Name
********************************
****** LIST OF HOST NAME (WORKER(ID=2)) ******
rank=  0 : gwonhaklee-System-Product-Name
********************************
****** LIST OF HOST NAME (WORKER(ID=3)) ******
rank=  0 : gwonhaklee-System-Product-Name
********************************
****** LIST OF HOST NAME (WORKER(ID=4)) ******
rank=  0 : gwonhaklee-System-Product-Name
********************************
##T               Finish to Create Workers : lap time=   1.320344 ( total etime=   1.399340 )
****** LIST OF HOST NAME (WORKER(ID=5)) ******
rank=  0 : gwonhaklee-System-Product-Name
********************************
##T     Finish to Connect Mservs & Workers : lap time=   1.134466 ( total etime=   2.533831 )
calc. inter-frag distance list = 5
##T    Finish to Calculate Initial Density : lap time=   0.507997 ( total etime=   3.335302 )
---- start SCC (maxscc=30, sccconv=7) ----
##SCC itera= 1  conv=2  energy =      -8.83007440  energy0 =      -6.70333657  (   0.772022 )
##SCC itera= 2  conv=2  energy =      -8.80651572  energy0 =      -6.70343575  (   0.920054 )
##SCC itera= 3  conv=4  energy =      -8.80151528  energy0 =      -6.70343888  (   1.100053 )
##SCC itera= 4  conv=6  energy =      -8.80085464  energy0 =      -6.70343950  (   1.092060 )
##SCC itera= 5  conv=7  energy =      -8.80085163  energy0 =      -6.70343952  (   0.720069 )
==== SCC converged ====
##T         ---- Finish SCC procedure ---- : lap time=   5.551954 ( total etime=   8.887293 )
# E=    -2.7987103659 E-DV=    -2.2344993828 DV=    -0.5642109831 DDV=    -0.0004913611
# E=    -2.8043260643 E-DV=    -2.2344433109 DV=    -0.5698827534 DDV=    -0.0004427714
# E=    -2.7767296465 E-DV=    -2.2341756036 DV=    -0.5425540429 DDV=     0.0000506518
# E=    -2.8868163225 E-DV=    -2.2343972222 DV=    -0.6524191003 DDV=     0.0000462537
# E=    -2.6953968529 E-DV=    -2.2343001671 DV=    -0.4610966858 DDV=    -0.0002193767
# E=    -2.8427226537 E-DV=    -2.2344840668 DV=    -0.6082385868 DDV=     0.0000588086
# E=    -2.7688351900 E-DV=    -2.2347070138 DV=    -0.5341281762 DDV=     0.0000030189
# E=    -2.9284103002 E-DV=    -2.2346852230 DV=    -0.6937250772 DDV=     0.0000224788
# E=    -2.6500454698 E-DV=    -2.2343532715 DV=    -0.4156921984 DDV=    -0.0003505835
# E=    -2.6324817806 E-DV=    -2.2344940906 DV=    -0.3979876900 DDV=    -0.0003361071
# E=    -2.7600113704 E-DV=    -2.2346501012 DV=    -0.5253612692 DDV=    -0.0000288363
# E=    -2.5229601438 E-DV=    -2.2346710825 DV=    -0.2882890613 DDV=     0.0001896093
# E=    -2.8149022873 E-DV=    -2.2345895306 DV=    -0.5803127567 DDV=     0.0000823777
# E=    -2.8646333510 E-DV=    -2.2343980677 DV=    -0.6302352834 DDV=     0.0000647681
# E=    -2.6538253512 E-DV=    -2.2345047096 DV=    -0.4193206417 DDV=     0.0000256034
##T    ---- Finish to Calc. Dimer SCF ---- : lap time=   1.556136 ( total etime=  10.443453 )
       ( # of scf dimer = 15 )
        dE0(SCF dimer) =      -0.00148071
##T     ---- Finish to Calc. ES Dimer ---- : lap time=   0.027933 ( total etime=  10.471410 )
    (# of ES dimer = 0)
    dE0(ES dimer) =       0.00000000
    total energy(FMO) =      -6.70492023
##T  -- All workers have been destroyed -- : lap time=   0.000090 ( total etime=  10.471527 )
---- ATOMIC POPULATION DATA -----
   SN AN  ATOMIC POP  NET CHARGE
---------------------------------
    1  1       1.000      -0.000
    2  1       1.000       0.000
    3  1       1.002      -0.002
    4  1       0.998       0.002
    5  1       1.005      -0.005
    6  1       0.995       0.005
    7  1       1.017      -0.017
    8  1       0.983       0.017
    9  1       0.975       0.025
   10  1       1.025      -0.025
   11  1       0.995       0.005
   12  1       1.005      -0.005
---------------------------------
total charge =     -0.000
---------------------------------
##T    -- calc AO and atomic population -- : lap time=   0.000169 ( total etime=  10.471704 )
##T   -- All mservs have been destroyed -- : lap time=   0.000014 ( total etime=  10.471723 )
