ngroup       = 6
nioprocs     = 1
niogroup     = 1
nmaxprocs    = 10
group size   = 1
# of threads = 24
nintic       = 2048
input file name       = ./samples/linear_H2_6/linear_H2_6_0_5_rhf.inp
prefix of output file = 
local input dir.      = ./
# of total invoked procs = 8 (=1iog*1iop+1+6gr*1pr)
master host name = gwonhaklee-System-Product-Name
-----------------------------------------------------
 # of data = 11
nfrag = 6
##T                  Finish Initialization : lap time=   0.000171 ( total etime=   0.000171 )
****** LIST OF HOST NAME (MSERV(ID=0))******
rank=  0 : gwonhaklee-System-Product-Name
********************************
##T        Finish to Create Memory Servers : lap time=   0.085303 ( total etime=   0.085504 )
****** LIST OF HOST NAME (WORKER(ID=0)) ******
rank=  0 : gwonhaklee-System-Product-Name
********************************
****** LIST OF HOST NAME (WORKER(ID=1)) ******
rank=  0 : gwonhaklee-System-Product-Name
********************************
****** LIST OF HOST NAME (WORKER(ID=2)) ******
rank=  0 : gwonhaklee-System-Product-Name
********************************
****** LIST OF HOST NAME (WORKER(ID=3)) ******
rank=  0 : gwonhaklee-System-Product-Name
********************************
****** LIST OF HOST NAME (WORKER(ID=4)) ******
rank=  0 : gwonhaklee-System-Product-Name
********************************
##T               Finish to Create Workers : lap time=   1.237940 ( total etime=   1.323463 )
****** LIST OF HOST NAME (WORKER(ID=5)) ******
rank=  0 : gwonhaklee-System-Product-Name
********************************
##T     Finish to Connect Mservs & Workers : lap time=   0.839947 ( total etime=   2.163433 )
calc. inter-frag distance list = 5
##T    Finish to Calculate Initial Density : lap time=   0.560072 ( total etime=   3.023466 )
---- start SCC (maxscc=30, sccconv=7) ----
##SCC itera= 1  conv=2  energy =     -15.91958077  energy0 =      -6.47995452  (   1.363927 )
##SCC itera= 2  conv=2  energy =     -15.10143959  energy0 =      -6.36497523  (   1.444059 )
##SCC itera= 3  conv=2  energy =     -13.43290902  energy0 =      -6.39419122  (   1.244102 )
##SCC itera= 4  conv=4  energy =     -13.01700334  energy0 =      -6.42996057  (   1.480494 )
##SCC itera= 5  conv=4  energy =     -13.15926366  energy0 =      -6.43290624  (   1.424095 )
##SCC itera= 6  conv=4  energy =     -13.26505790  energy0 =      -6.42698536  (   1.408103 )
##SCC itera= 7  conv=6  energy =     -13.25831220  energy0 =      -6.42551374  (   1.376079 )
##SCC itera= 8  conv=6  energy =     -13.23694749  energy0 =      -6.42646167  (   1.500106 )
##SCC itera= 9  conv=6  energy =     -13.23486865  energy0 =      -6.42689578  (   1.316144 )
##SCC itera=10  conv=7  energy =     -13.23874584  energy0 =      -6.42677407  (   1.448794 )
##SCC itera=11  conv=7  energy =     -13.23973446  energy0 =      -6.42667113  (   1.425801 )
##SCC itera=12  conv=7  energy =     -13.23911866  energy0 =      -6.42668000  (   1.446752 )
##SCC itera=13  conv=7  energy =     -13.23883451  energy0 =      -6.42670148  (   1.460066 )
##SCC itera=14  conv=7  energy =     -13.23891385  energy0 =      -6.42670287  (   1.400113 )
##SCC itera=15  conv=7  energy =     -13.23898112  energy0 =      -6.42669886  (   1.384088 )
##SCC itera=16  conv=7  energy =     -13.23897536  energy0 =      -6.42669801  (   1.412087 )
##SCC itera=17  conv=7  energy =     -13.23896134  energy0 =      -6.42669867  (   1.400062 )
##SCC itera=18  conv=7  energy =     -13.23896043  energy0 =      -6.42669893  (   1.312055 )
##SCC itera=19  conv=7  energy =     -13.23896303  energy0 =      -6.42669885  (   1.140571 )
==== SCC converged ====
##T         ---- Finish SCC procedure ---- : lap time=  30.959881 ( total etime=  33.983386 )
# E=    -3.6118742588 E-DV=    -2.1714088352 DV=    -1.4404654236 DDV=     0.0133178256
# E=    -3.7934417625 E-DV=    -1.7839943061 DV=    -2.0094474563 DDV=    -0.1791552020
# E=    -4.5959648578 E-DV=    -2.1598238839 DV=    -2.4361409738 DDV=    -0.0015155088
# E=    -3.4820829273 E-DV=    -2.1830627930 DV=    -1.2990201343 DDV=     0.0200169864
# E=    -3.7181195228 E-DV=    -1.7782865750 DV=    -1.9398329478 DDV=    -0.1762484885
# E=    -2.4137913591 E-DV=    -1.8434846880 DV=    -0.5703066711 DDV=    -0.1529737747
# E=    -3.6135037921 E-DV=    -2.1556851272 DV=    -1.4578186649 DDV=     0.0082432695
# E=    -4.6208671353 E-DV=    -2.1515428844 DV=    -2.4693242510 DDV=     0.0023904855
# E=    -3.4442974859 E-DV=    -2.1308034069 DV=    -1.3134940790 DDV=     0.0059280166
# E=    -3.2729410955 E-DV=    -1.7814374625 DV=    -1.4915036331 DDV=    -0.0889821996
# E=    -4.4847789070 E-DV=    -2.1463523328 DV=    -2.3384265742 DDV=    -0.0018100483
# E=    -4.4422011939 E-DV=    -2.1262790548 DV=    -2.3159221391 DDV=     0.0006028770
# E=    -3.6112144167 E-DV=    -1.7672599291 DV=    -1.8439544876 DDV=    -0.1736009951
# E=    -4.3513725777 E-DV=    -2.1232405742 DV=    -2.2281320035 DDV=     0.0000156871
# E=    -4.1748421639 E-DV=    -2.1088523405 DV=    -2.0659898234 DDV=    -0.0130819710
##T    ---- Finish to Calc. Dimer SCF ---- : lap time=   4.268040 ( total etime=  38.251450 )
       ( # of scf dimer = 15 )
        dE0(SCF dimer) =       0.98512699
##T     ---- Finish to Calc. ES Dimer ---- : lap time=   0.015918 ( total etime=  38.267390 )
    (# of ES dimer = 0)
    dE0(ES dimer) =       0.00000000
    total energy(FMO) =      -5.44157185
##T  -- All workers have been destroyed -- : lap time=   0.088038 ( total etime=  38.355439 )
---- ATOMIC POPULATION DATA -----
   SN AN  ATOMIC POP  NET CHARGE
---------------------------------
    1  1       0.883       0.117
    2  1       0.993       0.007
    3  1       1.021      -0.021
    4  1       1.275      -0.275
    5  1       1.013      -0.013
    6  1       1.046      -0.046
    7  1       1.076      -0.076
    8  1       0.957       0.043
    9  1       0.963       0.037
   10  1       0.999       0.001
   11  1       1.002      -0.002
   12  1       0.773       0.227
---------------------------------
total charge =     -0.000
---------------------------------
##T    -- calc AO and atomic population -- : lap time=   0.004128 ( total etime=  38.359585 )
##T   -- All mservs have been destroyed -- : lap time=   0.000021 ( total etime=  38.359616 )
