ngroup       = 6
nioprocs     = 1
niogroup     = 1
nmaxprocs    = 10
group size   = 1
# of threads = 24
nintic       = 2048
input file name       = ./samples/linear_H2_6/linear_H2_6_2_0_rhf.inp
prefix of output file = 
local input dir.      = ./
# of total invoked procs = 8 (=1iog*1iop+1+6gr*1pr)
master host name = gwonhaklee-System-Product-Name
-----------------------------------------------------
 # of data = 11
nfrag = 6
##T                  Finish Initialization : lap time=   0.000189 ( total etime=   0.000189 )
****** LIST OF HOST NAME (MSERV(ID=0))******
rank=  0 : gwonhaklee-System-Product-Name
********************************
##T        Finish to Create Memory Servers : lap time=   0.074802 ( total etime=   0.075020 )
****** LIST OF HOST NAME (WORKER(ID=0)) ******
rank=  0 : gwonhaklee-System-Product-Name
********************************
****** LIST OF HOST NAME (WORKER(ID=1)) ******
rank=  0 : gwonhaklee-System-Product-Name
********************************
****** LIST OF HOST NAME (WORKER(ID=2)) ******
rank=  0 : gwonhaklee-System-Product-Name
********************************
****** LIST OF HOST NAME (WORKER(ID=3)) ******
rank=  0 : gwonhaklee-System-Product-Name
********************************
****** LIST OF HOST NAME (WORKER(ID=4)) ******
rank=  0 : gwonhaklee-System-Product-Name
********************************
##T               Finish to Create Workers : lap time=   1.581724 ( total etime=   1.656759 )
****** LIST OF HOST NAME (WORKER(ID=5)) ******
rank=  0 : gwonhaklee-System-Product-Name
********************************
##T     Finish to Connect Mservs & Workers : lap time=   0.615944 ( total etime=   2.272725 )
calc. inter-frag distance list = 2
##T    Finish to Calculate Initial Density : lap time=   0.451999 ( total etime=   2.976684 )
---- start SCC (maxscc=30, sccconv=7) ----
##SCC itera= 1  conv=2  energy =      -9.88060851  energy0 =      -6.69988078  (   0.772011 )
##SCC itera= 2  conv=2  energy =      -9.76406780  energy0 =      -6.69953719  (   0.988109 )
##SCC itera= 3  conv=4  energy =      -9.73462972  energy0 =      -6.69960897  (   0.928066 )
##SCC itera= 4  conv=6  energy =      -9.73353205  energy0 =      -6.69961780  (   1.208071 )
##SCC itera= 5  conv=6  energy =      -9.73378978  energy0 =      -6.69961718  (   0.904210 )
##SCC itera= 6  conv=7  energy =      -9.73381264  energy0 =      -6.69961700  (   1.016083 )
##SCC itera= 7  conv=7  energy =      -9.73380959  energy0 =      -6.69961700  (   0.932041 )
==== SCC converged ====
##T         ---- Finish SCC procedure ---- : lap time=   8.535989 ( total etime=  11.512707 )
# E=    -3.0549737249 E-DV=    -2.2313457640 DV=    -0.8236279609 DDV=    -0.0020727817
# E=    -3.0114882514 E-DV=    -2.2319896396 DV=    -0.7794986118 DDV=     0.0002388811
# E=    -3.2000244690 E-DV=    -2.2327594463 DV=    -0.9672650227 DDV=     0.0001984654
# E=    -3.1666817309 E-DV=    -2.2326404160 DV=    -0.9340413149 DDV=     0.0002940325
# E=    -2.9224464797 E-DV=    -2.2305673033 DV=    -0.6918791763 DDV=    -0.0011733949
# E=    -2.8296410221 E-DV=    -2.2336546937 DV=    -0.5959863284 DDV=     0.0001126732
# E=    -3.0246244543 E-DV=    -2.2343369577 DV=    -0.7902874966 DDV=    -0.0000079637
# E=    -3.0108394841 E-DV=    -2.2339293813 DV=    -0.7769101029 DDV=    -0.0001600941
# E=    -2.8624691595 E-DV=    -2.2325124689 DV=    -0.6299566907 DDV=    -0.0014679286
# E=    -2.6638360622 E-DV=    -2.2326283978 DV=    -0.4312076645 DDV=     0.0010176296
# E=    -3.0450096166 E-DV=    -2.2339829831 DV=    -0.8110266335 DDV=     0.0004542512
# E=    -3.0871454005 E-DV=    -2.2333367644 DV=    -0.8538086361 DDV=     0.0003048447
# E=    -2.7690763144 E-DV=    -2.2320311444 DV=    -0.5370451700 DDV=    -0.0018804718
# E=    -3.2417446301 E-DV=    -2.2340337615 DV=    -1.0077108685 DDV=     0.0001407470
# E=    -3.0466271759 E-DV=    -2.2317497437 DV=    -0.8148774322 DDV=    -0.0024023551
##T    ---- Finish to Calc. Dimer SCF ---- : lap time=   1.035972 ( total etime=  12.548702 )
       ( # of scf dimer = 15 )
        dE0(SCF dimer) =       0.00018269
##T     ---- Finish to Calc. ES Dimer ---- : lap time=   0.015949 ( total etime=  12.564676 )
    (# of ES dimer = 0)
    dE0(ES dimer) =       0.00000000
    total energy(FMO) =      -6.69943432
##T  -- All workers have been destroyed -- : lap time=   0.048029 ( total etime=  12.612728 )
---- ATOMIC POPULATION DATA -----
   SN AN  ATOMIC POP  NET CHARGE
---------------------------------
    1  1       0.998       0.002
    2  1       1.001      -0.001
    3  1       1.003      -0.003
    4  1       0.998       0.002
    5  1       1.011      -0.011
    6  1       0.990       0.010
    7  1       1.035      -0.035
    8  1       0.965       0.035
    9  1       0.948       0.052
   10  1       1.051      -0.051
   11  1       0.991       0.009
   12  1       1.009      -0.009
---------------------------------
total charge =      0.000
---------------------------------
##T    -- calc AO and atomic population -- : lap time=   0.000165 ( total etime=  12.612904 )
##T   -- All mservs have been destroyed -- : lap time=   0.000013 ( total etime=  12.612923 )
