ngroup       = 6
nioprocs     = 1
niogroup     = 1
nmaxprocs    = 10
group size   = 1
# of threads = 24
nintic       = 2048
input file name       = ./samples/linear_H2_6/linear_H2_6_1_75_rhf.inp
prefix of output file = 
local input dir.      = ./
# of total invoked procs = 8 (=1iog*1iop+1+6gr*1pr)
master host name = gwonhaklee-System-Product-Name
-----------------------------------------------------
 # of data = 11
nfrag = 6
##T                  Finish Initialization : lap time=   0.000177 ( total etime=   0.000177 )
****** LIST OF HOST NAME (MSERV(ID=0))******
rank=  0 : gwonhaklee-System-Product-Name
********************************
##T        Finish to Create Memory Servers : lap time=   0.088012 ( total etime=   0.088212 )
****** LIST OF HOST NAME (WORKER(ID=0)) ******
rank=  0 : gwonhaklee-System-Product-Name
********************************
****** LIST OF HOST NAME (WORKER(ID=1)) ******
rank=  0 : gwonhaklee-System-Product-Name
********************************
****** LIST OF HOST NAME (WORKER(ID=2)) ******
rank=  0 : gwonhaklee-System-Product-Name
********************************
****** LIST OF HOST NAME (WORKER(ID=3)) ******
rank=  0 : gwonhaklee-System-Product-Name
********************************
****** LIST OF HOST NAME (WORKER(ID=4)) ******
rank=  0 : gwonhaklee-System-Product-Name
********************************
##T               Finish to Create Workers : lap time=   1.840939 ( total etime=   1.929168 )
****** LIST OF HOST NAME (WORKER(ID=5)) ******
rank=  0 : gwonhaklee-System-Product-Name
********************************
##T     Finish to Connect Mservs & Workers : lap time=   0.743964 ( total etime=   2.673157 )
calc. inter-frag distance list = 1
##T    Finish to Calculate Initial Density : lap time=   0.431968 ( total etime=   3.301116 )
---- start SCC (maxscc=30, sccconv=7) ----
##SCC itera= 1  conv=2  energy =     -10.24081367  energy0 =      -6.69734922  (   1.068039 )
##SCC itera= 2  conv=2  energy =     -10.07296663  energy0 =      -6.69661732  (   0.892058 )
##SCC itera= 3  conv=4  energy =     -10.02272531  energy0 =      -6.69677395  (   1.116058 )
##SCC itera= 4  conv=4  energy =     -10.02025723  energy0 =      -6.69680069  (   0.964066 )
##SCC itera= 5  conv=6  energy =     -10.02087354  energy0 =      -6.69679910  (   0.764160 )
##SCC itera= 6  conv=6  energy =     -10.02094862  energy0 =      -6.69679833  (   0.944215 )
##SCC itera= 7  conv=7  energy =     -10.02093878  energy0 =      -6.69679833  (   0.980043 )
==== SCC converged ====
##T         ---- Finish SCC procedure ---- : lap time=   8.223987 ( total etime=  11.525136 )
# E=    -3.1301951910 E-DV=    -2.2278237209 DV=    -0.9023714702 DDV=    -0.0033147924
# E=    -3.3402045046 E-DV=    -2.2334185699 DV=    -1.1067859347 DDV=     0.0002277981
# E=    -3.3014288634 E-DV=    -2.2316036403 DV=    -1.0698252231 DDV=     0.0002841162
# E=    -3.2639108351 E-DV=    -2.2313773038 DV=    -1.0325335313 DDV=     0.0004299954
# E=    -2.9946933361 E-DV=    -2.2266099312 DV=    -0.7680834049 DDV=    -0.0021354203
# E=    -2.8818339789 E-DV=    -2.2330758188 DV=    -0.6487581601 DDV=     0.0001679056
# E=    -3.1087957130 E-DV=    -2.2339439585 DV=    -0.8748517546 DDV=    -0.0000171049
# E=    -3.0926825238 E-DV=    -2.2332857212 DV=    -0.8593968026 DDV=    -0.0002374404
# E=    -2.9346563016 E-DV=    -2.2312133033 DV=    -0.7034429984 DDV=    -0.0020576791
# E=    -2.7095094434 E-DV=    -2.2298541130 DV=    -0.4796553304 DDV=     0.0015384814
# E=    -3.1090304754 E-DV=    -2.2335477257 DV=    -0.8754827497 DDV=     0.0007178002
# E=    -3.1561855550 E-DV=    -2.2325202610 DV=    -0.9236652940 DDV=     0.0004705244
# E=    -3.0811161325 E-DV=    -2.2306105739 DV=    -0.8505055587 DDV=     0.0003567905
# E=    -3.1214540925 E-DV=    -2.2284989966 DV=    -0.8929550959 DDV=    -0.0038062115
# E=    -2.8000079146 E-DV=    -2.2290976344 DV=    -0.5709102802 DDV=    -0.0030636015
##T    ---- Finish to Calc. Dimer SCF ---- : lap time=   0.835987 ( total etime=  12.361145 )
       ( # of scf dimer = 15 )
        dE0(SCF dimer) =       0.00707153
##T     ---- Finish to Calc. ES Dimer ---- : lap time=   0.031952 ( total etime=  12.393120 )
    (# of ES dimer = 0)
    dE0(ES dimer) =       0.00000000
    total energy(FMO) =      -6.68972680
##T  -- All workers have been destroyed -- : lap time=   0.059968 ( total etime=  12.453116 )
---- ATOMIC POPULATION DATA -----
   SN AN  ATOMIC POP  NET CHARGE
---------------------------------
    1  1       0.998       0.002
    2  1       1.000      -0.000
    3  1       1.004      -0.004
    4  1       1.000       0.000
    5  1       1.014      -0.014
    6  1       0.987       0.013
    7  1       1.043      -0.043
    8  1       0.959       0.041
    9  1       0.939       0.061
   10  1       1.059      -0.059
   11  1       0.989       0.011
   12  1       1.010      -0.010
---------------------------------
total charge =     -0.000
---------------------------------
##T    -- calc AO and atomic population -- : lap time=   0.016119 ( total etime=  12.469256 )
##T   -- All mservs have been destroyed -- : lap time=   0.000011 ( total etime=  12.469280 )
