Will Run VQE
ngroup       = 6
nioprocs     = 1
niogroup     = 1
nmaxprocs    = 8
group size   = 1
# of threads = 48
nintic       = 2048
input file name       = ./samples/linear_H2_6/linear_H2_6_3_0.inp
prefix of output file = 
local input dir.      = ./
# of total invoked procs = 8 (=1iog*1iop+1+6gr*1pr)
master host name = gwonhaklee-System-Product-Name
-----------------------------------------------------
 # of data = 11
nfrag = 6
##T                  Finish Initialization : lap time=   0.000132 ( total etime=   0.000132 )
##T        Finish to Create Memory Servers : lap time=   0.130669 ( total etime=   0.130808 )
****** LIST OF HOST NAME (MSERV(ID=0))******
rank=  0 : gwonhaklee-System-Product-Name
********************************
****** LIST OF HOST NAME (WORKER(ID=0)) ******
rank=  0 : gwonhaklee-System-Product-Name
********************************
****** LIST OF HOST NAME (WORKER(ID=1)) ******
rank=  0 : gwonhaklee-System-Product-Name
********************************
****** LIST OF HOST NAME (WORKER(ID=2)) ******
rank=  0 : gwonhaklee-System-Product-Name
********************************
****** LIST OF HOST NAME (WORKER(ID=3)) ******
rank=  0 : gwonhaklee-System-Product-Name
********************************
****** LIST OF HOST NAME (WORKER(ID=4)) ******
rank=  0 : gwonhaklee-System-Product-Name
********************************
##T               Finish to Create Workers : lap time=   1.459967 ( total etime=   1.590790 )
****** LIST OF HOST NAME (WORKER(ID=5)) ******
rank=  0 : gwonhaklee-System-Product-Name
********************************
##T     Finish to Connect Mservs & Workers : lap time=   0.739892 ( total etime=   2.330697 )
calc. inter-frag distance list = 1
##T    Finish to Calculate Initial Density : lap time=   0.739979 ( total etime=   3.310702 )
---- start SCC (maxscc=30, sccconv=7) ----
./integ_temp/linear_h2_6__3_0/int_mono_linear_h2_6__3_0_3_1_0.dat -> 7 eris
./integ_temp/linear_h2_6__3_0/int_mono_linear_h2_6__3_0_5_1_0.dat -> 7 eris
./integ_temp/linear_h2_6__3_0/int_mono_linear_h2_6__3_0_4_1_0.dat -> 7 eris
./integ_temp/linear_h2_6__3_0/int_mono_linear_h2_6__3_0_1_1_0.dat -> 7 eris
./integ_temp/linear_h2_6__3_0/int_mono_linear_h2_6__3_0_0_1_0.dat -> 7 eris
./integ_temp/linear_h2_6__3_0/int_mono_linear_h2_6__3_0_2_1_0.dat -> 7 eris
pyscript : VQE for ./integ_temp/linear_h2_6__3_0/int_mono_linear_h2_6__3_0_1_1_0.dat spawned.
pyscript : VQE for ./integ_temp/linear_h2_6__3_0/int_mono_linear_h2_6__3_0_5_1_0.dat spawned.
pyscript : VQE for ./integ_temp/linear_h2_6__3_0/int_mono_linear_h2_6__3_0_3_1_0.dat spawned.
pyscript : VQE for ./integ_temp/linear_h2_6__3_0/int_mono_linear_h2_6__3_0_4_1_0.dat spawned.
pyscript : VQE for ./integ_temp/linear_h2_6__3_0/int_mono_linear_h2_6__3_0_2_1_0.dat spawned.
pyscript : VQE for ./integ_temp/linear_h2_6__3_0/int_mono_linear_h2_6__3_0_0_1_0.dat spawned.
pyscript : output ./result_temp/linear_h2_6__3_0/res_mono_linear_h2_6__3_0_3_1_0.dat Generated.
pyscript : output ./result_temp/linear_h2_6__3_0/res_mono_linear_h2_6__3_0_5_1_0.dat Generated.
pyscript : output ./result_temp/linear_h2_6__3_0/res_mono_linear_h2_6__3_0_2_1_0.dat Generated.
pyscript : output ./result_temp/linear_h2_6__3_0/res_mono_linear_h2_6__3_0_1_1_0.dat Generated.
it=1	mon=[3]	energy=-1.598803
pyscript : output ./result_temp/linear_h2_6__3_0/res_mono_linear_h2_6__3_0_0_1_0.dat Generated.
pyscript : output ./result_temp/linear_h2_6__3_0/res_mono_linear_h2_6__3_0_4_1_0.dat Generated.
it=1	mon=[5]	energy=-1.349078
it=1	mon=[2]	energy=-1.619638
it=1	mon=[1]	energy=-1.587384
it=1	mon=[4]	energy=-1.495046
it=1	mon=[0]	energy=-1.448449
##SCC itera= 1  conv=2  energy =      -9.09839907  energy0 =      -6.82223036  (  78.999434 )
./integ_temp/linear_h2_6__3_0/int_mono_linear_h2_6__3_0_4_2_0.dat -> 7 eris
./integ_temp/linear_h2_6__3_0/int_mono_linear_h2_6__3_0_5_2_0.dat -> 7 eris
./integ_temp/linear_h2_6__3_0/int_mono_linear_h2_6__3_0_2_2_0.dat -> 7 eris
./integ_temp/linear_h2_6__3_0/int_mono_linear_h2_6__3_0_3_2_0.dat -> 7 eris
./integ_temp/linear_h2_6__3_0/int_mono_linear_h2_6__3_0_0_2_0.dat -> 7 eris
./integ_temp/linear_h2_6__3_0/int_mono_linear_h2_6__3_0_1_2_0.dat -> 7 eris
pyscript : VQE for ./integ_temp/linear_h2_6__3_0/int_mono_linear_h2_6__3_0_3_2_0.dat spawned.
pyscript : VQE for ./integ_temp/linear_h2_6__3_0/int_mono_linear_h2_6__3_0_5_2_0.dat spawned.
pyscript : VQE for ./integ_temp/linear_h2_6__3_0/int_mono_linear_h2_6__3_0_2_2_0.dat spawned.
pyscript : VQE for ./integ_temp/linear_h2_6__3_0/int_mono_linear_h2_6__3_0_0_2_0.dat spawned.
pyscript : VQE for ./integ_temp/linear_h2_6__3_0/int_mono_linear_h2_6__3_0_4_2_0.dat spawned.
pyscript : VQE for ./integ_temp/linear_h2_6__3_0/int_mono_linear_h2_6__3_0_1_2_0.dat spawned.
pyscript : output ./result_temp/linear_h2_6__3_0/res_mono_linear_h2_6__3_0_0_2_0.dat Generated.
pyscript : output ./result_temp/linear_h2_6__3_0/res_mono_linear_h2_6__3_0_4_2_0.dat Generated.
pyscript : output ./result_temp/linear_h2_6__3_0/res_mono_linear_h2_6__3_0_5_2_0.dat Generated.
pyscript : output ./result_temp/linear_h2_6__3_0/res_mono_linear_h2_6__3_0_3_2_0.dat Generated.
it=2	mon=[0]	energy=-1.457414
pyscript : output ./result_temp/linear_h2_6__3_0/res_mono_linear_h2_6__3_0_1_2_0.dat Generated.
it=2	mon=[4]	energy=-1.508031
it=2	mon=[5]	energy=-1.359994
pyscript : output ./result_temp/linear_h2_6__3_0/res_mono_linear_h2_6__3_0_2_2_0.dat Generated.
it=2	mon=[3]	energy=-1.609033
it=2	mon=[1]	energy=-1.607145
it=2	mon=[2]	energy=-1.635492
##SCC itera= 2  conv=2  energy =      -9.17710824  energy0 =      -6.82210980  (  81.367939 )
./integ_temp/linear_h2_6__3_0/int_mono_linear_h2_6__3_0_4_3_0.dat -> 7 eris
./integ_temp/linear_h2_6__3_0/int_mono_linear_h2_6__3_0_2_3_0.dat -> 7 eris
./integ_temp/linear_h2_6__3_0/int_mono_linear_h2_6__3_0_5_3_0.dat -> 7 eris
./integ_temp/linear_h2_6__3_0/int_mono_linear_h2_6__3_0_0_3_0.dat -> 7 eris
./integ_temp/linear_h2_6__3_0/int_mono_linear_h2_6__3_0_3_3_0.dat -> 7 eris
./integ_temp/linear_h2_6__3_0/int_mono_linear_h2_6__3_0_1_3_0.dat -> 7 eris
pyscript : VQE for ./integ_temp/linear_h2_6__3_0/int_mono_linear_h2_6__3_0_3_3_0.dat spawned.
pyscript : VQE for ./integ_temp/linear_h2_6__3_0/int_mono_linear_h2_6__3_0_5_3_0.dat spawned.
pyscript : VQE for ./integ_temp/linear_h2_6__3_0/int_mono_linear_h2_6__3_0_4_3_0.dat spawned.
pyscript : VQE for ./integ_temp/linear_h2_6__3_0/int_mono_linear_h2_6__3_0_0_3_0.dat spawned.
pyscript : VQE for ./integ_temp/linear_h2_6__3_0/int_mono_linear_h2_6__3_0_1_3_0.dat spawned.
pyscript : VQE for ./integ_temp/linear_h2_6__3_0/int_mono_linear_h2_6__3_0_2_3_0.dat spawned.
pyscript : output ./result_temp/linear_h2_6__3_0/res_mono_linear_h2_6__3_0_4_3_0.dat Generated.
pyscript : output ./result_temp/linear_h2_6__3_0/res_mono_linear_h2_6__3_0_3_3_0.dat Generated.
it=3	mon=[4]	energy=-1.506354
pyscript : output ./result_temp/linear_h2_6__3_0/res_mono_linear_h2_6__3_0_2_3_0.dat Generated.
pyscript : output ./result_temp/linear_h2_6__3_0/res_mono_linear_h2_6__3_0_1_3_0.dat Generated.
it=3	mon=[3]	energy=-1.607548
pyscript : output ./result_temp/linear_h2_6__3_0/res_mono_linear_h2_6__3_0_0_3_0.dat Generated.
pyscript : output ./result_temp/linear_h2_6__3_0/res_mono_linear_h2_6__3_0_5_3_0.dat Generated.
it=3	mon=[2]	energy=-1.633530
it=3	mon=[1]	energy=-1.605722
it=3	mon=[0]	energy=-1.455822
it=3	mon=[5]	energy=-1.359221
##SCC itera= 3  conv=4  energy =      -9.16819803  energy0 =      -6.82211845  (  76.932492 )
./integ_temp/linear_h2_6__3_0/int_mono_linear_h2_6__3_0_5_4_0.dat -> 7 eris
./integ_temp/linear_h2_6__3_0/int_mono_linear_h2_6__3_0_2_4_0.dat -> 7 eris
./integ_temp/linear_h2_6__3_0/int_mono_linear_h2_6__3_0_1_4_0.dat -> 7 eris
./integ_temp/linear_h2_6__3_0/int_mono_linear_h2_6__3_0_0_4_0.dat -> 7 eris
./integ_temp/linear_h2_6__3_0/int_mono_linear_h2_6__3_0_4_4_0.dat -> 7 eris
./integ_temp/linear_h2_6__3_0/int_mono_linear_h2_6__3_0_3_4_0.dat -> 7 eris
pyscript : VQE for ./integ_temp/linear_h2_6__3_0/int_mono_linear_h2_6__3_0_1_4_0.dat spawned.
pyscript : VQE for ./integ_temp/linear_h2_6__3_0/int_mono_linear_h2_6__3_0_5_4_0.dat spawned.
pyscript : VQE for ./integ_temp/linear_h2_6__3_0/int_mono_linear_h2_6__3_0_4_4_0.dat spawned.
pyscript : VQE for ./integ_temp/linear_h2_6__3_0/int_mono_linear_h2_6__3_0_0_4_0.dat spawned.
pyscript : VQE for ./integ_temp/linear_h2_6__3_0/int_mono_linear_h2_6__3_0_3_4_0.dat spawned.
pyscript : VQE for ./integ_temp/linear_h2_6__3_0/int_mono_linear_h2_6__3_0_2_4_0.dat spawned.
pyscript : output ./result_temp/linear_h2_6__3_0/res_mono_linear_h2_6__3_0_1_4_0.dat Generated.
pyscript : output ./result_temp/linear_h2_6__3_0/res_mono_linear_h2_6__3_0_0_4_0.dat Generated.
it=4	mon=[1]	energy=-1.605558
it=4	mon=[0]	energy=-1.455700
pyscript : output ./result_temp/linear_h2_6__3_0/res_mono_linear_h2_6__3_0_3_4_0.dat Generated.
pyscript : output ./result_temp/linear_h2_6__3_0/res_mono_linear_h2_6__3_0_4_4_0.dat Generated.
it=4	mon=[3]	energy=-1.607414
pyscript : output ./result_temp/linear_h2_6__3_0/res_mono_linear_h2_6__3_0_2_4_0.dat Generated.
it=4	mon=[4]	energy=-1.506270
pyscript : output ./result_temp/linear_h2_6__3_0/res_mono_linear_h2_6__3_0_5_4_0.dat Generated.
it=4	mon=[2]	energy=-1.633400
it=4	mon=[5]	energy=-1.359165
##SCC itera= 4  conv=6  energy =      -9.16750721  energy0 =      -6.82207422  (  82.799980 )
./integ_temp/linear_h2_6__3_0/int_mono_linear_h2_6__3_0_4_5_0.dat -> 7 eris
./integ_temp/linear_h2_6__3_0/int_mono_linear_h2_6__3_0_5_5_0.dat -> 7 eris
./integ_temp/linear_h2_6__3_0/int_mono_linear_h2_6__3_0_1_5_0.dat -> 7 eris
./integ_temp/linear_h2_6__3_0/int_mono_linear_h2_6__3_0_2_5_0.dat -> 7 eris
./integ_temp/linear_h2_6__3_0/int_mono_linear_h2_6__3_0_0_5_0.dat -> 7 eris
./integ_temp/linear_h2_6__3_0/int_mono_linear_h2_6__3_0_3_5_0.dat -> 7 eris
pyscript : VQE for ./integ_temp/linear_h2_6__3_0/int_mono_linear_h2_6__3_0_5_5_0.dat spawned.
pyscript : VQE for ./integ_temp/linear_h2_6__3_0/int_mono_linear_h2_6__3_0_3_5_0.dat spawned.
pyscript : VQE for ./integ_temp/linear_h2_6__3_0/int_mono_linear_h2_6__3_0_0_5_0.dat spawned.
pyscript : VQE for ./integ_temp/linear_h2_6__3_0/int_mono_linear_h2_6__3_0_4_5_0.dat spawned.
pyscript : VQE for ./integ_temp/linear_h2_6__3_0/int_mono_linear_h2_6__3_0_2_5_0.dat spawned.
pyscript : VQE for ./integ_temp/linear_h2_6__3_0/int_mono_linear_h2_6__3_0_1_5_0.dat spawned.
pyscript : output ./result_temp/linear_h2_6__3_0/res_mono_linear_h2_6__3_0_4_5_0.dat Generated.
pyscript : output ./result_temp/linear_h2_6__3_0/res_mono_linear_h2_6__3_0_3_5_0.dat Generated.
pyscript : output ./result_temp/linear_h2_6__3_0/res_mono_linear_h2_6__3_0_0_5_0.dat Generated.
it=5	mon=[4]	energy=-1.506287
it=5	mon=[3]	energy=-1.607490
pyscript : output ./result_temp/linear_h2_6__3_0/res_mono_linear_h2_6__3_0_2_5_0.dat Generated.
it=5	mon=[0]	energy=-1.455717
pyscript : output ./result_temp/linear_h2_6__3_0/res_mono_linear_h2_6__3_0_5_5_0.dat Generated.
it=5	mon=[2]	energy=-1.633454
it=5	mon=[5]	energy=-1.359164
pyscript : output ./result_temp/linear_h2_6__3_0/res_mono_linear_h2_6__3_0_1_5_0.dat Generated.
it=5	mon=[1]	energy=-1.605622
##SCC itera= 5  conv=6  energy =      -9.16773501  energy0 =      -6.82211782  (  89.288024 )
./integ_temp/linear_h2_6__3_0/int_mono_linear_h2_6__3_0_4_6_0.dat -> 7 eris
./integ_temp/linear_h2_6__3_0/int_mono_linear_h2_6__3_0_0_6_0.dat -> 7 eris
./integ_temp/linear_h2_6__3_0/int_mono_linear_h2_6__3_0_2_6_0.dat -> 7 eris
./integ_temp/linear_h2_6__3_0/int_mono_linear_h2_6__3_0_3_6_0.dat -> 7 eris
./integ_temp/linear_h2_6__3_0/int_mono_linear_h2_6__3_0_5_6_0.dat -> 7 eris
./integ_temp/linear_h2_6__3_0/int_mono_linear_h2_6__3_0_1_6_0.dat -> 7 eris
pyscript : VQE for ./integ_temp/linear_h2_6__3_0/int_mono_linear_h2_6__3_0_0_6_0.dat spawned.
pyscript : VQE for ./integ_temp/linear_h2_6__3_0/int_mono_linear_h2_6__3_0_2_6_0.dat spawned.
pyscript : VQE for ./integ_temp/linear_h2_6__3_0/int_mono_linear_h2_6__3_0_4_6_0.dat spawned.
pyscript : VQE for ./integ_temp/linear_h2_6__3_0/int_mono_linear_h2_6__3_0_5_6_0.dat spawned.
pyscript : VQE for ./integ_temp/linear_h2_6__3_0/int_mono_linear_h2_6__3_0_1_6_0.dat spawned.
pyscript : VQE for ./integ_temp/linear_h2_6__3_0/int_mono_linear_h2_6__3_0_3_6_0.dat spawned.
pyscript : output ./result_temp/linear_h2_6__3_0/res_mono_linear_h2_6__3_0_0_6_0.dat Generated.
pyscript : output ./result_temp/linear_h2_6__3_0/res_mono_linear_h2_6__3_0_2_6_0.dat Generated.
pyscript : output ./result_temp/linear_h2_6__3_0/res_mono_linear_h2_6__3_0_3_6_0.dat Generated.
pyscript : output ./result_temp/linear_h2_6__3_0/res_mono_linear_h2_6__3_0_4_6_0.dat Generated.
it=6	mon=[0]	energy=-1.455692
it=6	mon=[2]	energy=-1.633412
it=6	mon=[3]	energy=-1.607436
it=6	mon=[4]	energy=-1.506261
pyscript : output ./result_temp/linear_h2_6__3_0/res_mono_linear_h2_6__3_0_5_6_0.dat Generated.
pyscript : output ./result_temp/linear_h2_6__3_0/res_mono_linear_h2_6__3_0_1_6_0.dat Generated.
it=6	mon=[5]	energy=-1.359161
it=6	mon=[1]	energy=-1.605588
##SCC itera= 6  conv=6  energy =      -9.16754926  energy0 =      -6.82196820  (  76.384006 )
./integ_temp/linear_h2_6__3_0/int_mono_linear_h2_6__3_0_2_7_0.dat -> 7 eris
./integ_temp/linear_h2_6__3_0/int_mono_linear_h2_6__3_0_3_7_0.dat -> 7 eris
./integ_temp/linear_h2_6__3_0/int_mono_linear_h2_6__3_0_1_7_0.dat -> 7 eris
./integ_temp/linear_h2_6__3_0/int_mono_linear_h2_6__3_0_5_7_0.dat -> 7 eris
./integ_temp/linear_h2_6__3_0/int_mono_linear_h2_6__3_0_0_7_0.dat -> 7 eris
./integ_temp/linear_h2_6__3_0/int_mono_linear_h2_6__3_0_4_7_0.dat -> 7 eris
pyscript : VQE for ./integ_temp/linear_h2_6__3_0/int_mono_linear_h2_6__3_0_3_7_0.dat spawned.
pyscript : VQE for ./integ_temp/linear_h2_6__3_0/int_mono_linear_h2_6__3_0_1_7_0.dat spawned.
pyscript : VQE for ./integ_temp/linear_h2_6__3_0/int_mono_linear_h2_6__3_0_5_7_0.dat spawned.
pyscript : VQE for ./integ_temp/linear_h2_6__3_0/int_mono_linear_h2_6__3_0_4_7_0.dat spawned.
pyscript : VQE for ./integ_temp/linear_h2_6__3_0/int_mono_linear_h2_6__3_0_0_7_0.dat spawned.
pyscript : VQE for ./integ_temp/linear_h2_6__3_0/int_mono_linear_h2_6__3_0_2_7_0.dat spawned.
pyscript : output ./result_temp/linear_h2_6__3_0/res_mono_linear_h2_6__3_0_0_7_0.dat Generated.
it=7	mon=[0]	energy=-1.455710
pyscript : output ./result_temp/linear_h2_6__3_0/res_mono_linear_h2_6__3_0_4_7_0.dat Generated.
pyscript : output ./result_temp/linear_h2_6__3_0/res_mono_linear_h2_6__3_0_3_7_0.dat Generated.
it=7	mon=[4]	energy=-1.506284
pyscript : output ./result_temp/linear_h2_6__3_0/res_mono_linear_h2_6__3_0_2_7_0.dat Generated.
it=7	mon=[3]	energy=-1.607482
pyscript : output ./result_temp/linear_h2_6__3_0/res_mono_linear_h2_6__3_0_1_7_0.dat Generated.
pyscript : output ./result_temp/linear_h2_6__3_0/res_mono_linear_h2_6__3_0_5_7_0.dat Generated.
it=7	mon=[2]	energy=-1.633448
it=7	mon=[1]	energy=-1.605620
it=7	mon=[5]	energy=-1.359163
##SCC itera= 7  conv=7  energy =      -9.16770728  energy0 =      -6.82207296  (  79.323965 )
./integ_temp/linear_h2_6__3_0/int_mono_linear_h2_6__3_0_4_8_0.dat -> 7 eris
./integ_temp/linear_h2_6__3_0/int_mono_linear_h2_6__3_0_3_8_0.dat -> 7 eris
./integ_temp/linear_h2_6__3_0/int_mono_linear_h2_6__3_0_2_8_0.dat -> 7 eris
./integ_temp/linear_h2_6__3_0/int_mono_linear_h2_6__3_0_5_8_0.dat -> 7 eris
./integ_temp/linear_h2_6__3_0/int_mono_linear_h2_6__3_0_0_8_0.dat -> 7 eris
./integ_temp/linear_h2_6__3_0/int_mono_linear_h2_6__3_0_1_8_0.dat -> 7 eris
pyscript : VQE for ./integ_temp/linear_h2_6__3_0/int_mono_linear_h2_6__3_0_4_8_0.dat spawned.
pyscript : VQE for ./integ_temp/linear_h2_6__3_0/int_mono_linear_h2_6__3_0_3_8_0.dat spawned.
pyscript : VQE for ./integ_temp/linear_h2_6__3_0/int_mono_linear_h2_6__3_0_2_8_0.dat spawned.
pyscript : VQE for ./integ_temp/linear_h2_6__3_0/int_mono_linear_h2_6__3_0_5_8_0.dat spawned.
pyscript : VQE for ./integ_temp/linear_h2_6__3_0/int_mono_linear_h2_6__3_0_1_8_0.dat spawned.
pyscript : VQE for ./integ_temp/linear_h2_6__3_0/int_mono_linear_h2_6__3_0_0_8_0.dat spawned.
pyscript : output ./result_temp/linear_h2_6__3_0/res_mono_linear_h2_6__3_0_4_8_0.dat Generated.
pyscript : output ./result_temp/linear_h2_6__3_0/res_mono_linear_h2_6__3_0_3_8_0.dat Generated.
pyscript : output ./result_temp/linear_h2_6__3_0/res_mono_linear_h2_6__3_0_0_8_0.dat Generated.
pyscript : output ./result_temp/linear_h2_6__3_0/res_mono_linear_h2_6__3_0_2_8_0.dat Generated.
pyscript : output ./result_temp/linear_h2_6__3_0/res_mono_linear_h2_6__3_0_5_8_0.dat Generated.
it=8	mon=[4]	energy=-1.506290
pyscript : output ./result_temp/linear_h2_6__3_0/res_mono_linear_h2_6__3_0_1_8_0.dat Generated.
it=8	mon=[3]	energy=-1.607490
it=8	mon=[5]	energy=-1.359167
it=8	mon=[2]	energy=-1.633456
it=8	mon=[0]	energy=-1.455719
it=8	mon=[1]	energy=-1.605624
##SCC itera= 8  conv=7  energy =      -9.16774666  energy0 =      -6.82212210  (  80.450383 )
./integ_temp/linear_h2_6__3_0/int_mono_linear_h2_6__3_0_5_9_0.dat -> 7 eris
./integ_temp/linear_h2_6__3_0/int_mono_linear_h2_6__3_0_3_9_0.dat -> 7 eris
./integ_temp/linear_h2_6__3_0/int_mono_linear_h2_6__3_0_0_9_0.dat -> 7 eris
./integ_temp/linear_h2_6__3_0/int_mono_linear_h2_6__3_0_4_9_0.dat -> 7 eris
./integ_temp/linear_h2_6__3_0/int_mono_linear_h2_6__3_0_2_9_0.dat -> 7 eris
./integ_temp/linear_h2_6__3_0/int_mono_linear_h2_6__3_0_1_9_0.dat -> 7 eris
pyscript : VQE for ./integ_temp/linear_h2_6__3_0/int_mono_linear_h2_6__3_0_5_9_0.dat spawned.
pyscript : VQE for ./integ_temp/linear_h2_6__3_0/int_mono_linear_h2_6__3_0_0_9_0.dat spawned.
pyscript : VQE for ./integ_temp/linear_h2_6__3_0/int_mono_linear_h2_6__3_0_1_9_0.dat spawned.
pyscript : VQE for ./integ_temp/linear_h2_6__3_0/int_mono_linear_h2_6__3_0_3_9_0.dat spawned.
pyscript : VQE for ./integ_temp/linear_h2_6__3_0/int_mono_linear_h2_6__3_0_2_9_0.dat spawned.
pyscript : VQE for ./integ_temp/linear_h2_6__3_0/int_mono_linear_h2_6__3_0_4_9_0.dat spawned.
pyscript : output ./result_temp/linear_h2_6__3_0/res_mono_linear_h2_6__3_0_3_9_0.dat Generated.
it=9	mon=[3]	energy=-1.607480
pyscript : output ./result_temp/linear_h2_6__3_0/res_mono_linear_h2_6__3_0_0_9_0.dat Generated.
pyscript : output ./result_temp/linear_h2_6__3_0/res_mono_linear_h2_6__3_0_4_9_0.dat Generated.
pyscript : output ./result_temp/linear_h2_6__3_0/res_mono_linear_h2_6__3_0_5_9_0.dat Generated.
it=9	mon=[0]	energy=-1.455713
pyscript : output ./result_temp/linear_h2_6__3_0/res_mono_linear_h2_6__3_0_2_9_0.dat Generated.
it=9	mon=[4]	energy=-1.506284
it=9	mon=[5]	energy=-1.359163
it=9	mon=[2]	energy=-1.633456
pyscript : output ./result_temp/linear_h2_6__3_0/res_mono_linear_h2_6__3_0_1_9_0.dat Generated.
it=9	mon=[1]	energy=-1.605612
##SCC itera= 9  conv=7  energy =      -9.16770797  energy0 =      -6.82209444  (  83.713290 )
./integ_temp/linear_h2_6__3_0/int_mono_linear_h2_6__3_0_3_10_0.dat -> 7 eris
./integ_temp/linear_h2_6__3_0/int_mono_linear_h2_6__3_0_2_10_0.dat -> 7 eris
./integ_temp/linear_h2_6__3_0/int_mono_linear_h2_6__3_0_0_10_0.dat -> 7 eris
./integ_temp/linear_h2_6__3_0/int_mono_linear_h2_6__3_0_5_10_0.dat -> 7 eris
./integ_temp/linear_h2_6__3_0/int_mono_linear_h2_6__3_0_4_10_0.dat -> 7 eris
./integ_temp/linear_h2_6__3_0/int_mono_linear_h2_6__3_0_1_10_0.dat -> 7 eris
pyscript : VQE for ./integ_temp/linear_h2_6__3_0/int_mono_linear_h2_6__3_0_5_10_0.dat spawned.
pyscript : VQE for ./integ_temp/linear_h2_6__3_0/int_mono_linear_h2_6__3_0_2_10_0.dat spawned.
pyscript : VQE for ./integ_temp/linear_h2_6__3_0/int_mono_linear_h2_6__3_0_1_10_0.dat spawned.
pyscript : VQE for ./integ_temp/linear_h2_6__3_0/int_mono_linear_h2_6__3_0_3_10_0.dat spawned.
pyscript : VQE for ./integ_temp/linear_h2_6__3_0/int_mono_linear_h2_6__3_0_0_10_0.dat spawned.
pyscript : VQE for ./integ_temp/linear_h2_6__3_0/int_mono_linear_h2_6__3_0_4_10_0.dat spawned.
pyscript : output ./result_temp/linear_h2_6__3_0/res_mono_linear_h2_6__3_0_0_10_0.dat Generated.
pyscript : output ./result_temp/linear_h2_6__3_0/res_mono_linear_h2_6__3_0_5_10_0.dat Generated.
it=10	mon=[0]	energy=-1.455717
pyscript : output ./result_temp/linear_h2_6__3_0/res_mono_linear_h2_6__3_0_2_10_0.dat Generated.
pyscript : output ./result_temp/linear_h2_6__3_0/res_mono_linear_h2_6__3_0_3_10_0.dat Generated.
pyscript : output ./result_temp/linear_h2_6__3_0/res_mono_linear_h2_6__3_0_4_10_0.dat Generated.
it=10	mon=[5]	energy=-1.359166
pyscript : output ./result_temp/linear_h2_6__3_0/res_mono_linear_h2_6__3_0_1_10_0.dat Generated.
it=10	mon=[3]	energy=-1.607492
it=10	mon=[2]	energy=-1.633458
it=10	mon=[4]	energy=-1.506291
it=10	mon=[1]	energy=-1.605630
##SCC itera=10  conv=7  energy =      -9.16775559  energy0 =      -6.82211784  (  81.671509 )
./integ_temp/linear_h2_6__3_0/int_mono_linear_h2_6__3_0_4_11_0.dat -> 7 eris
./integ_temp/linear_h2_6__3_0/int_mono_linear_h2_6__3_0_1_11_0.dat -> 7 eris
./integ_temp/linear_h2_6__3_0/int_mono_linear_h2_6__3_0_0_11_0.dat -> 7 eris
./integ_temp/linear_h2_6__3_0/int_mono_linear_h2_6__3_0_2_11_0.dat -> 7 eris
./integ_temp/linear_h2_6__3_0/int_mono_linear_h2_6__3_0_5_11_0.dat -> 7 eris
./integ_temp/linear_h2_6__3_0/int_mono_linear_h2_6__3_0_3_11_0.dat -> 7 eris
pyscript : VQE for ./integ_temp/linear_h2_6__3_0/int_mono_linear_h2_6__3_0_4_11_0.dat spawned.
pyscript : VQE for ./integ_temp/linear_h2_6__3_0/int_mono_linear_h2_6__3_0_1_11_0.dat spawned.
pyscript : VQE for ./integ_temp/linear_h2_6__3_0/int_mono_linear_h2_6__3_0_5_11_0.dat spawned.
pyscript : VQE for ./integ_temp/linear_h2_6__3_0/int_mono_linear_h2_6__3_0_2_11_0.dat spawned.
pyscript : VQE for ./integ_temp/linear_h2_6__3_0/int_mono_linear_h2_6__3_0_3_11_0.dat spawned.
pyscript : VQE for ./integ_temp/linear_h2_6__3_0/int_mono_linear_h2_6__3_0_0_11_0.dat spawned.
pyscript : output ./result_temp/linear_h2_6__3_0/res_mono_linear_h2_6__3_0_0_11_0.dat Generated.
it=11	mon=[0]	energy=-1.455704
pyscript : output ./result_temp/linear_h2_6__3_0/res_mono_linear_h2_6__3_0_4_11_0.dat Generated.
pyscript : output ./result_temp/linear_h2_6__3_0/res_mono_linear_h2_6__3_0_2_11_0.dat Generated.
pyscript : output ./result_temp/linear_h2_6__3_0/res_mono_linear_h2_6__3_0_3_11_0.dat Generated.
pyscript : output ./result_temp/linear_h2_6__3_0/res_mono_linear_h2_6__3_0_1_11_0.dat Generated.
it=11	mon=[4]	energy=-1.506282
pyscript : output ./result_temp/linear_h2_6__3_0/res_mono_linear_h2_6__3_0_5_11_0.dat Generated.
it=11	mon=[2]	energy=-1.633440
it=11	mon=[1]	energy=-1.605602
it=11	mon=[3]	energy=-1.607444
it=11	mon=[5]	energy=-1.359169
##SCC itera=11  conv=7  energy =      -9.16764124  energy0 =      -6.82207564  (  82.450259 )
./integ_temp/linear_h2_6__3_0/int_mono_linear_h2_6__3_0_0_12_0.dat -> 7 eris
./integ_temp/linear_h2_6__3_0/int_mono_linear_h2_6__3_0_1_12_0.dat -> 7 eris
./integ_temp/linear_h2_6__3_0/int_mono_linear_h2_6__3_0_4_12_0.dat -> 7 eris
./integ_temp/linear_h2_6__3_0/int_mono_linear_h2_6__3_0_5_12_0.dat -> 7 eris
./integ_temp/linear_h2_6__3_0/int_mono_linear_h2_6__3_0_2_12_0.dat -> 7 eris
./integ_temp/linear_h2_6__3_0/int_mono_linear_h2_6__3_0_3_12_0.dat -> 7 eris
pyscript : VQE for ./integ_temp/linear_h2_6__3_0/int_mono_linear_h2_6__3_0_4_12_0.dat spawned.
pyscript : VQE for ./integ_temp/linear_h2_6__3_0/int_mono_linear_h2_6__3_0_0_12_0.dat spawned.
pyscript : VQE for ./integ_temp/linear_h2_6__3_0/int_mono_linear_h2_6__3_0_5_12_0.dat spawned.
pyscript : VQE for ./integ_temp/linear_h2_6__3_0/int_mono_linear_h2_6__3_0_1_12_0.dat spawned.
pyscript : VQE for ./integ_temp/linear_h2_6__3_0/int_mono_linear_h2_6__3_0_2_12_0.dat spawned.
pyscript : VQE for ./integ_temp/linear_h2_6__3_0/int_mono_linear_h2_6__3_0_3_12_0.dat spawned.
pyscript : output ./result_temp/linear_h2_6__3_0/res_mono_linear_h2_6__3_0_0_12_0.dat Generated.
it=12	mon=[0]	energy=-1.455717
pyscript : output ./result_temp/linear_h2_6__3_0/res_mono_linear_h2_6__3_0_3_12_0.dat Generated.
pyscript : output ./result_temp/linear_h2_6__3_0/res_mono_linear_h2_6__3_0_4_12_0.dat Generated.
pyscript : output ./result_temp/linear_h2_6__3_0/res_mono_linear_h2_6__3_0_5_12_0.dat Generated.
it=12	mon=[3]	energy=-1.607488
it=12	mon=[4]	energy=-1.506288
pyscript : output ./result_temp/linear_h2_6__3_0/res_mono_linear_h2_6__3_0_1_12_0.dat Generated.
it=12	mon=[5]	energy=-1.359165
it=12	mon=[1]	energy=-1.605622
pyscript : output ./result_temp/linear_h2_6__3_0/res_mono_linear_h2_6__3_0_2_12_0.dat Generated.
it=12	mon=[2]	energy=-1.633454
##SCC itera=12  conv=7  energy =      -9.16773407  energy0 =      -6.82209545  (  91.751900 )
./integ_temp/linear_h2_6__3_0/int_mono_linear_h2_6__3_0_1_13_0.dat -> 7 eris
./integ_temp/linear_h2_6__3_0/int_mono_linear_h2_6__3_0_3_13_0.dat -> 7 eris
./integ_temp/linear_h2_6__3_0/int_mono_linear_h2_6__3_0_4_13_0.dat -> 7 eris
./integ_temp/linear_h2_6__3_0/int_mono_linear_h2_6__3_0_5_13_0.dat -> 7 eris
./integ_temp/linear_h2_6__3_0/int_mono_linear_h2_6__3_0_2_13_0.dat -> 7 eris
./integ_temp/linear_h2_6__3_0/int_mono_linear_h2_6__3_0_0_13_0.dat -> 7 eris
pyscript : VQE for ./integ_temp/linear_h2_6__3_0/int_mono_linear_h2_6__3_0_4_13_0.dat spawned.
pyscript : VQE for ./integ_temp/linear_h2_6__3_0/int_mono_linear_h2_6__3_0_0_13_0.dat spawned.
pyscript : VQE for ./integ_temp/linear_h2_6__3_0/int_mono_linear_h2_6__3_0_5_13_0.dat spawned.
pyscript : VQE for ./integ_temp/linear_h2_6__3_0/int_mono_linear_h2_6__3_0_3_13_0.dat spawned.
pyscript : VQE for ./integ_temp/linear_h2_6__3_0/int_mono_linear_h2_6__3_0_1_13_0.dat spawned.
pyscript : VQE for ./integ_temp/linear_h2_6__3_0/int_mono_linear_h2_6__3_0_2_13_0.dat spawned.
pyscript : output ./result_temp/linear_h2_6__3_0/res_mono_linear_h2_6__3_0_0_13_0.dat Generated.
pyscript : output ./result_temp/linear_h2_6__3_0/res_mono_linear_h2_6__3_0_4_13_0.dat Generated.
pyscript : output ./result_temp/linear_h2_6__3_0/res_mono_linear_h2_6__3_0_1_13_0.dat Generated.
pyscript : output ./result_temp/linear_h2_6__3_0/res_mono_linear_h2_6__3_0_5_13_0.dat Generated.
it=13	mon=[0]	energy=-1.455719
pyscript : output ./result_temp/linear_h2_6__3_0/res_mono_linear_h2_6__3_0_3_13_0.dat Generated.
it=13	mon=[4]	energy=-1.506290
it=13	mon=[1]	energy=-1.605624
pyscript : output ./result_temp/linear_h2_6__3_0/res_mono_linear_h2_6__3_0_2_13_0.dat Generated.
it=13	mon=[5]	energy=-1.359167
it=13	mon=[3]	energy=-1.607490
it=13	mon=[2]	energy=-1.633456
##SCC itera=13  conv=7  energy =      -9.16774683  energy0 =      -6.82211793  (  83.280003 )
./integ_temp/linear_h2_6__3_0/int_mono_linear_h2_6__3_0_0_14_0.dat -> 7 eris
./integ_temp/linear_h2_6__3_0/int_mono_linear_h2_6__3_0_4_14_0.dat -> 7 eris
./integ_temp/linear_h2_6__3_0/int_mono_linear_h2_6__3_0_2_14_0.dat -> 7 eris
./integ_temp/linear_h2_6__3_0/int_mono_linear_h2_6__3_0_5_14_0.dat -> 7 eris
./integ_temp/linear_h2_6__3_0/int_mono_linear_h2_6__3_0_3_14_0.dat -> 7 eris
./integ_temp/linear_h2_6__3_0/int_mono_linear_h2_6__3_0_1_14_0.dat -> 7 eris
pyscript : VQE for ./integ_temp/linear_h2_6__3_0/int_mono_linear_h2_6__3_0_4_14_0.dat spawned.
pyscript : VQE for ./integ_temp/linear_h2_6__3_0/int_mono_linear_h2_6__3_0_0_14_0.dat spawned.
pyscript : VQE for ./integ_temp/linear_h2_6__3_0/int_mono_linear_h2_6__3_0_5_14_0.dat spawned.
pyscript : VQE for ./integ_temp/linear_h2_6__3_0/int_mono_linear_h2_6__3_0_3_14_0.dat spawned.
pyscript : VQE for ./integ_temp/linear_h2_6__3_0/int_mono_linear_h2_6__3_0_1_14_0.dat spawned.
pyscript : VQE for ./integ_temp/linear_h2_6__3_0/int_mono_linear_h2_6__3_0_2_14_0.dat spawned.
pyscript : output ./result_temp/linear_h2_6__3_0/res_mono_linear_h2_6__3_0_0_14_0.dat Generated.
pyscript : output ./result_temp/linear_h2_6__3_0/res_mono_linear_h2_6__3_0_4_14_0.dat Generated.
pyscript : output ./result_temp/linear_h2_6__3_0/res_mono_linear_h2_6__3_0_1_14_0.dat Generated.
it=14	mon=[0]	energy=-1.455719
it=14	mon=[4]	energy=-1.506290
pyscript : output ./result_temp/linear_h2_6__3_0/res_mono_linear_h2_6__3_0_3_14_0.dat Generated.
pyscript : output ./result_temp/linear_h2_6__3_0/res_mono_linear_h2_6__3_0_5_14_0.dat Generated.
it=14	mon=[1]	energy=-1.605626
pyscript : output ./result_temp/linear_h2_6__3_0/res_mono_linear_h2_6__3_0_2_14_0.dat Generated.
it=14	mon=[3]	energy=-1.607490
it=14	mon=[5]	energy=-1.359167
it=14	mon=[2]	energy=-1.633456
##SCC itera=14  conv=7  energy =      -9.16774880  energy0 =      -6.82211791  (  83.444390 )
==== SCC converged ====
##T         ---- Finish SCC procedure ---- : lap time= 1158.143992 ( total etime= 1161.454719 )
./integ_temp/linear_h2_6__3_0/int_dim_linear_h2_6__3_0_3-0_130_0.dat -> 65 eris
./integ_temp/linear_h2_6__3_0/int_dim_linear_h2_6__3_0_3-2_130_0.dat -> 65 eris
./integ_temp/linear_h2_6__3_0/int_dim_linear_h2_6__3_0_3-1_130_0.dat -> 65 eris
./integ_temp/linear_h2_6__3_0/int_dim_linear_h2_6__3_0_2-1_130_0.dat -> 65 eris
./integ_temp/linear_h2_6__3_0/int_dim_linear_h2_6__3_0_2-0_130_0.dat -> 65 eris
./integ_temp/linear_h2_6__3_0/int_dim_linear_h2_6__3_0_1-0_130_0.dat -> 65 eris
pyscript : VQE for ./integ_temp/linear_h2_6__3_0/int_dim_linear_h2_6__3_0_3-2_130_0.dat spawned.
pyscript : VQE for ./integ_temp/linear_h2_6__3_0/int_dim_linear_h2_6__3_0_2-1_130_0.dat spawned.
pyscript : VQE for ./integ_temp/linear_h2_6__3_0/int_dim_linear_h2_6__3_0_2-0_130_0.dat spawned.
pyscript : VQE for ./integ_temp/linear_h2_6__3_0/int_dim_linear_h2_6__3_0_1-0_130_0.dat spawned.
pyscript : VQE for ./integ_temp/linear_h2_6__3_0/int_dim_linear_h2_6__3_0_3-0_130_0.dat spawned.
pyscript : VQE for ./integ_temp/linear_h2_6__3_0/int_dim_linear_h2_6__3_0_3-1_130_0.dat spawned.
pyscript : output ./result_temp/linear_h2_6__3_0/res_dim_linear_h2_6__3_0_3-0_130_0.dat Generated.
it=130	mon=[3, 0]	energy=-2.952040
# E=    -2.9520400960 E-DV=    -2.2740497771 DV=    -0.6779903189 DDV=     0.0001841546
./integ_temp/linear_h2_6__3_0/int_dim_linear_h2_6__3_0_4-0_130_0.dat -> 65 eris
pyscript : VQE for ./integ_temp/linear_h2_6__3_0/int_dim_linear_h2_6__3_0_4-0_130_0.dat spawned.
pyscript : output ./result_temp/linear_h2_6__3_0/res_dim_linear_h2_6__3_0_4-0_130_0.dat Generated.
it=130	mon=[4, 0]	energy=-2.880037
# E=    -2.8800374728 E-DV=    -2.2735352519 DV=    -0.6065022209 DDV=     0.0001270571
./integ_temp/linear_h2_6__3_0/int_dim_linear_h2_6__3_0_4-1_130_0.dat -> 65 eris
pyscript : VQE for ./integ_temp/linear_h2_6__3_0/int_dim_linear_h2_6__3_0_4-1_130_0.dat spawned.
pyscript : output ./result_temp/linear_h2_6__3_0/res_dim_linear_h2_6__3_0_2-0_130_0.dat Generated.
it=130	mon=[2, 0]	energy=-2.920729
# E=    -2.9207291727 E-DV=    -2.2741609773 DV=    -0.6465681954 DDV=     0.0002234483
./integ_temp/linear_h2_6__3_0/int_dim_linear_h2_6__3_0_4-2_130_0.dat -> 65 eris
pyscript : VQE for ./integ_temp/linear_h2_6__3_0/int_dim_linear_h2_6__3_0_4-2_130_0.dat spawned.
pyscript : output ./result_temp/linear_h2_6__3_0/res_dim_linear_h2_6__3_0_4-1_130_0.dat Generated.
it=130	mon=[4, 1]	energy=-3.005509
# E=    -3.0055087416 E-DV=    -2.2739251194 DV=    -0.7315836222 DDV=     0.0001866559
./integ_temp/linear_h2_6__3_0/int_dim_linear_h2_6__3_0_4-3_130_0.dat -> 65 eris
pyscript : VQE for ./integ_temp/linear_h2_6__3_0/int_dim_linear_h2_6__3_0_4-3_130_0.dat spawned.
pyscript : output ./result_temp/linear_h2_6__3_0/res_dim_linear_h2_6__3_0_4-2_130_0.dat Generated.
it=130	mon=[4, 2]	energy=-2.980772
# E=    -2.9807719564 E-DV=    -2.2739232375 DV=    -0.7068487189 DDV=     0.0002084759
./integ_temp/linear_h2_6__3_0/int_dim_linear_h2_6__3_0_5-0_130_0.dat -> 65 eris
pyscript : VQE for ./integ_temp/linear_h2_6__3_0/int_dim_linear_h2_6__3_0_5-0_130_0.dat spawned.
pyscript : output ./result_temp/linear_h2_6__3_0/res_dim_linear_h2_6__3_0_1-0_130_0.dat Generated.
it=130	mon=[1, 0]	energy=-2.715574
# E=    -2.7155737084 E-DV=    -2.2737931414 DV=    -0.4417805670 DDV=    -0.0004491646
./integ_temp/linear_h2_6__3_0/int_dim_linear_h2_6__3_0_5-1_130_0.dat -> 65 eris
pyscript : VQE for ./integ_temp/linear_h2_6__3_0/int_dim_linear_h2_6__3_0_5-1_130_0.dat spawned.
pyscript : output ./result_temp/linear_h2_6__3_0/res_dim_linear_h2_6__3_0_3-1_130_0.dat Generated.
it=130	mon=[3, 1]	energy=-3.050285
# E=    -3.0502854389 E-DV=    -2.2743021313 DV=    -0.7759833076 DDV=     0.0001937636
./integ_temp/linear_h2_6__3_0/int_dim_linear_h2_6__3_0_5-2_130_0.dat -> 65 eris
pyscript : VQE for ./integ_temp/linear_h2_6__3_0/int_dim_linear_h2_6__3_0_5-2_130_0.dat spawned.
pyscript : output ./result_temp/linear_h2_6__3_0/res_dim_linear_h2_6__3_0_5-0_130_0.dat Generated.
it=130	mon=[5, 0]	energy=-2.741891
# E=    -2.7418905734 E-DV=    -2.2740858034 DV=    -0.4678047700 DDV=     0.0000653821
./integ_temp/linear_h2_6__3_0/int_dim_linear_h2_6__3_0_5-3_130_0.dat -> 65 eris
pyscript : VQE for ./integ_temp/linear_h2_6__3_0/int_dim_linear_h2_6__3_0_5-3_130_0.dat spawned.
pyscript : output ./result_temp/linear_h2_6__3_0/res_dim_linear_h2_6__3_0_5-1_130_0.dat Generated.
it=130	mon=[5, 1]	energy=-2.872833
# E=    -2.8728330797 E-DV=    -2.2743397511 DV=    -0.5984933285 DDV=     0.0000986709
./integ_temp/linear_h2_6__3_0/int_dim_linear_h2_6__3_0_5-4_130_0.dat -> 65 eris
pyscript : VQE for ./integ_temp/linear_h2_6__3_0/int_dim_linear_h2_6__3_0_5-4_130_0.dat spawned.
pyscript : output ./result_temp/linear_h2_6__3_0/res_dim_linear_h2_6__3_0_3-2_130_0.dat Generated.
it=130	mon=[3, 2]	energy=-2.911022
# E=    -2.9110223034 E-DV=    -2.2737092313 DV=    -0.6373130721 DDV=    -0.0005305077
pyscript : output ./result_temp/linear_h2_6__3_0/res_dim_linear_h2_6__3_0_5-2_130_0.dat Generated.
it=130	mon=[5, 2]	energy=-2.863075
# E=    -2.8630750735 E-DV=    -2.2742518700 DV=    -0.5888232034 DDV=     0.0000479621
pyscript : output ./result_temp/linear_h2_6__3_0/res_dim_linear_h2_6__3_0_4-3_130_0.dat Generated.
it=130	mon=[4, 3]	energy=-2.791620
# E=    -2.7916199193 E-DV=    -2.2735187339 DV=    -0.5181011854 DDV=    -0.0002586058
pyscript : output ./result_temp/linear_h2_6__3_0/res_dim_linear_h2_6__3_0_5-3_130_0.dat Generated.
it=130	mon=[5, 3]	energy=-2.741079
# E=    -2.7410793920 E-DV=    -2.2738716946 DV=    -0.4672076974 DDV=    -0.0004467877
pyscript : output ./result_temp/linear_h2_6__3_0/res_dim_linear_h2_6__3_0_2-1_130_0.dat Generated.
it=130	mon=[2, 1]	energy=-2.904754
# E=    -2.9047538556 E-DV=    -2.2740613708 DV=    -0.6306924848 DDV=    -0.0005982268
pyscript : output ./result_temp/linear_h2_6__3_0/res_dim_linear_h2_6__3_0_5-4_130_0.dat Generated.
it=130	mon=[5, 4]	energy=-2.597533
# E=    -2.5975331819 E-DV=    -2.2740363270 DV=    -0.3234968549 DDV=     0.0002798889
##T    ---- Finish to Calc. Dimer SCF ---- : lap time= 6835.679652 ( total etime= 7997.135660 )
       ( # of scf dimer = 15 )
        dE0(SCF dimer) =       0.00035730
##T     ---- Finish to Calc. ES Dimer ---- : lap time=   0.034518 ( total etime= 7997.170717 )
    (# of ES dimer = 0)
    dE0(ES dimer) =       0.00000000
    total energy(FMO) =      -6.82176061
##T  -- All workers have been destroyed -- : lap time=   0.055952 ( total etime= 7997.226708 )
---- ATOMIC POPULATION DATA -----
   SN AN  ATOMIC POP  NET CHARGE
---------------------------------
    1  1       0.997       0.003
    2  1       1.003      -0.003
    3  1       1.002      -0.002
    4  1       0.998       0.002
    5  1       1.007      -0.007
    6  1       0.993       0.007
    7  1       1.023      -0.023
    8  1       0.977       0.023
    9  1       0.975       0.025
   10  1       1.025      -0.025
   11  1       0.996       0.004
   12  1       1.004      -0.004
---------------------------------
total charge =     -0.000
---------------------------------
##T    -- calc AO and atomic population -- : lap time=   0.012165 ( total etime= 7997.238893 )
##T   -- All mservs have been destroyed -- : lap time=   0.000012 ( total etime= 7997.238920 )
