ngroup       = 6
nioprocs     = 1
niogroup     = 1
nmaxprocs    = 10
group size   = 1
# of threads = 24
nintic       = 2048
input file name       = ./samples/linear_H2_6/linear_H2_6_1_5_rhf.inp
prefix of output file = 
local input dir.      = ./
# of total invoked procs = 8 (=1iog*1iop+1+6gr*1pr)
master host name = gwonhaklee-System-Product-Name
-----------------------------------------------------
 # of data = 11
nfrag = 6
##T                  Finish Initialization : lap time=   0.000177 ( total etime=   0.000177 )
****** LIST OF HOST NAME (MSERV(ID=0))******
rank=  0 : gwonhaklee-System-Product-Name
********************************
##T        Finish to Create Memory Servers : lap time=   0.121765 ( total etime=   0.121967 )
****** LIST OF HOST NAME (WORKER(ID=0)) ******
rank=  0 : gwonhaklee-System-Product-Name
********************************
****** LIST OF HOST NAME (WORKER(ID=1)) ******
rank=  0 : gwonhaklee-System-Product-Name
********************************
****** LIST OF HOST NAME (WORKER(ID=2)) ******
rank=  0 : gwonhaklee-System-Product-Name
********************************
****** LIST OF HOST NAME (WORKER(ID=3)) ******
rank=  0 : gwonhaklee-System-Product-Name
********************************
****** LIST OF HOST NAME (WORKER(ID=4)) ******
rank=  0 : gwonhaklee-System-Product-Name
********************************
##T               Finish to Create Workers : lap time=   1.845473 ( total etime=   1.967454 )
****** LIST OF HOST NAME (WORKER(ID=5)) ******
rank=  0 : gwonhaklee-System-Product-Name
********************************
##T     Finish to Connect Mservs & Workers : lap time=   1.211983 ( total etime=   3.179461 )
calc. inter-frag distance list = 3
##T    Finish to Calculate Initial Density : lap time=   0.583986 ( total etime=   4.095427 )
---- start SCC (maxscc=30, sccconv=7) ----
##SCC itera= 1  conv=2  energy =     -10.70577243  energy0 =      -6.69284992  (   1.132000 )
##SCC itera= 2  conv=2  energy =     -10.45701081  energy0 =      -6.69105571  (   0.852106 )
##SCC itera= 3  conv=4  energy =     -10.36971740  energy0 =      -6.69138664  (   0.580105 )
##SCC itera= 4  conv=4  energy =     -10.36375888  energy0 =      -6.69147336  (   0.628215 )
##SCC itera= 5  conv=6  energy =     -10.36521656  energy0 =      -6.69147059  (   0.952063 )
##SCC itera= 6  conv=6  energy =     -10.36548557  energy0 =      -6.69146699  (   0.932060 )
##SCC itera= 7  conv=6  energy =     -10.36545570  energy0 =      -6.69146685  (   0.892165 )
##SCC itera= 8  conv=7  energy =     -10.36544333  energy0 =      -6.69146698  (   0.948132 )
##SCC itera= 9  conv=7  energy =     -10.36544364  energy0 =      -6.69146699  (   0.872071 )
==== SCC converged ====
##T         ---- Finish SCC procedure ---- : lap time=   9.891940 ( total etime=  13.987403 )
# E=    -3.4605805555 E-DV=    -2.2321409021 DV=    -1.2284396533 DDV=     0.0003848215
# E=    -3.1618368840 E-DV=    -2.2282556891 DV=    -0.9335811949 DDV=     0.0005589232
# E=    -3.4270931663 E-DV=    -2.2295105875 DV=    -1.1975825788 DDV=     0.0004184532
# E=    -3.3838450027 E-DV=    -2.2290883711 DV=    -1.1547566316 DDV=     0.0006493195
# E=    -3.0815865736 E-DV=    -2.2180310017 DV=    -0.8635555719 DDV=    -0.0044577428
# E=    -2.9431935929 E-DV=    -2.2319391792 DV=    -0.7112544137 DDV=     0.0002678399
# E=    -3.2150695088 E-DV=    -2.2330142629 DV=    -0.9820552459 DDV=    -0.0000287350
# E=    -3.1953613076 E-DV=    -2.2319248633 DV=    -0.9634364443 DDV=    -0.0003505171
# E=    -3.0276340514 E-DV=    -2.2288419470 DV=    -0.7987921043 DDV=    -0.0029071929
# E=    -2.7657205807 E-DV=    -2.2233909405 DV=    -0.5423296402 DDV=     0.0023234523
# E=    -3.2092927870 E-DV=    -2.2211929143 DV=    -0.9880998727 DDV=    -0.0066115602
# E=    -3.2178694645 E-DV=    -2.2200065090 DV=    -0.9978629555 DDV=    -0.0059135244
# E=    -3.2338198211 E-DV=    -2.2310083065 DV=    -1.0028115146 DDV=     0.0007665786
# E=    -3.1800814995 E-DV=    -2.2327082056 DV=    -0.9473732939 DDV=     0.0012017331
# E=    -2.8265826119 E-DV=    -2.2225245548 DV=    -0.6040580572 DDV=    -0.0053892159
##T    ---- Finish to Calc. Dimer SCF ---- : lap time=   1.323990 ( total etime=  15.311419 )
       ( # of scf dimer = 15 )
        dE0(SCF dimer) =       0.02466937
##T     ---- Finish to Calc. ES Dimer ---- : lap time=   0.019959 ( total etime=  15.331403 )
    (# of ES dimer = 0)
    dE0(ES dimer) =       0.00000000
    total energy(FMO) =      -6.66679763
##T  -- All workers have been destroyed -- : lap time=   0.059997 ( total etime=  15.391414 )
---- ATOMIC POPULATION DATA -----
   SN AN  ATOMIC POP  NET CHARGE
---------------------------------
    1  1       0.996       0.004
    2  1       0.999       0.001
    3  1       1.005      -0.005
    4  1       1.003      -0.003
    5  1       1.019      -0.019
    6  1       0.984       0.016
    7  1       1.053      -0.053
    8  1       0.951       0.049
    9  1       0.929       0.071
   10  1       1.066      -0.066
   11  1       0.986       0.014
   12  1       1.010      -0.010
---------------------------------
total charge =     -0.000
---------------------------------
##T    -- calc AO and atomic population -- : lap time=   0.008152 ( total etime=  15.399580 )
##T   -- All mservs have been destroyed -- : lap time=   0.000014 ( total etime=  15.399600 )
