Will Run VQE
ngroup       = 6
nioprocs     = 1
niogroup     = 1
nmaxprocs    = 8
group size   = 1
# of threads = 48
nintic       = 2048
input file name       = ./samples/linear_H2_6/linear_H2_6_2_0.inp
prefix of output file = 
local input dir.      = ./
# of total invoked procs = 8 (=1iog*1iop+1+6gr*1pr)
master host name = gwonhaklee-System-Product-Name
-----------------------------------------------------
 # of data = 11
nfrag = 6
##T                  Finish Initialization : lap time=   0.000230 ( total etime=   0.000230 )
****** LIST OF HOST NAME (MSERV(ID=0))******
rank=  0 : gwonhaklee-System-Product-Name
********************************
##T        Finish to Create Memory Servers : lap time=   0.183386 ( total etime=   0.183629 )
****** LIST OF HOST NAME (WORKER(ID=0)) ******
rank=  0 : gwonhaklee-System-Product-Name
********************************
****** LIST OF HOST NAME (WORKER(ID=1)) ******
rank=  0 : gwonhaklee-System-Product-Name
********************************
****** LIST OF HOST NAME (WORKER(ID=2)) ******
rank=  0 : gwonhaklee-System-Product-Name
********************************
****** LIST OF HOST NAME (WORKER(ID=3)) ******
rank=  0 : gwonhaklee-System-Product-Name
********************************
****** LIST OF HOST NAME (WORKER(ID=4)) ******
rank=  0 : gwonhaklee-System-Product-Name
********************************
##T               Finish to Create Workers : lap time=   1.292029 ( total etime=   1.475671 )
****** LIST OF HOST NAME (WORKER(ID=5)) ******
rank=  0 : gwonhaklee-System-Product-Name
********************************
##T     Finish to Connect Mservs & Workers : lap time=   0.995889 ( total etime=   2.471576 )
calc. inter-frag distance list = 3
##T    Finish to Calculate Initial Density : lap time=   0.704006 ( total etime=   3.475552 )
---- start SCC (maxscc=30, sccconv=7) ----
./integ_temp/linear_h2_6__2_0/int_mono_linear_h2_6__2_0_2_1_0.dat -> 7 eris
./integ_temp/linear_h2_6__2_0/int_mono_linear_h2_6__2_0_0_1_0.dat -> 7 eris
./integ_temp/linear_h2_6__2_0/int_mono_linear_h2_6__2_0_1_1_0.dat -> 7 eris
./integ_temp/linear_h2_6__2_0/int_mono_linear_h2_6__2_0_5_1_0.dat -> 7 eris
./integ_temp/linear_h2_6__2_0/int_mono_linear_h2_6__2_0_4_1_0.dat -> 7 eris
./integ_temp/linear_h2_6__2_0/int_mono_linear_h2_6__2_0_3_1_0.dat -> 7 eris
pyscript : VQE for ./integ_temp/linear_h2_6__2_0/int_mono_linear_h2_6__2_0_4_1_0.dat spawned.
pyscript : VQE for ./integ_temp/linear_h2_6__2_0/int_mono_linear_h2_6__2_0_3_1_0.dat spawned.
pyscript : VQE for ./integ_temp/linear_h2_6__2_0/int_mono_linear_h2_6__2_0_0_1_0.dat spawned.
pyscript : VQE for ./integ_temp/linear_h2_6__2_0/int_mono_linear_h2_6__2_0_1_1_0.dat spawned.
pyscript : VQE for ./integ_temp/linear_h2_6__2_0/int_mono_linear_h2_6__2_0_2_1_0.dat spawned.
pyscript : VQE for ./integ_temp/linear_h2_6__2_0/int_mono_linear_h2_6__2_0_5_1_0.dat spawned.
pyscript : output ./result_temp/linear_h2_6__2_0/res_mono_linear_h2_6__2_0_3_1_0.dat Generated.
pyscript : output ./result_temp/linear_h2_6__2_0/res_mono_linear_h2_6__2_0_0_1_0.dat Generated.
pyscript : output ./result_temp/linear_h2_6__2_0/res_mono_linear_h2_6__2_0_4_1_0.dat Generated.
pyscript : output ./result_temp/linear_h2_6__2_0/res_mono_linear_h2_6__2_0_5_1_0.dat Generated.
it=1	mon=[3]	energy=-1.784696
it=1	mon=[4]	energy=-1.649470
it=1	mon=[0]	energy=-1.558431
pyscript : output ./result_temp/linear_h2_6__2_0/res_mono_linear_h2_6__2_0_1_1_0.dat Generated.
pyscript : output ./result_temp/linear_h2_6__2_0/res_mono_linear_h2_6__2_0_2_1_0.dat Generated.
it=1	mon=[5]	energy=-1.434578
it=1	mon=[1]	energy=-1.762782
it=1	mon=[2]	energy=-1.810384
##SCC itera= 1  conv=2  energy =     -10.00034158  energy0 =      -6.81919006  (  81.923963 )
./integ_temp/linear_h2_6__2_0/int_mono_linear_h2_6__2_0_0_2_0.dat -> 7 eris
./integ_temp/linear_h2_6__2_0/int_mono_linear_h2_6__2_0_2_2_0.dat -> 7 eris
./integ_temp/linear_h2_6__2_0/int_mono_linear_h2_6__2_0_5_2_0.dat -> 7 eris
./integ_temp/linear_h2_6__2_0/int_mono_linear_h2_6__2_0_4_2_0.dat -> 7 eris
./integ_temp/linear_h2_6__2_0/int_mono_linear_h2_6__2_0_3_2_0.dat -> 7 eris
./integ_temp/linear_h2_6__2_0/int_mono_linear_h2_6__2_0_1_2_0.dat -> 7 eris
pyscript : VQE for ./integ_temp/linear_h2_6__2_0/int_mono_linear_h2_6__2_0_5_2_0.dat spawned.
pyscript : VQE for ./integ_temp/linear_h2_6__2_0/int_mono_linear_h2_6__2_0_0_2_0.dat spawned.
pyscript : VQE for ./integ_temp/linear_h2_6__2_0/int_mono_linear_h2_6__2_0_1_2_0.dat spawned.
pyscript : VQE for ./integ_temp/linear_h2_6__2_0/int_mono_linear_h2_6__2_0_3_2_0.dat spawned.
pyscript : VQE for ./integ_temp/linear_h2_6__2_0/int_mono_linear_h2_6__2_0_2_2_0.dat spawned.
pyscript : VQE for ./integ_temp/linear_h2_6__2_0/int_mono_linear_h2_6__2_0_4_2_0.dat spawned.
pyscript : output ./result_temp/linear_h2_6__2_0/res_mono_linear_h2_6__2_0_0_2_0.dat Generated.
pyscript : output ./result_temp/linear_h2_6__2_0/res_mono_linear_h2_6__2_0_3_2_0.dat Generated.
pyscript : output ./result_temp/linear_h2_6__2_0/res_mono_linear_h2_6__2_0_5_2_0.dat Generated.
pyscript : output ./result_temp/linear_h2_6__2_0/res_mono_linear_h2_6__2_0_4_2_0.dat Generated.
pyscript : output ./result_temp/linear_h2_6__2_0/res_mono_linear_h2_6__2_0_1_2_0.dat Generated.
it=2	mon=[0]	energy=-1.556630
it=2	mon=[3]	energy=-1.777551
pyscript : output ./result_temp/linear_h2_6__2_0/res_mono_linear_h2_6__2_0_2_2_0.dat Generated.
it=2	mon=[5]	energy=-1.450432
it=2	mon=[1]	energy=-1.780146
it=2	mon=[4]	energy=-1.656960
it=2	mon=[2]	energy=-1.815368
##SCC itera= 2  conv=2  energy =     -10.03708687  energy0 =      -6.81850199  (  76.364290 )
./integ_temp/linear_h2_6__2_0/int_mono_linear_h2_6__2_0_1_3_0.dat -> 7 eris
./integ_temp/linear_h2_6__2_0/int_mono_linear_h2_6__2_0_3_3_0.dat -> 7 eris
./integ_temp/linear_h2_6__2_0/int_mono_linear_h2_6__2_0_5_3_0.dat -> 7 eris
./integ_temp/linear_h2_6__2_0/int_mono_linear_h2_6__2_0_2_3_0.dat -> 7 eris
./integ_temp/linear_h2_6__2_0/int_mono_linear_h2_6__2_0_0_3_0.dat -> 7 eris
./integ_temp/linear_h2_6__2_0/int_mono_linear_h2_6__2_0_4_3_0.dat -> 7 eris
pyscript : VQE for ./integ_temp/linear_h2_6__2_0/int_mono_linear_h2_6__2_0_3_3_0.dat spawned.
pyscript : VQE for ./integ_temp/linear_h2_6__2_0/int_mono_linear_h2_6__2_0_0_3_0.dat spawned.
pyscript : VQE for ./integ_temp/linear_h2_6__2_0/int_mono_linear_h2_6__2_0_4_3_0.dat spawned.
pyscript : VQE for ./integ_temp/linear_h2_6__2_0/int_mono_linear_h2_6__2_0_1_3_0.dat spawned.
pyscript : VQE for ./integ_temp/linear_h2_6__2_0/int_mono_linear_h2_6__2_0_5_3_0.dat spawned.
pyscript : VQE for ./integ_temp/linear_h2_6__2_0/int_mono_linear_h2_6__2_0_2_3_0.dat spawned.
pyscript : output ./result_temp/linear_h2_6__2_0/res_mono_linear_h2_6__2_0_1_3_0.dat Generated.
it=3	mon=[1]	energy=-1.774624
pyscript : output ./result_temp/linear_h2_6__2_0/res_mono_linear_h2_6__2_0_4_3_0.dat Generated.
pyscript : output ./result_temp/linear_h2_6__2_0/res_mono_linear_h2_6__2_0_3_3_0.dat Generated.
pyscript : output ./result_temp/linear_h2_6__2_0/res_mono_linear_h2_6__2_0_0_3_0.dat Generated.
pyscript : output ./result_temp/linear_h2_6__2_0/res_mono_linear_h2_6__2_0_2_3_0.dat Generated.
it=3	mon=[3]	energy=-1.772092
it=3	mon=[4]	energy=-1.651285
it=3	mon=[0]	energy=-1.549640
it=3	mon=[2]	energy=-1.807939
pyscript : output ./result_temp/linear_h2_6__2_0/res_mono_linear_h2_6__2_0_5_3_0.dat Generated.
it=3	mon=[5]	energy=-1.447599
##SCC itera= 3  conv=4  energy =     -10.00317875  energy0 =      -6.81853658  (  79.115937 )
./integ_temp/linear_h2_6__2_0/int_mono_linear_h2_6__2_0_3_4_0.dat -> 7 eris
./integ_temp/linear_h2_6__2_0/int_mono_linear_h2_6__2_0_5_4_0.dat -> 7 eris
./integ_temp/linear_h2_6__2_0/int_mono_linear_h2_6__2_0_0_4_0.dat -> 7 eris
./integ_temp/linear_h2_6__2_0/int_mono_linear_h2_6__2_0_2_4_0.dat -> 7 eris
./integ_temp/linear_h2_6__2_0/int_mono_linear_h2_6__2_0_4_4_0.dat -> 7 eris
./integ_temp/linear_h2_6__2_0/int_mono_linear_h2_6__2_0_1_4_0.dat -> 7 eris
pyscript : VQE for ./integ_temp/linear_h2_6__2_0/int_mono_linear_h2_6__2_0_4_4_0.dat spawned.
pyscript : VQE for ./integ_temp/linear_h2_6__2_0/int_mono_linear_h2_6__2_0_3_4_0.dat spawned.
pyscript : VQE for ./integ_temp/linear_h2_6__2_0/int_mono_linear_h2_6__2_0_1_4_0.dat spawned.
pyscript : VQE for ./integ_temp/linear_h2_6__2_0/int_mono_linear_h2_6__2_0_0_4_0.dat spawned.
pyscript : VQE for ./integ_temp/linear_h2_6__2_0/int_mono_linear_h2_6__2_0_2_4_0.dat spawned.
pyscript : VQE for ./integ_temp/linear_h2_6__2_0/int_mono_linear_h2_6__2_0_5_4_0.dat spawned.
pyscript : output ./result_temp/linear_h2_6__2_0/res_mono_linear_h2_6__2_0_5_4_0.dat Generated.
it=4	mon=[5]	energy=-1.447319
pyscript : output ./result_temp/linear_h2_6__2_0/res_mono_linear_h2_6__2_0_4_4_0.dat Generated.
pyscript : output ./result_temp/linear_h2_6__2_0/res_mono_linear_h2_6__2_0_0_4_0.dat Generated.
pyscript : output ./result_temp/linear_h2_6__2_0/res_mono_linear_h2_6__2_0_3_4_0.dat Generated.
pyscript : output ./result_temp/linear_h2_6__2_0/res_mono_linear_h2_6__2_0_2_4_0.dat Generated.
it=4	mon=[4]	energy=-1.650955
it=4	mon=[0]	energy=-1.549025
pyscript : output ./result_temp/linear_h2_6__2_0/res_mono_linear_h2_6__2_0_1_4_0.dat Generated.
it=4	mon=[3]	energy=-1.771644
it=4	mon=[2]	energy=-1.807424
it=4	mon=[1]	energy=-1.774004
##SCC itera= 4  conv=6  energy =     -10.00037153  energy0 =      -6.81852369  (  75.419951 )
./integ_temp/linear_h2_6__2_0/int_mono_linear_h2_6__2_0_3_5_0.dat -> 7 eris
./integ_temp/linear_h2_6__2_0/int_mono_linear_h2_6__2_0_1_5_0.dat -> 7 eris
./integ_temp/linear_h2_6__2_0/int_mono_linear_h2_6__2_0_2_5_0.dat -> 7 eris
./integ_temp/linear_h2_6__2_0/int_mono_linear_h2_6__2_0_5_5_0.dat -> 7 eris
./integ_temp/linear_h2_6__2_0/int_mono_linear_h2_6__2_0_4_5_0.dat -> 7 eris
./integ_temp/linear_h2_6__2_0/int_mono_linear_h2_6__2_0_0_5_0.dat -> 7 eris
pyscript : VQE for ./integ_temp/linear_h2_6__2_0/int_mono_linear_h2_6__2_0_3_5_0.dat spawned.
pyscript : VQE for ./integ_temp/linear_h2_6__2_0/int_mono_linear_h2_6__2_0_4_5_0.dat spawned.
pyscript : VQE for ./integ_temp/linear_h2_6__2_0/int_mono_linear_h2_6__2_0_5_5_0.dat spawned.
pyscript : VQE for ./integ_temp/linear_h2_6__2_0/int_mono_linear_h2_6__2_0_0_5_0.dat spawned.
pyscript : VQE for ./integ_temp/linear_h2_6__2_0/int_mono_linear_h2_6__2_0_2_5_0.dat spawned.
pyscript : VQE for ./integ_temp/linear_h2_6__2_0/int_mono_linear_h2_6__2_0_1_5_0.dat spawned.
pyscript : output ./result_temp/linear_h2_6__2_0/res_mono_linear_h2_6__2_0_4_5_0.dat Generated.
pyscript : output ./result_temp/linear_h2_6__2_0/res_mono_linear_h2_6__2_0_5_5_0.dat Generated.
pyscript : output ./result_temp/linear_h2_6__2_0/res_mono_linear_h2_6__2_0_2_5_0.dat Generated.
pyscript : output ./result_temp/linear_h2_6__2_0/res_mono_linear_h2_6__2_0_3_5_0.dat Generated.
pyscript : output ./result_temp/linear_h2_6__2_0/res_mono_linear_h2_6__2_0_1_5_0.dat Generated.
it=5	mon=[4]	energy=-1.651015
pyscript : output ./result_temp/linear_h2_6__2_0/res_mono_linear_h2_6__2_0_0_5_0.dat Generated.
it=5	mon=[2]	energy=-1.807531
it=5	mon=[5]	energy=-1.447309
it=5	mon=[3]	energy=-1.771797
it=5	mon=[1]	energy=-1.774056
it=5	mon=[0]	energy=-1.549103
##SCC itera= 5  conv=6  energy =     -10.00081076  energy0 =      -6.81856382  (  75.355973 )
./integ_temp/linear_h2_6__2_0/int_mono_linear_h2_6__2_0_4_6_0.dat -> 7 eris
./integ_temp/linear_h2_6__2_0/int_mono_linear_h2_6__2_0_3_6_0.dat -> 7 eris
./integ_temp/linear_h2_6__2_0/int_mono_linear_h2_6__2_0_0_6_0.dat -> 7 eris
./integ_temp/linear_h2_6__2_0/int_mono_linear_h2_6__2_0_1_6_0.dat -> 7 eris
./integ_temp/linear_h2_6__2_0/int_mono_linear_h2_6__2_0_2_6_0.dat -> 7 eris
./integ_temp/linear_h2_6__2_0/int_mono_linear_h2_6__2_0_5_6_0.dat -> 7 eris
pyscript : VQE for ./integ_temp/linear_h2_6__2_0/int_mono_linear_h2_6__2_0_4_6_0.dat spawned.
pyscript : VQE for ./integ_temp/linear_h2_6__2_0/int_mono_linear_h2_6__2_0_2_6_0.dat spawned.
pyscript : VQE for ./integ_temp/linear_h2_6__2_0/int_mono_linear_h2_6__2_0_5_6_0.dat spawned.
pyscript : VQE for ./integ_temp/linear_h2_6__2_0/int_mono_linear_h2_6__2_0_0_6_0.dat spawned.
pyscript : VQE for ./integ_temp/linear_h2_6__2_0/int_mono_linear_h2_6__2_0_1_6_0.dat spawned.
pyscript : VQE for ./integ_temp/linear_h2_6__2_0/int_mono_linear_h2_6__2_0_3_6_0.dat spawned.
pyscript : output ./result_temp/linear_h2_6__2_0/res_mono_linear_h2_6__2_0_4_6_0.dat Generated.
pyscript : output ./result_temp/linear_h2_6__2_0/res_mono_linear_h2_6__2_0_3_6_0.dat Generated.
pyscript : output ./result_temp/linear_h2_6__2_0/res_mono_linear_h2_6__2_0_5_6_0.dat Generated.
pyscript : output ./result_temp/linear_h2_6__2_0/res_mono_linear_h2_6__2_0_1_6_0.dat Generated.
it=6	mon=[4]	energy=-1.651003
pyscript : output ./result_temp/linear_h2_6__2_0/res_mono_linear_h2_6__2_0_0_6_0.dat Generated.
it=6	mon=[3]	energy=-1.771755
it=6	mon=[5]	energy=-1.447299
it=6	mon=[1]	energy=-1.774018
it=6	mon=[0]	energy=-1.549067
pyscript : output ./result_temp/linear_h2_6__2_0/res_mono_linear_h2_6__2_0_2_6_0.dat Generated.
it=6	mon=[2]	energy=-1.807530
##SCC itera= 6  conv=6  energy =     -10.00067213  energy0 =      -6.81856300  (  86.520023 )
./integ_temp/linear_h2_6__2_0/int_mono_linear_h2_6__2_0_1_7_0.dat -> 7 eris
./integ_temp/linear_h2_6__2_0/int_mono_linear_h2_6__2_0_5_7_0.dat -> 7 eris
./integ_temp/linear_h2_6__2_0/int_mono_linear_h2_6__2_0_0_7_0.dat -> 7 eris
./integ_temp/linear_h2_6__2_0/int_mono_linear_h2_6__2_0_2_7_0.dat -> 7 eris
./integ_temp/linear_h2_6__2_0/int_mono_linear_h2_6__2_0_3_7_0.dat -> 7 eris
./integ_temp/linear_h2_6__2_0/int_mono_linear_h2_6__2_0_4_7_0.dat -> 7 eris
pyscript : VQE for ./integ_temp/linear_h2_6__2_0/int_mono_linear_h2_6__2_0_1_7_0.dat spawned.
pyscript : VQE for ./integ_temp/linear_h2_6__2_0/int_mono_linear_h2_6__2_0_4_7_0.dat spawned.
pyscript : VQE for ./integ_temp/linear_h2_6__2_0/int_mono_linear_h2_6__2_0_5_7_0.dat spawned.
pyscript : VQE for ./integ_temp/linear_h2_6__2_0/int_mono_linear_h2_6__2_0_3_7_0.dat spawned.
pyscript : VQE for ./integ_temp/linear_h2_6__2_0/int_mono_linear_h2_6__2_0_2_7_0.dat spawned.
pyscript : VQE for ./integ_temp/linear_h2_6__2_0/int_mono_linear_h2_6__2_0_0_7_0.dat spawned.
pyscript : output ./result_temp/linear_h2_6__2_0/res_mono_linear_h2_6__2_0_3_7_0.dat Generated.
it=7	mon=[3]	energy=-1.771804
pyscript : output ./result_temp/linear_h2_6__2_0/res_mono_linear_h2_6__2_0_4_7_0.dat Generated.
pyscript : output ./result_temp/linear_h2_6__2_0/res_mono_linear_h2_6__2_0_0_7_0.dat Generated.
pyscript : output ./result_temp/linear_h2_6__2_0/res_mono_linear_h2_6__2_0_1_7_0.dat Generated.
pyscript : output ./result_temp/linear_h2_6__2_0/res_mono_linear_h2_6__2_0_5_7_0.dat Generated.
it=7	mon=[4]	energy=-1.651035
it=7	mon=[0]	energy=-1.549123
it=7	mon=[1]	energy=-1.774076
it=7	mon=[5]	energy=-1.447321
pyscript : output ./result_temp/linear_h2_6__2_0/res_mono_linear_h2_6__2_0_2_7_0.dat Generated.
it=7	mon=[2]	energy=-1.807552
##SCC itera= 7  conv=7  energy =     -10.00091141  energy0 =      -6.81844299  (  82.427389 )
./integ_temp/linear_h2_6__2_0/int_mono_linear_h2_6__2_0_5_8_0.dat -> 7 eris
./integ_temp/linear_h2_6__2_0/int_mono_linear_h2_6__2_0_4_8_0.dat -> 7 eris
./integ_temp/linear_h2_6__2_0/int_mono_linear_h2_6__2_0_0_8_0.dat -> 7 eris
./integ_temp/linear_h2_6__2_0/int_mono_linear_h2_6__2_0_1_8_0.dat -> 7 eris
./integ_temp/linear_h2_6__2_0/int_mono_linear_h2_6__2_0_2_8_0.dat -> 7 eris
./integ_temp/linear_h2_6__2_0/int_mono_linear_h2_6__2_0_3_8_0.dat -> 7 eris
pyscript : VQE for ./integ_temp/linear_h2_6__2_0/int_mono_linear_h2_6__2_0_5_8_0.dat spawned.
pyscript : VQE for ./integ_temp/linear_h2_6__2_0/int_mono_linear_h2_6__2_0_4_8_0.dat spawned.
pyscript : VQE for ./integ_temp/linear_h2_6__2_0/int_mono_linear_h2_6__2_0_3_8_0.dat spawned.
pyscript : VQE for ./integ_temp/linear_h2_6__2_0/int_mono_linear_h2_6__2_0_2_8_0.dat spawned.
pyscript : VQE for ./integ_temp/linear_h2_6__2_0/int_mono_linear_h2_6__2_0_1_8_0.dat spawned.
pyscript : VQE for ./integ_temp/linear_h2_6__2_0/int_mono_linear_h2_6__2_0_0_8_0.dat spawned.
pyscript : output ./result_temp/linear_h2_6__2_0/res_mono_linear_h2_6__2_0_0_8_0.dat Generated.
pyscript : output ./result_temp/linear_h2_6__2_0/res_mono_linear_h2_6__2_0_3_8_0.dat Generated.
it=8	mon=[0]	energy=-1.549120
it=8	mon=[3]	energy=-1.771806
pyscript : output ./result_temp/linear_h2_6__2_0/res_mono_linear_h2_6__2_0_4_8_0.dat Generated.
pyscript : output ./result_temp/linear_h2_6__2_0/res_mono_linear_h2_6__2_0_5_8_0.dat Generated.
it=8	mon=[4]	energy=-1.651027
pyscript : output ./result_temp/linear_h2_6__2_0/res_mono_linear_h2_6__2_0_1_8_0.dat Generated.
pyscript : output ./result_temp/linear_h2_6__2_0/res_mono_linear_h2_6__2_0_2_8_0.dat Generated.
it=8	mon=[5]	energy=-1.447319
it=8	mon=[1]	energy=-1.774072
it=8	mon=[2]	energy=-1.807548
##SCC itera= 8  conv=7  energy =     -10.00089249  energy0 =      -6.81831075  (  79.620266 )
./integ_temp/linear_h2_6__2_0/int_mono_linear_h2_6__2_0_4_9_0.dat -> 7 eris
./integ_temp/linear_h2_6__2_0/int_mono_linear_h2_6__2_0_2_9_0.dat -> 7 eris
./integ_temp/linear_h2_6__2_0/int_mono_linear_h2_6__2_0_3_9_0.dat -> 7 eris
./integ_temp/linear_h2_6__2_0/int_mono_linear_h2_6__2_0_5_9_0.dat -> 7 eris
./integ_temp/linear_h2_6__2_0/int_mono_linear_h2_6__2_0_0_9_0.dat -> 7 eris
./integ_temp/linear_h2_6__2_0/int_mono_linear_h2_6__2_0_1_9_0.dat -> 7 eris
pyscript : VQE for ./integ_temp/linear_h2_6__2_0/int_mono_linear_h2_6__2_0_5_9_0.dat spawned.
pyscript : VQE for ./integ_temp/linear_h2_6__2_0/int_mono_linear_h2_6__2_0_2_9_0.dat spawned.
pyscript : VQE for ./integ_temp/linear_h2_6__2_0/int_mono_linear_h2_6__2_0_0_9_0.dat spawned.
pyscript : VQE for ./integ_temp/linear_h2_6__2_0/int_mono_linear_h2_6__2_0_1_9_0.dat spawned.
pyscript : VQE for ./integ_temp/linear_h2_6__2_0/int_mono_linear_h2_6__2_0_3_9_0.dat spawned.
pyscript : VQE for ./integ_temp/linear_h2_6__2_0/int_mono_linear_h2_6__2_0_4_9_0.dat spawned.
pyscript : output ./result_temp/linear_h2_6__2_0/res_mono_linear_h2_6__2_0_0_9_0.dat Generated.
pyscript : output ./result_temp/linear_h2_6__2_0/res_mono_linear_h2_6__2_0_3_9_0.dat Generated.
it=9	mon=[3]	energy=-1.771802
it=9	mon=[0]	energy=-1.549120
pyscript : output ./result_temp/linear_h2_6__2_0/res_mono_linear_h2_6__2_0_4_9_0.dat Generated.
pyscript : output ./result_temp/linear_h2_6__2_0/res_mono_linear_h2_6__2_0_5_9_0.dat Generated.
pyscript : output ./result_temp/linear_h2_6__2_0/res_mono_linear_h2_6__2_0_2_9_0.dat Generated.
pyscript : output ./result_temp/linear_h2_6__2_0/res_mono_linear_h2_6__2_0_1_9_0.dat Generated.
it=9	mon=[4]	energy=-1.651025
it=9	mon=[5]	energy=-1.447317
it=9	mon=[2]	energy=-1.807544
it=9	mon=[1]	energy=-1.774064
##SCC itera= 9  conv=7  energy =     -10.00087256  energy0 =      -6.81830686  (  76.092366 )
./integ_temp/linear_h2_6__2_0/int_mono_linear_h2_6__2_0_2_10_0.dat -> 7 eris
./integ_temp/linear_h2_6__2_0/int_mono_linear_h2_6__2_0_3_10_0.dat -> 7 eris
./integ_temp/linear_h2_6__2_0/int_mono_linear_h2_6__2_0_0_10_0.dat -> 7 eris
./integ_temp/linear_h2_6__2_0/int_mono_linear_h2_6__2_0_4_10_0.dat -> 7 eris
./integ_temp/linear_h2_6__2_0/int_mono_linear_h2_6__2_0_1_10_0.dat -> 7 eris
./integ_temp/linear_h2_6__2_0/int_mono_linear_h2_6__2_0_5_10_0.dat -> 7 eris
pyscript : VQE for ./integ_temp/linear_h2_6__2_0/int_mono_linear_h2_6__2_0_5_10_0.dat spawned.
pyscript : VQE for ./integ_temp/linear_h2_6__2_0/int_mono_linear_h2_6__2_0_2_10_0.dat spawned.
pyscript : VQE for ./integ_temp/linear_h2_6__2_0/int_mono_linear_h2_6__2_0_3_10_0.dat spawned.
pyscript : VQE for ./integ_temp/linear_h2_6__2_0/int_mono_linear_h2_6__2_0_4_10_0.dat spawned.
pyscript : VQE for ./integ_temp/linear_h2_6__2_0/int_mono_linear_h2_6__2_0_0_10_0.dat spawned.
pyscript : VQE for ./integ_temp/linear_h2_6__2_0/int_mono_linear_h2_6__2_0_1_10_0.dat spawned.
pyscript : output ./result_temp/linear_h2_6__2_0/res_mono_linear_h2_6__2_0_0_10_0.dat Generated.
pyscript : output ./result_temp/linear_h2_6__2_0/res_mono_linear_h2_6__2_0_3_10_0.dat Generated.
it=10	mon=[0]	energy=-1.549120
it=10	mon=[3]	energy=-1.771804
pyscript : output ./result_temp/linear_h2_6__2_0/res_mono_linear_h2_6__2_0_2_10_0.dat Generated.
pyscript : output ./result_temp/linear_h2_6__2_0/res_mono_linear_h2_6__2_0_4_10_0.dat Generated.
pyscript : output ./result_temp/linear_h2_6__2_0/res_mono_linear_h2_6__2_0_5_10_0.dat Generated.
it=10	mon=[2]	energy=-1.807546
pyscript : output ./result_temp/linear_h2_6__2_0/res_mono_linear_h2_6__2_0_1_10_0.dat Generated.
it=10	mon=[4]	energy=-1.651025
it=10	mon=[5]	energy=-1.447317
it=10	mon=[1]	energy=-1.774064
##SCC itera=10  conv=7  energy =     -10.00087667  energy0 =      -6.81831702  (  77.472015 )
./integ_temp/linear_h2_6__2_0/int_mono_linear_h2_6__2_0_4_11_0.dat -> 7 eris
./integ_temp/linear_h2_6__2_0/int_mono_linear_h2_6__2_0_2_11_0.dat -> 7 eris
./integ_temp/linear_h2_6__2_0/int_mono_linear_h2_6__2_0_5_11_0.dat -> 7 eris
./integ_temp/linear_h2_6__2_0/int_mono_linear_h2_6__2_0_1_11_0.dat -> 7 eris
./integ_temp/linear_h2_6__2_0/int_mono_linear_h2_6__2_0_3_11_0.dat -> 7 eris
./integ_temp/linear_h2_6__2_0/int_mono_linear_h2_6__2_0_0_11_0.dat -> 7 eris
pyscript : VQE for ./integ_temp/linear_h2_6__2_0/int_mono_linear_h2_6__2_0_5_11_0.dat spawned.
pyscript : VQE for ./integ_temp/linear_h2_6__2_0/int_mono_linear_h2_6__2_0_2_11_0.dat spawned.
pyscript : VQE for ./integ_temp/linear_h2_6__2_0/int_mono_linear_h2_6__2_0_1_11_0.dat spawned.
pyscript : VQE for ./integ_temp/linear_h2_6__2_0/int_mono_linear_h2_6__2_0_4_11_0.dat spawned.
pyscript : VQE for ./integ_temp/linear_h2_6__2_0/int_mono_linear_h2_6__2_0_3_11_0.dat spawned.
pyscript : VQE for ./integ_temp/linear_h2_6__2_0/int_mono_linear_h2_6__2_0_0_11_0.dat spawned.
pyscript : output ./result_temp/linear_h2_6__2_0/res_mono_linear_h2_6__2_0_0_11_0.dat Generated.
pyscript : output ./result_temp/linear_h2_6__2_0/res_mono_linear_h2_6__2_0_3_11_0.dat Generated.
it=11	mon=[0]	energy=-1.549122
it=11	mon=[3]	energy=-1.771806
pyscript : output ./result_temp/linear_h2_6__2_0/res_mono_linear_h2_6__2_0_1_11_0.dat Generated.
pyscript : output ./result_temp/linear_h2_6__2_0/res_mono_linear_h2_6__2_0_4_11_0.dat Generated.
pyscript : output ./result_temp/linear_h2_6__2_0/res_mono_linear_h2_6__2_0_5_11_0.dat Generated.
it=11	mon=[1]	energy=-1.774068
it=11	mon=[5]	energy=-1.447317
it=11	mon=[4]	energy=-1.651027
pyscript : output ./result_temp/linear_h2_6__2_0/res_mono_linear_h2_6__2_0_2_11_0.dat Generated.
it=11	mon=[2]	energy=-1.807546
##SCC itera=11  conv=7  energy =     -10.00088661  energy0 =      -6.81830888  (  81.188842 )
./integ_temp/linear_h2_6__2_0/int_mono_linear_h2_6__2_0_4_12_0.dat -> 7 eris
./integ_temp/linear_h2_6__2_0/int_mono_linear_h2_6__2_0_2_12_0.dat -> 7 eris
./integ_temp/linear_h2_6__2_0/int_mono_linear_h2_6__2_0_1_12_0.dat -> 7 eris
./integ_temp/linear_h2_6__2_0/int_mono_linear_h2_6__2_0_3_12_0.dat -> 7 eris
./integ_temp/linear_h2_6__2_0/int_mono_linear_h2_6__2_0_5_12_0.dat -> 7 eris
./integ_temp/linear_h2_6__2_0/int_mono_linear_h2_6__2_0_0_12_0.dat -> 7 eris
pyscript : VQE for ./integ_temp/linear_h2_6__2_0/int_mono_linear_h2_6__2_0_2_12_0.dat spawned.
pyscript : VQE for ./integ_temp/linear_h2_6__2_0/int_mono_linear_h2_6__2_0_4_12_0.dat spawned.
pyscript : VQE for ./integ_temp/linear_h2_6__2_0/int_mono_linear_h2_6__2_0_5_12_0.dat spawned.
pyscript : VQE for ./integ_temp/linear_h2_6__2_0/int_mono_linear_h2_6__2_0_0_12_0.dat spawned.
pyscript : VQE for ./integ_temp/linear_h2_6__2_0/int_mono_linear_h2_6__2_0_3_12_0.dat spawned.
pyscript : VQE for ./integ_temp/linear_h2_6__2_0/int_mono_linear_h2_6__2_0_1_12_0.dat spawned.
pyscript : output ./result_temp/linear_h2_6__2_0/res_mono_linear_h2_6__2_0_0_12_0.dat Generated.
pyscript : output ./result_temp/linear_h2_6__2_0/res_mono_linear_h2_6__2_0_3_12_0.dat Generated.
it=12	mon=[0]	energy=-1.549120
it=12	mon=[3]	energy=-1.771804
pyscript : output ./result_temp/linear_h2_6__2_0/res_mono_linear_h2_6__2_0_4_12_0.dat Generated.
pyscript : output ./result_temp/linear_h2_6__2_0/res_mono_linear_h2_6__2_0_5_12_0.dat Generated.
it=12	mon=[4]	energy=-1.651025
pyscript : output ./result_temp/linear_h2_6__2_0/res_mono_linear_h2_6__2_0_2_12_0.dat Generated.
it=12	mon=[5]	energy=-1.447317
it=12	mon=[2]	energy=-1.807546
pyscript : output ./result_temp/linear_h2_6__2_0/res_mono_linear_h2_6__2_0_1_12_0.dat Generated.
it=12	mon=[1]	energy=-1.774064
##SCC itera=12  conv=7  energy =     -10.00087659  energy0 =      -6.81831084  (  81.651975 )
./integ_temp/linear_h2_6__2_0/int_mono_linear_h2_6__2_0_2_13_0.dat -> 7 eris
./integ_temp/linear_h2_6__2_0/int_mono_linear_h2_6__2_0_1_13_0.dat -> 7 eris
./integ_temp/linear_h2_6__2_0/int_mono_linear_h2_6__2_0_4_13_0.dat -> 7 eris
./integ_temp/linear_h2_6__2_0/int_mono_linear_h2_6__2_0_3_13_0.dat -> 7 eris
./integ_temp/linear_h2_6__2_0/int_mono_linear_h2_6__2_0_5_13_0.dat -> 7 eris
./integ_temp/linear_h2_6__2_0/int_mono_linear_h2_6__2_0_0_13_0.dat -> 7 eris
pyscript : VQE for ./integ_temp/linear_h2_6__2_0/int_mono_linear_h2_6__2_0_1_13_0.dat spawned.
pyscript : VQE for ./integ_temp/linear_h2_6__2_0/int_mono_linear_h2_6__2_0_4_13_0.dat spawned.
pyscript : VQE for ./integ_temp/linear_h2_6__2_0/int_mono_linear_h2_6__2_0_5_13_0.dat spawned.
pyscript : VQE for ./integ_temp/linear_h2_6__2_0/int_mono_linear_h2_6__2_0_2_13_0.dat spawned.
pyscript : VQE for ./integ_temp/linear_h2_6__2_0/int_mono_linear_h2_6__2_0_3_13_0.dat spawned.
pyscript : VQE for ./integ_temp/linear_h2_6__2_0/int_mono_linear_h2_6__2_0_0_13_0.dat spawned.
pyscript : output ./result_temp/linear_h2_6__2_0/res_mono_linear_h2_6__2_0_0_13_0.dat Generated.
pyscript : output ./result_temp/linear_h2_6__2_0/res_mono_linear_h2_6__2_0_3_13_0.dat Generated.
it=13	mon=[0]	energy=-1.549120
it=13	mon=[3]	energy=-1.771804
pyscript : output ./result_temp/linear_h2_6__2_0/res_mono_linear_h2_6__2_0_5_13_0.dat Generated.
pyscript : output ./result_temp/linear_h2_6__2_0/res_mono_linear_h2_6__2_0_4_13_0.dat Generated.
it=13	mon=[5]	energy=-1.447317
it=13	mon=[4]	energy=-1.651025
pyscript : output ./result_temp/linear_h2_6__2_0/res_mono_linear_h2_6__2_0_1_13_0.dat Generated.
pyscript : output ./result_temp/linear_h2_6__2_0/res_mono_linear_h2_6__2_0_2_13_0.dat Generated.
it=13	mon=[1]	energy=-1.774064
it=13	mon=[2]	energy=-1.807546
##SCC itera=13  conv=7  energy =     -10.00087659  energy0 =      -6.81831083  (  82.076318 )
==== SCC converged ====
##T         ---- Finish SCC procedure ---- : lap time= 1040.764018 ( total etime= 1044.239598 )
./integ_temp/linear_h2_6__2_0/int_dim_linear_h2_6__2_0_3-2_130_0.dat -> 65 eris
./integ_temp/linear_h2_6__2_0/int_dim_linear_h2_6__2_0_2-1_130_0.dat -> 65 eris
./integ_temp/linear_h2_6__2_0/int_dim_linear_h2_6__2_0_2-0_130_0.dat -> 65 eris
./integ_temp/linear_h2_6__2_0/int_dim_linear_h2_6__2_0_1-0_130_0.dat -> 65 eris
./integ_temp/linear_h2_6__2_0/int_dim_linear_h2_6__2_0_3-0_130_0.dat -> 65 eris
./integ_temp/linear_h2_6__2_0/int_dim_linear_h2_6__2_0_3-1_130_0.dat -> 65 eris
pyscript : VQE for ./integ_temp/linear_h2_6__2_0/int_dim_linear_h2_6__2_0_3-2_130_0.dat spawned.
pyscript : VQE for ./integ_temp/linear_h2_6__2_0/int_dim_linear_h2_6__2_0_3-0_130_0.dat spawned.
pyscript : VQE for ./integ_temp/linear_h2_6__2_0/int_dim_linear_h2_6__2_0_3-1_130_0.dat spawned.
pyscript : VQE for ./integ_temp/linear_h2_6__2_0/int_dim_linear_h2_6__2_0_2-1_130_0.dat spawned.
pyscript : VQE for ./integ_temp/linear_h2_6__2_0/int_dim_linear_h2_6__2_0_1-0_130_0.dat spawned.
pyscript : VQE for ./integ_temp/linear_h2_6__2_0/int_dim_linear_h2_6__2_0_2-0_130_0.dat spawned.
pyscript : output ./result_temp/linear_h2_6__2_0/res_dim_linear_h2_6__2_0_3-0_130_0.dat Generated.
it=130	mon=[3, 0]	energy=-3.169322
# E=    -3.1693217449 E-DV=    -2.2728779752 DV=    -0.8964437697 DDV=     0.0005837264
./integ_temp/linear_h2_6__2_0/int_dim_linear_h2_6__2_0_4-0_130_0.dat -> 65 eris
pyscript : VQE for ./integ_temp/linear_h2_6__2_0/int_dim_linear_h2_6__2_0_4-0_130_0.dat spawned.
pyscript : output ./result_temp/linear_h2_6__2_0/res_dim_linear_h2_6__2_0_4-0_130_0.dat Generated.
it=130	mon=[4, 0]	energy=-3.089414
# E=    -3.0894141250 E-DV=    -2.2716433849 DV=    -0.8177707402 DDV=     0.0003936561
./integ_temp/linear_h2_6__2_0/int_dim_linear_h2_6__2_0_4-1_130_0.dat -> 65 eris
pyscript : VQE for ./integ_temp/linear_h2_6__2_0/int_dim_linear_h2_6__2_0_4-1_130_0.dat spawned.
pyscript : output ./result_temp/linear_h2_6__2_0/res_dim_linear_h2_6__2_0_4-1_130_0.dat Generated.
it=130	mon=[4, 1]	energy=-3.285893
# E=    -3.2858934987 E-DV=    -2.2721295772 DV=    -1.0137639215 DDV=     0.0005531118
./integ_temp/linear_h2_6__2_0/int_dim_linear_h2_6__2_0_4-2_130_0.dat -> 65 eris
pyscript : VQE for ./integ_temp/linear_h2_6__2_0/int_dim_linear_h2_6__2_0_4-2_130_0.dat spawned.
pyscript : output ./result_temp/linear_h2_6__2_0/res_dim_linear_h2_6__2_0_2-0_130_0.dat Generated.
it=130	mon=[2, 0]	energy=-3.125107
# E=    -3.1251066757 E-DV=    -2.2735279388 DV=    -0.8515787369 DDV=     0.0007739740
./integ_temp/linear_h2_6__2_0/int_dim_linear_h2_6__2_0_4-3_130_0.dat -> 65 eris
pyscript : VQE for ./integ_temp/linear_h2_6__2_0/int_dim_linear_h2_6__2_0_4-3_130_0.dat spawned.
pyscript : output ./result_temp/linear_h2_6__2_0/res_dim_linear_h2_6__2_0_3-1_130_0.dat Generated.
it=130	mon=[3, 1]	energy=-3.330097
# E=    -3.3300971569 E-DV=    -2.2736855070 DV=    -1.0564116500 DDV=     0.0005941383
./integ_temp/linear_h2_6__2_0/int_dim_linear_h2_6__2_0_5-0_130_0.dat -> 65 eris
pyscript : VQE for ./integ_temp/linear_h2_6__2_0/int_dim_linear_h2_6__2_0_5-0_130_0.dat spawned.
pyscript : output ./result_temp/linear_h2_6__2_0/res_dim_linear_h2_6__2_0_5-0_130_0.dat Generated.
it=130	mon=[5, 0]	energy=-2.898443
# E=    -2.8984433636 E-DV=    -2.2733189783 DV=    -0.6251243853 DDV=     0.0002063051
./integ_temp/linear_h2_6__2_0/int_dim_linear_h2_6__2_0_5-1_130_0.dat -> 65 eris
pyscript : VQE for ./integ_temp/linear_h2_6__2_0/int_dim_linear_h2_6__2_0_5-1_130_0.dat spawned.
pyscript : output ./result_temp/linear_h2_6__2_0/res_dim_linear_h2_6__2_0_5-1_130_0.dat Generated.
it=130	mon=[5, 1]	energy=-3.101749
# E=    -3.1017493776 E-DV=    -2.2739580003 DV=    -0.8277913774 DDV=     0.0002753997
./integ_temp/linear_h2_6__2_0/int_dim_linear_h2_6__2_0_5-2_130_0.dat -> 65 eris
pyscript : VQE for ./integ_temp/linear_h2_6__2_0/int_dim_linear_h2_6__2_0_5-2_130_0.dat spawned.
pyscript : output ./result_temp/linear_h2_6__2_0/res_dim_linear_h2_6__2_0_3-2_130_0.dat Generated.
it=130	mon=[3, 2]	energy=-3.135016
# E=    -3.1350160001 E-DV=    -2.2709063453 DV=    -0.8641096548 DDV=    -0.0020070409
./integ_temp/linear_h2_6__2_0/int_dim_linear_h2_6__2_0_5-3_130_0.dat -> 65 eris
pyscript : VQE for ./integ_temp/linear_h2_6__2_0/int_dim_linear_h2_6__2_0_5-3_130_0.dat spawned.
pyscript : output ./result_temp/linear_h2_6__2_0/res_dim_linear_h2_6__2_0_1-0_130_0.dat Generated.
it=130	mon=[1, 0]	energy=-2.836070
# E=    -2.8360702574 E-DV=    -2.2716431262 DV=    -0.5644271312 DDV=    -0.0019378136
./integ_temp/linear_h2_6__2_0/int_dim_linear_h2_6__2_0_5-4_130_0.dat -> 65 eris
pyscript : VQE for ./integ_temp/linear_h2_6__2_0/int_dim_linear_h2_6__2_0_5-4_130_0.dat spawned.
pyscript : output ./result_temp/linear_h2_6__2_0/res_dim_linear_h2_6__2_0_5-2_130_0.dat Generated.
it=130	mon=[5, 2]	energy=-3.087674
# E=    -3.0876741007 E-DV=    -2.2735888227 DV=    -0.8140852780 DDV=     0.0000819516
pyscript : output ./result_temp/linear_h2_6__2_0/res_dim_linear_h2_6__2_0_4-2_130_0.dat Generated.
it=130	mon=[4, 2]	energy=-3.251318
# E=    -3.2513180956 E-DV=    -2.2722936290 DV=    -0.9790244666 DDV=     0.0006345502
pyscript : output ./result_temp/linear_h2_6__2_0/res_dim_linear_h2_6__2_0_2-1_130_0.dat Generated.
it=130	mon=[2, 1]	energy=-3.125803
# E=    -3.1258026742 E-DV=    -2.2713671299 DV=    -0.8544355443 DDV=    -0.0023269828
pyscript : output ./result_temp/linear_h2_6__2_0/res_dim_linear_h2_6__2_0_4-3_130_0.dat Generated.
it=130	mon=[4, 3]	energy=-2.995335
# E=    -2.9953348622 E-DV=    -2.2700847790 DV=    -0.7252500832 DDV=    -0.0011436998
pyscript : output ./result_temp/linear_h2_6__2_0/res_dim_linear_h2_6__2_0_5-3_130_0.dat Generated.
it=130	mon=[5, 3]	energy=-2.931731
# E=    -2.9317309922 E-DV=    -2.2721690096 DV=    -0.6595619826 DDV=    -0.0014791207
pyscript : output ./result_temp/linear_h2_6__2_0/res_dim_linear_h2_6__2_0_5-4_130_0.dat Generated.
it=130	mon=[5, 4]	energy=-2.724087
# E=    -2.7240872570 E-DV=    -2.2723313628 DV=    -0.4517558942 DDV=     0.0011225337
##T    ---- Finish to Calc. Dimer SCF ---- : lap time= 7378.036689 ( total etime= 8422.276326 )
       ( # of scf dimer = 15 )
        dE0(SCF dimer) =       0.00235328
##T     ---- Finish to Calc. ES Dimer ---- : lap time=   0.043194 ( total etime= 8422.319552 )
    (# of ES dimer = 0)
    dE0(ES dimer) =       0.00000000
    total energy(FMO) =      -6.81595755
##T  -- All workers have been destroyed -- : lap time=   0.073655 ( total etime= 8422.393242 )
---- ATOMIC POPULATION DATA -----
   SN AN  ATOMIC POP  NET CHARGE
---------------------------------
    1  1       0.993       0.007
    2  1       1.006      -0.006
    3  1       1.005      -0.005
    4  1       0.996       0.004
    5  1       1.015      -0.015
    6  1       0.985       0.015
    7  1       1.042      -0.042
    8  1       0.958       0.042
    9  1       0.954       0.046
   10  1       1.045      -0.045
   11  1       0.993       0.007
   12  1       1.006      -0.006
---------------------------------
total charge =     -0.000
---------------------------------
##T    -- calc AO and atomic population -- : lap time=   0.014496 ( total etime= 8422.407760 )
##T   -- All mservs have been destroyed -- : lap time=   0.000018 ( total etime= 8422.407795 )
