Will Run VQE
ngroup       = 6
nioprocs     = 1
niogroup     = 1
nmaxprocs    = 8
group size   = 1
# of threads = 48
nintic       = 2048
input file name       = ./samples/linear_H2_6/linear_H2_6_3_5.inp
prefix of output file = 
local input dir.      = ./
# of total invoked procs = 8 (=1iog*1iop+1+6gr*1pr)
master host name = gwonhaklee-System-Product-Name
-----------------------------------------------------
 # of data = 11
nfrag = 6
##T                  Finish Initialization : lap time=   0.000168 ( total etime=   0.000168 )
****** LIST OF HOST NAME (MSERV(ID=0))******
rank=  0 : gwonhaklee-System-Product-Name
********************************
##T        Finish to Create Memory Servers : lap time=   0.127483 ( total etime=   0.127661 )
****** LIST OF HOST NAME (WORKER(ID=0)) ******
rank=  0 : gwonhaklee-System-Product-Name
********************************
****** LIST OF HOST NAME (WORKER(ID=1)) ******
rank=  0 : gwonhaklee-System-Product-Name
********************************
****** LIST OF HOST NAME (WORKER(ID=2)) ******
rank=  0 : gwonhaklee-System-Product-Name
********************************
****** LIST OF HOST NAME (WORKER(ID=3)) ******
rank=  0 : gwonhaklee-System-Product-Name
********************************
****** LIST OF HOST NAME (WORKER(ID=4)) ******
rank=  0 : gwonhaklee-System-Product-Name
********************************
##T               Finish to Create Workers : lap time=   1.343640 ( total etime=   1.471315 )
****** LIST OF HOST NAME (WORKER(ID=5)) ******
rank=  0 : gwonhaklee-System-Product-Name
********************************
##T     Finish to Connect Mservs & Workers : lap time=   0.724252 ( total etime=   2.195582 )
calc. inter-frag distance list = 3
##T    Finish to Calculate Initial Density : lap time=   0.776805 ( total etime=   3.239260 )
---- start SCC (maxscc=30, sccconv=7) ----
./integ_temp/linear_h2_6__3_5/int_mono_linear_h2_6__3_5_5_1_0.dat -> 7 eris
./integ_temp/linear_h2_6__3_5/int_mono_linear_h2_6__3_5_3_1_0.dat -> 7 eris
./integ_temp/linear_h2_6__3_5/int_mono_linear_h2_6__3_5_1_1_0.dat -> 7 eris
./integ_temp/linear_h2_6__3_5/int_mono_linear_h2_6__3_5_4_1_0.dat -> 7 eris
./integ_temp/linear_h2_6__3_5/int_mono_linear_h2_6__3_5_2_1_0.dat -> 7 eris
./integ_temp/linear_h2_6__3_5/int_mono_linear_h2_6__3_5_0_1_0.dat -> 7 eris
pyscript : VQE for ./integ_temp/linear_h2_6__3_5/int_mono_linear_h2_6__3_5_1_1_0.dat spawned.
pyscript : VQE for ./integ_temp/linear_h2_6__3_5/int_mono_linear_h2_6__3_5_2_1_0.dat spawned.
pyscript : VQE for ./integ_temp/linear_h2_6__3_5/int_mono_linear_h2_6__3_5_5_1_0.dat spawned.
pyscript : VQE for ./integ_temp/linear_h2_6__3_5/int_mono_linear_h2_6__3_5_0_1_0.dat spawned.
pyscript : VQE for ./integ_temp/linear_h2_6__3_5/int_mono_linear_h2_6__3_5_4_1_0.dat spawned.
pyscript : VQE for ./integ_temp/linear_h2_6__3_5/int_mono_linear_h2_6__3_5_3_1_0.dat spawned.
pyscript : output ./result_temp/linear_h2_6__3_5/res_mono_linear_h2_6__3_5_4_1_0.dat Generated.
pyscript : output ./result_temp/linear_h2_6__3_5/res_mono_linear_h2_6__3_5_5_1_0.dat Generated.
it=1	mon=[4]	energy=-1.448692
pyscript : output ./result_temp/linear_h2_6__3_5/res_mono_linear_h2_6__3_5_3_1_0.dat Generated.
pyscript : output ./result_temp/linear_h2_6__3_5/res_mono_linear_h2_6__3_5_0_1_0.dat Generated.
pyscript : output ./result_temp/linear_h2_6__3_5/res_mono_linear_h2_6__3_5_1_1_0.dat Generated.
it=1	mon=[5]	energy=-1.322696
pyscript : output ./result_temp/linear_h2_6__3_5/res_mono_linear_h2_6__3_5_2_1_0.dat Generated.
it=1	mon=[3]	energy=-1.541547
it=1	mon=[0]	energy=-1.412889
it=1	mon=[1]	energy=-1.532730
it=1	mon=[2]	energy=-1.560483
##SCC itera= 1  conv=2  energy =      -8.81903715  energy0 =      -6.82263903  (  85.183960 )
./integ_temp/linear_h2_6__3_5/int_mono_linear_h2_6__3_5_1_2_0.dat -> 7 eris
./integ_temp/linear_h2_6__3_5/int_mono_linear_h2_6__3_5_4_2_0.dat -> 7 eris
./integ_temp/linear_h2_6__3_5/int_mono_linear_h2_6__3_5_3_2_0.dat -> 7 eris
./integ_temp/linear_h2_6__3_5/int_mono_linear_h2_6__3_5_0_2_0.dat -> 7 eris
./integ_temp/linear_h2_6__3_5/int_mono_linear_h2_6__3_5_2_2_0.dat -> 7 eris
./integ_temp/linear_h2_6__3_5/int_mono_linear_h2_6__3_5_5_2_0.dat -> 7 eris
pyscript : VQE for ./integ_temp/linear_h2_6__3_5/int_mono_linear_h2_6__3_5_1_2_0.dat spawned.
pyscript : VQE for ./integ_temp/linear_h2_6__3_5/int_mono_linear_h2_6__3_5_5_2_0.dat spawned.
pyscript : VQE for ./integ_temp/linear_h2_6__3_5/int_mono_linear_h2_6__3_5_2_2_0.dat spawned.
pyscript : VQE for ./integ_temp/linear_h2_6__3_5/int_mono_linear_h2_6__3_5_0_2_0.dat spawned.
pyscript : VQE for ./integ_temp/linear_h2_6__3_5/int_mono_linear_h2_6__3_5_3_2_0.dat spawned.
pyscript : VQE for ./integ_temp/linear_h2_6__3_5/int_mono_linear_h2_6__3_5_4_2_0.dat spawned.
pyscript : output ./result_temp/linear_h2_6__3_5/res_mono_linear_h2_6__3_5_4_2_0.dat Generated.
pyscript : output ./result_temp/linear_h2_6__3_5/res_mono_linear_h2_6__3_5_5_2_0.dat Generated.
pyscript : output ./result_temp/linear_h2_6__3_5/res_mono_linear_h2_6__3_5_2_2_0.dat Generated.
pyscript : output ./result_temp/linear_h2_6__3_5/res_mono_linear_h2_6__3_5_0_2_0.dat Generated.
pyscript : output ./result_temp/linear_h2_6__3_5/res_mono_linear_h2_6__3_5_3_2_0.dat Generated.
it=2	mon=[4]	energy=-1.461201
it=2	mon=[5]	energy=-1.332119
it=2	mon=[2]	energy=-1.576457
it=2	mon=[0]	energy=-1.422537
it=2	mon=[3]	energy=-1.553431
pyscript : output ./result_temp/linear_h2_6__3_5/res_mono_linear_h2_6__3_5_1_2_0.dat Generated.
it=2	mon=[1]	energy=-1.551041
##SCC itera= 2  conv=2  energy =      -8.89678519  energy0 =      -6.82257422  (  90.132033 )
./integ_temp/linear_h2_6__3_5/int_mono_linear_h2_6__3_5_3_3_0.dat -> 7 eris
./integ_temp/linear_h2_6__3_5/int_mono_linear_h2_6__3_5_5_3_0.dat -> 7 eris
./integ_temp/linear_h2_6__3_5/int_mono_linear_h2_6__3_5_4_3_0.dat -> 7 eris
./integ_temp/linear_h2_6__3_5/int_mono_linear_h2_6__3_5_0_3_0.dat -> 7 eris
./integ_temp/linear_h2_6__3_5/int_mono_linear_h2_6__3_5_2_3_0.dat -> 7 eris
./integ_temp/linear_h2_6__3_5/int_mono_linear_h2_6__3_5_1_3_0.dat -> 7 eris
pyscript : VQE for ./integ_temp/linear_h2_6__3_5/int_mono_linear_h2_6__3_5_4_3_0.dat spawned.
pyscript : VQE for ./integ_temp/linear_h2_6__3_5/int_mono_linear_h2_6__3_5_0_3_0.dat spawned.
pyscript : VQE for ./integ_temp/linear_h2_6__3_5/int_mono_linear_h2_6__3_5_1_3_0.dat spawned.
pyscript : VQE for ./integ_temp/linear_h2_6__3_5/int_mono_linear_h2_6__3_5_3_3_0.dat spawned.
pyscript : VQE for ./integ_temp/linear_h2_6__3_5/int_mono_linear_h2_6__3_5_2_3_0.dat spawned.
pyscript : VQE for ./integ_temp/linear_h2_6__3_5/int_mono_linear_h2_6__3_5_5_3_0.dat spawned.
pyscript : output ./result_temp/linear_h2_6__3_5/res_mono_linear_h2_6__3_5_1_3_0.dat Generated.
it=3	mon=[1]	energy=-1.550287
pyscript : output ./result_temp/linear_h2_6__3_5/res_mono_linear_h2_6__3_5_0_3_0.dat Generated.
pyscript : output ./result_temp/linear_h2_6__3_5/res_mono_linear_h2_6__3_5_3_3_0.dat Generated.
pyscript : output ./result_temp/linear_h2_6__3_5/res_mono_linear_h2_6__3_5_4_3_0.dat Generated.
it=3	mon=[0]	energy=-1.421679
it=3	mon=[3]	energy=-1.552571
it=3	mon=[4]	energy=-1.460257
pyscript : output ./result_temp/linear_h2_6__3_5/res_mono_linear_h2_6__3_5_2_3_0.dat Generated.
pyscript : output ./result_temp/linear_h2_6__3_5/res_mono_linear_h2_6__3_5_5_3_0.dat Generated.
it=3	mon=[2]	energy=-1.575373
it=3	mon=[5]	energy=-1.331699
##SCC itera= 3  conv=4  energy =      -8.89186514  energy0 =      -6.82257337  (  83.940005 )
./integ_temp/linear_h2_6__3_5/int_mono_linear_h2_6__3_5_2_4_0.dat -> 7 eris
./integ_temp/linear_h2_6__3_5/int_mono_linear_h2_6__3_5_3_4_0.dat -> 7 eris
./integ_temp/linear_h2_6__3_5/int_mono_linear_h2_6__3_5_5_4_0.dat -> 7 eris
./integ_temp/linear_h2_6__3_5/int_mono_linear_h2_6__3_5_4_4_0.dat -> 7 eris
./integ_temp/linear_h2_6__3_5/int_mono_linear_h2_6__3_5_1_4_0.dat -> 7 eris
./integ_temp/linear_h2_6__3_5/int_mono_linear_h2_6__3_5_0_4_0.dat -> 7 eris
pyscript : VQE for ./integ_temp/linear_h2_6__3_5/int_mono_linear_h2_6__3_5_3_4_0.dat spawned.
pyscript : VQE for ./integ_temp/linear_h2_6__3_5/int_mono_linear_h2_6__3_5_5_4_0.dat spawned.
pyscript : VQE for ./integ_temp/linear_h2_6__3_5/int_mono_linear_h2_6__3_5_2_4_0.dat spawned.
pyscript : VQE for ./integ_temp/linear_h2_6__3_5/int_mono_linear_h2_6__3_5_1_4_0.dat spawned.
pyscript : VQE for ./integ_temp/linear_h2_6__3_5/int_mono_linear_h2_6__3_5_4_4_0.dat spawned.
pyscript : VQE for ./integ_temp/linear_h2_6__3_5/int_mono_linear_h2_6__3_5_0_4_0.dat spawned.
pyscript : output ./result_temp/linear_h2_6__3_5/res_mono_linear_h2_6__3_5_4_4_0.dat Generated.
pyscript : output ./result_temp/linear_h2_6__3_5/res_mono_linear_h2_6__3_5_3_4_0.dat Generated.
pyscript : output ./result_temp/linear_h2_6__3_5/res_mono_linear_h2_6__3_5_0_4_0.dat Generated.
pyscript : output ./result_temp/linear_h2_6__3_5/res_mono_linear_h2_6__3_5_1_4_0.dat Generated.
it=4	mon=[0]	energy=-1.421625
it=4	mon=[4]	energy=-1.460221
pyscript : output ./result_temp/linear_h2_6__3_5/res_mono_linear_h2_6__3_5_5_4_0.dat Generated.
pyscript : output ./result_temp/linear_h2_6__3_5/res_mono_linear_h2_6__3_5_2_4_0.dat Generated.
it=4	mon=[3]	energy=-1.552537
it=4	mon=[5]	energy=-1.331673
it=4	mon=[1]	energy=-1.550241
it=4	mon=[2]	energy=-1.575333
##SCC itera= 4  conv=7  energy =      -8.89162917  energy0 =      -6.82257709  (  82.879909 )
./integ_temp/linear_h2_6__3_5/int_mono_linear_h2_6__3_5_2_5_0.dat -> 7 eris
./integ_temp/linear_h2_6__3_5/int_mono_linear_h2_6__3_5_1_5_0.dat -> 7 eris
./integ_temp/linear_h2_6__3_5/int_mono_linear_h2_6__3_5_5_5_0.dat -> 7 eris
./integ_temp/linear_h2_6__3_5/int_mono_linear_h2_6__3_5_3_5_0.dat -> 7 eris
./integ_temp/linear_h2_6__3_5/int_mono_linear_h2_6__3_5_0_5_0.dat -> 7 eris
./integ_temp/linear_h2_6__3_5/int_mono_linear_h2_6__3_5_4_5_0.dat -> 7 eris
pyscript : VQE for ./integ_temp/linear_h2_6__3_5/int_mono_linear_h2_6__3_5_0_5_0.dat spawned.
pyscript : VQE for ./integ_temp/linear_h2_6__3_5/int_mono_linear_h2_6__3_5_4_5_0.dat spawned.
pyscript : VQE for ./integ_temp/linear_h2_6__3_5/int_mono_linear_h2_6__3_5_2_5_0.dat spawned.
pyscript : VQE for ./integ_temp/linear_h2_6__3_5/int_mono_linear_h2_6__3_5_3_5_0.dat spawned.
pyscript : VQE for ./integ_temp/linear_h2_6__3_5/int_mono_linear_h2_6__3_5_5_5_0.dat spawned.
pyscript : VQE for ./integ_temp/linear_h2_6__3_5/int_mono_linear_h2_6__3_5_1_5_0.dat spawned.
pyscript : output ./result_temp/linear_h2_6__3_5/res_mono_linear_h2_6__3_5_4_5_0.dat Generated.
pyscript : output ./result_temp/linear_h2_6__3_5/res_mono_linear_h2_6__3_5_2_5_0.dat Generated.
pyscript : output ./result_temp/linear_h2_6__3_5/res_mono_linear_h2_6__3_5_3_5_0.dat Generated.
it=5	mon=[4]	energy=-1.460223
it=5	mon=[2]	energy=-1.575333
it=5	mon=[3]	energy=-1.552537
pyscript : output ./result_temp/linear_h2_6__3_5/res_mono_linear_h2_6__3_5_0_5_0.dat Generated.
pyscript : output ./result_temp/linear_h2_6__3_5/res_mono_linear_h2_6__3_5_5_5_0.dat Generated.
pyscript : output ./result_temp/linear_h2_6__3_5/res_mono_linear_h2_6__3_5_1_5_0.dat Generated.
it=5	mon=[0]	energy=-1.421627
it=5	mon=[5]	energy=-1.331673
it=5	mon=[1]	energy=-1.550241
##SCC itera= 5  conv=7  energy =      -8.89163333  energy0 =      -6.82257279  (  87.104274 )
./integ_temp/linear_h2_6__3_5/int_mono_linear_h2_6__3_5_5_6_0.dat -> 7 eris
./integ_temp/linear_h2_6__3_5/int_mono_linear_h2_6__3_5_3_6_0.dat -> 7 eris
./integ_temp/linear_h2_6__3_5/int_mono_linear_h2_6__3_5_1_6_0.dat -> 7 eris
./integ_temp/linear_h2_6__3_5/int_mono_linear_h2_6__3_5_0_6_0.dat -> 7 eris
./integ_temp/linear_h2_6__3_5/int_mono_linear_h2_6__3_5_2_6_0.dat -> 7 eris
./integ_temp/linear_h2_6__3_5/int_mono_linear_h2_6__3_5_4_6_0.dat -> 7 eris
pyscript : VQE for ./integ_temp/linear_h2_6__3_5/int_mono_linear_h2_6__3_5_0_6_0.dat spawned.
pyscript : VQE for ./integ_temp/linear_h2_6__3_5/int_mono_linear_h2_6__3_5_3_6_0.dat spawned.
pyscript : VQE for ./integ_temp/linear_h2_6__3_5/int_mono_linear_h2_6__3_5_4_6_0.dat spawned.
pyscript : VQE for ./integ_temp/linear_h2_6__3_5/int_mono_linear_h2_6__3_5_5_6_0.dat spawned.
pyscript : VQE for ./integ_temp/linear_h2_6__3_5/int_mono_linear_h2_6__3_5_2_6_0.dat spawned.
pyscript : VQE for ./integ_temp/linear_h2_6__3_5/int_mono_linear_h2_6__3_5_1_6_0.dat spawned.
pyscript : output ./result_temp/linear_h2_6__3_5/res_mono_linear_h2_6__3_5_4_6_0.dat Generated.
pyscript : output ./result_temp/linear_h2_6__3_5/res_mono_linear_h2_6__3_5_3_6_0.dat Generated.
pyscript : output ./result_temp/linear_h2_6__3_5/res_mono_linear_h2_6__3_5_5_6_0.dat Generated.
it=6	mon=[4]	energy=-1.460223
it=6	mon=[3]	energy=-1.552543
pyscript : output ./result_temp/linear_h2_6__3_5/res_mono_linear_h2_6__3_5_0_6_0.dat Generated.
it=6	mon=[5]	energy=-1.331673
pyscript : output ./result_temp/linear_h2_6__3_5/res_mono_linear_h2_6__3_5_2_6_0.dat Generated.
pyscript : output ./result_temp/linear_h2_6__3_5/res_mono_linear_h2_6__3_5_1_6_0.dat Generated.
it=6	mon=[0]	energy=-1.421629
it=6	mon=[2]	energy=-1.575335
it=6	mon=[1]	energy=-1.550243
##SCC itera= 6  conv=7  energy =      -8.89164528  energy0 =      -6.82257476  (  82.375941 )
./integ_temp/linear_h2_6__3_5/int_mono_linear_h2_6__3_5_5_7_0.dat -> 7 eris
./integ_temp/linear_h2_6__3_5/int_mono_linear_h2_6__3_5_1_7_0.dat -> 7 eris
./integ_temp/linear_h2_6__3_5/int_mono_linear_h2_6__3_5_4_7_0.dat -> 7 eris
./integ_temp/linear_h2_6__3_5/int_mono_linear_h2_6__3_5_2_7_0.dat -> 7 eris
./integ_temp/linear_h2_6__3_5/int_mono_linear_h2_6__3_5_0_7_0.dat -> 7 eris
./integ_temp/linear_h2_6__3_5/int_mono_linear_h2_6__3_5_3_7_0.dat -> 7 eris
pyscript : VQE for ./integ_temp/linear_h2_6__3_5/int_mono_linear_h2_6__3_5_1_7_0.dat spawned.
pyscript : VQE for ./integ_temp/linear_h2_6__3_5/int_mono_linear_h2_6__3_5_5_7_0.dat spawned.
pyscript : VQE for ./integ_temp/linear_h2_6__3_5/int_mono_linear_h2_6__3_5_3_7_0.dat spawned.
pyscript : VQE for ./integ_temp/linear_h2_6__3_5/int_mono_linear_h2_6__3_5_4_7_0.dat spawned.
pyscript : VQE for ./integ_temp/linear_h2_6__3_5/int_mono_linear_h2_6__3_5_0_7_0.dat spawned.
pyscript : VQE for ./integ_temp/linear_h2_6__3_5/int_mono_linear_h2_6__3_5_2_7_0.dat spawned.
pyscript : output ./result_temp/linear_h2_6__3_5/res_mono_linear_h2_6__3_5_4_7_0.dat Generated.
pyscript : output ./result_temp/linear_h2_6__3_5/res_mono_linear_h2_6__3_5_3_7_0.dat Generated.
pyscript : output ./result_temp/linear_h2_6__3_5/res_mono_linear_h2_6__3_5_5_7_0.dat Generated.
pyscript : output ./result_temp/linear_h2_6__3_5/res_mono_linear_h2_6__3_5_0_7_0.dat Generated.
it=7	mon=[4]	energy=-1.460223
it=7	mon=[5]	energy=-1.331673
it=7	mon=[3]	energy=-1.552542
pyscript : output ./result_temp/linear_h2_6__3_5/res_mono_linear_h2_6__3_5_2_7_0.dat Generated.
it=7	mon=[0]	energy=-1.421627
pyscript : output ./result_temp/linear_h2_6__3_5/res_mono_linear_h2_6__3_5_1_7_0.dat Generated.
it=7	mon=[2]	energy=-1.575335
it=7	mon=[1]	energy=-1.550243
##SCC itera= 7  conv=7  energy =      -8.89164320  energy0 =      -6.82257719  (  85.848240 )
./integ_temp/linear_h2_6__3_5/int_mono_linear_h2_6__3_5_4_8_0.dat -> 7 eris
./integ_temp/linear_h2_6__3_5/int_mono_linear_h2_6__3_5_2_8_0.dat -> 7 eris
./integ_temp/linear_h2_6__3_5/int_mono_linear_h2_6__3_5_0_8_0.dat -> 7 eris
./integ_temp/linear_h2_6__3_5/int_mono_linear_h2_6__3_5_3_8_0.dat -> 7 eris
./integ_temp/linear_h2_6__3_5/int_mono_linear_h2_6__3_5_1_8_0.dat -> 7 eris
./integ_temp/linear_h2_6__3_5/int_mono_linear_h2_6__3_5_5_8_0.dat -> 7 eris
pyscript : VQE for ./integ_temp/linear_h2_6__3_5/int_mono_linear_h2_6__3_5_0_8_0.dat spawned.
pyscript : VQE for ./integ_temp/linear_h2_6__3_5/int_mono_linear_h2_6__3_5_2_8_0.dat spawned.
pyscript : VQE for ./integ_temp/linear_h2_6__3_5/int_mono_linear_h2_6__3_5_5_8_0.dat spawned.
pyscript : VQE for ./integ_temp/linear_h2_6__3_5/int_mono_linear_h2_6__3_5_1_8_0.dat spawned.
pyscript : VQE for ./integ_temp/linear_h2_6__3_5/int_mono_linear_h2_6__3_5_4_8_0.dat spawned.
pyscript : VQE for ./integ_temp/linear_h2_6__3_5/int_mono_linear_h2_6__3_5_3_8_0.dat spawned.
pyscript : output ./result_temp/linear_h2_6__3_5/res_mono_linear_h2_6__3_5_2_8_0.dat Generated.
it=8	mon=[2]	energy=-1.575323
pyscript : output ./result_temp/linear_h2_6__3_5/res_mono_linear_h2_6__3_5_3_8_0.dat Generated.
pyscript : output ./result_temp/linear_h2_6__3_5/res_mono_linear_h2_6__3_5_4_8_0.dat Generated.
pyscript : output ./result_temp/linear_h2_6__3_5/res_mono_linear_h2_6__3_5_0_8_0.dat Generated.
it=8	mon=[3]	energy=-1.552543
pyscript : output ./result_temp/linear_h2_6__3_5/res_mono_linear_h2_6__3_5_5_8_0.dat Generated.
pyscript : output ./result_temp/linear_h2_6__3_5/res_mono_linear_h2_6__3_5_1_8_0.dat Generated.
it=8	mon=[0]	energy=-1.421625
it=8	mon=[4]	energy=-1.460213
it=8	mon=[5]	energy=-1.331667
it=8	mon=[1]	energy=-1.550237
##SCC itera= 8  conv=7  energy =      -8.89160711  energy0 =      -6.82257532  (  80.308168 )
./integ_temp/linear_h2_6__3_5/int_mono_linear_h2_6__3_5_2_9_0.dat -> 7 eris
./integ_temp/linear_h2_6__3_5/int_mono_linear_h2_6__3_5_0_9_0.dat -> 7 eris
./integ_temp/linear_h2_6__3_5/int_mono_linear_h2_6__3_5_3_9_0.dat -> 7 eris
./integ_temp/linear_h2_6__3_5/int_mono_linear_h2_6__3_5_5_9_0.dat -> 7 eris
./integ_temp/linear_h2_6__3_5/int_mono_linear_h2_6__3_5_1_9_0.dat -> 7 eris
./integ_temp/linear_h2_6__3_5/int_mono_linear_h2_6__3_5_4_9_0.dat -> 7 eris
pyscript : VQE for ./integ_temp/linear_h2_6__3_5/int_mono_linear_h2_6__3_5_0_9_0.dat spawned.
pyscript : VQE for ./integ_temp/linear_h2_6__3_5/int_mono_linear_h2_6__3_5_2_9_0.dat spawned.
pyscript : VQE for ./integ_temp/linear_h2_6__3_5/int_mono_linear_h2_6__3_5_1_9_0.dat spawned.
pyscript : VQE for ./integ_temp/linear_h2_6__3_5/int_mono_linear_h2_6__3_5_3_9_0.dat spawned.
pyscript : VQE for ./integ_temp/linear_h2_6__3_5/int_mono_linear_h2_6__3_5_5_9_0.dat spawned.
pyscript : VQE for ./integ_temp/linear_h2_6__3_5/int_mono_linear_h2_6__3_5_4_9_0.dat spawned.
pyscript : output ./result_temp/linear_h2_6__3_5/res_mono_linear_h2_6__3_5_2_9_0.dat Generated.
pyscript : output ./result_temp/linear_h2_6__3_5/res_mono_linear_h2_6__3_5_4_9_0.dat Generated.
pyscript : output ./result_temp/linear_h2_6__3_5/res_mono_linear_h2_6__3_5_3_9_0.dat Generated.
pyscript : output ./result_temp/linear_h2_6__3_5/res_mono_linear_h2_6__3_5_1_9_0.dat Generated.
pyscript : output ./result_temp/linear_h2_6__3_5/res_mono_linear_h2_6__3_5_0_9_0.dat Generated.
pyscript : output ./result_temp/linear_h2_6__3_5/res_mono_linear_h2_6__3_5_5_9_0.dat Generated.
it=9	mon=[2]	energy=-1.575335
it=9	mon=[4]	energy=-1.460223
it=9	mon=[3]	energy=-1.552541
it=9	mon=[1]	energy=-1.550243
it=9	mon=[5]	energy=-1.331673
it=9	mon=[0]	energy=-1.421627
##SCC itera= 9  conv=7  energy =      -8.89164117  energy0 =      -6.82257492  (  78.844392 )
./integ_temp/linear_h2_6__3_5/int_mono_linear_h2_6__3_5_5_10_0.dat -> 7 eris
./integ_temp/linear_h2_6__3_5/int_mono_linear_h2_6__3_5_2_10_0.dat -> 7 eris
./integ_temp/linear_h2_6__3_5/int_mono_linear_h2_6__3_5_1_10_0.dat -> 7 eris
./integ_temp/linear_h2_6__3_5/int_mono_linear_h2_6__3_5_0_10_0.dat -> 7 eris
./integ_temp/linear_h2_6__3_5/int_mono_linear_h2_6__3_5_3_10_0.dat -> 7 eris
./integ_temp/linear_h2_6__3_5/int_mono_linear_h2_6__3_5_4_10_0.dat -> 7 eris
pyscript : VQE for ./integ_temp/linear_h2_6__3_5/int_mono_linear_h2_6__3_5_1_10_0.dat spawned.
pyscript : VQE for ./integ_temp/linear_h2_6__3_5/int_mono_linear_h2_6__3_5_5_10_0.dat spawned.
pyscript : VQE for ./integ_temp/linear_h2_6__3_5/int_mono_linear_h2_6__3_5_3_10_0.dat spawned.
pyscript : VQE for ./integ_temp/linear_h2_6__3_5/int_mono_linear_h2_6__3_5_2_10_0.dat spawned.
pyscript : VQE for ./integ_temp/linear_h2_6__3_5/int_mono_linear_h2_6__3_5_0_10_0.dat spawned.
pyscript : VQE for ./integ_temp/linear_h2_6__3_5/int_mono_linear_h2_6__3_5_4_10_0.dat spawned.
pyscript : output ./result_temp/linear_h2_6__3_5/res_mono_linear_h2_6__3_5_1_10_0.dat Generated.
pyscript : output ./result_temp/linear_h2_6__3_5/res_mono_linear_h2_6__3_5_3_10_0.dat Generated.
pyscript : output ./result_temp/linear_h2_6__3_5/res_mono_linear_h2_6__3_5_4_10_0.dat Generated.
it=10	mon=[4]	energy=-1.460221
it=10	mon=[3]	energy=-1.552537
it=10	mon=[1]	energy=-1.550235
pyscript : output ./result_temp/linear_h2_6__3_5/res_mono_linear_h2_6__3_5_0_10_0.dat Generated.
pyscript : output ./result_temp/linear_h2_6__3_5/res_mono_linear_h2_6__3_5_5_10_0.dat Generated.
it=10	mon=[0]	energy=-1.421625
it=10	mon=[5]	energy=-1.331671
pyscript : output ./result_temp/linear_h2_6__3_5/res_mono_linear_h2_6__3_5_2_10_0.dat Generated.
it=10	mon=[2]	energy=-1.575337
##SCC itera=10  conv=7  energy =      -8.89162515  energy0 =      -6.82257883  (  90.924468 )
./integ_temp/linear_h2_6__3_5/int_mono_linear_h2_6__3_5_1_11_0.dat -> 7 eris
./integ_temp/linear_h2_6__3_5/int_mono_linear_h2_6__3_5_4_11_0.dat -> 7 eris
./integ_temp/linear_h2_6__3_5/int_mono_linear_h2_6__3_5_2_11_0.dat -> 7 eris
./integ_temp/linear_h2_6__3_5/int_mono_linear_h2_6__3_5_3_11_0.dat -> 7 eris
./integ_temp/linear_h2_6__3_5/int_mono_linear_h2_6__3_5_0_11_0.dat -> 7 eris
./integ_temp/linear_h2_6__3_5/int_mono_linear_h2_6__3_5_5_11_0.dat -> 7 eris
pyscript : VQE for ./integ_temp/linear_h2_6__3_5/int_mono_linear_h2_6__3_5_1_11_0.dat spawned.
pyscript : VQE for ./integ_temp/linear_h2_6__3_5/int_mono_linear_h2_6__3_5_0_11_0.dat spawned.
pyscript : VQE for ./integ_temp/linear_h2_6__3_5/int_mono_linear_h2_6__3_5_2_11_0.dat spawned.
pyscript : VQE for ./integ_temp/linear_h2_6__3_5/int_mono_linear_h2_6__3_5_5_11_0.dat spawned.
pyscript : VQE for ./integ_temp/linear_h2_6__3_5/int_mono_linear_h2_6__3_5_4_11_0.dat spawned.
pyscript : VQE for ./integ_temp/linear_h2_6__3_5/int_mono_linear_h2_6__3_5_3_11_0.dat spawned.
pyscript : output ./result_temp/linear_h2_6__3_5/res_mono_linear_h2_6__3_5_5_11_0.dat Generated.
pyscript : output ./result_temp/linear_h2_6__3_5/res_mono_linear_h2_6__3_5_4_11_0.dat Generated.
pyscript : output ./result_temp/linear_h2_6__3_5/res_mono_linear_h2_6__3_5_3_11_0.dat Generated.
pyscript : output ./result_temp/linear_h2_6__3_5/res_mono_linear_h2_6__3_5_0_11_0.dat Generated.
it=11	mon=[5]	energy=-1.331673
it=11	mon=[4]	energy=-1.460223
it=11	mon=[3]	energy=-1.552543
it=11	mon=[0]	energy=-1.421629
pyscript : output ./result_temp/linear_h2_6__3_5/res_mono_linear_h2_6__3_5_1_11_0.dat Generated.
pyscript : output ./result_temp/linear_h2_6__3_5/res_mono_linear_h2_6__3_5_2_11_0.dat Generated.
it=11	mon=[1]	energy=-1.550243
it=11	mon=[2]	energy=-1.575335
##SCC itera=11  conv=7  energy =      -8.89164496  energy0 =      -6.82257718  (  85.808312 )
./integ_temp/linear_h2_6__3_5/int_mono_linear_h2_6__3_5_4_12_0.dat -> 7 eris
./integ_temp/linear_h2_6__3_5/int_mono_linear_h2_6__3_5_2_12_0.dat -> 7 eris
./integ_temp/linear_h2_6__3_5/int_mono_linear_h2_6__3_5_0_12_0.dat -> 7 eris
./integ_temp/linear_h2_6__3_5/int_mono_linear_h2_6__3_5_3_12_0.dat -> 7 eris
./integ_temp/linear_h2_6__3_5/int_mono_linear_h2_6__3_5_5_12_0.dat -> 7 eris
./integ_temp/linear_h2_6__3_5/int_mono_linear_h2_6__3_5_1_12_0.dat -> 7 eris
pyscript : VQE for ./integ_temp/linear_h2_6__3_5/int_mono_linear_h2_6__3_5_4_12_0.dat spawned.
pyscript : VQE for ./integ_temp/linear_h2_6__3_5/int_mono_linear_h2_6__3_5_5_12_0.dat spawned.
pyscript : VQE for ./integ_temp/linear_h2_6__3_5/int_mono_linear_h2_6__3_5_3_12_0.dat spawned.
pyscript : VQE for ./integ_temp/linear_h2_6__3_5/int_mono_linear_h2_6__3_5_1_12_0.dat spawned.
pyscript : VQE for ./integ_temp/linear_h2_6__3_5/int_mono_linear_h2_6__3_5_2_12_0.dat spawned.
pyscript : VQE for ./integ_temp/linear_h2_6__3_5/int_mono_linear_h2_6__3_5_0_12_0.dat spawned.
pyscript : output ./result_temp/linear_h2_6__3_5/res_mono_linear_h2_6__3_5_4_12_0.dat Generated.
pyscript : output ./result_temp/linear_h2_6__3_5/res_mono_linear_h2_6__3_5_0_12_0.dat Generated.
pyscript : output ./result_temp/linear_h2_6__3_5/res_mono_linear_h2_6__3_5_3_12_0.dat Generated.
pyscript : output ./result_temp/linear_h2_6__3_5/res_mono_linear_h2_6__3_5_5_12_0.dat Generated.
pyscript : output ./result_temp/linear_h2_6__3_5/res_mono_linear_h2_6__3_5_2_12_0.dat Generated.
it=12	mon=[4]	energy=-1.460221
it=12	mon=[0]	energy=-1.421623
it=12	mon=[3]	energy=-1.552530
it=12	mon=[5]	energy=-1.331671
it=12	mon=[2]	energy=-1.575333
pyscript : output ./result_temp/linear_h2_6__3_5/res_mono_linear_h2_6__3_5_1_12_0.dat Generated.
it=12	mon=[1]	energy=-1.550233
##SCC itera=12  conv=7  energy =      -8.89161100  energy0 =      -6.82257566  (  88.680846 )
./integ_temp/linear_h2_6__3_5/int_mono_linear_h2_6__3_5_5_13_0.dat -> 7 eris
./integ_temp/linear_h2_6__3_5/int_mono_linear_h2_6__3_5_2_13_0.dat -> 7 eris
./integ_temp/linear_h2_6__3_5/int_mono_linear_h2_6__3_5_4_13_0.dat -> 7 eris
./integ_temp/linear_h2_6__3_5/int_mono_linear_h2_6__3_5_3_13_0.dat -> 7 eris
./integ_temp/linear_h2_6__3_5/int_mono_linear_h2_6__3_5_1_13_0.dat -> 7 eris
./integ_temp/linear_h2_6__3_5/int_mono_linear_h2_6__3_5_0_13_0.dat -> 7 eris
pyscript : VQE for ./integ_temp/linear_h2_6__3_5/int_mono_linear_h2_6__3_5_3_13_0.dat spawned.
pyscript : VQE for ./integ_temp/linear_h2_6__3_5/int_mono_linear_h2_6__3_5_1_13_0.dat spawned.
pyscript : VQE for ./integ_temp/linear_h2_6__3_5/int_mono_linear_h2_6__3_5_5_13_0.dat spawned.
pyscript : VQE for ./integ_temp/linear_h2_6__3_5/int_mono_linear_h2_6__3_5_4_13_0.dat spawned.
pyscript : VQE for ./integ_temp/linear_h2_6__3_5/int_mono_linear_h2_6__3_5_2_13_0.dat spawned.
pyscript : VQE for ./integ_temp/linear_h2_6__3_5/int_mono_linear_h2_6__3_5_0_13_0.dat spawned.
pyscript : output ./result_temp/linear_h2_6__3_5/res_mono_linear_h2_6__3_5_4_13_0.dat Generated.
it=13	mon=[4]	energy=-1.460215
pyscript : output ./result_temp/linear_h2_6__3_5/res_mono_linear_h2_6__3_5_5_13_0.dat Generated.
pyscript : output ./result_temp/linear_h2_6__3_5/res_mono_linear_h2_6__3_5_3_13_0.dat Generated.
pyscript : output ./result_temp/linear_h2_6__3_5/res_mono_linear_h2_6__3_5_2_13_0.dat Generated.
it=13	mon=[5]	energy=-1.331669
pyscript : output ./result_temp/linear_h2_6__3_5/res_mono_linear_h2_6__3_5_0_13_0.dat Generated.
it=13	mon=[3]	energy=-1.552545
pyscript : output ./result_temp/linear_h2_6__3_5/res_mono_linear_h2_6__3_5_1_13_0.dat Generated.
it=13	mon=[2]	energy=-1.575327
it=13	mon=[0]	energy=-1.421623
it=13	mon=[1]	energy=-1.550245
##SCC itera=13  conv=7  energy =      -8.89162321  energy0 =      -6.82257290  (  83.128279 )
./integ_temp/linear_h2_6__3_5/int_mono_linear_h2_6__3_5_4_14_0.dat -> 7 eris
./integ_temp/linear_h2_6__3_5/int_mono_linear_h2_6__3_5_2_14_0.dat -> 7 eris
./integ_temp/linear_h2_6__3_5/int_mono_linear_h2_6__3_5_1_14_0.dat -> 7 eris
./integ_temp/linear_h2_6__3_5/int_mono_linear_h2_6__3_5_3_14_0.dat -> 7 eris
./integ_temp/linear_h2_6__3_5/int_mono_linear_h2_6__3_5_5_14_0.dat -> 7 eris
./integ_temp/linear_h2_6__3_5/int_mono_linear_h2_6__3_5_0_14_0.dat -> 7 eris
pyscript : VQE for ./integ_temp/linear_h2_6__3_5/int_mono_linear_h2_6__3_5_3_14_0.dat spawned.
pyscript : VQE for ./integ_temp/linear_h2_6__3_5/int_mono_linear_h2_6__3_5_0_14_0.dat spawned.
pyscript : VQE for ./integ_temp/linear_h2_6__3_5/int_mono_linear_h2_6__3_5_5_14_0.dat spawned.
pyscript : VQE for ./integ_temp/linear_h2_6__3_5/int_mono_linear_h2_6__3_5_1_14_0.dat spawned.
pyscript : VQE for ./integ_temp/linear_h2_6__3_5/int_mono_linear_h2_6__3_5_2_14_0.dat spawned.
pyscript : VQE for ./integ_temp/linear_h2_6__3_5/int_mono_linear_h2_6__3_5_4_14_0.dat spawned.
pyscript : output ./result_temp/linear_h2_6__3_5/res_mono_linear_h2_6__3_5_3_14_0.dat Generated.
pyscript : output ./result_temp/linear_h2_6__3_5/res_mono_linear_h2_6__3_5_0_14_0.dat Generated.
pyscript : output ./result_temp/linear_h2_6__3_5/res_mono_linear_h2_6__3_5_1_14_0.dat Generated.
it=14	mon=[3]	energy=-1.552537
pyscript : output ./result_temp/linear_h2_6__3_5/res_mono_linear_h2_6__3_5_4_14_0.dat Generated.
it=14	mon=[0]	energy=-1.421625
it=14	mon=[1]	energy=-1.550235
it=14	mon=[4]	energy=-1.460219
pyscript : output ./result_temp/linear_h2_6__3_5/res_mono_linear_h2_6__3_5_5_14_0.dat Generated.
pyscript : output ./result_temp/linear_h2_6__3_5/res_mono_linear_h2_6__3_5_2_14_0.dat Generated.
it=14	mon=[5]	energy=-1.331671
it=14	mon=[2]	energy=-1.575335
##SCC itera=14  conv=7  energy =      -8.89162126  energy0 =      -6.82257474  (  87.059932 )
./integ_temp/linear_h2_6__3_5/int_mono_linear_h2_6__3_5_2_15_0.dat -> 7 eris
./integ_temp/linear_h2_6__3_5/int_mono_linear_h2_6__3_5_4_15_0.dat -> 7 eris
./integ_temp/linear_h2_6__3_5/int_mono_linear_h2_6__3_5_3_15_0.dat -> 7 eris
./integ_temp/linear_h2_6__3_5/int_mono_linear_h2_6__3_5_5_15_0.dat -> 7 eris
./integ_temp/linear_h2_6__3_5/int_mono_linear_h2_6__3_5_0_15_0.dat -> 7 eris
./integ_temp/linear_h2_6__3_5/int_mono_linear_h2_6__3_5_1_15_0.dat -> 7 eris
pyscript : VQE for ./integ_temp/linear_h2_6__3_5/int_mono_linear_h2_6__3_5_5_15_0.dat spawned.
pyscript : VQE for ./integ_temp/linear_h2_6__3_5/int_mono_linear_h2_6__3_5_1_15_0.dat spawned.
pyscript : VQE for ./integ_temp/linear_h2_6__3_5/int_mono_linear_h2_6__3_5_3_15_0.dat spawned.
pyscript : VQE for ./integ_temp/linear_h2_6__3_5/int_mono_linear_h2_6__3_5_0_15_0.dat spawned.
pyscript : VQE for ./integ_temp/linear_h2_6__3_5/int_mono_linear_h2_6__3_5_2_15_0.dat spawned.
pyscript : VQE for ./integ_temp/linear_h2_6__3_5/int_mono_linear_h2_6__3_5_4_15_0.dat spawned.
pyscript : output ./result_temp/linear_h2_6__3_5/res_mono_linear_h2_6__3_5_3_15_0.dat Generated.
pyscript : output ./result_temp/linear_h2_6__3_5/res_mono_linear_h2_6__3_5_4_15_0.dat Generated.
pyscript : output ./result_temp/linear_h2_6__3_5/res_mono_linear_h2_6__3_5_0_15_0.dat Generated.
pyscript : output ./result_temp/linear_h2_6__3_5/res_mono_linear_h2_6__3_5_5_15_0.dat Generated.
it=15	mon=[3]	energy=-1.552543
it=15	mon=[4]	energy=-1.460223
it=15	mon=[0]	energy=-1.421629
it=15	mon=[5]	energy=-1.331673
pyscript : output ./result_temp/linear_h2_6__3_5/res_mono_linear_h2_6__3_5_1_15_0.dat Generated.
pyscript : output ./result_temp/linear_h2_6__3_5/res_mono_linear_h2_6__3_5_2_15_0.dat Generated.
it=15	mon=[1]	energy=-1.550243
it=15	mon=[2]	energy=-1.575335
##SCC itera=15  conv=7  energy =      -8.89164528  energy0 =      -6.82257475  (  87.887964 )
==== SCC converged ====
##T         ---- Finish SCC procedure ---- : lap time= 1287.007974 ( total etime= 1290.247264 )
./integ_temp/linear_h2_6__3_5/int_dim_linear_h2_6__3_5_3-1_130_0.dat -> 65 eris
./integ_temp/linear_h2_6__3_5/int_dim_linear_h2_6__3_5_3-2_130_0.dat -> 65 eris
./integ_temp/linear_h2_6__3_5/int_dim_linear_h2_6__3_5_1-0_130_0.dat -> 65 eris
./integ_temp/linear_h2_6__3_5/int_dim_linear_h2_6__3_5_3-0_130_0.dat -> 65 eris
./integ_temp/linear_h2_6__3_5/int_dim_linear_h2_6__3_5_2-1_130_0.dat -> 65 eris
./integ_temp/linear_h2_6__3_5/int_dim_linear_h2_6__3_5_2-0_130_0.dat -> 65 eris
pyscript : VQE for ./integ_temp/linear_h2_6__3_5/int_dim_linear_h2_6__3_5_3-2_130_0.dat spawned.
pyscript : VQE for ./integ_temp/linear_h2_6__3_5/int_dim_linear_h2_6__3_5_2-1_130_0.dat spawned.
pyscript : VQE for ./integ_temp/linear_h2_6__3_5/int_dim_linear_h2_6__3_5_1-0_130_0.dat spawned.
pyscript : VQE for ./integ_temp/linear_h2_6__3_5/int_dim_linear_h2_6__3_5_2-0_130_0.dat spawned.
pyscript : VQE for ./integ_temp/linear_h2_6__3_5/int_dim_linear_h2_6__3_5_3-0_130_0.dat spawned.
pyscript : VQE for ./integ_temp/linear_h2_6__3_5/int_dim_linear_h2_6__3_5_3-1_130_0.dat spawned.
pyscript : output ./result_temp/linear_h2_6__3_5/res_dim_linear_h2_6__3_5_2-0_130_0.dat Generated.
pyscript : output ./result_temp/linear_h2_6__3_5/res_dim_linear_h2_6__3_5_3-0_130_0.dat Generated.
it=130	mon=[2, 0]	energy=-2.848894
# E=    -2.8488943725 E-DV=    -2.2742717450 DV=    -0.5746226275 DDV=     0.0001403152
./integ_temp/linear_h2_6__3_5/int_dim_linear_h2_6__3_5_4-0_130_0.dat -> 65 eris
it=130	mon=[3, 0]	energy=-2.876234
# E=    -2.8762342100 E-DV=    -2.2741915549 DV=    -0.6020426551 DDV=     0.0001189215
./integ_temp/linear_h2_6__3_5/int_dim_linear_h2_6__3_5_4-1_130_0.dat -> 65 eris
pyscript : VQE for ./integ_temp/linear_h2_6__3_5/int_dim_linear_h2_6__3_5_4-0_130_0.dat spawned.
pyscript : VQE for ./integ_temp/linear_h2_6__3_5/int_dim_linear_h2_6__3_5_4-1_130_0.dat spawned.
pyscript : output ./result_temp/linear_h2_6__3_5/res_dim_linear_h2_6__3_5_3-1_130_0.dat Generated.
it=130	mon=[3, 1]	energy=-2.958453
# E=    -2.9584530613 E-DV=    -2.2743544278 DV=    -0.6840986335 DDV=     0.0001269585
./integ_temp/linear_h2_6__3_5/int_dim_linear_h2_6__3_5_4-2_130_0.dat -> 65 eris
pyscript : VQE for ./integ_temp/linear_h2_6__3_5/int_dim_linear_h2_6__3_5_4-2_130_0.dat spawned.
pyscript : output ./result_temp/linear_h2_6__3_5/res_dim_linear_h2_6__3_5_4-2_130_0.dat Generated.
it=130	mon=[4, 2]	energy=-2.893961
# E=    -2.8939607269 E-DV=    -2.2740994379 DV=    -0.6198612890 DDV=     0.0001351066
./integ_temp/linear_h2_6__3_5/int_dim_linear_h2_6__3_5_4-3_130_0.dat -> 65 eris
pyscript : VQE for ./integ_temp/linear_h2_6__3_5/int_dim_linear_h2_6__3_5_4-3_130_0.dat spawned.
pyscript : output ./result_temp/linear_h2_6__3_5/res_dim_linear_h2_6__3_5_4-1_130_0.dat Generated.
pyscript : output ./result_temp/linear_h2_6__3_5/res_dim_linear_h2_6__3_5_4-0_130_0.dat Generated.
it=130	mon=[4, 1]	energy=-2.915778
# E=    -2.9157778604 E-DV=    -2.2741298939 DV=    -0.6416479665 DDV=     0.0001222706
./integ_temp/linear_h2_6__3_5/int_dim_linear_h2_6__3_5_5-0_130_0.dat -> 65 eris
it=130	mon=[4, 0]	energy=-2.809414
# E=    -2.8094144545 E-DV=    -2.2739324772 DV=    -0.5354819773 DDV=     0.0000828076
./integ_temp/linear_h2_6__3_5/int_dim_linear_h2_6__3_5_5-1_130_0.dat -> 65 eris
pyscript : VQE for ./integ_temp/linear_h2_6__3_5/int_dim_linear_h2_6__3_5_5-0_130_0.dat spawned.
pyscript : VQE for ./integ_temp/linear_h2_6__3_5/int_dim_linear_h2_6__3_5_5-1_130_0.dat spawned.
pyscript : output ./result_temp/linear_h2_6__3_5/res_dim_linear_h2_6__3_5_5-0_130_0.dat Generated.
it=130	mon=[5, 0]	energy=-2.688679
# E=    -2.6886787362 E-DV=    -2.2742032370 DV=    -0.4144754991 DDV=     0.0000429111
./integ_temp/linear_h2_6__3_5/int_dim_linear_h2_6__3_5_5-2_130_0.dat -> 65 eris
pyscript : VQE for ./integ_temp/linear_h2_6__3_5/int_dim_linear_h2_6__3_5_5-2_130_0.dat spawned.
pyscript : output ./result_temp/linear_h2_6__3_5/res_dim_linear_h2_6__3_5_5-1_130_0.dat Generated.
it=130	mon=[5, 1]	energy=-2.799937
# E=    -2.7999373381 E-DV=    -2.2743659320 DV=    -0.5255714061 DDV=     0.0000666926
./integ_temp/linear_h2_6__3_5/int_dim_linear_h2_6__3_5_5-3_130_0.dat -> 65 eris
pyscript : VQE for ./integ_temp/linear_h2_6__3_5/int_dim_linear_h2_6__3_5_5-3_130_0.dat spawned.
pyscript : output ./result_temp/linear_h2_6__3_5/res_dim_linear_h2_6__3_5_5-2_130_0.dat Generated.
it=130	mon=[5, 2]	energy=-2.791262
# E=    -2.7912620845 E-DV=    -2.2743183217 DV=    -0.5169437629 DDV=     0.0000372946
./integ_temp/linear_h2_6__3_5/int_dim_linear_h2_6__3_5_5-4_130_0.dat -> 65 eris
pyscript : VQE for ./integ_temp/linear_h2_6__3_5/int_dim_linear_h2_6__3_5_5-4_130_0.dat spawned.
pyscript : output ./result_temp/linear_h2_6__3_5/res_dim_linear_h2_6__3_5_5-3_130_0.dat Generated.
it=130	mon=[5, 3]	energy=-2.681845
# E=    -2.6818448425 E-DV=    -2.2740964532 DV=    -0.4077483892 DDV=    -0.0002701761
pyscript : output ./result_temp/linear_h2_6__3_5/res_dim_linear_h2_6__3_5_3-2_130_0.dat Generated.
it=130	mon=[3, 2]	energy=-2.836287
# E=    -2.8362867689 E-DV=    -2.2739268674 DV=    -0.5623599015 DDV=    -0.0003197552
pyscript : output ./result_temp/linear_h2_6__3_5/res_dim_linear_h2_6__3_5_1-0_130_0.dat Generated.
it=130	mon=[1, 0]	energy=-2.669745
# E=    -2.6697447014 E-DV=    -2.2740898760 DV=    -0.3956548254 DDV=    -0.0002577951
pyscript : output ./result_temp/linear_h2_6__3_5/res_dim_linear_h2_6__3_5_4-3_130_0.dat Generated.
it=130	mon=[4, 3]	energy=-2.726812
# E=    -2.7268121355 E-DV=    -2.2740016715 DV=    -0.4528104641 DDV=    -0.0001577286
pyscript : output ./result_temp/linear_h2_6__3_5/res_dim_linear_h2_6__3_5_2-1_130_0.dat Generated.
it=130	mon=[2, 1]	energy=-2.830993
# E=    -2.8309934278 E-DV=    -2.2742061734 DV=    -0.5567872544 DDV=    -0.0003543145
pyscript : output ./result_temp/linear_h2_6__3_5/res_dim_linear_h2_6__3_5_5-4_130_0.dat Generated.
it=130	mon=[5, 4]	energy=-2.557472
# E=    -2.5574724291 E-DV=    -2.2741003491 DV=    -0.2833720800 DDV=     0.0001614179
##T    ---- Finish to Calc. Dimer SCF ---- : lap time= 4778.407725 ( total etime= 6068.655019 )
       ( # of scf dimer = 15 )
        dE0(SCF dimer) =       0.00026028
##T     ---- Finish to Calc. ES Dimer ---- : lap time=   0.032212 ( total etime= 6068.687255 )
    (# of ES dimer = 0)
    dE0(ES dimer) =       0.00000000
    total energy(FMO) =      -6.82231447
##T  -- All workers have been destroyed -- : lap time=   0.102327 ( total etime= 6068.789602 )
---- ATOMIC POPULATION DATA -----
   SN AN  ATOMIC POP  NET CHARGE
---------------------------------
    1  1       0.998       0.002
    2  1       1.002      -0.002
    3  1       1.002      -0.002
    4  1       0.998       0.002
    5  1       1.005      -0.005
    6  1       0.995       0.005
    7  1       1.018      -0.018
    8  1       0.982       0.018
    9  1       0.980       0.020
   10  1       1.020      -0.020
   11  1       0.996       0.004
   12  1       1.004      -0.004
---------------------------------
total charge =      0.000
---------------------------------
##T    -- calc AO and atomic population -- : lap time=   0.057837 ( total etime= 6068.847463 )
##T   -- All mservs have been destroyed -- : lap time=   0.000017 ( total etime= 6068.847507 )
