Will Run VQE
ngroup       = 6
nioprocs     = 1
niogroup     = 1
nmaxprocs    = 8
group size   = 1
# of threads = 48
nintic       = 2048
input file name       = ./samples/linear_H2_6/linear_H2_6_4_0.inp
prefix of output file = 
local input dir.      = ./
# of total invoked procs = 8 (=1iog*1iop+1+6gr*1pr)
master host name = gwonhaklee-System-Product-Name
-----------------------------------------------------
 # of data = 11
nfrag = 6
##T                  Finish Initialization : lap time=   0.000194 ( total etime=   0.000194 )
****** LIST OF HOST NAME (MSERV(ID=0))******
rank=  0 : gwonhaklee-System-Product-Name
********************************
##T        Finish to Create Memory Servers : lap time=   0.134107 ( total etime=   0.134309 )
****** LIST OF HOST NAME (WORKER(ID=0)) ******
rank=  0 : gwonhaklee-System-Product-Name
********************************
****** LIST OF HOST NAME (WORKER(ID=1)) ******
rank=  0 : gwonhaklee-System-Product-Name
********************************
****** LIST OF HOST NAME (WORKER(ID=2)) ******
rank=  0 : gwonhaklee-System-Product-Name
********************************
****** LIST OF HOST NAME (WORKER(ID=3)) ******
rank=  0 : gwonhaklee-System-Product-Name
********************************
****** LIST OF HOST NAME (WORKER(ID=4)) ******
rank=  0 : gwonhaklee-System-Product-Name
********************************
##T               Finish to Create Workers : lap time=   1.079233 ( total etime=   1.213554 )
****** LIST OF HOST NAME (WORKER(ID=5)) ******
rank=  0 : gwonhaklee-System-Product-Name
********************************
##T     Finish to Connect Mservs & Workers : lap time=   0.976017 ( total etime=   2.189587 )
calc. inter-frag distance list = 1
##T    Finish to Calculate Initial Density : lap time=   0.565724 ( total etime=   3.255293 )
---- start SCC (maxscc=30, sccconv=7) ----
./integ_temp/linear_h2_6__4_0/int_mono_linear_h2_6__4_0_4_1_0.dat -> 7 eris
./integ_temp/linear_h2_6__4_0/int_mono_linear_h2_6__4_0_5_1_0.dat -> 7 eris
./integ_temp/linear_h2_6__4_0/int_mono_linear_h2_6__4_0_2_1_0.dat -> 7 eris
./integ_temp/linear_h2_6__4_0/int_mono_linear_h2_6__4_0_0_1_0.dat -> 7 eris
./integ_temp/linear_h2_6__4_0/int_mono_linear_h2_6__4_0_3_1_0.dat -> 7 eris
./integ_temp/linear_h2_6__4_0/int_mono_linear_h2_6__4_0_1_1_0.dat -> 7 eris
pyscript : VQE for ./integ_temp/linear_h2_6__4_0/int_mono_linear_h2_6__4_0_3_1_0.dat spawned.
pyscript : VQE for ./integ_temp/linear_h2_6__4_0/int_mono_linear_h2_6__4_0_5_1_0.dat spawned.
pyscript : VQE for ./integ_temp/linear_h2_6__4_0/int_mono_linear_h2_6__4_0_4_1_0.dat spawned.
pyscript : VQE for ./integ_temp/linear_h2_6__4_0/int_mono_linear_h2_6__4_0_0_1_0.dat spawned.
pyscript : VQE for ./integ_temp/linear_h2_6__4_0/int_mono_linear_h2_6__4_0_1_1_0.dat spawned.
pyscript : VQE for ./integ_temp/linear_h2_6__4_0/int_mono_linear_h2_6__4_0_2_1_0.dat spawned.
pyscript : output ./result_temp/linear_h2_6__4_0/res_mono_linear_h2_6__4_0_2_1_0.dat Generated.
pyscript : output ./result_temp/linear_h2_6__4_0/res_mono_linear_h2_6__4_0_4_1_0.dat Generated.
pyscript : output ./result_temp/linear_h2_6__4_0/res_mono_linear_h2_6__4_0_0_1_0.dat Generated.
pyscript : output ./result_temp/linear_h2_6__4_0/res_mono_linear_h2_6__4_0_5_1_0.dat Generated.
pyscript : output ./result_temp/linear_h2_6__4_0/res_mono_linear_h2_6__4_0_3_1_0.dat Generated.
pyscript : output ./result_temp/linear_h2_6__4_0/res_mono_linear_h2_6__4_0_1_1_0.dat Generated.
it=1	mon=[2]	energy=-1.514424
it=1	mon=[0]	energy=-1.384696
it=1	mon=[4]	energy=-1.413086
it=1	mon=[5]	energy=-1.302200
it=1	mon=[3]	energy=-1.497097
it=1	mon=[1]	energy=-1.490077
##SCC itera= 1  conv=2  energy =      -8.60158048  energy0 =      -6.82285039  (  78.822193 )
./integ_temp/linear_h2_6__4_0/int_mono_linear_h2_6__4_0_0_2_0.dat -> 7 eris
./integ_temp/linear_h2_6__4_0/int_mono_linear_h2_6__4_0_2_2_0.dat -> 7 eris
./integ_temp/linear_h2_6__4_0/int_mono_linear_h2_6__4_0_1_2_0.dat -> 7 eris
./integ_temp/linear_h2_6__4_0/int_mono_linear_h2_6__4_0_3_2_0.dat -> 7 eris
./integ_temp/linear_h2_6__4_0/int_mono_linear_h2_6__4_0_4_2_0.dat -> 7 eris
./integ_temp/linear_h2_6__4_0/int_mono_linear_h2_6__4_0_5_2_0.dat -> 7 eris
pyscript : VQE for ./integ_temp/linear_h2_6__4_0/int_mono_linear_h2_6__4_0_2_2_0.dat spawned.
pyscript : VQE for ./integ_temp/linear_h2_6__4_0/int_mono_linear_h2_6__4_0_0_2_0.dat spawned.
pyscript : VQE for ./integ_temp/linear_h2_6__4_0/int_mono_linear_h2_6__4_0_3_2_0.dat spawned.
pyscript : VQE for ./integ_temp/linear_h2_6__4_0/int_mono_linear_h2_6__4_0_4_2_0.dat spawned.
pyscript : VQE for ./integ_temp/linear_h2_6__4_0/int_mono_linear_h2_6__4_0_5_2_0.dat spawned.
pyscript : VQE for ./integ_temp/linear_h2_6__4_0/int_mono_linear_h2_6__4_0_1_2_0.dat spawned.
pyscript : output ./result_temp/linear_h2_6__4_0/res_mono_linear_h2_6__4_0_0_2_0.dat Generated.
pyscript : output ./result_temp/linear_h2_6__4_0/res_mono_linear_h2_6__4_0_4_2_0.dat Generated.
pyscript : output ./result_temp/linear_h2_6__4_0/res_mono_linear_h2_6__4_0_5_2_0.dat Generated.
it=2	mon=[0]	energy=-1.394299
pyscript : output ./result_temp/linear_h2_6__4_0/res_mono_linear_h2_6__4_0_3_2_0.dat Generated.
it=2	mon=[4]	energy=-1.424747
it=2	mon=[5]	energy=-1.310440
pyscript : output ./result_temp/linear_h2_6__4_0/res_mono_linear_h2_6__4_0_2_2_0.dat Generated.
it=2	mon=[3]	energy=-1.509250
it=2	mon=[2]	energy=-1.529638
pyscript : output ./result_temp/linear_h2_6__4_0/res_mono_linear_h2_6__4_0_1_2_0.dat Generated.
it=2	mon=[1]	energy=-1.506553
##SCC itera= 2  conv=2  energy =      -8.67492715  energy0 =      -6.82281065  ( 102.710991 )
./integ_temp/linear_h2_6__4_0/int_mono_linear_h2_6__4_0_4_3_0.dat -> 7 eris
./integ_temp/linear_h2_6__4_0/int_mono_linear_h2_6__4_0_1_3_0.dat -> 7 eris
./integ_temp/linear_h2_6__4_0/int_mono_linear_h2_6__4_0_2_3_0.dat -> 7 eris
./integ_temp/linear_h2_6__4_0/int_mono_linear_h2_6__4_0_0_3_0.dat -> 7 eris
./integ_temp/linear_h2_6__4_0/int_mono_linear_h2_6__4_0_5_3_0.dat -> 7 eris
./integ_temp/linear_h2_6__4_0/int_mono_linear_h2_6__4_0_3_3_0.dat -> 7 eris
pyscript : VQE for ./integ_temp/linear_h2_6__4_0/int_mono_linear_h2_6__4_0_0_3_0.dat spawned.
pyscript : VQE for ./integ_temp/linear_h2_6__4_0/int_mono_linear_h2_6__4_0_1_3_0.dat spawned.
pyscript : VQE for ./integ_temp/linear_h2_6__4_0/int_mono_linear_h2_6__4_0_4_3_0.dat spawned.
pyscript : VQE for ./integ_temp/linear_h2_6__4_0/int_mono_linear_h2_6__4_0_3_3_0.dat spawned.
pyscript : VQE for ./integ_temp/linear_h2_6__4_0/int_mono_linear_h2_6__4_0_2_3_0.dat spawned.
pyscript : VQE for ./integ_temp/linear_h2_6__4_0/int_mono_linear_h2_6__4_0_5_3_0.dat spawned.
pyscript : output ./result_temp/linear_h2_6__4_0/res_mono_linear_h2_6__4_0_4_3_0.dat Generated.
pyscript : output ./result_temp/linear_h2_6__4_0/res_mono_linear_h2_6__4_0_0_3_0.dat Generated.
it=3	mon=[4]	energy=-1.424263
pyscript : output ./result_temp/linear_h2_6__4_0/res_mono_linear_h2_6__4_0_2_3_0.dat Generated.
pyscript : output ./result_temp/linear_h2_6__4_0/res_mono_linear_h2_6__4_0_3_3_0.dat Generated.
pyscript : output ./result_temp/linear_h2_6__4_0/res_mono_linear_h2_6__4_0_5_3_0.dat Generated.
pyscript : output ./result_temp/linear_h2_6__4_0/res_mono_linear_h2_6__4_0_1_3_0.dat Generated.
it=3	mon=[0]	energy=-1.393809
it=3	mon=[2]	energy=-1.529166
it=3	mon=[1]	energy=-1.506447
it=3	mon=[5]	energy=-1.310266
it=3	mon=[3]	energy=-1.508833
##SCC itera= 3  conv=4  energy =      -8.67278493  energy0 =      -6.82280939  (  82.191718 )
./integ_temp/linear_h2_6__4_0/int_mono_linear_h2_6__4_0_2_4_0.dat -> 7 eris
./integ_temp/linear_h2_6__4_0/int_mono_linear_h2_6__4_0_4_4_0.dat -> 7 eris
./integ_temp/linear_h2_6__4_0/int_mono_linear_h2_6__4_0_0_4_0.dat -> 7 eris
./integ_temp/linear_h2_6__4_0/int_mono_linear_h2_6__4_0_1_4_0.dat -> 7 eris
./integ_temp/linear_h2_6__4_0/int_mono_linear_h2_6__4_0_5_4_0.dat -> 7 eris
./integ_temp/linear_h2_6__4_0/int_mono_linear_h2_6__4_0_3_4_0.dat -> 7 eris
pyscript : VQE for ./integ_temp/linear_h2_6__4_0/int_mono_linear_h2_6__4_0_4_4_0.dat spawned.
pyscript : VQE for ./integ_temp/linear_h2_6__4_0/int_mono_linear_h2_6__4_0_3_4_0.dat spawned.
pyscript : VQE for ./integ_temp/linear_h2_6__4_0/int_mono_linear_h2_6__4_0_0_4_0.dat spawned.
pyscript : VQE for ./integ_temp/linear_h2_6__4_0/int_mono_linear_h2_6__4_0_1_4_0.dat spawned.
pyscript : VQE for ./integ_temp/linear_h2_6__4_0/int_mono_linear_h2_6__4_0_5_4_0.dat spawned.
pyscript : VQE for ./integ_temp/linear_h2_6__4_0/int_mono_linear_h2_6__4_0_2_4_0.dat spawned.
pyscript : output ./result_temp/linear_h2_6__4_0/res_mono_linear_h2_6__4_0_4_4_0.dat Generated.
pyscript : output ./result_temp/linear_h2_6__4_0/res_mono_linear_h2_6__4_0_3_4_0.dat Generated.
pyscript : output ./result_temp/linear_h2_6__4_0/res_mono_linear_h2_6__4_0_5_4_0.dat Generated.
it=4	mon=[4]	energy=-1.424239
pyscript : output ./result_temp/linear_h2_6__4_0/res_mono_linear_h2_6__4_0_0_4_0.dat Generated.
it=4	mon=[3]	energy=-1.508810
pyscript : output ./result_temp/linear_h2_6__4_0/res_mono_linear_h2_6__4_0_2_4_0.dat Generated.
pyscript : output ./result_temp/linear_h2_6__4_0/res_mono_linear_h2_6__4_0_1_4_0.dat Generated.
it=4	mon=[5]	energy=-1.310248
it=4	mon=[0]	energy=-1.393773
it=4	mon=[2]	energy=-1.529138
it=4	mon=[1]	energy=-1.506423
##SCC itera= 4  conv=6  energy =      -8.67263113  energy0 =      -6.82281131  (  81.315983 )
./integ_temp/linear_h2_6__4_0/int_mono_linear_h2_6__4_0_4_5_0.dat -> 7 eris
./integ_temp/linear_h2_6__4_0/int_mono_linear_h2_6__4_0_5_5_0.dat -> 7 eris
./integ_temp/linear_h2_6__4_0/int_mono_linear_h2_6__4_0_1_5_0.dat -> 7 eris
./integ_temp/linear_h2_6__4_0/int_mono_linear_h2_6__4_0_3_5_0.dat -> 7 eris
./integ_temp/linear_h2_6__4_0/int_mono_linear_h2_6__4_0_2_5_0.dat -> 7 eris
./integ_temp/linear_h2_6__4_0/int_mono_linear_h2_6__4_0_0_5_0.dat -> 7 eris
pyscript : VQE for ./integ_temp/linear_h2_6__4_0/int_mono_linear_h2_6__4_0_2_5_0.dat spawned.
pyscript : VQE for ./integ_temp/linear_h2_6__4_0/int_mono_linear_h2_6__4_0_3_5_0.dat spawned.
pyscript : VQE for ./integ_temp/linear_h2_6__4_0/int_mono_linear_h2_6__4_0_0_5_0.dat spawned.
pyscript : VQE for ./integ_temp/linear_h2_6__4_0/int_mono_linear_h2_6__4_0_1_5_0.dat spawned.
pyscript : VQE for ./integ_temp/linear_h2_6__4_0/int_mono_linear_h2_6__4_0_5_5_0.dat spawned.
pyscript : VQE for ./integ_temp/linear_h2_6__4_0/int_mono_linear_h2_6__4_0_4_5_0.dat spawned.
pyscript : output ./result_temp/linear_h2_6__4_0/res_mono_linear_h2_6__4_0_4_5_0.dat Generated.
pyscript : output ./result_temp/linear_h2_6__4_0/res_mono_linear_h2_6__4_0_3_5_0.dat Generated.
pyscript : output ./result_temp/linear_h2_6__4_0/res_mono_linear_h2_6__4_0_2_5_0.dat Generated.
pyscript : output ./result_temp/linear_h2_6__4_0/res_mono_linear_h2_6__4_0_0_5_0.dat Generated.
pyscript : output ./result_temp/linear_h2_6__4_0/res_mono_linear_h2_6__4_0_5_5_0.dat Generated.
it=5	mon=[4]	energy=-1.424241
pyscript : output ./result_temp/linear_h2_6__4_0/res_mono_linear_h2_6__4_0_1_5_0.dat Generated.
it=5	mon=[5]	energy=-1.310248
it=5	mon=[2]	energy=-1.529140
it=5	mon=[3]	energy=-1.508813
it=5	mon=[0]	energy=-1.393773
it=5	mon=[1]	energy=-1.506423
##SCC itera= 5  conv=6  energy =      -8.67263908  energy0 =      -6.82280944  (  79.315719 )
./integ_temp/linear_h2_6__4_0/int_mono_linear_h2_6__4_0_2_6_0.dat -> 7 eris
./integ_temp/linear_h2_6__4_0/int_mono_linear_h2_6__4_0_4_6_0.dat -> 7 eris
./integ_temp/linear_h2_6__4_0/int_mono_linear_h2_6__4_0_5_6_0.dat -> 7 eris
./integ_temp/linear_h2_6__4_0/int_mono_linear_h2_6__4_0_0_6_0.dat -> 7 eris
./integ_temp/linear_h2_6__4_0/int_mono_linear_h2_6__4_0_3_6_0.dat -> 7 eris
./integ_temp/linear_h2_6__4_0/int_mono_linear_h2_6__4_0_1_6_0.dat -> 7 eris
pyscript : VQE for ./integ_temp/linear_h2_6__4_0/int_mono_linear_h2_6__4_0_0_6_0.dat spawned.
pyscript : VQE for ./integ_temp/linear_h2_6__4_0/int_mono_linear_h2_6__4_0_5_6_0.dat spawned.
pyscript : VQE for ./integ_temp/linear_h2_6__4_0/int_mono_linear_h2_6__4_0_4_6_0.dat spawned.
pyscript : VQE for ./integ_temp/linear_h2_6__4_0/int_mono_linear_h2_6__4_0_3_6_0.dat spawned.
pyscript : VQE for ./integ_temp/linear_h2_6__4_0/int_mono_linear_h2_6__4_0_2_6_0.dat spawned.
pyscript : VQE for ./integ_temp/linear_h2_6__4_0/int_mono_linear_h2_6__4_0_1_6_0.dat spawned.
pyscript : output ./result_temp/linear_h2_6__4_0/res_mono_linear_h2_6__4_0_4_6_0.dat Generated.
pyscript : output ./result_temp/linear_h2_6__4_0/res_mono_linear_h2_6__4_0_1_6_0.dat Generated.
pyscript : output ./result_temp/linear_h2_6__4_0/res_mono_linear_h2_6__4_0_5_6_0.dat Generated.
pyscript : output ./result_temp/linear_h2_6__4_0/res_mono_linear_h2_6__4_0_0_6_0.dat Generated.
it=6	mon=[4]	energy=-1.424239
it=6	mon=[1]	energy=-1.506423
pyscript : output ./result_temp/linear_h2_6__4_0/res_mono_linear_h2_6__4_0_2_6_0.dat Generated.
pyscript : output ./result_temp/linear_h2_6__4_0/res_mono_linear_h2_6__4_0_3_6_0.dat Generated.
it=6	mon=[5]	energy=-1.310248
it=6	mon=[0]	energy=-1.393773
it=6	mon=[2]	energy=-1.529138
it=6	mon=[3]	energy=-1.508814
##SCC itera= 6  conv=6  energy =      -8.67263514  energy0 =      -6.82281541  (  84.267964 )
./integ_temp/linear_h2_6__4_0/int_mono_linear_h2_6__4_0_2_7_0.dat -> 7 eris
./integ_temp/linear_h2_6__4_0/int_mono_linear_h2_6__4_0_0_7_0.dat -> 7 eris
./integ_temp/linear_h2_6__4_0/int_mono_linear_h2_6__4_0_3_7_0.dat -> 7 eris
./integ_temp/linear_h2_6__4_0/int_mono_linear_h2_6__4_0_5_7_0.dat -> 7 eris
./integ_temp/linear_h2_6__4_0/int_mono_linear_h2_6__4_0_1_7_0.dat -> 7 eris
./integ_temp/linear_h2_6__4_0/int_mono_linear_h2_6__4_0_4_7_0.dat -> 7 eris
pyscript : VQE for ./integ_temp/linear_h2_6__4_0/int_mono_linear_h2_6__4_0_3_7_0.dat spawned.
pyscript : VQE for ./integ_temp/linear_h2_6__4_0/int_mono_linear_h2_6__4_0_5_7_0.dat spawned.
pyscript : VQE for ./integ_temp/linear_h2_6__4_0/int_mono_linear_h2_6__4_0_4_7_0.dat spawned.
pyscript : VQE for ./integ_temp/linear_h2_6__4_0/int_mono_linear_h2_6__4_0_0_7_0.dat spawned.
pyscript : VQE for ./integ_temp/linear_h2_6__4_0/int_mono_linear_h2_6__4_0_1_7_0.dat spawned.
pyscript : VQE for ./integ_temp/linear_h2_6__4_0/int_mono_linear_h2_6__4_0_2_7_0.dat spawned.
pyscript : output ./result_temp/linear_h2_6__4_0/res_mono_linear_h2_6__4_0_4_7_0.dat Generated.
pyscript : output ./result_temp/linear_h2_6__4_0/res_mono_linear_h2_6__4_0_0_7_0.dat Generated.
it=7	mon=[4]	energy=-1.424239
pyscript : output ./result_temp/linear_h2_6__4_0/res_mono_linear_h2_6__4_0_3_7_0.dat Generated.
it=7	mon=[0]	energy=-1.393771
pyscript : output ./result_temp/linear_h2_6__4_0/res_mono_linear_h2_6__4_0_2_7_0.dat Generated.
it=7	mon=[3]	energy=-1.508810
pyscript : output ./result_temp/linear_h2_6__4_0/res_mono_linear_h2_6__4_0_1_7_0.dat Generated.
it=7	mon=[2]	energy=-1.529140
it=7	mon=[1]	energy=-1.506419
pyscript : output ./result_temp/linear_h2_6__4_0/res_mono_linear_h2_6__4_0_5_7_0.dat Generated.
it=7	mon=[5]	energy=-1.310248
##SCC itera= 7  conv=7  energy =      -8.67262713  energy0 =      -6.82281333  (  91.335981 )
./integ_temp/linear_h2_6__4_0/int_mono_linear_h2_6__4_0_4_8_0.dat -> 7 eris
./integ_temp/linear_h2_6__4_0/int_mono_linear_h2_6__4_0_3_8_0.dat -> 7 eris
./integ_temp/linear_h2_6__4_0/int_mono_linear_h2_6__4_0_1_8_0.dat -> 7 eris
./integ_temp/linear_h2_6__4_0/int_mono_linear_h2_6__4_0_5_8_0.dat -> 7 eris
./integ_temp/linear_h2_6__4_0/int_mono_linear_h2_6__4_0_2_8_0.dat -> 7 eris
./integ_temp/linear_h2_6__4_0/int_mono_linear_h2_6__4_0_0_8_0.dat -> 7 eris
pyscript : VQE for ./integ_temp/linear_h2_6__4_0/int_mono_linear_h2_6__4_0_4_8_0.dat spawned.
pyscript : VQE for ./integ_temp/linear_h2_6__4_0/int_mono_linear_h2_6__4_0_0_8_0.dat spawned.
pyscript : VQE for ./integ_temp/linear_h2_6__4_0/int_mono_linear_h2_6__4_0_3_8_0.dat spawned.
pyscript : VQE for ./integ_temp/linear_h2_6__4_0/int_mono_linear_h2_6__4_0_2_8_0.dat spawned.
pyscript : VQE for ./integ_temp/linear_h2_6__4_0/int_mono_linear_h2_6__4_0_5_8_0.dat spawned.
pyscript : VQE for ./integ_temp/linear_h2_6__4_0/int_mono_linear_h2_6__4_0_1_8_0.dat spawned.
pyscript : output ./result_temp/linear_h2_6__4_0/res_mono_linear_h2_6__4_0_4_8_0.dat Generated.
pyscript : output ./result_temp/linear_h2_6__4_0/res_mono_linear_h2_6__4_0_5_8_0.dat Generated.
it=8	mon=[4]	energy=-1.424241
pyscript : output ./result_temp/linear_h2_6__4_0/res_mono_linear_h2_6__4_0_1_8_0.dat Generated.
pyscript : output ./result_temp/linear_h2_6__4_0/res_mono_linear_h2_6__4_0_0_8_0.dat Generated.
it=8	mon=[5]	energy=-1.310248
pyscript : output ./result_temp/linear_h2_6__4_0/res_mono_linear_h2_6__4_0_3_8_0.dat Generated.
pyscript : output ./result_temp/linear_h2_6__4_0/res_mono_linear_h2_6__4_0_2_8_0.dat Generated.
it=8	mon=[1]	energy=-1.506423
it=8	mon=[3]	energy=-1.508814
it=8	mon=[0]	energy=-1.393773
it=8	mon=[2]	energy=-1.529140
##SCC itera= 8  conv=7  energy =      -8.67263918  energy0 =      -6.82280949  (  82.168332 )
./integ_temp/linear_h2_6__4_0/int_mono_linear_h2_6__4_0_1_9_0.dat -> 7 eris
./integ_temp/linear_h2_6__4_0/int_mono_linear_h2_6__4_0_3_9_0.dat -> 7 eris
./integ_temp/linear_h2_6__4_0/int_mono_linear_h2_6__4_0_4_9_0.dat -> 7 eris
./integ_temp/linear_h2_6__4_0/int_mono_linear_h2_6__4_0_5_9_0.dat -> 7 eris
./integ_temp/linear_h2_6__4_0/int_mono_linear_h2_6__4_0_2_9_0.dat -> 7 eris
./integ_temp/linear_h2_6__4_0/int_mono_linear_h2_6__4_0_0_9_0.dat -> 7 eris
pyscript : VQE for ./integ_temp/linear_h2_6__4_0/int_mono_linear_h2_6__4_0_0_9_0.dat spawned.
pyscript : VQE for ./integ_temp/linear_h2_6__4_0/int_mono_linear_h2_6__4_0_2_9_0.dat spawned.
pyscript : VQE for ./integ_temp/linear_h2_6__4_0/int_mono_linear_h2_6__4_0_3_9_0.dat spawned.
pyscript : VQE for ./integ_temp/linear_h2_6__4_0/int_mono_linear_h2_6__4_0_1_9_0.dat spawned.
pyscript : VQE for ./integ_temp/linear_h2_6__4_0/int_mono_linear_h2_6__4_0_5_9_0.dat spawned.
pyscript : VQE for ./integ_temp/linear_h2_6__4_0/int_mono_linear_h2_6__4_0_4_9_0.dat spawned.
pyscript : output ./result_temp/linear_h2_6__4_0/res_mono_linear_h2_6__4_0_4_9_0.dat Generated.
pyscript : output ./result_temp/linear_h2_6__4_0/res_mono_linear_h2_6__4_0_2_9_0.dat Generated.
pyscript : output ./result_temp/linear_h2_6__4_0/res_mono_linear_h2_6__4_0_0_9_0.dat Generated.
it=9	mon=[4]	energy=-1.424239
pyscript : output ./result_temp/linear_h2_6__4_0/res_mono_linear_h2_6__4_0_3_9_0.dat Generated.
it=9	mon=[2]	energy=-1.529140
it=9	mon=[0]	energy=-1.393771
pyscript : output ./result_temp/linear_h2_6__4_0/res_mono_linear_h2_6__4_0_1_9_0.dat Generated.
pyscript : output ./result_temp/linear_h2_6__4_0/res_mono_linear_h2_6__4_0_5_9_0.dat Generated.
it=9	mon=[3]	energy=-1.508810
it=9	mon=[1]	energy=-1.506419
it=9	mon=[5]	energy=-1.310248
##SCC itera= 9  conv=7  energy =      -8.67262713  energy0 =      -6.82281333  (  85.356246 )
./integ_temp/linear_h2_6__4_0/int_mono_linear_h2_6__4_0_2_10_0.dat -> 7 eris
./integ_temp/linear_h2_6__4_0/int_mono_linear_h2_6__4_0_0_10_0.dat -> 7 eris
./integ_temp/linear_h2_6__4_0/int_mono_linear_h2_6__4_0_4_10_0.dat -> 7 eris
./integ_temp/linear_h2_6__4_0/int_mono_linear_h2_6__4_0_1_10_0.dat -> 7 eris
./integ_temp/linear_h2_6__4_0/int_mono_linear_h2_6__4_0_3_10_0.dat -> 7 eris
./integ_temp/linear_h2_6__4_0/int_mono_linear_h2_6__4_0_5_10_0.dat -> 7 eris
pyscript : VQE for ./integ_temp/linear_h2_6__4_0/int_mono_linear_h2_6__4_0_2_10_0.dat spawned.
pyscript : VQE for ./integ_temp/linear_h2_6__4_0/int_mono_linear_h2_6__4_0_3_10_0.dat spawned.
pyscript : VQE for ./integ_temp/linear_h2_6__4_0/int_mono_linear_h2_6__4_0_1_10_0.dat spawned.
pyscript : VQE for ./integ_temp/linear_h2_6__4_0/int_mono_linear_h2_6__4_0_0_10_0.dat spawned.
pyscript : VQE for ./integ_temp/linear_h2_6__4_0/int_mono_linear_h2_6__4_0_5_10_0.dat spawned.
pyscript : VQE for ./integ_temp/linear_h2_6__4_0/int_mono_linear_h2_6__4_0_4_10_0.dat spawned.
pyscript : output ./result_temp/linear_h2_6__4_0/res_mono_linear_h2_6__4_0_4_10_0.dat Generated.
pyscript : output ./result_temp/linear_h2_6__4_0/res_mono_linear_h2_6__4_0_5_10_0.dat Generated.
pyscript : output ./result_temp/linear_h2_6__4_0/res_mono_linear_h2_6__4_0_0_10_0.dat Generated.
pyscript : output ./result_temp/linear_h2_6__4_0/res_mono_linear_h2_6__4_0_1_10_0.dat Generated.
it=10	mon=[4]	energy=-1.424241
pyscript : output ./result_temp/linear_h2_6__4_0/res_mono_linear_h2_6__4_0_2_10_0.dat Generated.
it=10	mon=[5]	energy=-1.310248
pyscript : output ./result_temp/linear_h2_6__4_0/res_mono_linear_h2_6__4_0_3_10_0.dat Generated.
it=10	mon=[0]	energy=-1.393773
it=10	mon=[1]	energy=-1.506423
it=10	mon=[2]	energy=-1.529140
it=10	mon=[3]	energy=-1.508814
##SCC itera=10  conv=7  energy =      -8.67263917  energy0 =      -6.82280953  (  81.261169 )
./integ_temp/linear_h2_6__4_0/int_mono_linear_h2_6__4_0_2_11_0.dat -> 7 eris
./integ_temp/linear_h2_6__4_0/int_mono_linear_h2_6__4_0_1_11_0.dat -> 7 eris
./integ_temp/linear_h2_6__4_0/int_mono_linear_h2_6__4_0_3_11_0.dat -> 7 eris
./integ_temp/linear_h2_6__4_0/int_mono_linear_h2_6__4_0_4_11_0.dat -> 7 eris
./integ_temp/linear_h2_6__4_0/int_mono_linear_h2_6__4_0_0_11_0.dat -> 7 eris
./integ_temp/linear_h2_6__4_0/int_mono_linear_h2_6__4_0_5_11_0.dat -> 7 eris
pyscript : VQE for ./integ_temp/linear_h2_6__4_0/int_mono_linear_h2_6__4_0_1_11_0.dat spawned.
pyscript : VQE for ./integ_temp/linear_h2_6__4_0/int_mono_linear_h2_6__4_0_3_11_0.dat spawned.
pyscript : VQE for ./integ_temp/linear_h2_6__4_0/int_mono_linear_h2_6__4_0_5_11_0.dat spawned.
pyscript : VQE for ./integ_temp/linear_h2_6__4_0/int_mono_linear_h2_6__4_0_0_11_0.dat spawned.
pyscript : VQE for ./integ_temp/linear_h2_6__4_0/int_mono_linear_h2_6__4_0_2_11_0.dat spawned.
pyscript : VQE for ./integ_temp/linear_h2_6__4_0/int_mono_linear_h2_6__4_0_4_11_0.dat spawned.
pyscript : output ./result_temp/linear_h2_6__4_0/res_mono_linear_h2_6__4_0_5_11_0.dat Generated.
pyscript : output ./result_temp/linear_h2_6__4_0/res_mono_linear_h2_6__4_0_0_11_0.dat Generated.
pyscript : output ./result_temp/linear_h2_6__4_0/res_mono_linear_h2_6__4_0_2_11_0.dat Generated.
pyscript : output ./result_temp/linear_h2_6__4_0/res_mono_linear_h2_6__4_0_4_11_0.dat Generated.
pyscript : output ./result_temp/linear_h2_6__4_0/res_mono_linear_h2_6__4_0_3_11_0.dat Generated.
pyscript : output ./result_temp/linear_h2_6__4_0/res_mono_linear_h2_6__4_0_1_11_0.dat Generated.
it=11	mon=[5]	energy=-1.310248
it=11	mon=[0]	energy=-1.393773
it=11	mon=[2]	energy=-1.529140
it=11	mon=[4]	energy=-1.424241
it=11	mon=[3]	energy=-1.508813
it=11	mon=[1]	energy=-1.506423
##SCC itera=11  conv=7  energy =      -8.67263905  energy0 =      -6.82280944  (  81.108014 )
==== SCC converged ====
##T         ---- Finish SCC procedure ---- : lap time= 935.070182 ( total etime= 938.325502 )
./integ_temp/linear_h2_6__4_0/int_dim_linear_h2_6__4_0_1-0_130_0.dat -> 65 eris
./integ_temp/linear_h2_6__4_0/int_dim_linear_h2_6__4_0_3-2_130_0.dat -> 65 eris
./integ_temp/linear_h2_6__4_0/int_dim_linear_h2_6__4_0_3-1_130_0.dat -> 65 eris
./integ_temp/linear_h2_6__4_0/int_dim_linear_h2_6__4_0_2-1_130_0.dat -> 65 eris
./integ_temp/linear_h2_6__4_0/int_dim_linear_h2_6__4_0_3-0_130_0.dat -> 65 eris
./integ_temp/linear_h2_6__4_0/int_dim_linear_h2_6__4_0_2-0_130_0.dat -> 65 eris
pyscript : VQE for ./integ_temp/linear_h2_6__4_0/int_dim_linear_h2_6__4_0_3-2_130_0.dat spawned.
pyscript : VQE for ./integ_temp/linear_h2_6__4_0/int_dim_linear_h2_6__4_0_3-1_130_0.dat spawned.
pyscript : VQE for ./integ_temp/linear_h2_6__4_0/int_dim_linear_h2_6__4_0_2-0_130_0.dat spawned.
pyscript : VQE for ./integ_temp/linear_h2_6__4_0/int_dim_linear_h2_6__4_0_3-0_130_0.dat spawned.
pyscript : VQE for ./integ_temp/linear_h2_6__4_0/int_dim_linear_h2_6__4_0_2-1_130_0.dat spawned.
pyscript : VQE for ./integ_temp/linear_h2_6__4_0/int_dim_linear_h2_6__4_0_1-0_130_0.dat spawned.
pyscript : output ./result_temp/linear_h2_6__4_0/res_dim_linear_h2_6__4_0_3-1_130_0.dat Generated.
it=130	mon=[3, 1]	energy=-2.885785
# E=    -2.8857853018 E-DV=    -2.2743730331 DV=    -0.6114122687 DDV=     0.0000879828
./integ_temp/linear_h2_6__4_0/int_dim_linear_h2_6__4_0_4-0_130_0.dat -> 65 eris
pyscript : output ./result_temp/linear_h2_6__4_0/res_dim_linear_h2_6__4_0_3-0_130_0.dat Generated.
it=130	mon=[3, 0]	energy=-2.815099
# E=    -2.8150991949 E-DV=    -2.2742523743 DV=    -0.5408468206 DDV=     0.0000813992
./integ_temp/linear_h2_6__4_0/int_dim_linear_h2_6__4_0_4-1_130_0.dat -> 65 eris
pyscript : VQE for ./integ_temp/linear_h2_6__4_0/int_dim_linear_h2_6__4_0_4-0_130_0.dat spawned.
pyscript : VQE for ./integ_temp/linear_h2_6__4_0/int_dim_linear_h2_6__4_0_4-1_130_0.dat spawned.
pyscript : output ./result_temp/linear_h2_6__4_0/res_dim_linear_h2_6__4_0_2-0_130_0.dat Generated.
it=130	mon=[2, 0]	energy=-2.790841
# E=    -2.7908409013 E-DV=    -2.2743165214 DV=    -0.5165243800 DDV=     0.0000938563
./integ_temp/linear_h2_6__4_0/int_dim_linear_h2_6__4_0_4-2_130_0.dat -> 65 eris
pyscript : VQE for ./integ_temp/linear_h2_6__4_0/int_dim_linear_h2_6__4_0_4-2_130_0.dat spawned.
pyscript : output ./result_temp/linear_h2_6__4_0/res_dim_linear_h2_6__4_0_4-0_130_0.dat Generated.
it=130	mon=[4, 0]	energy=-2.753145
# E=    -2.7531448132 E-DV=    -2.2740923151 DV=    -0.4790524981 DDV=     0.0000569830
./integ_temp/linear_h2_6__4_0/int_dim_linear_h2_6__4_0_4-3_130_0.dat -> 65 eris
pyscript : VQE for ./integ_temp/linear_h2_6__4_0/int_dim_linear_h2_6__4_0_4-3_130_0.dat spawned.
pyscript : output ./result_temp/linear_h2_6__4_0/res_dim_linear_h2_6__4_0_4-1_130_0.dat Generated.
it=130	mon=[4, 1]	energy=-2.845484
# E=    -2.8454843878 E-DV=    -2.2742333090 DV=    -0.5712510788 DDV=     0.0000842658
./integ_temp/linear_h2_6__4_0/int_dim_linear_h2_6__4_0_5-0_130_0.dat -> 65 eris
pyscript : VQE for ./integ_temp/linear_h2_6__4_0/int_dim_linear_h2_6__4_0_5-0_130_0.dat spawned.
pyscript : output ./result_temp/linear_h2_6__4_0/res_dim_linear_h2_6__4_0_4-2_130_0.dat Generated.
it=130	mon=[4, 2]	energy=-2.825921
# E=    -2.8259212930 E-DV=    -2.2742351115 DV=    -0.5516861816 DDV=     0.0000922686
./integ_temp/linear_h2_6__4_0/int_dim_linear_h2_6__4_0_5-1_130_0.dat -> 65 eris
pyscript : VQE for ./integ_temp/linear_h2_6__4_0/int_dim_linear_h2_6__4_0_5-1_130_0.dat spawned.
pyscript : output ./result_temp/linear_h2_6__4_0/res_dim_linear_h2_6__4_0_5-0_130_0.dat Generated.
it=130	mon=[5, 0]	energy=-2.646076
# E=    -2.6460759341 E-DV=    -2.2742722049 DV=    -0.3718037291 DDV=     0.0000297424
./integ_temp/linear_h2_6__4_0/int_dim_linear_h2_6__4_0_5-2_130_0.dat -> 65 eris
pyscript : VQE for ./integ_temp/linear_h2_6__4_0/int_dim_linear_h2_6__4_0_5-2_130_0.dat spawned.
pyscript : output ./result_temp/linear_h2_6__4_0/res_dim_linear_h2_6__4_0_5-1_130_0.dat Generated.
it=130	mon=[5, 1]	energy=-2.742828
# E=    -2.7428276503 E-DV=    -2.2743794860 DV=    -0.4684481643 DDV=     0.0000471599
./integ_temp/linear_h2_6__4_0/int_dim_linear_h2_6__4_0_5-3_130_0.dat -> 65 eris
pyscript : VQE for ./integ_temp/linear_h2_6__4_0/int_dim_linear_h2_6__4_0_5-3_130_0.dat spawned.
pyscript : output ./result_temp/linear_h2_6__4_0/res_dim_linear_h2_6__4_0_5-2_130_0.dat Generated.
it=130	mon=[5, 2]	energy=-2.734950
# E=    -2.7349502255 E-DV=    -2.2743590593 DV=    -0.4605911662 DDV=     0.0000290082
./integ_temp/linear_h2_6__4_0/int_dim_linear_h2_6__4_0_5-4_130_0.dat -> 65 eris
pyscript : VQE for ./integ_temp/linear_h2_6__4_0/int_dim_linear_h2_6__4_0_5-4_130_0.dat spawned.
pyscript : output ./result_temp/linear_h2_6__4_0/res_dim_linear_h2_6__4_0_5-3_130_0.dat Generated.
it=130	mon=[5, 3]	energy=-2.635891
# E=    -2.6358906794 E-DV=    -2.2742119029 DV=    -0.3616787764 DDV=    -0.0001717386
pyscript : output ./result_temp/linear_h2_6__4_0/res_dim_linear_h2_6__4_0_1-0_130_0.dat Generated.
it=130	mon=[1, 0]	energy=-2.631835
# E=    -2.6318351848 E-DV=    -2.2742615912 DV=    -0.3575735935 DDV=    -0.0001580831
pyscript : output ./result_temp/linear_h2_6__4_0/res_dim_linear_h2_6__4_0_3-2_130_0.dat Generated.
it=130	mon=[3, 2]	energy=-2.777071
# E=    -2.7770713249 E-DV=    -2.2741963213 DV=    -0.5028750037 DDV=    -0.0002029484
pyscript : output ./result_temp/linear_h2_6__4_0/res_dim_linear_h2_6__4_0_4-3_130_0.dat Generated.
it=130	mon=[4, 3]	energy=-2.676227
# E=    -2.6762266001 E-DV=    -2.2741600625 DV=    -0.4020665377 DDV=    -0.0001012416
pyscript : output ./result_temp/linear_h2_6__4_0/res_dim_linear_h2_6__4_0_2-1_130_0.dat Generated.
it=130	mon=[2, 1]	energy=-2.772428
# E=    -2.7724279722 E-DV=    -2.2742823191 DV=    -0.4981456531 DDV=    -0.0002218013
pyscript : output ./result_temp/linear_h2_6__4_0/res_dim_linear_h2_6__4_0_5-4_130_0.dat Generated.
it=130	mon=[5, 4]	energy=-2.526406
# E=    -2.5264059622 E-DV=    -2.2743063403 DV=    -0.2520996218 DDV=     0.0000997331
##T    ---- Finish to Calc. Dimer SCF ---- : lap time= 5632.486492 ( total etime= 6570.817480 )
       ( # of scf dimer = 15 )
        dE0(SCF dimer) =      -0.00003817
##T     ---- Finish to Calc. ES Dimer ---- : lap time=   0.075994 ( total etime= 6570.893514 )
    (# of ES dimer = 0)
    dE0(ES dimer) =       0.00000000
    total energy(FMO) =      -6.82284761
##T  -- All workers have been destroyed -- : lap time=   0.147960 ( total etime= 6571.041502 )
---- ATOMIC POPULATION DATA -----
   SN AN  ATOMIC POP  NET CHARGE
---------------------------------
    1  1       0.998       0.002
    2  1       1.002      -0.002
    3  1       1.001      -0.001
    4  1       0.999       0.001
    5  1       1.004      -0.004
    6  1       0.996       0.004
    7  1       1.014      -0.014
    8  1       0.986       0.014
    9  1       0.984       0.016
   10  1       1.016      -0.016
   11  1       0.997       0.003
   12  1       1.003      -0.003
---------------------------------
total charge =     -0.000
---------------------------------
##T    -- calc AO and atomic population -- : lap time=   0.000203 ( total etime= 6571.041732 )
##T   -- All mservs have been destroyed -- : lap time=   0.000015 ( total etime= 6571.041755 )
