ngroup       = 6
nioprocs     = 1
niogroup     = 1
nmaxprocs    = 10
group size   = 1
# of threads = 24
nintic       = 2048
input file name       = ./samples/linear_H2_6/linear_H2_6_1_25_rhf.inp
prefix of output file = 
local input dir.      = ./
# of total invoked procs = 8 (=1iog*1iop+1+6gr*1pr)
master host name = gwonhaklee-System-Product-Name
-----------------------------------------------------
 # of data = 11
nfrag = 6
##T                  Finish Initialization : lap time=   0.000181 ( total etime=   0.000181 )
****** LIST OF HOST NAME (MSERV(ID=0))******
rank=  0 : gwonhaklee-System-Product-Name
********************************
##T        Finish to Create Memory Servers : lap time=   0.074895 ( total etime=   0.075102 )
****** LIST OF HOST NAME (WORKER(ID=0)) ******
rank=  0 : gwonhaklee-System-Product-Name
********************************
****** LIST OF HOST NAME (WORKER(ID=1)) ******
rank=  0 : gwonhaklee-System-Product-Name
********************************
****** LIST OF HOST NAME (WORKER(ID=2)) ******
rank=  0 : gwonhaklee-System-Product-Name
********************************
****** LIST OF HOST NAME (WORKER(ID=3)) ******
rank=  0 : gwonhaklee-System-Product-Name
********************************
****** LIST OF HOST NAME (WORKER(ID=4)) ******
rank=  0 : gwonhaklee-System-Product-Name
********************************
##T               Finish to Create Workers : lap time=   1.568322 ( total etime=   1.643441 )
****** LIST OF HOST NAME (WORKER(ID=5)) ******
rank=  0 : gwonhaklee-System-Product-Name
********************************
##T     Finish to Connect Mservs & Workers : lap time=   1.195974 ( total etime=   2.839440 )
calc. inter-frag distance list = 5
##T    Finish to Calculate Initial Density : lap time=   0.300067 ( total etime=   3.383473 )
---- start SCC (maxscc=30, sccconv=7) ----
##SCC itera= 1  conv=2  energy =     -11.33597822  energy0 =      -6.68390432  (   0.967937 )
##SCC itera= 2  conv=2  energy =     -10.97003942  energy0 =      -6.67943458  (   0.984053 )
##SCC itera= 3  conv=4  energy =     -10.80424633  energy0 =      -6.68019132  (   1.224138 )
##SCC itera= 4  conv=4  energy =     -10.78683638  energy0 =      -6.68051826  (   1.164046 )
##SCC itera= 5  conv=4  energy =     -10.79059115  energy0 =      -6.68052275  (   0.752157 )
##SCC itera= 6  conv=6  energy =     -10.79172226  energy0 =      -6.68050179  (   1.108046 )
##SCC itera= 7  conv=6  energy =     -10.79161295  energy0 =      -6.68049961  (   0.412107 )
##SCC itera= 8  conv=6  energy =     -10.79153209  energy0 =      -6.68050061  (   1.048018 )
##SCC itera= 9  conv=7  energy =     -10.79152984  energy0 =      -6.68050082  (   0.940054 )
##SCC itera=10  conv=7  energy =     -10.79153421  energy0 =      -6.68050078  (   0.800056 )
==== SCC converged ====
##T         ---- Finish SCC procedure ---- : lap time=  11.695887 ( total etime=  15.079400 )
# E=    -3.2579930806 E-DV=    -2.2309142311 DV=    -1.0270788495 DDV=     0.0021536898
# E=    -3.2558347268 E-DV=    -2.2239560997 DV=    -1.0318786271 DDV=     0.0009328117
# E=    -3.5890751292 E-DV=    -2.2254673486 DV=    -1.3636077806 DDV=     0.0006364377
# E=    -3.5373326083 E-DV=    -2.2246997374 DV=    -1.3126328710 DDV=     0.0010082464
# E=    -3.1872358578 E-DV=    -2.1989776168 DV=    -0.9882582411 DDV=    -0.0104773989
# E=    -3.0174969378 E-DV=    -2.2293144455 DV=    -0.7881824923 DDV=     0.0004717069
# E=    -3.3567939359 E-DV=    -2.2305683956 DV=    -1.1262255403 DDV=    -0.0000322783
# E=    -3.3310877409 E-DV=    -2.2287475674 DV=    -1.1023401734 DDV=    -0.0004957512
# E=    -3.1546280783 E-DV=    -2.2241424625 DV=    -0.9304856159 DDV=    -0.0040722998
# E=    -2.8373989069 E-DV=    -2.2081948632 DV=    -0.6292040438 DDV=     0.0031519944
# E=    -3.3141954009 E-DV=    -2.2044574688 DV=    -1.1097379321 DDV=    -0.0129592702
# E=    -2.8400224184 E-DV=    -2.2076597674 DV=    -0.6323626510 DDV=    -0.0104256322
# E=    -3.3208233390 E-DV=    -2.2022948407 DV=    -1.1185284983 DDV=    -0.0120684834
# E=    -3.3207447293 E-DV=    -2.2279973915 DV=    -1.0927473377 DDV=     0.0013376379
# E=    -3.6140017460 E-DV=    -2.2293430217 DV=    -1.3846587243 DDV=     0.0006721229
##T    ---- Finish to Calc. Dimer SCF ---- : lap time=   1.048002 ( total etime=  16.127425 )
       ( # of scf dimer = 15 )
        dE0(SCF dimer) =       0.06560216
##T     ---- Finish to Calc. ES Dimer ---- : lap time=   0.035949 ( total etime=  16.163400 )
    (# of ES dimer = 0)
    dE0(ES dimer) =       0.00000000
    total energy(FMO) =      -6.61489862
##T  -- All workers have been destroyed -- : lap time=   0.027985 ( total etime=  16.191403 )
---- ATOMIC POPULATION DATA -----
   SN AN  ATOMIC POP  NET CHARGE
---------------------------------
    1  1       0.992       0.008
    2  1       0.996       0.004
    3  1       1.009      -0.009
    4  1       1.013      -0.013
    5  1       1.027      -0.027
    6  1       0.979       0.021
    7  1       1.066      -0.066
    8  1       0.941       0.059
    9  1       0.919       0.081
   10  1       1.069      -0.069
   11  1       0.983       0.017
   12  1       1.006      -0.006
---------------------------------
total charge =      0.000
---------------------------------
##T    -- calc AO and atomic population -- : lap time=   0.008225 ( total etime=  16.199639 )
##T   -- All mservs have been destroyed -- : lap time=   0.000013 ( total etime=  16.199659 )
