ngroup       = 6
nioprocs     = 1
niogroup     = 1
nmaxprocs    = 10
group size   = 1
# of threads = 24
nintic       = 2048
input file name       = ./samples/linear_H2_6/linear_H2_6_2_5_rhf.inp
prefix of output file = 
local input dir.      = ./
# of total invoked procs = 8 (=1iog*1iop+1+6gr*1pr)
master host name = gwonhaklee-System-Product-Name
-----------------------------------------------------
 # of data = 11
nfrag = 6
##T                  Finish Initialization : lap time=   0.000182 ( total etime=   0.000182 )
****** LIST OF HOST NAME (MSERV(ID=0))******
rank=  0 : gwonhaklee-System-Product-Name
********************************
##T        Finish to Create Memory Servers : lap time=   0.105697 ( total etime=   0.105908 )
****** LIST OF HOST NAME (WORKER(ID=0)) ******
rank=  0 : gwonhaklee-System-Product-Name
********************************
****** LIST OF HOST NAME (WORKER(ID=1)) ******
rank=  0 : gwonhaklee-System-Product-Name
********************************
****** LIST OF HOST NAME (WORKER(ID=2)) ******
rank=  0 : gwonhaklee-System-Product-Name
********************************
****** LIST OF HOST NAME (WORKER(ID=3)) ******
rank=  0 : gwonhaklee-System-Product-Name
********************************
****** LIST OF HOST NAME (WORKER(ID=4)) ******
rank=  0 : gwonhaklee-System-Product-Name
********************************
##T               Finish to Create Workers : lap time=   1.508992 ( total etime=   1.614916 )
****** LIST OF HOST NAME (WORKER(ID=5)) ******
rank=  0 : gwonhaklee-System-Product-Name
********************************
##T     Finish to Connect Mservs & Workers : lap time=   0.919978 ( total etime=   2.534915 )
calc. inter-frag distance list = 0
##T    Finish to Calculate Initial Density : lap time=   0.536004 ( total etime=   3.358885 )
---- start SCC (maxscc=30, sccconv=7) ----
##SCC itera= 1  conv=2  energy =      -9.35209586  energy0 =      -6.70208865  (   1.000018 )
##SCC itera= 2  conv=2  energy =      -9.29420978  energy0 =      -6.70214707  (   0.664073 )
##SCC itera= 3  conv=4  energy =      -9.28138601  energy0 =      -6.70216808  (   0.940180 )
##SCC itera= 4  conv=6  energy =      -9.28064111  energy0 =      -6.70217062  (   1.268052 )
##SCC itera= 5  conv=6  energy =      -9.28069905  energy0 =      -6.70217052  (   0.920074 )
==== SCC converged ====
##T         ---- Finish SCC procedure ---- : lap time=   5.747978 ( total etime=   9.106897 )
# E=    -2.7081191378 E-DV=    -2.2339578187 DV=    -0.4741613191 DDV=    -0.0008443873
# E=    -2.9267201083 E-DV=    -2.2338979367 DV=    -0.6928221716 DDV=    -0.0011505497
# E=    -2.8986544430 E-DV=    -2.2333858520 DV=    -0.6652685911 DDV=     0.0001191377
# E=    -2.9367698176 E-DV=    -2.2343796555 DV=    -0.7023901621 DDV=     0.0002086178
# E=    -3.0886797572 E-DV=    -2.2345094191 DV=    -0.8541703381 DDV=     0.0000610333
# E=    -2.8103536776 E-DV=    -2.2333707506 DV=    -0.5769829271 DDV=    -0.0005027820
# E=    -2.9339177606 E-DV=    -2.2337321900 DV=    -0.7001855705 DDV=    -0.0010045069
# E=    -2.9716671590 E-DV=    -2.2340937479 DV=    -0.7375734111 DDV=     0.0001447720
# E=    -3.0176546932 E-DV=    -2.2338144854 DV=    -0.7838402078 DDV=     0.0001499770
# E=    -2.7453459665 E-DV=    -2.2341977983 DV=    -0.5111481682 DDV=     0.0000577225
# E=    -3.0452266428 E-DV=    -2.2338443369 DV=    -0.8113823059 DDV=     0.0001043356
# E=    -2.5939978387 E-DV=    -2.2343166425 DV=    -0.3596811962 DDV=     0.0004808350
# E=    -2.8977489003 E-DV=    -2.2346110659 DV=    -0.6631378345 DDV=     0.0000007434
# E=    -2.8867422768 E-DV=    -2.2344403016 DV=    -0.6523019752 DDV=    -0.0000758977
# E=    -2.7559095498 E-DV=    -2.2337306037 DV=    -0.5221789461 DDV=    -0.0007848974
##T    ---- Finish to Calc. Dimer SCF ---- : lap time=   2.096023 ( total etime=  11.202940 )
       ( # of scf dimer = 15 )
        dE0(SCF dimer) =      -0.00246587
##T     ---- Finish to Calc. ES Dimer ---- : lap time=   0.043905 ( total etime=  11.246872 )
    (# of ES dimer = 0)
    dE0(ES dimer) =       0.00000000
    total energy(FMO) =      -6.70463639
##T  -- All workers have been destroyed -- : lap time=   0.055974 ( total etime=  11.302871 )
---- ATOMIC POPULATION DATA -----
   SN AN  ATOMIC POP  NET CHARGE
---------------------------------
    1  1       0.999       0.001
    2  1       1.000      -0.000
    3  1       1.002      -0.002
    4  1       0.998       0.002
    5  1       1.007      -0.007
    6  1       0.993       0.007
    7  1       1.026      -0.026
    8  1       0.974       0.026
    9  1       0.962       0.038
   10  1       1.038      -0.038
   11  1       0.993       0.007
   12  1       1.007      -0.007
---------------------------------
total charge =      0.000
---------------------------------
##T    -- calc AO and atomic population -- : lap time=   0.000170 ( total etime=  11.303054 )
##T   -- All mservs have been destroyed -- : lap time=   0.000013 ( total etime=  11.303072 )
