ngroup       = 6
nioprocs     = 1
niogroup     = 1
nmaxprocs    = 10
group size   = 1
# of threads = 24
nintic       = 2048
input file name       = ./samples/linear_H2_6/linear_H2_6_3_75_rhf.inp
prefix of output file = 
local input dir.      = ./
# of total invoked procs = 8 (=1iog*1iop+1+6gr*1pr)
master host name = gwonhaklee-System-Product-Name
-----------------------------------------------------
 # of data = 11
nfrag = 6
##T                  Finish Initialization : lap time=   0.000167 ( total etime=   0.000167 )
****** LIST OF HOST NAME (MSERV(ID=0))******
rank=  0 : gwonhaklee-System-Product-Name
********************************
##T        Finish to Create Memory Servers : lap time=   0.051214 ( total etime=   0.051410 )
****** LIST OF HOST NAME (WORKER(ID=0)) ******
rank=  0 : gwonhaklee-System-Product-Name
********************************
****** LIST OF HOST NAME (WORKER(ID=1)) ******
rank=  0 : gwonhaklee-System-Product-Name
********************************
****** LIST OF HOST NAME (WORKER(ID=2)) ******
rank=  0 : gwonhaklee-System-Product-Name
********************************
****** LIST OF HOST NAME (WORKER(ID=3)) ******
rank=  0 : gwonhaklee-System-Product-Name
********************************
****** LIST OF HOST NAME (WORKER(ID=4)) ******
rank=  0 : gwonhaklee-System-Product-Name
********************************
##T               Finish to Create Workers : lap time=   1.284004 ( total etime=   1.335431 )
****** LIST OF HOST NAME (WORKER(ID=5)) ******
rank=  0 : gwonhaklee-System-Product-Name
********************************
##T     Finish to Connect Mservs & Workers : lap time=   1.354771 ( total etime=   2.695401 )
calc. inter-frag distance list = 3
##T    Finish to Calculate Initial Density : lap time=   0.515966 ( total etime=   3.459379 )
---- start SCC (maxscc=30, sccconv=7) ----
##SCC itera= 1  conv=2  energy =      -8.58461325  energy0 =      -6.70358751  (   0.964025 )
##SCC itera= 2  conv=2  energy =      -8.56930244  energy0 =      -6.70376489  (   0.780063 )
##SCC itera= 3  conv=4  energy =      -8.56734166  energy0 =      -6.70376412  (   0.876088 )
##SCC itera= 4  conv=7  energy =      -8.56703305  energy0 =      -6.70376435  (   1.075997 )
##SCC itera= 5  conv=7  energy =      -8.56702599  energy0 =      -6.70376436  (   0.928043 )
==== SCC converged ====
##T         ---- Finish SCC procedure ---- : lap time=   5.683955 ( total etime=   9.143369 )
# E=    -2.7780051732 E-DV=    -2.2345876224 DV=    -0.5434175509 DDV=     0.0000356026
# E=    -2.7167821627 E-DV=    -2.2343963222 DV=    -0.4823858405 DDV=     0.0000312788
# E=    -2.8112575494 E-DV=    -2.2345395849 DV=    -0.5767179646 DDV=     0.0000290534
# E=    -2.7915391790 E-DV=    -2.2345440169 DV=    -0.5569951621 DDV=     0.0000402498
# E=    -2.6408603551 E-DV=    -2.2344870426 DV=    -0.4063733125 DDV=    -0.0001406322
# E=    -2.6085324835 E-DV=    -2.2345942585 DV=    -0.3739382250 DDV=     0.0000161476
# E=    -2.7074301437 E-DV=    -2.2347256551 DV=    -0.4727044886 DDV=     0.0000027203
# E=    -2.6995124695 E-DV=    -2.2346951410 DV=    -0.4648173285 DDV=    -0.0000165893
# E=    -2.6003863721 E-DV=    -2.2345139105 DV=    -0.3658724617 DDV=    -0.0002207110
# E=    -2.4893015143 E-DV=    -2.2347078341 DV=    -0.2545936802 DDV=     0.0001127707
# E=    -2.8507078227 E-DV=    -2.2347177237 DV=    -0.6159900990 DDV=     0.0000130339
# E=    -2.7362027191 E-DV=    -2.2346031193 DV=    -0.5015995998 DDV=    -0.0003053007
# E=    -2.5927484020 E-DV=    -2.2345916906 DV=    -0.3581567114 DDV=    -0.0002028888
# E=    -2.7535046614 E-DV=    -2.2346482347 DV=    -0.5188564267 DDV=     0.0000493163
# E=    -2.7409803010 E-DV=    -2.2345725299 DV=    -0.5064077711 DDV=    -0.0002795982
##T    ---- Finish to Calc. Dimer SCF ---- : lap time=   0.940039 ( total etime=  10.083431 )
       ( # of scf dimer = 15 )
        dE0(SCF dimer) =      -0.00093842
##T     ---- Finish to Calc. ES Dimer ---- : lap time=   0.027916 ( total etime=  10.111374 )
    (# of ES dimer = 0)
    dE0(ES dimer) =       0.00000000
    total energy(FMO) =      -6.70470278
##T  -- All workers have been destroyed -- : lap time=   0.047969 ( total etime=  10.159370 )
---- ATOMIC POPULATION DATA -----
   SN AN  ATOMIC POP  NET CHARGE
---------------------------------
    1  1       1.000      -0.000
    2  1       1.000       0.000
    3  1       1.001      -0.001
    4  1       0.999       0.001
    5  1       1.004      -0.004
    6  1       0.996       0.004
    7  1       1.014      -0.014
    8  1       0.986       0.014
    9  1       0.981       0.019
   10  1       1.019      -0.019
   11  1       0.996       0.004
   12  1       1.004      -0.004
---------------------------------
total charge =      0.000
---------------------------------
##T    -- calc AO and atomic population -- : lap time=   0.008109 ( total etime=  10.167499 )
##T   -- All mservs have been destroyed -- : lap time=   0.000013 ( total etime=  10.167524 )
