Will Run VQE
ngroup       = 6
nioprocs     = 1
niogroup     = 1
nmaxprocs    = 8
group size   = 1
# of threads = 48
nintic       = 2048
input file name       = ./samples/linear_H2_6/linear_H2_6_1_5.inp
prefix of output file = 
local input dir.      = ./
# of total invoked procs = 8 (=1iog*1iop+1+6gr*1pr)
master host name = gwonhaklee-System-Product-Name
-----------------------------------------------------
 # of data = 11
nfrag = 6
##T                  Finish Initialization : lap time=   0.000138 ( total etime=   0.000138 )
****** LIST OF HOST NAME (MSERV(ID=0))******
rank=  0 : gwonhaklee-System-Product-Name
********************************
##T        Finish to Create Memory Servers : lap time=   0.060661 ( total etime=   0.060809 )
****** LIST OF HOST NAME (WORKER(ID=0)) ******
rank=  0 : gwonhaklee-System-Product-Name
********************************
****** LIST OF HOST NAME (WORKER(ID=1)) ******
rank=  0 : gwonhaklee-System-Product-Name
********************************
****** LIST OF HOST NAME (WORKER(ID=2)) ******
rank=  0 : gwonhaklee-System-Product-Name
********************************
****** LIST OF HOST NAME (WORKER(ID=3)) ******
rank=  0 : gwonhaklee-System-Product-Name
********************************
****** LIST OF HOST NAME (WORKER(ID=4)) ******
rank=  0 : gwonhaklee-System-Product-Name
********************************
##T               Finish to Create Workers : lap time=   0.551523 ( total etime=   0.612344 )
****** LIST OF HOST NAME (WORKER(ID=5)) ******
rank=  0 : gwonhaklee-System-Product-Name
********************************
##T     Finish to Connect Mservs & Workers : lap time=   0.381128 ( total etime=   0.993486 )
calc. inter-frag distance list = 1
##T    Finish to Calculate Initial Density : lap time=   0.177912 ( total etime=   1.238984 )
---- start SCC (maxscc=2000, sccconv=7) ----
./integ_temp/linear_h2_6__1_5/int_mono_linear_h2_6__1_5_5_1_0.dat -> 7 eris
./integ_temp/linear_h2_6__1_5/int_mono_linear_h2_6__1_5_2_1_0.dat -> 7 eris
./integ_temp/linear_h2_6__1_5/int_mono_linear_h2_6__1_5_3_1_0.dat -> 7 eris
./integ_temp/linear_h2_6__1_5/int_mono_linear_h2_6__1_5_1_1_0.dat -> 7 eris
./integ_temp/linear_h2_6__1_5/int_mono_linear_h2_6__1_5_4_1_0.dat -> 7 eris
./integ_temp/linear_h2_6__1_5/int_mono_linear_h2_6__1_5_0_1_0.dat -> 7 eris
pyscript : VQE for ./integ_temp/linear_h2_6__1_5/int_mono_linear_h2_6__1_5_1_1_0.dat spawned.
pyscript : VQE for ./integ_temp/linear_h2_6__1_5/int_mono_linear_h2_6__1_5_5_1_0.dat spawned.
pyscript : VQE for ./integ_temp/linear_h2_6__1_5/int_mono_linear_h2_6__1_5_4_1_0.dat spawned.
pyscript : VQE for ./integ_temp/linear_h2_6__1_5/int_mono_linear_h2_6__1_5_0_1_0.dat spawned.
pyscript : VQE for ./integ_temp/linear_h2_6__1_5/int_mono_linear_h2_6__1_5_3_1_0.dat spawned.
pyscript : VQE for ./integ_temp/linear_h2_6__1_5/int_mono_linear_h2_6__1_5_2_1_0.dat spawned.
pyscript : output ./result_temp/linear_h2_6__1_5/res_mono_linear_h2_6__1_5_4_1_0.dat Generated.
pyscript : output ./result_temp/linear_h2_6__1_5/res_mono_linear_h2_6__1_5_0_1_0.dat Generated.
pyscript : output ./result_temp/linear_h2_6__1_5/res_mono_linear_h2_6__1_5_2_1_0.dat Generated.
pyscript : output ./result_temp/linear_h2_6__1_5/res_mono_linear_h2_6__1_5_5_1_0.dat Generated.
pyscript : output ./result_temp/linear_h2_6__1_5/res_mono_linear_h2_6__1_5_3_1_0.dat Generated.
pyscript : output ./result_temp/linear_h2_6__1_5/res_mono_linear_h2_6__1_5_1_1_0.dat Generated.
it=1	mon=[4]	energy=-1.796986
it=1	mon=[0]	energy=-1.653905
it=1	mon=[5]	energy=-1.513962
it=1	mon=[2]	energy=-1.984052
it=1	mon=[1]	energy=-1.921772
it=1	mon=[3]	energy=-1.955619
##SCC itera= 1  conv=2  energy =     -10.82629595  energy0 =      -6.81267443  (  32.323774 )
./integ_temp/linear_h2_6__1_5/int_mono_linear_h2_6__1_5_4_2_0.dat -> 7 eris
./integ_temp/linear_h2_6__1_5/int_mono_linear_h2_6__1_5_3_2_0.dat -> 7 eris
./integ_temp/linear_h2_6__1_5/int_mono_linear_h2_6__1_5_0_2_0.dat -> 7 eris
./integ_temp/linear_h2_6__1_5/int_mono_linear_h2_6__1_5_1_2_0.dat -> 7 eris
./integ_temp/linear_h2_6__1_5/int_mono_linear_h2_6__1_5_5_2_0.dat -> 7 eris
./integ_temp/linear_h2_6__1_5/int_mono_linear_h2_6__1_5_2_2_0.dat -> 7 eris
pyscript : VQE for ./integ_temp/linear_h2_6__1_5/int_mono_linear_h2_6__1_5_1_2_0.dat spawned.
pyscript : VQE for ./integ_temp/linear_h2_6__1_5/int_mono_linear_h2_6__1_5_2_2_0.dat spawned.
pyscript : VQE for ./integ_temp/linear_h2_6__1_5/int_mono_linear_h2_6__1_5_5_2_0.dat spawned.
pyscript : VQE for ./integ_temp/linear_h2_6__1_5/int_mono_linear_h2_6__1_5_4_2_0.dat spawned.
pyscript : VQE for ./integ_temp/linear_h2_6__1_5/int_mono_linear_h2_6__1_5_3_2_0.dat spawned.
pyscript : VQE for ./integ_temp/linear_h2_6__1_5/int_mono_linear_h2_6__1_5_0_2_0.dat spawned.
pyscript : output ./result_temp/linear_h2_6__1_5/res_mono_linear_h2_6__1_5_2_2_0.dat Generated.
pyscript : output ./result_temp/linear_h2_6__1_5/res_mono_linear_h2_6__1_5_4_2_0.dat Generated.
pyscript : output ./result_temp/linear_h2_6__1_5/res_mono_linear_h2_6__1_5_1_2_0.dat Generated.
pyscript : output ./result_temp/linear_h2_6__1_5/res_mono_linear_h2_6__1_5_3_2_0.dat Generated.
pyscript : output ./result_temp/linear_h2_6__1_5/res_mono_linear_h2_6__1_5_0_2_0.dat Generated.
pyscript : output ./result_temp/linear_h2_6__1_5/res_mono_linear_h2_6__1_5_5_2_0.dat Generated.
it=2	mon=[4]	energy=-1.791232
it=2	mon=[3]	energy=-1.916979
it=2	mon=[1]	energy=-1.930144
it=2	mon=[0]	energy=-1.629815
it=2	mon=[2]	energy=-1.966267
it=2	mon=[5]	energy=-1.537231
##SCC itera= 2  conv=2  energy =     -10.77166748  energy0 =      -6.81013351  (  32.204309 )
./integ_temp/linear_h2_6__1_5/int_mono_linear_h2_6__1_5_4_3_0.dat -> 7 eris
./integ_temp/linear_h2_6__1_5/int_mono_linear_h2_6__1_5_3_3_0.dat -> 7 eris
./integ_temp/linear_h2_6__1_5/int_mono_linear_h2_6__1_5_5_3_0.dat -> 7 eris
./integ_temp/linear_h2_6__1_5/int_mono_linear_h2_6__1_5_2_3_0.dat -> 7 eris
./integ_temp/linear_h2_6__1_5/int_mono_linear_h2_6__1_5_0_3_0.dat -> 7 eris
./integ_temp/linear_h2_6__1_5/int_mono_linear_h2_6__1_5_1_3_0.dat -> 7 eris
pyscript : VQE for ./integ_temp/linear_h2_6__1_5/int_mono_linear_h2_6__1_5_5_3_0.dat spawned.
pyscript : VQE for ./integ_temp/linear_h2_6__1_5/int_mono_linear_h2_6__1_5_1_3_0.dat spawned.
pyscript : VQE for ./integ_temp/linear_h2_6__1_5/int_mono_linear_h2_6__1_5_3_3_0.dat spawned.
pyscript : VQE for ./integ_temp/linear_h2_6__1_5/int_mono_linear_h2_6__1_5_4_3_0.dat spawned.
pyscript : VQE for ./integ_temp/linear_h2_6__1_5/int_mono_linear_h2_6__1_5_0_3_0.dat spawned.
pyscript : VQE for ./integ_temp/linear_h2_6__1_5/int_mono_linear_h2_6__1_5_2_3_0.dat spawned.
pyscript : output ./result_temp/linear_h2_6__1_5/res_mono_linear_h2_6__1_5_4_3_0.dat Generated.
pyscript : output ./result_temp/linear_h2_6__1_5/res_mono_linear_h2_6__1_5_0_3_0.dat Generated.
it=3	mon=[4]	energy=-1.775178
it=3	mon=[0]	energy=-1.610213
pyscript : output ./result_temp/linear_h2_6__1_5/res_mono_linear_h2_6__1_5_5_3_0.dat Generated.
pyscript : output ./result_temp/linear_h2_6__1_5/res_mono_linear_h2_6__1_5_1_3_0.dat Generated.
pyscript : output ./result_temp/linear_h2_6__1_5/res_mono_linear_h2_6__1_5_3_3_0.dat Generated.
pyscript : output ./result_temp/linear_h2_6__1_5/res_mono_linear_h2_6__1_5_2_3_0.dat Generated.
it=3	mon=[5]	energy=-1.529079
it=3	mon=[3]	energy=-1.902493
it=3	mon=[1]	energy=-1.912892
it=3	mon=[2]	energy=-1.945551
##SCC itera= 3  conv=4  energy =     -10.67540580  energy0 =      -6.80929993  (  31.485593 )
./integ_temp/linear_h2_6__1_5/int_mono_linear_h2_6__1_5_4_4_0.dat -> 7 eris
./integ_temp/linear_h2_6__1_5/int_mono_linear_h2_6__1_5_3_4_0.dat -> 7 eris
./integ_temp/linear_h2_6__1_5/int_mono_linear_h2_6__1_5_1_4_0.dat -> 7 eris
./integ_temp/linear_h2_6__1_5/int_mono_linear_h2_6__1_5_5_4_0.dat -> 7 eris
./integ_temp/linear_h2_6__1_5/int_mono_linear_h2_6__1_5_0_4_0.dat -> 7 eris
./integ_temp/linear_h2_6__1_5/int_mono_linear_h2_6__1_5_2_4_0.dat -> 7 eris
pyscript : VQE for ./integ_temp/linear_h2_6__1_5/int_mono_linear_h2_6__1_5_3_4_0.dat spawned.
pyscript : VQE for ./integ_temp/linear_h2_6__1_5/int_mono_linear_h2_6__1_5_4_4_0.dat spawned.
pyscript : VQE for ./integ_temp/linear_h2_6__1_5/int_mono_linear_h2_6__1_5_2_4_0.dat spawned.
pyscript : VQE for ./integ_temp/linear_h2_6__1_5/int_mono_linear_h2_6__1_5_5_4_0.dat spawned.
pyscript : VQE for ./integ_temp/linear_h2_6__1_5/int_mono_linear_h2_6__1_5_0_4_0.dat spawned.
pyscript : VQE for ./integ_temp/linear_h2_6__1_5/int_mono_linear_h2_6__1_5_1_4_0.dat spawned.
pyscript : output ./result_temp/linear_h2_6__1_5/res_mono_linear_h2_6__1_5_2_4_0.dat Generated.
pyscript : output ./result_temp/linear_h2_6__1_5/res_mono_linear_h2_6__1_5_5_4_0.dat Generated.
it=4	mon=[2]	energy=-1.943933
it=4	mon=[5]	energy=-1.527896
pyscript : output ./result_temp/linear_h2_6__1_5/res_mono_linear_h2_6__1_5_4_4_0.dat Generated.
pyscript : output ./result_temp/linear_h2_6__1_5/res_mono_linear_h2_6__1_5_3_4_0.dat Generated.
pyscript : output ./result_temp/linear_h2_6__1_5/res_mono_linear_h2_6__1_5_1_4_0.dat Generated.
pyscript : output ./result_temp/linear_h2_6__1_5/res_mono_linear_h2_6__1_5_0_4_0.dat Generated.
it=4	mon=[4]	energy=-1.774062
it=4	mon=[3]	energy=-1.901019
it=4	mon=[1]	energy=-1.910352
it=4	mon=[0]	energy=-1.607867
##SCC itera= 4  conv=4  energy =     -10.66512873  energy0 =      -6.81008454  (  32.611682 )
./integ_temp/linear_h2_6__1_5/int_mono_linear_h2_6__1_5_0_5_0.dat -> 7 eris
./integ_temp/linear_h2_6__1_5/int_mono_linear_h2_6__1_5_2_5_0.dat -> 7 eris
./integ_temp/linear_h2_6__1_5/int_mono_linear_h2_6__1_5_3_5_0.dat -> 7 eris
./integ_temp/linear_h2_6__1_5/int_mono_linear_h2_6__1_5_1_5_0.dat -> 7 eris
./integ_temp/linear_h2_6__1_5/int_mono_linear_h2_6__1_5_5_5_0.dat -> 7 eris
./integ_temp/linear_h2_6__1_5/int_mono_linear_h2_6__1_5_4_5_0.dat -> 7 eris
pyscript : VQE for ./integ_temp/linear_h2_6__1_5/int_mono_linear_h2_6__1_5_5_5_0.dat spawned.
pyscript : VQE for ./integ_temp/linear_h2_6__1_5/int_mono_linear_h2_6__1_5_0_5_0.dat spawned.
pyscript : VQE for ./integ_temp/linear_h2_6__1_5/int_mono_linear_h2_6__1_5_3_5_0.dat spawned.
pyscript : VQE for ./integ_temp/linear_h2_6__1_5/int_mono_linear_h2_6__1_5_2_5_0.dat spawned.
pyscript : VQE for ./integ_temp/linear_h2_6__1_5/int_mono_linear_h2_6__1_5_1_5_0.dat spawned.
pyscript : VQE for ./integ_temp/linear_h2_6__1_5/int_mono_linear_h2_6__1_5_4_5_0.dat spawned.
pyscript : output ./result_temp/linear_h2_6__1_5/res_mono_linear_h2_6__1_5_3_5_0.dat Generated.
it=5	mon=[3]	energy=-1.901176
pyscript : output ./result_temp/linear_h2_6__1_5/res_mono_linear_h2_6__1_5_5_5_0.dat Generated.
pyscript : output ./result_temp/linear_h2_6__1_5/res_mono_linear_h2_6__1_5_2_5_0.dat Generated.
pyscript : output ./result_temp/linear_h2_6__1_5/res_mono_linear_h2_6__1_5_4_5_0.dat Generated.
pyscript : output ./result_temp/linear_h2_6__1_5/res_mono_linear_h2_6__1_5_0_5_0.dat Generated.
it=5	mon=[5]	energy=-1.527851
pyscript : output ./result_temp/linear_h2_6__1_5/res_mono_linear_h2_6__1_5_1_5_0.dat Generated.
it=5	mon=[2]	energy=-1.943729
it=5	mon=[4]	energy=-1.774067
it=5	mon=[0]	energy=-1.607980
it=5	mon=[1]	energy=-1.910339
##SCC itera= 5  conv=4  energy =     -10.66514248  energy0 =      -6.81008027  (  32.512270 )
./integ_temp/linear_h2_6__1_5/int_mono_linear_h2_6__1_5_2_6_0.dat -> 7 eris
./integ_temp/linear_h2_6__1_5/int_mono_linear_h2_6__1_5_3_6_0.dat -> 7 eris
./integ_temp/linear_h2_6__1_5/int_mono_linear_h2_6__1_5_5_6_0.dat -> 7 eris
./integ_temp/linear_h2_6__1_5/int_mono_linear_h2_6__1_5_0_6_0.dat -> 7 eris
./integ_temp/linear_h2_6__1_5/int_mono_linear_h2_6__1_5_1_6_0.dat -> 7 eris
./integ_temp/linear_h2_6__1_5/int_mono_linear_h2_6__1_5_4_6_0.dat -> 7 eris
pyscript : VQE for ./integ_temp/linear_h2_6__1_5/int_mono_linear_h2_6__1_5_2_6_0.dat spawned.
pyscript : VQE for ./integ_temp/linear_h2_6__1_5/int_mono_linear_h2_6__1_5_3_6_0.dat spawned.
pyscript : VQE for ./integ_temp/linear_h2_6__1_5/int_mono_linear_h2_6__1_5_0_6_0.dat spawned.
pyscript : VQE for ./integ_temp/linear_h2_6__1_5/int_mono_linear_h2_6__1_5_5_6_0.dat spawned.
pyscript : VQE for ./integ_temp/linear_h2_6__1_5/int_mono_linear_h2_6__1_5_1_6_0.dat spawned.
pyscript : VQE for ./integ_temp/linear_h2_6__1_5/int_mono_linear_h2_6__1_5_4_6_0.dat spawned.
pyscript : output ./result_temp/linear_h2_6__1_5/res_mono_linear_h2_6__1_5_3_6_0.dat Generated.
it=6	mon=[3]	energy=-1.901260
pyscript : output ./result_temp/linear_h2_6__1_5/res_mono_linear_h2_6__1_5_1_6_0.dat Generated.
pyscript : output ./result_temp/linear_h2_6__1_5/res_mono_linear_h2_6__1_5_2_6_0.dat Generated.
pyscript : output ./result_temp/linear_h2_6__1_5/res_mono_linear_h2_6__1_5_4_6_0.dat Generated.
pyscript : output ./result_temp/linear_h2_6__1_5/res_mono_linear_h2_6__1_5_0_6_0.dat Generated.
pyscript : output ./result_temp/linear_h2_6__1_5/res_mono_linear_h2_6__1_5_5_6_0.dat Generated.
it=6	mon=[1]	energy=-1.910579
it=6	mon=[2]	energy=-1.944239
it=6	mon=[0]	energy=-1.608181
it=6	mon=[4]	energy=-1.774336
it=6	mon=[5]	energy=-1.528009
##SCC itera= 6  conv=6  energy =     -10.66660288  energy0 =      -6.81007260  (  32.292325 )
./integ_temp/linear_h2_6__1_5/int_mono_linear_h2_6__1_5_1_7_0.dat -> 7 eris
./integ_temp/linear_h2_6__1_5/int_mono_linear_h2_6__1_5_2_7_0.dat -> 7 eris
./integ_temp/linear_h2_6__1_5/int_mono_linear_h2_6__1_5_3_7_0.dat -> 7 eris
./integ_temp/linear_h2_6__1_5/int_mono_linear_h2_6__1_5_4_7_0.dat -> 7 eris
./integ_temp/linear_h2_6__1_5/int_mono_linear_h2_6__1_5_5_7_0.dat -> 7 eris
./integ_temp/linear_h2_6__1_5/int_mono_linear_h2_6__1_5_0_7_0.dat -> 7 eris
pyscript : VQE for ./integ_temp/linear_h2_6__1_5/int_mono_linear_h2_6__1_5_3_7_0.dat spawned.
pyscript : VQE for ./integ_temp/linear_h2_6__1_5/int_mono_linear_h2_6__1_5_2_7_0.dat spawned.
pyscript : VQE for ./integ_temp/linear_h2_6__1_5/int_mono_linear_h2_6__1_5_0_7_0.dat spawned.
pyscript : VQE for ./integ_temp/linear_h2_6__1_5/int_mono_linear_h2_6__1_5_1_7_0.dat spawned.
pyscript : VQE for ./integ_temp/linear_h2_6__1_5/int_mono_linear_h2_6__1_5_5_7_0.dat spawned.
pyscript : VQE for ./integ_temp/linear_h2_6__1_5/int_mono_linear_h2_6__1_5_4_7_0.dat spawned.
pyscript : output ./result_temp/linear_h2_6__1_5/res_mono_linear_h2_6__1_5_1_7_0.dat Generated.
pyscript : output ./result_temp/linear_h2_6__1_5/res_mono_linear_h2_6__1_5_5_7_0.dat Generated.
it=7	mon=[1]	energy=-1.910604
it=7	mon=[5]	energy=-1.528017
pyscript : output ./result_temp/linear_h2_6__1_5/res_mono_linear_h2_6__1_5_3_7_0.dat Generated.
pyscript : output ./result_temp/linear_h2_6__1_5/res_mono_linear_h2_6__1_5_0_7_0.dat Generated.
pyscript : output ./result_temp/linear_h2_6__1_5/res_mono_linear_h2_6__1_5_2_7_0.dat Generated.
pyscript : output ./result_temp/linear_h2_6__1_5/res_mono_linear_h2_6__1_5_4_7_0.dat Generated.
it=7	mon=[3]	energy=-1.901292
it=7	mon=[2]	energy=-1.944183
it=7	mon=[0]	energy=-1.608213
it=7	mon=[4]	energy=-1.774352
##SCC itera= 7  conv=6  energy =     -10.66665991  energy0 =      -6.81021137  (  31.268258 )
./integ_temp/linear_h2_6__1_5/int_mono_linear_h2_6__1_5_1_8_0.dat -> 7 eris
./integ_temp/linear_h2_6__1_5/int_mono_linear_h2_6__1_5_3_8_0.dat -> 7 eris
./integ_temp/linear_h2_6__1_5/int_mono_linear_h2_6__1_5_4_8_0.dat -> 7 eris
./integ_temp/linear_h2_6__1_5/int_mono_linear_h2_6__1_5_5_8_0.dat -> 7 eris
./integ_temp/linear_h2_6__1_5/int_mono_linear_h2_6__1_5_0_8_0.dat -> 7 eris
./integ_temp/linear_h2_6__1_5/int_mono_linear_h2_6__1_5_2_8_0.dat -> 7 eris
pyscript : VQE for ./integ_temp/linear_h2_6__1_5/int_mono_linear_h2_6__1_5_3_8_0.dat spawned.
pyscript : VQE for ./integ_temp/linear_h2_6__1_5/int_mono_linear_h2_6__1_5_0_8_0.dat spawned.
pyscript : VQE for ./integ_temp/linear_h2_6__1_5/int_mono_linear_h2_6__1_5_2_8_0.dat spawned.
pyscript : VQE for ./integ_temp/linear_h2_6__1_5/int_mono_linear_h2_6__1_5_5_8_0.dat spawned.
pyscript : VQE for ./integ_temp/linear_h2_6__1_5/int_mono_linear_h2_6__1_5_4_8_0.dat spawned.
pyscript : VQE for ./integ_temp/linear_h2_6__1_5/int_mono_linear_h2_6__1_5_1_8_0.dat spawned.
pyscript : output ./result_temp/linear_h2_6__1_5/res_mono_linear_h2_6__1_5_2_8_0.dat Generated.
pyscript : output ./result_temp/linear_h2_6__1_5/res_mono_linear_h2_6__1_5_4_8_0.dat Generated.
pyscript : output ./result_temp/linear_h2_6__1_5/res_mono_linear_h2_6__1_5_3_8_0.dat Generated.
pyscript : output ./result_temp/linear_h2_6__1_5/res_mono_linear_h2_6__1_5_0_8_0.dat Generated.
pyscript : output ./result_temp/linear_h2_6__1_5/res_mono_linear_h2_6__1_5_1_8_0.dat Generated.
it=8	mon=[2]	energy=-1.944205
pyscript : output ./result_temp/linear_h2_6__1_5/res_mono_linear_h2_6__1_5_5_8_0.dat Generated.
it=8	mon=[4]	energy=-1.774381
it=8	mon=[3]	energy=-1.901298
it=8	mon=[0]	energy=-1.608239
it=8	mon=[1]	energy=-1.910620
it=8	mon=[5]	energy=-1.528039
##SCC itera= 8  conv=6  energy =     -10.66678112  energy0 =      -6.81045602  (  32.319592 )
./integ_temp/linear_h2_6__1_5/int_mono_linear_h2_6__1_5_0_9_0.dat -> 7 eris
./integ_temp/linear_h2_6__1_5/int_mono_linear_h2_6__1_5_3_9_0.dat -> 7 eris
./integ_temp/linear_h2_6__1_5/int_mono_linear_h2_6__1_5_4_9_0.dat -> 7 eris
./integ_temp/linear_h2_6__1_5/int_mono_linear_h2_6__1_5_1_9_0.dat -> 7 eris
./integ_temp/linear_h2_6__1_5/int_mono_linear_h2_6__1_5_2_9_0.dat -> 7 eris
./integ_temp/linear_h2_6__1_5/int_mono_linear_h2_6__1_5_5_9_0.dat -> 7 eris
pyscript : VQE for ./integ_temp/linear_h2_6__1_5/int_mono_linear_h2_6__1_5_0_9_0.dat spawned.
pyscript : VQE for ./integ_temp/linear_h2_6__1_5/int_mono_linear_h2_6__1_5_4_9_0.dat spawned.
pyscript : VQE for ./integ_temp/linear_h2_6__1_5/int_mono_linear_h2_6__1_5_2_9_0.dat spawned.
pyscript : VQE for ./integ_temp/linear_h2_6__1_5/int_mono_linear_h2_6__1_5_3_9_0.dat spawned.
pyscript : VQE for ./integ_temp/linear_h2_6__1_5/int_mono_linear_h2_6__1_5_5_9_0.dat spawned.
pyscript : VQE for ./integ_temp/linear_h2_6__1_5/int_mono_linear_h2_6__1_5_1_9_0.dat spawned.
pyscript : output ./result_temp/linear_h2_6__1_5/res_mono_linear_h2_6__1_5_5_9_0.dat Generated.
pyscript : output ./result_temp/linear_h2_6__1_5/res_mono_linear_h2_6__1_5_1_9_0.dat Generated.
it=9	mon=[5]	energy=-1.528021
it=9	mon=[1]	energy=-1.910618
pyscript : output ./result_temp/linear_h2_6__1_5/res_mono_linear_h2_6__1_5_0_9_0.dat Generated.
pyscript : output ./result_temp/linear_h2_6__1_5/res_mono_linear_h2_6__1_5_4_9_0.dat Generated.
pyscript : output ./result_temp/linear_h2_6__1_5/res_mono_linear_h2_6__1_5_3_9_0.dat Generated.
pyscript : output ./result_temp/linear_h2_6__1_5/res_mono_linear_h2_6__1_5_2_9_0.dat Generated.
it=9	mon=[0]	energy=-1.608155
it=9	mon=[3]	energy=-1.901266
it=9	mon=[4]	energy=-1.774361
it=9	mon=[2]	energy=-1.944153
##SCC itera= 9  conv=7  energy =     -10.66657432  energy0 =      -6.81021950  (  30.368308 )
./integ_temp/linear_h2_6__1_5/int_mono_linear_h2_6__1_5_1_10_0.dat -> 7 eris
./integ_temp/linear_h2_6__1_5/int_mono_linear_h2_6__1_5_4_10_0.dat -> 7 eris
./integ_temp/linear_h2_6__1_5/int_mono_linear_h2_6__1_5_0_10_0.dat -> 7 eris
./integ_temp/linear_h2_6__1_5/int_mono_linear_h2_6__1_5_5_10_0.dat -> 7 eris
./integ_temp/linear_h2_6__1_5/int_mono_linear_h2_6__1_5_2_10_0.dat -> 7 eris
./integ_temp/linear_h2_6__1_5/int_mono_linear_h2_6__1_5_3_10_0.dat -> 7 eris
pyscript : VQE for ./integ_temp/linear_h2_6__1_5/int_mono_linear_h2_6__1_5_1_10_0.dat spawned.
pyscript : VQE for ./integ_temp/linear_h2_6__1_5/int_mono_linear_h2_6__1_5_4_10_0.dat spawned.
pyscript : VQE for ./integ_temp/linear_h2_6__1_5/int_mono_linear_h2_6__1_5_0_10_0.dat spawned.
pyscript : VQE for ./integ_temp/linear_h2_6__1_5/int_mono_linear_h2_6__1_5_5_10_0.dat spawned.
pyscript : VQE for ./integ_temp/linear_h2_6__1_5/int_mono_linear_h2_6__1_5_3_10_0.dat spawned.
pyscript : VQE for ./integ_temp/linear_h2_6__1_5/int_mono_linear_h2_6__1_5_2_10_0.dat spawned.
pyscript : output ./result_temp/linear_h2_6__1_5/res_mono_linear_h2_6__1_5_3_10_0.dat Generated.
it=10	mon=[3]	energy=-1.901282
pyscript : output ./result_temp/linear_h2_6__1_5/res_mono_linear_h2_6__1_5_0_10_0.dat Generated.
pyscript : output ./result_temp/linear_h2_6__1_5/res_mono_linear_h2_6__1_5_4_10_0.dat Generated.
pyscript : output ./result_temp/linear_h2_6__1_5/res_mono_linear_h2_6__1_5_5_10_0.dat Generated.
pyscript : output ./result_temp/linear_h2_6__1_5/res_mono_linear_h2_6__1_5_1_10_0.dat Generated.
pyscript : output ./result_temp/linear_h2_6__1_5/res_mono_linear_h2_6__1_5_2_10_0.dat Generated.
it=10	mon=[4]	energy=-1.774381
it=10	mon=[0]	energy=-1.608241
it=10	mon=[5]	energy=-1.528041
it=10	mon=[1]	energy=-1.910615
it=10	mon=[2]	energy=-1.944199
##SCC itera=10  conv=7  energy =     -10.66675860  energy0 =      -6.81007002  (  31.444293 )
./integ_temp/linear_h2_6__1_5/int_mono_linear_h2_6__1_5_3_11_0.dat -> 7 eris
./integ_temp/linear_h2_6__1_5/int_mono_linear_h2_6__1_5_0_11_0.dat -> 7 eris
./integ_temp/linear_h2_6__1_5/int_mono_linear_h2_6__1_5_2_11_0.dat -> 7 eris
./integ_temp/linear_h2_6__1_5/int_mono_linear_h2_6__1_5_4_11_0.dat -> 7 eris
./integ_temp/linear_h2_6__1_5/int_mono_linear_h2_6__1_5_5_11_0.dat -> 7 eris
./integ_temp/linear_h2_6__1_5/int_mono_linear_h2_6__1_5_1_11_0.dat -> 7 eris
pyscript : VQE for ./integ_temp/linear_h2_6__1_5/int_mono_linear_h2_6__1_5_4_11_0.dat spawned.
pyscript : VQE for ./integ_temp/linear_h2_6__1_5/int_mono_linear_h2_6__1_5_0_11_0.dat spawned.
pyscript : VQE for ./integ_temp/linear_h2_6__1_5/int_mono_linear_h2_6__1_5_5_11_0.dat spawned.
pyscript : VQE for ./integ_temp/linear_h2_6__1_5/int_mono_linear_h2_6__1_5_3_11_0.dat spawned.
pyscript : VQE for ./integ_temp/linear_h2_6__1_5/int_mono_linear_h2_6__1_5_1_11_0.dat spawned.
pyscript : VQE for ./integ_temp/linear_h2_6__1_5/int_mono_linear_h2_6__1_5_2_11_0.dat spawned.
pyscript : output ./result_temp/linear_h2_6__1_5/res_mono_linear_h2_6__1_5_5_11_0.dat Generated.
it=11	mon=[5]	energy=-1.528023
pyscript : output ./result_temp/linear_h2_6__1_5/res_mono_linear_h2_6__1_5_0_11_0.dat Generated.
pyscript : output ./result_temp/linear_h2_6__1_5/res_mono_linear_h2_6__1_5_4_11_0.dat Generated.
pyscript : output ./result_temp/linear_h2_6__1_5/res_mono_linear_h2_6__1_5_2_11_0.dat Generated.
pyscript : output ./result_temp/linear_h2_6__1_5/res_mono_linear_h2_6__1_5_3_11_0.dat Generated.
it=11	mon=[0]	energy=-1.608237
it=11	mon=[4]	energy=-1.774352
pyscript : output ./result_temp/linear_h2_6__1_5/res_mono_linear_h2_6__1_5_1_11_0.dat Generated.
it=11	mon=[2]	energy=-1.944188
it=11	mon=[3]	energy=-1.901300
##SCC itera=11  conv=7  energy =     -10.66670710  energy0 =      -6.81030352  (  32.560402 )
it=11	mon=[1]	energy=-1.910607
./integ_temp/linear_h2_6__1_5/int_mono_linear_h2_6__1_5_1_12_0.dat -> 7 eris
./integ_temp/linear_h2_6__1_5/int_mono_linear_h2_6__1_5_0_12_0.dat -> 7 eris
./integ_temp/linear_h2_6__1_5/int_mono_linear_h2_6__1_5_5_12_0.dat -> 7 eris
./integ_temp/linear_h2_6__1_5/int_mono_linear_h2_6__1_5_2_12_0.dat -> 7 eris
./integ_temp/linear_h2_6__1_5/int_mono_linear_h2_6__1_5_4_12_0.dat -> 7 eris
./integ_temp/linear_h2_6__1_5/int_mono_linear_h2_6__1_5_3_12_0.dat -> 7 eris
pyscript : VQE for ./integ_temp/linear_h2_6__1_5/int_mono_linear_h2_6__1_5_1_12_0.dat spawned.
pyscript : VQE for ./integ_temp/linear_h2_6__1_5/int_mono_linear_h2_6__1_5_0_12_0.dat spawned.
pyscript : VQE for ./integ_temp/linear_h2_6__1_5/int_mono_linear_h2_6__1_5_3_12_0.dat spawned.
pyscript : VQE for ./integ_temp/linear_h2_6__1_5/int_mono_linear_h2_6__1_5_4_12_0.dat spawned.
pyscript : VQE for ./integ_temp/linear_h2_6__1_5/int_mono_linear_h2_6__1_5_5_12_0.dat spawned.
pyscript : VQE for ./integ_temp/linear_h2_6__1_5/int_mono_linear_h2_6__1_5_2_12_0.dat spawned.
pyscript : output ./result_temp/linear_h2_6__1_5/res_mono_linear_h2_6__1_5_1_12_0.dat Generated.
pyscript : output ./result_temp/linear_h2_6__1_5/res_mono_linear_h2_6__1_5_3_12_0.dat Generated.
pyscript : output ./result_temp/linear_h2_6__1_5/res_mono_linear_h2_6__1_5_4_12_0.dat Generated.
pyscript : output ./result_temp/linear_h2_6__1_5/res_mono_linear_h2_6__1_5_0_12_0.dat Generated.
pyscript : output ./result_temp/linear_h2_6__1_5/res_mono_linear_h2_6__1_5_2_12_0.dat Generated.
pyscript : output ./result_temp/linear_h2_6__1_5/res_mono_linear_h2_6__1_5_5_12_0.dat Generated.
it=12	mon=[1]	energy=-1.910617
it=12	mon=[0]	energy=-1.608243
it=12	mon=[3]	energy=-1.901300
it=12	mon=[2]	energy=-1.944211
it=12	mon=[4]	energy=-1.774381
it=12	mon=[5]	energy=-1.528041
##SCC itera=12  conv=7  energy =     -10.66679259  energy0 =      -6.81045870  (  32.268141 )
./integ_temp/linear_h2_6__1_5/int_mono_linear_h2_6__1_5_3_13_0.dat -> 7 eris
./integ_temp/linear_h2_6__1_5/int_mono_linear_h2_6__1_5_0_13_0.dat -> 7 eris
./integ_temp/linear_h2_6__1_5/int_mono_linear_h2_6__1_5_1_13_0.dat -> 7 eris
./integ_temp/linear_h2_6__1_5/int_mono_linear_h2_6__1_5_5_13_0.dat -> 7 eris
./integ_temp/linear_h2_6__1_5/int_mono_linear_h2_6__1_5_4_13_0.dat -> 7 eris
./integ_temp/linear_h2_6__1_5/int_mono_linear_h2_6__1_5_2_13_0.dat -> 7 eris
pyscript : VQE for ./integ_temp/linear_h2_6__1_5/int_mono_linear_h2_6__1_5_1_13_0.dat spawned.
pyscript : VQE for ./integ_temp/linear_h2_6__1_5/int_mono_linear_h2_6__1_5_4_13_0.dat spawned.
pyscript : VQE for ./integ_temp/linear_h2_6__1_5/int_mono_linear_h2_6__1_5_5_13_0.dat spawned.
pyscript : VQE for ./integ_temp/linear_h2_6__1_5/int_mono_linear_h2_6__1_5_0_13_0.dat spawned.
pyscript : VQE for ./integ_temp/linear_h2_6__1_5/int_mono_linear_h2_6__1_5_3_13_0.dat spawned.
pyscript : VQE for ./integ_temp/linear_h2_6__1_5/int_mono_linear_h2_6__1_5_2_13_0.dat spawned.
pyscript : output ./result_temp/linear_h2_6__1_5/res_mono_linear_h2_6__1_5_3_13_0.dat Generated.
pyscript : output ./result_temp/linear_h2_6__1_5/res_mono_linear_h2_6__1_5_1_13_0.dat Generated.
it=13	mon=[3]	energy=-1.901284
it=13	mon=[1]	energy=-1.910616
pyscript : output ./result_temp/linear_h2_6__1_5/res_mono_linear_h2_6__1_5_0_13_0.dat Generated.
pyscript : output ./result_temp/linear_h2_6__1_5/res_mono_linear_h2_6__1_5_2_13_0.dat Generated.
pyscript : output ./result_temp/linear_h2_6__1_5/res_mono_linear_h2_6__1_5_4_13_0.dat Generated.
pyscript : output ./result_temp/linear_h2_6__1_5/res_mono_linear_h2_6__1_5_5_13_0.dat Generated.
it=13	mon=[0]	energy=-1.608243
it=13	mon=[2]	energy=-1.944211
it=13	mon=[4]	energy=-1.774383
it=13	mon=[5]	energy=-1.528043
##SCC itera=13  conv=7  energy =     -10.66677896  energy0 =      -6.80997679  (  32.276403 )
./integ_temp/linear_h2_6__1_5/int_mono_linear_h2_6__1_5_5_14_0.dat -> 7 eris
./integ_temp/linear_h2_6__1_5/int_mono_linear_h2_6__1_5_4_14_0.dat -> 7 eris
./integ_temp/linear_h2_6__1_5/int_mono_linear_h2_6__1_5_0_14_0.dat -> 7 eris
./integ_temp/linear_h2_6__1_5/int_mono_linear_h2_6__1_5_3_14_0.dat -> 7 eris
./integ_temp/linear_h2_6__1_5/int_mono_linear_h2_6__1_5_2_14_0.dat -> 7 eris
./integ_temp/linear_h2_6__1_5/int_mono_linear_h2_6__1_5_1_14_0.dat -> 7 eris
pyscript : VQE for ./integ_temp/linear_h2_6__1_5/int_mono_linear_h2_6__1_5_0_14_0.dat spawned.
pyscript : VQE for ./integ_temp/linear_h2_6__1_5/int_mono_linear_h2_6__1_5_4_14_0.dat spawned.
pyscript : VQE for ./integ_temp/linear_h2_6__1_5/int_mono_linear_h2_6__1_5_3_14_0.dat spawned.
pyscript : VQE for ./integ_temp/linear_h2_6__1_5/int_mono_linear_h2_6__1_5_2_14_0.dat spawned.
pyscript : VQE for ./integ_temp/linear_h2_6__1_5/int_mono_linear_h2_6__1_5_1_14_0.dat spawned.
pyscript : VQE for ./integ_temp/linear_h2_6__1_5/int_mono_linear_h2_6__1_5_5_14_0.dat spawned.
pyscript : output ./result_temp/linear_h2_6__1_5/res_mono_linear_h2_6__1_5_3_14_0.dat Generated.
pyscript : output ./result_temp/linear_h2_6__1_5/res_mono_linear_h2_6__1_5_5_14_0.dat Generated.
it=14	mon=[3]	energy=-1.901280
it=14	mon=[5]	energy=-1.528021
pyscript : output ./result_temp/linear_h2_6__1_5/res_mono_linear_h2_6__1_5_0_14_0.dat Generated.
pyscript : output ./result_temp/linear_h2_6__1_5/res_mono_linear_h2_6__1_5_4_14_0.dat Generated.
pyscript : output ./result_temp/linear_h2_6__1_5/res_mono_linear_h2_6__1_5_1_14_0.dat Generated.
pyscript : output ./result_temp/linear_h2_6__1_5/res_mono_linear_h2_6__1_5_2_14_0.dat Generated.
it=14	mon=[4]	energy=-1.774348
it=14	mon=[0]	energy=-1.608229
it=14	mon=[2]	energy=-1.944178
it=14	mon=[1]	energy=-1.910605
##SCC itera=14  conv=7  energy =     -10.66666108  energy0 =      -6.80991770  (  30.596230 )
./integ_temp/linear_h2_6__1_5/int_mono_linear_h2_6__1_5_5_15_0.dat -> 7 eris
./integ_temp/linear_h2_6__1_5/int_mono_linear_h2_6__1_5_1_15_0.dat -> 7 eris
./integ_temp/linear_h2_6__1_5/int_mono_linear_h2_6__1_5_0_15_0.dat -> 7 eris
./integ_temp/linear_h2_6__1_5/int_mono_linear_h2_6__1_5_4_15_0.dat -> 7 eris
./integ_temp/linear_h2_6__1_5/int_mono_linear_h2_6__1_5_2_15_0.dat -> 7 eris
./integ_temp/linear_h2_6__1_5/int_mono_linear_h2_6__1_5_3_15_0.dat -> 7 eris
pyscript : VQE for ./integ_temp/linear_h2_6__1_5/int_mono_linear_h2_6__1_5_1_15_0.dat spawned.
pyscript : VQE for ./integ_temp/linear_h2_6__1_5/int_mono_linear_h2_6__1_5_4_15_0.dat spawned.
pyscript : VQE for ./integ_temp/linear_h2_6__1_5/int_mono_linear_h2_6__1_5_0_15_0.dat spawned.
pyscript : VQE for ./integ_temp/linear_h2_6__1_5/int_mono_linear_h2_6__1_5_5_15_0.dat spawned.
pyscript : VQE for ./integ_temp/linear_h2_6__1_5/int_mono_linear_h2_6__1_5_2_15_0.dat spawned.
pyscript : VQE for ./integ_temp/linear_h2_6__1_5/int_mono_linear_h2_6__1_5_3_15_0.dat spawned.
pyscript : output ./result_temp/linear_h2_6__1_5/res_mono_linear_h2_6__1_5_5_15_0.dat Generated.
it=15	mon=[5]	energy=-1.528019
pyscript : output ./result_temp/linear_h2_6__1_5/res_mono_linear_h2_6__1_5_0_15_0.dat Generated.
pyscript : output ./result_temp/linear_h2_6__1_5/res_mono_linear_h2_6__1_5_4_15_0.dat Generated.
pyscript : output ./result_temp/linear_h2_6__1_5/res_mono_linear_h2_6__1_5_1_15_0.dat Generated.
pyscript : output ./result_temp/linear_h2_6__1_5/res_mono_linear_h2_6__1_5_2_15_0.dat Generated.
pyscript : output ./result_temp/linear_h2_6__1_5/res_mono_linear_h2_6__1_5_3_15_0.dat Generated.
it=15	mon=[0]	energy=-1.608233
it=15	mon=[4]	energy=-1.774350
it=15	mon=[1]	energy=-1.910605
it=15	mon=[3]	energy=-1.901300
it=15	mon=[2]	energy=-1.944188
##SCC itera=15  conv=7  energy =     -10.66669530  energy0 =      -6.81030815  (  31.544747 )
./integ_temp/linear_h2_6__1_5/int_mono_linear_h2_6__1_5_3_16_0.dat -> 7 eris
./integ_temp/linear_h2_6__1_5/int_mono_linear_h2_6__1_5_5_16_0.dat -> 7 eris
./integ_temp/linear_h2_6__1_5/int_mono_linear_h2_6__1_5_4_16_0.dat -> 7 eris
./integ_temp/linear_h2_6__1_5/int_mono_linear_h2_6__1_5_2_16_0.dat -> 7 eris
./integ_temp/linear_h2_6__1_5/int_mono_linear_h2_6__1_5_0_16_0.dat -> 7 eris
./integ_temp/linear_h2_6__1_5/int_mono_linear_h2_6__1_5_1_16_0.dat -> 7 eris
pyscript : VQE for ./integ_temp/linear_h2_6__1_5/int_mono_linear_h2_6__1_5_5_16_0.dat spawned.
pyscript : VQE for ./integ_temp/linear_h2_6__1_5/int_mono_linear_h2_6__1_5_0_16_0.dat spawned.
pyscript : VQE for ./integ_temp/linear_h2_6__1_5/int_mono_linear_h2_6__1_5_2_16_0.dat spawned.
pyscript : VQE for ./integ_temp/linear_h2_6__1_5/int_mono_linear_h2_6__1_5_3_16_0.dat spawned.
pyscript : VQE for ./integ_temp/linear_h2_6__1_5/int_mono_linear_h2_6__1_5_4_16_0.dat spawned.
pyscript : VQE for ./integ_temp/linear_h2_6__1_5/int_mono_linear_h2_6__1_5_1_16_0.dat spawned.
pyscript : output ./result_temp/linear_h2_6__1_5/res_mono_linear_h2_6__1_5_0_16_0.dat Generated.
pyscript : output ./result_temp/linear_h2_6__1_5/res_mono_linear_h2_6__1_5_3_16_0.dat Generated.
pyscript : output ./result_temp/linear_h2_6__1_5/res_mono_linear_h2_6__1_5_4_16_0.dat Generated.
pyscript : output ./result_temp/linear_h2_6__1_5/res_mono_linear_h2_6__1_5_2_16_0.dat Generated.
pyscript : output ./result_temp/linear_h2_6__1_5/res_mono_linear_h2_6__1_5_1_16_0.dat Generated.
pyscript : output ./result_temp/linear_h2_6__1_5/res_mono_linear_h2_6__1_5_5_16_0.dat Generated.
it=16	mon=[0]	energy=-1.608243
it=16	mon=[3]	energy=-1.901300
it=16	mon=[4]	energy=-1.774381
it=16	mon=[5]	energy=-1.528041
it=16	mon=[2]	energy=-1.944212
it=16	mon=[1]	energy=-1.910617
##SCC itera=16  conv=7  energy =     -10.66679396  energy0 =      -6.81045459  (  30.600255 )
./integ_temp/linear_h2_6__1_5/int_mono_linear_h2_6__1_5_4_17_0.dat -> 7 eris
./integ_temp/linear_h2_6__1_5/int_mono_linear_h2_6__1_5_3_17_0.dat -> 7 eris
./integ_temp/linear_h2_6__1_5/int_mono_linear_h2_6__1_5_1_17_0.dat -> 7 eris
./integ_temp/linear_h2_6__1_5/int_mono_linear_h2_6__1_5_0_17_0.dat -> 7 eris
./integ_temp/linear_h2_6__1_5/int_mono_linear_h2_6__1_5_5_17_0.dat -> 7 eris
./integ_temp/linear_h2_6__1_5/int_mono_linear_h2_6__1_5_2_17_0.dat -> 7 eris
pyscript : VQE for ./integ_temp/linear_h2_6__1_5/int_mono_linear_h2_6__1_5_4_17_0.dat spawned.
pyscript : VQE for ./integ_temp/linear_h2_6__1_5/int_mono_linear_h2_6__1_5_3_17_0.dat spawned.
pyscript : VQE for ./integ_temp/linear_h2_6__1_5/int_mono_linear_h2_6__1_5_2_17_0.dat spawned.
pyscript : VQE for ./integ_temp/linear_h2_6__1_5/int_mono_linear_h2_6__1_5_0_17_0.dat spawned.
pyscript : VQE for ./integ_temp/linear_h2_6__1_5/int_mono_linear_h2_6__1_5_5_17_0.dat spawned.
pyscript : VQE for ./integ_temp/linear_h2_6__1_5/int_mono_linear_h2_6__1_5_1_17_0.dat spawned.
pyscript : output ./result_temp/linear_h2_6__1_5/res_mono_linear_h2_6__1_5_2_17_0.dat Generated.
pyscript : output ./result_temp/linear_h2_6__1_5/res_mono_linear_h2_6__1_5_3_17_0.dat Generated.
pyscript : output ./result_temp/linear_h2_6__1_5/res_mono_linear_h2_6__1_5_5_17_0.dat Generated.
pyscript : output ./result_temp/linear_h2_6__1_5/res_mono_linear_h2_6__1_5_1_17_0.dat Generated.
pyscript : output ./result_temp/linear_h2_6__1_5/res_mono_linear_h2_6__1_5_0_17_0.dat Generated.
pyscript : output ./result_temp/linear_h2_6__1_5/res_mono_linear_h2_6__1_5_4_17_0.dat Generated.
it=17	mon=[2]	energy=-1.944211
it=17	mon=[3]	energy=-1.901280
it=17	mon=[5]	energy=-1.528037
it=17	mon=[1]	energy=-1.910593
it=17	mon=[4]	energy=-1.774373
it=17	mon=[0]	energy=-1.608231
##SCC itera=17  conv=7  energy =     -10.66672454  energy0 =      -6.81045618  (  32.270506 )
./integ_temp/linear_h2_6__1_5/int_mono_linear_h2_6__1_5_2_18_0.dat -> 7 eris
./integ_temp/linear_h2_6__1_5/int_mono_linear_h2_6__1_5_0_18_0.dat -> 7 eris
./integ_temp/linear_h2_6__1_5/int_mono_linear_h2_6__1_5_5_18_0.dat -> 7 eris
./integ_temp/linear_h2_6__1_5/int_mono_linear_h2_6__1_5_4_18_0.dat -> 7 eris
./integ_temp/linear_h2_6__1_5/int_mono_linear_h2_6__1_5_3_18_0.dat -> 7 eris
./integ_temp/linear_h2_6__1_5/int_mono_linear_h2_6__1_5_1_18_0.dat -> 7 eris
pyscript : VQE for ./integ_temp/linear_h2_6__1_5/int_mono_linear_h2_6__1_5_1_18_0.dat spawned.
pyscript : VQE for ./integ_temp/linear_h2_6__1_5/int_mono_linear_h2_6__1_5_5_18_0.dat spawned.
pyscript : VQE for ./integ_temp/linear_h2_6__1_5/int_mono_linear_h2_6__1_5_3_18_0.dat spawned.
pyscript : VQE for ./integ_temp/linear_h2_6__1_5/int_mono_linear_h2_6__1_5_4_18_0.dat spawned.
pyscript : VQE for ./integ_temp/linear_h2_6__1_5/int_mono_linear_h2_6__1_5_2_18_0.dat spawned.
pyscript : VQE for ./integ_temp/linear_h2_6__1_5/int_mono_linear_h2_6__1_5_0_18_0.dat spawned.
pyscript : output ./result_temp/linear_h2_6__1_5/res_mono_linear_h2_6__1_5_3_18_0.dat Generated.
pyscript : output ./result_temp/linear_h2_6__1_5/res_mono_linear_h2_6__1_5_0_18_0.dat Generated.
pyscript : output ./result_temp/linear_h2_6__1_5/res_mono_linear_h2_6__1_5_4_18_0.dat Generated.
it=18	mon=[0]	energy=-1.608180
it=18	mon=[3]	energy=-1.901282
it=18	mon=[4]	energy=-1.774243
pyscript : output ./result_temp/linear_h2_6__1_5/res_mono_linear_h2_6__1_5_1_18_0.dat Generated.
pyscript : output ./result_temp/linear_h2_6__1_5/res_mono_linear_h2_6__1_5_5_18_0.dat Generated.
pyscript : output ./result_temp/linear_h2_6__1_5/res_mono_linear_h2_6__1_5_2_18_0.dat Generated.
it=18	mon=[2]	energy=-1.944039
it=18	mon=[5]	energy=-1.527981
##SCC itera=18  conv=7  energy =     -10.66627029  energy0 =      -6.80902018  (  30.384439 )
it=18	mon=[1]	energy=-1.910545
./integ_temp/linear_h2_6__1_5/int_mono_linear_h2_6__1_5_2_19_0.dat -> 7 eris
./integ_temp/linear_h2_6__1_5/int_mono_linear_h2_6__1_5_0_19_0.dat -> 7 eris
./integ_temp/linear_h2_6__1_5/int_mono_linear_h2_6__1_5_1_19_0.dat -> 7 eris
./integ_temp/linear_h2_6__1_5/int_mono_linear_h2_6__1_5_5_19_0.dat -> 7 eris
./integ_temp/linear_h2_6__1_5/int_mono_linear_h2_6__1_5_3_19_0.dat -> 7 eris
./integ_temp/linear_h2_6__1_5/int_mono_linear_h2_6__1_5_4_19_0.dat -> 7 eris
pyscript : VQE for ./integ_temp/linear_h2_6__1_5/int_mono_linear_h2_6__1_5_1_19_0.dat spawned.
pyscript : VQE for ./integ_temp/linear_h2_6__1_5/int_mono_linear_h2_6__1_5_3_19_0.dat spawned.
pyscript : VQE for ./integ_temp/linear_h2_6__1_5/int_mono_linear_h2_6__1_5_5_19_0.dat spawned.
pyscript : VQE for ./integ_temp/linear_h2_6__1_5/int_mono_linear_h2_6__1_5_2_19_0.dat spawned.
pyscript : VQE for ./integ_temp/linear_h2_6__1_5/int_mono_linear_h2_6__1_5_4_19_0.dat spawned.
pyscript : VQE for ./integ_temp/linear_h2_6__1_5/int_mono_linear_h2_6__1_5_0_19_0.dat spawned.
pyscript : output ./result_temp/linear_h2_6__1_5/res_mono_linear_h2_6__1_5_5_19_0.dat Generated.
it=19	mon=[5]	energy=-1.528011
pyscript : output ./result_temp/linear_h2_6__1_5/res_mono_linear_h2_6__1_5_3_19_0.dat Generated.
pyscript : output ./result_temp/linear_h2_6__1_5/res_mono_linear_h2_6__1_5_4_19_0.dat Generated.
pyscript : output ./result_temp/linear_h2_6__1_5/res_mono_linear_h2_6__1_5_1_19_0.dat Generated.
pyscript : output ./result_temp/linear_h2_6__1_5/res_mono_linear_h2_6__1_5_2_19_0.dat Generated.
pyscript : output ./result_temp/linear_h2_6__1_5/res_mono_linear_h2_6__1_5_0_19_0.dat Generated.
it=19	mon=[1]	energy=-1.910541
it=19	mon=[3]	energy=-1.901236
it=19	mon=[4]	energy=-1.774334
it=19	mon=[2]	energy=-1.944152
##SCC itera=19  conv=7  energy =     -10.66647916  energy0 =      -6.81030381  (  31.208393 )
it=19	mon=[0]	energy=-1.608205
./integ_temp/linear_h2_6__1_5/int_mono_linear_h2_6__1_5_1_20_0.dat -> 7 eris
./integ_temp/linear_h2_6__1_5/int_mono_linear_h2_6__1_5_0_20_0.dat -> 7 eris
./integ_temp/linear_h2_6__1_5/int_mono_linear_h2_6__1_5_3_20_0.dat -> 7 eris
./integ_temp/linear_h2_6__1_5/int_mono_linear_h2_6__1_5_2_20_0.dat -> 7 eris
./integ_temp/linear_h2_6__1_5/int_mono_linear_h2_6__1_5_4_20_0.dat -> 7 eris
./integ_temp/linear_h2_6__1_5/int_mono_linear_h2_6__1_5_5_20_0.dat -> 7 eris
pyscript : VQE for ./integ_temp/linear_h2_6__1_5/int_mono_linear_h2_6__1_5_1_20_0.dat spawned.
pyscript : VQE for ./integ_temp/linear_h2_6__1_5/int_mono_linear_h2_6__1_5_3_20_0.dat spawned.
pyscript : VQE for ./integ_temp/linear_h2_6__1_5/int_mono_linear_h2_6__1_5_2_20_0.dat spawned.
pyscript : VQE for ./integ_temp/linear_h2_6__1_5/int_mono_linear_h2_6__1_5_5_20_0.dat spawned.
pyscript : VQE for ./integ_temp/linear_h2_6__1_5/int_mono_linear_h2_6__1_5_0_20_0.dat spawned.
pyscript : VQE for ./integ_temp/linear_h2_6__1_5/int_mono_linear_h2_6__1_5_4_20_0.dat spawned.
pyscript : output ./result_temp/linear_h2_6__1_5/res_mono_linear_h2_6__1_5_5_20_0.dat Generated.
it=20	mon=[5]	energy=-1.528033
pyscript : output ./result_temp/linear_h2_6__1_5/res_mono_linear_h2_6__1_5_2_20_0.dat Generated.
pyscript : output ./result_temp/linear_h2_6__1_5/res_mono_linear_h2_6__1_5_1_20_0.dat Generated.
pyscript : output ./result_temp/linear_h2_6__1_5/res_mono_linear_h2_6__1_5_3_20_0.dat Generated.
pyscript : output ./result_temp/linear_h2_6__1_5/res_mono_linear_h2_6__1_5_0_20_0.dat Generated.
pyscript : output ./result_temp/linear_h2_6__1_5/res_mono_linear_h2_6__1_5_4_20_0.dat Generated.
it=20	mon=[1]	energy=-1.910615
it=20	mon=[2]	energy=-1.944209
it=20	mon=[0]	energy=-1.608241
it=20	mon=[3]	energy=-1.901300
it=20	mon=[4]	energy=-1.774379
##SCC itera=20  conv=7  energy =     -10.66677712  energy0 =      -6.81030446  (  31.352276 )
./integ_temp/linear_h2_6__1_5/int_mono_linear_h2_6__1_5_3_21_0.dat -> 7 eris
./integ_temp/linear_h2_6__1_5/int_mono_linear_h2_6__1_5_5_21_0.dat -> 7 eris
./integ_temp/linear_h2_6__1_5/int_mono_linear_h2_6__1_5_2_21_0.dat -> 7 eris
./integ_temp/linear_h2_6__1_5/int_mono_linear_h2_6__1_5_1_21_0.dat -> 7 eris
./integ_temp/linear_h2_6__1_5/int_mono_linear_h2_6__1_5_0_21_0.dat -> 7 eris
./integ_temp/linear_h2_6__1_5/int_mono_linear_h2_6__1_5_4_21_0.dat -> 7 eris
pyscript : VQE for ./integ_temp/linear_h2_6__1_5/int_mono_linear_h2_6__1_5_1_21_0.dat spawned.
pyscript : VQE for ./integ_temp/linear_h2_6__1_5/int_mono_linear_h2_6__1_5_0_21_0.dat spawned.
pyscript : VQE for ./integ_temp/linear_h2_6__1_5/int_mono_linear_h2_6__1_5_5_21_0.dat spawned.
pyscript : VQE for ./integ_temp/linear_h2_6__1_5/int_mono_linear_h2_6__1_5_4_21_0.dat spawned.
pyscript : VQE for ./integ_temp/linear_h2_6__1_5/int_mono_linear_h2_6__1_5_3_21_0.dat spawned.
pyscript : VQE for ./integ_temp/linear_h2_6__1_5/int_mono_linear_h2_6__1_5_2_21_0.dat spawned.
pyscript : output ./result_temp/linear_h2_6__1_5/res_mono_linear_h2_6__1_5_3_21_0.dat Generated.
pyscript : output ./result_temp/linear_h2_6__1_5/res_mono_linear_h2_6__1_5_1_21_0.dat Generated.
it=21	mon=[3]	energy=-1.901284
it=21	mon=[1]	energy=-1.910616
pyscript : output ./result_temp/linear_h2_6__1_5/res_mono_linear_h2_6__1_5_2_21_0.dat Generated.
pyscript : output ./result_temp/linear_h2_6__1_5/res_mono_linear_h2_6__1_5_4_21_0.dat Generated.
pyscript : output ./result_temp/linear_h2_6__1_5/res_mono_linear_h2_6__1_5_5_21_0.dat Generated.
pyscript : output ./result_temp/linear_h2_6__1_5/res_mono_linear_h2_6__1_5_0_21_0.dat Generated.
it=21	mon=[2]	energy=-1.944211
it=21	mon=[4]	energy=-1.774383
it=21	mon=[5]	energy=-1.528043
##SCC itera=21  conv=7  energy =     -10.66677899  energy0 =      -6.80997681  (  31.456463 )
it=21	mon=[0]	energy=-1.608243
./integ_temp/linear_h2_6__1_5/int_mono_linear_h2_6__1_5_1_22_0.dat -> 7 eris
./integ_temp/linear_h2_6__1_5/int_mono_linear_h2_6__1_5_2_22_0.dat -> 7 eris
./integ_temp/linear_h2_6__1_5/int_mono_linear_h2_6__1_5_0_22_0.dat -> 7 eris
./integ_temp/linear_h2_6__1_5/int_mono_linear_h2_6__1_5_5_22_0.dat -> 7 eris
./integ_temp/linear_h2_6__1_5/int_mono_linear_h2_6__1_5_3_22_0.dat -> 7 eris
./integ_temp/linear_h2_6__1_5/int_mono_linear_h2_6__1_5_4_22_0.dat -> 7 eris
pyscript : VQE for ./integ_temp/linear_h2_6__1_5/int_mono_linear_h2_6__1_5_1_22_0.dat spawned.
pyscript : VQE for ./integ_temp/linear_h2_6__1_5/int_mono_linear_h2_6__1_5_4_22_0.dat spawned.
pyscript : VQE for ./integ_temp/linear_h2_6__1_5/int_mono_linear_h2_6__1_5_2_22_0.dat spawned.
pyscript : VQE for ./integ_temp/linear_h2_6__1_5/int_mono_linear_h2_6__1_5_0_22_0.dat spawned.
pyscript : VQE for ./integ_temp/linear_h2_6__1_5/int_mono_linear_h2_6__1_5_3_22_0.dat spawned.
pyscript : VQE for ./integ_temp/linear_h2_6__1_5/int_mono_linear_h2_6__1_5_5_22_0.dat spawned.
pyscript : output ./result_temp/linear_h2_6__1_5/res_mono_linear_h2_6__1_5_3_22_0.dat Generated.
pyscript : output ./result_temp/linear_h2_6__1_5/res_mono_linear_h2_6__1_5_5_22_0.dat Generated.
it=22	mon=[5]	energy=-1.528021
it=22	mon=[3]	energy=-1.901280
pyscript : output ./result_temp/linear_h2_6__1_5/res_mono_linear_h2_6__1_5_1_22_0.dat Generated.
pyscript : output ./result_temp/linear_h2_6__1_5/res_mono_linear_h2_6__1_5_0_22_0.dat Generated.
pyscript : output ./result_temp/linear_h2_6__1_5/res_mono_linear_h2_6__1_5_4_22_0.dat Generated.
pyscript : output ./result_temp/linear_h2_6__1_5/res_mono_linear_h2_6__1_5_2_22_0.dat Generated.
it=22	mon=[1]	energy=-1.910605
it=22	mon=[0]	energy=-1.608229
it=22	mon=[4]	energy=-1.774348
it=22	mon=[2]	energy=-1.944178
##SCC itera=22  conv=7  energy =     -10.66666108  energy0 =      -6.80991572  (  31.284204 )
./integ_temp/linear_h2_6__1_5/int_mono_linear_h2_6__1_5_3_23_0.dat -> 7 eris
./integ_temp/linear_h2_6__1_5/int_mono_linear_h2_6__1_5_4_23_0.dat -> 7 eris
./integ_temp/linear_h2_6__1_5/int_mono_linear_h2_6__1_5_5_23_0.dat -> 7 eris
./integ_temp/linear_h2_6__1_5/int_mono_linear_h2_6__1_5_1_23_0.dat -> 7 eris
./integ_temp/linear_h2_6__1_5/int_mono_linear_h2_6__1_5_2_23_0.dat -> 7 eris
./integ_temp/linear_h2_6__1_5/int_mono_linear_h2_6__1_5_0_23_0.dat -> 7 eris
pyscript : VQE for ./integ_temp/linear_h2_6__1_5/int_mono_linear_h2_6__1_5_4_23_0.dat spawned.
pyscript : VQE for ./integ_temp/linear_h2_6__1_5/int_mono_linear_h2_6__1_5_5_23_0.dat spawned.
pyscript : VQE for ./integ_temp/linear_h2_6__1_5/int_mono_linear_h2_6__1_5_3_23_0.dat spawned.
pyscript : VQE for ./integ_temp/linear_h2_6__1_5/int_mono_linear_h2_6__1_5_0_23_0.dat spawned.
pyscript : VQE for ./integ_temp/linear_h2_6__1_5/int_mono_linear_h2_6__1_5_1_23_0.dat spawned.
pyscript : VQE for ./integ_temp/linear_h2_6__1_5/int_mono_linear_h2_6__1_5_2_23_0.dat spawned.
pyscript : output ./result_temp/linear_h2_6__1_5/res_mono_linear_h2_6__1_5_5_23_0.dat Generated.
it=23	mon=[5]	energy=-1.528019
pyscript : output ./result_temp/linear_h2_6__1_5/res_mono_linear_h2_6__1_5_4_23_0.dat Generated.
pyscript : output ./result_temp/linear_h2_6__1_5/res_mono_linear_h2_6__1_5_2_23_0.dat Generated.
pyscript : output ./result_temp/linear_h2_6__1_5/res_mono_linear_h2_6__1_5_3_23_0.dat Generated.
pyscript : output ./result_temp/linear_h2_6__1_5/res_mono_linear_h2_6__1_5_1_23_0.dat Generated.
pyscript : output ./result_temp/linear_h2_6__1_5/res_mono_linear_h2_6__1_5_0_23_0.dat Generated.
it=23	mon=[4]	energy=-1.774350
it=23	mon=[2]	energy=-1.944188
it=23	mon=[3]	energy=-1.901300
it=23	mon=[1]	energy=-1.910605
it=23	mon=[0]	energy=-1.608233
##SCC itera=23  conv=7  energy =     -10.66669501  energy0 =      -6.81030676  (  31.483585 )
./integ_temp/linear_h2_6__1_5/int_mono_linear_h2_6__1_5_5_24_0.dat -> 7 eris
./integ_temp/linear_h2_6__1_5/int_mono_linear_h2_6__1_5_1_24_0.dat -> 7 eris
./integ_temp/linear_h2_6__1_5/int_mono_linear_h2_6__1_5_0_24_0.dat -> 7 eris
./integ_temp/linear_h2_6__1_5/int_mono_linear_h2_6__1_5_3_24_0.dat -> 7 eris
./integ_temp/linear_h2_6__1_5/int_mono_linear_h2_6__1_5_2_24_0.dat -> 7 eris
./integ_temp/linear_h2_6__1_5/int_mono_linear_h2_6__1_5_4_24_0.dat -> 7 eris
pyscript : VQE for ./integ_temp/linear_h2_6__1_5/int_mono_linear_h2_6__1_5_5_24_0.dat spawned.
pyscript : VQE for ./integ_temp/linear_h2_6__1_5/int_mono_linear_h2_6__1_5_4_24_0.dat spawned.
pyscript : VQE for ./integ_temp/linear_h2_6__1_5/int_mono_linear_h2_6__1_5_3_24_0.dat spawned.
pyscript : VQE for ./integ_temp/linear_h2_6__1_5/int_mono_linear_h2_6__1_5_2_24_0.dat spawned.
pyscript : VQE for ./integ_temp/linear_h2_6__1_5/int_mono_linear_h2_6__1_5_1_24_0.dat spawned.
pyscript : VQE for ./integ_temp/linear_h2_6__1_5/int_mono_linear_h2_6__1_5_0_24_0.dat spawned.
pyscript : output ./result_temp/linear_h2_6__1_5/res_mono_linear_h2_6__1_5_0_24_0.dat Generated.
it=24	mon=[0]	energy=-1.608214
pyscript : output ./result_temp/linear_h2_6__1_5/res_mono_linear_h2_6__1_5_4_24_0.dat Generated.
pyscript : output ./result_temp/linear_h2_6__1_5/res_mono_linear_h2_6__1_5_3_24_0.dat Generated.
pyscript : output ./result_temp/linear_h2_6__1_5/res_mono_linear_h2_6__1_5_5_24_0.dat Generated.
pyscript : output ./result_temp/linear_h2_6__1_5/res_mono_linear_h2_6__1_5_1_24_0.dat Generated.
pyscript : output ./result_temp/linear_h2_6__1_5/res_mono_linear_h2_6__1_5_2_24_0.dat Generated.
it=24	mon=[4]	energy=-1.774377
it=24	mon=[3]	energy=-1.901294
it=24	mon=[5]	energy=-1.528037
it=24	mon=[1]	energy=-1.910617
it=24	mon=[2]	energy=-1.944201
##SCC itera=24  conv=7  energy =     -10.66674018  energy0 =      -6.81016019  (  31.580205 )
./integ_temp/linear_h2_6__1_5/int_mono_linear_h2_6__1_5_5_25_0.dat -> 7 eris
./integ_temp/linear_h2_6__1_5/int_mono_linear_h2_6__1_5_2_25_0.dat -> 7 eris
./integ_temp/linear_h2_6__1_5/int_mono_linear_h2_6__1_5_4_25_0.dat -> 7 eris
./integ_temp/linear_h2_6__1_5/int_mono_linear_h2_6__1_5_1_25_0.dat -> 7 eris
./integ_temp/linear_h2_6__1_5/int_mono_linear_h2_6__1_5_0_25_0.dat -> 7 eris
./integ_temp/linear_h2_6__1_5/int_mono_linear_h2_6__1_5_3_25_0.dat -> 7 eris
pyscript : VQE for ./integ_temp/linear_h2_6__1_5/int_mono_linear_h2_6__1_5_5_25_0.dat spawned.
pyscript : VQE for ./integ_temp/linear_h2_6__1_5/int_mono_linear_h2_6__1_5_2_25_0.dat spawned.
pyscript : VQE for ./integ_temp/linear_h2_6__1_5/int_mono_linear_h2_6__1_5_3_25_0.dat spawned.
pyscript : VQE for ./integ_temp/linear_h2_6__1_5/int_mono_linear_h2_6__1_5_0_25_0.dat spawned.
pyscript : VQE for ./integ_temp/linear_h2_6__1_5/int_mono_linear_h2_6__1_5_4_25_0.dat spawned.
pyscript : VQE for ./integ_temp/linear_h2_6__1_5/int_mono_linear_h2_6__1_5_1_25_0.dat spawned.
pyscript : output ./result_temp/linear_h2_6__1_5/res_mono_linear_h2_6__1_5_2_25_0.dat Generated.
pyscript : output ./result_temp/linear_h2_6__1_5/res_mono_linear_h2_6__1_5_3_25_0.dat Generated.
it=25	mon=[2]	energy=-1.944192
it=25	mon=[3]	energy=-1.901278
pyscript : output ./result_temp/linear_h2_6__1_5/res_mono_linear_h2_6__1_5_5_25_0.dat Generated.
pyscript : output ./result_temp/linear_h2_6__1_5/res_mono_linear_h2_6__1_5_0_25_0.dat Generated.
pyscript : output ./result_temp/linear_h2_6__1_5/res_mono_linear_h2_6__1_5_1_25_0.dat Generated.
it=25	mon=[5]	energy=-1.528039
pyscript : output ./result_temp/linear_h2_6__1_5/res_mono_linear_h2_6__1_5_4_25_0.dat Generated.
it=25	mon=[0]	energy=-1.608245
it=25	mon=[1]	energy=-1.910597
it=25	mon=[4]	energy=-1.774377
##SCC itera=25  conv=7  energy =     -10.66672847  energy0 =      -6.80985122  (  31.432628 )
./integ_temp/linear_h2_6__1_5/int_mono_linear_h2_6__1_5_3_26_0.dat -> 7 eris
./integ_temp/linear_h2_6__1_5/int_mono_linear_h2_6__1_5_2_26_0.dat -> 7 eris
./integ_temp/linear_h2_6__1_5/int_mono_linear_h2_6__1_5_5_26_0.dat -> 7 eris
./integ_temp/linear_h2_6__1_5/int_mono_linear_h2_6__1_5_1_26_0.dat -> 7 eris
./integ_temp/linear_h2_6__1_5/int_mono_linear_h2_6__1_5_0_26_0.dat -> 7 eris
./integ_temp/linear_h2_6__1_5/int_mono_linear_h2_6__1_5_4_26_0.dat -> 7 eris
pyscript : VQE for ./integ_temp/linear_h2_6__1_5/int_mono_linear_h2_6__1_5_1_26_0.dat spawned.
pyscript : VQE for ./integ_temp/linear_h2_6__1_5/int_mono_linear_h2_6__1_5_2_26_0.dat spawned.
pyscript : VQE for ./integ_temp/linear_h2_6__1_5/int_mono_linear_h2_6__1_5_4_26_0.dat spawned.
pyscript : VQE for ./integ_temp/linear_h2_6__1_5/int_mono_linear_h2_6__1_5_3_26_0.dat spawned.
pyscript : VQE for ./integ_temp/linear_h2_6__1_5/int_mono_linear_h2_6__1_5_0_26_0.dat spawned.
pyscript : VQE for ./integ_temp/linear_h2_6__1_5/int_mono_linear_h2_6__1_5_5_26_0.dat spawned.
pyscript : output ./result_temp/linear_h2_6__1_5/res_mono_linear_h2_6__1_5_5_26_0.dat Generated.
it=26	mon=[5]	energy=-1.528017
pyscript : output ./result_temp/linear_h2_6__1_5/res_mono_linear_h2_6__1_5_2_26_0.dat Generated.
pyscript : output ./result_temp/linear_h2_6__1_5/res_mono_linear_h2_6__1_5_4_26_0.dat Generated.
pyscript : output ./result_temp/linear_h2_6__1_5/res_mono_linear_h2_6__1_5_3_26_0.dat Generated.
pyscript : output ./result_temp/linear_h2_6__1_5/res_mono_linear_h2_6__1_5_1_26_0.dat Generated.
pyscript : output ./result_temp/linear_h2_6__1_5/res_mono_linear_h2_6__1_5_0_26_0.dat Generated.
it=26	mon=[3]	energy=-1.901282
it=26	mon=[2]	energy=-1.944190
it=26	mon=[1]	energy=-1.910593
it=26	mon=[0]	energy=-1.608231
it=26	mon=[4]	energy=-1.774344
##SCC itera=26  conv=7  energy =     -10.66665727  energy0 =      -6.81030064  (  31.521271 )
./integ_temp/linear_h2_6__1_5/int_mono_linear_h2_6__1_5_0_27_0.dat -> 7 eris
./integ_temp/linear_h2_6__1_5/int_mono_linear_h2_6__1_5_3_27_0.dat -> 7 eris
./integ_temp/linear_h2_6__1_5/int_mono_linear_h2_6__1_5_5_27_0.dat -> 7 eris
./integ_temp/linear_h2_6__1_5/int_mono_linear_h2_6__1_5_1_27_0.dat -> 7 eris
./integ_temp/linear_h2_6__1_5/int_mono_linear_h2_6__1_5_2_27_0.dat -> 7 eris
./integ_temp/linear_h2_6__1_5/int_mono_linear_h2_6__1_5_4_27_0.dat -> 7 eris
pyscript : VQE for ./integ_temp/linear_h2_6__1_5/int_mono_linear_h2_6__1_5_0_27_0.dat spawned.
pyscript : VQE for ./integ_temp/linear_h2_6__1_5/int_mono_linear_h2_6__1_5_1_27_0.dat spawned.
pyscript : VQE for ./integ_temp/linear_h2_6__1_5/int_mono_linear_h2_6__1_5_2_27_0.dat spawned.
pyscript : VQE for ./integ_temp/linear_h2_6__1_5/int_mono_linear_h2_6__1_5_3_27_0.dat spawned.
pyscript : VQE for ./integ_temp/linear_h2_6__1_5/int_mono_linear_h2_6__1_5_5_27_0.dat spawned.
pyscript : VQE for ./integ_temp/linear_h2_6__1_5/int_mono_linear_h2_6__1_5_4_27_0.dat spawned.
pyscript : output ./result_temp/linear_h2_6__1_5/res_mono_linear_h2_6__1_5_2_27_0.dat Generated.
it=27	mon=[2]	energy=-1.944204
pyscript : output ./result_temp/linear_h2_6__1_5/res_mono_linear_h2_6__1_5_1_27_0.dat Generated.
pyscript : output ./result_temp/linear_h2_6__1_5/res_mono_linear_h2_6__1_5_5_27_0.dat Generated.
pyscript : output ./result_temp/linear_h2_6__1_5/res_mono_linear_h2_6__1_5_4_27_0.dat Generated.
pyscript : output ./result_temp/linear_h2_6__1_5/res_mono_linear_h2_6__1_5_0_27_0.dat Generated.
pyscript : output ./result_temp/linear_h2_6__1_5/res_mono_linear_h2_6__1_5_3_27_0.dat Generated.
it=27	mon=[1]	energy=-1.910617
it=27	mon=[5]	energy=-1.528041
it=27	mon=[4]	energy=-1.774383
it=27	mon=[0]	energy=-1.608241
it=27	mon=[3]	energy=-1.901300
##SCC itera=27  conv=7  energy =     -10.66678655  energy0 =      -6.81023398  (  32.332845 )
./integ_temp/linear_h2_6__1_5/int_mono_linear_h2_6__1_5_5_28_0.dat -> 7 eris
./integ_temp/linear_h2_6__1_5/int_mono_linear_h2_6__1_5_4_28_0.dat -> 7 eris
./integ_temp/linear_h2_6__1_5/int_mono_linear_h2_6__1_5_2_28_0.dat -> 7 eris
./integ_temp/linear_h2_6__1_5/int_mono_linear_h2_6__1_5_0_28_0.dat -> 7 eris
./integ_temp/linear_h2_6__1_5/int_mono_linear_h2_6__1_5_3_28_0.dat -> 7 eris
./integ_temp/linear_h2_6__1_5/int_mono_linear_h2_6__1_5_1_28_0.dat -> 7 eris
pyscript : VQE for ./integ_temp/linear_h2_6__1_5/int_mono_linear_h2_6__1_5_1_28_0.dat spawned.
pyscript : VQE for ./integ_temp/linear_h2_6__1_5/int_mono_linear_h2_6__1_5_0_28_0.dat spawned.
pyscript : VQE for ./integ_temp/linear_h2_6__1_5/int_mono_linear_h2_6__1_5_3_28_0.dat spawned.
pyscript : VQE for ./integ_temp/linear_h2_6__1_5/int_mono_linear_h2_6__1_5_2_28_0.dat spawned.
pyscript : VQE for ./integ_temp/linear_h2_6__1_5/int_mono_linear_h2_6__1_5_5_28_0.dat spawned.
pyscript : VQE for ./integ_temp/linear_h2_6__1_5/int_mono_linear_h2_6__1_5_4_28_0.dat spawned.
pyscript : output ./result_temp/linear_h2_6__1_5/res_mono_linear_h2_6__1_5_1_28_0.dat Generated.
pyscript : output ./result_temp/linear_h2_6__1_5/res_mono_linear_h2_6__1_5_0_28_0.dat Generated.
pyscript : output ./result_temp/linear_h2_6__1_5/res_mono_linear_h2_6__1_5_4_28_0.dat Generated.
pyscript : output ./result_temp/linear_h2_6__1_5/res_mono_linear_h2_6__1_5_5_28_0.dat Generated.
pyscript : output ./result_temp/linear_h2_6__1_5/res_mono_linear_h2_6__1_5_3_28_0.dat Generated.
pyscript : output ./result_temp/linear_h2_6__1_5/res_mono_linear_h2_6__1_5_2_28_0.dat Generated.
it=28	mon=[1]	energy=-1.910607
it=28	mon=[0]	energy=-1.608237
it=28	mon=[5]	energy=-1.528037
it=28	mon=[2]	energy=-1.944211
it=28	mon=[4]	energy=-1.774373
it=28	mon=[3]	energy=-1.901280
##SCC itera=28  conv=7  energy =     -10.66674468  energy0 =      -6.81046441  (  31.404462 )
./integ_temp/linear_h2_6__1_5/int_mono_linear_h2_6__1_5_1_29_0.dat -> 7 eris
./integ_temp/linear_h2_6__1_5/int_mono_linear_h2_6__1_5_0_29_0.dat -> 7 eris
./integ_temp/linear_h2_6__1_5/int_mono_linear_h2_6__1_5_2_29_0.dat -> 7 eris
./integ_temp/linear_h2_6__1_5/int_mono_linear_h2_6__1_5_5_29_0.dat -> 7 eris
./integ_temp/linear_h2_6__1_5/int_mono_linear_h2_6__1_5_4_29_0.dat -> 7 eris
./integ_temp/linear_h2_6__1_5/int_mono_linear_h2_6__1_5_3_29_0.dat -> 7 eris
pyscript : VQE for ./integ_temp/linear_h2_6__1_5/int_mono_linear_h2_6__1_5_4_29_0.dat spawned.
pyscript : VQE for ./integ_temp/linear_h2_6__1_5/int_mono_linear_h2_6__1_5_1_29_0.dat spawned.
pyscript : VQE for ./integ_temp/linear_h2_6__1_5/int_mono_linear_h2_6__1_5_2_29_0.dat spawned.
pyscript : VQE for ./integ_temp/linear_h2_6__1_5/int_mono_linear_h2_6__1_5_0_29_0.dat spawned.
pyscript : VQE for ./integ_temp/linear_h2_6__1_5/int_mono_linear_h2_6__1_5_5_29_0.dat spawned.
pyscript : VQE for ./integ_temp/linear_h2_6__1_5/int_mono_linear_h2_6__1_5_3_29_0.dat spawned.
pyscript : output ./result_temp/linear_h2_6__1_5/res_mono_linear_h2_6__1_5_3_29_0.dat Generated.
pyscript : output ./result_temp/linear_h2_6__1_5/res_mono_linear_h2_6__1_5_1_29_0.dat Generated.
pyscript : output ./result_temp/linear_h2_6__1_5/res_mono_linear_h2_6__1_5_2_29_0.dat Generated.
it=29	mon=[3]	energy=-1.901284
it=29	mon=[1]	energy=-1.910616
it=29	mon=[2]	energy=-1.944204
pyscript : output ./result_temp/linear_h2_6__1_5/res_mono_linear_h2_6__1_5_0_29_0.dat Generated.
pyscript : output ./result_temp/linear_h2_6__1_5/res_mono_linear_h2_6__1_5_5_29_0.dat Generated.
pyscript : output ./result_temp/linear_h2_6__1_5/res_mono_linear_h2_6__1_5_4_29_0.dat Generated.
it=29	mon=[0]	energy=-1.608243
it=29	mon=[5]	energy=-1.528043
it=29	mon=[4]	energy=-1.774383
##SCC itera=29  conv=7  energy =     -10.66677280  energy0 =      -6.80975392  (  30.527925 )
./integ_temp/linear_h2_6__1_5/int_mono_linear_h2_6__1_5_1_30_0.dat -> 7 eris
./integ_temp/linear_h2_6__1_5/int_mono_linear_h2_6__1_5_4_30_0.dat -> 7 eris
./integ_temp/linear_h2_6__1_5/int_mono_linear_h2_6__1_5_5_30_0.dat -> 7 eris
./integ_temp/linear_h2_6__1_5/int_mono_linear_h2_6__1_5_3_30_0.dat -> 7 eris
./integ_temp/linear_h2_6__1_5/int_mono_linear_h2_6__1_5_0_30_0.dat -> 7 eris
./integ_temp/linear_h2_6__1_5/int_mono_linear_h2_6__1_5_2_30_0.dat -> 7 eris
pyscript : VQE for ./integ_temp/linear_h2_6__1_5/int_mono_linear_h2_6__1_5_4_30_0.dat spawned.
pyscript : VQE for ./integ_temp/linear_h2_6__1_5/int_mono_linear_h2_6__1_5_5_30_0.dat spawned.
pyscript : VQE for ./integ_temp/linear_h2_6__1_5/int_mono_linear_h2_6__1_5_1_30_0.dat spawned.
pyscript : VQE for ./integ_temp/linear_h2_6__1_5/int_mono_linear_h2_6__1_5_0_30_0.dat spawned.
pyscript : VQE for ./integ_temp/linear_h2_6__1_5/int_mono_linear_h2_6__1_5_3_30_0.dat spawned.
pyscript : VQE for ./integ_temp/linear_h2_6__1_5/int_mono_linear_h2_6__1_5_2_30_0.dat spawned.
pyscript : output ./result_temp/linear_h2_6__1_5/res_mono_linear_h2_6__1_5_5_30_0.dat Generated.
it=30	mon=[5]	energy=-1.528015
pyscript : output ./result_temp/linear_h2_6__1_5/res_mono_linear_h2_6__1_5_0_30_0.dat Generated.
pyscript : output ./result_temp/linear_h2_6__1_5/res_mono_linear_h2_6__1_5_4_30_0.dat Generated.
pyscript : output ./result_temp/linear_h2_6__1_5/res_mono_linear_h2_6__1_5_3_30_0.dat Generated.
pyscript : output ./result_temp/linear_h2_6__1_5/res_mono_linear_h2_6__1_5_1_30_0.dat Generated.
pyscript : output ./result_temp/linear_h2_6__1_5/res_mono_linear_h2_6__1_5_2_30_0.dat Generated.
it=30	mon=[4]	energy=-1.774340
it=30	mon=[0]	energy=-1.608221
it=30	mon=[3]	energy=-1.901276
it=30	mon=[1]	energy=-1.910593
it=30	mon=[2]	energy=-1.944178
##SCC itera=30  conv=7  energy =     -10.66662329  energy0 =      -6.81030259  (  31.508284 )
./integ_temp/linear_h2_6__1_5/int_mono_linear_h2_6__1_5_0_31_0.dat -> 7 eris
./integ_temp/linear_h2_6__1_5/int_mono_linear_h2_6__1_5_5_31_0.dat -> 7 eris
./integ_temp/linear_h2_6__1_5/int_mono_linear_h2_6__1_5_3_31_0.dat -> 7 eris
./integ_temp/linear_h2_6__1_5/int_mono_linear_h2_6__1_5_2_31_0.dat -> 7 eris
./integ_temp/linear_h2_6__1_5/int_mono_linear_h2_6__1_5_1_31_0.dat -> 7 eris
./integ_temp/linear_h2_6__1_5/int_mono_linear_h2_6__1_5_4_31_0.dat -> 7 eris
pyscript : VQE for ./integ_temp/linear_h2_6__1_5/int_mono_linear_h2_6__1_5_2_31_0.dat spawned.
pyscript : VQE for ./integ_temp/linear_h2_6__1_5/int_mono_linear_h2_6__1_5_1_31_0.dat spawned.
pyscript : VQE for ./integ_temp/linear_h2_6__1_5/int_mono_linear_h2_6__1_5_3_31_0.dat spawned.
pyscript : VQE for ./integ_temp/linear_h2_6__1_5/int_mono_linear_h2_6__1_5_0_31_0.dat spawned.
pyscript : VQE for ./integ_temp/linear_h2_6__1_5/int_mono_linear_h2_6__1_5_5_31_0.dat spawned.
pyscript : VQE for ./integ_temp/linear_h2_6__1_5/int_mono_linear_h2_6__1_5_4_31_0.dat spawned.
pyscript : output ./result_temp/linear_h2_6__1_5/res_mono_linear_h2_6__1_5_1_31_0.dat Generated.
pyscript : output ./result_temp/linear_h2_6__1_5/res_mono_linear_h2_6__1_5_2_31_0.dat Generated.
it=31	mon=[2]	energy=-1.944204
it=31	mon=[1]	energy=-1.910616
pyscript : output ./result_temp/linear_h2_6__1_5/res_mono_linear_h2_6__1_5_5_31_0.dat Generated.
pyscript : output ./result_temp/linear_h2_6__1_5/res_mono_linear_h2_6__1_5_3_31_0.dat Generated.
pyscript : output ./result_temp/linear_h2_6__1_5/res_mono_linear_h2_6__1_5_0_31_0.dat Generated.
pyscript : output ./result_temp/linear_h2_6__1_5/res_mono_linear_h2_6__1_5_4_31_0.dat Generated.
it=31	mon=[3]	energy=-1.901300
it=31	mon=[0]	energy=-1.608243
it=31	mon=[5]	energy=-1.528041
it=31	mon=[4]	energy=-1.774383
##SCC itera=31  conv=7  energy =     -10.66678696  energy0 =      -6.81014068  (  30.512359 )
./integ_temp/linear_h2_6__1_5/int_mono_linear_h2_6__1_5_3_32_0.dat -> 7 eris
./integ_temp/linear_h2_6__1_5/int_mono_linear_h2_6__1_5_0_32_0.dat -> 7 eris
./integ_temp/linear_h2_6__1_5/int_mono_linear_h2_6__1_5_4_32_0.dat -> 7 eris
./integ_temp/linear_h2_6__1_5/int_mono_linear_h2_6__1_5_5_32_0.dat -> 7 eris
./integ_temp/linear_h2_6__1_5/int_mono_linear_h2_6__1_5_2_32_0.dat -> 7 eris
./integ_temp/linear_h2_6__1_5/int_mono_linear_h2_6__1_5_1_32_0.dat -> 7 eris
pyscript : VQE for ./integ_temp/linear_h2_6__1_5/int_mono_linear_h2_6__1_5_1_32_0.dat spawned.
pyscript : VQE for ./integ_temp/linear_h2_6__1_5/int_mono_linear_h2_6__1_5_0_32_0.dat spawned.
pyscript : VQE for ./integ_temp/linear_h2_6__1_5/int_mono_linear_h2_6__1_5_3_32_0.dat spawned.
pyscript : VQE for ./integ_temp/linear_h2_6__1_5/int_mono_linear_h2_6__1_5_4_32_0.dat spawned.
pyscript : VQE for ./integ_temp/linear_h2_6__1_5/int_mono_linear_h2_6__1_5_2_32_0.dat spawned.
pyscript : VQE for ./integ_temp/linear_h2_6__1_5/int_mono_linear_h2_6__1_5_5_32_0.dat spawned.
pyscript : output ./result_temp/linear_h2_6__1_5/res_mono_linear_h2_6__1_5_1_32_0.dat Generated.
pyscript : output ./result_temp/linear_h2_6__1_5/res_mono_linear_h2_6__1_5_3_32_0.dat Generated.
pyscript : output ./result_temp/linear_h2_6__1_5/res_mono_linear_h2_6__1_5_4_32_0.dat Generated.
pyscript : output ./result_temp/linear_h2_6__1_5/res_mono_linear_h2_6__1_5_0_32_0.dat Generated.
pyscript : output ./result_temp/linear_h2_6__1_5/res_mono_linear_h2_6__1_5_2_32_0.dat Generated.
it=32	mon=[1]	energy=-1.910607
it=32	mon=[3]	energy=-1.901276
pyscript : output ./result_temp/linear_h2_6__1_5/res_mono_linear_h2_6__1_5_5_32_0.dat Generated.
it=32	mon=[0]	energy=-1.608231
it=32	mon=[4]	energy=-1.774371
it=32	mon=[2]	energy=-1.944203
it=32	mon=[5]	energy=-1.528035
##SCC itera=32  conv=7  energy =     -10.66672277  energy0 =      -6.81046439  (  32.472238 )
./integ_temp/linear_h2_6__1_5/int_mono_linear_h2_6__1_5_3_33_0.dat -> 7 eris
./integ_temp/linear_h2_6__1_5/int_mono_linear_h2_6__1_5_0_33_0.dat -> 7 eris
./integ_temp/linear_h2_6__1_5/int_mono_linear_h2_6__1_5_1_33_0.dat -> 7 eris
./integ_temp/linear_h2_6__1_5/int_mono_linear_h2_6__1_5_2_33_0.dat -> 7 eris
./integ_temp/linear_h2_6__1_5/int_mono_linear_h2_6__1_5_4_33_0.dat -> 7 eris
./integ_temp/linear_h2_6__1_5/int_mono_linear_h2_6__1_5_5_33_0.dat -> 7 eris
pyscript : VQE for ./integ_temp/linear_h2_6__1_5/int_mono_linear_h2_6__1_5_0_33_0.dat spawned.
pyscript : VQE for ./integ_temp/linear_h2_6__1_5/int_mono_linear_h2_6__1_5_3_33_0.dat spawned.
pyscript : VQE for ./integ_temp/linear_h2_6__1_5/int_mono_linear_h2_6__1_5_1_33_0.dat spawned.
pyscript : VQE for ./integ_temp/linear_h2_6__1_5/int_mono_linear_h2_6__1_5_2_33_0.dat spawned.
pyscript : VQE for ./integ_temp/linear_h2_6__1_5/int_mono_linear_h2_6__1_5_4_33_0.dat spawned.
pyscript : VQE for ./integ_temp/linear_h2_6__1_5/int_mono_linear_h2_6__1_5_5_33_0.dat spawned.
pyscript : output ./result_temp/linear_h2_6__1_5/res_mono_linear_h2_6__1_5_3_33_0.dat Generated.
pyscript : output ./result_temp/linear_h2_6__1_5/res_mono_linear_h2_6__1_5_1_33_0.dat Generated.
pyscript : output ./result_temp/linear_h2_6__1_5/res_mono_linear_h2_6__1_5_2_33_0.dat Generated.
it=33	mon=[3]	energy=-1.901284
it=33	mon=[1]	energy=-1.910618
it=33	mon=[2]	energy=-1.944204
pyscript : output ./result_temp/linear_h2_6__1_5/res_mono_linear_h2_6__1_5_0_33_0.dat Generated.
pyscript : output ./result_temp/linear_h2_6__1_5/res_mono_linear_h2_6__1_5_4_33_0.dat Generated.
pyscript : output ./result_temp/linear_h2_6__1_5/res_mono_linear_h2_6__1_5_5_33_0.dat Generated.
it=33	mon=[0]	energy=-1.608243
it=33	mon=[4]	energy=-1.774383
it=33	mon=[5]	energy=-1.528043
##SCC itera=33  conv=7  energy =     -10.66677483  energy0 =      -6.80975197  (  30.452532 )
./integ_temp/linear_h2_6__1_5/int_mono_linear_h2_6__1_5_0_34_0.dat -> 7 eris
./integ_temp/linear_h2_6__1_5/int_mono_linear_h2_6__1_5_3_34_0.dat -> 7 eris
./integ_temp/linear_h2_6__1_5/int_mono_linear_h2_6__1_5_2_34_0.dat -> 7 eris
./integ_temp/linear_h2_6__1_5/int_mono_linear_h2_6__1_5_1_34_0.dat -> 7 eris
./integ_temp/linear_h2_6__1_5/int_mono_linear_h2_6__1_5_4_34_0.dat -> 7 eris
./integ_temp/linear_h2_6__1_5/int_mono_linear_h2_6__1_5_5_34_0.dat -> 7 eris
pyscript : VQE for ./integ_temp/linear_h2_6__1_5/int_mono_linear_h2_6__1_5_1_34_0.dat spawned.
pyscript : VQE for ./integ_temp/linear_h2_6__1_5/int_mono_linear_h2_6__1_5_3_34_0.dat spawned.
pyscript : VQE for ./integ_temp/linear_h2_6__1_5/int_mono_linear_h2_6__1_5_2_34_0.dat spawned.
pyscript : VQE for ./integ_temp/linear_h2_6__1_5/int_mono_linear_h2_6__1_5_0_34_0.dat spawned.
pyscript : VQE for ./integ_temp/linear_h2_6__1_5/int_mono_linear_h2_6__1_5_4_34_0.dat spawned.
pyscript : VQE for ./integ_temp/linear_h2_6__1_5/int_mono_linear_h2_6__1_5_5_34_0.dat spawned.
pyscript : output ./result_temp/linear_h2_6__1_5/res_mono_linear_h2_6__1_5_5_34_0.dat Generated.
it=34	mon=[5]	energy=-1.528015
pyscript : output ./result_temp/linear_h2_6__1_5/res_mono_linear_h2_6__1_5_3_34_0.dat Generated.
pyscript : output ./result_temp/linear_h2_6__1_5/res_mono_linear_h2_6__1_5_2_34_0.dat Generated.
pyscript : output ./result_temp/linear_h2_6__1_5/res_mono_linear_h2_6__1_5_4_34_0.dat Generated.
it=34	mon=[3]	energy=-1.901276
pyscript : output ./result_temp/linear_h2_6__1_5/res_mono_linear_h2_6__1_5_1_34_0.dat Generated.
pyscript : output ./result_temp/linear_h2_6__1_5/res_mono_linear_h2_6__1_5_0_34_0.dat Generated.
it=34	mon=[2]	energy=-1.944178
it=34	mon=[1]	energy=-1.910593
it=34	mon=[4]	energy=-1.774340
it=34	mon=[0]	energy=-1.608223
##SCC itera=34  conv=7  energy =     -10.66662527  energy0 =      -6.81030457  (  32.216455 )
./integ_temp/linear_h2_6__1_5/int_mono_linear_h2_6__1_5_0_35_0.dat -> 7 eris
./integ_temp/linear_h2_6__1_5/int_mono_linear_h2_6__1_5_4_35_0.dat -> 7 eris
./integ_temp/linear_h2_6__1_5/int_mono_linear_h2_6__1_5_5_35_0.dat -> 7 eris
./integ_temp/linear_h2_6__1_5/int_mono_linear_h2_6__1_5_2_35_0.dat -> 7 eris
./integ_temp/linear_h2_6__1_5/int_mono_linear_h2_6__1_5_3_35_0.dat -> 7 eris
./integ_temp/linear_h2_6__1_5/int_mono_linear_h2_6__1_5_1_35_0.dat -> 7 eris
pyscript : VQE for ./integ_temp/linear_h2_6__1_5/int_mono_linear_h2_6__1_5_5_35_0.dat spawned.
pyscript : VQE for ./integ_temp/linear_h2_6__1_5/int_mono_linear_h2_6__1_5_1_35_0.dat spawned.
pyscript : VQE for ./integ_temp/linear_h2_6__1_5/int_mono_linear_h2_6__1_5_0_35_0.dat spawned.
pyscript : VQE for ./integ_temp/linear_h2_6__1_5/int_mono_linear_h2_6__1_5_3_35_0.dat spawned.
pyscript : VQE for ./integ_temp/linear_h2_6__1_5/int_mono_linear_h2_6__1_5_4_35_0.dat spawned.
pyscript : VQE for ./integ_temp/linear_h2_6__1_5/int_mono_linear_h2_6__1_5_2_35_0.dat spawned.
pyscript : output ./result_temp/linear_h2_6__1_5/res_mono_linear_h2_6__1_5_1_35_0.dat Generated.
pyscript : output ./result_temp/linear_h2_6__1_5/res_mono_linear_h2_6__1_5_2_35_0.dat Generated.
it=35	mon=[2]	energy=-1.944204
it=35	mon=[1]	energy=-1.910616
pyscript : output ./result_temp/linear_h2_6__1_5/res_mono_linear_h2_6__1_5_3_35_0.dat Generated.
pyscript : output ./result_temp/linear_h2_6__1_5/res_mono_linear_h2_6__1_5_5_35_0.dat Generated.
pyscript : output ./result_temp/linear_h2_6__1_5/res_mono_linear_h2_6__1_5_0_35_0.dat Generated.
pyscript : output ./result_temp/linear_h2_6__1_5/res_mono_linear_h2_6__1_5_4_35_0.dat Generated.
it=35	mon=[3]	energy=-1.901300
it=35	mon=[0]	energy=-1.608243
it=35	mon=[5]	energy=-1.528041
it=35	mon=[4]	energy=-1.774383
##SCC itera=35  conv=7  energy =     -10.66678696  energy0 =      -6.81014266  (  32.296168 )
./integ_temp/linear_h2_6__1_5/int_mono_linear_h2_6__1_5_5_36_0.dat -> 7 eris
./integ_temp/linear_h2_6__1_5/int_mono_linear_h2_6__1_5_3_36_0.dat -> 7 eris
./integ_temp/linear_h2_6__1_5/int_mono_linear_h2_6__1_5_1_36_0.dat -> 7 eris
./integ_temp/linear_h2_6__1_5/int_mono_linear_h2_6__1_5_2_36_0.dat -> 7 eris
./integ_temp/linear_h2_6__1_5/int_mono_linear_h2_6__1_5_0_36_0.dat -> 7 eris
./integ_temp/linear_h2_6__1_5/int_mono_linear_h2_6__1_5_4_36_0.dat -> 7 eris
pyscript : VQE for ./integ_temp/linear_h2_6__1_5/int_mono_linear_h2_6__1_5_1_36_0.dat spawned.
pyscript : VQE for ./integ_temp/linear_h2_6__1_5/int_mono_linear_h2_6__1_5_5_36_0.dat spawned.
pyscript : VQE for ./integ_temp/linear_h2_6__1_5/int_mono_linear_h2_6__1_5_0_36_0.dat spawned.
pyscript : VQE for ./integ_temp/linear_h2_6__1_5/int_mono_linear_h2_6__1_5_3_36_0.dat spawned.
pyscript : VQE for ./integ_temp/linear_h2_6__1_5/int_mono_linear_h2_6__1_5_4_36_0.dat spawned.
pyscript : VQE for ./integ_temp/linear_h2_6__1_5/int_mono_linear_h2_6__1_5_2_36_0.dat spawned.
pyscript : output ./result_temp/linear_h2_6__1_5/res_mono_linear_h2_6__1_5_2_36_0.dat Generated.
pyscript : output ./result_temp/linear_h2_6__1_5/res_mono_linear_h2_6__1_5_3_36_0.dat Generated.
pyscript : output ./result_temp/linear_h2_6__1_5/res_mono_linear_h2_6__1_5_5_36_0.dat Generated.
pyscript : output ./result_temp/linear_h2_6__1_5/res_mono_linear_h2_6__1_5_4_36_0.dat Generated.
pyscript : output ./result_temp/linear_h2_6__1_5/res_mono_linear_h2_6__1_5_1_36_0.dat Generated.
pyscript : output ./result_temp/linear_h2_6__1_5/res_mono_linear_h2_6__1_5_0_36_0.dat Generated.
it=36	mon=[3]	energy=-1.901276
it=36	mon=[5]	energy=-1.528035
it=36	mon=[1]	energy=-1.910607
it=36	mon=[0]	energy=-1.608231
it=36	mon=[2]	energy=-1.944203
it=36	mon=[4]	energy=-1.774371
##SCC itera=36  conv=7  energy =     -10.66672279  energy0 =      -6.81046381  (  31.504349 )
./integ_temp/linear_h2_6__1_5/int_mono_linear_h2_6__1_5_0_37_0.dat -> 7 eris
./integ_temp/linear_h2_6__1_5/int_mono_linear_h2_6__1_5_5_37_0.dat -> 7 eris
./integ_temp/linear_h2_6__1_5/int_mono_linear_h2_6__1_5_1_37_0.dat -> 7 eris
./integ_temp/linear_h2_6__1_5/int_mono_linear_h2_6__1_5_2_37_0.dat -> 7 eris
./integ_temp/linear_h2_6__1_5/int_mono_linear_h2_6__1_5_3_37_0.dat -> 7 eris
./integ_temp/linear_h2_6__1_5/int_mono_linear_h2_6__1_5_4_37_0.dat -> 7 eris
pyscript : VQE for ./integ_temp/linear_h2_6__1_5/int_mono_linear_h2_6__1_5_0_37_0.dat spawned.
pyscript : VQE for ./integ_temp/linear_h2_6__1_5/int_mono_linear_h2_6__1_5_3_37_0.dat spawned.
pyscript : VQE for ./integ_temp/linear_h2_6__1_5/int_mono_linear_h2_6__1_5_5_37_0.dat spawned.
pyscript : VQE for ./integ_temp/linear_h2_6__1_5/int_mono_linear_h2_6__1_5_1_37_0.dat spawned.
pyscript : VQE for ./integ_temp/linear_h2_6__1_5/int_mono_linear_h2_6__1_5_2_37_0.dat spawned.
pyscript : VQE for ./integ_temp/linear_h2_6__1_5/int_mono_linear_h2_6__1_5_4_37_0.dat spawned.
pyscript : output ./result_temp/linear_h2_6__1_5/res_mono_linear_h2_6__1_5_3_37_0.dat Generated.
pyscript : output ./result_temp/linear_h2_6__1_5/res_mono_linear_h2_6__1_5_4_37_0.dat Generated.
it=37	mon=[4]	energy=-1.774245
it=37	mon=[3]	energy=-1.901284
pyscript : output ./result_temp/linear_h2_6__1_5/res_mono_linear_h2_6__1_5_0_37_0.dat Generated.
pyscript : output ./result_temp/linear_h2_6__1_5/res_mono_linear_h2_6__1_5_2_37_0.dat Generated.
pyscript : output ./result_temp/linear_h2_6__1_5/res_mono_linear_h2_6__1_5_5_37_0.dat Generated.
pyscript : output ./result_temp/linear_h2_6__1_5/res_mono_linear_h2_6__1_5_1_37_0.dat Generated.
it=37	mon=[0]	energy=-1.608195
it=37	mon=[2]	energy=-1.944043
it=37	mon=[1]	energy=-1.910545
it=37	mon=[5]	energy=-1.527983
##SCC itera=37  conv=7  energy =     -10.66629480  energy0 =      -6.80931392  (  31.228310 )
./integ_temp/linear_h2_6__1_5/int_mono_linear_h2_6__1_5_5_38_0.dat -> 7 eris
./integ_temp/linear_h2_6__1_5/int_mono_linear_h2_6__1_5_1_38_0.dat -> 7 eris
./integ_temp/linear_h2_6__1_5/int_mono_linear_h2_6__1_5_4_38_0.dat -> 7 eris
./integ_temp/linear_h2_6__1_5/int_mono_linear_h2_6__1_5_3_38_0.dat -> 7 eris
./integ_temp/linear_h2_6__1_5/int_mono_linear_h2_6__1_5_2_38_0.dat -> 7 eris
./integ_temp/linear_h2_6__1_5/int_mono_linear_h2_6__1_5_0_38_0.dat -> 7 eris
pyscript : VQE for ./integ_temp/linear_h2_6__1_5/int_mono_linear_h2_6__1_5_2_38_0.dat spawned.
pyscript : VQE for ./integ_temp/linear_h2_6__1_5/int_mono_linear_h2_6__1_5_3_38_0.dat spawned.
pyscript : VQE for ./integ_temp/linear_h2_6__1_5/int_mono_linear_h2_6__1_5_0_38_0.dat spawned.
pyscript : VQE for ./integ_temp/linear_h2_6__1_5/int_mono_linear_h2_6__1_5_1_38_0.dat spawned.
pyscript : VQE for ./integ_temp/linear_h2_6__1_5/int_mono_linear_h2_6__1_5_4_38_0.dat spawned.
pyscript : VQE for ./integ_temp/linear_h2_6__1_5/int_mono_linear_h2_6__1_5_5_38_0.dat spawned.
pyscript : output ./result_temp/linear_h2_6__1_5/res_mono_linear_h2_6__1_5_2_38_0.dat Generated.
pyscript : output ./result_temp/linear_h2_6__1_5/res_mono_linear_h2_6__1_5_5_38_0.dat Generated.
it=38	mon=[2]	energy=-1.944154
it=38	mon=[5]	energy=-1.528015
pyscript : output ./result_temp/linear_h2_6__1_5/res_mono_linear_h2_6__1_5_0_38_0.dat Generated.
pyscript : output ./result_temp/linear_h2_6__1_5/res_mono_linear_h2_6__1_5_4_38_0.dat Generated.
pyscript : output ./result_temp/linear_h2_6__1_5/res_mono_linear_h2_6__1_5_3_38_0.dat Generated.
it=38	mon=[0]	energy=-1.608207
pyscript : output ./result_temp/linear_h2_6__1_5/res_mono_linear_h2_6__1_5_1_38_0.dat Generated.
it=38	mon=[4]	energy=-1.774340
it=38	mon=[3]	energy=-1.901242
it=38	mon=[1]	energy=-1.910563
##SCC itera=38  conv=7  energy =     -10.66652085  energy0 =      -6.81008462  (  32.344162 )
./integ_temp/linear_h2_6__1_5/int_mono_linear_h2_6__1_5_4_39_0.dat -> 7 eris
./integ_temp/linear_h2_6__1_5/int_mono_linear_h2_6__1_5_0_39_0.dat -> 7 eris
./integ_temp/linear_h2_6__1_5/int_mono_linear_h2_6__1_5_1_39_0.dat -> 7 eris
./integ_temp/linear_h2_6__1_5/int_mono_linear_h2_6__1_5_5_39_0.dat -> 7 eris
./integ_temp/linear_h2_6__1_5/int_mono_linear_h2_6__1_5_2_39_0.dat -> 7 eris
./integ_temp/linear_h2_6__1_5/int_mono_linear_h2_6__1_5_3_39_0.dat -> 7 eris
pyscript : VQE for ./integ_temp/linear_h2_6__1_5/int_mono_linear_h2_6__1_5_3_39_0.dat spawned.
pyscript : VQE for ./integ_temp/linear_h2_6__1_5/int_mono_linear_h2_6__1_5_1_39_0.dat spawned.
pyscript : VQE for ./integ_temp/linear_h2_6__1_5/int_mono_linear_h2_6__1_5_5_39_0.dat spawned.
pyscript : VQE for ./integ_temp/linear_h2_6__1_5/int_mono_linear_h2_6__1_5_2_39_0.dat spawned.
pyscript : VQE for ./integ_temp/linear_h2_6__1_5/int_mono_linear_h2_6__1_5_0_39_0.dat spawned.
pyscript : VQE for ./integ_temp/linear_h2_6__1_5/int_mono_linear_h2_6__1_5_4_39_0.dat spawned.
pyscript : output ./result_temp/linear_h2_6__1_5/res_mono_linear_h2_6__1_5_5_39_0.dat Generated.
pyscript : output ./result_temp/linear_h2_6__1_5/res_mono_linear_h2_6__1_5_2_39_0.dat Generated.
it=39	mon=[2]	energy=-1.944198
it=39	mon=[5]	energy=-1.528027
pyscript : output ./result_temp/linear_h2_6__1_5/res_mono_linear_h2_6__1_5_4_39_0.dat Generated.
pyscript : output ./result_temp/linear_h2_6__1_5/res_mono_linear_h2_6__1_5_0_39_0.dat Generated.
pyscript : output ./result_temp/linear_h2_6__1_5/res_mono_linear_h2_6__1_5_1_39_0.dat Generated.
pyscript : output ./result_temp/linear_h2_6__1_5/res_mono_linear_h2_6__1_5_3_39_0.dat Generated.
it=39	mon=[4]	energy=-1.774369
it=39	mon=[0]	energy=-1.608229
it=39	mon=[1]	energy=-1.910601
it=39	mon=[3]	energy=-1.901280
##SCC itera=39  conv=7  energy =     -10.66670517  energy0 =      -6.81007984  (  31.580229 )
./integ_temp/linear_h2_6__1_5/int_mono_linear_h2_6__1_5_0_40_0.dat -> 7 eris
./integ_temp/linear_h2_6__1_5/int_mono_linear_h2_6__1_5_2_40_0.dat -> 7 eris
./integ_temp/linear_h2_6__1_5/int_mono_linear_h2_6__1_5_3_40_0.dat -> 7 eris
./integ_temp/linear_h2_6__1_5/int_mono_linear_h2_6__1_5_1_40_0.dat -> 7 eris
./integ_temp/linear_h2_6__1_5/int_mono_linear_h2_6__1_5_4_40_0.dat -> 7 eris
./integ_temp/linear_h2_6__1_5/int_mono_linear_h2_6__1_5_5_40_0.dat -> 7 eris
pyscript : VQE for ./integ_temp/linear_h2_6__1_5/int_mono_linear_h2_6__1_5_3_40_0.dat spawned.
pyscript : VQE for ./integ_temp/linear_h2_6__1_5/int_mono_linear_h2_6__1_5_0_40_0.dat spawned.
pyscript : VQE for ./integ_temp/linear_h2_6__1_5/int_mono_linear_h2_6__1_5_5_40_0.dat spawned.
pyscript : VQE for ./integ_temp/linear_h2_6__1_5/int_mono_linear_h2_6__1_5_1_40_0.dat spawned.
pyscript : VQE for ./integ_temp/linear_h2_6__1_5/int_mono_linear_h2_6__1_5_4_40_0.dat spawned.
pyscript : VQE for ./integ_temp/linear_h2_6__1_5/int_mono_linear_h2_6__1_5_2_40_0.dat spawned.
pyscript : output ./result_temp/linear_h2_6__1_5/res_mono_linear_h2_6__1_5_2_40_0.dat Generated.
it=40	mon=[2]	energy=-1.944204
pyscript : output ./result_temp/linear_h2_6__1_5/res_mono_linear_h2_6__1_5_1_40_0.dat Generated.
pyscript : output ./result_temp/linear_h2_6__1_5/res_mono_linear_h2_6__1_5_5_40_0.dat Generated.
pyscript : output ./result_temp/linear_h2_6__1_5/res_mono_linear_h2_6__1_5_3_40_0.dat Generated.
pyscript : output ./result_temp/linear_h2_6__1_5/res_mono_linear_h2_6__1_5_4_40_0.dat Generated.
pyscript : output ./result_temp/linear_h2_6__1_5/res_mono_linear_h2_6__1_5_0_40_0.dat Generated.
it=40	mon=[1]	energy=-1.910607
it=40	mon=[5]	energy=-1.528037
it=40	mon=[0]	energy=-1.608235
it=40	mon=[3]	energy=-1.901280
it=40	mon=[4]	energy=-1.774375
##SCC itera=40  conv=7  energy =     -10.66673853  energy0 =      -6.81023597  (  31.513222 )
./integ_temp/linear_h2_6__1_5/int_mono_linear_h2_6__1_5_5_41_0.dat -> 7 eris
./integ_temp/linear_h2_6__1_5/int_mono_linear_h2_6__1_5_3_41_0.dat -> 7 eris
./integ_temp/linear_h2_6__1_5/int_mono_linear_h2_6__1_5_4_41_0.dat -> 7 eris
./integ_temp/linear_h2_6__1_5/int_mono_linear_h2_6__1_5_0_41_0.dat -> 7 eris
./integ_temp/linear_h2_6__1_5/int_mono_linear_h2_6__1_5_2_41_0.dat -> 7 eris
./integ_temp/linear_h2_6__1_5/int_mono_linear_h2_6__1_5_1_41_0.dat -> 7 eris
pyscript : VQE for ./integ_temp/linear_h2_6__1_5/int_mono_linear_h2_6__1_5_0_41_0.dat spawned.
pyscript : VQE for ./integ_temp/linear_h2_6__1_5/int_mono_linear_h2_6__1_5_1_41_0.dat spawned.
pyscript : VQE for ./integ_temp/linear_h2_6__1_5/int_mono_linear_h2_6__1_5_5_41_0.dat spawned.
pyscript : VQE for ./integ_temp/linear_h2_6__1_5/int_mono_linear_h2_6__1_5_3_41_0.dat spawned.
pyscript : VQE for ./integ_temp/linear_h2_6__1_5/int_mono_linear_h2_6__1_5_4_41_0.dat spawned.
pyscript : VQE for ./integ_temp/linear_h2_6__1_5/int_mono_linear_h2_6__1_5_2_41_0.dat spawned.
pyscript : output ./result_temp/linear_h2_6__1_5/res_mono_linear_h2_6__1_5_2_41_0.dat Generated.
it=41	mon=[2]	energy=-1.944204
pyscript : output ./result_temp/linear_h2_6__1_5/res_mono_linear_h2_6__1_5_4_41_0.dat Generated.
pyscript : output ./result_temp/linear_h2_6__1_5/res_mono_linear_h2_6__1_5_5_41_0.dat Generated.
pyscript : output ./result_temp/linear_h2_6__1_5/res_mono_linear_h2_6__1_5_0_41_0.dat Generated.
pyscript : output ./result_temp/linear_h2_6__1_5/res_mono_linear_h2_6__1_5_1_41_0.dat Generated.
pyscript : output ./result_temp/linear_h2_6__1_5/res_mono_linear_h2_6__1_5_3_41_0.dat Generated.
it=41	mon=[5]	energy=-1.528037
it=41	mon=[3]	energy=-1.901280
it=41	mon=[4]	energy=-1.774375
it=41	mon=[0]	energy=-1.608235
it=41	mon=[1]	energy=-1.910607
##SCC itera=41  conv=7  energy =     -10.66673851  energy0 =      -6.81023594  (  32.536253 )
==== SCC converged ====
##T         ---- Finish SCC procedure ---- : lap time= 1302.795559 ( total etime= 1304.034567 )
./integ_temp/linear_h2_6__1_5/int_dim_linear_h2_6__1_5_3-2_2100_0.dat -> 65 eris
./integ_temp/linear_h2_6__1_5/int_dim_linear_h2_6__1_5_2-1_2100_0.dat -> 65 eris
./integ_temp/linear_h2_6__1_5/int_dim_linear_h2_6__1_5_1-0_2100_0.dat -> 65 eris
./integ_temp/linear_h2_6__1_5/int_dim_linear_h2_6__1_5_2-0_2100_0.dat -> 65 eris
./integ_temp/linear_h2_6__1_5/int_dim_linear_h2_6__1_5_3-0_2100_0.dat -> 65 eris
./integ_temp/linear_h2_6__1_5/int_dim_linear_h2_6__1_5_3-1_2100_0.dat -> 65 eris
pyscript : VQE for ./integ_temp/linear_h2_6__1_5/int_dim_linear_h2_6__1_5_3-2_2100_0.dat spawned.
pyscript : VQE for ./integ_temp/linear_h2_6__1_5/int_dim_linear_h2_6__1_5_2-0_2100_0.dat spawned.
pyscript : VQE for ./integ_temp/linear_h2_6__1_5/int_dim_linear_h2_6__1_5_1-0_2100_0.dat spawned.
pyscript : VQE for ./integ_temp/linear_h2_6__1_5/int_dim_linear_h2_6__1_5_2-1_2100_0.dat spawned.
pyscript : VQE for ./integ_temp/linear_h2_6__1_5/int_dim_linear_h2_6__1_5_3-0_2100_0.dat spawned.
pyscript : VQE for ./integ_temp/linear_h2_6__1_5/int_dim_linear_h2_6__1_5_3-1_2100_0.dat spawned.
pyscript : output ./result_temp/linear_h2_6__1_5/res_dim_linear_h2_6__1_5_3-0_2100_0.dat Generated.
it=2100	mon=[3, 0]	energy=-3.325154
# E=    -3.3251538111 E-DV=    -2.2703770902 DV=    -1.0547767209 DDV=     0.0013298052
./integ_temp/linear_h2_6__1_5/int_dim_linear_h2_6__1_5_4-0_2100_0.dat -> 65 eris
pyscript : VQE for ./integ_temp/linear_h2_6__1_5/int_dim_linear_h2_6__1_5_4-0_2100_0.dat spawned.
pyscript : output ./result_temp/linear_h2_6__1_5/res_dim_linear_h2_6__1_5_3-1_2100_0.dat Generated.
it=2100	mon=[3, 1]	energy=-3.559604
# E=    -3.5596041533 E-DV=    -2.2715266436 DV=    -1.2880775097 DDV=     0.0013176065
./integ_temp/linear_h2_6__1_5/int_dim_linear_h2_6__1_5_4-1_2100_0.dat -> 65 eris
pyscript : VQE for ./integ_temp/linear_h2_6__1_5/int_dim_linear_h2_6__1_5_4-1_2100_0.dat spawned.
pyscript : output ./result_temp/linear_h2_6__1_5/res_dim_linear_h2_6__1_5_4-0_2100_0.dat Generated.
it=2100	mon=[4, 0]	energy=-3.248725
# E=    -3.2487251727 E-DV=    -2.2679229316 DV=    -0.9808022411 DDV=     0.0008896411
./integ_temp/linear_h2_6__1_5/int_dim_linear_h2_6__1_5_4-2_2100_0.dat -> 65 eris
pyscript : VQE for ./integ_temp/linear_h2_6__1_5/int_dim_linear_h2_6__1_5_4-2_2100_0.dat spawned.
pyscript : output ./result_temp/linear_h2_6__1_5/res_dim_linear_h2_6__1_5_2-0_2100_0.dat Generated.
it=2100	mon=[2, 0]	energy=-3.268827
# E=    -3.2688272302 E-DV=    -2.2723809937 DV=    -0.9964462365 DDV=     0.0018810216
./integ_temp/linear_h2_6__1_5/int_dim_linear_h2_6__1_5_4-3_2100_0.dat -> 65 eris
pyscript : VQE for ./integ_temp/linear_h2_6__1_5/int_dim_linear_h2_6__1_5_4-3_2100_0.dat spawned.
pyscript : output ./result_temp/linear_h2_6__1_5/res_dim_linear_h2_6__1_5_3-2_2100_0.dat Generated.
it=2100	mon=[3, 2]	energy=-3.307010
# E=    -3.3070098595 E-DV=    -2.2592351031 DV=    -1.0477747564 DDV=    -0.0058644954
./integ_temp/linear_h2_6__1_5/int_dim_linear_h2_6__1_5_5-0_2100_0.dat -> 65 eris
pyscript : VQE for ./integ_temp/linear_h2_6__1_5/int_dim_linear_h2_6__1_5_5-0_2100_0.dat spawned.
pyscript : output ./result_temp/linear_h2_6__1_5/res_dim_linear_h2_6__1_5_1-0_2100_0.dat Generated.
it=2100	mon=[1, 0]	energy=-2.898431
# E=    -2.8984312604 E-DV=    -2.2618867983 DV=    -0.6365444621 DDV=    -0.0055639243
./integ_temp/linear_h2_6__1_5/int_dim_linear_h2_6__1_5_5-1_2100_0.dat -> 65 eris
pyscript : VQE for ./integ_temp/linear_h2_6__1_5/int_dim_linear_h2_6__1_5_5-1_2100_0.dat spawned.
pyscript : output ./result_temp/linear_h2_6__1_5/res_dim_linear_h2_6__1_5_2-1_2100_0.dat Generated.
it=2100	mon=[2, 1]	energy=-3.296719
# E=    -3.2967193647 E-DV=    -2.2604478642 DV=    -1.0362715005 DDV=    -0.0065097694
./integ_temp/linear_h2_6__1_5/int_dim_linear_h2_6__1_5_5-2_2100_0.dat -> 65 eris
pyscript : VQE for ./integ_temp/linear_h2_6__1_5/int_dim_linear_h2_6__1_5_5-2_2100_0.dat spawned.
pyscript : output ./result_temp/linear_h2_6__1_5/res_dim_linear_h2_6__1_5_5-0_2100_0.dat Generated.
it=2100	mon=[5, 0]	energy=-3.018537
# E=    -3.0185366788 E-DV=    -2.2716594736 DV=    -0.7468772052 DDV=     0.0004928697
./integ_temp/linear_h2_6__1_5/int_dim_linear_h2_6__1_5_5-3_2100_0.dat -> 65 eris
pyscript : VQE for ./integ_temp/linear_h2_6__1_5/int_dim_linear_h2_6__1_5_5-3_2100_0.dat spawned.
pyscript : output ./result_temp/linear_h2_6__1_5/res_dim_linear_h2_6__1_5_5-1_2100_0.dat Generated.
it=2100	mon=[5, 1]	energy=-3.300987
# E=    -3.3009874349 E-DV=    -2.2725932344 DV=    -1.0283942004 DDV=     0.0005894477
./integ_temp/linear_h2_6__1_5/int_dim_linear_h2_6__1_5_5-4_2100_0.dat -> 65 eris
pyscript : VQE for ./integ_temp/linear_h2_6__1_5/int_dim_linear_h2_6__1_5_5-4_2100_0.dat spawned.
pyscript : output ./result_temp/linear_h2_6__1_5/res_dim_linear_h2_6__1_5_4-1_2100_0.dat Generated.
it=2100	mon=[4, 1]	energy=-3.524080
# E=    -3.5240798729 E-DV=    -2.2688269371 DV=    -1.2552529358 DDV=     0.0011648968
pyscript : output ./result_temp/linear_h2_6__1_5/res_dim_linear_h2_6__1_5_4-2_2100_0.dat Generated.
it=2100	mon=[4, 2]	energy=-3.479684
# E=    -3.4796844150 E-DV=    -2.2687434907 DV=    -1.2109409243 DDV=     0.0013525210
pyscript : output ./result_temp/linear_h2_6__1_5/res_dim_linear_h2_6__1_5_5-2_2100_0.dat Generated.
it=2100	mon=[5, 2]	energy=-3.281288
# E=    -3.2812882541 E-DV=    -2.2716223660 DV=    -1.0096658881 DDV=     0.0001574913
pyscript : output ./result_temp/linear_h2_6__1_5/res_dim_linear_h2_6__1_5_4-3_2100_0.dat Generated.
it=2100	mon=[4, 3]	energy=-3.163115
# E=    -3.1631145782 E-DV=    -2.2573877886 DV=    -0.9057267896 DDV=    -0.0045113321
pyscript : output ./result_temp/linear_h2_6__1_5/res_dim_linear_h2_6__1_5_5-3_2100_0.dat Generated.
it=2100	mon=[5, 3]	energy=-3.104553
# E=    -3.1045527242 E-DV=    -2.2685293794 DV=    -0.8360233447 DDV=    -0.0029084868
pyscript : output ./result_temp/linear_h2_6__1_5/res_dim_linear_h2_6__1_5_5-4_2100_0.dat Generated.
it=2100	mon=[5, 4]	energy=-2.831018
# E=    -2.8310184504 E-DV=    -2.2628441359 DV=    -0.5681743145 DDV=     0.0025982006
##T    ---- Finish to Calc. Dimer SCF ---- : lap time= 3754.775962 ( total etime= 5058.810563 )
       ( # of scf dimer = 15 )
        dE0(SCF dimer) =       0.03161098
##T     ---- Finish to Calc. ES Dimer ---- : lap time=   0.011948 ( total etime= 5058.822544 )
    (# of ES dimer = 0)
    dE0(ES dimer) =       0.00000000
    total energy(FMO) =      -6.77862497
##T  -- All workers have been destroyed -- : lap time=   0.011974 ( total etime= 5058.834536 )
---- ATOMIC POPULATION DATA -----
   SN AN  ATOMIC POP  NET CHARGE
---------------------------------
    1  1       0.988       0.012
    2  1       1.006      -0.006
    3  1       1.010      -0.010
    4  1       0.999       0.001
    5  1       1.027      -0.027
    6  1       0.976       0.024
    7  1       1.065      -0.065
    8  1       0.939       0.061
    9  1       0.937       0.063
   10  1       1.057      -0.057
   11  1       0.991       0.009
   12  1       1.005      -0.005
---------------------------------
total charge =      0.000
---------------------------------
##T    -- calc AO and atomic population -- : lap time=   0.004244 ( total etime= 5058.838797 )
##T   -- All mservs have been destroyed -- : lap time=   0.000017 ( total etime= 5058.838833 )
