ngroup       = 6
nioprocs     = 1
niogroup     = 1
nmaxprocs    = 10
group size   = 1
# of threads = 24
nintic       = 2048
input file name       = ./samples/linear_H2_6/linear_H2_6_0_723_rhf.inp
prefix of output file = 
local input dir.      = ./
# of total invoked procs = 8 (=1iog*1iop+1+6gr*1pr)
master host name = gwonhaklee-System-Product-Name
-----------------------------------------------------
 # of data = 11
nfrag = 6
##T                  Finish Initialization : lap time=   0.000161 ( total etime=   0.000161 )
****** LIST OF HOST NAME (MSERV(ID=0))******
rank=  0 : gwonhaklee-System-Product-Name
********************************
##T        Finish to Create Memory Servers : lap time=   0.114392 ( total etime=   0.114583 )
****** LIST OF HOST NAME (WORKER(ID=0)) ******
rank=  0 : gwonhaklee-System-Product-Name
********************************
****** LIST OF HOST NAME (WORKER(ID=1)) ******
rank=  0 : gwonhaklee-System-Product-Name
********************************
****** LIST OF HOST NAME (WORKER(ID=2)) ******
rank=  0 : gwonhaklee-System-Product-Name
********************************
****** LIST OF HOST NAME (WORKER(ID=3)) ******
rank=  0 : gwonhaklee-System-Product-Name
********************************
****** LIST OF HOST NAME (WORKER(ID=4)) ******
rank=  0 : gwonhaklee-System-Product-Name
********************************
##T               Finish to Create Workers : lap time=   1.176844 ( total etime=   1.291442 )
****** LIST OF HOST NAME (WORKER(ID=5)) ******
rank=  0 : gwonhaklee-System-Product-Name
********************************
##T     Finish to Connect Mservs & Workers : lap time=   0.622636 ( total etime=   1.919422 )
calc. inter-frag distance list = 2
##T    Finish to Calculate Initial Density : lap time=   0.552013 ( total etime=   2.775412 )
---- start SCC (maxscc=30, sccconv=7) ----
##SCC itera= 1  conv=2  energy =     -13.83407773  energy0 =      -6.60683726  (   1.212002 )
##SCC itera= 2  conv=2  energy =     -13.09284976  energy0 =      -6.56640090  (   1.312056 )
##SCC itera= 3  conv=4  energy =     -12.29956216  energy0 =      -6.57427889  (   1.488050 )
##SCC itera= 4  conv=4  energy =     -12.13598963  energy0 =      -6.58211984  (   1.363950 )
##SCC itera= 5  conv=4  energy =     -12.17908751  energy0 =      -6.58273958  (   1.331111 )
##SCC itera= 6  conv=6  energy =     -12.20558485  energy0 =      -6.58178661  (   1.380831 )
##SCC itera= 7  conv=6  energy =     -12.20460948  energy0 =      -6.58156445  (   1.392433 )
##SCC itera= 8  conv=6  energy =     -12.20082296  energy0 =      -6.58167078  (   1.412060 )
##SCC itera= 9  conv=7  energy =     -12.20042315  energy0 =      -6.58171628  (   1.372036 )
##SCC itera=10  conv=7  energy =     -12.20090813  energy0 =      -6.58170686  (   1.316135 )
##SCC itera=11  conv=7  energy =     -12.20102729  energy0 =      -6.58169922  (   1.376097 )
##SCC itera=12  conv=7  energy =     -12.20097322  energy0 =      -6.58169962  (   1.367001 )
##SCC itera=13  conv=7  energy =     -12.20094958  energy0 =      -6.58170075  (   1.317321 )
##SCC itera=14  conv=7  energy =     -12.20095434  energy0 =      -6.58170084  (   1.224066 )
==== SCC converged ====
##T         ---- Finish SCC procedure ---- : lap time=  22.199936 ( total etime=  24.975385 )
# E=    -3.5273513467 E-DV=    -2.2041283858 DV=    -1.3232229609 DDV=     0.0059490786
# E=    -4.1634901220 E-DV=    -2.2031984999 DV=    -1.9602916221 DDV=     0.0017593319
# E=    -3.4294746021 E-DV=    -2.2133535105 DV=    -1.2161210916 DDV=     0.0099437657
# E=    -3.5990706170 E-DV=    -2.0396786271 DV=    -1.5593919899 DDV=    -0.0790238681
# E=    -3.6261366003 E-DV=    -2.0459765962 DV=    -1.5801600041 DDV=    -0.0803981009
# E=    -2.7027923988 E-DV=    -2.0718357856 DV=    -0.6309566132 DDV=    -0.0622856956
# E=    -3.5000102591 E-DV=    -2.1938226525 DV=    -1.3061876066 DDV=     0.0037866310
# E=    -4.1702821711 E-DV=    -2.1944817109 DV=    -1.9758004601 DDV=     0.0017140956
# E=    -3.2612042420 E-DV=    -2.1956149543 DV=    -1.0655892877 DDV=     0.0024576104
# E=    -4.0755819835 E-DV=    -2.1919403826 DV=    -1.8836416009 DDV=     0.0019784846
# E=    -3.9306884153 E-DV=    -2.1957969548 DV=    -1.7348914604 DDV=     0.0002574735
# E=    -3.4855911116 E-DV=    -2.0305080281 DV=    -1.4550830835 DDV=    -0.0775245423
# E=    -3.8707173487 E-DV=    -2.1915505898 DV=    -1.6791667589 DDV=    -0.0004324267
# E=    -3.6883619283 E-DV=    -2.1814232674 DV=    -1.5069386608 DDV=    -0.0075867208
# E=    -3.0924722600 E-DV=    -2.0544576715 DV=    -1.0380145885 DDV=    -0.0177483222
##T    ---- Finish to Calc. Dimer SCF ---- : lap time=   4.379996 ( total etime=  29.355401 )
       ( # of scf dimer = 15 )
        dE0(SCF dimer) =       0.40358338
##T     ---- Finish to Calc. ES Dimer ---- : lap time=   0.043961 ( total etime=  29.399385 )
    (# of ES dimer = 0)
    dE0(ES dimer) =       0.00000000
    total energy(FMO) =      -6.17811746
##T  -- All workers have been destroyed -- : lap time=   0.027977 ( total etime=  29.427379 )
---- ATOMIC POPULATION DATA -----
   SN AN  ATOMIC POP  NET CHARGE
---------------------------------
    1  1       0.951       0.049
    2  1       0.989       0.011
    3  1       1.026      -0.026
    4  1       1.112      -0.112
    5  1       1.044      -0.044
    6  1       0.981       0.019
    7  1       1.096      -0.096
    8  1       0.927       0.073
    9  1       0.933       0.067
   10  1       1.033      -0.033
   11  1       0.986       0.014
   12  1       0.921       0.079
---------------------------------
total charge =      0.000
---------------------------------
##T    -- calc AO and atomic population -- : lap time=   0.005068 ( total etime=  29.432461 )
##T   -- All mservs have been destroyed -- : lap time=   0.000015 ( total etime=  29.432486 )
