ngroup       = 6
nioprocs     = 1
niogroup     = 1
nmaxprocs    = 10
group size   = 1
# of threads = 24
nintic       = 2048
input file name       = ./samples/linear_H2_6/linear_H2_6_4_5_rhf.inp
prefix of output file = 
local input dir.      = ./
# of total invoked procs = 8 (=1iog*1iop+1+6gr*1pr)
master host name = gwonhaklee-System-Product-Name
-----------------------------------------------------
 # of data = 11
nfrag = 6
##T                  Finish Initialization : lap time=   0.000173 ( total etime=   0.000173 )
****** LIST OF HOST NAME (MSERV(ID=0))******
rank=  0 : gwonhaklee-System-Product-Name
********************************
##T        Finish to Create Memory Servers : lap time=   0.071310 ( total etime=   0.071519 )
****** LIST OF HOST NAME (WORKER(ID=0)) ******
rank=  0 : gwonhaklee-System-Product-Name
********************************
****** LIST OF HOST NAME (WORKER(ID=1)) ******
rank=  0 : gwonhaklee-System-Product-Name
********************************
****** LIST OF HOST NAME (WORKER(ID=2)) ******
rank=  0 : gwonhaklee-System-Product-Name
********************************
****** LIST OF HOST NAME (WORKER(ID=3)) ******
rank=  0 : gwonhaklee-System-Product-Name
********************************
****** LIST OF HOST NAME (WORKER(ID=4)) ******
rank=  0 : gwonhaklee-System-Product-Name
********************************
##T               Finish to Create Workers : lap time=   1.369539 ( total etime=   1.441080 )
****** LIST OF HOST NAME (WORKER(ID=5)) ******
rank=  0 : gwonhaklee-System-Product-Name
********************************
##T     Finish to Connect Mservs & Workers : lap time=   0.962304 ( total etime=   2.409165 )
calc. inter-frag distance list = 2
##T    Finish to Calculate Initial Density : lap time=   0.495870 ( total etime=   3.137011 )
---- start SCC (maxscc=30, sccconv=7) ----
##SCC itera= 1  conv=2  energy =      -8.30800238  energy0 =      -6.70380202  (   1.024563 )
##SCC itera= 2  conv=2  energy =      -8.30055889  energy0 =      -6.70399818  (   0.804846 )
##SCC itera= 3  conv=4  energy =      -8.29916694  energy0 =      -6.70399601  (   0.884040 )
##SCC itera= 4  conv=6  energy =      -8.29894189  energy0 =      -6.70399606  (   0.592135 )
==== SCC converged ====
##T         ---- Finish SCC procedure ---- : lap time=   4.299973 ( total etime=   7.437016 )
# E=    -2.7025777717 E-DV=    -2.2346632864 DV=    -0.4679144854 DDV=     0.0000186040
# E=    -2.6477809764 E-DV=    -2.2345612031 DV=    -0.4132197733 DDV=     0.0000166914
# E=    -2.6818164642 E-DV=    -2.2346930169 DV=    -0.4471234473 DDV=     0.0000254861
# E=    -2.7257309901 E-DV=    -2.2346409992 DV=    -0.4910899909 DDV=     0.0000157775
# E=    -2.7618216542 E-DV=    -2.2347357982 DV=    -0.5270858560 DDV=     0.0000065191
# E=    -2.5794489893 E-DV=    -2.2346150079 DV=    -0.3448339814 DDV=    -0.0000781910
# E=    -2.6378844668 E-DV=    -2.2347370595 DV=    -0.4031474073 DDV=     0.0000019817
# E=    -2.6309464162 E-DV=    -2.2347235456 DV=    -0.3962228706 DDV=    -0.0000080521
# E=    -2.5453737723 E-DV=    -2.2346620958 DV=    -0.3107116765 DDV=    -0.0001056151
# E=    -2.5561171686 E-DV=    -2.2346635300 DV=    -0.3214536386 DDV=     0.0000088227
# E=    -2.5447228316 E-DV=    -2.2346282598 DV=    -0.3100945718 DDV=    -0.0001200732
# E=    -2.6682591257 E-DV=    -2.2346588122 DV=    -0.4336003135 DDV=    -0.0001523966
# E=    -2.6644582395 E-DV=    -2.2346727300 DV=    -0.4297855096 DDV=    -0.0001635748
# E=    -2.7087675373 E-DV=    -2.2346456720 DV=    -0.4741218653 DDV=     0.0000216254
# E=    -2.4513426697 E-DV=    -2.2347280547 DV=    -0.2166146150 DDV=     0.0000577354
##T    ---- Finish to Calc. Dimer SCF ---- : lap time=   1.959995 ( total etime=   9.397036 )
       ( # of scf dimer = 15 )
        dE0(SCF dimer) =      -0.00050342
##T     ---- Finish to Calc. ES Dimer ---- : lap time=   0.027945 ( total etime=   9.425005 )
    (# of ES dimer = 0)
    dE0(ES dimer) =       0.00000000
    total energy(FMO) =      -6.70449949
##T  -- All workers have been destroyed -- : lap time=   0.052043 ( total etime=   9.477062 )
---- ATOMIC POPULATION DATA -----
   SN AN  ATOMIC POP  NET CHARGE
---------------------------------
    1  1       1.000      -0.000
    2  1       1.000       0.000
    3  1       1.001      -0.001
    4  1       0.999       0.001
    5  1       1.003      -0.003
    6  1       0.997       0.003
    7  1       1.011      -0.011
    8  1       0.989       0.011
    9  1       0.986       0.014
   10  1       1.014      -0.014
   11  1       0.997       0.003
   12  1       1.003      -0.003
---------------------------------
total charge =     -0.000
---------------------------------
##T    -- calc AO and atomic population -- : lap time=   0.020059 ( total etime=   9.497141 )
##T   -- All mservs have been destroyed -- : lap time=   0.000013 ( total etime=   9.497165 )
