Will Run VQE
ngroup       = 7
nioprocs     = 1
niogroup     = 1
nmaxprocs    = 9
group size   = 1
# of threads = 24
nintic       = 2048
input file name       = ./samples/h2_multimer/linear_H2_7_rhf.inp
prefix of output file = 
local input dir.      = ./
# of total invoked procs = 9 (=1iog*1iop+1+7gr*1pr)
master host name = gwonhaklee-System-Product-Name
-----------------------------------------------------
 # of data = 11
nfrag = 7
##T                  Finish Initialization : lap time=   0.001554 ( total etime=   0.001554 )
****** LIST OF HOST NAME (MSERV(ID=0))******
rank=  0 : gwonhaklee-System-Product-Name
********************************
##T        Finish to Create Memory Servers : lap time=   0.062337 ( total etime=   0.063909 )
****** LIST OF HOST NAME (WORKER(ID=0)) ******
rank=  0 : gwonhaklee-System-Product-Name
********************************
****** LIST OF HOST NAME (WORKER(ID=1)) ******
rank=  0 : gwonhaklee-System-Product-Name
********************************
****** LIST OF HOST NAME (WORKER(ID=2)) ******
rank=  0 : gwonhaklee-System-Product-Name
********************************
****** LIST OF HOST NAME (WORKER(ID=3)) ******
rank=  0 : gwonhaklee-System-Product-Name
********************************
****** LIST OF HOST NAME (WORKER(ID=4)) ******
rank=  0 : gwonhaklee-System-Product-Name
********************************
****** LIST OF HOST NAME (WORKER(ID=5)) ******
rank=  0 : gwonhaklee-System-Product-Name
********************************
##T               Finish to Create Workers : lap time=   1.229204 ( total etime=   1.293130 )
****** LIST OF HOST NAME (WORKER(ID=6)) ******
rank=  0 : gwonhaklee-System-Product-Name
********************************
##T     Finish to Connect Mservs & Workers : lap time=   0.858013 ( total etime=   2.151167 )
calc. inter-frag distance list = 3
##T    Finish to Calculate Initial Density : lap time=   0.010075 ( total etime=   2.163856 )
---- start SCC (maxscc=30, sccconv=7) ----
##SCC itera= 1  conv=2  energy =     -10.89493241  energy0 =      -7.82014277  (   0.097372 )
##SCC itera= 2  conv=2  energy =     -10.84884541  energy0 =      -7.82034023  (   0.051207 )
##SCC itera= 3  conv=4  energy =     -10.83861035  energy0 =      -7.82034756  (   0.083573 )
##SCC itera= 4  conv=6  energy =     -10.83792795  energy0 =      -7.82034852  (   0.052905 )
##SCC itera= 5  conv=7  energy =     -10.83794675  energy0 =      -7.82034852  (   0.043933 )
==== SCC converged ====
##T         ---- Finish SCC procedure ---- : lap time=   0.335828 ( total etime=   2.499706 )
# E=    -2.9967208376 E-DV=    -2.2344207138 DV=    -0.7623001238 DDV=     0.0000724193
# E=    -3.1002634806 E-DV=    -2.2347006257 DV=    -0.8655628549 DDV=     0.0000113715
# E=    -2.9860533310 E-DV=    -2.2343018207 DV=    -0.7517515103 DDV=     0.0000513311
# E=    -2.9770673447 E-DV=    -2.2342962515 DV=    -0.7427710932 DDV=    -0.0006903978
# E=    -2.9350305849 E-DV=    -2.2343613043 DV=    -0.7006692806 DDV=    -0.0007134714
# E=    -2.7308966899 E-DV=    -2.2343430082 DV=    -0.4965536817 DDV=    -0.0004941396
# E=    -3.0384275818 E-DV=    -2.2342025282 DV=    -0.8042250536 DDV=     0.0000393033
# E=    -2.8994999207 E-DV=    -2.2346834476 DV=    -0.6648164731 DDV=     0.0000055957
# E=    -3.0528640436 E-DV=    -2.2341882027 DV=    -0.8186758409 DDV=     0.0000541760
# E=    -2.8821688573 E-DV=    -2.2345606001 DV=    -0.6476082571 DDV=    -0.0000491657
# E=    -2.9412604381 E-DV=    -2.2342411351 DV=    -0.7070193030 DDV=    -0.0006004261
# E=    -2.9194981182 E-DV=    -2.2346408594 DV=    -0.6848572588 DDV=    -0.0000062475
# E=    -3.1035281237 E-DV=    -2.2345790104 DV=    -0.8689491134 DDV=     0.0000168601
# E=    -2.8054260004 E-DV=    -2.2340429425 DV=    -0.5713830578 DDV=    -0.0002943544
# E=    -2.6051073603 E-DV=    -2.2346025988 DV=    -0.3705047615 DDV=     0.0002890950
# E=    -3.1157654746 E-DV=    -2.2346062832 DV=    -0.8811591914 DDV=     0.0000305395
# E=    -3.0010246229 E-DV=    -2.2341903153 DV=    -0.7668343076 DDV=     0.0000832586
# E=    -2.7515832196 E-DV=    -2.2341456404 DV=    -0.5174375791 DDV=    -0.0004890769
# E=    -2.8983866730 E-DV=    -2.2338866894 DV=    -0.6644999836 DDV=     0.0000464647
# E=    -2.7569508118 E-DV=    -2.2343794459 DV=    -0.5225713659 DDV=     0.0000241617
# E=    -2.9423878128 E-DV=    -2.2345227663 DV=    -0.7078650465 DDV=     0.0001071340
##T    ---- Finish to Calc. Dimer SCF ---- : lap time=   0.017407 ( total etime=   2.517124 )
       ( # of scf dimer = 21 )
        dE0(SCF dimer) =      -0.00231061
##T     ---- Finish to Calc. ES Dimer ---- : lap time=   0.002970 ( total etime=   2.520110 )
    (# of ES dimer = 0)
    dE0(ES dimer) =       0.00000000
    total energy(FMO) =      -7.82265913
##T  -- All workers have been destroyed -- : lap time=   0.000093 ( total etime=   2.520210 )
---- ATOMIC POPULATION DATA -----
   SN AN  ATOMIC POP  NET CHARGE
---------------------------------
    1  1       0.999       0.001
    2  1       1.000      -0.000
    3  1       1.001      -0.001
    4  1       0.999       0.001
    5  1       1.003      -0.003
    6  1       0.997       0.003
    7  1       1.006      -0.006
    8  1       0.994       0.006
    9  1       1.020      -0.020
   10  1       0.980       0.020
   11  1       0.971       0.029
   12  1       1.029      -0.029
   13  1       0.995       0.005
   14  1       1.005      -0.005
---------------------------------
total charge =      0.000
---------------------------------
##T    -- calc AO and atomic population -- : lap time=   0.000265 ( total etime=   2.520480 )
##T   -- All mservs have been destroyed -- : lap time=   0.000019 ( total etime=   2.520505 )
