Will Run VQE
ngroup       = 4
nioprocs     = 1
niogroup     = 1
nmaxprocs    = 6
group size   = 1
# of threads = 24
nintic       = 2048
input file name       = ./samples/h2_multimer/linear_H2_4_rhf.inp
prefix of output file = 
local input dir.      = ./
# of total invoked procs = 6 (=1iog*1iop+1+4gr*1pr)
master host name = gwonhaklee-System-Product-Name
-----------------------------------------------------
 # of data = 11
nfrag = 4
##T                  Finish Initialization : lap time=   0.000389 ( total etime=   0.000389 )
****** LIST OF HOST NAME (MSERV(ID=0))******
rank=  0 : gwonhaklee-System-Product-Name
********************************
##T        Finish to Create Memory Servers : lap time=   0.058431 ( total etime=   0.058836 )
****** LIST OF HOST NAME (WORKER(ID=0)) ******
rank=  0 : gwonhaklee-System-Product-Name
********************************
****** LIST OF HOST NAME (WORKER(ID=1)) ******
rank=  0 : gwonhaklee-System-Product-Name
********************************
****** LIST OF HOST NAME (WORKER(ID=2)) ******
rank=  0 : gwonhaklee-System-Product-Name
********************************
##T               Finish to Create Workers : lap time=   0.785815 ( total etime=   0.844673 )
****** LIST OF HOST NAME (WORKER(ID=3)) ******
rank=  0 : gwonhaklee-System-Product-Name
********************************
##T     Finish to Connect Mservs & Workers : lap time=   0.351930 ( total etime=   1.196639 )
calc. inter-frag distance list = 0
##T    Finish to Calculate Initial Density : lap time=   0.011733 ( total etime=   1.208974 )
---- start SCC (maxscc=30, sccconv=7) ----
##SCC itera= 1  conv=2  energy =      -5.43102851  energy0 =      -4.46868231  (   0.099811 )
##SCC itera= 2  conv=2  energy =      -5.42230716  energy0 =      -4.46871584  (   0.035900 )
##SCC itera= 3  conv=4  energy =      -5.41938349  energy0 =      -4.46872296  (   0.012876 )
##SCC itera= 4  conv=6  energy =      -5.41900534  energy0 =      -4.46872374  (   0.042445 )
##SCC itera= 5  conv=7  energy =      -5.41900831  energy0 =      -4.46872374  (   0.075697 )
==== SCC converged ====
##T         ---- Finish SCC procedure ---- : lap time=   0.268181 ( total etime=   1.477181 )
# E=    -2.4425181242 E-DV=    -2.2345436272 DV=    -0.2079744970 DDV=    -0.0003347480
# E=    -2.4829972807 E-DV=    -2.2344033422 DV=    -0.2485939385 DDV=    -0.0003814017
# E=    -2.5106897521 E-DV=    -2.2343206878 DV=    -0.2763690643 DDV=    -0.0002722845
# E=    -2.4654030543 E-DV=    -2.2345857659 DV=    -0.2308172884 DDV=     0.0000868666
# E=    -2.3828155800 E-DV=    -2.2346513776 DV=    -0.1481642024 DDV=     0.0001748783
##T    ---- Finish to Calc. Dimer SCF ---- : lap time=   0.013816 ( total etime=   1.491007 )
       ( # of scf dimer = 6 )
        dE0(SCF dimer) =      -0.00115746
##T     ---- Finish to Calc. ES Dimer ---- : lap time=   0.000106 ( total etime=   1.491134 )
    (# of ES dimer = 0)
    dE0(ES dimer) =       0.00000000
    total energy(FMO) =      -4.46988120
##T  -- All workers have been destroyed -- : lap time=   0.000073 ( total etime=   1.491214 )
# E=    -2.5576725036 E-DV=    -2.2343078560 DV=    -0.3233646476 DDV=     0.0002106649
---- ATOMIC POPULATION DATA -----
   SN AN  ATOMIC POP  NET CHARGE
---------------------------------
    1  1       1.004      -0.004
    2  1       0.996       0.004
    3  1       1.020      -0.020
    4  1       0.981       0.019
    5  1       0.970       0.030
    6  1       1.030      -0.030
    7  1       0.994       0.006
    8  1       1.006      -0.006
---------------------------------
total charge =     -0.000
---------------------------------
##T    -- calc AO and atomic population -- : lap time=   0.000167 ( total etime=   1.491389 )
##T   -- All mservs have been destroyed -- : lap time=   0.000018 ( total etime=   1.491415 )
