Will Run VQE
ngroup       = 5
nioprocs     = 1
niogroup     = 1
nmaxprocs    = 7
group size   = 1
# of threads = 24
nintic       = 2048
input file name       = ./samples/h2_multimer/linear_H2_5.inp
prefix of output file = 
local input dir.      = ./
# of total invoked procs = 7 (=1iog*1iop+1+5gr*1pr)
master host name = gwonhaklee-System-Product-Name
-----------------------------------------------------
 # of data = 11
nfrag = 5
##T                  Finish Initialization : lap time=   0.000197 ( total etime=   0.000197 )
****** LIST OF HOST NAME (MSERV(ID=0))******
rank=  0 : gwonhaklee-System-Product-Name
********************************
##T        Finish to Create Memory Servers : lap time=   0.037268 ( total etime=   0.037476 )
****** LIST OF HOST NAME (WORKER(ID=0)) ******
rank=  0 : gwonhaklee-System-Product-Name
********************************
****** LIST OF HOST NAME (WORKER(ID=1)) ******
rank=  0 : gwonhaklee-System-Product-Name
********************************
****** LIST OF HOST NAME (WORKER(ID=2)) ******
rank=  0 : gwonhaklee-System-Product-Name
********************************
****** LIST OF HOST NAME (WORKER(ID=3)) ******
rank=  0 : gwonhaklee-System-Product-Name
********************************
****** LIST OF HOST NAME (WORKER(ID=4)) ******
rank=  0 : gwonhaklee-System-Product-Name
********************************
##T               Finish to Create Workers : lap time=   0.630272 ( total etime=   0.667762 )
##T     Finish to Connect Mservs & Workers : lap time=   0.376077 ( total etime=   1.043861 )
calc. inter-frag distance list = 0
##T    Finish to Calculate Initial Density : lap time=   0.095591 ( total etime=   1.150043 )
---- start SCC (maxscc=30, sccconv=7) ----
./integ_temp/linear_h2_5/int_mono_linear_h2_5_4_1_0.dat -> 7 eris
./integ_temp/linear_h2_5/int_mono_linear_h2_5_2_1_0.dat -> 7 eris
./integ_temp/linear_h2_5/int_mono_linear_h2_5_0_1_0.dat -> 7 eris
./integ_temp/linear_h2_5/int_mono_linear_h2_5_3_1_0.dat -> 7 eris
./integ_temp/linear_h2_5/int_mono_linear_h2_5_1_1_0.dat -> 7 eris
pyscript : VQE for ./integ_temp/linear_h2_5/int_mono_linear_h2_5_4_1_0.dat spawned.
pyscript : VQE for ./integ_temp/linear_h2_5/int_mono_linear_h2_5_3_1_0.dat spawned.
pyscript : VQE for ./integ_temp/linear_h2_5/int_mono_linear_h2_5_2_1_0.dat spawned.
pyscript : VQE for ./integ_temp/linear_h2_5/int_mono_linear_h2_5_1_1_0.dat spawned.
pyscript : VQE for ./integ_temp/linear_h2_5/int_mono_linear_h2_5_0_1_0.dat spawned.
pyscript : output ./result_temp/linear_h2_5/res_mono_linear_h2_5_4_1_0.dat Generated.
pyscript : output ./result_temp/linear_h2_5/res_mono_linear_h2_5_3_1_0.dat Generated.
it=1	mon=[4]	energy=-1.319514
it=1	mon=[3]	energy=-1.459409
pyscript : output ./result_temp/linear_h2_5/res_mono_linear_h2_5_2_1_0.dat Generated.
pyscript : output ./result_temp/linear_h2_5/res_mono_linear_h2_5_0_1_0.dat Generated.
pyscript : output ./result_temp/linear_h2_5/res_mono_linear_h2_5_1_1_0.dat Generated.
it=1	mon=[2]	energy=-1.550224
it=1	mon=[0]	energy=-1.413481
it=1	mon=[1]	energy=-1.542067
##SCC itera= 1  conv=2  energy =      -7.28469521  energy0 =      -5.68511289  (  13.340062 )
./integ_temp/linear_h2_5/int_mono_linear_h2_5_4_2_0.dat -> 7 eris
./integ_temp/linear_h2_5/int_mono_linear_h2_5_2_2_0.dat -> 7 eris
./integ_temp/linear_h2_5/int_mono_linear_h2_5_1_2_0.dat -> 7 eris
./integ_temp/linear_h2_5/int_mono_linear_h2_5_0_2_0.dat -> 7 eris
./integ_temp/linear_h2_5/int_mono_linear_h2_5_3_2_0.dat -> 7 eris
pyscript : VQE for ./integ_temp/linear_h2_5/int_mono_linear_h2_5_4_2_0.dat spawned.
pyscript : VQE for ./integ_temp/linear_h2_5/int_mono_linear_h2_5_3_2_0.dat spawned.
pyscript : VQE for ./integ_temp/linear_h2_5/int_mono_linear_h2_5_2_2_0.dat spawned.
pyscript : VQE for ./integ_temp/linear_h2_5/int_mono_linear_h2_5_1_2_0.dat spawned.
pyscript : VQE for ./integ_temp/linear_h2_5/int_mono_linear_h2_5_0_2_0.dat spawned.
pyscript : output ./result_temp/linear_h2_5/res_mono_linear_h2_5_4_2_0.dat Generated.
it=2	mon=[4]	energy=-1.330163
pyscript : output ./result_temp/linear_h2_5/res_mono_linear_h2_5_3_2_0.dat Generated.
it=2	mon=[3]	energy=-1.472496
pyscript : output ./result_temp/linear_h2_5/res_mono_linear_h2_5_2_2_0.dat Generated.
pyscript : output ./result_temp/linear_h2_5/res_mono_linear_h2_5_0_2_0.dat Generated.
it=2	mon=[2]	energy=-1.560680
pyscript : output ./result_temp/linear_h2_5/res_mono_linear_h2_5_1_2_0.dat Generated.
it=2	mon=[1]	energy=-1.558251
it=2	mon=[0]	energy=-1.419780
##SCC itera= 2  conv=2  energy =      -7.34136960  energy0 =      -5.68500649  (  13.139693 )
./integ_temp/linear_h2_5/int_mono_linear_h2_5_4_3_0.dat -> 7 eris
./integ_temp/linear_h2_5/int_mono_linear_h2_5_3_3_0.dat -> 7 eris
./integ_temp/linear_h2_5/int_mono_linear_h2_5_1_3_0.dat -> 7 eris
./integ_temp/linear_h2_5/int_mono_linear_h2_5_0_3_0.dat -> 7 eris
./integ_temp/linear_h2_5/int_mono_linear_h2_5_2_3_0.dat -> 7 eris
pyscript : VQE for ./integ_temp/linear_h2_5/int_mono_linear_h2_5_4_3_0.dat spawned.
pyscript : VQE for ./integ_temp/linear_h2_5/int_mono_linear_h2_5_3_3_0.dat spawned.
pyscript : VQE for ./integ_temp/linear_h2_5/int_mono_linear_h2_5_1_3_0.dat spawned.
pyscript : VQE for ./integ_temp/linear_h2_5/int_mono_linear_h2_5_0_3_0.dat spawned.
pyscript : VQE for ./integ_temp/linear_h2_5/int_mono_linear_h2_5_2_3_0.dat spawned.
pyscript : output ./result_temp/linear_h2_5/res_mono_linear_h2_5_4_3_0.dat Generated.
it=3	mon=[4]	energy=-1.329539
pyscript : output ./result_temp/linear_h2_5/res_mono_linear_h2_5_3_3_0.dat Generated.
it=3	mon=[3]	energy=-1.470996
pyscript : output ./result_temp/linear_h2_5/res_mono_linear_h2_5_0_3_0.dat Generated.
pyscript : output ./result_temp/linear_h2_5/res_mono_linear_h2_5_2_3_0.dat Generated.
pyscript : output ./result_temp/linear_h2_5/res_mono_linear_h2_5_1_3_0.dat Generated.
it=3	mon=[1]	energy=-1.556804
it=3	mon=[0]	energy=-1.418075
it=3	mon=[2]	energy=-1.559475
##SCC itera= 3  conv=4  energy =      -7.33488964  energy0 =      -5.68501001  (  13.240038 )
./integ_temp/linear_h2_5/int_mono_linear_h2_5_4_4_0.dat -> 7 eris
./integ_temp/linear_h2_5/int_mono_linear_h2_5_1_4_0.dat -> 7 eris
./integ_temp/linear_h2_5/int_mono_linear_h2_5_0_4_0.dat -> 7 eris
./integ_temp/linear_h2_5/int_mono_linear_h2_5_2_4_0.dat -> 7 eris
./integ_temp/linear_h2_5/int_mono_linear_h2_5_3_4_0.dat -> 7 eris
pyscript : VQE for ./integ_temp/linear_h2_5/int_mono_linear_h2_5_4_4_0.dat spawned.
pyscript : VQE for ./integ_temp/linear_h2_5/int_mono_linear_h2_5_3_4_0.dat spawned.
pyscript : VQE for ./integ_temp/linear_h2_5/int_mono_linear_h2_5_0_4_0.dat spawned.
pyscript : VQE for ./integ_temp/linear_h2_5/int_mono_linear_h2_5_2_4_0.dat spawned.
pyscript : VQE for ./integ_temp/linear_h2_5/int_mono_linear_h2_5_1_4_0.dat spawned.
pyscript : output ./result_temp/linear_h2_5/res_mono_linear_h2_5_4_4_0.dat Generated.
it=4	mon=[4]	energy=-1.329485
pyscript : output ./result_temp/linear_h2_5/res_mono_linear_h2_5_3_4_0.dat Generated.
it=4	mon=[3]	energy=-1.470917
pyscript : output ./result_temp/linear_h2_5/res_mono_linear_h2_5_0_4_0.dat Generated.
pyscript : output ./result_temp/linear_h2_5/res_mono_linear_h2_5_2_4_0.dat Generated.
it=4	mon=[0]	energy=-1.417967
it=4	mon=[2]	energy=-1.559378
pyscript : output ./result_temp/linear_h2_5/res_mono_linear_h2_5_1_4_0.dat Generated.
it=4	mon=[1]	energy=-1.556730
##SCC itera= 4  conv=6  energy =      -7.33447625  energy0 =      -5.68500929  (  14.100046 )
./integ_temp/linear_h2_5/int_mono_linear_h2_5_4_5_0.dat -> 7 eris
./integ_temp/linear_h2_5/int_mono_linear_h2_5_1_5_0.dat -> 7 eris
./integ_temp/linear_h2_5/int_mono_linear_h2_5_0_5_0.dat -> 7 eris
./integ_temp/linear_h2_5/int_mono_linear_h2_5_2_5_0.dat -> 7 eris
./integ_temp/linear_h2_5/int_mono_linear_h2_5_3_5_0.dat -> 7 eris
pyscript : VQE for ./integ_temp/linear_h2_5/int_mono_linear_h2_5_4_5_0.dat spawned.
pyscript : VQE for ./integ_temp/linear_h2_5/int_mono_linear_h2_5_3_5_0.dat spawned.
pyscript : VQE for ./integ_temp/linear_h2_5/int_mono_linear_h2_5_2_5_0.dat spawned.
pyscript : VQE for ./integ_temp/linear_h2_5/int_mono_linear_h2_5_0_5_0.dat spawned.
pyscript : VQE for ./integ_temp/linear_h2_5/int_mono_linear_h2_5_1_5_0.dat spawned.
pyscript : output ./result_temp/linear_h2_5/res_mono_linear_h2_5_3_5_0.dat Generated.
pyscript : output ./result_temp/linear_h2_5/res_mono_linear_h2_5_4_5_0.dat Generated.
it=5	mon=[3]	energy=-1.470924
it=5	mon=[4]	energy=-1.329485
pyscript : output ./result_temp/linear_h2_5/res_mono_linear_h2_5_1_5_0.dat Generated.
it=5	mon=[1]	energy=-1.556750
pyscript : output ./result_temp/linear_h2_5/res_mono_linear_h2_5_0_5_0.dat Generated.
it=5	mon=[0]	energy=-1.417977
pyscript : output ./result_temp/linear_h2_5/res_mono_linear_h2_5_2_5_0.dat Generated.
it=5	mon=[2]	energy=-1.559399
##SCC itera= 5  conv=7  energy =      -7.33453508  energy0 =      -5.68491166  (  15.240302 )
./integ_temp/linear_h2_5/int_mono_linear_h2_5_4_6_0.dat -> 7 eris
./integ_temp/linear_h2_5/int_mono_linear_h2_5_0_6_0.dat -> 7 eris
./integ_temp/linear_h2_5/int_mono_linear_h2_5_2_6_0.dat -> 7 eris
./integ_temp/linear_h2_5/int_mono_linear_h2_5_1_6_0.dat -> 7 eris
./integ_temp/linear_h2_5/int_mono_linear_h2_5_3_6_0.dat -> 7 eris
pyscript : VQE for ./integ_temp/linear_h2_5/int_mono_linear_h2_5_4_6_0.dat spawned.
pyscript : VQE for ./integ_temp/linear_h2_5/int_mono_linear_h2_5_3_6_0.dat spawned.
pyscript : output ./result_temp/linear_h2_5/res_mono_linear_h2_5_4_6_0.dat Generated.
pyscript : VQE for ./integ_temp/linear_h2_5/int_mono_linear_h2_5_2_6_0.dat spawned.
pyscript : VQE for ./integ_temp/linear_h2_5/int_mono_linear_h2_5_0_6_0.dat spawned.
pyscript : VQE for ./integ_temp/linear_h2_5/int_mono_linear_h2_5_1_6_0.dat spawned.
it=6	mon=[4]	energy=-1.329475
pyscript : output ./result_temp/linear_h2_5/res_mono_linear_h2_5_3_6_0.dat Generated.
it=6	mon=[3]	energy=-1.470912
pyscript : output ./result_temp/linear_h2_5/res_mono_linear_h2_5_1_6_0.dat Generated.
pyscript : output ./result_temp/linear_h2_5/res_mono_linear_h2_5_0_6_0.dat Generated.
it=6	mon=[1]	energy=-1.556736
it=6	mon=[0]	energy=-1.417977
pyscript : output ./result_temp/linear_h2_5/res_mono_linear_h2_5_2_6_0.dat Generated.
it=6	mon=[2]	energy=-1.559408
##SCC itera= 6  conv=7  energy =      -7.33450702  energy0 =      -5.68490551  (  19.360055 )
./integ_temp/linear_h2_5/int_mono_linear_h2_5_4_7_0.dat -> 7 eris
./integ_temp/linear_h2_5/int_mono_linear_h2_5_2_7_0.dat -> 7 eris
./integ_temp/linear_h2_5/int_mono_linear_h2_5_3_7_0.dat -> 7 eris
./integ_temp/linear_h2_5/int_mono_linear_h2_5_0_7_0.dat -> 7 eris
./integ_temp/linear_h2_5/int_mono_linear_h2_5_1_7_0.dat -> 7 eris
pyscript : VQE for ./integ_temp/linear_h2_5/int_mono_linear_h2_5_4_7_0.dat spawned.
pyscript : VQE for ./integ_temp/linear_h2_5/int_mono_linear_h2_5_3_7_0.dat spawned.
pyscript : output ./result_temp/linear_h2_5/res_mono_linear_h2_5_4_7_0.dat Generated.
it=7	mon=[4]	energy=-1.329481
pyscript : VQE for ./integ_temp/linear_h2_5/int_mono_linear_h2_5_2_7_0.dat spawned.
pyscript : VQE for ./integ_temp/linear_h2_5/int_mono_linear_h2_5_0_7_0.dat spawned.
pyscript : VQE for ./integ_temp/linear_h2_5/int_mono_linear_h2_5_1_7_0.dat spawned.
pyscript : output ./result_temp/linear_h2_5/res_mono_linear_h2_5_3_7_0.dat Generated.
it=7	mon=[3]	energy=-1.470922
pyscript : output ./result_temp/linear_h2_5/res_mono_linear_h2_5_2_7_0.dat Generated.
pyscript : output ./result_temp/linear_h2_5/res_mono_linear_h2_5_0_7_0.dat Generated.
it=7	mon=[2]	energy=-1.559408
it=7	mon=[0]	energy=-1.417983
pyscript : output ./result_temp/linear_h2_5/res_mono_linear_h2_5_1_7_0.dat Generated.
it=7	mon=[1]	energy=-1.556750
##SCC itera= 7  conv=7  energy =      -7.33454379  energy0 =      -5.68492902  (  22.960095 )
./integ_temp/linear_h2_5/int_mono_linear_h2_5_4_8_0.dat -> 7 eris
./integ_temp/linear_h2_5/int_mono_linear_h2_5_1_8_0.dat -> 7 eris
./integ_temp/linear_h2_5/int_mono_linear_h2_5_2_8_0.dat -> 7 eris
./integ_temp/linear_h2_5/int_mono_linear_h2_5_0_8_0.dat -> 7 eris
./integ_temp/linear_h2_5/int_mono_linear_h2_5_3_8_0.dat -> 7 eris
pyscript : VQE for ./integ_temp/linear_h2_5/int_mono_linear_h2_5_4_8_0.dat spawned.
pyscript : VQE for ./integ_temp/linear_h2_5/int_mono_linear_h2_5_3_8_0.dat spawned.
pyscript : VQE for ./integ_temp/linear_h2_5/int_mono_linear_h2_5_2_8_0.dat spawned.
pyscript : VQE for ./integ_temp/linear_h2_5/int_mono_linear_h2_5_1_8_0.dat spawned.
pyscript : VQE for ./integ_temp/linear_h2_5/int_mono_linear_h2_5_0_8_0.dat spawned.
pyscript : output ./result_temp/linear_h2_5/res_mono_linear_h2_5_3_8_0.dat Generated.
pyscript : output ./result_temp/linear_h2_5/res_mono_linear_h2_5_4_8_0.dat Generated.
it=8	mon=[3]	energy=-1.470922
it=8	mon=[4]	energy=-1.329481
pyscript : output ./result_temp/linear_h2_5/res_mono_linear_h2_5_2_8_0.dat Generated.
pyscript : output ./result_temp/linear_h2_5/res_mono_linear_h2_5_0_8_0.dat Generated.
it=8	mon=[2]	energy=-1.559408
pyscript : output ./result_temp/linear_h2_5/res_mono_linear_h2_5_1_8_0.dat Generated.
it=8	mon=[0]	energy=-1.417983
it=8	mon=[1]	energy=-1.556750
##SCC itera= 8  conv=7  energy =      -7.33454400  energy0 =      -5.68493283  (  27.392217 )
./integ_temp/linear_h2_5/int_mono_linear_h2_5_3_9_0.dat -> 7 eris
./integ_temp/linear_h2_5/int_mono_linear_h2_5_2_9_0.dat -> 7 eris
./integ_temp/linear_h2_5/int_mono_linear_h2_5_0_9_0.dat -> 7 eris
./integ_temp/linear_h2_5/int_mono_linear_h2_5_1_9_0.dat -> 7 eris
./integ_temp/linear_h2_5/int_mono_linear_h2_5_4_9_0.dat -> 7 eris
pyscript : VQE for ./integ_temp/linear_h2_5/int_mono_linear_h2_5_3_9_0.dat spawned.
pyscript : VQE for ./integ_temp/linear_h2_5/int_mono_linear_h2_5_4_9_0.dat spawned.
pyscript : VQE for ./integ_temp/linear_h2_5/int_mono_linear_h2_5_2_9_0.dat spawned.
pyscript : VQE for ./integ_temp/linear_h2_5/int_mono_linear_h2_5_1_9_0.dat spawned.
pyscript : VQE for ./integ_temp/linear_h2_5/int_mono_linear_h2_5_0_9_0.dat spawned.
pyscript : output ./result_temp/linear_h2_5/res_mono_linear_h2_5_4_9_0.dat Generated.
pyscript : output ./result_temp/linear_h2_5/res_mono_linear_h2_5_3_9_0.dat Generated.
it=9	mon=[3]	energy=-1.470922
it=9	mon=[4]	energy=-1.329481
pyscript : output ./result_temp/linear_h2_5/res_mono_linear_h2_5_2_9_0.dat Generated.
pyscript : output ./result_temp/linear_h2_5/res_mono_linear_h2_5_0_9_0.dat Generated.
it=9	mon=[2]	energy=-1.559408
it=9	mon=[0]	energy=-1.417983
pyscript : output ./result_temp/linear_h2_5/res_mono_linear_h2_5_1_9_0.dat Generated.
it=9	mon=[1]	energy=-1.556750
##SCC itera= 9  conv=7  energy =      -7.33454379  energy0 =      -5.68492694  (  28.044096 )
./integ_temp/linear_h2_5/int_mono_linear_h2_5_0_10_0.dat -> 7 eris
./integ_temp/linear_h2_5/int_mono_linear_h2_5_1_10_0.dat -> 7 eris
./integ_temp/linear_h2_5/int_mono_linear_h2_5_2_10_0.dat -> 7 eris
./integ_temp/linear_h2_5/int_mono_linear_h2_5_4_10_0.dat -> 7 eris
./integ_temp/linear_h2_5/int_mono_linear_h2_5_3_10_0.dat -> 7 eris
pyscript : VQE for ./integ_temp/linear_h2_5/int_mono_linear_h2_5_0_10_0.dat spawned.
pyscript : VQE for ./integ_temp/linear_h2_5/int_mono_linear_h2_5_1_10_0.dat spawned.
pyscript : VQE for ./integ_temp/linear_h2_5/int_mono_linear_h2_5_2_10_0.dat spawned.
pyscript : VQE for ./integ_temp/linear_h2_5/int_mono_linear_h2_5_4_10_0.dat spawned.
pyscript : VQE for ./integ_temp/linear_h2_5/int_mono_linear_h2_5_3_10_0.dat spawned.
pyscript : output ./result_temp/linear_h2_5/res_mono_linear_h2_5_4_10_0.dat Generated.
it=10	mon=[4]	energy=-1.329481
pyscript : output ./result_temp/linear_h2_5/res_mono_linear_h2_5_3_10_0.dat Generated.
it=10	mon=[3]	energy=-1.470922
pyscript : output ./result_temp/linear_h2_5/res_mono_linear_h2_5_0_10_0.dat Generated.
pyscript : output ./result_temp/linear_h2_5/res_mono_linear_h2_5_2_10_0.dat Generated.
it=10	mon=[0]	energy=-1.417983
pyscript : output ./result_temp/linear_h2_5/res_mono_linear_h2_5_1_10_0.dat Generated.
it=10	mon=[2]	energy=-1.559408
it=10	mon=[1]	energy=-1.556750
##SCC itera=10  conv=7  energy =      -7.33454381  energy0 =      -5.68492499  (  27.780071 )
./integ_temp/linear_h2_5/int_mono_linear_h2_5_3_11_0.dat -> 7 eris
./integ_temp/linear_h2_5/int_mono_linear_h2_5_2_11_0.dat -> 7 eris
./integ_temp/linear_h2_5/int_mono_linear_h2_5_1_11_0.dat -> 7 eris
./integ_temp/linear_h2_5/int_mono_linear_h2_5_0_11_0.dat -> 7 eris
./integ_temp/linear_h2_5/int_mono_linear_h2_5_4_11_0.dat -> 7 eris
pyscript : VQE for ./integ_temp/linear_h2_5/int_mono_linear_h2_5_3_11_0.dat spawned.
pyscript : VQE for ./integ_temp/linear_h2_5/int_mono_linear_h2_5_1_11_0.dat spawned.
pyscript : VQE for ./integ_temp/linear_h2_5/int_mono_linear_h2_5_2_11_0.dat spawned.
pyscript : VQE for ./integ_temp/linear_h2_5/int_mono_linear_h2_5_0_11_0.dat spawned.
pyscript : VQE for ./integ_temp/linear_h2_5/int_mono_linear_h2_5_4_11_0.dat spawned.
pyscript : output ./result_temp/linear_h2_5/res_mono_linear_h2_5_3_11_0.dat Generated.
it=11	mon=[3]	energy=-1.470922
pyscript : output ./result_temp/linear_h2_5/res_mono_linear_h2_5_4_11_0.dat Generated.
it=11	mon=[4]	energy=-1.329481
pyscript : output ./result_temp/linear_h2_5/res_mono_linear_h2_5_2_11_0.dat Generated.
pyscript : output ./result_temp/linear_h2_5/res_mono_linear_h2_5_0_11_0.dat Generated.
it=11	mon=[2]	energy=-1.559408
pyscript : output ./result_temp/linear_h2_5/res_mono_linear_h2_5_1_11_0.dat Generated.
it=11	mon=[1]	energy=-1.556750
it=11	mon=[0]	energy=-1.417983
##SCC itera=11  conv=7  energy =      -7.33454382  energy0 =      -5.68492511  (  26.820255 )
./integ_temp/linear_h2_5/int_mono_linear_h2_5_3_12_0.dat -> 7 eris
./integ_temp/linear_h2_5/int_mono_linear_h2_5_2_12_0.dat -> 7 eris
./integ_temp/linear_h2_5/int_mono_linear_h2_5_0_12_0.dat -> 7 eris
./integ_temp/linear_h2_5/int_mono_linear_h2_5_1_12_0.dat -> 7 eris
./integ_temp/linear_h2_5/int_mono_linear_h2_5_4_12_0.dat -> 7 eris
pyscript : VQE for ./integ_temp/linear_h2_5/int_mono_linear_h2_5_3_12_0.dat spawned.
pyscript : VQE for ./integ_temp/linear_h2_5/int_mono_linear_h2_5_0_12_0.dat spawned.
pyscript : VQE for ./integ_temp/linear_h2_5/int_mono_linear_h2_5_2_12_0.dat spawned.
pyscript : VQE for ./integ_temp/linear_h2_5/int_mono_linear_h2_5_1_12_0.dat spawned.
pyscript : VQE for ./integ_temp/linear_h2_5/int_mono_linear_h2_5_4_12_0.dat spawned.
pyscript : output ./result_temp/linear_h2_5/res_mono_linear_h2_5_3_12_0.dat Generated.
it=12	mon=[3]	energy=-1.470920
pyscript : output ./result_temp/linear_h2_5/res_mono_linear_h2_5_0_12_0.dat Generated.
it=12	mon=[0]	energy=-1.417974
pyscript : output ./result_temp/linear_h2_5/res_mono_linear_h2_5_4_12_0.dat Generated.
it=12	mon=[4]	energy=-1.329479
pyscript : output ./result_temp/linear_h2_5/res_mono_linear_h2_5_2_12_0.dat Generated.
it=12	mon=[2]	energy=-1.559402
pyscript : output ./result_temp/linear_h2_5/res_mono_linear_h2_5_1_12_0.dat Generated.
it=12	mon=[1]	energy=-1.556750
##SCC itera=12  conv=7  energy =      -7.33452445  energy0 =      -5.68489336  (  29.736162 )
./integ_temp/linear_h2_5/int_mono_linear_h2_5_4_13_0.dat -> 7 eris
./integ_temp/linear_h2_5/int_mono_linear_h2_5_3_13_0.dat -> 7 eris
./integ_temp/linear_h2_5/int_mono_linear_h2_5_2_13_0.dat -> 7 eris
./integ_temp/linear_h2_5/int_mono_linear_h2_5_1_13_0.dat -> 7 eris
./integ_temp/linear_h2_5/int_mono_linear_h2_5_0_13_0.dat -> 7 eris
pyscript : VQE for ./integ_temp/linear_h2_5/int_mono_linear_h2_5_4_13_0.dat spawned.
pyscript : output ./result_temp/linear_h2_5/res_mono_linear_h2_5_4_13_0.dat Generated.
pyscript : VQE for ./integ_temp/linear_h2_5/int_mono_linear_h2_5_2_13_0.dat spawned.
pyscript : VQE for ./integ_temp/linear_h2_5/int_mono_linear_h2_5_1_13_0.dat spawned.
pyscript : VQE for ./integ_temp/linear_h2_5/int_mono_linear_h2_5_0_13_0.dat spawned.
it=13	mon=[4]	energy=-1.329481
pyscript : VQE for ./integ_temp/linear_h2_5/int_mono_linear_h2_5_3_13_0.dat spawned.
pyscript : output ./result_temp/linear_h2_5/res_mono_linear_h2_5_0_13_0.dat Generated.
it=13	mon=[0]	energy=-1.417983
pyscript : output ./result_temp/linear_h2_5/res_mono_linear_h2_5_2_13_0.dat Generated.
pyscript : output ./result_temp/linear_h2_5/res_mono_linear_h2_5_3_13_0.dat Generated.
it=13	mon=[3]	energy=-1.470923
pyscript : output ./result_temp/linear_h2_5/res_mono_linear_h2_5_1_13_0.dat Generated.
it=13	mon=[2]	energy=-1.559406
it=13	mon=[1]	energy=-1.556748
##SCC itera=13  conv=7  energy =      -7.33454055  energy0 =      -5.68500421  (  30.932103 )
./integ_temp/linear_h2_5/int_mono_linear_h2_5_3_14_0.dat -> 7 eris
./integ_temp/linear_h2_5/int_mono_linear_h2_5_1_14_0.dat -> 7 eris
./integ_temp/linear_h2_5/int_mono_linear_h2_5_0_14_0.dat -> 7 eris
./integ_temp/linear_h2_5/int_mono_linear_h2_5_2_14_0.dat -> 7 eris
./integ_temp/linear_h2_5/int_mono_linear_h2_5_4_14_0.dat -> 7 eris
pyscript : VQE for ./integ_temp/linear_h2_5/int_mono_linear_h2_5_4_14_0.dat spawned.
pyscript : VQE for ./integ_temp/linear_h2_5/int_mono_linear_h2_5_3_14_0.dat spawned.
pyscript : VQE for ./integ_temp/linear_h2_5/int_mono_linear_h2_5_1_14_0.dat spawned.
pyscript : VQE for ./integ_temp/linear_h2_5/int_mono_linear_h2_5_0_14_0.dat spawned.
pyscript : VQE for ./integ_temp/linear_h2_5/int_mono_linear_h2_5_2_14_0.dat spawned.
pyscript : output ./result_temp/linear_h2_5/res_mono_linear_h2_5_3_14_0.dat Generated.
pyscript : output ./result_temp/linear_h2_5/res_mono_linear_h2_5_0_14_0.dat Generated.
it=14	mon=[3]	energy=-1.470918
it=14	mon=[0]	energy=-1.417974
pyscript : output ./result_temp/linear_h2_5/res_mono_linear_h2_5_4_14_0.dat Generated.
pyscript : output ./result_temp/linear_h2_5/res_mono_linear_h2_5_2_14_0.dat Generated.
it=14	mon=[4]	energy=-1.329479
pyscript : output ./result_temp/linear_h2_5/res_mono_linear_h2_5_1_14_0.dat Generated.
it=14	mon=[2]	energy=-1.559404
it=14	mon=[1]	energy=-1.556752
##SCC itera=14  conv=7  energy =      -7.33452655  energy0 =      -5.68489345  (  27.476317 )
./integ_temp/linear_h2_5/int_mono_linear_h2_5_0_15_0.dat -> 7 eris
./integ_temp/linear_h2_5/int_mono_linear_h2_5_4_15_0.dat -> 7 eris
./integ_temp/linear_h2_5/int_mono_linear_h2_5_1_15_0.dat -> 7 eris
./integ_temp/linear_h2_5/int_mono_linear_h2_5_2_15_0.dat -> 7 eris
./integ_temp/linear_h2_5/int_mono_linear_h2_5_3_15_0.dat -> 7 eris
pyscript : VQE for ./integ_temp/linear_h2_5/int_mono_linear_h2_5_4_15_0.dat spawned.
pyscript : output ./result_temp/linear_h2_5/res_mono_linear_h2_5_4_15_0.dat Generated.
pyscript : VQE for ./integ_temp/linear_h2_5/int_mono_linear_h2_5_2_15_0.dat spawned.
pyscript : VQE for ./integ_temp/linear_h2_5/int_mono_linear_h2_5_1_15_0.dat spawned.
pyscript : VQE for ./integ_temp/linear_h2_5/int_mono_linear_h2_5_0_15_0.dat spawned.
it=15	mon=[4]	energy=-1.329481
pyscript : VQE for ./integ_temp/linear_h2_5/int_mono_linear_h2_5_3_15_0.dat spawned.
pyscript : output ./result_temp/linear_h2_5/res_mono_linear_h2_5_0_15_0.dat Generated.
pyscript : output ./result_temp/linear_h2_5/res_mono_linear_h2_5_3_15_0.dat Generated.
pyscript : output ./result_temp/linear_h2_5/res_mono_linear_h2_5_2_15_0.dat Generated.
it=15	mon=[0]	energy=-1.417983
pyscript : output ./result_temp/linear_h2_5/res_mono_linear_h2_5_1_15_0.dat Generated.
it=15	mon=[3]	energy=-1.470923
it=15	mon=[1]	energy=-1.556748
it=15	mon=[2]	energy=-1.559406
##SCC itera=15  conv=7  energy =      -7.33454056  energy0 =      -5.68500409  (  28.052289 )
./integ_temp/linear_h2_5/int_mono_linear_h2_5_1_16_0.dat -> 7 eris
./integ_temp/linear_h2_5/int_mono_linear_h2_5_3_16_0.dat -> 7 eris
./integ_temp/linear_h2_5/int_mono_linear_h2_5_0_16_0.dat -> 7 eris
./integ_temp/linear_h2_5/int_mono_linear_h2_5_2_16_0.dat -> 7 eris
./integ_temp/linear_h2_5/int_mono_linear_h2_5_4_16_0.dat -> 7 eris
pyscript : VQE for ./integ_temp/linear_h2_5/int_mono_linear_h2_5_3_16_0.dat spawned.
pyscript : VQE for ./integ_temp/linear_h2_5/int_mono_linear_h2_5_4_16_0.dat spawned.
pyscript : VQE for ./integ_temp/linear_h2_5/int_mono_linear_h2_5_1_16_0.dat spawned.
pyscript : VQE for ./integ_temp/linear_h2_5/int_mono_linear_h2_5_0_16_0.dat spawned.
pyscript : VQE for ./integ_temp/linear_h2_5/int_mono_linear_h2_5_2_16_0.dat spawned.
pyscript : output ./result_temp/linear_h2_5/res_mono_linear_h2_5_3_16_0.dat Generated.
pyscript : output ./result_temp/linear_h2_5/res_mono_linear_h2_5_4_16_0.dat Generated.
it=16	mon=[4]	energy=-1.329481
it=16	mon=[3]	energy=-1.470922
pyscript : output ./result_temp/linear_h2_5/res_mono_linear_h2_5_0_16_0.dat Generated.
pyscript : output ./result_temp/linear_h2_5/res_mono_linear_h2_5_1_16_0.dat Generated.
pyscript : output ./result_temp/linear_h2_5/res_mono_linear_h2_5_2_16_0.dat Generated.
it=16	mon=[0]	energy=-1.417983
it=16	mon=[2]	energy=-1.559410
it=16	mon=[1]	energy=-1.556752
##SCC itera=16  conv=7  energy =      -7.33454784  energy0 =      -5.68492506  (  28.276126 )
./integ_temp/linear_h2_5/int_mono_linear_h2_5_0_17_0.dat -> 7 eris
./integ_temp/linear_h2_5/int_mono_linear_h2_5_1_17_0.dat -> 7 eris
./integ_temp/linear_h2_5/int_mono_linear_h2_5_3_17_0.dat -> 7 eris
./integ_temp/linear_h2_5/int_mono_linear_h2_5_4_17_0.dat -> 7 eris
./integ_temp/linear_h2_5/int_mono_linear_h2_5_2_17_0.dat -> 7 eris
pyscript : VQE for ./integ_temp/linear_h2_5/int_mono_linear_h2_5_3_17_0.dat spawned.
pyscript : VQE for ./integ_temp/linear_h2_5/int_mono_linear_h2_5_2_17_0.dat spawned.
pyscript : VQE for ./integ_temp/linear_h2_5/int_mono_linear_h2_5_0_17_0.dat spawned.
pyscript : VQE for ./integ_temp/linear_h2_5/int_mono_linear_h2_5_1_17_0.dat spawned.
pyscript : VQE for ./integ_temp/linear_h2_5/int_mono_linear_h2_5_4_17_0.dat spawned.
pyscript : output ./result_temp/linear_h2_5/res_mono_linear_h2_5_3_17_0.dat Generated.
it=17	mon=[3]	energy=-1.470922
pyscript : output ./result_temp/linear_h2_5/res_mono_linear_h2_5_4_17_0.dat Generated.
it=17	mon=[4]	energy=-1.329481
pyscript : output ./result_temp/linear_h2_5/res_mono_linear_h2_5_2_17_0.dat Generated.
pyscript : output ./result_temp/linear_h2_5/res_mono_linear_h2_5_0_17_0.dat Generated.
it=17	mon=[2]	energy=-1.559408
it=17	mon=[0]	energy=-1.417983
pyscript : output ./result_temp/linear_h2_5/res_mono_linear_h2_5_1_17_0.dat Generated.
it=17	mon=[1]	energy=-1.556750
##SCC itera=17  conv=7  energy =      -7.33454370  energy0 =      -5.68492326  (  29.436127 )
./integ_temp/linear_h2_5/int_mono_linear_h2_5_1_18_0.dat -> 7 eris
./integ_temp/linear_h2_5/int_mono_linear_h2_5_2_18_0.dat -> 7 eris
./integ_temp/linear_h2_5/int_mono_linear_h2_5_0_18_0.dat -> 7 eris
./integ_temp/linear_h2_5/int_mono_linear_h2_5_4_18_0.dat -> 7 eris
./integ_temp/linear_h2_5/int_mono_linear_h2_5_3_18_0.dat -> 7 eris
pyscript : VQE for ./integ_temp/linear_h2_5/int_mono_linear_h2_5_3_18_0.dat spawned.
pyscript : VQE for ./integ_temp/linear_h2_5/int_mono_linear_h2_5_1_18_0.dat spawned.
pyscript : VQE for ./integ_temp/linear_h2_5/int_mono_linear_h2_5_2_18_0.dat spawned.
pyscript : VQE for ./integ_temp/linear_h2_5/int_mono_linear_h2_5_0_18_0.dat spawned.
pyscript : VQE for ./integ_temp/linear_h2_5/int_mono_linear_h2_5_4_18_0.dat spawned.
pyscript : output ./result_temp/linear_h2_5/res_mono_linear_h2_5_3_18_0.dat Generated.
it=18	mon=[3]	energy=-1.470924
pyscript : output ./result_temp/linear_h2_5/res_mono_linear_h2_5_4_18_0.dat Generated.
it=18	mon=[4]	energy=-1.329483
pyscript : output ./result_temp/linear_h2_5/res_mono_linear_h2_5_2_18_0.dat Generated.
pyscript : output ./result_temp/linear_h2_5/res_mono_linear_h2_5_0_18_0.dat Generated.
it=18	mon=[2]	energy=-1.559410
it=18	mon=[0]	energy=-1.417983
pyscript : output ./result_temp/linear_h2_5/res_mono_linear_h2_5_1_18_0.dat Generated.
it=18	mon=[1]	energy=-1.556754
##SCC itera=18  conv=7  energy =      -7.33455381  energy0 =      -5.68492499  (  31.332338 )
./integ_temp/linear_h2_5/int_mono_linear_h2_5_1_19_0.dat -> 7 eris
./integ_temp/linear_h2_5/int_mono_linear_h2_5_2_19_0.dat -> 7 eris
./integ_temp/linear_h2_5/int_mono_linear_h2_5_3_19_0.dat -> 7 eris
./integ_temp/linear_h2_5/int_mono_linear_h2_5_0_19_0.dat -> 7 eris
./integ_temp/linear_h2_5/int_mono_linear_h2_5_4_19_0.dat -> 7 eris
pyscript : VQE for ./integ_temp/linear_h2_5/int_mono_linear_h2_5_4_19_0.dat spawned.
pyscript : VQE for ./integ_temp/linear_h2_5/int_mono_linear_h2_5_1_19_0.dat spawned.
pyscript : VQE for ./integ_temp/linear_h2_5/int_mono_linear_h2_5_2_19_0.dat spawned.
pyscript : VQE for ./integ_temp/linear_h2_5/int_mono_linear_h2_5_0_19_0.dat spawned.
pyscript : output ./result_temp/linear_h2_5/res_mono_linear_h2_5_4_19_0.dat Generated.
pyscript : VQE for ./integ_temp/linear_h2_5/int_mono_linear_h2_5_3_19_0.dat spawned.
it=19	mon=[4]	energy=-1.329481
pyscript : output ./result_temp/linear_h2_5/res_mono_linear_h2_5_3_19_0.dat Generated.
it=19	mon=[3]	energy=-1.470922
pyscript : output ./result_temp/linear_h2_5/res_mono_linear_h2_5_2_19_0.dat Generated.
pyscript : output ./result_temp/linear_h2_5/res_mono_linear_h2_5_0_19_0.dat Generated.
it=19	mon=[2]	energy=-1.559408
pyscript : output ./result_temp/linear_h2_5/res_mono_linear_h2_5_1_19_0.dat Generated.
it=19	mon=[0]	energy=-1.417983
it=19	mon=[1]	energy=-1.556750
##SCC itera=19  conv=7  energy =      -7.33454381  energy0 =      -5.68492499  (  27.216252 )
==== SCC converged ====
##T         ---- Finish SCC procedure ---- : lap time= 455.362232 ( total etime= 456.512317 )
./integ_temp/linear_h2_5/int_dim_linear_h2_5_3-0_130_0.dat -> 65 eris
./integ_temp/linear_h2_5/int_dim_linear_h2_5_2-0_130_0.dat -> 65 eris
./integ_temp/linear_h2_5/int_dim_linear_h2_5_1-0_130_0.dat -> 65 eris
./integ_temp/linear_h2_5/int_dim_linear_h2_5_2-1_130_0.dat -> 65 eris
./integ_temp/linear_h2_5/int_dim_linear_h2_5_3-1_130_0.dat -> 65 eris
pyscript : VQE for ./integ_temp/linear_h2_5/int_dim_linear_h2_5_3-0_130_0.dat spawned.
pyscript : VQE for ./integ_temp/linear_h2_5/int_dim_linear_h2_5_2-0_130_0.dat spawned.
pyscript : VQE for ./integ_temp/linear_h2_5/int_dim_linear_h2_5_1-0_130_0.dat spawned.
pyscript : VQE for ./integ_temp/linear_h2_5/int_dim_linear_h2_5_2-1_130_0.dat spawned.
pyscript : VQE for ./integ_temp/linear_h2_5/int_dim_linear_h2_5_3-1_130_0.dat spawned.
pyscript : output ./result_temp/linear_h2_5/res_dim_linear_h2_5_3-0_130_0.dat Generated.
it=130	mon=[3, 0]	energy=-2.778100
# E=    -2.7780998756 E-DV=    -2.2737226235 DV=    -0.5043772522 DDV=     0.0001846240
./integ_temp/linear_h2_5/int_dim_linear_h2_5_3-2_130_0.dat -> 65 eris
pyscript : VQE for ./integ_temp/linear_h2_5/int_dim_linear_h2_5_3-2_130_0.dat spawned.
pyscript : output ./result_temp/linear_h2_5/res_dim_linear_h2_5_3-1_130_0.dat Generated.
it=130	mon=[3, 1]	energy=-2.865749
# E=    -2.8657485117 E-DV=    -2.2739890850 DV=    -0.5917594267 DDV=     0.0002358633
./integ_temp/linear_h2_5/int_dim_linear_h2_5_4-0_130_0.dat -> 65 eris
pyscript : VQE for ./integ_temp/linear_h2_5/int_dim_linear_h2_5_4-0_130_0.dat spawned.
pyscript : output ./result_temp/linear_h2_5/res_dim_linear_h2_5_2-0_130_0.dat Generated.
it=130	mon=[2, 0]	energy=-2.807708
# E=    -2.8077083062 E-DV=    -2.2741733876 DV=    -0.5335349186 DDV=     0.0002508554
./integ_temp/linear_h2_5/int_dim_linear_h2_5_4-1_130_0.dat -> 65 eris
pyscript : VQE for ./integ_temp/linear_h2_5/int_dim_linear_h2_5_4-1_130_0.dat spawned.
pyscript : output ./result_temp/linear_h2_5/res_dim_linear_h2_5_4-0_130_0.dat Generated.
it=130	mon=[4, 0]	energy=-2.652013
# E=    -2.6520126388 E-DV=    -2.2741234129 DV=    -0.3778892259 DDV=     0.0000893393
./integ_temp/linear_h2_5/int_dim_linear_h2_5_4-2_130_0.dat -> 65 eris
pyscript : VQE for ./integ_temp/linear_h2_5/int_dim_linear_h2_5_4-2_130_0.dat spawned.
pyscript : output ./result_temp/linear_h2_5/res_dim_linear_h2_5_4-1_130_0.dat Generated.
it=130	mon=[4, 1]	energy=-2.754406
# E=    -2.7544057391 E-DV=    -2.2743163500 DV=    -0.4800893891 DDV=     0.0000689766
./integ_temp/linear_h2_5/int_dim_linear_h2_5_4-3_130_0.dat -> 65 eris
pyscript : VQE for ./integ_temp/linear_h2_5/int_dim_linear_h2_5_4-3_130_0.dat spawned.
pyscript : output ./result_temp/linear_h2_5/res_dim_linear_h2_5_4-2_130_0.dat Generated.
it=130	mon=[4, 2]	energy=-2.660034
# E=    -2.6600338909 E-DV=    -2.2738703114 DV=    -0.3861635796 DDV=    -0.0004399720
pyscript : output ./result_temp/linear_h2_5/res_dim_linear_h2_5_1-0_130_0.dat Generated.
it=130	mon=[1, 0]	energy=-2.625229
# E=    -2.6252293775 E-DV=    -2.2738153093 DV=    -0.3514140682 DDV=    -0.0004315397
pyscript : output ./result_temp/linear_h2_5/res_dim_linear_h2_5_3-2_130_0.dat Generated.
it=130	mon=[3, 2]	energy=-2.703027
# E=    -2.7030266394 E-DV=    -2.2735834647 DV=    -0.4294431747 DDV=    -0.0002677503
pyscript : output ./result_temp/linear_h2_5/res_dim_linear_h2_5_2-1_130_0.dat Generated.
it=130	mon=[2, 1]	energy=-2.779688
# E=    -2.7796877414 E-DV=    -2.2739002131 DV=    -0.5057875282 DDV=    -0.0005405588
pyscript : output ./result_temp/linear_h2_5/res_dim_linear_h2_5_4-3_130_0.dat Generated.
it=130	mon=[4, 3]	energy=-2.527589
# E=    -2.5275886669 E-DV=    -2.2740909942 DV=    -0.2534976727 DDV=     0.0002611570
##T    ---- Finish to Calc. Dimer SCF ---- : lap time= 1834.537749 ( total etime= 2291.050095 )
       ( # of scf dimer = 10 )
        dE0(SCF dimer) =      -0.00047420
##T     ---- Finish to Calc. ES Dimer ---- : lap time=   0.003839 ( total etime= 2291.053954 )
    (# of ES dimer = 0)
    dE0(ES dimer) =       0.00000000
    total energy(FMO) =      -5.68539919
##T  -- All workers have been destroyed -- : lap time=   0.003993 ( total etime= 2291.057962 )
---- ATOMIC POPULATION DATA -----
   SN AN  ATOMIC POP  NET CHARGE
---------------------------------
    1  1       0.999       0.001
    2  1       1.001      -0.001
    3  1       1.006      -0.006
    4  1       0.994       0.006
    5  1       1.023      -0.023
    6  1       0.978       0.022
    7  1       0.972       0.028
    8  1       1.028      -0.028
    9  1       0.995       0.005
   10  1       1.005      -0.005
---------------------------------
total charge =     -0.000
---------------------------------
##T    -- calc AO and atomic population -- : lap time=   0.000133 ( total etime= 2291.058104 )
##T   -- All mservs have been destroyed -- : lap time=   0.000012 ( total etime= 2291.058121 )
