Will Run VQE
ngroup       = 6
nioprocs     = 1
niogroup     = 1
nmaxprocs    = 8
group size   = 1
# of threads = 24
nintic       = 2048
input file name       = ./samples/h2_multimer/linear_H2_6.inp
prefix of output file = 
local input dir.      = ./
# of total invoked procs = 8 (=1iog*1iop+1+6gr*1pr)
master host name = gwonhaklee-System-Product-Name
-----------------------------------------------------
 # of data = 11
nfrag = 6
##T                  Finish Initialization : lap time=   0.000166 ( total etime=   0.000166 )
****** LIST OF HOST NAME (MSERV(ID=0))******
rank=  0 : gwonhaklee-System-Product-Name
********************************
##T        Finish to Create Memory Servers : lap time=   0.039831 ( total etime=   0.040010 )
****** LIST OF HOST NAME (WORKER(ID=0)) ******
rank=  0 : gwonhaklee-System-Product-Name
********************************
****** LIST OF HOST NAME (WORKER(ID=1)) ******
rank=  0 : gwonhaklee-System-Product-Name
********************************
****** LIST OF HOST NAME (WORKER(ID=2)) ******
rank=  0 : gwonhaklee-System-Product-Name
********************************
****** LIST OF HOST NAME (WORKER(ID=3)) ******
rank=  0 : gwonhaklee-System-Product-Name
********************************
****** LIST OF HOST NAME (WORKER(ID=4)) ******
rank=  0 : gwonhaklee-System-Product-Name
********************************
****** LIST OF HOST NAME (WORKER(ID=5)) ******
rank=  0 : gwonhaklee-System-Product-Name
********************************
##T               Finish to Create Workers : lap time=   0.652385 ( total etime=   0.692417 )
##T     Finish to Connect Mservs & Workers : lap time=   0.440069 ( total etime=   1.132508 )
calc. inter-frag distance list = 5
##T    Finish to Calculate Initial Density : lap time=   0.131808 ( total etime=   1.312447 )
---- start SCC (maxscc=30, sccconv=7) ----
./integ_temp/linear_h2_6/int_mono_linear_h2_6_5_1_0.dat -> 7 eris
./integ_temp/linear_h2_6/int_mono_linear_h2_6_2_1_0.dat -> 7 eris
./integ_temp/linear_h2_6/int_mono_linear_h2_6_1_1_0.dat -> 7 eris
./integ_temp/linear_h2_6/int_mono_linear_h2_6_4_1_0.dat -> 7 eris
./integ_temp/linear_h2_6/int_mono_linear_h2_6_3_1_0.dat -> 7 eris
./integ_temp/linear_h2_6/int_mono_linear_h2_6_0_1_0.dat -> 7 eris
pyscript : VQE for ./integ_temp/linear_h2_6/int_mono_linear_h2_6_5_1_0.dat spawned.
pyscript : VQE for ./integ_temp/linear_h2_6/int_mono_linear_h2_6_4_1_0.dat spawned.
pyscript : VQE for ./integ_temp/linear_h2_6/int_mono_linear_h2_6_3_1_0.dat spawned.
pyscript : output ./result_temp/linear_h2_6/res_mono_linear_h2_6_5_1_0.dat Generated.
pyscript : output ./result_temp/linear_h2_6/res_mono_linear_h2_6_4_1_0.dat Generated.
it=1	mon=[5]	energy=-1.352102
pyscript : VQE for ./integ_temp/linear_h2_6/int_mono_linear_h2_6_2_1_0.dat spawned.
pyscript : VQE for ./integ_temp/linear_h2_6/int_mono_linear_h2_6_1_1_0.dat spawned.
pyscript : VQE for ./integ_temp/linear_h2_6/int_mono_linear_h2_6_0_1_0.dat spawned.
it=1	mon=[4]	energy=-1.500396
pyscript : output ./result_temp/linear_h2_6/res_mono_linear_h2_6_3_1_0.dat Generated.
it=1	mon=[3]	energy=-1.605364
pyscript : output ./result_temp/linear_h2_6/res_mono_linear_h2_6_0_1_0.dat Generated.
pyscript : output ./result_temp/linear_h2_6/res_mono_linear_h2_6_2_1_0.dat Generated.
pyscript : output ./result_temp/linear_h2_6/res_mono_linear_h2_6_1_1_0.dat Generated.
it=1	mon=[2]	energy=-1.626405
it=1	mon=[1]	energy=-1.593628
it=1	mon=[0]	energy=-1.452472
##SCC itera= 1  conv=2  energy =      -9.13036793  energy0 =      -6.82217015  (  22.591943 )
./integ_temp/linear_h2_6/int_mono_linear_h2_6_3_2_0.dat -> 7 eris
./integ_temp/linear_h2_6/int_mono_linear_h2_6_2_2_0.dat -> 7 eris
./integ_temp/linear_h2_6/int_mono_linear_h2_6_0_2_0.dat -> 7 eris
./integ_temp/linear_h2_6/int_mono_linear_h2_6_5_2_0.dat -> 7 eris
./integ_temp/linear_h2_6/int_mono_linear_h2_6_4_2_0.dat -> 7 eris
./integ_temp/linear_h2_6/int_mono_linear_h2_6_1_2_0.dat -> 7 eris
pyscript : VQE for ./integ_temp/linear_h2_6/int_mono_linear_h2_6_5_2_0.dat spawned.
pyscript : VQE for ./integ_temp/linear_h2_6/int_mono_linear_h2_6_4_2_0.dat spawned.
pyscript : VQE for ./integ_temp/linear_h2_6/int_mono_linear_h2_6_3_2_0.dat spawned.
pyscript : output ./result_temp/linear_h2_6/res_mono_linear_h2_6_5_2_0.dat Generated.
it=2	mon=[5]	energy=-1.363192
pyscript : VQE for ./integ_temp/linear_h2_6/int_mono_linear_h2_6_0_2_0.dat spawned.
pyscript : VQE for ./integ_temp/linear_h2_6/int_mono_linear_h2_6_1_2_0.dat spawned.
pyscript : VQE for ./integ_temp/linear_h2_6/int_mono_linear_h2_6_2_2_0.dat spawned.
pyscript : output ./result_temp/linear_h2_6/res_mono_linear_h2_6_4_2_0.dat Generated.
it=2	mon=[4]	energy=-1.513392
pyscript : output ./result_temp/linear_h2_6/res_mono_linear_h2_6_3_2_0.dat Generated.
it=2	mon=[3]	energy=-1.615314
pyscript : output ./result_temp/linear_h2_6/res_mono_linear_h2_6_0_2_0.dat Generated.
pyscript : output ./result_temp/linear_h2_6/res_mono_linear_h2_6_2_2_0.dat Generated.
pyscript : output ./result_temp/linear_h2_6/res_mono_linear_h2_6_1_2_0.dat Generated.
it=2	mon=[0]	energy=-1.461297
it=2	mon=[2]	energy=-1.642174
it=2	mon=[1]	energy=-1.613513
##SCC itera= 2  conv=2  energy =      -9.20888040  energy0 =      -6.82204200  (  24.672108 )
./integ_temp/linear_h2_6/int_mono_linear_h2_6_4_3_0.dat -> 7 eris
./integ_temp/linear_h2_6/int_mono_linear_h2_6_5_3_0.dat -> 7 eris
./integ_temp/linear_h2_6/int_mono_linear_h2_6_3_3_0.dat -> 7 eris
./integ_temp/linear_h2_6/int_mono_linear_h2_6_1_3_0.dat -> 7 eris
./integ_temp/linear_h2_6/int_mono_linear_h2_6_2_3_0.dat -> 7 eris
./integ_temp/linear_h2_6/int_mono_linear_h2_6_0_3_0.dat -> 7 eris
pyscript : VQE for ./integ_temp/linear_h2_6/int_mono_linear_h2_6_5_3_0.dat spawned.
pyscript : VQE for ./integ_temp/linear_h2_6/int_mono_linear_h2_6_4_3_0.dat spawned.
pyscript : VQE for ./integ_temp/linear_h2_6/int_mono_linear_h2_6_3_3_0.dat spawned.
pyscript : output ./result_temp/linear_h2_6/res_mono_linear_h2_6_5_3_0.dat Generated.
pyscript : VQE for ./integ_temp/linear_h2_6/int_mono_linear_h2_6_0_3_0.dat spawned.
pyscript : VQE for ./integ_temp/linear_h2_6/int_mono_linear_h2_6_1_3_0.dat spawned.
pyscript : VQE for ./integ_temp/linear_h2_6/int_mono_linear_h2_6_2_3_0.dat spawned.
it=3	mon=[5]	energy=-1.362368
pyscript : output ./result_temp/linear_h2_6/res_mono_linear_h2_6_4_3_0.dat Generated.
it=3	mon=[4]	energy=-1.511607
pyscript : output ./result_temp/linear_h2_6/res_mono_linear_h2_6_3_3_0.dat Generated.
pyscript : output ./result_temp/linear_h2_6/res_mono_linear_h2_6_0_3_0.dat Generated.
it=3	mon=[3]	energy=-1.613739
pyscript : output ./result_temp/linear_h2_6/res_mono_linear_h2_6_1_3_0.dat Generated.
it=3	mon=[0]	energy=-1.459597
pyscript : output ./result_temp/linear_h2_6/res_mono_linear_h2_6_2_3_0.dat Generated.
it=3	mon=[1]	energy=-1.611990
##SCC itera= 3  conv=4  energy =      -9.19938350  energy0 =      -6.82204872  (  30.700314 )
it=3	mon=[2]	energy=-1.640082
./integ_temp/linear_h2_6/int_mono_linear_h2_6_2_4_0.dat -> 7 eris
./integ_temp/linear_h2_6/int_mono_linear_h2_6_3_4_0.dat -> 7 eris
./integ_temp/linear_h2_6/int_mono_linear_h2_6_1_4_0.dat -> 7 eris
./integ_temp/linear_h2_6/int_mono_linear_h2_6_0_4_0.dat -> 7 eris
./integ_temp/linear_h2_6/int_mono_linear_h2_6_5_4_0.dat -> 7 eris
./integ_temp/linear_h2_6/int_mono_linear_h2_6_4_4_0.dat -> 7 eris
pyscript : VQE for ./integ_temp/linear_h2_6/int_mono_linear_h2_6_3_4_0.dat spawned.
pyscript : VQE for ./integ_temp/linear_h2_6/int_mono_linear_h2_6_5_4_0.dat spawned.
pyscript : VQE for ./integ_temp/linear_h2_6/int_mono_linear_h2_6_4_4_0.dat spawned.
pyscript : VQE for ./integ_temp/linear_h2_6/int_mono_linear_h2_6_2_4_0.dat spawned.
pyscript : VQE for ./integ_temp/linear_h2_6/int_mono_linear_h2_6_1_4_0.dat spawned.
pyscript : VQE for ./integ_temp/linear_h2_6/int_mono_linear_h2_6_0_4_0.dat spawned.
pyscript : output ./result_temp/linear_h2_6/res_mono_linear_h2_6_4_4_0.dat Generated.
it=4	mon=[4]	energy=-1.511540
pyscript : output ./result_temp/linear_h2_6/res_mono_linear_h2_6_2_4_0.dat Generated.
it=4	mon=[2]	energy=-1.640020
pyscript : output ./result_temp/linear_h2_6/res_mono_linear_h2_6_3_4_0.dat Generated.
pyscript : output ./result_temp/linear_h2_6/res_mono_linear_h2_6_5_4_0.dat Generated.
it=4	mon=[3]	energy=-1.613687
it=4	mon=[5]	energy=-1.362314
pyscript : output ./result_temp/linear_h2_6/res_mono_linear_h2_6_0_4_0.dat Generated.
pyscript : output ./result_temp/linear_h2_6/res_mono_linear_h2_6_1_4_0.dat Generated.
it=4	mon=[0]	energy=-1.459480
it=4	mon=[1]	energy=-1.611926
##SCC itera= 4  conv=6  energy =      -9.19896659  energy0 =      -6.82195776  (  30.676143 )
./integ_temp/linear_h2_6/int_mono_linear_h2_6_5_5_0.dat -> 7 eris
./integ_temp/linear_h2_6/int_mono_linear_h2_6_0_5_0.dat -> 7 eris
./integ_temp/linear_h2_6/int_mono_linear_h2_6_2_5_0.dat -> 7 eris
./integ_temp/linear_h2_6/int_mono_linear_h2_6_1_5_0.dat -> 7 eris
./integ_temp/linear_h2_6/int_mono_linear_h2_6_4_5_0.dat -> 7 eris
./integ_temp/linear_h2_6/int_mono_linear_h2_6_3_5_0.dat -> 7 eris
pyscript : VQE for ./integ_temp/linear_h2_6/int_mono_linear_h2_6_5_5_0.dat spawned.
pyscript : VQE for ./integ_temp/linear_h2_6/int_mono_linear_h2_6_0_5_0.dat spawned.
pyscript : VQE for ./integ_temp/linear_h2_6/int_mono_linear_h2_6_1_5_0.dat spawned.
pyscript : VQE for ./integ_temp/linear_h2_6/int_mono_linear_h2_6_2_5_0.dat spawned.
pyscript : output ./result_temp/linear_h2_6/res_mono_linear_h2_6_5_5_0.dat Generated.
pyscript : VQE for ./integ_temp/linear_h2_6/int_mono_linear_h2_6_4_5_0.dat spawned.
it=5	mon=[5]	energy=-1.362304
pyscript : VQE for ./integ_temp/linear_h2_6/int_mono_linear_h2_6_3_5_0.dat spawned.
pyscript : output ./result_temp/linear_h2_6/res_mono_linear_h2_6_4_5_0.dat Generated.
it=5	mon=[4]	energy=-1.511527
pyscript : output ./result_temp/linear_h2_6/res_mono_linear_h2_6_0_5_0.dat Generated.
pyscript : output ./result_temp/linear_h2_6/res_mono_linear_h2_6_3_5_0.dat Generated.
pyscript : output ./result_temp/linear_h2_6/res_mono_linear_h2_6_1_5_0.dat Generated.
pyscript : output ./result_temp/linear_h2_6/res_mono_linear_h2_6_2_5_0.dat Generated.
it=5	mon=[3]	energy=-1.613684
it=5	mon=[0]	energy=-1.459471
it=5	mon=[1]	energy=-1.611906
it=5	mon=[2]	energy=-1.639992
##SCC itera= 5  conv=6  energy =      -9.19888402  energy0 =      -6.82205243  (  31.944259 )
./integ_temp/linear_h2_6/int_mono_linear_h2_6_1_6_0.dat -> 7 eris
./integ_temp/linear_h2_6/int_mono_linear_h2_6_5_6_0.dat -> 7 eris
./integ_temp/linear_h2_6/int_mono_linear_h2_6_3_6_0.dat -> 7 eris
./integ_temp/linear_h2_6/int_mono_linear_h2_6_0_6_0.dat -> 7 eris
./integ_temp/linear_h2_6/int_mono_linear_h2_6_2_6_0.dat -> 7 eris
./integ_temp/linear_h2_6/int_mono_linear_h2_6_4_6_0.dat -> 7 eris
pyscript : VQE for ./integ_temp/linear_h2_6/int_mono_linear_h2_6_5_6_0.dat spawned.
pyscript : VQE for ./integ_temp/linear_h2_6/int_mono_linear_h2_6_3_6_0.dat spawned.
pyscript : VQE for ./integ_temp/linear_h2_6/int_mono_linear_h2_6_1_6_0.dat spawned.
pyscript : VQE for ./integ_temp/linear_h2_6/int_mono_linear_h2_6_0_6_0.dat spawned.
pyscript : VQE for ./integ_temp/linear_h2_6/int_mono_linear_h2_6_2_6_0.dat spawned.
pyscript : VQE for ./integ_temp/linear_h2_6/int_mono_linear_h2_6_4_6_0.dat spawned.
pyscript : output ./result_temp/linear_h2_6/res_mono_linear_h2_6_5_6_0.dat Generated.
it=6	mon=[5]	energy=-1.362316
pyscript : output ./result_temp/linear_h2_6/res_mono_linear_h2_6_3_6_0.dat Generated.
it=6	mon=[3]	energy=-1.613688
pyscript : output ./result_temp/linear_h2_6/res_mono_linear_h2_6_4_6_0.dat Generated.
it=6	mon=[4]	energy=-1.511545
pyscript : output ./result_temp/linear_h2_6/res_mono_linear_h2_6_0_6_0.dat Generated.
pyscript : output ./result_temp/linear_h2_6/res_mono_linear_h2_6_2_6_0.dat Generated.
pyscript : output ./result_temp/linear_h2_6/res_mono_linear_h2_6_1_6_0.dat Generated.
it=6	mon=[0]	energy=-1.459483
it=6	mon=[2]	energy=-1.640024
it=6	mon=[1]	energy=-1.611924
##SCC itera= 6  conv=6  energy =      -9.19897930  energy0 =      -6.82204800  (  34.312175 )
./integ_temp/linear_h2_6/int_mono_linear_h2_6_2_7_0.dat -> 7 eris
./integ_temp/linear_h2_6/int_mono_linear_h2_6_4_7_0.dat -> 7 eris
./integ_temp/linear_h2_6/int_mono_linear_h2_6_0_7_0.dat -> 7 eris
./integ_temp/linear_h2_6/int_mono_linear_h2_6_5_7_0.dat -> 7 eris
./integ_temp/linear_h2_6/int_mono_linear_h2_6_1_7_0.dat -> 7 eris
./integ_temp/linear_h2_6/int_mono_linear_h2_6_3_7_0.dat -> 7 eris
pyscript : VQE for ./integ_temp/linear_h2_6/int_mono_linear_h2_6_4_7_0.dat spawned.
pyscript : VQE for ./integ_temp/linear_h2_6/int_mono_linear_h2_6_3_7_0.dat spawned.
pyscript : VQE for ./integ_temp/linear_h2_6/int_mono_linear_h2_6_5_7_0.dat spawned.
pyscript : VQE for ./integ_temp/linear_h2_6/int_mono_linear_h2_6_0_7_0.dat spawned.
pyscript : VQE for ./integ_temp/linear_h2_6/int_mono_linear_h2_6_2_7_0.dat spawned.
pyscript : output ./result_temp/linear_h2_6/res_mono_linear_h2_6_4_7_0.dat Generated.
pyscript : VQE for ./integ_temp/linear_h2_6/int_mono_linear_h2_6_1_7_0.dat spawned.
it=7	mon=[4]	energy=-1.511534
pyscript : output ./result_temp/linear_h2_6/res_mono_linear_h2_6_3_7_0.dat Generated.
it=7	mon=[3]	energy=-1.613673
pyscript : output ./result_temp/linear_h2_6/res_mono_linear_h2_6_5_7_0.dat Generated.
it=7	mon=[5]	energy=-1.362306
pyscript : output ./result_temp/linear_h2_6/res_mono_linear_h2_6_0_7_0.dat Generated.
pyscript : output ./result_temp/linear_h2_6/res_mono_linear_h2_6_2_7_0.dat Generated.
it=7	mon=[0]	energy=-1.459483
it=7	mon=[2]	energy=-1.640002
pyscript : output ./result_temp/linear_h2_6/res_mono_linear_h2_6_1_7_0.dat Generated.
it=7	mon=[1]	energy=-1.611884
##SCC itera= 7  conv=7  energy =      -9.19888144  energy0 =      -6.82194647  (  34.308068 )
./integ_temp/linear_h2_6/int_mono_linear_h2_6_4_8_0.dat -> 7 eris
./integ_temp/linear_h2_6/int_mono_linear_h2_6_3_8_0.dat -> 7 eris
./integ_temp/linear_h2_6/int_mono_linear_h2_6_1_8_0.dat -> 7 eris
./integ_temp/linear_h2_6/int_mono_linear_h2_6_5_8_0.dat -> 7 eris
./integ_temp/linear_h2_6/int_mono_linear_h2_6_2_8_0.dat -> 7 eris
./integ_temp/linear_h2_6/int_mono_linear_h2_6_0_8_0.dat -> 7 eris
pyscript : VQE for ./integ_temp/linear_h2_6/int_mono_linear_h2_6_4_8_0.dat spawned.
pyscript : VQE for ./integ_temp/linear_h2_6/int_mono_linear_h2_6_5_8_0.dat spawned.
pyscript : output ./result_temp/linear_h2_6/res_mono_linear_h2_6_4_8_0.dat Generated.
pyscript : VQE for ./integ_temp/linear_h2_6/int_mono_linear_h2_6_1_8_0.dat spawned.
pyscript : VQE for ./integ_temp/linear_h2_6/int_mono_linear_h2_6_0_8_0.dat spawned.
pyscript : VQE for ./integ_temp/linear_h2_6/int_mono_linear_h2_6_2_8_0.dat spawned.
pyscript : VQE for ./integ_temp/linear_h2_6/int_mono_linear_h2_6_3_8_0.dat spawned.
it=8	mon=[4]	energy=-1.511536
pyscript : output ./result_temp/linear_h2_6/res_mono_linear_h2_6_1_8_0.dat Generated.
it=8	mon=[1]	energy=-1.611884
pyscript : output ./result_temp/linear_h2_6/res_mono_linear_h2_6_5_8_0.dat Generated.
it=8	mon=[5]	energy=-1.362308
pyscript : output ./result_temp/linear_h2_6/res_mono_linear_h2_6_3_8_0.dat Generated.
pyscript : output ./result_temp/linear_h2_6/res_mono_linear_h2_6_2_8_0.dat Generated.
pyscript : output ./result_temp/linear_h2_6/res_mono_linear_h2_6_0_8_0.dat Generated.
it=8	mon=[3]	energy=-1.613674
it=8	mon=[2]	energy=-1.640002
##SCC itera= 8  conv=7  energy =      -9.19888810  energy0 =      -6.82196834  (  31.264298 )
it=8	mon=[0]	energy=-1.459484
./integ_temp/linear_h2_6/int_mono_linear_h2_6_1_9_0.dat -> 7 eris
./integ_temp/linear_h2_6/int_mono_linear_h2_6_5_9_0.dat -> 7 eris
./integ_temp/linear_h2_6/int_mono_linear_h2_6_3_9_0.dat -> 7 eris
./integ_temp/linear_h2_6/int_mono_linear_h2_6_0_9_0.dat -> 7 eris
./integ_temp/linear_h2_6/int_mono_linear_h2_6_2_9_0.dat -> 7 eris
./integ_temp/linear_h2_6/int_mono_linear_h2_6_4_9_0.dat -> 7 eris
pyscript : VQE for ./integ_temp/linear_h2_6/int_mono_linear_h2_6_5_9_0.dat spawned.
pyscript : VQE for ./integ_temp/linear_h2_6/int_mono_linear_h2_6_4_9_0.dat spawned.
pyscript : VQE for ./integ_temp/linear_h2_6/int_mono_linear_h2_6_3_9_0.dat spawned.
pyscript : VQE for ./integ_temp/linear_h2_6/int_mono_linear_h2_6_0_9_0.dat spawned.
pyscript : VQE for ./integ_temp/linear_h2_6/int_mono_linear_h2_6_1_9_0.dat spawned.
pyscript : VQE for ./integ_temp/linear_h2_6/int_mono_linear_h2_6_2_9_0.dat spawned.
pyscript : output ./result_temp/linear_h2_6/res_mono_linear_h2_6_4_9_0.dat Generated.
it=9	mon=[4]	energy=-1.511536
pyscript : output ./result_temp/linear_h2_6/res_mono_linear_h2_6_5_9_0.dat Generated.
it=9	mon=[5]	energy=-1.362308
pyscript : output ./result_temp/linear_h2_6/res_mono_linear_h2_6_2_9_0.dat Generated.
pyscript : output ./result_temp/linear_h2_6/res_mono_linear_h2_6_0_9_0.dat Generated.
pyscript : output ./result_temp/linear_h2_6/res_mono_linear_h2_6_1_9_0.dat Generated.
it=9	mon=[2]	energy=-1.640002
it=9	mon=[0]	energy=-1.459484
pyscript : output ./result_temp/linear_h2_6/res_mono_linear_h2_6_3_9_0.dat Generated.
it=9	mon=[1]	energy=-1.611886
it=9	mon=[3]	energy=-1.613674
##SCC itera= 9  conv=7  energy =      -9.19889006  energy0 =      -6.82196912  (  33.948348 )
./integ_temp/linear_h2_6/int_mono_linear_h2_6_3_10_0.dat -> 7 eris
./integ_temp/linear_h2_6/int_mono_linear_h2_6_0_10_0.dat -> 7 eris
./integ_temp/linear_h2_6/int_mono_linear_h2_6_1_10_0.dat -> 7 eris
./integ_temp/linear_h2_6/int_mono_linear_h2_6_5_10_0.dat -> 7 eris
./integ_temp/linear_h2_6/int_mono_linear_h2_6_2_10_0.dat -> 7 eris
./integ_temp/linear_h2_6/int_mono_linear_h2_6_4_10_0.dat -> 7 eris
pyscript : VQE for ./integ_temp/linear_h2_6/int_mono_linear_h2_6_3_10_0.dat spawned.
pyscript : VQE for ./integ_temp/linear_h2_6/int_mono_linear_h2_6_5_10_0.dat spawned.
pyscript : VQE for ./integ_temp/linear_h2_6/int_mono_linear_h2_6_0_10_0.dat spawned.
pyscript : VQE for ./integ_temp/linear_h2_6/int_mono_linear_h2_6_1_10_0.dat spawned.
pyscript : VQE for ./integ_temp/linear_h2_6/int_mono_linear_h2_6_2_10_0.dat spawned.
pyscript : VQE for ./integ_temp/linear_h2_6/int_mono_linear_h2_6_4_10_0.dat spawned.
pyscript : output ./result_temp/linear_h2_6/res_mono_linear_h2_6_3_10_0.dat Generated.
it=10	mon=[3]	energy=-1.613669
pyscript : output ./result_temp/linear_h2_6/res_mono_linear_h2_6_4_10_0.dat Generated.
pyscript : output ./result_temp/linear_h2_6/res_mono_linear_h2_6_1_10_0.dat Generated.
it=10	mon=[4]	energy=-1.511534
it=10	mon=[1]	energy=-1.611886
pyscript : output ./result_temp/linear_h2_6/res_mono_linear_h2_6_5_10_0.dat Generated.
it=10	mon=[5]	energy=-1.362306
pyscript : output ./result_temp/linear_h2_6/res_mono_linear_h2_6_0_10_0.dat Generated.
pyscript : output ./result_temp/linear_h2_6/res_mono_linear_h2_6_2_10_0.dat Generated.
it=10	mon=[0]	energy=-1.459475
it=10	mon=[2]	energy=-1.639994
##SCC itera=10  conv=7  energy =      -9.19886341  energy0 =      -6.82194576  (  33.272265 )
./integ_temp/linear_h2_6/int_mono_linear_h2_6_1_11_0.dat -> 7 eris
./integ_temp/linear_h2_6/int_mono_linear_h2_6_2_11_0.dat -> 7 eris
./integ_temp/linear_h2_6/int_mono_linear_h2_6_0_11_0.dat -> 7 eris
./integ_temp/linear_h2_6/int_mono_linear_h2_6_3_11_0.dat -> 7 eris
./integ_temp/linear_h2_6/int_mono_linear_h2_6_5_11_0.dat -> 7 eris
./integ_temp/linear_h2_6/int_mono_linear_h2_6_4_11_0.dat -> 7 eris
pyscript : VQE for ./integ_temp/linear_h2_6/int_mono_linear_h2_6_3_11_0.dat spawned.
pyscript : VQE for ./integ_temp/linear_h2_6/int_mono_linear_h2_6_5_11_0.dat spawned.
pyscript : VQE for ./integ_temp/linear_h2_6/int_mono_linear_h2_6_2_11_0.dat spawned.
pyscript : VQE for ./integ_temp/linear_h2_6/int_mono_linear_h2_6_1_11_0.dat spawned.
pyscript : VQE for ./integ_temp/linear_h2_6/int_mono_linear_h2_6_0_11_0.dat spawned.
pyscript : VQE for ./integ_temp/linear_h2_6/int_mono_linear_h2_6_4_11_0.dat spawned.
pyscript : output ./result_temp/linear_h2_6/res_mono_linear_h2_6_1_11_0.dat Generated.
pyscript : output ./result_temp/linear_h2_6/res_mono_linear_h2_6_4_11_0.dat Generated.
it=11	mon=[1]	energy=-1.611884
it=11	mon=[4]	energy=-1.511536
pyscript : output ./result_temp/linear_h2_6/res_mono_linear_h2_6_3_11_0.dat Generated.
pyscript : output ./result_temp/linear_h2_6/res_mono_linear_h2_6_5_11_0.dat Generated.
it=11	mon=[3]	energy=-1.613674
it=11	mon=[5]	energy=-1.362308
pyscript : output ./result_temp/linear_h2_6/res_mono_linear_h2_6_0_11_0.dat Generated.
pyscript : output ./result_temp/linear_h2_6/res_mono_linear_h2_6_2_11_0.dat Generated.
it=11	mon=[2]	energy=-1.640002
it=11	mon=[0]	energy=-1.459484
##SCC itera=11  conv=7  energy =      -9.19888810  energy0 =      -6.82196636  (  29.696162 )
./integ_temp/linear_h2_6/int_mono_linear_h2_6_2_12_0.dat -> 7 eris
./integ_temp/linear_h2_6/int_mono_linear_h2_6_1_12_0.dat -> 7 eris
./integ_temp/linear_h2_6/int_mono_linear_h2_6_0_12_0.dat -> 7 eris
./integ_temp/linear_h2_6/int_mono_linear_h2_6_5_12_0.dat -> 7 eris
./integ_temp/linear_h2_6/int_mono_linear_h2_6_4_12_0.dat -> 7 eris
./integ_temp/linear_h2_6/int_mono_linear_h2_6_3_12_0.dat -> 7 eris
pyscript : VQE for ./integ_temp/linear_h2_6/int_mono_linear_h2_6_5_12_0.dat spawned.
pyscript : VQE for ./integ_temp/linear_h2_6/int_mono_linear_h2_6_3_12_0.dat spawned.
pyscript : VQE for ./integ_temp/linear_h2_6/int_mono_linear_h2_6_2_12_0.dat spawned.
pyscript : VQE for ./integ_temp/linear_h2_6/int_mono_linear_h2_6_0_12_0.dat spawned.
pyscript : VQE for ./integ_temp/linear_h2_6/int_mono_linear_h2_6_1_12_0.dat spawned.
pyscript : VQE for ./integ_temp/linear_h2_6/int_mono_linear_h2_6_4_12_0.dat spawned.
pyscript : output ./result_temp/linear_h2_6/res_mono_linear_h2_6_1_12_0.dat Generated.
pyscript : output ./result_temp/linear_h2_6/res_mono_linear_h2_6_4_12_0.dat Generated.
it=12	mon=[1]	energy=-1.611886
it=12	mon=[4]	energy=-1.511536
pyscript : output ./result_temp/linear_h2_6/res_mono_linear_h2_6_3_12_0.dat Generated.
pyscript : output ./result_temp/linear_h2_6/res_mono_linear_h2_6_5_12_0.dat Generated.
it=12	mon=[3]	energy=-1.613674
it=12	mon=[5]	energy=-1.362308
pyscript : output ./result_temp/linear_h2_6/res_mono_linear_h2_6_0_12_0.dat Generated.
pyscript : output ./result_temp/linear_h2_6/res_mono_linear_h2_6_2_12_0.dat Generated.
it=12	mon=[0]	energy=-1.459484
it=12	mon=[2]	energy=-1.640002
##SCC itera=12  conv=7  energy =      -9.19888993  energy0 =      -6.82196868  (  30.348087 )
./integ_temp/linear_h2_6/int_mono_linear_h2_6_4_13_0.dat -> 7 eris
./integ_temp/linear_h2_6/int_mono_linear_h2_6_1_13_0.dat -> 7 eris
./integ_temp/linear_h2_6/int_mono_linear_h2_6_5_13_0.dat -> 7 eris
./integ_temp/linear_h2_6/int_mono_linear_h2_6_0_13_0.dat -> 7 eris
./integ_temp/linear_h2_6/int_mono_linear_h2_6_2_13_0.dat -> 7 eris
./integ_temp/linear_h2_6/int_mono_linear_h2_6_3_13_0.dat -> 7 eris
pyscript : VQE for ./integ_temp/linear_h2_6/int_mono_linear_h2_6_5_13_0.dat spawned.
pyscript : VQE for ./integ_temp/linear_h2_6/int_mono_linear_h2_6_4_13_0.dat spawned.
pyscript : VQE for ./integ_temp/linear_h2_6/int_mono_linear_h2_6_1_13_0.dat spawned.
pyscript : VQE for ./integ_temp/linear_h2_6/int_mono_linear_h2_6_0_13_0.dat spawned.
pyscript : VQE for ./integ_temp/linear_h2_6/int_mono_linear_h2_6_2_13_0.dat spawned.
pyscript : VQE for ./integ_temp/linear_h2_6/int_mono_linear_h2_6_3_13_0.dat spawned.
pyscript : output ./result_temp/linear_h2_6/res_mono_linear_h2_6_5_13_0.dat Generated.
it=13	mon=[5]	energy=-1.362304
pyscript : output ./result_temp/linear_h2_6/res_mono_linear_h2_6_4_13_0.dat Generated.
it=13	mon=[4]	energy=-1.511532
pyscript : output ./result_temp/linear_h2_6/res_mono_linear_h2_6_3_13_0.dat Generated.
it=13	mon=[3]	energy=-1.613661
pyscript : output ./result_temp/linear_h2_6/res_mono_linear_h2_6_2_13_0.dat Generated.
pyscript : output ./result_temp/linear_h2_6/res_mono_linear_h2_6_0_13_0.dat Generated.
it=13	mon=[2]	energy=-1.640002
it=13	mon=[0]	energy=-1.459479
pyscript : output ./result_temp/linear_h2_6/res_mono_linear_h2_6_1_13_0.dat Generated.
it=13	mon=[1]	energy=-1.611872
##SCC itera=13  conv=7  energy =      -9.19884899  energy0 =      -6.82202840  (  33.806056 )
./integ_temp/linear_h2_6/int_mono_linear_h2_6_1_14_0.dat -> 7 eris
./integ_temp/linear_h2_6/int_mono_linear_h2_6_0_14_0.dat -> 7 eris
./integ_temp/linear_h2_6/int_mono_linear_h2_6_3_14_0.dat -> 7 eris
./integ_temp/linear_h2_6/int_mono_linear_h2_6_5_14_0.dat -> 7 eris
./integ_temp/linear_h2_6/int_mono_linear_h2_6_2_14_0.dat -> 7 eris
./integ_temp/linear_h2_6/int_mono_linear_h2_6_4_14_0.dat -> 7 eris
pyscript : VQE for ./integ_temp/linear_h2_6/int_mono_linear_h2_6_5_14_0.dat spawned.
pyscript : VQE for ./integ_temp/linear_h2_6/int_mono_linear_h2_6_3_14_0.dat spawned.
pyscript : VQE for ./integ_temp/linear_h2_6/int_mono_linear_h2_6_1_14_0.dat spawned.
pyscript : VQE for ./integ_temp/linear_h2_6/int_mono_linear_h2_6_0_14_0.dat spawned.
pyscript : VQE for ./integ_temp/linear_h2_6/int_mono_linear_h2_6_2_14_0.dat spawned.
pyscript : VQE for ./integ_temp/linear_h2_6/int_mono_linear_h2_6_4_14_0.dat spawned.
pyscript : output ./result_temp/linear_h2_6/res_mono_linear_h2_6_5_14_0.dat Generated.
it=14	mon=[5]	energy=-1.362316
pyscript : output ./result_temp/linear_h2_6/res_mono_linear_h2_6_3_14_0.dat Generated.
it=14	mon=[3]	energy=-1.613632
pyscript : output ./result_temp/linear_h2_6/res_mono_linear_h2_6_0_14_0.dat Generated.
pyscript : output ./result_temp/linear_h2_6/res_mono_linear_h2_6_4_14_0.dat Generated.
pyscript : output ./result_temp/linear_h2_6/res_mono_linear_h2_6_2_14_0.dat Generated.
it=14	mon=[0]	energy=-1.459473
it=14	mon=[4]	energy=-1.511535
it=14	mon=[2]	energy=-1.639982
pyscript : output ./result_temp/linear_h2_6/res_mono_linear_h2_6_1_14_0.dat Generated.
it=14	mon=[1]	energy=-1.611872
##SCC itera=14  conv=7  energy =      -9.19880923  energy0 =      -6.82204986  (  34.294945 )
./integ_temp/linear_h2_6/int_mono_linear_h2_6_3_15_0.dat -> 7 eris
./integ_temp/linear_h2_6/int_mono_linear_h2_6_2_15_0.dat -> 7 eris
./integ_temp/linear_h2_6/int_mono_linear_h2_6_4_15_0.dat -> 7 eris
./integ_temp/linear_h2_6/int_mono_linear_h2_6_5_15_0.dat -> 7 eris
./integ_temp/linear_h2_6/int_mono_linear_h2_6_0_15_0.dat -> 7 eris
./integ_temp/linear_h2_6/int_mono_linear_h2_6_1_15_0.dat -> 7 eris
pyscript : VQE for ./integ_temp/linear_h2_6/int_mono_linear_h2_6_4_15_0.dat spawned.
pyscript : VQE for ./integ_temp/linear_h2_6/int_mono_linear_h2_6_3_15_0.dat spawned.
pyscript : VQE for ./integ_temp/linear_h2_6/int_mono_linear_h2_6_5_15_0.dat spawned.
pyscript : VQE for ./integ_temp/linear_h2_6/int_mono_linear_h2_6_2_15_0.dat spawned.
pyscript : output ./result_temp/linear_h2_6/res_mono_linear_h2_6_4_15_0.dat Generated.
pyscript : VQE for ./integ_temp/linear_h2_6/int_mono_linear_h2_6_0_15_0.dat spawned.
pyscript : VQE for ./integ_temp/linear_h2_6/int_mono_linear_h2_6_1_15_0.dat spawned.
it=15	mon=[4]	energy=-1.511534
pyscript : output ./result_temp/linear_h2_6/res_mono_linear_h2_6_3_15_0.dat Generated.
it=15	mon=[3]	energy=-1.613675
pyscript : output ./result_temp/linear_h2_6/res_mono_linear_h2_6_1_15_0.dat Generated.
pyscript : output ./result_temp/linear_h2_6/res_mono_linear_h2_6_5_15_0.dat Generated.
it=15	mon=[1]	energy=-1.611884
it=15	mon=[5]	energy=-1.362306
pyscript : output ./result_temp/linear_h2_6/res_mono_linear_h2_6_2_15_0.dat Generated.
pyscript : output ./result_temp/linear_h2_6/res_mono_linear_h2_6_0_15_0.dat Generated.
it=15	mon=[2]	energy=-1.640002
it=15	mon=[0]	energy=-1.459484
##SCC itera=15  conv=7  energy =      -9.19888529  energy0 =      -6.82194365  (  31.188281 )
./integ_temp/linear_h2_6/int_mono_linear_h2_6_2_16_0.dat -> 7 eris
./integ_temp/linear_h2_6/int_mono_linear_h2_6_0_16_0.dat -> 7 eris
./integ_temp/linear_h2_6/int_mono_linear_h2_6_5_16_0.dat -> 7 eris
./integ_temp/linear_h2_6/int_mono_linear_h2_6_1_16_0.dat -> 7 eris
./integ_temp/linear_h2_6/int_mono_linear_h2_6_4_16_0.dat -> 7 eris
./integ_temp/linear_h2_6/int_mono_linear_h2_6_3_16_0.dat -> 7 eris
pyscript : VQE for ./integ_temp/linear_h2_6/int_mono_linear_h2_6_5_16_0.dat spawned.
pyscript : VQE for ./integ_temp/linear_h2_6/int_mono_linear_h2_6_3_16_0.dat spawned.
pyscript : VQE for ./integ_temp/linear_h2_6/int_mono_linear_h2_6_2_16_0.dat spawned.
pyscript : VQE for ./integ_temp/linear_h2_6/int_mono_linear_h2_6_0_16_0.dat spawned.
pyscript : VQE for ./integ_temp/linear_h2_6/int_mono_linear_h2_6_1_16_0.dat spawned.
pyscript : VQE for ./integ_temp/linear_h2_6/int_mono_linear_h2_6_4_16_0.dat spawned.
pyscript : output ./result_temp/linear_h2_6/res_mono_linear_h2_6_5_16_0.dat Generated.
it=16	mon=[5]	energy=-1.362308
pyscript : output ./result_temp/linear_h2_6/res_mono_linear_h2_6_1_16_0.dat Generated.
pyscript : output ./result_temp/linear_h2_6/res_mono_linear_h2_6_4_16_0.dat Generated.
it=16	mon=[1]	energy=-1.611884
it=16	mon=[4]	energy=-1.511536
pyscript : output ./result_temp/linear_h2_6/res_mono_linear_h2_6_0_16_0.dat Generated.
pyscript : output ./result_temp/linear_h2_6/res_mono_linear_h2_6_2_16_0.dat Generated.
it=16	mon=[2]	energy=-1.640002
it=16	mon=[0]	energy=-1.459484
pyscript : output ./result_temp/linear_h2_6/res_mono_linear_h2_6_3_16_0.dat Generated.
it=16	mon=[3]	energy=-1.613674
##SCC itera=16  conv=7  energy =      -9.19888810  energy0 =      -6.82196834  (  36.176187 )
./integ_temp/linear_h2_6/int_mono_linear_h2_6_4_17_0.dat -> 7 eris
./integ_temp/linear_h2_6/int_mono_linear_h2_6_2_17_0.dat -> 7 eris
./integ_temp/linear_h2_6/int_mono_linear_h2_6_0_17_0.dat -> 7 eris
./integ_temp/linear_h2_6/int_mono_linear_h2_6_1_17_0.dat -> 7 eris
./integ_temp/linear_h2_6/int_mono_linear_h2_6_5_17_0.dat -> 7 eris
./integ_temp/linear_h2_6/int_mono_linear_h2_6_3_17_0.dat -> 7 eris
pyscript : VQE for ./integ_temp/linear_h2_6/int_mono_linear_h2_6_5_17_0.dat spawned.
pyscript : VQE for ./integ_temp/linear_h2_6/int_mono_linear_h2_6_4_17_0.dat spawned.
pyscript : VQE for ./integ_temp/linear_h2_6/int_mono_linear_h2_6_2_17_0.dat spawned.
pyscript : VQE for ./integ_temp/linear_h2_6/int_mono_linear_h2_6_1_17_0.dat spawned.
pyscript : VQE for ./integ_temp/linear_h2_6/int_mono_linear_h2_6_0_17_0.dat spawned.
pyscript : VQE for ./integ_temp/linear_h2_6/int_mono_linear_h2_6_3_17_0.dat spawned.
pyscript : output ./result_temp/linear_h2_6/res_mono_linear_h2_6_5_17_0.dat Generated.
pyscript : output ./result_temp/linear_h2_6/res_mono_linear_h2_6_4_17_0.dat Generated.
pyscript : output ./result_temp/linear_h2_6/res_mono_linear_h2_6_1_17_0.dat Generated.
it=17	mon=[5]	energy=-1.362308
it=17	mon=[1]	energy=-1.611886
it=17	mon=[4]	energy=-1.511536
pyscript : output ./result_temp/linear_h2_6/res_mono_linear_h2_6_0_17_0.dat Generated.
pyscript : output ./result_temp/linear_h2_6/res_mono_linear_h2_6_3_17_0.dat Generated.
pyscript : output ./result_temp/linear_h2_6/res_mono_linear_h2_6_2_17_0.dat Generated.
it=17	mon=[3]	energy=-1.613674
it=17	mon=[0]	energy=-1.459484
it=17	mon=[2]	energy=-1.640002
##SCC itera=17  conv=7  energy =      -9.19888952  energy0 =      -6.82196770  (  29.532041 )
./integ_temp/linear_h2_6/int_mono_linear_h2_6_2_18_0.dat -> 7 eris
./integ_temp/linear_h2_6/int_mono_linear_h2_6_3_18_0.dat -> 7 eris
./integ_temp/linear_h2_6/int_mono_linear_h2_6_5_18_0.dat -> 7 eris
./integ_temp/linear_h2_6/int_mono_linear_h2_6_0_18_0.dat -> 7 eris
./integ_temp/linear_h2_6/int_mono_linear_h2_6_1_18_0.dat -> 7 eris
./integ_temp/linear_h2_6/int_mono_linear_h2_6_4_18_0.dat -> 7 eris
pyscript : VQE for ./integ_temp/linear_h2_6/int_mono_linear_h2_6_3_18_0.dat spawned.
pyscript : VQE for ./integ_temp/linear_h2_6/int_mono_linear_h2_6_5_18_0.dat spawned.
pyscript : VQE for ./integ_temp/linear_h2_6/int_mono_linear_h2_6_4_18_0.dat spawned.
pyscript : VQE for ./integ_temp/linear_h2_6/int_mono_linear_h2_6_2_18_0.dat spawned.
pyscript : VQE for ./integ_temp/linear_h2_6/int_mono_linear_h2_6_1_18_0.dat spawned.
pyscript : VQE for ./integ_temp/linear_h2_6/int_mono_linear_h2_6_0_18_0.dat spawned.
pyscript : output ./result_temp/linear_h2_6/res_mono_linear_h2_6_4_18_0.dat Generated.
it=18	mon=[4]	energy=-1.511542
pyscript : output ./result_temp/linear_h2_6/res_mono_linear_h2_6_5_18_0.dat Generated.
pyscript : output ./result_temp/linear_h2_6/res_mono_linear_h2_6_3_18_0.dat Generated.
it=18	mon=[5]	energy=-1.362312
it=18	mon=[3]	energy=-1.613682
pyscript : output ./result_temp/linear_h2_6/res_mono_linear_h2_6_0_18_0.dat Generated.
it=18	mon=[0]	energy=-1.459484
pyscript : output ./result_temp/linear_h2_6/res_mono_linear_h2_6_2_18_0.dat Generated.
pyscript : output ./result_temp/linear_h2_6/res_mono_linear_h2_6_1_18_0.dat Generated.
it=18	mon=[2]	energy=-1.640014
it=18	mon=[1]	energy=-1.611908
##SCC itera=18  conv=7  energy =      -9.19894218  energy0 =      -6.82196505  (  33.264171 )
./integ_temp/linear_h2_6/int_mono_linear_h2_6_0_19_0.dat -> 7 eris
./integ_temp/linear_h2_6/int_mono_linear_h2_6_5_19_0.dat -> 7 eris
./integ_temp/linear_h2_6/int_mono_linear_h2_6_1_19_0.dat -> 7 eris
./integ_temp/linear_h2_6/int_mono_linear_h2_6_2_19_0.dat -> 7 eris
./integ_temp/linear_h2_6/int_mono_linear_h2_6_4_19_0.dat -> 7 eris
./integ_temp/linear_h2_6/int_mono_linear_h2_6_3_19_0.dat -> 7 eris
pyscript : VQE for ./integ_temp/linear_h2_6/int_mono_linear_h2_6_5_19_0.dat spawned.
pyscript : VQE for ./integ_temp/linear_h2_6/int_mono_linear_h2_6_0_19_0.dat spawned.
pyscript : VQE for ./integ_temp/linear_h2_6/int_mono_linear_h2_6_1_19_0.dat spawned.
pyscript : VQE for ./integ_temp/linear_h2_6/int_mono_linear_h2_6_2_19_0.dat spawned.
pyscript : VQE for ./integ_temp/linear_h2_6/int_mono_linear_h2_6_4_19_0.dat spawned.
pyscript : VQE for ./integ_temp/linear_h2_6/int_mono_linear_h2_6_3_19_0.dat spawned.
pyscript : output ./result_temp/linear_h2_6/res_mono_linear_h2_6_5_19_0.dat Generated.
it=19	mon=[5]	energy=-1.362308
pyscript : output ./result_temp/linear_h2_6/res_mono_linear_h2_6_4_19_0.dat Generated.
pyscript : output ./result_temp/linear_h2_6/res_mono_linear_h2_6_1_19_0.dat Generated.
it=19	mon=[1]	energy=-1.611884
it=19	mon=[4]	energy=-1.511536
pyscript : output ./result_temp/linear_h2_6/res_mono_linear_h2_6_3_19_0.dat Generated.
pyscript : output ./result_temp/linear_h2_6/res_mono_linear_h2_6_0_19_0.dat Generated.
pyscript : output ./result_temp/linear_h2_6/res_mono_linear_h2_6_2_19_0.dat Generated.
it=19	mon=[3]	energy=-1.613672
it=19	mon=[0]	energy=-1.459482
it=19	mon=[2]	energy=-1.640002
##SCC itera=19  conv=7  energy =      -9.19888415  energy0 =      -6.82196434  (  31.148124 )
./integ_temp/linear_h2_6/int_mono_linear_h2_6_4_20_0.dat -> 7 eris
./integ_temp/linear_h2_6/int_mono_linear_h2_6_1_20_0.dat -> 7 eris
./integ_temp/linear_h2_6/int_mono_linear_h2_6_0_20_0.dat -> 7 eris
./integ_temp/linear_h2_6/int_mono_linear_h2_6_2_20_0.dat -> 7 eris
./integ_temp/linear_h2_6/int_mono_linear_h2_6_5_20_0.dat -> 7 eris
./integ_temp/linear_h2_6/int_mono_linear_h2_6_3_20_0.dat -> 7 eris
pyscript : VQE for ./integ_temp/linear_h2_6/int_mono_linear_h2_6_4_20_0.dat spawned.
pyscript : VQE for ./integ_temp/linear_h2_6/int_mono_linear_h2_6_5_20_0.dat spawned.
pyscript : VQE for ./integ_temp/linear_h2_6/int_mono_linear_h2_6_1_20_0.dat spawned.
pyscript : output ./result_temp/linear_h2_6/res_mono_linear_h2_6_4_20_0.dat Generated.
pyscript : VQE for ./integ_temp/linear_h2_6/int_mono_linear_h2_6_0_20_0.dat spawned.
pyscript : VQE for ./integ_temp/linear_h2_6/int_mono_linear_h2_6_2_20_0.dat spawned.
it=20	mon=[4]	energy=-1.511536
pyscript : VQE for ./integ_temp/linear_h2_6/int_mono_linear_h2_6_3_20_0.dat spawned.
pyscript : output ./result_temp/linear_h2_6/res_mono_linear_h2_6_5_20_0.dat Generated.
it=20	mon=[5]	energy=-1.362308
pyscript : output ./result_temp/linear_h2_6/res_mono_linear_h2_6_2_20_0.dat Generated.
pyscript : output ./result_temp/linear_h2_6/res_mono_linear_h2_6_3_20_0.dat Generated.
pyscript : output ./result_temp/linear_h2_6/res_mono_linear_h2_6_0_20_0.dat Generated.
it=20	mon=[2]	energy=-1.640002
pyscript : output ./result_temp/linear_h2_6/res_mono_linear_h2_6_1_20_0.dat Generated.
it=20	mon=[3]	energy=-1.613674
it=20	mon=[0]	energy=-1.459484
it=20	mon=[1]	energy=-1.611886
##SCC itera=20  conv=7  energy =      -9.19889016  energy0 =      -6.82196916  (  31.372140 )
./integ_temp/linear_h2_6/int_mono_linear_h2_6_4_21_0.dat -> 7 eris
./integ_temp/linear_h2_6/int_mono_linear_h2_6_1_21_0.dat -> 7 eris
./integ_temp/linear_h2_6/int_mono_linear_h2_6_3_21_0.dat -> 7 eris
./integ_temp/linear_h2_6/int_mono_linear_h2_6_0_21_0.dat -> 7 eris
./integ_temp/linear_h2_6/int_mono_linear_h2_6_5_21_0.dat -> 7 eris
./integ_temp/linear_h2_6/int_mono_linear_h2_6_2_21_0.dat -> 7 eris
pyscript : VQE for ./integ_temp/linear_h2_6/int_mono_linear_h2_6_3_21_0.dat spawned.
pyscript : VQE for ./integ_temp/linear_h2_6/int_mono_linear_h2_6_5_21_0.dat spawned.
pyscript : VQE for ./integ_temp/linear_h2_6/int_mono_linear_h2_6_0_21_0.dat spawned.
pyscript : VQE for ./integ_temp/linear_h2_6/int_mono_linear_h2_6_1_21_0.dat spawned.
pyscript : VQE for ./integ_temp/linear_h2_6/int_mono_linear_h2_6_4_21_0.dat spawned.
pyscript : VQE for ./integ_temp/linear_h2_6/int_mono_linear_h2_6_2_21_0.dat spawned.
pyscript : output ./result_temp/linear_h2_6/res_mono_linear_h2_6_4_21_0.dat Generated.
it=21	mon=[4]	energy=-1.511534
pyscript : output ./result_temp/linear_h2_6/res_mono_linear_h2_6_3_21_0.dat Generated.
it=21	mon=[3]	energy=-1.613672
pyscript : output ./result_temp/linear_h2_6/res_mono_linear_h2_6_5_21_0.dat Generated.
it=21	mon=[5]	energy=-1.362306
pyscript : output ./result_temp/linear_h2_6/res_mono_linear_h2_6_0_21_0.dat Generated.
pyscript : output ./result_temp/linear_h2_6/res_mono_linear_h2_6_1_21_0.dat Generated.
it=21	mon=[1]	energy=-1.611886
it=21	mon=[0]	energy=-1.459481
pyscript : output ./result_temp/linear_h2_6/res_mono_linear_h2_6_2_21_0.dat Generated.
it=21	mon=[2]	energy=-1.639998
##SCC itera=21  conv=7  energy =      -9.19887626  energy0 =      -6.82196916  (  35.256642 )
==== SCC converged ====
##T         ---- Finish SCC procedure ---- : lap time= 666.375885 ( total etime= 667.688370 )
./integ_temp/linear_h2_6/int_dim_linear_h2_6_2-0_130_0.dat -> 65 eris
./integ_temp/linear_h2_6/int_dim_linear_h2_6_1-0_130_0.dat -> 65 eris
./integ_temp/linear_h2_6/int_dim_linear_h2_6_3-1_130_0.dat -> 65 eris
./integ_temp/linear_h2_6/int_dim_linear_h2_6_3-2_130_0.dat -> 65 eris
./integ_temp/linear_h2_6/int_dim_linear_h2_6_3-0_130_0.dat -> 65 eris
./integ_temp/linear_h2_6/int_dim_linear_h2_6_2-1_130_0.dat -> 65 eris
pyscript : VQE for ./integ_temp/linear_h2_6/int_dim_linear_h2_6_3-2_130_0.dat spawned.
pyscript : VQE for ./integ_temp/linear_h2_6/int_dim_linear_h2_6_3-1_130_0.dat spawned.
pyscript : VQE for ./integ_temp/linear_h2_6/int_dim_linear_h2_6_1-0_130_0.dat spawned.
pyscript : VQE for ./integ_temp/linear_h2_6/int_dim_linear_h2_6_2-0_130_0.dat spawned.
pyscript : VQE for ./integ_temp/linear_h2_6/int_dim_linear_h2_6_2-1_130_0.dat spawned.
pyscript : VQE for ./integ_temp/linear_h2_6/int_dim_linear_h2_6_3-0_130_0.dat spawned.
pyscript : output ./result_temp/linear_h2_6/res_dim_linear_h2_6_3-0_130_0.dat Generated.
it=130	mon=[3, 0]	energy=-2.960481
# E=    -2.9604812009 E-DV=    -2.2739908097 DV=    -0.6864903913 DDV=     0.0001930095
./integ_temp/linear_h2_6/int_dim_linear_h2_6_4-0_130_0.dat -> 65 eris
pyscript : VQE for ./integ_temp/linear_h2_6/int_dim_linear_h2_6_4-0_130_0.dat spawned.
pyscript : output ./result_temp/linear_h2_6/res_dim_linear_h2_6_4-0_130_0.dat Generated.
it=130	mon=[4, 0]	energy=-2.887974
# E=    -2.8879744704 E-DV=    -2.2736038940 DV=    -0.6143705764 DDV=     0.0001330102
./integ_temp/linear_h2_6/int_dim_linear_h2_6_4-1_130_0.dat -> 65 eris
pyscript : VQE for ./integ_temp/linear_h2_6/int_dim_linear_h2_6_4-1_130_0.dat spawned.
pyscript : output ./result_temp/linear_h2_6/res_dim_linear_h2_6_4-1_130_0.dat Generated.
it=130	mon=[4, 1]	energy=-3.015720
# E=    -3.0157195901 E-DV=    -2.2738968718 DV=    -0.7418227183 DDV=     0.0001953284
./integ_temp/linear_h2_6/int_dim_linear_h2_6_4-2_130_0.dat -> 65 eris
pyscript : VQE for ./integ_temp/linear_h2_6/int_dim_linear_h2_6_4-2_130_0.dat spawned.
pyscript : output ./result_temp/linear_h2_6/res_dim_linear_h2_6_2-0_130_0.dat Generated.
it=130	mon=[2, 0]	energy=-2.928718
# E=    -2.9287181044 E-DV=    -2.2741847494 DV=    -0.6545333550 DDV=     0.0002349467
./integ_temp/linear_h2_6/int_dim_linear_h2_6_4-3_130_0.dat -> 65 eris
pyscript : VQE for ./integ_temp/linear_h2_6/int_dim_linear_h2_6_4-3_130_0.dat spawned.
pyscript : output ./result_temp/linear_h2_6/res_dim_linear_h2_6_3-2_130_0.dat Generated.
it=130	mon=[3, 2]	energy=-2.919447
# E=    -2.9194471617 E-DV=    -2.2736730497 DV=    -0.6457741120 DDV=    -0.0005596705
./integ_temp/linear_h2_6/int_dim_linear_h2_6_5-0_130_0.dat -> 65 eris
pyscript : output ./result_temp/linear_h2_6/res_dim_linear_h2_6_1-0_130_0.dat Generated.
it=130	mon=[1, 0]	energy=-2.720602
# E=    -2.7206024655 E-DV=    -2.2737288735 DV=    -0.4468735920 DDV=    -0.0004770058
./integ_temp/linear_h2_6/int_dim_linear_h2_6_5-1_130_0.dat -> 65 eris
pyscript : VQE for ./integ_temp/linear_h2_6/int_dim_linear_h2_6_5-0_130_0.dat spawned.
pyscript : VQE for ./integ_temp/linear_h2_6/int_dim_linear_h2_6_5-1_130_0.dat spawned.
pyscript : output ./result_temp/linear_h2_6/res_dim_linear_h2_6_5-0_130_0.dat Generated.
it=130	mon=[5, 0]	energy=-2.747849
# E=    -2.7478487358 E-DV=    -2.2740270894 DV=    -0.4738216464 DDV=     0.0000684215
./integ_temp/linear_h2_6/int_dim_linear_h2_6_5-2_130_0.dat -> 65 eris
pyscript : VQE for ./integ_temp/linear_h2_6/int_dim_linear_h2_6_5-2_130_0.dat spawned.
pyscript : output ./result_temp/linear_h2_6/res_dim_linear_h2_6_4-2_130_0.dat Generated.
it=130	mon=[4, 2]	energy=-2.990637
# E=    -2.9906372490 E-DV=    -2.2738781497 DV=    -0.7167590993 DDV=     0.0002183385
./integ_temp/linear_h2_6/int_dim_linear_h2_6_5-3_130_0.dat -> 65 eris
pyscript : VQE for ./integ_temp/linear_h2_6/int_dim_linear_h2_6_5-3_130_0.dat spawned.
pyscript : output ./result_temp/linear_h2_6/res_dim_linear_h2_6_3-1_130_0.dat Generated.
it=130	mon=[3, 1]	energy=-3.060663
# E=    -3.0606632156 E-DV=    -2.2742942270 DV=    -0.7863689886 DDV=     0.0002028898
./integ_temp/linear_h2_6/int_dim_linear_h2_6_5-4_130_0.dat -> 65 eris
pyscript : VQE for ./integ_temp/linear_h2_6/int_dim_linear_h2_6_5-4_130_0.dat spawned.
pyscript : output ./result_temp/linear_h2_6/res_dim_linear_h2_6_5-1_130_0.dat Generated.
it=130	mon=[5, 1]	energy=-2.881130
# E=    -2.8811303457 E-DV=    -2.2743353656 DV=    -0.6067949801 DDV=     0.0001029548
pyscript : output ./result_temp/linear_h2_6/res_dim_linear_h2_6_5-2_130_0.dat Generated.
it=130	mon=[5, 2]	energy=-2.871238
# E=    -2.8712379681 E-DV=    -2.2742476874 DV=    -0.5969902807 DDV=     0.0000491571
pyscript : output ./result_temp/linear_h2_6/res_dim_linear_h2_6_4-3_130_0.dat Generated.
pyscript : output ./result_temp/linear_h2_6/res_dim_linear_h2_6_5-3_130_0.dat Generated.
it=130	mon=[4, 3]	energy=-2.799012
# E=    -2.7990119721 E-DV=    -2.2734517057 DV=    -0.5255602664 DDV=    -0.0002727318
pyscript : output ./result_temp/linear_h2_6/res_dim_linear_h2_6_2-1_130_0.dat Generated.
it=130	mon=[5, 3]	energy=-2.747861
# E=    -2.7478606831 E-DV=    -2.2738382865 DV=    -0.4740223967 DDV=    -0.0004710109
it=130	mon=[2, 1]	energy=-2.913068
# E=    -2.9130684415 E-DV=    -2.2740255359 DV=    -0.6390429056 DDV=    -0.0006320305
pyscript : output ./result_temp/linear_h2_6/res_dim_linear_h2_6_5-4_130_0.dat Generated.
it=130	mon=[5, 4]	energy=-2.602117
# E=    -2.6021174856 E-DV=    -2.2740365799 DV=    -0.3280809057 DDV=     0.0002968215
##T    ---- Finish to Calc. Dimer SCF ---- : lap time= 1992.976017 ( total etime= 2660.664420 )
       ( # of scf dimer = 15 )
        dE0(SCF dimer) =      -0.00008466
##T     ---- Finish to Calc. ES Dimer ---- : lap time=   0.019891 ( total etime= 2660.684333 )
    (# of ES dimer = 0)
    dE0(ES dimer) =       0.00000000
    total energy(FMO) =      -6.82205382
##T  -- All workers have been destroyed -- : lap time=   0.012014 ( total etime= 2660.696357 )
---- ATOMIC POPULATION DATA -----
   SN AN  ATOMIC POP  NET CHARGE
---------------------------------
    1  1       0.997       0.003
    2  1       1.003      -0.003
    3  1       1.002      -0.002
    4  1       0.998       0.002
    5  1       1.007      -0.007
    6  1       0.993       0.007
    7  1       1.023      -0.023
    8  1       0.977       0.023
    9  1       0.974       0.026
   10  1       1.026      -0.026
   11  1       0.996       0.004
   12  1       1.004      -0.004
---------------------------------
total charge =     -0.000
---------------------------------
##T    -- calc AO and atomic population -- : lap time=   0.004156 ( total etime= 2660.700523 )
##T   -- All mservs have been destroyed -- : lap time=   0.000012 ( total etime= 2660.700542 )
