Will Run VQE
ngroup       = 9
nioprocs     = 1
niogroup     = 1
nmaxprocs    = 11
group size   = 1
# of threads = 24
nintic       = 2048
input file name       = ./samples/h2_multimer/linear_H2_9.inp
prefix of output file = 
local input dir.      = ./
# of total invoked procs = 11 (=1iog*1iop+1+9gr*1pr)
master host name = gwonhaklee-System-Product-Name
-----------------------------------------------------
 # of data = 11
nfrag = 9
##T                  Finish Initialization : lap time=   0.000957 ( total etime=   0.000957 )
****** LIST OF HOST NAME (MSERV(ID=0))******
rank=  0 : gwonhaklee-System-Product-Name
********************************
##T        Finish to Create Memory Servers : lap time=   0.048116 ( total etime=   0.049216 )
****** LIST OF HOST NAME (WORKER(ID=0)) ******
rank=  0 : gwonhaklee-System-Product-Name
********************************
****** LIST OF HOST NAME (WORKER(ID=1)) ******
rank=  0 : gwonhaklee-System-Product-Name
********************************
****** LIST OF HOST NAME (WORKER(ID=2)) ******
rank=  0 : gwonhaklee-System-Product-Name
********************************
****** LIST OF HOST NAME (WORKER(ID=3)) ******
rank=  0 : gwonhaklee-System-Product-Name
********************************
****** LIST OF HOST NAME (WORKER(ID=4)) ******
rank=  0 : gwonhaklee-System-Product-Name
********************************
****** LIST OF HOST NAME (WORKER(ID=5)) ******
rank=  0 : gwonhaklee-System-Product-Name
********************************
****** LIST OF HOST NAME (WORKER(ID=6)) ******
rank=  0 : gwonhaklee-System-Product-Name
********************************
****** LIST OF HOST NAME (WORKER(ID=7)) ******
rank=  0 : gwonhaklee-System-Product-Name
********************************
##T               Finish to Create Workers : lap time=   1.235261 ( total etime=   1.284589 )
****** LIST OF HOST NAME (WORKER(ID=8)) ******
rank=  0 : gwonhaklee-System-Product-Name
********************************
##T     Finish to Connect Mservs & Workers : lap time=   0.973330 ( total etime=   2.257939 )
calc. inter-frag distance list = 8
##T    Finish to Calculate Initial Density : lap time=   0.502468 ( total etime=   3.158004 )
---- start SCC (maxscc=30, sccconv=7) ----
./integ_temp/linear_h2_9/int_mono_linear_h2_9_8_1_0.dat -> 7 eris
./integ_temp/linear_h2_9/int_mono_linear_h2_9_7_1_0.dat -> 7 eris
./integ_temp/linear_h2_9/int_mono_linear_h2_9_4_1_0.dat -> 7 eris
./integ_temp/linear_h2_9/int_mono_linear_h2_9_6_1_0.dat -> 7 eris
./integ_temp/linear_h2_9/int_mono_linear_h2_9_2_1_0.dat -> 7 eris
./integ_temp/linear_h2_9/int_mono_linear_h2_9_5_1_0.dat -> 7 eris
./integ_temp/linear_h2_9/int_mono_linear_h2_9_0_1_0.dat -> 7 eris
./integ_temp/linear_h2_9/int_mono_linear_h2_9_1_1_0.dat -> 7 eris
./integ_temp/linear_h2_9/int_mono_linear_h2_9_3_1_0.dat -> 7 eris
pyscript : VQE for ./integ_temp/linear_h2_9/int_mono_linear_h2_9_8_1_0.dat spawned.
pyscript : VQE for ./integ_temp/linear_h2_9/int_mono_linear_h2_9_7_1_0.dat spawned.
pyscript : VQE for ./integ_temp/linear_h2_9/int_mono_linear_h2_9_6_1_0.dat spawned.
pyscript : VQE for ./integ_temp/linear_h2_9/int_mono_linear_h2_9_4_1_0.dat spawned.
pyscript : output ./result_temp/linear_h2_9/res_mono_linear_h2_9_8_1_0.dat Generated.
it=1	mon=[8]	energy=-1.422499
pyscript : VQE for ./integ_temp/linear_h2_9/int_mono_linear_h2_9_5_1_0.dat spawned.
pyscript : output ./result_temp/linear_h2_9/res_mono_linear_h2_9_7_1_0.dat Generated.
pyscript : VQE for ./integ_temp/linear_h2_9/int_mono_linear_h2_9_2_1_0.dat spawned.
pyscript : VQE for ./integ_temp/linear_h2_9/int_mono_linear_h2_9_0_1_0.dat spawned.
pyscript : VQE for ./integ_temp/linear_h2_9/int_mono_linear_h2_9_1_1_0.dat spawned.
pyscript : VQE for ./integ_temp/linear_h2_9/int_mono_linear_h2_9_3_1_0.dat spawned.
it=1	mon=[7]	energy=-1.583216
pyscript : output ./result_temp/linear_h2_9/res_mono_linear_h2_9_6_1_0.dat Generated.
it=1	mon=[6]	energy=-1.705988
pyscript : output ./result_temp/linear_h2_9/res_mono_linear_h2_9_4_1_0.dat Generated.
pyscript : output ./result_temp/linear_h2_9/res_mono_linear_h2_9_5_1_0.dat Generated.
it=1	mon=[4]	energy=-1.774041
it=1	mon=[5]	energy=-1.755089
pyscript : output ./result_temp/linear_h2_9/res_mono_linear_h2_9_3_1_0.dat Generated.
pyscript : output ./result_temp/linear_h2_9/res_mono_linear_h2_9_2_1_0.dat Generated.
pyscript : output ./result_temp/linear_h2_9/res_mono_linear_h2_9_1_1_0.dat Generated.
it=1	mon=[3]	energy=-1.772039
it=1	mon=[2]	energy=-1.748226
pyscript : output ./result_temp/linear_h2_9/res_mono_linear_h2_9_0_1_0.dat Generated.
it=1	mon=[1]	energy=-1.690086
it=1	mon=[0]	energy=-1.532490
##SCC itera= 1  conv=2  energy =     -14.98367507  energy0 =     -10.23347432  (  48.475224 )
./integ_temp/linear_h2_9/int_mono_linear_h2_9_0_2_0.dat -> 7 eris
./integ_temp/linear_h2_9/int_mono_linear_h2_9_5_2_0.dat -> 7 eris
./integ_temp/linear_h2_9/int_mono_linear_h2_9_8_2_0.dat -> 7 eris
./integ_temp/linear_h2_9/int_mono_linear_h2_9_7_2_0.dat -> 7 eris
./integ_temp/linear_h2_9/int_mono_linear_h2_9_2_2_0.dat -> 7 eris
./integ_temp/linear_h2_9/int_mono_linear_h2_9_6_2_0.dat -> 7 eris
./integ_temp/linear_h2_9/int_mono_linear_h2_9_1_2_0.dat -> 7 eris
./integ_temp/linear_h2_9/int_mono_linear_h2_9_4_2_0.dat -> 7 eris
./integ_temp/linear_h2_9/int_mono_linear_h2_9_3_2_0.dat -> 7 eris
pyscript : VQE for ./integ_temp/linear_h2_9/int_mono_linear_h2_9_8_2_0.dat spawned.
pyscript : VQE for ./integ_temp/linear_h2_9/int_mono_linear_h2_9_7_2_0.dat spawned.
pyscript : VQE for ./integ_temp/linear_h2_9/int_mono_linear_h2_9_5_2_0.dat spawned.
pyscript : output ./result_temp/linear_h2_9/res_mono_linear_h2_9_8_2_0.dat Generated.
pyscript : VQE for ./integ_temp/linear_h2_9/int_mono_linear_h2_9_6_2_0.dat spawned.
it=2	mon=[8]	energy=-1.434242
pyscript : output ./result_temp/linear_h2_9/res_mono_linear_h2_9_7_2_0.dat Generated.
it=2	mon=[7]	energy=-1.595864
pyscript : VQE for ./integ_temp/linear_h2_9/int_mono_linear_h2_9_0_2_0.dat spawned.
pyscript : VQE for ./integ_temp/linear_h2_9/int_mono_linear_h2_9_4_2_0.dat spawned.
pyscript : VQE for ./integ_temp/linear_h2_9/int_mono_linear_h2_9_2_2_0.dat spawned.
pyscript : VQE for ./integ_temp/linear_h2_9/int_mono_linear_h2_9_1_2_0.dat spawned.
pyscript : VQE for ./integ_temp/linear_h2_9/int_mono_linear_h2_9_3_2_0.dat spawned.
pyscript : output ./result_temp/linear_h2_9/res_mono_linear_h2_9_5_2_0.dat Generated.
pyscript : output ./result_temp/linear_h2_9/res_mono_linear_h2_9_6_2_0.dat Generated.
it=2	mon=[5]	energy=-1.769138
it=2	mon=[6]	energy=-1.715460
pyscript : output ./result_temp/linear_h2_9/res_mono_linear_h2_9_3_2_0.dat Generated.
pyscript : output ./result_temp/linear_h2_9/res_mono_linear_h2_9_4_2_0.dat Generated.
pyscript : output ./result_temp/linear_h2_9/res_mono_linear_h2_9_0_2_0.dat Generated.
it=2	mon=[3]	energy=-1.793471
it=2	mon=[4]	energy=-1.792312
it=2	mon=[0]	energy=-1.545987
pyscript : output ./result_temp/linear_h2_9/res_mono_linear_h2_9_2_2_0.dat Generated.
pyscript : output ./result_temp/linear_h2_9/res_mono_linear_h2_9_1_2_0.dat Generated.
it=2	mon=[2]	energy=-1.772338
it=2	mon=[1]	energy=-1.716240
##SCC itera= 2  conv=2  energy =     -15.13505299  energy0 =     -10.23330440  (  53.348286 )
./integ_temp/linear_h2_9/int_mono_linear_h2_9_7_3_0.dat -> 7 eris
./integ_temp/linear_h2_9/int_mono_linear_h2_9_2_3_0.dat -> 7 eris
./integ_temp/linear_h2_9/int_mono_linear_h2_9_8_3_0.dat -> 7 eris
./integ_temp/linear_h2_9/int_mono_linear_h2_9_0_3_0.dat -> 7 eris
./integ_temp/linear_h2_9/int_mono_linear_h2_9_1_3_0.dat -> 7 eris
./integ_temp/linear_h2_9/int_mono_linear_h2_9_6_3_0.dat -> 7 eris
./integ_temp/linear_h2_9/int_mono_linear_h2_9_3_3_0.dat -> 7 eris
./integ_temp/linear_h2_9/int_mono_linear_h2_9_5_3_0.dat -> 7 eris
./integ_temp/linear_h2_9/int_mono_linear_h2_9_4_3_0.dat -> 7 eris
pyscript : VQE for ./integ_temp/linear_h2_9/int_mono_linear_h2_9_8_3_0.dat spawned.
pyscript : VQE for ./integ_temp/linear_h2_9/int_mono_linear_h2_9_7_3_0.dat spawned.
pyscript : output ./result_temp/linear_h2_9/res_mono_linear_h2_9_8_3_0.dat Generated.
pyscript : output ./result_temp/linear_h2_9/res_mono_linear_h2_9_7_3_0.dat Generated.
it=3	mon=[7]	energy=-1.594088
pyscript : VQE for ./integ_temp/linear_h2_9/int_mono_linear_h2_9_6_3_0.dat spawned.
it=3	mon=[8]	energy=-1.433292
pyscript : VQE for ./integ_temp/linear_h2_9/int_mono_linear_h2_9_3_3_0.dat spawned.
pyscript : VQE for ./integ_temp/linear_h2_9/int_mono_linear_h2_9_5_3_0.dat spawned.
pyscript : VQE for ./integ_temp/linear_h2_9/int_mono_linear_h2_9_4_3_0.dat spawned.
pyscript : VQE for ./integ_temp/linear_h2_9/int_mono_linear_h2_9_0_3_0.dat spawned.
pyscript : VQE for ./integ_temp/linear_h2_9/int_mono_linear_h2_9_1_3_0.dat spawned.
pyscript : VQE for ./integ_temp/linear_h2_9/int_mono_linear_h2_9_2_3_0.dat spawned.
pyscript : output ./result_temp/linear_h2_9/res_mono_linear_h2_9_6_3_0.dat Generated.
it=3	mon=[6]	energy=-1.713282
pyscript : output ./result_temp/linear_h2_9/res_mono_linear_h2_9_5_3_0.dat Generated.
pyscript : output ./result_temp/linear_h2_9/res_mono_linear_h2_9_4_3_0.dat Generated.
it=3	mon=[5]	energy=-1.766854
it=3	mon=[4]	energy=-1.789782
pyscript : output ./result_temp/linear_h2_9/res_mono_linear_h2_9_0_3_0.dat Generated.
pyscript : output ./result_temp/linear_h2_9/res_mono_linear_h2_9_1_3_0.dat Generated.
pyscript : output ./result_temp/linear_h2_9/res_mono_linear_h2_9_2_3_0.dat Generated.
it=3	mon=[0]	energy=-1.544434
pyscript : output ./result_temp/linear_h2_9/res_mono_linear_h2_9_3_3_0.dat Generated.
it=3	mon=[1]	energy=-1.714930
it=3	mon=[2]	energy=-1.770428
it=3	mon=[3]	energy=-1.791166
##SCC itera= 3  conv=4  energy =     -15.11825578  energy0 =     -10.23330623  (  47.160115 )
./integ_temp/linear_h2_9/int_mono_linear_h2_9_8_4_0.dat -> 7 eris
./integ_temp/linear_h2_9/int_mono_linear_h2_9_4_4_0.dat -> 7 eris
./integ_temp/linear_h2_9/int_mono_linear_h2_9_1_4_0.dat -> 7 eris
./integ_temp/linear_h2_9/int_mono_linear_h2_9_2_4_0.dat -> 7 eris
./integ_temp/linear_h2_9/int_mono_linear_h2_9_6_4_0.dat -> 7 eris
./integ_temp/linear_h2_9/int_mono_linear_h2_9_7_4_0.dat -> 7 eris
./integ_temp/linear_h2_9/int_mono_linear_h2_9_0_4_0.dat -> 7 eris
./integ_temp/linear_h2_9/int_mono_linear_h2_9_5_4_0.dat -> 7 eris
./integ_temp/linear_h2_9/int_mono_linear_h2_9_3_4_0.dat -> 7 eris
pyscript : VQE for ./integ_temp/linear_h2_9/int_mono_linear_h2_9_8_4_0.dat spawned.
pyscript : VQE for ./integ_temp/linear_h2_9/int_mono_linear_h2_9_6_4_0.dat spawned.
pyscript : VQE for ./integ_temp/linear_h2_9/int_mono_linear_h2_9_7_4_0.dat spawned.
pyscript : output ./result_temp/linear_h2_9/res_mono_linear_h2_9_8_4_0.dat Generated.
it=4	mon=[8]	energy=-1.433256
pyscript : output ./result_temp/linear_h2_9/res_mono_linear_h2_9_7_4_0.dat Generated.
it=4	mon=[7]	energy=-1.594036
pyscript : VQE for ./integ_temp/linear_h2_9/int_mono_linear_h2_9_4_4_0.dat spawned.
pyscript : VQE for ./integ_temp/linear_h2_9/int_mono_linear_h2_9_5_4_0.dat spawned.
pyscript : VQE for ./integ_temp/linear_h2_9/int_mono_linear_h2_9_3_4_0.dat spawned.
pyscript : VQE for ./integ_temp/linear_h2_9/int_mono_linear_h2_9_2_4_0.dat spawned.
pyscript : VQE for ./integ_temp/linear_h2_9/int_mono_linear_h2_9_1_4_0.dat spawned.
pyscript : VQE for ./integ_temp/linear_h2_9/int_mono_linear_h2_9_0_4_0.dat spawned.
pyscript : output ./result_temp/linear_h2_9/res_mono_linear_h2_9_6_4_0.dat Generated.
it=4	mon=[6]	energy=-1.713178
pyscript : output ./result_temp/linear_h2_9/res_mono_linear_h2_9_5_4_0.dat Generated.
it=4	mon=[5]	energy=-1.766755
pyscript : output ./result_temp/linear_h2_9/res_mono_linear_h2_9_2_4_0.dat Generated.
it=4	mon=[2]	energy=-1.770276
pyscript : output ./result_temp/linear_h2_9/res_mono_linear_h2_9_4_4_0.dat Generated.
it=4	mon=[4]	energy=-1.789667
pyscript : output ./result_temp/linear_h2_9/res_mono_linear_h2_9_0_4_0.dat Generated.
it=4	mon=[0]	energy=-1.544306
pyscript : output ./result_temp/linear_h2_9/res_mono_linear_h2_9_3_4_0.dat Generated.
it=4	mon=[3]	energy=-1.791022
pyscript : output ./result_temp/linear_h2_9/res_mono_linear_h2_9_1_4_0.dat Generated.
it=4	mon=[1]	energy=-1.714802
##SCC itera= 4  conv=6  energy =     -15.11729714  energy0 =     -10.23328239  (  53.640165 )
./integ_temp/linear_h2_9/int_mono_linear_h2_9_4_5_0.dat -> 7 eris
./integ_temp/linear_h2_9/int_mono_linear_h2_9_0_5_0.dat -> 7 eris
./integ_temp/linear_h2_9/int_mono_linear_h2_9_8_5_0.dat -> 7 eris
./integ_temp/linear_h2_9/int_mono_linear_h2_9_7_5_0.dat -> 7 eris
./integ_temp/linear_h2_9/int_mono_linear_h2_9_5_5_0.dat -> 7 eris
./integ_temp/linear_h2_9/int_mono_linear_h2_9_6_5_0.dat -> 7 eris
./integ_temp/linear_h2_9/int_mono_linear_h2_9_1_5_0.dat -> 7 eris
./integ_temp/linear_h2_9/int_mono_linear_h2_9_2_5_0.dat -> 7 eris
./integ_temp/linear_h2_9/int_mono_linear_h2_9_3_5_0.dat -> 7 eris
pyscript : VQE for ./integ_temp/linear_h2_9/int_mono_linear_h2_9_8_5_0.dat spawned.
pyscript : VQE for ./integ_temp/linear_h2_9/int_mono_linear_h2_9_7_5_0.dat spawned.
pyscript : VQE for ./integ_temp/linear_h2_9/int_mono_linear_h2_9_6_5_0.dat spawned.
pyscript : output ./result_temp/linear_h2_9/res_mono_linear_h2_9_7_5_0.dat Generated.
pyscript : output ./result_temp/linear_h2_9/res_mono_linear_h2_9_8_5_0.dat Generated.
it=5	mon=[8]	energy=-1.433246
it=5	mon=[7]	energy=-1.594040
pyscript : VQE for ./integ_temp/linear_h2_9/int_mono_linear_h2_9_3_5_0.dat spawned.
pyscript : VQE for ./integ_temp/linear_h2_9/int_mono_linear_h2_9_5_5_0.dat spawned.
pyscript : VQE for ./integ_temp/linear_h2_9/int_mono_linear_h2_9_0_5_0.dat spawned.
pyscript : VQE for ./integ_temp/linear_h2_9/int_mono_linear_h2_9_1_5_0.dat spawned.
pyscript : VQE for ./integ_temp/linear_h2_9/int_mono_linear_h2_9_2_5_0.dat spawned.
pyscript : VQE for ./integ_temp/linear_h2_9/int_mono_linear_h2_9_4_5_0.dat spawned.
pyscript : output ./result_temp/linear_h2_9/res_mono_linear_h2_9_6_5_0.dat Generated.
it=5	mon=[6]	energy=-1.713234
pyscript : output ./result_temp/linear_h2_9/res_mono_linear_h2_9_5_5_0.dat Generated.
pyscript : output ./result_temp/linear_h2_9/res_mono_linear_h2_9_4_5_0.dat Generated.
it=5	mon=[5]	energy=-1.766783
pyscript : output ./result_temp/linear_h2_9/res_mono_linear_h2_9_3_5_0.dat Generated.
it=5	mon=[4]	energy=-1.789681
it=5	mon=[3]	energy=-1.791038
pyscript : output ./result_temp/linear_h2_9/res_mono_linear_h2_9_0_5_0.dat Generated.
it=5	mon=[0]	energy=-1.544310
pyscript : output ./result_temp/linear_h2_9/res_mono_linear_h2_9_2_5_0.dat Generated.
pyscript : output ./result_temp/linear_h2_9/res_mono_linear_h2_9_1_5_0.dat Generated.
it=5	mon=[2]	energy=-1.770272
it=5	mon=[1]	energy=-1.714802
##SCC itera= 5  conv=6  energy =     -15.11740525  energy0 =     -10.23330373  (  49.612148 )
./integ_temp/linear_h2_9/int_mono_linear_h2_9_1_6_0.dat -> 7 eris
./integ_temp/linear_h2_9/int_mono_linear_h2_9_7_6_0.dat -> 7 eris
./integ_temp/linear_h2_9/int_mono_linear_h2_9_8_6_0.dat -> 7 eris
./integ_temp/linear_h2_9/int_mono_linear_h2_9_3_6_0.dat -> 7 eris
./integ_temp/linear_h2_9/int_mono_linear_h2_9_6_6_0.dat -> 7 eris
./integ_temp/linear_h2_9/int_mono_linear_h2_9_5_6_0.dat -> 7 eris
./integ_temp/linear_h2_9/int_mono_linear_h2_9_2_6_0.dat -> 7 eris
./integ_temp/linear_h2_9/int_mono_linear_h2_9_0_6_0.dat -> 7 eris
./integ_temp/linear_h2_9/int_mono_linear_h2_9_4_6_0.dat -> 7 eris
pyscript : VQE for ./integ_temp/linear_h2_9/int_mono_linear_h2_9_8_6_0.dat spawned.
pyscript : VQE for ./integ_temp/linear_h2_9/int_mono_linear_h2_9_7_6_0.dat spawned.
pyscript : output ./result_temp/linear_h2_9/res_mono_linear_h2_9_7_6_0.dat Generated.
it=6	mon=[7]	energy=-1.594010
pyscript : output ./result_temp/linear_h2_9/res_mono_linear_h2_9_8_6_0.dat Generated.
pyscript : VQE for ./integ_temp/linear_h2_9/int_mono_linear_h2_9_6_6_0.dat spawned.
it=6	mon=[8]	energy=-1.433230
pyscript : VQE for ./integ_temp/linear_h2_9/int_mono_linear_h2_9_3_6_0.dat spawned.
pyscript : VQE for ./integ_temp/linear_h2_9/int_mono_linear_h2_9_5_6_0.dat spawned.
pyscript : VQE for ./integ_temp/linear_h2_9/int_mono_linear_h2_9_1_6_0.dat spawned.
pyscript : VQE for ./integ_temp/linear_h2_9/int_mono_linear_h2_9_2_6_0.dat spawned.
pyscript : VQE for ./integ_temp/linear_h2_9/int_mono_linear_h2_9_0_6_0.dat spawned.
pyscript : VQE for ./integ_temp/linear_h2_9/int_mono_linear_h2_9_4_6_0.dat spawned.
pyscript : output ./result_temp/linear_h2_9/res_mono_linear_h2_9_3_6_0.dat Generated.
pyscript : output ./result_temp/linear_h2_9/res_mono_linear_h2_9_6_6_0.dat Generated.
it=6	mon=[3]	energy=-1.791016
pyscript : output ./result_temp/linear_h2_9/res_mono_linear_h2_9_2_6_0.dat Generated.
it=6	mon=[6]	energy=-1.713219
it=6	mon=[2]	energy=-1.770264
pyscript : output ./result_temp/linear_h2_9/res_mono_linear_h2_9_5_6_0.dat Generated.
it=6	mon=[5]	energy=-1.766760
pyscript : output ./result_temp/linear_h2_9/res_mono_linear_h2_9_0_6_0.dat Generated.
pyscript : output ./result_temp/linear_h2_9/res_mono_linear_h2_9_4_6_0.dat Generated.
it=6	mon=[0]	energy=-1.544300
pyscript : output ./result_temp/linear_h2_9/res_mono_linear_h2_9_1_6_0.dat Generated.
it=6	mon=[4]	energy=-1.789651
it=6	mon=[1]	energy=-1.714786
##SCC itera= 6  conv=6  energy =     -15.11723586  energy0 =     -10.23320596  (  48.616182 )
./integ_temp/linear_h2_9/int_mono_linear_h2_9_7_7_0.dat -> 7 eris
./integ_temp/linear_h2_9/int_mono_linear_h2_9_1_7_0.dat -> 7 eris
./integ_temp/linear_h2_9/int_mono_linear_h2_9_8_7_0.dat -> 7 eris
./integ_temp/linear_h2_9/int_mono_linear_h2_9_2_7_0.dat -> 7 eris
./integ_temp/linear_h2_9/int_mono_linear_h2_9_6_7_0.dat -> 7 eris
./integ_temp/linear_h2_9/int_mono_linear_h2_9_0_7_0.dat -> 7 eris
./integ_temp/linear_h2_9/int_mono_linear_h2_9_4_7_0.dat -> 7 eris
./integ_temp/linear_h2_9/int_mono_linear_h2_9_5_7_0.dat -> 7 eris
./integ_temp/linear_h2_9/int_mono_linear_h2_9_3_7_0.dat -> 7 eris
pyscript : VQE for ./integ_temp/linear_h2_9/int_mono_linear_h2_9_8_7_0.dat spawned.
pyscript : VQE for ./integ_temp/linear_h2_9/int_mono_linear_h2_9_7_7_0.dat spawned.
pyscript : output ./result_temp/linear_h2_9/res_mono_linear_h2_9_7_7_0.dat Generated.
it=7	mon=[7]	energy=-1.594014
pyscript : output ./result_temp/linear_h2_9/res_mono_linear_h2_9_8_7_0.dat Generated.
pyscript : VQE for ./integ_temp/linear_h2_9/int_mono_linear_h2_9_6_7_0.dat spawned.
pyscript : VQE for ./integ_temp/linear_h2_9/int_mono_linear_h2_9_5_7_0.dat spawned.
it=7	mon=[8]	energy=-1.433234
pyscript : VQE for ./integ_temp/linear_h2_9/int_mono_linear_h2_9_4_7_0.dat spawned.
pyscript : VQE for ./integ_temp/linear_h2_9/int_mono_linear_h2_9_1_7_0.dat spawned.
pyscript : VQE for ./integ_temp/linear_h2_9/int_mono_linear_h2_9_2_7_0.dat spawned.
pyscript : VQE for ./integ_temp/linear_h2_9/int_mono_linear_h2_9_0_7_0.dat spawned.
pyscript : output ./result_temp/linear_h2_9/res_mono_linear_h2_9_4_7_0.dat Generated.
pyscript : VQE for ./integ_temp/linear_h2_9/int_mono_linear_h2_9_3_7_0.dat spawned.
it=7	mon=[4]	energy=-1.789674
pyscript : output ./result_temp/linear_h2_9/res_mono_linear_h2_9_5_7_0.dat Generated.
it=7	mon=[5]	energy=-1.766756
pyscript : output ./result_temp/linear_h2_9/res_mono_linear_h2_9_6_7_0.dat Generated.
it=7	mon=[6]	energy=-1.713236
pyscript : output ./result_temp/linear_h2_9/res_mono_linear_h2_9_0_7_0.dat Generated.
pyscript : output ./result_temp/linear_h2_9/res_mono_linear_h2_9_3_7_0.dat Generated.
it=7	mon=[0]	energy=-1.544308
pyscript : output ./result_temp/linear_h2_9/res_mono_linear_h2_9_1_7_0.dat Generated.
pyscript : output ./result_temp/linear_h2_9/res_mono_linear_h2_9_2_7_0.dat Generated.
it=7	mon=[3]	energy=-1.791028
it=7	mon=[1]	energy=-1.714800
it=7	mon=[2]	energy=-1.770276
##SCC itera= 7  conv=7  energy =     -15.11732634  energy0 =     -10.23320514  (  47.817032 )
./integ_temp/linear_h2_9/int_mono_linear_h2_9_6_8_0.dat -> 7 eris
./integ_temp/linear_h2_9/int_mono_linear_h2_9_0_8_0.dat -> 7 eris
./integ_temp/linear_h2_9/int_mono_linear_h2_9_2_8_0.dat -> 7 eris
./integ_temp/linear_h2_9/int_mono_linear_h2_9_8_8_0.dat -> 7 eris
./integ_temp/linear_h2_9/int_mono_linear_h2_9_7_8_0.dat -> 7 eris
./integ_temp/linear_h2_9/int_mono_linear_h2_9_1_8_0.dat -> 7 eris
./integ_temp/linear_h2_9/int_mono_linear_h2_9_3_8_0.dat -> 7 eris
./integ_temp/linear_h2_9/int_mono_linear_h2_9_5_8_0.dat -> 7 eris
./integ_temp/linear_h2_9/int_mono_linear_h2_9_4_8_0.dat -> 7 eris
pyscript : VQE for ./integ_temp/linear_h2_9/int_mono_linear_h2_9_8_8_0.dat spawned.
pyscript : VQE for ./integ_temp/linear_h2_9/int_mono_linear_h2_9_6_8_0.dat spawned.
pyscript : VQE for ./integ_temp/linear_h2_9/int_mono_linear_h2_9_7_8_0.dat spawned.
pyscript : output ./result_temp/linear_h2_9/res_mono_linear_h2_9_8_8_0.dat Generated.
it=8	mon=[8]	energy=-1.433248
pyscript : VQE for ./integ_temp/linear_h2_9/int_mono_linear_h2_9_3_8_0.dat spawned.
pyscript : output ./result_temp/linear_h2_9/res_mono_linear_h2_9_6_8_0.dat Generated.
pyscript : VQE for ./integ_temp/linear_h2_9/int_mono_linear_h2_9_5_8_0.dat spawned.
it=8	mon=[6]	energy=-1.713234
pyscript : output ./result_temp/linear_h2_9/res_mono_linear_h2_9_7_8_0.dat Generated.
pyscript : VQE for ./integ_temp/linear_h2_9/int_mono_linear_h2_9_0_8_0.dat spawned.
pyscript : VQE for ./integ_temp/linear_h2_9/int_mono_linear_h2_9_2_8_0.dat spawned.
pyscript : VQE for ./integ_temp/linear_h2_9/int_mono_linear_h2_9_1_8_0.dat spawned.
it=8	mon=[7]	energy=-1.594044
pyscript : VQE for ./integ_temp/linear_h2_9/int_mono_linear_h2_9_4_8_0.dat spawned.
pyscript : output ./result_temp/linear_h2_9/res_mono_linear_h2_9_3_8_0.dat Generated.
it=8	mon=[3]	energy=-1.791032
pyscript : output ./result_temp/linear_h2_9/res_mono_linear_h2_9_4_8_0.dat Generated.
pyscript : output ./result_temp/linear_h2_9/res_mono_linear_h2_9_5_8_0.dat Generated.
it=8	mon=[4]	energy=-1.789689
it=8	mon=[5]	energy=-1.766788
pyscript : output ./result_temp/linear_h2_9/res_mono_linear_h2_9_0_8_0.dat Generated.
it=8	mon=[0]	energy=-1.544310
pyscript : output ./result_temp/linear_h2_9/res_mono_linear_h2_9_2_8_0.dat Generated.
pyscript : output ./result_temp/linear_h2_9/res_mono_linear_h2_9_1_8_0.dat Generated.
it=8	mon=[2]	energy=-1.770286
##SCC itera= 8  conv=7  energy =     -15.11742980  energy0 =     -10.23329568  (  48.268309 )
it=8	mon=[1]	energy=-1.714800
./integ_temp/linear_h2_9/int_mono_linear_h2_9_5_9_0.dat -> 7 eris
./integ_temp/linear_h2_9/int_mono_linear_h2_9_8_9_0.dat -> 7 eris
./integ_temp/linear_h2_9/int_mono_linear_h2_9_3_9_0.dat -> 7 eris
./integ_temp/linear_h2_9/int_mono_linear_h2_9_7_9_0.dat -> 7 eris
./integ_temp/linear_h2_9/int_mono_linear_h2_9_6_9_0.dat -> 7 eris
./integ_temp/linear_h2_9/int_mono_linear_h2_9_1_9_0.dat -> 7 eris
./integ_temp/linear_h2_9/int_mono_linear_h2_9_2_9_0.dat -> 7 eris
./integ_temp/linear_h2_9/int_mono_linear_h2_9_0_9_0.dat -> 7 eris
./integ_temp/linear_h2_9/int_mono_linear_h2_9_4_9_0.dat -> 7 eris
pyscript : VQE for ./integ_temp/linear_h2_9/int_mono_linear_h2_9_8_9_0.dat spawned.
pyscript : VQE for ./integ_temp/linear_h2_9/int_mono_linear_h2_9_7_9_0.dat spawned.
pyscript : VQE for ./integ_temp/linear_h2_9/int_mono_linear_h2_9_5_9_0.dat spawned.
pyscript : output ./result_temp/linear_h2_9/res_mono_linear_h2_9_8_9_0.dat Generated.
it=9	mon=[8]	energy=-1.433250
pyscript : VQE for ./integ_temp/linear_h2_9/int_mono_linear_h2_9_6_9_0.dat spawned.
pyscript : VQE for ./integ_temp/linear_h2_9/int_mono_linear_h2_9_3_9_0.dat spawned.
pyscript : VQE for ./integ_temp/linear_h2_9/int_mono_linear_h2_9_1_9_0.dat spawned.
pyscript : VQE for ./integ_temp/linear_h2_9/int_mono_linear_h2_9_0_9_0.dat spawned.
pyscript : output ./result_temp/linear_h2_9/res_mono_linear_h2_9_7_9_0.dat Generated.
pyscript : VQE for ./integ_temp/linear_h2_9/int_mono_linear_h2_9_2_9_0.dat spawned.
pyscript : VQE for ./integ_temp/linear_h2_9/int_mono_linear_h2_9_4_9_0.dat spawned.
it=9	mon=[7]	energy=-1.594046
pyscript : output ./result_temp/linear_h2_9/res_mono_linear_h2_9_5_9_0.dat Generated.
it=9	mon=[5]	energy=-1.766792
pyscript : output ./result_temp/linear_h2_9/res_mono_linear_h2_9_6_9_0.dat Generated.
it=9	mon=[6]	energy=-1.713240
pyscript : output ./result_temp/linear_h2_9/res_mono_linear_h2_9_3_9_0.dat Generated.
it=9	mon=[3]	energy=-1.791040
pyscript : output ./result_temp/linear_h2_9/res_mono_linear_h2_9_4_9_0.dat Generated.
pyscript : output ./result_temp/linear_h2_9/res_mono_linear_h2_9_0_9_0.dat Generated.
it=9	mon=[4]	energy=-1.789695
it=9	mon=[0]	energy=-1.544316
pyscript : output ./result_temp/linear_h2_9/res_mono_linear_h2_9_2_9_0.dat Generated.
pyscript : output ./result_temp/linear_h2_9/res_mono_linear_h2_9_1_9_0.dat Generated.
it=9	mon=[2]	energy=-1.770286
it=9	mon=[1]	energy=-1.714810
##SCC itera= 9  conv=7  energy =     -15.11747385  energy0 =     -10.23329576  (  49.556262 )
==== SCC converged ====
##T         ---- Finish SCC procedure ---- : lap time= 448.683168 ( total etime= 451.841214 )
./integ_temp/linear_h2_9/int_dim_linear_h2_9_2-1_130_0.dat -> 65 eris
./integ_temp/linear_h2_9/int_dim_linear_h2_9_4-1_130_0.dat -> 65 eris
./integ_temp/linear_h2_9/int_dim_linear_h2_9_3-2_130_0.dat -> 65 eris
./integ_temp/linear_h2_9/int_dim_linear_h2_9_4-2_130_0.dat -> 65 eris
./integ_temp/linear_h2_9/int_dim_linear_h2_9_4-0_130_0.dat -> 65 eris
./integ_temp/linear_h2_9/int_dim_linear_h2_9_2-0_130_0.dat -> 65 eris
./integ_temp/linear_h2_9/int_dim_linear_h2_9_1-0_130_0.dat -> 65 eris
./integ_temp/linear_h2_9/int_dim_linear_h2_9_3-0_130_0.dat -> 65 eris
./integ_temp/linear_h2_9/int_dim_linear_h2_9_3-1_130_0.dat -> 65 eris
pyscript : VQE for ./integ_temp/linear_h2_9/int_dim_linear_h2_9_4-1_130_0.dat spawned.
pyscript : VQE for ./integ_temp/linear_h2_9/int_dim_linear_h2_9_4-2_130_0.dat spawned.
pyscript : VQE for ./integ_temp/linear_h2_9/int_dim_linear_h2_9_4-0_130_0.dat spawned.
pyscript : VQE for ./integ_temp/linear_h2_9/int_dim_linear_h2_9_3-2_130_0.dat spawned.
pyscript : VQE for ./integ_temp/linear_h2_9/int_dim_linear_h2_9_3-0_130_0.dat spawned.
pyscript : VQE for ./integ_temp/linear_h2_9/int_dim_linear_h2_9_2-1_130_0.dat spawned.
pyscript : VQE for ./integ_temp/linear_h2_9/int_dim_linear_h2_9_2-0_130_0.dat spawned.
pyscript : VQE for ./integ_temp/linear_h2_9/int_dim_linear_h2_9_1-0_130_0.dat spawned.
pyscript : VQE for ./integ_temp/linear_h2_9/int_dim_linear_h2_9_3-1_130_0.dat spawned.
pyscript : output ./result_temp/linear_h2_9/res_dim_linear_h2_9_4-1_130_0.dat Generated.
it=130	mon=[4, 1]	energy=-3.393970
# E=    -3.3939699306 E-DV=    -2.2743512630 DV=    -1.1196186676 DDV=     0.0002052948
./integ_temp/linear_h2_9/int_dim_linear_h2_9_4-3_130_0.dat -> 65 eris
pyscript : VQE for ./integ_temp/linear_h2_9/int_dim_linear_h2_9_4-3_130_0.dat spawned.
pyscript : output ./result_temp/linear_h2_9/res_dim_linear_h2_9_4-0_130_0.dat Generated.
it=130	mon=[4, 0]	energy=-3.248924
# E=    -3.2489243916 E-DV=    -2.2740254316 DV=    -0.9748989600 DDV=     0.0001616665
./integ_temp/linear_h2_9/int_dim_linear_h2_9_5-0_130_0.dat -> 65 eris
pyscript : VQE for ./integ_temp/linear_h2_9/int_dim_linear_h2_9_5-0_130_0.dat spawned.
pyscript : output ./result_temp/linear_h2_9/res_dim_linear_h2_9_3-0_130_0.dat Generated.
pyscript : output ./result_temp/linear_h2_9/res_dim_linear_h2_9_5-0_130_0.dat Generated.
it=130	mon=[3, 0]	energy=-3.221499
# E=    -3.2214987433 E-DV=    -2.2740745114 DV=    -0.9474242319 DDV=     0.0001876679
./integ_temp/linear_h2_9/int_dim_linear_h2_9_5-1_130_0.dat -> 65 eris
it=130	mon=[5, 0]	energy=-3.243279
# E=    -3.2432791302 E-DV=    -2.2739699764 DV=    -0.9693091538 DDV=     0.0001445397
./integ_temp/linear_h2_9/int_dim_linear_h2_9_5-2_130_0.dat -> 65 eris
pyscript : VQE for ./integ_temp/linear_h2_9/int_dim_linear_h2_9_5-2_130_0.dat spawned.
pyscript : VQE for ./integ_temp/linear_h2_9/int_dim_linear_h2_9_5-1_130_0.dat spawned.
pyscript : output ./result_temp/linear_h2_9/res_dim_linear_h2_9_4-2_130_0.dat Generated.
it=130	mon=[4, 2]	energy=-3.394528
# E=    -3.3945284175 E-DV=    -2.2743225644 DV=    -1.1202058530 DDV=     0.0001687604
./integ_temp/linear_h2_9/int_dim_linear_h2_9_5-3_130_0.dat -> 65 eris
pyscript : VQE for ./integ_temp/linear_h2_9/int_dim_linear_h2_9_5-3_130_0.dat spawned.
pyscript : output ./result_temp/linear_h2_9/res_dim_linear_h2_9_5-2_130_0.dat Generated.
it=130	mon=[5, 2]	energy=-3.427526
# E=    -3.4275259498 E-DV=    -2.2742878266 DV=    -1.1532381233 DDV=     0.0001992917
./integ_temp/linear_h2_9/int_dim_linear_h2_9_5-4_130_0.dat -> 65 eris
pyscript : VQE for ./integ_temp/linear_h2_9/int_dim_linear_h2_9_5-4_130_0.dat spawned.
pyscript : output ./result_temp/linear_h2_9/res_dim_linear_h2_9_5-1_130_0.dat Generated.
it=130	mon=[5, 1]	energy=-3.399065
# E=    -3.3990646570 E-DV=    -2.2743070254 DV=    -1.1247576316 DDV=     0.0002014427
./integ_temp/linear_h2_9/int_dim_linear_h2_9_6-0_130_0.dat -> 65 eris
pyscript : VQE for ./integ_temp/linear_h2_9/int_dim_linear_h2_9_6-0_130_0.dat spawned.
pyscript : output ./result_temp/linear_h2_9/res_dim_linear_h2_9_5-3_130_0.dat Generated.
it=130	mon=[5, 3]	energy=-3.393408
# E=    -3.3934078168 E-DV=    -2.2742610761 DV=    -1.1191467407 DDV=     0.0001682518
./integ_temp/linear_h2_9/int_dim_linear_h2_9_6-1_130_0.dat -> 65 eris
pyscript : VQE for ./integ_temp/linear_h2_9/int_dim_linear_h2_9_6-1_130_0.dat spawned.
pyscript : output ./result_temp/linear_h2_9/res_dim_linear_h2_9_3-1_130_0.dat Generated.
it=130	mon=[3, 1]	energy=-3.339026
# E=    -3.3390258572 E-DV=    -2.2743761720 DV=    -1.0646496852 DDV=     0.0001801084
./integ_temp/linear_h2_9/int_dim_linear_h2_9_6-2_130_0.dat -> 65 eris
pyscript : VQE for ./integ_temp/linear_h2_9/int_dim_linear_h2_9_6-2_130_0.dat spawned.
pyscript : output ./result_temp/linear_h2_9/res_dim_linear_h2_9_6-1_130_0.dat Generated.
it=130	mon=[6, 1]	energy=-3.362420
# E=    -3.3624204208 E-DV=    -2.2742104915 DV=    -1.0882099293 DDV=     0.0001908580
./integ_temp/linear_h2_9/int_dim_linear_h2_9_6-3_130_0.dat -> 65 eris
pyscript : VQE for ./integ_temp/linear_h2_9/int_dim_linear_h2_9_6-3_130_0.dat spawned.
pyscript : output ./result_temp/linear_h2_9/res_dim_linear_h2_9_2-0_130_0.dat Generated.
it=130	mon=[2, 0]	energy=-3.142741
# E=    -3.1427411227 E-DV=    -2.2741550349 DV=    -0.8685860877 DDV=     0.0002200786
./integ_temp/linear_h2_9/int_dim_linear_h2_9_6-4_130_0.dat -> 65 eris
pyscript : VQE for ./integ_temp/linear_h2_9/int_dim_linear_h2_9_6-4_130_0.dat spawned.
pyscript : output ./result_temp/linear_h2_9/res_dim_linear_h2_9_6-3_130_0.dat Generated.
it=130	mon=[6, 3]	energy=-3.395676
# E=    -3.3956764124 E-DV=    -2.2741790217 DV=    -1.1214973908 DDV=     0.0001954551
./integ_temp/linear_h2_9/int_dim_linear_h2_9_6-5_130_0.dat -> 65 eris
pyscript : VQE for ./integ_temp/linear_h2_9/int_dim_linear_h2_9_6-5_130_0.dat spawned.
pyscript : output ./result_temp/linear_h2_9/res_dim_linear_h2_9_6-2_130_0.dat Generated.
it=130	mon=[6, 2]	energy=-3.401921
# E=    -3.4019211860 E-DV=    -2.2741697525 DV=    -1.1277514335 DDV=     0.0001942397
./integ_temp/linear_h2_9/int_dim_linear_h2_9_7-0_130_0.dat -> 65 eris
pyscript : VQE for ./integ_temp/linear_h2_9/int_dim_linear_h2_9_7-0_130_0.dat spawned.
pyscript : output ./result_temp/linear_h2_9/res_dim_linear_h2_9_6-0_130_0.dat Generated.
it=130	mon=[6, 0]	energy=-3.201349
# E=    -3.2013488999 E-DV=    -2.2738727473 DV=    -0.9274761526 DDV=     0.0001274601
./integ_temp/linear_h2_9/int_dim_linear_h2_9_7-1_130_0.dat -> 65 eris
pyscript : VQE for ./integ_temp/linear_h2_9/int_dim_linear_h2_9_7-1_130_0.dat spawned.
pyscript : output ./result_temp/linear_h2_9/res_dim_linear_h2_9_4-3_130_0.dat Generated.
it=130	mon=[4, 3]	energy=-3.244039
# E=    -3.2440385299 E-DV=    -2.2737779141 DV=    -0.9702606159 DDV=    -0.0006897080
./integ_temp/linear_h2_9/int_dim_linear_h2_9_7-2_130_0.dat -> 65 eris
pyscript : VQE for ./integ_temp/linear_h2_9/int_dim_linear_h2_9_7-2_130_0.dat spawned.
pyscript : output ./result_temp/linear_h2_9/res_dim_linear_h2_9_7-2_130_0.dat Generated.
it=130	mon=[7, 2]	energy=-3.300121
# E=    -3.3001206799 E-DV=    -2.2737862276 DV=    -1.0263344523 DDV=     0.0001546499
./integ_temp/linear_h2_9/int_dim_linear_h2_9_7-3_130_0.dat -> 65 eris
pyscript : VQE for ./integ_temp/linear_h2_9/int_dim_linear_h2_9_7-3_130_0.dat spawned.
pyscript : output ./result_temp/linear_h2_9/res_dim_linear_h2_9_7-0_130_0.dat Generated.
it=130	mon=[7, 0]	energy=-3.090924
# E=    -3.0909236816 E-DV=    -2.2733132724 DV=    -0.8176104091 DDV=     0.0000791065
./integ_temp/linear_h2_9/int_dim_linear_h2_9_7-4_130_0.dat -> 65 eris
pyscript : VQE for ./integ_temp/linear_h2_9/int_dim_linear_h2_9_7-4_130_0.dat spawned.
pyscript : output ./result_temp/linear_h2_9/res_dim_linear_h2_9_7-3_130_0.dat Generated.
it=130	mon=[7, 3]	energy=-3.305029
# E=    -3.3050293408 E-DV=    -2.2736836613 DV=    -1.0313456795 DDV=     0.0001634871
./integ_temp/linear_h2_9/int_dim_linear_h2_9_7-5_130_0.dat -> 65 eris
pyscript : VQE for ./integ_temp/linear_h2_9/int_dim_linear_h2_9_7-5_130_0.dat spawned.
pyscript : output ./result_temp/linear_h2_9/res_dim_linear_h2_9_6-5_130_0.dat Generated.
it=130	mon=[6, 5]	energy=-3.147976
# E=    -3.1479764246 E-DV=    -2.2734997246 DV=    -0.8744767000 DDV=    -0.0005589351
./integ_temp/linear_h2_9/int_dim_linear_h2_9_7-6_130_0.dat -> 65 eris
pyscript : VQE for ./integ_temp/linear_h2_9/int_dim_linear_h2_9_7-6_130_0.dat spawned.
pyscript : output ./result_temp/linear_h2_9/res_dim_linear_h2_9_7-1_130_0.dat Generated.
it=130	mon=[7, 1]	energy=-3.255042
# E=    -3.2550417082 E-DV=    -2.2738000001 DV=    -0.9812417082 DDV=     0.0001475676
./integ_temp/linear_h2_9/int_dim_linear_h2_9_8-0_130_0.dat -> 65 eris
pyscript : VQE for ./integ_temp/linear_h2_9/int_dim_linear_h2_9_8-0_130_0.dat spawned.
pyscript : output ./result_temp/linear_h2_9/res_dim_linear_h2_9_5-4_130_0.dat Generated.
it=130	mon=[5, 4]	energy=-3.221575
# E=    -3.2215747862 E-DV=    -2.2736356371 DV=    -0.9479391490 DDV=    -0.0006486735
./integ_temp/linear_h2_9/int_dim_linear_h2_9_8-1_130_0.dat -> 65 eris
pyscript : VQE for ./integ_temp/linear_h2_9/int_dim_linear_h2_9_8-1_130_0.dat spawned.
pyscript : output ./result_temp/linear_h2_9/res_dim_linear_h2_9_6-4_130_0.dat Generated.
it=130	mon=[6, 4]	energy=-3.339851
# E=    -3.3398508384 E-DV=    -2.2741434195 DV=    -1.0657074189 DDV=     0.0001768891
./integ_temp/linear_h2_9/int_dim_linear_h2_9_8-2_130_0.dat -> 65 eris
pyscript : VQE for ./integ_temp/linear_h2_9/int_dim_linear_h2_9_8-2_130_0.dat spawned.
pyscript : output ./result_temp/linear_h2_9/res_dim_linear_h2_9_7-4_130_0.dat Generated.
it=130	mon=[7, 4]	energy=-3.277151
# E=    -3.2771511466 E-DV=    -2.2737665914 DV=    -1.0033845551 DDV=     0.0001797592
./integ_temp/linear_h2_9/int_dim_linear_h2_9_8-3_130_0.dat -> 65 eris
pyscript : VQE for ./integ_temp/linear_h2_9/int_dim_linear_h2_9_8-3_130_0.dat spawned.
pyscript : output ./result_temp/linear_h2_9/res_dim_linear_h2_9_8-1_130_0.dat Generated.
it=130	mon=[8, 1]	energy=-3.098322
# E=    -3.0983216987 E-DV=    -2.2743249343 DV=    -0.8239967644 DDV=     0.0001079222
./integ_temp/linear_h2_9/int_dim_linear_h2_9_8-4_130_0.dat -> 65 eris
pyscript : VQE for ./integ_temp/linear_h2_9/int_dim_linear_h2_9_8-4_130_0.dat spawned.
pyscript : output ./result_temp/linear_h2_9/res_dim_linear_h2_9_3-2_130_0.dat Generated.
it=130	mon=[3, 2]	energy=-3.222892
# E=    -3.2228919352 E-DV=    -2.2739063981 DV=    -0.9489855371 DDV=    -0.0007109469
./integ_temp/linear_h2_9/int_dim_linear_h2_9_8-5_130_0.dat -> 65 eris
pyscript : output ./result_temp/linear_h2_9/res_dim_linear_h2_9_7-5_130_0.dat Generated.
pyscript : output ./result_temp/linear_h2_9/res_dim_linear_h2_9_8-0_130_0.dat Generated.
it=130	mon=[7, 5]	energy=-3.200893
# E=    -3.2008932311 E-DV=    -2.2737793939 DV=    -0.9271138372 DDV=     0.0002041605
./integ_temp/linear_h2_9/int_dim_linear_h2_9_8-6_130_0.dat -> 65 eris
it=130	mon=[8, 0]	energy=-2.933334
# E=    -2.9333336546 E-DV=    -2.2739332584 DV=    -0.6594003962 DDV=     0.0000433613
./integ_temp/linear_h2_9/int_dim_linear_h2_9_8-7_130_0.dat -> 65 eris
pyscript : VQE for ./integ_temp/linear_h2_9/int_dim_linear_h2_9_8-5_130_0.dat spawned.
pyscript : VQE for ./integ_temp/linear_h2_9/int_dim_linear_h2_9_8-6_130_0.dat spawned.
pyscript : VQE for ./integ_temp/linear_h2_9/int_dim_linear_h2_9_8-7_130_0.dat spawned.
pyscript : output ./result_temp/linear_h2_9/res_dim_linear_h2_9_8-4_130_0.dat Generated.
pyscript : output ./result_temp/linear_h2_9/res_dim_linear_h2_9_1-0_130_0.dat Generated.
it=130	mon=[1, 0]	energy=-2.906759
# E=    -2.9067586562 E-DV=    -2.2737103526 DV=    -0.6330483036 DDV=    -0.0005277955
it=130	mon=[8, 4]	energy=-3.130765
# E=    -3.1307648022 E-DV=    -2.2742197823 DV=    -0.8565450199 DDV=     0.0000882594
pyscript : output ./result_temp/linear_h2_9/res_dim_linear_h2_9_8-3_130_0.dat Generated.
it=130	mon=[8, 3]	energy=-3.152786
# E=    -3.1527864468 E-DV=    -2.2742600421 DV=    -0.8785264047 DDV=     0.0001024068
pyscript : output ./result_temp/linear_h2_9/res_dim_linear_h2_9_8-2_130_0.dat Generated.
it=130	mon=[8, 2]	energy=-3.145004
# E=    -3.1450036904 E-DV=    -2.2743035202 DV=    -0.8707001702 DDV=     0.0001075862
pyscript : output ./result_temp/linear_h2_9/res_dim_linear_h2_9_8-5_130_0.dat Generated.
it=130	mon=[8, 5]	energy=-3.069703
# E=    -3.0697027635 E-DV=    -2.2741685436 DV=    -0.7955342198 DDV=     0.0000316632
pyscript : output ./result_temp/linear_h2_9/res_dim_linear_h2_9_8-6_130_0.dat Generated.
pyscript : output ./result_temp/linear_h2_9/res_dim_linear_h2_9_7-6_130_0.dat Generated.
it=130	mon=[7, 6]	energy=-2.982471
# E=    -2.9824710994 E-DV=    -2.2734560152 DV=    -0.7090150842 DDV=    -0.0002722451
it=130	mon=[8, 6]	energy=-2.919308
# E=    -2.9193081405 E-DV=    -2.2737484689 DV=    -0.6455596716 DDV=    -0.0005052610
pyscript : output ./result_temp/linear_h2_9/res_dim_linear_h2_9_2-1_130_0.dat Generated.
it=130	mon=[2, 1]	energy=-3.143762
# E=    -3.1437623909 E-DV=    -2.2739862463 DV=    -0.8697761446 DDV=    -0.0007094338
pyscript : output ./result_temp/linear_h2_9/res_dim_linear_h2_9_8-7_130_0.dat Generated.
it=130	mon=[8, 7]	energy=-2.756825
# E=    -2.7568248623 E-DV=    -2.2739783955 DV=    -0.4828464669 DDV=     0.0003460049
##T    ---- Finish to Calc. Dimer SCF ---- : lap time= 2401.103930 ( total etime= 2852.945170 )
       ( # of scf dimer = 36 )
        dE0(SCF dimer) =       0.00247634
##T     ---- Finish to Calc. ES Dimer ---- : lap time=   0.011947 ( total etime= 2852.957145 )
    (# of ES dimer = 0)
    dE0(ES dimer) =       0.00000000
    total energy(FMO) =     -10.23081942
##T  -- All workers have been destroyed -- : lap time=   0.016082 ( total etime= 2852.973244 )
---- ATOMIC POPULATION DATA -----
   SN AN  ATOMIC POP  NET CHARGE
---------------------------------
    1  1       0.993       0.007
    2  1       1.007      -0.007
    3  1       1.000      -0.000
    4  1       1.000       0.000
    5  1       1.002      -0.002
    6  1       0.998       0.002
    7  1       1.004      -0.004
    8  1       0.996       0.004
    9  1       1.006      -0.006
   10  1       0.994       0.006
   11  1       1.009      -0.009
   12  1       0.991       0.009
   13  1       1.026      -0.026
   14  1       0.974       0.026
   15  1       0.978       0.022
   16  1       1.022      -0.022
   17  1       0.997       0.003
   18  1       1.003      -0.003
---------------------------------
total charge =     -0.000
---------------------------------
##T    -- calc AO and atomic population -- : lap time=   0.000331 ( total etime= 2852.973590 )
##T   -- All mservs have been destroyed -- : lap time=   0.000021 ( total etime= 2852.973618 )
