Will Run VQE
ngroup       = 8
nioprocs     = 1
niogroup     = 1
nmaxprocs    = 10
group size   = 1
# of threads = 24
nintic       = 2048
input file name       = ./samples/h2_multimer/linear_H2_8.inp
prefix of output file = 
local input dir.      = ./
# of total invoked procs = 10 (=1iog*1iop+1+8gr*1pr)
master host name = gwonhaklee-System-Product-Name
-----------------------------------------------------
 # of data = 11
nfrag = 8
##T                  Finish Initialization : lap time=   0.000235 ( total etime=   0.000235 )
****** LIST OF HOST NAME (MSERV(ID=0))******
rank=  0 : gwonhaklee-System-Product-Name
********************************
##T        Finish to Create Memory Servers : lap time=   0.040783 ( total etime=   0.041032 )
****** LIST OF HOST NAME (WORKER(ID=0)) ******
rank=  0 : gwonhaklee-System-Product-Name
********************************
****** LIST OF HOST NAME (WORKER(ID=1)) ******
rank=  0 : gwonhaklee-System-Product-Name
********************************
****** LIST OF HOST NAME (WORKER(ID=2)) ******
rank=  0 : gwonhaklee-System-Product-Name
********************************
****** LIST OF HOST NAME (WORKER(ID=3)) ******
rank=  0 : gwonhaklee-System-Product-Name
********************************
****** LIST OF HOST NAME (WORKER(ID=4)) ******
rank=  0 : gwonhaklee-System-Product-Name
********************************
****** LIST OF HOST NAME (WORKER(ID=5)) ******
rank=  0 : gwonhaklee-System-Product-Name
********************************
****** LIST OF HOST NAME (WORKER(ID=6)) ******
rank=  0 : gwonhaklee-System-Product-Name
********************************
****** LIST OF HOST NAME (WORKER(ID=7)) ******
rank=  0 : gwonhaklee-System-Product-Name
********************************
##T               Finish to Create Workers : lap time=   0.805303 ( total etime=   0.846362 )
##T     Finish to Connect Mservs & Workers : lap time=   0.922214 ( total etime=   1.768593 )
calc. inter-frag distance list = 1
##T    Finish to Calculate Initial Density : lap time=   0.587890 ( total etime=   2.617426 )
---- start SCC (maxscc=30, sccconv=7) ----
./integ_temp/linear_h2_8/int_mono_linear_h2_8_5_1_0.dat -> 7 eris
./integ_temp/linear_h2_8/int_mono_linear_h2_8_2_1_0.dat -> 7 eris
./integ_temp/linear_h2_8/int_mono_linear_h2_8_7_1_0.dat -> 7 eris
./integ_temp/linear_h2_8/int_mono_linear_h2_8_3_1_0.dat -> 7 eris
./integ_temp/linear_h2_8/int_mono_linear_h2_8_4_1_0.dat -> 7 eris
./integ_temp/linear_h2_8/int_mono_linear_h2_8_6_1_0.dat -> 7 eris
./integ_temp/linear_h2_8/int_mono_linear_h2_8_0_1_0.dat -> 7 eris
./integ_temp/linear_h2_8/int_mono_linear_h2_8_1_1_0.dat -> 7 eris
pyscript : VQE for ./integ_temp/linear_h2_8/int_mono_linear_h2_8_7_1_0.dat spawned.
pyscript : VQE for ./integ_temp/linear_h2_8/int_mono_linear_h2_8_5_1_0.dat spawned.
pyscript : VQE for ./integ_temp/linear_h2_8/int_mono_linear_h2_8_6_1_0.dat spawned.
pyscript : VQE for ./integ_temp/linear_h2_8/int_mono_linear_h2_8_4_1_0.dat spawned.
pyscript : output ./result_temp/linear_h2_8/res_mono_linear_h2_8_7_1_0.dat Generated.
pyscript : VQE for ./integ_temp/linear_h2_8/int_mono_linear_h2_8_3_1_0.dat spawned.
it=1	mon=[7]	energy=-1.402294
pyscript : output ./result_temp/linear_h2_8/res_mono_linear_h2_8_5_1_0.dat Generated.
pyscript : output ./result_temp/linear_h2_8/res_mono_linear_h2_8_6_1_0.dat Generated.
pyscript : VQE for ./integ_temp/linear_h2_8/int_mono_linear_h2_8_2_1_0.dat spawned.
pyscript : VQE for ./integ_temp/linear_h2_8/int_mono_linear_h2_8_1_1_0.dat spawned.
pyscript : VQE for ./integ_temp/linear_h2_8/int_mono_linear_h2_8_0_1_0.dat spawned.
it=1	mon=[5]	energy=-1.678926
it=1	mon=[6]	energy=-1.560072
pyscript : output ./result_temp/linear_h2_8/res_mono_linear_h2_8_4_1_0.dat Generated.
it=1	mon=[4]	energy=-1.722498
pyscript : output ./result_temp/linear_h2_8/res_mono_linear_h2_8_3_1_0.dat Generated.
pyscript : output ./result_temp/linear_h2_8/res_mono_linear_h2_8_2_1_0.dat Generated.
it=1	mon=[3]	energy=-1.733083
pyscript : output ./result_temp/linear_h2_8/res_mono_linear_h2_8_0_1_0.dat Generated.
it=1	mon=[2]	energy=-1.716915
it=1	mon=[0]	energy=-1.509994
pyscript : output ./result_temp/linear_h2_8/res_mono_linear_h2_8_1_1_0.dat Generated.
it=1	mon=[1]	energy=-1.663909
##SCC itera= 1  conv=2  energy =     -12.98769212  energy0 =      -9.09635860  (  43.195963 )
./integ_temp/linear_h2_8/int_mono_linear_h2_8_7_2_0.dat -> 7 eris
./integ_temp/linear_h2_8/int_mono_linear_h2_8_2_2_0.dat -> 7 eris
./integ_temp/linear_h2_8/int_mono_linear_h2_8_4_2_0.dat -> 7 eris
./integ_temp/linear_h2_8/int_mono_linear_h2_8_5_2_0.dat -> 7 eris
./integ_temp/linear_h2_8/int_mono_linear_h2_8_6_2_0.dat -> 7 eris
./integ_temp/linear_h2_8/int_mono_linear_h2_8_1_2_0.dat -> 7 eris
./integ_temp/linear_h2_8/int_mono_linear_h2_8_0_2_0.dat -> 7 eris
./integ_temp/linear_h2_8/int_mono_linear_h2_8_3_2_0.dat -> 7 eris
pyscript : VQE for ./integ_temp/linear_h2_8/int_mono_linear_h2_8_7_2_0.dat spawned.
pyscript : VQE for ./integ_temp/linear_h2_8/int_mono_linear_h2_8_6_2_0.dat spawned.
pyscript : VQE for ./integ_temp/linear_h2_8/int_mono_linear_h2_8_5_2_0.dat spawned.
pyscript : VQE for ./integ_temp/linear_h2_8/int_mono_linear_h2_8_4_2_0.dat spawned.
pyscript : output ./result_temp/linear_h2_8/res_mono_linear_h2_8_7_2_0.dat Generated.
pyscript : VQE for ./integ_temp/linear_h2_8/int_mono_linear_h2_8_2_2_0.dat spawned.
it=2	mon=[7]	energy=-1.413767
pyscript : VQE for ./integ_temp/linear_h2_8/int_mono_linear_h2_8_1_2_0.dat spawned.
pyscript : VQE for ./integ_temp/linear_h2_8/int_mono_linear_h2_8_0_2_0.dat spawned.
pyscript : VQE for ./integ_temp/linear_h2_8/int_mono_linear_h2_8_3_2_0.dat spawned.
pyscript : output ./result_temp/linear_h2_8/res_mono_linear_h2_8_5_2_0.dat Generated.
it=2	mon=[5]	energy=-1.688439
pyscript : output ./result_temp/linear_h2_8/res_mono_linear_h2_8_6_2_0.dat Generated.
it=2	mon=[6]	energy=-1.572626
pyscript : output ./result_temp/linear_h2_8/res_mono_linear_h2_8_4_2_0.dat Generated.
pyscript : output ./result_temp/linear_h2_8/res_mono_linear_h2_8_0_2_0.dat Generated.
it=2	mon=[4]	energy=-1.736739
it=2	mon=[0]	energy=-1.522192
pyscript : output ./result_temp/linear_h2_8/res_mono_linear_h2_8_2_2_0.dat Generated.
pyscript : output ./result_temp/linear_h2_8/res_mono_linear_h2_8_1_2_0.dat Generated.
it=2	mon=[2]	energy=-1.738900
it=2	mon=[1]	energy=-1.688392
pyscript : output ./result_temp/linear_h2_8/res_mono_linear_h2_8_3_2_0.dat Generated.
it=2	mon=[3]	energy=-1.751705
##SCC itera= 2  conv=2  energy =     -13.11275904  energy0 =      -9.09620064  (  46.767819 )
./integ_temp/linear_h2_8/int_mono_linear_h2_8_3_3_0.dat -> 7 eris
./integ_temp/linear_h2_8/int_mono_linear_h2_8_5_3_0.dat -> 7 eris
./integ_temp/linear_h2_8/int_mono_linear_h2_8_7_3_0.dat -> 7 eris
./integ_temp/linear_h2_8/int_mono_linear_h2_8_2_3_0.dat -> 7 eris
./integ_temp/linear_h2_8/int_mono_linear_h2_8_1_3_0.dat -> 7 eris
./integ_temp/linear_h2_8/int_mono_linear_h2_8_6_3_0.dat -> 7 eris
./integ_temp/linear_h2_8/int_mono_linear_h2_8_0_3_0.dat -> 7 eris
./integ_temp/linear_h2_8/int_mono_linear_h2_8_4_3_0.dat -> 7 eris
pyscript : VQE for ./integ_temp/linear_h2_8/int_mono_linear_h2_8_7_3_0.dat spawned.
pyscript : VQE for ./integ_temp/linear_h2_8/int_mono_linear_h2_8_5_3_0.dat spawned.
pyscript : VQE for ./integ_temp/linear_h2_8/int_mono_linear_h2_8_6_3_0.dat spawned.
pyscript : VQE for ./integ_temp/linear_h2_8/int_mono_linear_h2_8_3_3_0.dat spawned.
pyscript : output ./result_temp/linear_h2_8/res_mono_linear_h2_8_7_3_0.dat Generated.
pyscript : VQE for ./integ_temp/linear_h2_8/int_mono_linear_h2_8_0_3_0.dat spawned.
pyscript : VQE for ./integ_temp/linear_h2_8/int_mono_linear_h2_8_2_3_0.dat spawned.
pyscript : VQE for ./integ_temp/linear_h2_8/int_mono_linear_h2_8_1_3_0.dat spawned.
it=3	mon=[7]	energy=-1.412917
pyscript : VQE for ./integ_temp/linear_h2_8/int_mono_linear_h2_8_4_3_0.dat spawned.
pyscript : output ./result_temp/linear_h2_8/res_mono_linear_h2_8_6_3_0.dat Generated.
it=3	mon=[6]	energy=-1.570969
pyscript : output ./result_temp/linear_h2_8/res_mono_linear_h2_8_5_3_0.dat Generated.
it=3	mon=[5]	energy=-1.686412
pyscript : output ./result_temp/linear_h2_8/res_mono_linear_h2_8_3_3_0.dat Generated.
it=3	mon=[3]	energy=-1.749440
pyscript : output ./result_temp/linear_h2_8/res_mono_linear_h2_8_4_3_0.dat Generated.
it=3	mon=[4]	energy=-1.734638
pyscript : output ./result_temp/linear_h2_8/res_mono_linear_h2_8_2_3_0.dat Generated.
pyscript : output ./result_temp/linear_h2_8/res_mono_linear_h2_8_1_3_0.dat Generated.
pyscript : output ./result_temp/linear_h2_8/res_mono_linear_h2_8_0_3_0.dat Generated.
it=3	mon=[2]	energy=-1.736977
it=3	mon=[1]	energy=-1.687071
it=3	mon=[0]	energy=-1.520640
##SCC itera= 3  conv=4  energy =     -13.09906491  energy0 =      -9.09620851  (  43.276118 )
./integ_temp/linear_h2_8/int_mono_linear_h2_8_4_4_0.dat -> 7 eris
./integ_temp/linear_h2_8/int_mono_linear_h2_8_2_4_0.dat -> 7 eris
./integ_temp/linear_h2_8/int_mono_linear_h2_8_7_4_0.dat -> 7 eris
./integ_temp/linear_h2_8/int_mono_linear_h2_8_3_4_0.dat -> 7 eris
./integ_temp/linear_h2_8/int_mono_linear_h2_8_6_4_0.dat -> 7 eris
./integ_temp/linear_h2_8/int_mono_linear_h2_8_1_4_0.dat -> 7 eris
./integ_temp/linear_h2_8/int_mono_linear_h2_8_0_4_0.dat -> 7 eris
./integ_temp/linear_h2_8/int_mono_linear_h2_8_5_4_0.dat -> 7 eris
pyscript : VQE for ./integ_temp/linear_h2_8/int_mono_linear_h2_8_7_4_0.dat spawned.
pyscript : VQE for ./integ_temp/linear_h2_8/int_mono_linear_h2_8_4_4_0.dat spawned.
pyscript : VQE for ./integ_temp/linear_h2_8/int_mono_linear_h2_8_5_4_0.dat spawned.
pyscript : VQE for ./integ_temp/linear_h2_8/int_mono_linear_h2_8_6_4_0.dat spawned.
pyscript : VQE for ./integ_temp/linear_h2_8/int_mono_linear_h2_8_2_4_0.dat spawned.
pyscript : VQE for ./integ_temp/linear_h2_8/int_mono_linear_h2_8_0_4_0.dat spawned.
pyscript : VQE for ./integ_temp/linear_h2_8/int_mono_linear_h2_8_1_4_0.dat spawned.
pyscript : VQE for ./integ_temp/linear_h2_8/int_mono_linear_h2_8_3_4_0.dat spawned.
pyscript : output ./result_temp/linear_h2_8/res_mono_linear_h2_8_7_4_0.dat Generated.
pyscript : output ./result_temp/linear_h2_8/res_mono_linear_h2_8_5_4_0.dat Generated.
it=4	mon=[7]	energy=-1.412875
it=4	mon=[5]	energy=-1.686303
pyscript : output ./result_temp/linear_h2_8/res_mono_linear_h2_8_4_4_0.dat Generated.
pyscript : output ./result_temp/linear_h2_8/res_mono_linear_h2_8_6_4_0.dat Generated.
it=4	mon=[6]	energy=-1.570913
it=4	mon=[4]	energy=-1.734532
pyscript : output ./result_temp/linear_h2_8/res_mono_linear_h2_8_0_4_0.dat Generated.
pyscript : output ./result_temp/linear_h2_8/res_mono_linear_h2_8_2_4_0.dat Generated.
it=4	mon=[0]	energy=-1.520513
pyscript : output ./result_temp/linear_h2_8/res_mono_linear_h2_8_3_4_0.dat Generated.
pyscript : output ./result_temp/linear_h2_8/res_mono_linear_h2_8_1_4_0.dat Generated.
it=4	mon=[2]	energy=-1.736821
it=4	mon=[3]	energy=-1.749314
it=4	mon=[1]	energy=-1.686923
##SCC itera= 4  conv=6  energy =     -13.09819423  energy0 =      -9.09620614  (  44.704075 )
./integ_temp/linear_h2_8/int_mono_linear_h2_8_7_5_0.dat -> 7 eris
./integ_temp/linear_h2_8/int_mono_linear_h2_8_4_5_0.dat -> 7 eris
./integ_temp/linear_h2_8/int_mono_linear_h2_8_1_5_0.dat -> 7 eris
./integ_temp/linear_h2_8/int_mono_linear_h2_8_0_5_0.dat -> 7 eris
./integ_temp/linear_h2_8/int_mono_linear_h2_8_2_5_0.dat -> 7 eris
./integ_temp/linear_h2_8/int_mono_linear_h2_8_6_5_0.dat -> 7 eris
./integ_temp/linear_h2_8/int_mono_linear_h2_8_5_5_0.dat -> 7 eris
./integ_temp/linear_h2_8/int_mono_linear_h2_8_3_5_0.dat -> 7 eris
pyscript : VQE for ./integ_temp/linear_h2_8/int_mono_linear_h2_8_7_5_0.dat spawned.
pyscript : VQE for ./integ_temp/linear_h2_8/int_mono_linear_h2_8_5_5_0.dat spawned.
pyscript : VQE for ./integ_temp/linear_h2_8/int_mono_linear_h2_8_6_5_0.dat spawned.
pyscript : VQE for ./integ_temp/linear_h2_8/int_mono_linear_h2_8_4_5_0.dat spawned.
pyscript : VQE for ./integ_temp/linear_h2_8/int_mono_linear_h2_8_3_5_0.dat spawned.
pyscript : VQE for ./integ_temp/linear_h2_8/int_mono_linear_h2_8_0_5_0.dat spawned.
pyscript : VQE for ./integ_temp/linear_h2_8/int_mono_linear_h2_8_1_5_0.dat spawned.
pyscript : VQE for ./integ_temp/linear_h2_8/int_mono_linear_h2_8_2_5_0.dat spawned.
pyscript : output ./result_temp/linear_h2_8/res_mono_linear_h2_8_7_5_0.dat Generated.
it=5	mon=[7]	energy=-1.412867
pyscript : output ./result_temp/linear_h2_8/res_mono_linear_h2_8_5_5_0.dat Generated.
it=5	mon=[5]	energy=-1.686353
pyscript : output ./result_temp/linear_h2_8/res_mono_linear_h2_8_6_5_0.dat Generated.
it=5	mon=[6]	energy=-1.570916
pyscript : output ./result_temp/linear_h2_8/res_mono_linear_h2_8_2_5_0.dat Generated.
it=5	mon=[2]	energy=-1.736839
pyscript : output ./result_temp/linear_h2_8/res_mono_linear_h2_8_4_5_0.dat Generated.
it=5	mon=[4]	energy=-1.734570
pyscript : output ./result_temp/linear_h2_8/res_mono_linear_h2_8_0_5_0.dat Generated.
pyscript : output ./result_temp/linear_h2_8/res_mono_linear_h2_8_1_5_0.dat Generated.
it=5	mon=[0]	energy=-1.520519
it=5	mon=[1]	energy=-1.686949
pyscript : output ./result_temp/linear_h2_8/res_mono_linear_h2_8_3_5_0.dat Generated.
##SCC itera= 5  conv=6  energy =     -13.09833902  energy0 =      -9.09620134  (  44.767722 )
it=5	mon=[3]	energy=-1.749326
./integ_temp/linear_h2_8/int_mono_linear_h2_8_7_6_0.dat -> 7 eris
./integ_temp/linear_h2_8/int_mono_linear_h2_8_3_6_0.dat -> 7 eris
./integ_temp/linear_h2_8/int_mono_linear_h2_8_2_6_0.dat -> 7 eris
./integ_temp/linear_h2_8/int_mono_linear_h2_8_5_6_0.dat -> 7 eris
./integ_temp/linear_h2_8/int_mono_linear_h2_8_6_6_0.dat -> 7 eris
./integ_temp/linear_h2_8/int_mono_linear_h2_8_1_6_0.dat -> 7 eris
./integ_temp/linear_h2_8/int_mono_linear_h2_8_0_6_0.dat -> 7 eris
./integ_temp/linear_h2_8/int_mono_linear_h2_8_4_6_0.dat -> 7 eris
pyscript : VQE for ./integ_temp/linear_h2_8/int_mono_linear_h2_8_7_6_0.dat spawned.
pyscript : output ./result_temp/linear_h2_8/res_mono_linear_h2_8_7_6_0.dat Generated.
pyscript : VQE for ./integ_temp/linear_h2_8/int_mono_linear_h2_8_6_6_0.dat spawned.
it=6	mon=[7]	energy=-1.412882
pyscript : VQE for ./integ_temp/linear_h2_8/int_mono_linear_h2_8_3_6_0.dat spawned.
pyscript : VQE for ./integ_temp/linear_h2_8/int_mono_linear_h2_8_5_6_0.dat spawned.
pyscript : VQE for ./integ_temp/linear_h2_8/int_mono_linear_h2_8_1_6_0.dat spawned.
pyscript : VQE for ./integ_temp/linear_h2_8/int_mono_linear_h2_8_0_6_0.dat spawned.
pyscript : VQE for ./integ_temp/linear_h2_8/int_mono_linear_h2_8_2_6_0.dat spawned.
pyscript : VQE for ./integ_temp/linear_h2_8/int_mono_linear_h2_8_4_6_0.dat spawned.
pyscript : output ./result_temp/linear_h2_8/res_mono_linear_h2_8_6_6_0.dat Generated.
it=6	mon=[6]	energy=-1.570925
pyscript : output ./result_temp/linear_h2_8/res_mono_linear_h2_8_4_6_0.dat Generated.
pyscript : output ./result_temp/linear_h2_8/res_mono_linear_h2_8_5_6_0.dat Generated.
it=6	mon=[4]	energy=-1.734550
it=6	mon=[5]	energy=-1.686322
pyscript : output ./result_temp/linear_h2_8/res_mono_linear_h2_8_3_6_0.dat Generated.
pyscript : output ./result_temp/linear_h2_8/res_mono_linear_h2_8_0_6_0.dat Generated.
pyscript : output ./result_temp/linear_h2_8/res_mono_linear_h2_8_2_6_0.dat Generated.
it=6	mon=[3]	energy=-1.749332
it=6	mon=[0]	energy=-1.520517
it=6	mon=[2]	energy=-1.736837
pyscript : output ./result_temp/linear_h2_8/res_mono_linear_h2_8_1_6_0.dat Generated.
it=6	mon=[1]	energy=-1.686947
##SCC itera= 6  conv=6  energy =     -13.09831217  energy0 =      -9.09620253  (  45.424062 )
./integ_temp/linear_h2_8/int_mono_linear_h2_8_7_7_0.dat -> 7 eris
./integ_temp/linear_h2_8/int_mono_linear_h2_8_1_7_0.dat -> 7 eris
./integ_temp/linear_h2_8/int_mono_linear_h2_8_3_7_0.dat -> 7 eris
./integ_temp/linear_h2_8/int_mono_linear_h2_8_6_7_0.dat -> 7 eris
./integ_temp/linear_h2_8/int_mono_linear_h2_8_2_7_0.dat -> 7 eris
./integ_temp/linear_h2_8/int_mono_linear_h2_8_0_7_0.dat -> 7 eris
./integ_temp/linear_h2_8/int_mono_linear_h2_8_5_7_0.dat -> 7 eris
./integ_temp/linear_h2_8/int_mono_linear_h2_8_4_7_0.dat -> 7 eris
pyscript : VQE for ./integ_temp/linear_h2_8/int_mono_linear_h2_8_7_7_0.dat spawned.
pyscript : output ./result_temp/linear_h2_8/res_mono_linear_h2_8_7_7_0.dat Generated.
pyscript : VQE for ./integ_temp/linear_h2_8/int_mono_linear_h2_8_6_7_0.dat spawned.
it=7	mon=[7]	energy=-1.412861
pyscript : VQE for ./integ_temp/linear_h2_8/int_mono_linear_h2_8_3_7_0.dat spawned.
pyscript : VQE for ./integ_temp/linear_h2_8/int_mono_linear_h2_8_5_7_0.dat spawned.
pyscript : VQE for ./integ_temp/linear_h2_8/int_mono_linear_h2_8_1_7_0.dat spawned.
pyscript : VQE for ./integ_temp/linear_h2_8/int_mono_linear_h2_8_2_7_0.dat spawned.
pyscript : VQE for ./integ_temp/linear_h2_8/int_mono_linear_h2_8_0_7_0.dat spawned.
pyscript : VQE for ./integ_temp/linear_h2_8/int_mono_linear_h2_8_4_7_0.dat spawned.
pyscript : output ./result_temp/linear_h2_8/res_mono_linear_h2_8_6_7_0.dat Generated.
it=7	mon=[6]	energy=-1.570905
pyscript : output ./result_temp/linear_h2_8/res_mono_linear_h2_8_5_7_0.dat Generated.
it=7	mon=[5]	energy=-1.686367
pyscript : output ./result_temp/linear_h2_8/res_mono_linear_h2_8_3_7_0.dat Generated.
it=7	mon=[3]	energy=-1.749332
pyscript : output ./result_temp/linear_h2_8/res_mono_linear_h2_8_0_7_0.dat Generated.
pyscript : output ./result_temp/linear_h2_8/res_mono_linear_h2_8_1_7_0.dat Generated.
pyscript : output ./result_temp/linear_h2_8/res_mono_linear_h2_8_2_7_0.dat Generated.
it=7	mon=[0]	energy=-1.520519
pyscript : output ./result_temp/linear_h2_8/res_mono_linear_h2_8_4_7_0.dat Generated.
it=7	mon=[1]	energy=-1.686949
it=7	mon=[2]	energy=-1.736841
it=7	mon=[4]	energy=-1.734546
##SCC itera= 7  conv=7  energy =     -13.09832033  energy0 =      -9.09620511  (  42.008270 )
./integ_temp/linear_h2_8/int_mono_linear_h2_8_2_8_0.dat -> 7 eris
./integ_temp/linear_h2_8/int_mono_linear_h2_8_4_8_0.dat -> 7 eris
./integ_temp/linear_h2_8/int_mono_linear_h2_8_7_8_0.dat -> 7 eris
./integ_temp/linear_h2_8/int_mono_linear_h2_8_0_8_0.dat -> 7 eris
./integ_temp/linear_h2_8/int_mono_linear_h2_8_1_8_0.dat -> 7 eris
./integ_temp/linear_h2_8/int_mono_linear_h2_8_6_8_0.dat -> 7 eris
./integ_temp/linear_h2_8/int_mono_linear_h2_8_5_8_0.dat -> 7 eris
./integ_temp/linear_h2_8/int_mono_linear_h2_8_3_8_0.dat -> 7 eris
pyscript : VQE for ./integ_temp/linear_h2_8/int_mono_linear_h2_8_7_8_0.dat spawned.
pyscript : VQE for ./integ_temp/linear_h2_8/int_mono_linear_h2_8_6_8_0.dat spawned.
pyscript : VQE for ./integ_temp/linear_h2_8/int_mono_linear_h2_8_4_8_0.dat spawned.
pyscript : VQE for ./integ_temp/linear_h2_8/int_mono_linear_h2_8_5_8_0.dat spawned.
pyscript : output ./result_temp/linear_h2_8/res_mono_linear_h2_8_7_8_0.dat Generated.
it=8	mon=[7]	energy=-1.412871
pyscript : VQE for ./integ_temp/linear_h2_8/int_mono_linear_h2_8_2_8_0.dat spawned.
pyscript : VQE for ./integ_temp/linear_h2_8/int_mono_linear_h2_8_0_8_0.dat spawned.
pyscript : output ./result_temp/linear_h2_8/res_mono_linear_h2_8_6_8_0.dat Generated.
pyscript : VQE for ./integ_temp/linear_h2_8/int_mono_linear_h2_8_1_8_0.dat spawned.
pyscript : VQE for ./integ_temp/linear_h2_8/int_mono_linear_h2_8_3_8_0.dat spawned.
it=8	mon=[6]	energy=-1.570918
pyscript : output ./result_temp/linear_h2_8/res_mono_linear_h2_8_5_8_0.dat Generated.
it=8	mon=[5]	energy=-1.686363
pyscript : output ./result_temp/linear_h2_8/res_mono_linear_h2_8_2_8_0.dat Generated.
pyscript : output ./result_temp/linear_h2_8/res_mono_linear_h2_8_4_8_0.dat Generated.
it=8	mon=[2]	energy=-1.736849
it=8	mon=[4]	energy=-1.734568
pyscript : output ./result_temp/linear_h2_8/res_mono_linear_h2_8_0_8_0.dat Generated.
pyscript : output ./result_temp/linear_h2_8/res_mono_linear_h2_8_3_8_0.dat Generated.
it=8	mon=[0]	energy=-1.520519
it=8	mon=[3]	energy=-1.749338
pyscript : output ./result_temp/linear_h2_8/res_mono_linear_h2_8_1_8_0.dat Generated.
it=8	mon=[1]	energy=-1.686945
##SCC itera= 8  conv=7  energy =     -13.09837131  energy0 =      -9.09611544  (  46.148277 )
./integ_temp/linear_h2_8/int_mono_linear_h2_8_5_9_0.dat -> 7 eris
./integ_temp/linear_h2_8/int_mono_linear_h2_8_7_9_0.dat -> 7 eris
./integ_temp/linear_h2_8/int_mono_linear_h2_8_1_9_0.dat -> 7 eris
./integ_temp/linear_h2_8/int_mono_linear_h2_8_6_9_0.dat -> 7 eris
./integ_temp/linear_h2_8/int_mono_linear_h2_8_0_9_0.dat -> 7 eris
./integ_temp/linear_h2_8/int_mono_linear_h2_8_3_9_0.dat -> 7 eris
./integ_temp/linear_h2_8/int_mono_linear_h2_8_2_9_0.dat -> 7 eris
./integ_temp/linear_h2_8/int_mono_linear_h2_8_4_9_0.dat -> 7 eris
pyscript : VQE for ./integ_temp/linear_h2_8/int_mono_linear_h2_8_6_9_0.dat spawned.
pyscript : VQE for ./integ_temp/linear_h2_8/int_mono_linear_h2_8_7_9_0.dat spawned.
pyscript : VQE for ./integ_temp/linear_h2_8/int_mono_linear_h2_8_5_9_0.dat spawned.
pyscript : VQE for ./integ_temp/linear_h2_8/int_mono_linear_h2_8_3_9_0.dat spawned.
pyscript : output ./result_temp/linear_h2_8/res_mono_linear_h2_8_6_9_0.dat Generated.
pyscript : VQE for ./integ_temp/linear_h2_8/int_mono_linear_h2_8_0_9_0.dat spawned.
it=9	mon=[6]	energy=-1.570925
pyscript : VQE for ./integ_temp/linear_h2_8/int_mono_linear_h2_8_1_9_0.dat spawned.
pyscript : VQE for ./integ_temp/linear_h2_8/int_mono_linear_h2_8_2_9_0.dat spawned.
pyscript : output ./result_temp/linear_h2_8/res_mono_linear_h2_8_7_9_0.dat Generated.
pyscript : VQE for ./integ_temp/linear_h2_8/int_mono_linear_h2_8_4_9_0.dat spawned.
it=9	mon=[7]	energy=-1.412873
pyscript : output ./result_temp/linear_h2_8/res_mono_linear_h2_8_2_9_0.dat Generated.
it=9	mon=[2]	energy=-1.736847
pyscript : output ./result_temp/linear_h2_8/res_mono_linear_h2_8_5_9_0.dat Generated.
it=9	mon=[5]	energy=-1.686363
pyscript : output ./result_temp/linear_h2_8/res_mono_linear_h2_8_3_9_0.dat Generated.
it=9	mon=[3]	energy=-1.749344
pyscript : output ./result_temp/linear_h2_8/res_mono_linear_h2_8_4_9_0.dat Generated.
pyscript : output ./result_temp/linear_h2_8/res_mono_linear_h2_8_0_9_0.dat Generated.
it=9	mon=[4]	energy=-1.734570
it=9	mon=[0]	energy=-1.520523
pyscript : output ./result_temp/linear_h2_8/res_mono_linear_h2_8_1_9_0.dat Generated.
it=9	mon=[1]	energy=-1.686955
##SCC itera= 9  conv=7  energy =     -13.09840045  energy0 =      -9.09620041  (  45.200072 )
./integ_temp/linear_h2_8/int_mono_linear_h2_8_4_10_0.dat -> 7 eris
./integ_temp/linear_h2_8/int_mono_linear_h2_8_7_10_0.dat -> 7 eris
./integ_temp/linear_h2_8/int_mono_linear_h2_8_3_10_0.dat -> 7 eris
./integ_temp/linear_h2_8/int_mono_linear_h2_8_6_10_0.dat -> 7 eris
./integ_temp/linear_h2_8/int_mono_linear_h2_8_2_10_0.dat -> 7 eris
./integ_temp/linear_h2_8/int_mono_linear_h2_8_5_10_0.dat -> 7 eris
./integ_temp/linear_h2_8/int_mono_linear_h2_8_0_10_0.dat -> 7 eris
./integ_temp/linear_h2_8/int_mono_linear_h2_8_1_10_0.dat -> 7 eris
pyscript : VQE for ./integ_temp/linear_h2_8/int_mono_linear_h2_8_7_10_0.dat spawned.
pyscript : VQE for ./integ_temp/linear_h2_8/int_mono_linear_h2_8_5_10_0.dat spawned.
pyscript : VQE for ./integ_temp/linear_h2_8/int_mono_linear_h2_8_6_10_0.dat spawned.
pyscript : VQE for ./integ_temp/linear_h2_8/int_mono_linear_h2_8_4_10_0.dat spawned.
pyscript : output ./result_temp/linear_h2_8/res_mono_linear_h2_8_7_10_0.dat Generated.
pyscript : VQE for ./integ_temp/linear_h2_8/int_mono_linear_h2_8_2_10_0.dat spawned.
pyscript : VQE for ./integ_temp/linear_h2_8/int_mono_linear_h2_8_0_10_0.dat spawned.
pyscript : VQE for ./integ_temp/linear_h2_8/int_mono_linear_h2_8_1_10_0.dat spawned.
pyscript : VQE for ./integ_temp/linear_h2_8/int_mono_linear_h2_8_3_10_0.dat spawned.
it=10	mon=[7]	energy=-1.412873
pyscript : output ./result_temp/linear_h2_8/res_mono_linear_h2_8_5_10_0.dat Generated.
it=10	mon=[5]	energy=-1.686367
pyscript : output ./result_temp/linear_h2_8/res_mono_linear_h2_8_6_10_0.dat Generated.
it=10	mon=[6]	energy=-1.570925
pyscript : output ./result_temp/linear_h2_8/res_mono_linear_h2_8_4_10_0.dat Generated.
pyscript : output ./result_temp/linear_h2_8/res_mono_linear_h2_8_0_10_0.dat Generated.
pyscript : output ./result_temp/linear_h2_8/res_mono_linear_h2_8_2_10_0.dat Generated.
it=10	mon=[4]	energy=-1.734572
it=10	mon=[0]	energy=-1.520523
pyscript : output ./result_temp/linear_h2_8/res_mono_linear_h2_8_1_10_0.dat Generated.
it=10	mon=[2]	energy=-1.736847
pyscript : output ./result_temp/linear_h2_8/res_mono_linear_h2_8_3_10_0.dat Generated.
it=10	mon=[1]	energy=-1.686955
it=10	mon=[3]	energy=-1.749344
##SCC itera=10  conv=7  energy =     -13.09840630  energy0 =      -9.09620413  (  46.432135 )
./integ_temp/linear_h2_8/int_mono_linear_h2_8_4_11_0.dat -> 7 eris
./integ_temp/linear_h2_8/int_mono_linear_h2_8_7_11_0.dat -> 7 eris
./integ_temp/linear_h2_8/int_mono_linear_h2_8_2_11_0.dat -> 7 eris
./integ_temp/linear_h2_8/int_mono_linear_h2_8_6_11_0.dat -> 7 eris
./integ_temp/linear_h2_8/int_mono_linear_h2_8_1_11_0.dat -> 7 eris
./integ_temp/linear_h2_8/int_mono_linear_h2_8_5_11_0.dat -> 7 eris
./integ_temp/linear_h2_8/int_mono_linear_h2_8_0_11_0.dat -> 7 eris
./integ_temp/linear_h2_8/int_mono_linear_h2_8_3_11_0.dat -> 7 eris
pyscript : VQE for ./integ_temp/linear_h2_8/int_mono_linear_h2_8_7_11_0.dat spawned.
pyscript : VQE for ./integ_temp/linear_h2_8/int_mono_linear_h2_8_6_11_0.dat spawned.
pyscript : output ./result_temp/linear_h2_8/res_mono_linear_h2_8_7_11_0.dat Generated.
pyscript : VQE for ./integ_temp/linear_h2_8/int_mono_linear_h2_8_4_11_0.dat spawned.
it=11	mon=[7]	energy=-1.412873
pyscript : VQE for ./integ_temp/linear_h2_8/int_mono_linear_h2_8_5_11_0.dat spawned.
pyscript : VQE for ./integ_temp/linear_h2_8/int_mono_linear_h2_8_2_11_0.dat spawned.
pyscript : VQE for ./integ_temp/linear_h2_8/int_mono_linear_h2_8_1_11_0.dat spawned.
pyscript : VQE for ./integ_temp/linear_h2_8/int_mono_linear_h2_8_0_11_0.dat spawned.
pyscript : output ./result_temp/linear_h2_8/res_mono_linear_h2_8_6_11_0.dat Generated.
pyscript : VQE for ./integ_temp/linear_h2_8/int_mono_linear_h2_8_3_11_0.dat spawned.
it=11	mon=[6]	energy=-1.570920
pyscript : output ./result_temp/linear_h2_8/res_mono_linear_h2_8_5_11_0.dat Generated.
it=11	mon=[5]	energy=-1.686365
pyscript : output ./result_temp/linear_h2_8/res_mono_linear_h2_8_2_11_0.dat Generated.
it=11	mon=[2]	energy=-1.736849
pyscript : output ./result_temp/linear_h2_8/res_mono_linear_h2_8_3_11_0.dat Generated.
pyscript : output ./result_temp/linear_h2_8/res_mono_linear_h2_8_0_11_0.dat Generated.
pyscript : output ./result_temp/linear_h2_8/res_mono_linear_h2_8_1_11_0.dat Generated.
pyscript : output ./result_temp/linear_h2_8/res_mono_linear_h2_8_4_11_0.dat Generated.
it=11	mon=[3]	energy=-1.749342
it=11	mon=[1]	energy=-1.686951
it=11	mon=[4]	energy=-1.734570
it=11	mon=[0]	energy=-1.520523
##SCC itera=11  conv=7  energy =     -13.09839336  energy0 =      -9.09617834  (  41.752379 )
./integ_temp/linear_h2_8/int_mono_linear_h2_8_4_12_0.dat -> 7 eris
./integ_temp/linear_h2_8/int_mono_linear_h2_8_0_12_0.dat -> 7 eris
./integ_temp/linear_h2_8/int_mono_linear_h2_8_7_12_0.dat -> 7 eris
./integ_temp/linear_h2_8/int_mono_linear_h2_8_1_12_0.dat -> 7 eris
./integ_temp/linear_h2_8/int_mono_linear_h2_8_6_12_0.dat -> 7 eris
./integ_temp/linear_h2_8/int_mono_linear_h2_8_3_12_0.dat -> 7 eris
./integ_temp/linear_h2_8/int_mono_linear_h2_8_5_12_0.dat -> 7 eris
./integ_temp/linear_h2_8/int_mono_linear_h2_8_2_12_0.dat -> 7 eris
pyscript : VQE for ./integ_temp/linear_h2_8/int_mono_linear_h2_8_7_12_0.dat spawned.
pyscript : VQE for ./integ_temp/linear_h2_8/int_mono_linear_h2_8_4_12_0.dat spawned.
pyscript : VQE for ./integ_temp/linear_h2_8/int_mono_linear_h2_8_6_12_0.dat spawned.
pyscript : VQE for ./integ_temp/linear_h2_8/int_mono_linear_h2_8_5_12_0.dat spawned.
pyscript : VQE for ./integ_temp/linear_h2_8/int_mono_linear_h2_8_3_12_0.dat spawned.
pyscript : VQE for ./integ_temp/linear_h2_8/int_mono_linear_h2_8_0_12_0.dat spawned.
pyscript : output ./result_temp/linear_h2_8/res_mono_linear_h2_8_6_12_0.dat Generated.
pyscript : VQE for ./integ_temp/linear_h2_8/int_mono_linear_h2_8_1_12_0.dat spawned.
pyscript : VQE for ./integ_temp/linear_h2_8/int_mono_linear_h2_8_2_12_0.dat spawned.
pyscript : output ./result_temp/linear_h2_8/res_mono_linear_h2_8_7_12_0.dat Generated.
it=12	mon=[6]	energy=-1.570918
it=12	mon=[7]	energy=-1.412871
pyscript : output ./result_temp/linear_h2_8/res_mono_linear_h2_8_5_12_0.dat Generated.
it=12	mon=[5]	energy=-1.686361
pyscript : output ./result_temp/linear_h2_8/res_mono_linear_h2_8_4_12_0.dat Generated.
it=12	mon=[4]	energy=-1.734560
pyscript : output ./result_temp/linear_h2_8/res_mono_linear_h2_8_0_12_0.dat Generated.
pyscript : output ./result_temp/linear_h2_8/res_mono_linear_h2_8_2_12_0.dat Generated.
it=12	mon=[0]	energy=-1.520519
pyscript : output ./result_temp/linear_h2_8/res_mono_linear_h2_8_3_12_0.dat Generated.
pyscript : output ./result_temp/linear_h2_8/res_mono_linear_h2_8_1_12_0.dat Generated.
it=12	mon=[2]	energy=-1.736835
it=12	mon=[3]	energy=-1.749346
it=12	mon=[1]	energy=-1.686949
##SCC itera=12  conv=7  energy =     -13.09835930  energy0 =      -9.09611544  (  43.166222 )
./integ_temp/linear_h2_8/int_mono_linear_h2_8_7_13_0.dat -> 7 eris
./integ_temp/linear_h2_8/int_mono_linear_h2_8_1_13_0.dat -> 7 eris
./integ_temp/linear_h2_8/int_mono_linear_h2_8_3_13_0.dat -> 7 eris
./integ_temp/linear_h2_8/int_mono_linear_h2_8_0_13_0.dat -> 7 eris
./integ_temp/linear_h2_8/int_mono_linear_h2_8_6_13_0.dat -> 7 eris
./integ_temp/linear_h2_8/int_mono_linear_h2_8_4_13_0.dat -> 7 eris
./integ_temp/linear_h2_8/int_mono_linear_h2_8_5_13_0.dat -> 7 eris
./integ_temp/linear_h2_8/int_mono_linear_h2_8_2_13_0.dat -> 7 eris
pyscript : VQE for ./integ_temp/linear_h2_8/int_mono_linear_h2_8_7_13_0.dat spawned.
pyscript : VQE for ./integ_temp/linear_h2_8/int_mono_linear_h2_8_6_13_0.dat spawned.
pyscript : output ./result_temp/linear_h2_8/res_mono_linear_h2_8_7_13_0.dat Generated.
it=13	mon=[7]	energy=-1.412869
pyscript : VQE for ./integ_temp/linear_h2_8/int_mono_linear_h2_8_4_13_0.dat spawned.
pyscript : VQE for ./integ_temp/linear_h2_8/int_mono_linear_h2_8_5_13_0.dat spawned.
pyscript : VQE for ./integ_temp/linear_h2_8/int_mono_linear_h2_8_1_13_0.dat spawned.
pyscript : VQE for ./integ_temp/linear_h2_8/int_mono_linear_h2_8_0_13_0.dat spawned.
pyscript : output ./result_temp/linear_h2_8/res_mono_linear_h2_8_6_13_0.dat Generated.
pyscript : VQE for ./integ_temp/linear_h2_8/int_mono_linear_h2_8_3_13_0.dat spawned.
pyscript : VQE for ./integ_temp/linear_h2_8/int_mono_linear_h2_8_2_13_0.dat spawned.
it=13	mon=[6]	energy=-1.570918
pyscript : output ./result_temp/linear_h2_8/res_mono_linear_h2_8_2_13_0.dat Generated.
pyscript : output ./result_temp/linear_h2_8/res_mono_linear_h2_8_4_13_0.dat Generated.
it=13	mon=[2]	energy=-1.736843
it=13	mon=[4]	energy=-1.734570
pyscript : output ./result_temp/linear_h2_8/res_mono_linear_h2_8_5_13_0.dat Generated.
it=13	mon=[5]	energy=-1.686353
pyscript : output ./result_temp/linear_h2_8/res_mono_linear_h2_8_0_13_0.dat Generated.
pyscript : output ./result_temp/linear_h2_8/res_mono_linear_h2_8_1_13_0.dat Generated.
pyscript : output ./result_temp/linear_h2_8/res_mono_linear_h2_8_3_13_0.dat Generated.
it=13	mon=[0]	energy=-1.520521
it=13	mon=[1]	energy=-1.686951
it=13	mon=[3]	energy=-1.749330
##SCC itera=13  conv=7  energy =     -13.09835502  energy0 =      -9.09610965  (  40.216249 )
./integ_temp/linear_h2_8/int_mono_linear_h2_8_3_14_0.dat -> 7 eris
./integ_temp/linear_h2_8/int_mono_linear_h2_8_2_14_0.dat -> 7 eris
./integ_temp/linear_h2_8/int_mono_linear_h2_8_1_14_0.dat -> 7 eris
./integ_temp/linear_h2_8/int_mono_linear_h2_8_7_14_0.dat -> 7 eris
./integ_temp/linear_h2_8/int_mono_linear_h2_8_0_14_0.dat -> 7 eris
./integ_temp/linear_h2_8/int_mono_linear_h2_8_6_14_0.dat -> 7 eris
./integ_temp/linear_h2_8/int_mono_linear_h2_8_5_14_0.dat -> 7 eris
./integ_temp/linear_h2_8/int_mono_linear_h2_8_4_14_0.dat -> 7 eris
pyscript : VQE for ./integ_temp/linear_h2_8/int_mono_linear_h2_8_7_14_0.dat spawned.
pyscript : VQE for ./integ_temp/linear_h2_8/int_mono_linear_h2_8_6_14_0.dat spawned.
pyscript : VQE for ./integ_temp/linear_h2_8/int_mono_linear_h2_8_3_14_0.dat spawned.
pyscript : VQE for ./integ_temp/linear_h2_8/int_mono_linear_h2_8_5_14_0.dat spawned.
pyscript : VQE for ./integ_temp/linear_h2_8/int_mono_linear_h2_8_1_14_0.dat spawned.
pyscript : VQE for ./integ_temp/linear_h2_8/int_mono_linear_h2_8_2_14_0.dat spawned.
pyscript : VQE for ./integ_temp/linear_h2_8/int_mono_linear_h2_8_4_14_0.dat spawned.
pyscript : output ./result_temp/linear_h2_8/res_mono_linear_h2_8_7_14_0.dat Generated.
pyscript : VQE for ./integ_temp/linear_h2_8/int_mono_linear_h2_8_0_14_0.dat spawned.
pyscript : output ./result_temp/linear_h2_8/res_mono_linear_h2_8_6_14_0.dat Generated.
it=14	mon=[7]	energy=-1.412873
it=14	mon=[6]	energy=-1.570922
pyscript : output ./result_temp/linear_h2_8/res_mono_linear_h2_8_2_14_0.dat Generated.
it=14	mon=[2]	energy=-1.736847
pyscript : output ./result_temp/linear_h2_8/res_mono_linear_h2_8_5_14_0.dat Generated.
pyscript : output ./result_temp/linear_h2_8/res_mono_linear_h2_8_4_14_0.dat Generated.
pyscript : output ./result_temp/linear_h2_8/res_mono_linear_h2_8_3_14_0.dat Generated.
it=14	mon=[5]	energy=-1.686363
it=14	mon=[4]	energy=-1.734570
it=14	mon=[3]	energy=-1.749344
pyscript : output ./result_temp/linear_h2_8/res_mono_linear_h2_8_0_14_0.dat Generated.
pyscript : output ./result_temp/linear_h2_8/res_mono_linear_h2_8_1_14_0.dat Generated.
it=14	mon=[0]	energy=-1.520523
it=14	mon=[1]	energy=-1.686955
##SCC itera=14  conv=7  energy =     -13.09839736  energy0 =      -9.09617834  (  40.008352 )
./integ_temp/linear_h2_8/int_mono_linear_h2_8_2_15_0.dat -> 7 eris
./integ_temp/linear_h2_8/int_mono_linear_h2_8_3_15_0.dat -> 7 eris
./integ_temp/linear_h2_8/int_mono_linear_h2_8_4_15_0.dat -> 7 eris
./integ_temp/linear_h2_8/int_mono_linear_h2_8_1_15_0.dat -> 7 eris
./integ_temp/linear_h2_8/int_mono_linear_h2_8_7_15_0.dat -> 7 eris
./integ_temp/linear_h2_8/int_mono_linear_h2_8_0_15_0.dat -> 7 eris
./integ_temp/linear_h2_8/int_mono_linear_h2_8_6_15_0.dat -> 7 eris
./integ_temp/linear_h2_8/int_mono_linear_h2_8_5_15_0.dat -> 7 eris
pyscript : VQE for ./integ_temp/linear_h2_8/int_mono_linear_h2_8_7_15_0.dat spawned.
pyscript : VQE for ./integ_temp/linear_h2_8/int_mono_linear_h2_8_5_15_0.dat spawned.
pyscript : VQE for ./integ_temp/linear_h2_8/int_mono_linear_h2_8_6_15_0.dat spawned.
pyscript : VQE for ./integ_temp/linear_h2_8/int_mono_linear_h2_8_4_15_0.dat spawned.
pyscript : output ./result_temp/linear_h2_8/res_mono_linear_h2_8_6_15_0.dat Generated.
pyscript : VQE for ./integ_temp/linear_h2_8/int_mono_linear_h2_8_1_15_0.dat spawned.
pyscript : VQE for ./integ_temp/linear_h2_8/int_mono_linear_h2_8_2_15_0.dat spawned.
pyscript : VQE for ./integ_temp/linear_h2_8/int_mono_linear_h2_8_0_15_0.dat spawned.
pyscript : output ./result_temp/linear_h2_8/res_mono_linear_h2_8_4_15_0.dat Generated.
pyscript : output ./result_temp/linear_h2_8/res_mono_linear_h2_8_7_15_0.dat Generated.
it=15	mon=[6]	energy=-1.570918
pyscript : VQE for ./integ_temp/linear_h2_8/int_mono_linear_h2_8_3_15_0.dat spawned.
it=15	mon=[7]	energy=-1.412871
it=15	mon=[4]	energy=-1.734560
pyscript : output ./result_temp/linear_h2_8/res_mono_linear_h2_8_5_15_0.dat Generated.
it=15	mon=[5]	energy=-1.686361
pyscript : output ./result_temp/linear_h2_8/res_mono_linear_h2_8_0_15_0.dat Generated.
pyscript : output ./result_temp/linear_h2_8/res_mono_linear_h2_8_2_15_0.dat Generated.
it=15	mon=[0]	energy=-1.520521
pyscript : output ./result_temp/linear_h2_8/res_mono_linear_h2_8_1_15_0.dat Generated.
pyscript : output ./result_temp/linear_h2_8/res_mono_linear_h2_8_3_15_0.dat Generated.
it=15	mon=[2]	energy=-1.736835
it=15	mon=[1]	energy=-1.686949
it=15	mon=[3]	energy=-1.749346
##SCC itera=15  conv=7  energy =     -13.09836087  energy0 =      -9.09610280  (  42.660155 )
./integ_temp/linear_h2_8/int_mono_linear_h2_8_6_16_0.dat -> 7 eris
./integ_temp/linear_h2_8/int_mono_linear_h2_8_7_16_0.dat -> 7 eris
./integ_temp/linear_h2_8/int_mono_linear_h2_8_1_16_0.dat -> 7 eris
./integ_temp/linear_h2_8/int_mono_linear_h2_8_0_16_0.dat -> 7 eris
./integ_temp/linear_h2_8/int_mono_linear_h2_8_5_16_0.dat -> 7 eris
./integ_temp/linear_h2_8/int_mono_linear_h2_8_2_16_0.dat -> 7 eris
./integ_temp/linear_h2_8/int_mono_linear_h2_8_4_16_0.dat -> 7 eris
./integ_temp/linear_h2_8/int_mono_linear_h2_8_3_16_0.dat -> 7 eris
pyscript : VQE for ./integ_temp/linear_h2_8/int_mono_linear_h2_8_7_16_0.dat spawned.
pyscript : VQE for ./integ_temp/linear_h2_8/int_mono_linear_h2_8_6_16_0.dat spawned.
pyscript : output ./result_temp/linear_h2_8/res_mono_linear_h2_8_6_16_0.dat Generated.
pyscript : VQE for ./integ_temp/linear_h2_8/int_mono_linear_h2_8_5_16_0.dat spawned.
pyscript : output ./result_temp/linear_h2_8/res_mono_linear_h2_8_7_16_0.dat Generated.
pyscript : VQE for ./integ_temp/linear_h2_8/int_mono_linear_h2_8_3_16_0.dat spawned.
it=16	mon=[6]	energy=-1.570925
pyscript : VQE for ./integ_temp/linear_h2_8/int_mono_linear_h2_8_1_16_0.dat spawned.
pyscript : VQE for ./integ_temp/linear_h2_8/int_mono_linear_h2_8_0_16_0.dat spawned.
it=16	mon=[7]	energy=-1.412873
pyscript : VQE for ./integ_temp/linear_h2_8/int_mono_linear_h2_8_2_16_0.dat spawned.
pyscript : VQE for ./integ_temp/linear_h2_8/int_mono_linear_h2_8_4_16_0.dat spawned.
pyscript : output ./result_temp/linear_h2_8/res_mono_linear_h2_8_2_16_0.dat Generated.
it=16	mon=[2]	energy=-1.736849
pyscript : output ./result_temp/linear_h2_8/res_mono_linear_h2_8_5_16_0.dat Generated.
pyscript : output ./result_temp/linear_h2_8/res_mono_linear_h2_8_4_16_0.dat Generated.
it=16	mon=[5]	energy=-1.686363
it=16	mon=[4]	energy=-1.734570
pyscript : output ./result_temp/linear_h2_8/res_mono_linear_h2_8_0_16_0.dat Generated.
pyscript : output ./result_temp/linear_h2_8/res_mono_linear_h2_8_1_16_0.dat Generated.
pyscript : output ./result_temp/linear_h2_8/res_mono_linear_h2_8_3_16_0.dat Generated.
it=16	mon=[0]	energy=-1.520523
it=16	mon=[1]	energy=-1.686955
##SCC itera=16  conv=7  energy =     -13.09840233  energy0 =      -9.09619868  (  40.208258 )
it=16	mon=[3]	energy=-1.749344
./integ_temp/linear_h2_8/int_mono_linear_h2_8_3_17_0.dat -> 7 eris
./integ_temp/linear_h2_8/int_mono_linear_h2_8_4_17_0.dat -> 7 eris
./integ_temp/linear_h2_8/int_mono_linear_h2_8_1_17_0.dat -> 7 eris
./integ_temp/linear_h2_8/int_mono_linear_h2_8_7_17_0.dat -> 7 eris
./integ_temp/linear_h2_8/int_mono_linear_h2_8_6_17_0.dat -> 7 eris
./integ_temp/linear_h2_8/int_mono_linear_h2_8_5_17_0.dat -> 7 eris
./integ_temp/linear_h2_8/int_mono_linear_h2_8_0_17_0.dat -> 7 eris
./integ_temp/linear_h2_8/int_mono_linear_h2_8_2_17_0.dat -> 7 eris
pyscript : VQE for ./integ_temp/linear_h2_8/int_mono_linear_h2_8_7_17_0.dat spawned.
pyscript : VQE for ./integ_temp/linear_h2_8/int_mono_linear_h2_8_6_17_0.dat spawned.
pyscript : VQE for ./integ_temp/linear_h2_8/int_mono_linear_h2_8_4_17_0.dat spawned.
pyscript : VQE for ./integ_temp/linear_h2_8/int_mono_linear_h2_8_5_17_0.dat spawned.
pyscript : VQE for ./integ_temp/linear_h2_8/int_mono_linear_h2_8_3_17_0.dat spawned.
pyscript : VQE for ./integ_temp/linear_h2_8/int_mono_linear_h2_8_1_17_0.dat spawned.
pyscript : output ./result_temp/linear_h2_8/res_mono_linear_h2_8_6_17_0.dat Generated.
pyscript : VQE for ./integ_temp/linear_h2_8/int_mono_linear_h2_8_0_17_0.dat spawned.
pyscript : VQE for ./integ_temp/linear_h2_8/int_mono_linear_h2_8_2_17_0.dat spawned.
pyscript : output ./result_temp/linear_h2_8/res_mono_linear_h2_8_4_17_0.dat Generated.
pyscript : output ./result_temp/linear_h2_8/res_mono_linear_h2_8_7_17_0.dat Generated.
it=17	mon=[6]	energy=-1.570918
it=17	mon=[4]	energy=-1.734561
it=17	mon=[7]	energy=-1.412871
pyscript : output ./result_temp/linear_h2_8/res_mono_linear_h2_8_5_17_0.dat Generated.
it=17	mon=[5]	energy=-1.686361
pyscript : output ./result_temp/linear_h2_8/res_mono_linear_h2_8_3_17_0.dat Generated.
it=17	mon=[3]	energy=-1.749346
pyscript : output ./result_temp/linear_h2_8/res_mono_linear_h2_8_0_17_0.dat Generated.
it=17	mon=[0]	energy=-1.520521
pyscript : output ./result_temp/linear_h2_8/res_mono_linear_h2_8_2_17_0.dat Generated.
pyscript : output ./result_temp/linear_h2_8/res_mono_linear_h2_8_1_17_0.dat Generated.
it=17	mon=[2]	energy=-1.736835
it=17	mon=[1]	energy=-1.686949
##SCC itera=17  conv=7  energy =     -13.09836284  energy0 =      -9.09610269  (  42.748139 )
./integ_temp/linear_h2_8/int_mono_linear_h2_8_6_18_0.dat -> 7 eris
./integ_temp/linear_h2_8/int_mono_linear_h2_8_7_18_0.dat -> 7 eris
./integ_temp/linear_h2_8/int_mono_linear_h2_8_3_18_0.dat -> 7 eris
./integ_temp/linear_h2_8/int_mono_linear_h2_8_1_18_0.dat -> 7 eris
./integ_temp/linear_h2_8/int_mono_linear_h2_8_5_18_0.dat -> 7 eris
./integ_temp/linear_h2_8/int_mono_linear_h2_8_0_18_0.dat -> 7 eris
./integ_temp/linear_h2_8/int_mono_linear_h2_8_2_18_0.dat -> 7 eris
./integ_temp/linear_h2_8/int_mono_linear_h2_8_4_18_0.dat -> 7 eris
pyscript : VQE for ./integ_temp/linear_h2_8/int_mono_linear_h2_8_6_18_0.dat spawned.
pyscript : VQE for ./integ_temp/linear_h2_8/int_mono_linear_h2_8_7_18_0.dat spawned.
pyscript : VQE for ./integ_temp/linear_h2_8/int_mono_linear_h2_8_3_18_0.dat spawned.
pyscript : output ./result_temp/linear_h2_8/res_mono_linear_h2_8_6_18_0.dat Generated.
pyscript : VQE for ./integ_temp/linear_h2_8/int_mono_linear_h2_8_5_18_0.dat spawned.
it=18	mon=[6]	energy=-1.570925
pyscript : VQE for ./integ_temp/linear_h2_8/int_mono_linear_h2_8_1_18_0.dat spawned.
pyscript : VQE for ./integ_temp/linear_h2_8/int_mono_linear_h2_8_0_18_0.dat spawned.
pyscript : VQE for ./integ_temp/linear_h2_8/int_mono_linear_h2_8_2_18_0.dat spawned.
pyscript : VQE for ./integ_temp/linear_h2_8/int_mono_linear_h2_8_4_18_0.dat spawned.
pyscript : output ./result_temp/linear_h2_8/res_mono_linear_h2_8_7_18_0.dat Generated.
it=18	mon=[7]	energy=-1.412873
pyscript : output ./result_temp/linear_h2_8/res_mono_linear_h2_8_2_18_0.dat Generated.
pyscript : output ./result_temp/linear_h2_8/res_mono_linear_h2_8_5_18_0.dat Generated.
it=18	mon=[2]	energy=-1.736847
it=18	mon=[5]	energy=-1.686363
pyscript : output ./result_temp/linear_h2_8/res_mono_linear_h2_8_4_18_0.dat Generated.
it=18	mon=[4]	energy=-1.734570
pyscript : output ./result_temp/linear_h2_8/res_mono_linear_h2_8_0_18_0.dat Generated.
pyscript : output ./result_temp/linear_h2_8/res_mono_linear_h2_8_1_18_0.dat Generated.
it=18	mon=[1]	energy=-1.686955
it=18	mon=[0]	energy=-1.520523
pyscript : output ./result_temp/linear_h2_8/res_mono_linear_h2_8_3_18_0.dat Generated.
it=18	mon=[3]	energy=-1.749344
##SCC itera=18  conv=7  energy =     -13.09840046  energy0 =      -9.09620017  (  40.948094 )
./integ_temp/linear_h2_8/int_mono_linear_h2_8_1_19_0.dat -> 7 eris
./integ_temp/linear_h2_8/int_mono_linear_h2_8_3_19_0.dat -> 7 eris
./integ_temp/linear_h2_8/int_mono_linear_h2_8_7_19_0.dat -> 7 eris
./integ_temp/linear_h2_8/int_mono_linear_h2_8_2_19_0.dat -> 7 eris
./integ_temp/linear_h2_8/int_mono_linear_h2_8_6_19_0.dat -> 7 eris
./integ_temp/linear_h2_8/int_mono_linear_h2_8_0_19_0.dat -> 7 eris
./integ_temp/linear_h2_8/int_mono_linear_h2_8_5_19_0.dat -> 7 eris
./integ_temp/linear_h2_8/int_mono_linear_h2_8_4_19_0.dat -> 7 eris
pyscript : VQE for ./integ_temp/linear_h2_8/int_mono_linear_h2_8_7_19_0.dat spawned.
pyscript : VQE for ./integ_temp/linear_h2_8/int_mono_linear_h2_8_6_19_0.dat spawned.
pyscript : VQE for ./integ_temp/linear_h2_8/int_mono_linear_h2_8_3_19_0.dat spawned.
pyscript : output ./result_temp/linear_h2_8/res_mono_linear_h2_8_7_19_0.dat Generated.
pyscript : VQE for ./integ_temp/linear_h2_8/int_mono_linear_h2_8_5_19_0.dat spawned.
it=19	mon=[7]	energy=-1.412873
pyscript : VQE for ./integ_temp/linear_h2_8/int_mono_linear_h2_8_1_19_0.dat spawned.
pyscript : output ./result_temp/linear_h2_8/res_mono_linear_h2_8_6_19_0.dat Generated.
pyscript : VQE for ./integ_temp/linear_h2_8/int_mono_linear_h2_8_0_19_0.dat spawned.
pyscript : VQE for ./integ_temp/linear_h2_8/int_mono_linear_h2_8_2_19_0.dat spawned.
it=19	mon=[6]	energy=-1.570924
pyscript : VQE for ./integ_temp/linear_h2_8/int_mono_linear_h2_8_4_19_0.dat spawned.
pyscript : output ./result_temp/linear_h2_8/res_mono_linear_h2_8_2_19_0.dat Generated.
it=19	mon=[2]	energy=-1.736849
pyscript : output ./result_temp/linear_h2_8/res_mono_linear_h2_8_5_19_0.dat Generated.
it=19	mon=[5]	energy=-1.686367
pyscript : output ./result_temp/linear_h2_8/res_mono_linear_h2_8_3_19_0.dat Generated.
it=19	mon=[3]	energy=-1.749346
pyscript : output ./result_temp/linear_h2_8/res_mono_linear_h2_8_0_19_0.dat Generated.
pyscript : output ./result_temp/linear_h2_8/res_mono_linear_h2_8_1_19_0.dat Generated.
it=19	mon=[0]	energy=-1.520525
it=19	mon=[1]	energy=-1.686955
pyscript : output ./result_temp/linear_h2_8/res_mono_linear_h2_8_4_19_0.dat Generated.
it=19	mon=[4]	energy=-1.734572
##SCC itera=19  conv=7  energy =     -13.09841123  energy0 =      -9.09611339  (  44.040603 )
./integ_temp/linear_h2_8/int_mono_linear_h2_8_7_20_0.dat -> 7 eris
./integ_temp/linear_h2_8/int_mono_linear_h2_8_1_20_0.dat -> 7 eris
./integ_temp/linear_h2_8/int_mono_linear_h2_8_6_20_0.dat -> 7 eris
./integ_temp/linear_h2_8/int_mono_linear_h2_8_5_20_0.dat -> 7 eris
./integ_temp/linear_h2_8/int_mono_linear_h2_8_2_20_0.dat -> 7 eris
./integ_temp/linear_h2_8/int_mono_linear_h2_8_3_20_0.dat -> 7 eris
./integ_temp/linear_h2_8/int_mono_linear_h2_8_0_20_0.dat -> 7 eris
./integ_temp/linear_h2_8/int_mono_linear_h2_8_4_20_0.dat -> 7 eris
pyscript : VQE for ./integ_temp/linear_h2_8/int_mono_linear_h2_8_7_20_0.dat spawned.
pyscript : VQE for ./integ_temp/linear_h2_8/int_mono_linear_h2_8_6_20_0.dat spawned.
pyscript : output ./result_temp/linear_h2_8/res_mono_linear_h2_8_7_20_0.dat Generated.
it=20	mon=[7]	energy=-1.412873
pyscript : VQE for ./integ_temp/linear_h2_8/int_mono_linear_h2_8_4_20_0.dat spawned.
pyscript : VQE for ./integ_temp/linear_h2_8/int_mono_linear_h2_8_5_20_0.dat spawned.
pyscript : VQE for ./integ_temp/linear_h2_8/int_mono_linear_h2_8_1_20_0.dat spawned.
pyscript : VQE for ./integ_temp/linear_h2_8/int_mono_linear_h2_8_2_20_0.dat spawned.
pyscript : VQE for ./integ_temp/linear_h2_8/int_mono_linear_h2_8_0_20_0.dat spawned.
pyscript : VQE for ./integ_temp/linear_h2_8/int_mono_linear_h2_8_3_20_0.dat spawned.
pyscript : output ./result_temp/linear_h2_8/res_mono_linear_h2_8_6_20_0.dat Generated.
it=20	mon=[6]	energy=-1.570925
pyscript : output ./result_temp/linear_h2_8/res_mono_linear_h2_8_5_20_0.dat Generated.
it=20	mon=[5]	energy=-1.686365
pyscript : output ./result_temp/linear_h2_8/res_mono_linear_h2_8_4_20_0.dat Generated.
it=20	mon=[4]	energy=-1.734570
pyscript : output ./result_temp/linear_h2_8/res_mono_linear_h2_8_2_20_0.dat Generated.
pyscript : output ./result_temp/linear_h2_8/res_mono_linear_h2_8_1_20_0.dat Generated.
pyscript : output ./result_temp/linear_h2_8/res_mono_linear_h2_8_0_20_0.dat Generated.
pyscript : output ./result_temp/linear_h2_8/res_mono_linear_h2_8_3_20_0.dat Generated.
it=20	mon=[2]	energy=-1.736849
it=20	mon=[1]	energy=-1.686955
it=20	mon=[3]	energy=-1.749344
it=20	mon=[0]	energy=-1.520523
##SCC itera=20  conv=7  energy =     -13.09840435  energy0 =      -9.09620035  (  41.720060 )
./integ_temp/linear_h2_8/int_mono_linear_h2_8_7_21_0.dat -> 7 eris
./integ_temp/linear_h2_8/int_mono_linear_h2_8_3_21_0.dat -> 7 eris
./integ_temp/linear_h2_8/int_mono_linear_h2_8_0_21_0.dat -> 7 eris
./integ_temp/linear_h2_8/int_mono_linear_h2_8_6_21_0.dat -> 7 eris
./integ_temp/linear_h2_8/int_mono_linear_h2_8_5_21_0.dat -> 7 eris
./integ_temp/linear_h2_8/int_mono_linear_h2_8_2_21_0.dat -> 7 eris
./integ_temp/linear_h2_8/int_mono_linear_h2_8_1_21_0.dat -> 7 eris
./integ_temp/linear_h2_8/int_mono_linear_h2_8_4_21_0.dat -> 7 eris
pyscript : VQE for ./integ_temp/linear_h2_8/int_mono_linear_h2_8_7_21_0.dat spawned.
pyscript : VQE for ./integ_temp/linear_h2_8/int_mono_linear_h2_8_6_21_0.dat spawned.
pyscript : output ./result_temp/linear_h2_8/res_mono_linear_h2_8_7_21_0.dat Generated.
pyscript : VQE for ./integ_temp/linear_h2_8/int_mono_linear_h2_8_3_21_0.dat spawned.
it=21	mon=[7]	energy=-1.412871
pyscript : VQE for ./integ_temp/linear_h2_8/int_mono_linear_h2_8_5_21_0.dat spawned.
pyscript : VQE for ./integ_temp/linear_h2_8/int_mono_linear_h2_8_1_21_0.dat spawned.
pyscript : VQE for ./integ_temp/linear_h2_8/int_mono_linear_h2_8_0_21_0.dat spawned.
pyscript : VQE for ./integ_temp/linear_h2_8/int_mono_linear_h2_8_2_21_0.dat spawned.
pyscript : output ./result_temp/linear_h2_8/res_mono_linear_h2_8_6_21_0.dat Generated.
pyscript : VQE for ./integ_temp/linear_h2_8/int_mono_linear_h2_8_4_21_0.dat spawned.
it=21	mon=[6]	energy=-1.570918
pyscript : output ./result_temp/linear_h2_8/res_mono_linear_h2_8_3_21_0.dat Generated.
it=21	mon=[3]	energy=-1.749338
pyscript : output ./result_temp/linear_h2_8/res_mono_linear_h2_8_2_21_0.dat Generated.
it=21	mon=[2]	energy=-1.736849
pyscript : output ./result_temp/linear_h2_8/res_mono_linear_h2_8_4_21_0.dat Generated.
pyscript : output ./result_temp/linear_h2_8/res_mono_linear_h2_8_5_21_0.dat Generated.
it=21	mon=[4]	energy=-1.734568
it=21	mon=[5]	energy=-1.686365
pyscript : output ./result_temp/linear_h2_8/res_mono_linear_h2_8_0_21_0.dat Generated.
pyscript : output ./result_temp/linear_h2_8/res_mono_linear_h2_8_1_21_0.dat Generated.
it=21	mon=[0]	energy=-1.520519
it=21	mon=[1]	energy=-1.686947
##SCC itera=21  conv=7  energy =     -13.09837499  energy0 =      -9.09610347  (  38.716328 )
./integ_temp/linear_h2_8/int_mono_linear_h2_8_5_22_0.dat -> 7 eris
./integ_temp/linear_h2_8/int_mono_linear_h2_8_6_22_0.dat -> 7 eris
./integ_temp/linear_h2_8/int_mono_linear_h2_8_7_22_0.dat -> 7 eris
./integ_temp/linear_h2_8/int_mono_linear_h2_8_1_22_0.dat -> 7 eris
./integ_temp/linear_h2_8/int_mono_linear_h2_8_4_22_0.dat -> 7 eris
./integ_temp/linear_h2_8/int_mono_linear_h2_8_2_22_0.dat -> 7 eris
./integ_temp/linear_h2_8/int_mono_linear_h2_8_0_22_0.dat -> 7 eris
./integ_temp/linear_h2_8/int_mono_linear_h2_8_3_22_0.dat -> 7 eris
pyscript : VQE for ./integ_temp/linear_h2_8/int_mono_linear_h2_8_7_22_0.dat spawned.
pyscript : VQE for ./integ_temp/linear_h2_8/int_mono_linear_h2_8_6_22_0.dat spawned.
pyscript : VQE for ./integ_temp/linear_h2_8/int_mono_linear_h2_8_5_22_0.dat spawned.
pyscript : VQE for ./integ_temp/linear_h2_8/int_mono_linear_h2_8_4_22_0.dat spawned.
pyscript : output ./result_temp/linear_h2_8/res_mono_linear_h2_8_7_22_0.dat Generated.
it=22	mon=[7]	energy=-1.412873
pyscript : VQE for ./integ_temp/linear_h2_8/int_mono_linear_h2_8_2_22_0.dat spawned.
pyscript : VQE for ./integ_temp/linear_h2_8/int_mono_linear_h2_8_1_22_0.dat spawned.
pyscript : VQE for ./integ_temp/linear_h2_8/int_mono_linear_h2_8_0_22_0.dat spawned.
pyscript : VQE for ./integ_temp/linear_h2_8/int_mono_linear_h2_8_3_22_0.dat spawned.
pyscript : output ./result_temp/linear_h2_8/res_mono_linear_h2_8_6_22_0.dat Generated.
it=22	mon=[6]	energy=-1.570925
pyscript : output ./result_temp/linear_h2_8/res_mono_linear_h2_8_2_22_0.dat Generated.
it=22	mon=[2]	energy=-1.736849
pyscript : output ./result_temp/linear_h2_8/res_mono_linear_h2_8_4_22_0.dat Generated.
pyscript : output ./result_temp/linear_h2_8/res_mono_linear_h2_8_5_22_0.dat Generated.
it=22	mon=[4]	energy=-1.734570
it=22	mon=[5]	energy=-1.686363
pyscript : output ./result_temp/linear_h2_8/res_mono_linear_h2_8_0_22_0.dat Generated.
pyscript : output ./result_temp/linear_h2_8/res_mono_linear_h2_8_3_22_0.dat Generated.
it=22	mon=[0]	energy=-1.520523
pyscript : output ./result_temp/linear_h2_8/res_mono_linear_h2_8_1_22_0.dat Generated.
it=22	mon=[3]	energy=-1.749344
it=22	mon=[1]	energy=-1.686955
##SCC itera=22  conv=7  energy =     -13.09840247  energy0 =      -9.09620038  (  42.628164 )
./integ_temp/linear_h2_8/int_mono_linear_h2_8_5_23_0.dat -> 7 eris
./integ_temp/linear_h2_8/int_mono_linear_h2_8_0_23_0.dat -> 7 eris
./integ_temp/linear_h2_8/int_mono_linear_h2_8_7_23_0.dat -> 7 eris
./integ_temp/linear_h2_8/int_mono_linear_h2_8_1_23_0.dat -> 7 eris
./integ_temp/linear_h2_8/int_mono_linear_h2_8_6_23_0.dat -> 7 eris
./integ_temp/linear_h2_8/int_mono_linear_h2_8_2_23_0.dat -> 7 eris
./integ_temp/linear_h2_8/int_mono_linear_h2_8_3_23_0.dat -> 7 eris
./integ_temp/linear_h2_8/int_mono_linear_h2_8_4_23_0.dat -> 7 eris
pyscript : VQE for ./integ_temp/linear_h2_8/int_mono_linear_h2_8_7_23_0.dat spawned.
pyscript : VQE for ./integ_temp/linear_h2_8/int_mono_linear_h2_8_5_23_0.dat spawned.
pyscript : VQE for ./integ_temp/linear_h2_8/int_mono_linear_h2_8_6_23_0.dat spawned.
pyscript : VQE for ./integ_temp/linear_h2_8/int_mono_linear_h2_8_0_23_0.dat spawned.
pyscript : VQE for ./integ_temp/linear_h2_8/int_mono_linear_h2_8_1_23_0.dat spawned.
pyscript : VQE for ./integ_temp/linear_h2_8/int_mono_linear_h2_8_2_23_0.dat spawned.
pyscript : output ./result_temp/linear_h2_8/res_mono_linear_h2_8_7_23_0.dat Generated.
it=23	mon=[7]	energy=-1.412873
pyscript : VQE for ./integ_temp/linear_h2_8/int_mono_linear_h2_8_4_23_0.dat spawned.
pyscript : output ./result_temp/linear_h2_8/res_mono_linear_h2_8_5_23_0.dat Generated.
pyscript : VQE for ./integ_temp/linear_h2_8/int_mono_linear_h2_8_3_23_0.dat spawned.
it=23	mon=[5]	energy=-1.686367
pyscript : output ./result_temp/linear_h2_8/res_mono_linear_h2_8_6_23_0.dat Generated.
it=23	mon=[6]	energy=-1.570925
pyscript : output ./result_temp/linear_h2_8/res_mono_linear_h2_8_0_23_0.dat Generated.
it=23	mon=[0]	energy=-1.520523
pyscript : output ./result_temp/linear_h2_8/res_mono_linear_h2_8_3_23_0.dat Generated.
pyscript : output ./result_temp/linear_h2_8/res_mono_linear_h2_8_1_23_0.dat Generated.
pyscript : output ./result_temp/linear_h2_8/res_mono_linear_h2_8_2_23_0.dat Generated.
it=23	mon=[3]	energy=-1.749346
pyscript : output ./result_temp/linear_h2_8/res_mono_linear_h2_8_4_23_0.dat Generated.
it=23	mon=[1]	energy=-1.686955
it=23	mon=[2]	energy=-1.736849
it=23	mon=[4]	energy=-1.734572
##SCC itera=23  conv=7  energy =     -13.09841049  energy0 =      -9.09620599  (  44.300157 )
./integ_temp/linear_h2_8/int_mono_linear_h2_8_3_24_0.dat -> 7 eris
./integ_temp/linear_h2_8/int_mono_linear_h2_8_7_24_0.dat -> 7 eris
./integ_temp/linear_h2_8/int_mono_linear_h2_8_6_24_0.dat -> 7 eris
./integ_temp/linear_h2_8/int_mono_linear_h2_8_1_24_0.dat -> 7 eris
./integ_temp/linear_h2_8/int_mono_linear_h2_8_0_24_0.dat -> 7 eris
./integ_temp/linear_h2_8/int_mono_linear_h2_8_2_24_0.dat -> 7 eris
./integ_temp/linear_h2_8/int_mono_linear_h2_8_5_24_0.dat -> 7 eris
./integ_temp/linear_h2_8/int_mono_linear_h2_8_4_24_0.dat -> 7 eris
pyscript : VQE for ./integ_temp/linear_h2_8/int_mono_linear_h2_8_7_24_0.dat spawned.
pyscript : VQE for ./integ_temp/linear_h2_8/int_mono_linear_h2_8_6_24_0.dat spawned.
pyscript : VQE for ./integ_temp/linear_h2_8/int_mono_linear_h2_8_3_24_0.dat spawned.
pyscript : output ./result_temp/linear_h2_8/res_mono_linear_h2_8_7_24_0.dat Generated.
pyscript : VQE for ./integ_temp/linear_h2_8/int_mono_linear_h2_8_5_24_0.dat spawned.
pyscript : VQE for ./integ_temp/linear_h2_8/int_mono_linear_h2_8_0_24_0.dat spawned.
it=24	mon=[7]	energy=-1.412871
pyscript : VQE for ./integ_temp/linear_h2_8/int_mono_linear_h2_8_1_24_0.dat spawned.
pyscript : VQE for ./integ_temp/linear_h2_8/int_mono_linear_h2_8_2_24_0.dat spawned.
pyscript : VQE for ./integ_temp/linear_h2_8/int_mono_linear_h2_8_4_24_0.dat spawned.
pyscript : output ./result_temp/linear_h2_8/res_mono_linear_h2_8_3_24_0.dat Generated.
pyscript : output ./result_temp/linear_h2_8/res_mono_linear_h2_8_6_24_0.dat Generated.
it=24	mon=[3]	energy=-1.749338
it=24	mon=[6]	energy=-1.570923
pyscript : output ./result_temp/linear_h2_8/res_mono_linear_h2_8_2_24_0.dat Generated.
it=24	mon=[2]	energy=-1.736849
pyscript : output ./result_temp/linear_h2_8/res_mono_linear_h2_8_5_24_0.dat Generated.
pyscript : output ./result_temp/linear_h2_8/res_mono_linear_h2_8_0_24_0.dat Generated.
it=24	mon=[5]	energy=-1.686365
pyscript : output ./result_temp/linear_h2_8/res_mono_linear_h2_8_4_24_0.dat Generated.
it=24	mon=[4]	energy=-1.734568
it=24	mon=[0]	energy=-1.520521
pyscript : output ./result_temp/linear_h2_8/res_mono_linear_h2_8_1_24_0.dat Generated.
it=24	mon=[1]	energy=-1.686947
##SCC itera=24  conv=7  energy =     -13.09838226  energy0 =      -9.09618849  (  40.773605 )
./integ_temp/linear_h2_8/int_mono_linear_h2_8_4_25_0.dat -> 7 eris
./integ_temp/linear_h2_8/int_mono_linear_h2_8_7_25_0.dat -> 7 eris
./integ_temp/linear_h2_8/int_mono_linear_h2_8_6_25_0.dat -> 7 eris
./integ_temp/linear_h2_8/int_mono_linear_h2_8_5_25_0.dat -> 7 eris
./integ_temp/linear_h2_8/int_mono_linear_h2_8_1_25_0.dat -> 7 eris
./integ_temp/linear_h2_8/int_mono_linear_h2_8_2_25_0.dat -> 7 eris
./integ_temp/linear_h2_8/int_mono_linear_h2_8_0_25_0.dat -> 7 eris
./integ_temp/linear_h2_8/int_mono_linear_h2_8_3_25_0.dat -> 7 eris
pyscript : VQE for ./integ_temp/linear_h2_8/int_mono_linear_h2_8_7_25_0.dat spawned.
pyscript : VQE for ./integ_temp/linear_h2_8/int_mono_linear_h2_8_6_25_0.dat spawned.
pyscript : output ./result_temp/linear_h2_8/res_mono_linear_h2_8_7_25_0.dat Generated.
pyscript : VQE for ./integ_temp/linear_h2_8/int_mono_linear_h2_8_4_25_0.dat spawned.
it=25	mon=[7]	energy=-1.412873
pyscript : VQE for ./integ_temp/linear_h2_8/int_mono_linear_h2_8_5_25_0.dat spawned.
pyscript : VQE for ./integ_temp/linear_h2_8/int_mono_linear_h2_8_0_25_0.dat spawned.
pyscript : VQE for ./integ_temp/linear_h2_8/int_mono_linear_h2_8_1_25_0.dat spawned.
pyscript : VQE for ./integ_temp/linear_h2_8/int_mono_linear_h2_8_2_25_0.dat spawned.
pyscript : VQE for ./integ_temp/linear_h2_8/int_mono_linear_h2_8_3_25_0.dat spawned.
pyscript : output ./result_temp/linear_h2_8/res_mono_linear_h2_8_2_25_0.dat Generated.
pyscript : output ./result_temp/linear_h2_8/res_mono_linear_h2_8_6_25_0.dat Generated.
it=25	mon=[2]	energy=-1.736847
it=25	mon=[6]	energy=-1.570925
pyscript : output ./result_temp/linear_h2_8/res_mono_linear_h2_8_4_25_0.dat Generated.
pyscript : output ./result_temp/linear_h2_8/res_mono_linear_h2_8_5_25_0.dat Generated.
pyscript : output ./result_temp/linear_h2_8/res_mono_linear_h2_8_0_25_0.dat Generated.
it=25	mon=[4]	energy=-1.734572
it=25	mon=[5]	energy=-1.686367
it=25	mon=[0]	energy=-1.520523
pyscript : output ./result_temp/linear_h2_8/res_mono_linear_h2_8_1_25_0.dat Generated.
it=25	mon=[1]	energy=-1.686955
pyscript : output ./result_temp/linear_h2_8/res_mono_linear_h2_8_3_25_0.dat Generated.
##SCC itera=25  conv=7  energy =     -13.09840842  energy0 =      -9.09620425  (  38.220274 )
it=25	mon=[3]	energy=-1.749346
./integ_temp/linear_h2_8/int_mono_linear_h2_8_5_26_0.dat -> 7 eris
./integ_temp/linear_h2_8/int_mono_linear_h2_8_7_26_0.dat -> 7 eris
./integ_temp/linear_h2_8/int_mono_linear_h2_8_0_26_0.dat -> 7 eris
./integ_temp/linear_h2_8/int_mono_linear_h2_8_3_26_0.dat -> 7 eris
./integ_temp/linear_h2_8/int_mono_linear_h2_8_1_26_0.dat -> 7 eris
./integ_temp/linear_h2_8/int_mono_linear_h2_8_6_26_0.dat -> 7 eris
./integ_temp/linear_h2_8/int_mono_linear_h2_8_2_26_0.dat -> 7 eris
./integ_temp/linear_h2_8/int_mono_linear_h2_8_4_26_0.dat -> 7 eris
pyscript : VQE for ./integ_temp/linear_h2_8/int_mono_linear_h2_8_7_26_0.dat spawned.
pyscript : VQE for ./integ_temp/linear_h2_8/int_mono_linear_h2_8_5_26_0.dat spawned.
pyscript : VQE for ./integ_temp/linear_h2_8/int_mono_linear_h2_8_6_26_0.dat spawned.
pyscript : output ./result_temp/linear_h2_8/res_mono_linear_h2_8_7_26_0.dat Generated.
it=26	mon=[7]	energy=-1.412873
pyscript : VQE for ./integ_temp/linear_h2_8/int_mono_linear_h2_8_1_26_0.dat spawned.
pyscript : VQE for ./integ_temp/linear_h2_8/int_mono_linear_h2_8_2_26_0.dat spawned.
pyscript : VQE for ./integ_temp/linear_h2_8/int_mono_linear_h2_8_0_26_0.dat spawned.
pyscript : VQE for ./integ_temp/linear_h2_8/int_mono_linear_h2_8_3_26_0.dat spawned.
pyscript : VQE for ./integ_temp/linear_h2_8/int_mono_linear_h2_8_4_26_0.dat spawned.
pyscript : output ./result_temp/linear_h2_8/res_mono_linear_h2_8_2_26_0.dat Generated.
pyscript : output ./result_temp/linear_h2_8/res_mono_linear_h2_8_5_26_0.dat Generated.
it=26	mon=[2]	energy=-1.736849
pyscript : output ./result_temp/linear_h2_8/res_mono_linear_h2_8_6_26_0.dat Generated.
it=26	mon=[5]	energy=-1.686367
it=26	mon=[6]	energy=-1.570925
pyscript : output ./result_temp/linear_h2_8/res_mono_linear_h2_8_0_26_0.dat Generated.
it=26	mon=[0]	energy=-1.520525
pyscript : output ./result_temp/linear_h2_8/res_mono_linear_h2_8_1_26_0.dat Generated.
pyscript : output ./result_temp/linear_h2_8/res_mono_linear_h2_8_3_26_0.dat Generated.
it=26	mon=[1]	energy=-1.686955
it=26	mon=[3]	energy=-1.749346
pyscript : output ./result_temp/linear_h2_8/res_mono_linear_h2_8_4_26_0.dat Generated.
it=26	mon=[4]	energy=-1.734572
##SCC itera=26  conv=7  energy =     -13.09841245  energy0 =      -9.09619838  (  41.888167 )
./integ_temp/linear_h2_8/int_mono_linear_h2_8_7_27_0.dat -> 7 eris
./integ_temp/linear_h2_8/int_mono_linear_h2_8_2_27_0.dat -> 7 eris
./integ_temp/linear_h2_8/int_mono_linear_h2_8_6_27_0.dat -> 7 eris
./integ_temp/linear_h2_8/int_mono_linear_h2_8_1_27_0.dat -> 7 eris
./integ_temp/linear_h2_8/int_mono_linear_h2_8_5_27_0.dat -> 7 eris
./integ_temp/linear_h2_8/int_mono_linear_h2_8_3_27_0.dat -> 7 eris
./integ_temp/linear_h2_8/int_mono_linear_h2_8_0_27_0.dat -> 7 eris
./integ_temp/linear_h2_8/int_mono_linear_h2_8_4_27_0.dat -> 7 eris
pyscript : VQE for ./integ_temp/linear_h2_8/int_mono_linear_h2_8_7_27_0.dat spawned.
pyscript : VQE for ./integ_temp/linear_h2_8/int_mono_linear_h2_8_6_27_0.dat spawned.
pyscript : output ./result_temp/linear_h2_8/res_mono_linear_h2_8_7_27_0.dat Generated.
it=27	mon=[7]	energy=-1.412873
pyscript : VQE for ./integ_temp/linear_h2_8/int_mono_linear_h2_8_4_27_0.dat spawned.
pyscript : VQE for ./integ_temp/linear_h2_8/int_mono_linear_h2_8_1_27_0.dat spawned.
pyscript : VQE for ./integ_temp/linear_h2_8/int_mono_linear_h2_8_0_27_0.dat spawned.
pyscript : VQE for ./integ_temp/linear_h2_8/int_mono_linear_h2_8_2_27_0.dat spawned.
pyscript : VQE for ./integ_temp/linear_h2_8/int_mono_linear_h2_8_3_27_0.dat spawned.
pyscript : VQE for ./integ_temp/linear_h2_8/int_mono_linear_h2_8_5_27_0.dat spawned.
pyscript : output ./result_temp/linear_h2_8/res_mono_linear_h2_8_6_27_0.dat Generated.
it=27	mon=[6]	energy=-1.570925
pyscript : output ./result_temp/linear_h2_8/res_mono_linear_h2_8_4_27_0.dat Generated.
pyscript : output ./result_temp/linear_h2_8/res_mono_linear_h2_8_5_27_0.dat Generated.
pyscript : output ./result_temp/linear_h2_8/res_mono_linear_h2_8_0_27_0.dat Generated.
it=27	mon=[5]	energy=-1.686367
it=27	mon=[4]	energy=-1.734572
it=27	mon=[0]	energy=-1.520525
pyscript : output ./result_temp/linear_h2_8/res_mono_linear_h2_8_1_27_0.dat Generated.
pyscript : output ./result_temp/linear_h2_8/res_mono_linear_h2_8_2_27_0.dat Generated.
it=27	mon=[2]	energy=-1.736849
it=27	mon=[1]	energy=-1.686955
pyscript : output ./result_temp/linear_h2_8/res_mono_linear_h2_8_3_27_0.dat Generated.
it=27	mon=[3]	energy=-1.749346
##SCC itera=27  conv=7  energy =     -13.09841249  energy0 =      -9.09620402  (  35.353818 )
./integ_temp/linear_h2_8/int_mono_linear_h2_8_7_28_0.dat -> 7 eris
./integ_temp/linear_h2_8/int_mono_linear_h2_8_4_28_0.dat -> 7 eris
./integ_temp/linear_h2_8/int_mono_linear_h2_8_3_28_0.dat -> 7 eris
./integ_temp/linear_h2_8/int_mono_linear_h2_8_2_28_0.dat -> 7 eris
./integ_temp/linear_h2_8/int_mono_linear_h2_8_1_28_0.dat -> 7 eris
./integ_temp/linear_h2_8/int_mono_linear_h2_8_6_28_0.dat -> 7 eris
./integ_temp/linear_h2_8/int_mono_linear_h2_8_0_28_0.dat -> 7 eris
./integ_temp/linear_h2_8/int_mono_linear_h2_8_5_28_0.dat -> 7 eris
pyscript : VQE for ./integ_temp/linear_h2_8/int_mono_linear_h2_8_7_28_0.dat spawned.
pyscript : VQE for ./integ_temp/linear_h2_8/int_mono_linear_h2_8_6_28_0.dat spawned.
pyscript : VQE for ./integ_temp/linear_h2_8/int_mono_linear_h2_8_4_28_0.dat spawned.
pyscript : output ./result_temp/linear_h2_8/res_mono_linear_h2_8_7_28_0.dat Generated.
pyscript : VQE for ./integ_temp/linear_h2_8/int_mono_linear_h2_8_1_28_0.dat spawned.
pyscript : VQE for ./integ_temp/linear_h2_8/int_mono_linear_h2_8_0_28_0.dat spawned.
pyscript : VQE for ./integ_temp/linear_h2_8/int_mono_linear_h2_8_2_28_0.dat spawned.
pyscript : VQE for ./integ_temp/linear_h2_8/int_mono_linear_h2_8_3_28_0.dat spawned.
it=28	mon=[7]	energy=-1.412871
pyscript : VQE for ./integ_temp/linear_h2_8/int_mono_linear_h2_8_5_28_0.dat spawned.
pyscript : output ./result_temp/linear_h2_8/res_mono_linear_h2_8_2_28_0.dat Generated.
pyscript : output ./result_temp/linear_h2_8/res_mono_linear_h2_8_3_28_0.dat Generated.
pyscript : output ./result_temp/linear_h2_8/res_mono_linear_h2_8_6_28_0.dat Generated.
it=28	mon=[2]	energy=-1.736849
it=28	mon=[3]	energy=-1.749338
it=28	mon=[6]	energy=-1.570923
pyscript : output ./result_temp/linear_h2_8/res_mono_linear_h2_8_5_28_0.dat Generated.
it=28	mon=[5]	energy=-1.686365
pyscript : output ./result_temp/linear_h2_8/res_mono_linear_h2_8_4_28_0.dat Generated.
pyscript : output ./result_temp/linear_h2_8/res_mono_linear_h2_8_0_28_0.dat Generated.
it=28	mon=[4]	energy=-1.734568
it=28	mon=[0]	energy=-1.520521
pyscript : output ./result_temp/linear_h2_8/res_mono_linear_h2_8_1_28_0.dat Generated.
it=28	mon=[1]	energy=-1.686947
##SCC itera=28  conv=7  energy =     -13.09838226  energy0 =      -9.09619046  (  31.176152 )
./integ_temp/linear_h2_8/int_mono_linear_h2_8_4_29_0.dat -> 7 eris
./integ_temp/linear_h2_8/int_mono_linear_h2_8_7_29_0.dat -> 7 eris
./integ_temp/linear_h2_8/int_mono_linear_h2_8_0_29_0.dat -> 7 eris
./integ_temp/linear_h2_8/int_mono_linear_h2_8_5_29_0.dat -> 7 eris
./integ_temp/linear_h2_8/int_mono_linear_h2_8_1_29_0.dat -> 7 eris
./integ_temp/linear_h2_8/int_mono_linear_h2_8_3_29_0.dat -> 7 eris
./integ_temp/linear_h2_8/int_mono_linear_h2_8_6_29_0.dat -> 7 eris
./integ_temp/linear_h2_8/int_mono_linear_h2_8_2_29_0.dat -> 7 eris
pyscript : VQE for ./integ_temp/linear_h2_8/int_mono_linear_h2_8_7_29_0.dat spawned.
pyscript : VQE for ./integ_temp/linear_h2_8/int_mono_linear_h2_8_5_29_0.dat spawned.
pyscript : VQE for ./integ_temp/linear_h2_8/int_mono_linear_h2_8_6_29_0.dat spawned.
pyscript : VQE for ./integ_temp/linear_h2_8/int_mono_linear_h2_8_4_29_0.dat spawned.
pyscript : VQE for ./integ_temp/linear_h2_8/int_mono_linear_h2_8_1_29_0.dat spawned.
pyscript : VQE for ./integ_temp/linear_h2_8/int_mono_linear_h2_8_0_29_0.dat spawned.
pyscript : VQE for ./integ_temp/linear_h2_8/int_mono_linear_h2_8_2_29_0.dat spawned.
pyscript : VQE for ./integ_temp/linear_h2_8/int_mono_linear_h2_8_3_29_0.dat spawned.
pyscript : output ./result_temp/linear_h2_8/res_mono_linear_h2_8_7_29_0.dat Generated.
it=29	mon=[7]	energy=-1.412873
pyscript : output ./result_temp/linear_h2_8/res_mono_linear_h2_8_6_29_0.dat Generated.
pyscript : output ./result_temp/linear_h2_8/res_mono_linear_h2_8_2_29_0.dat Generated.
it=29	mon=[6]	energy=-1.570925
it=29	mon=[2]	energy=-1.736849
pyscript : output ./result_temp/linear_h2_8/res_mono_linear_h2_8_5_29_0.dat Generated.
pyscript : output ./result_temp/linear_h2_8/res_mono_linear_h2_8_4_29_0.dat Generated.
it=29	mon=[5]	energy=-1.686367
it=29	mon=[4]	energy=-1.734572
pyscript : output ./result_temp/linear_h2_8/res_mono_linear_h2_8_0_29_0.dat Generated.
pyscript : output ./result_temp/linear_h2_8/res_mono_linear_h2_8_1_29_0.dat Generated.
it=29	mon=[0]	energy=-1.520523
it=29	mon=[1]	energy=-1.686955
pyscript : output ./result_temp/linear_h2_8/res_mono_linear_h2_8_3_29_0.dat Generated.
it=29	mon=[3]	energy=-1.749346
##SCC itera=29  conv=7  energy =     -13.09841045  energy0 =      -9.09620035  (  33.272113 )
./integ_temp/linear_h2_8/int_mono_linear_h2_8_4_30_0.dat -> 7 eris
./integ_temp/linear_h2_8/int_mono_linear_h2_8_7_30_0.dat -> 7 eris
./integ_temp/linear_h2_8/int_mono_linear_h2_8_2_30_0.dat -> 7 eris
./integ_temp/linear_h2_8/int_mono_linear_h2_8_3_30_0.dat -> 7 eris
./integ_temp/linear_h2_8/int_mono_linear_h2_8_6_30_0.dat -> 7 eris
./integ_temp/linear_h2_8/int_mono_linear_h2_8_1_30_0.dat -> 7 eris
./integ_temp/linear_h2_8/int_mono_linear_h2_8_0_30_0.dat -> 7 eris
./integ_temp/linear_h2_8/int_mono_linear_h2_8_5_30_0.dat -> 7 eris
pyscript : VQE for ./integ_temp/linear_h2_8/int_mono_linear_h2_8_7_30_0.dat spawned.
pyscript : VQE for ./integ_temp/linear_h2_8/int_mono_linear_h2_8_6_30_0.dat spawned.
pyscript : VQE for ./integ_temp/linear_h2_8/int_mono_linear_h2_8_4_30_0.dat spawned.
pyscript : output ./result_temp/linear_h2_8/res_mono_linear_h2_8_7_30_0.dat Generated.
it=30	mon=[7]	energy=-1.412873
pyscript : VQE for ./integ_temp/linear_h2_8/int_mono_linear_h2_8_1_30_0.dat spawned.
pyscript : VQE for ./integ_temp/linear_h2_8/int_mono_linear_h2_8_3_30_0.dat spawned.
pyscript : VQE for ./integ_temp/linear_h2_8/int_mono_linear_h2_8_2_30_0.dat spawned.
pyscript : VQE for ./integ_temp/linear_h2_8/int_mono_linear_h2_8_0_30_0.dat spawned.
pyscript : VQE for ./integ_temp/linear_h2_8/int_mono_linear_h2_8_5_30_0.dat spawned.
pyscript : output ./result_temp/linear_h2_8/res_mono_linear_h2_8_6_30_0.dat Generated.
it=30	mon=[6]	energy=-1.570925
pyscript : output ./result_temp/linear_h2_8/res_mono_linear_h2_8_4_30_0.dat Generated.
pyscript : output ./result_temp/linear_h2_8/res_mono_linear_h2_8_5_30_0.dat Generated.
it=30	mon=[5]	energy=-1.686367
it=30	mon=[4]	energy=-1.734572
pyscript : output ./result_temp/linear_h2_8/res_mono_linear_h2_8_0_30_0.dat Generated.
pyscript : output ./result_temp/linear_h2_8/res_mono_linear_h2_8_3_30_0.dat Generated.
pyscript : output ./result_temp/linear_h2_8/res_mono_linear_h2_8_2_30_0.dat Generated.
it=30	mon=[0]	energy=-1.520525
pyscript : output ./result_temp/linear_h2_8/res_mono_linear_h2_8_1_30_0.dat Generated.
it=30	mon=[2]	energy=-1.736849
it=30	mon=[3]	energy=-1.749346
it=30	mon=[1]	energy=-1.686955
##SCC itera=30  conv=7  energy =     -13.09841240  energy0 =      -9.09620433  (  32.396137 )
##T         ---- Finish SCC procedure ---- : lap time= 1250.803894 ( total etime= 1253.421351 )
./integ_temp/linear_h2_8/int_dim_linear_h2_8_2-0_130_0.dat -> 65 eris
./integ_temp/linear_h2_8/int_dim_linear_h2_8_3-2_130_0.dat -> 65 eris
./integ_temp/linear_h2_8/int_dim_linear_h2_8_4-1_130_0.dat -> 65 eris
./integ_temp/linear_h2_8/int_dim_linear_h2_8_3-0_130_0.dat -> 65 eris
./integ_temp/linear_h2_8/int_dim_linear_h2_8_4-0_130_0.dat -> 65 eris
./integ_temp/linear_h2_8/int_dim_linear_h2_8_1-0_130_0.dat -> 65 eris
./integ_temp/linear_h2_8/int_dim_linear_h2_8_2-1_130_0.dat -> 65 eris
./integ_temp/linear_h2_8/int_dim_linear_h2_8_3-1_130_0.dat -> 65 eris
pyscript : VQE for ./integ_temp/linear_h2_8/int_dim_linear_h2_8_4-1_130_0.dat spawned.
pyscript : VQE for ./integ_temp/linear_h2_8/int_dim_linear_h2_8_4-0_130_0.dat spawned.
pyscript : VQE for ./integ_temp/linear_h2_8/int_dim_linear_h2_8_3-2_130_0.dat spawned.
pyscript : VQE for ./integ_temp/linear_h2_8/int_dim_linear_h2_8_3-1_130_0.dat spawned.
pyscript : VQE for ./integ_temp/linear_h2_8/int_dim_linear_h2_8_2-1_130_0.dat spawned.
pyscript : VQE for ./integ_temp/linear_h2_8/int_dim_linear_h2_8_1-0_130_0.dat spawned.
pyscript : VQE for ./integ_temp/linear_h2_8/int_dim_linear_h2_8_2-0_130_0.dat spawned.
pyscript : VQE for ./integ_temp/linear_h2_8/int_dim_linear_h2_8_3-0_130_0.dat spawned.
pyscript : output ./result_temp/linear_h2_8/res_dim_linear_h2_8_4-1_130_0.dat Generated.
it=130	mon=[4, 1]	energy=-3.311292
# E=    -3.3112918992 E-DV=    -2.2743128834 DV=    -1.0369790158 DDV=     0.0002061383
./integ_temp/linear_h2_8/int_dim_linear_h2_8_4-2_130_0.dat -> 65 eris
pyscript : VQE for ./integ_temp/linear_h2_8/int_dim_linear_h2_8_4-2_130_0.dat spawned.
pyscript : output ./result_temp/linear_h2_8/res_dim_linear_h2_8_4-0_130_0.dat Generated.
it=130	mon=[4, 0]	energy=-3.170222
# E=    -3.1702217008 E-DV=    -2.2739627778 DV=    -0.8962589230 DDV=     0.0001613618
./integ_temp/linear_h2_8/int_dim_linear_h2_8_4-3_130_0.dat -> 65 eris
pyscript : VQE for ./integ_temp/linear_h2_8/int_dim_linear_h2_8_4-3_130_0.dat spawned.
pyscript : output ./result_temp/linear_h2_8/res_dim_linear_h2_8_3-0_130_0.dat Generated.
it=130	mon=[3, 0]	energy=-3.156203
# E=    -3.1562029025 E-DV=    -2.2740730016 DV=    -0.8821299009 DDV=     0.0001892844
./integ_temp/linear_h2_8/int_dim_linear_h2_8_5-0_130_0.dat -> 65 eris
pyscript : VQE for ./integ_temp/linear_h2_8/int_dim_linear_h2_8_5-0_130_0.dat spawned.
pyscript : output ./result_temp/linear_h2_8/res_dim_linear_h2_8_5-0_130_0.dat Generated.
it=130	mon=[5, 0]	energy=-3.139407
# E=    -3.1394072243 E-DV=    -2.2739052103 DV=    -0.8655020141 DDV=     0.0001391196
./integ_temp/linear_h2_8/int_dim_linear_h2_8_5-1_130_0.dat -> 65 eris
pyscript : VQE for ./integ_temp/linear_h2_8/int_dim_linear_h2_8_5-1_130_0.dat spawned.
pyscript : output ./result_temp/linear_h2_8/res_dim_linear_h2_8_2-0_130_0.dat Generated.
it=130	mon=[2, 0]	energy=-3.085718
# E=    -3.0857182372 E-DV=    -2.2741631030 DV=    -0.8115551342 DDV=     0.0002228803
./integ_temp/linear_h2_8/int_dim_linear_h2_8_5-2_130_0.dat -> 65 eris
pyscript : VQE for ./integ_temp/linear_h2_8/int_dim_linear_h2_8_5-2_130_0.dat spawned.
pyscript : output ./result_temp/linear_h2_8/res_dim_linear_h2_8_4-2_130_0.dat Generated.
it=130	mon=[4, 2]	energy=-3.306481
# E=    -3.3064810566 E-DV=    -2.2742895359 DV=    -1.0321915207 DDV=     0.0001747598
./integ_temp/linear_h2_8/int_dim_linear_h2_8_5-3_130_0.dat -> 65 eris
pyscript : VQE for ./integ_temp/linear_h2_8/int_dim_linear_h2_8_5-3_130_0.dat spawned.
pyscript : output ./result_temp/linear_h2_8/res_dim_linear_h2_8_5-1_130_0.dat Generated.
it=130	mon=[5, 1]	energy=-3.291226
# E=    -3.2912258857 E-DV=    -2.2742295397 DV=    -1.0169963460 DDV=     0.0001974259
./integ_temp/linear_h2_8/int_dim_linear_h2_8_5-4_130_0.dat -> 65 eris
pyscript : VQE for ./integ_temp/linear_h2_8/int_dim_linear_h2_8_5-4_130_0.dat spawned.
pyscript : output ./result_temp/linear_h2_8/res_dim_linear_h2_8_5-2_130_0.dat Generated.
it=130	mon=[5, 2]	energy=-3.314293
# E=    -3.3142929372 E-DV=    -2.2742075815 DV=    -1.0400853557 DDV=     0.0001996196
./integ_temp/linear_h2_8/int_dim_linear_h2_8_6-0_130_0.dat -> 65 eris
pyscript : VQE for ./integ_temp/linear_h2_8/int_dim_linear_h2_8_6-0_130_0.dat spawned.
pyscript : output ./result_temp/linear_h2_8/res_dim_linear_h2_8_3-1_130_0.dat Generated.
it=130	mon=[3, 1]	energy=-3.269787
# E=    -3.2697869698 E-DV=    -2.2743662613 DV=    -0.9954207085 DDV=     0.0001836020
./integ_temp/linear_h2_8/int_dim_linear_h2_8_6-1_130_0.dat -> 65 eris
pyscript : VQE for ./integ_temp/linear_h2_8/int_dim_linear_h2_8_6-1_130_0.dat spawned.
pyscript : output ./result_temp/linear_h2_8/res_dim_linear_h2_8_5-3_130_0.dat Generated.
it=130	mon=[5, 3]	energy=-3.272336
# E=    -3.2723361467 E-DV=    -2.2741906448 DV=    -0.9981455019 DDV=     0.0001809391
./integ_temp/linear_h2_8/int_dim_linear_h2_8_6-2_130_0.dat -> 65 eris
pyscript : VQE for ./integ_temp/linear_h2_8/int_dim_linear_h2_8_6-2_130_0.dat spawned.
pyscript : output ./result_temp/linear_h2_8/res_dim_linear_h2_8_6-0_130_0.dat Generated.
it=130	mon=[6, 0]	energy=-3.036094
# E=    -3.0360942327 E-DV=    -2.2734890105 DV=    -0.7626052222 DDV=     0.0000894522
./integ_temp/linear_h2_8/int_dim_linear_h2_8_6-3_130_0.dat -> 65 eris
pyscript : VQE for ./integ_temp/linear_h2_8/int_dim_linear_h2_8_6-3_130_0.dat spawned.
pyscript : output ./result_temp/linear_h2_8/res_dim_linear_h2_8_6-1_130_0.dat Generated.
pyscript : output ./result_temp/linear_h2_8/res_dim_linear_h2_8_6-2_130_0.dat Generated.
it=130	mon=[6, 1]	energy=-3.193281
# E=    -3.1932814857 E-DV=    -2.2738183649 DV=    -0.9194631208 DDV=     0.0001560676
./integ_temp/linear_h2_8/int_dim_linear_h2_8_6-4_130_0.dat -> 65 eris
it=130	mon=[6, 2]	energy=-3.227491
# E=    -3.2274905529 E-DV=    -2.2738025945 DV=    -0.9536879584 DDV=     0.0001665306
./integ_temp/linear_h2_8/int_dim_linear_h2_8_6-5_130_0.dat -> 65 eris
pyscript : VQE for ./integ_temp/linear_h2_8/int_dim_linear_h2_8_6-5_130_0.dat spawned.
pyscript : VQE for ./integ_temp/linear_h2_8/int_dim_linear_h2_8_6-4_130_0.dat spawned.
pyscript : output ./result_temp/linear_h2_8/res_dim_linear_h2_8_6-3_130_0.dat Generated.
it=130	mon=[6, 3]	energy=-3.213498
# E=    -3.2134980762 E-DV=    -2.2737964496 DV=    -0.9397016266 DDV=     0.0001829904
./integ_temp/linear_h2_8/int_dim_linear_h2_8_7-0_130_0.dat -> 65 eris
pyscript : VQE for ./integ_temp/linear_h2_8/int_dim_linear_h2_8_7-0_130_0.dat spawned.
pyscript : output ./result_temp/linear_h2_8/res_dim_linear_h2_8_1-0_130_0.dat Generated.
it=130	mon=[1, 0]	energy=-2.855442
# E=    -2.8554419596 E-DV=    -2.2737241122 DV=    -0.5817178474 DDV=    -0.0005170635
./integ_temp/linear_h2_8/int_dim_linear_h2_8_7-1_130_0.dat -> 65 eris
pyscript : VQE for ./integ_temp/linear_h2_8/int_dim_linear_h2_8_7-1_130_0.dat spawned.
pyscript : output ./result_temp/linear_h2_8/res_dim_linear_h2_8_4-3_130_0.dat Generated.
it=130	mon=[4, 3]	energy=-3.148378
# E=    -3.1483775581 E-DV=    -2.2737030990 DV=    -0.8746744591 DDV=    -0.0006493322
./integ_temp/linear_h2_8/int_dim_linear_h2_8_7-2_130_0.dat -> 65 eris
pyscript : VQE for ./integ_temp/linear_h2_8/int_dim_linear_h2_8_7-2_130_0.dat spawned.
pyscript : output ./result_temp/linear_h2_8/res_dim_linear_h2_8_7-0_130_0.dat Generated.
it=130	mon=[7, 0]	energy=-2.882330
# E=    -2.8823304147 E-DV=    -2.2740042077 DV=    -0.6083262071 DDV=     0.0000484987
./integ_temp/linear_h2_8/int_dim_linear_h2_8_7-3_130_0.dat -> 65 eris
pyscript : VQE for ./integ_temp/linear_h2_8/int_dim_linear_h2_8_7-3_130_0.dat spawned.
pyscript : output ./result_temp/linear_h2_8/res_dim_linear_h2_8_7-1_130_0.dat Generated.
it=130	mon=[7, 1]	energy=-3.040965
# E=    -3.0409647341 E-DV=    -2.2743257844 DV=    -0.7666389496 DDV=     0.0001083847
./integ_temp/linear_h2_8/int_dim_linear_h2_8_7-4_130_0.dat -> 65 eris
pyscript : VQE for ./integ_temp/linear_h2_8/int_dim_linear_h2_8_7-4_130_0.dat spawned.
pyscript : output ./result_temp/linear_h2_8/res_dim_linear_h2_8_7-2_130_0.dat Generated.
it=130	mon=[7, 2]	energy=-3.078024
# E=    -3.0780243884 E-DV=    -2.2742997901 DV=    -0.8037245982 DDV=     0.0001050224
./integ_temp/linear_h2_8/int_dim_linear_h2_8_7-5_130_0.dat -> 65 eris
pyscript : VQE for ./integ_temp/linear_h2_8/int_dim_linear_h2_8_7-5_130_0.dat spawned.
pyscript : output ./result_temp/linear_h2_8/res_dim_linear_h2_8_6-4_130_0.dat Generated.
it=130	mon=[6, 4]	energy=-3.145342
# E=    -3.1453423868 E-DV=    -2.2738057562 DV=    -0.8715366307 DDV=     0.0002067231
./integ_temp/linear_h2_8/int_dim_linear_h2_8_7-6_130_0.dat -> 65 eris
pyscript : VQE for ./integ_temp/linear_h2_8/int_dim_linear_h2_8_7-6_130_0.dat spawned.
pyscript : output ./result_temp/linear_h2_8/res_dim_linear_h2_8_7-3_130_0.dat Generated.
it=130	mon=[7, 3]	energy=-3.069892
# E=    -3.0698916362 E-DV=    -2.2742596562 DV=    -0.7956319799 DDV=     0.0000913418
pyscript : output ./result_temp/linear_h2_8/res_dim_linear_h2_8_7-4_130_0.dat Generated.
it=130	mon=[7, 4]	energy=-3.016940
# E=    -3.0169403162 E-DV=    -2.2741869146 DV=    -0.7427534016 DDV=     0.0000349689
pyscript : output ./result_temp/linear_h2_8/res_dim_linear_h2_8_2-1_130_0.dat Generated.
it=130	mon=[2, 1]	energy=-3.082967
# E=    -3.0829667252 E-DV=    -2.2740133065 DV=    -0.8089534187 DDV=    -0.0006959768
pyscript : output ./result_temp/linear_h2_8/res_dim_linear_h2_8_3-2_130_0.dat Generated.
it=130	mon=[3, 2]	energy=-3.148459
# E=    -3.1484592664 E-DV=    -2.2738955332 DV=    -0.8745637333 DDV=    -0.0006891723
pyscript : output ./result_temp/linear_h2_8/res_dim_linear_h2_8_5-4_130_0.dat Generated.
it=130	mon=[5, 4]	energy=-3.088432
# E=    -3.0884321057 E-DV=    -2.2735837371 DV=    -0.8148483686 DDV=    -0.0005605666
pyscript : output ./result_temp/linear_h2_8/res_dim_linear_h2_8_6-5_130_0.dat Generated.
it=130	mon=[6, 5]	energy=-2.932160
# E=    -2.9321599181 E-DV=    -2.2734707836 DV=    -0.6586891345 DDV=    -0.0002729892
pyscript : output ./result_temp/linear_h2_8/res_dim_linear_h2_8_7-5_130_0.dat Generated.
it=130	mon=[7, 5]	energy=-2.871837
# E=    -2.8718368799 E-DV=    -2.2737674094 DV=    -0.5980694705 DDV=    -0.0004981544
pyscript : output ./result_temp/linear_h2_8/res_dim_linear_h2_8_7-6_130_0.dat Generated.
it=130	mon=[7, 6]	energy=-2.713049
# E=    -2.7130487465 E-DV=    -2.2739892294 DV=    -0.4390595172 DDV=     0.0003347030
##T    ---- Finish to Calc. Dimer SCF ---- : lap time= 1833.205398 ( total etime= 3086.626786 )
       ( # of scf dimer = 28 )
        dE0(SCF dimer) =       0.00129062
##T     ---- Finish to Calc. ES Dimer ---- : lap time=   0.000191 ( total etime= 3086.627000 )
    (# of ES dimer = 0)
    dE0(ES dimer) =       0.00000000
    total energy(FMO) =      -9.09491371
##T  -- All workers have been destroyed -- : lap time=   0.000083 ( total etime= 3086.627090 )
---- ATOMIC POPULATION DATA -----
   SN AN  ATOMIC POP  NET CHARGE
---------------------------------
    1  1       0.994       0.006
    2  1       1.006      -0.006
    3  1       1.001      -0.001
    4  1       1.000       0.000
    5  1       1.003      -0.003
    6  1       0.997       0.003
    7  1       1.005      -0.005
    8  1       0.995       0.005
    9  1       1.009      -0.009
   10  1       0.991       0.009
   11  1       1.025      -0.025
   12  1       0.975       0.025
   13  1       0.976       0.024
   14  1       1.024      -0.024
   15  1       0.997       0.003
   16  1       1.003      -0.003
---------------------------------
total charge =      0.000
---------------------------------
##T    -- calc AO and atomic population -- : lap time=   0.000251 ( total etime= 3086.627347 )
##T   -- All mservs have been destroyed -- : lap time=   0.000016 ( total etime= 3086.627368 )
