Will Run VQE
ngroup       = 5
nioprocs     = 1
niogroup     = 1
nmaxprocs    = 7
group size   = 1
# of threads = 24
nintic       = 2048
input file name       = ./samples/h2_multimer/linear_H2_5_rhf.inp
prefix of output file = 
local input dir.      = ./
# of total invoked procs = 7 (=1iog*1iop+1+5gr*1pr)
master host name = gwonhaklee-System-Product-Name
-----------------------------------------------------
 # of data = 11
nfrag = 5
##T                  Finish Initialization : lap time=   0.008506 ( total etime=   0.008506 )
****** LIST OF HOST NAME (MSERV(ID=0))******
rank=  0 : gwonhaklee-System-Product-Name
********************************
##T        Finish to Create Memory Servers : lap time=   0.051964 ( total etime=   0.060490 )
****** LIST OF HOST NAME (WORKER(ID=0)) ******
rank=  0 : gwonhaklee-System-Product-Name
********************************
****** LIST OF HOST NAME (WORKER(ID=1)) ******
rank=  0 : gwonhaklee-System-Product-Name
********************************
****** LIST OF HOST NAME (WORKER(ID=2)) ******
rank=  0 : gwonhaklee-System-Product-Name
********************************
****** LIST OF HOST NAME (WORKER(ID=3)) ******
rank=  0 : gwonhaklee-System-Product-Name
********************************
##T               Finish to Create Workers : lap time=   1.026161 ( total etime=   1.086684 )
****** LIST OF HOST NAME (WORKER(ID=4)) ******
rank=  0 : gwonhaklee-System-Product-Name
********************************
##T     Finish to Connect Mservs & Workers : lap time=   0.380899 ( total etime=   1.467619 )
calc. inter-frag distance list = 4
##T    Finish to Calculate Initial Density : lap time=   0.014483 ( total etime=   1.482770 )
---- start SCC (maxscc=30, sccconv=7) ----
##SCC itera= 1  conv=2  energy =      -7.18521804  energy0 =      -5.58579437  (   0.180207 )
##SCC itera= 2  conv=2  energy =      -7.16538031  energy0 =      -5.58588034  (   0.147555 )
##SCC itera= 3  conv=4  energy =      -7.16026761  energy0 =      -5.58588799  (   0.171591 )
##SCC itera= 4  conv=6  energy =      -7.15958814  energy0 =      -5.58588912  (   0.180756 )
##SCC itera= 5  conv=6  energy =      -7.15959076  energy0 =      -5.58588914  (   0.138059 )
==== SCC converged ====
##T         ---- Finish SCC procedure ---- : lap time=   0.828403 ( total etime=   2.311194 )
# E=    -2.7992619665 E-DV=    -2.2343393693 DV=    -0.5649225971 DDV=     0.0001046160
# E=    -2.7169661542 E-DV=    -2.2343908207 DV=    -0.4825753335 DDV=    -0.0005816918
# E=    -2.5950199025 E-DV=    -2.2344792134 DV=    -0.3605406891 DDV=     0.0000533687
# E=    -2.6441328863 E-DV=    -2.2341656976 DV=    -0.4099671888 DDV=    -0.0002930626
# E=    -2.6930830285 E-DV=    -2.2346671436 DV=    -0.4584158848 DDV=    -0.0000223069
# E=    -2.6031270181 E-DV=    -2.2342581155 DV=    -0.3688689026 DDV=    -0.0004484807
# E=    -2.4766953633 E-DV=    -2.2346290792 DV=    -0.2420662841 DDV=     0.0002353060
# E=    -2.5692834323 E-DV=    -2.2344417036 DV=    -0.3348417287 DDV=    -0.0004298457
# E=    -2.7432600778 E-DV=    -2.2345221780 DV=    -0.5087378998 DDV=     0.0001375525
# E=    -2.7152465403 E-DV=    -2.2340753566 DV=    -0.4811711837 DDV=     0.0001147627
##T    ---- Finish to Calc. Dimer SCF ---- : lap time=   0.270828 ( total etime=   2.582030 )
       ( # of scf dimer = 10 )
        dE0(SCF dimer) =      -0.00154191
##T     ---- Finish to Calc. ES Dimer ---- : lap time=   0.000147 ( total etime=   2.582193 )
    (# of ES dimer = 0)
    dE0(ES dimer) =       0.00000000
    total energy(FMO) =      -5.58743105
##T  -- All workers have been destroyed -- : lap time=   0.000072 ( total etime=   2.582271 )
---- ATOMIC POPULATION DATA -----
   SN AN  ATOMIC POP  NET CHARGE
---------------------------------
    1  1       1.001      -0.001
    2  1       0.999       0.001
    3  1       1.005      -0.005
    4  1       0.995       0.005
    5  1       1.020      -0.020
    6  1       0.980       0.020
    7  1       0.971       0.029
    8  1       1.029      -0.029
    9  1       0.994       0.006
   10  1       1.006      -0.006
---------------------------------
total charge =     -0.000
---------------------------------
##T    -- calc AO and atomic population -- : lap time=   0.000179 ( total etime=   2.582456 )
##T   -- All mservs have been destroyed -- : lap time=   0.000020 ( total etime=   2.582490 )
