Will Run VQE
ngroup       = 3
nioprocs     = 1
niogroup     = 1
nmaxprocs    = 5
group size   = 1
# of threads = 48
nintic       = 2048
input file name       = ./samples/h2_multimer/linear_H2_3.inp
prefix of output file = 
local input dir.      = ./
# of total invoked procs = 5 (=1iog*1iop+1+3gr*1pr)
master host name = gwonhaklee-System-Product-Name
-----------------------------------------------------
 # of data = 11
nfrag = 3
##T                  Finish Initialization : lap time=   0.000130 ( total etime=   0.000130 )
****** LIST OF HOST NAME (MSERV(ID=0))******
rank=  0 : gwonhaklee-System-Product-Name
********************************
##T        Finish to Create Memory Servers : lap time=   0.047060 ( total etime=   0.047198 )
****** LIST OF HOST NAME (WORKER(ID=0)) ******
rank=  0 : gwonhaklee-System-Product-Name
********************************
****** LIST OF HOST NAME (WORKER(ID=1)) ******
rank=  0 : gwonhaklee-System-Product-Name
********************************
****** LIST OF HOST NAME (WORKER(ID=2)) ******
rank=  0 : gwonhaklee-System-Product-Name
********************************
##T               Finish to Create Workers : lap time=   0.146980 ( total etime=   0.194190 )
##T     Finish to Connect Mservs & Workers : lap time=   0.016073 ( total etime=   0.210275 )
calc. inter-frag distance list = 2
##T    Finish to Calculate Initial Density : lap time=   0.001007 ( total etime=   0.211496 )
---- start SCC (maxscc=30, sccconv=7) ----
./integ_temp/linear_h2_3/int_mono_linear_h2_3_2_1_0.dat -> 7 eris
./integ_temp/linear_h2_3/int_mono_linear_h2_3_0_1_0.dat -> 7 eris
./integ_temp/linear_h2_3/int_mono_linear_h2_3_1_1_0.dat -> 7 eris
pyscript : VQE for ./integ_temp/linear_h2_3/int_mono_linear_h2_3_2_1_0.dat spawned.
pyscript : VQE for ./integ_temp/linear_h2_3/int_mono_linear_h2_3_1_1_0.dat spawned.
pyscript : VQE for ./integ_temp/linear_h2_3/int_mono_linear_h2_3_0_1_0.dat spawned.
pyscript : output ./result_temp/linear_h2_3/res_mono_linear_h2_3_2_1_0.dat Generated.
pyscript : output ./result_temp/linear_h2_3/res_mono_linear_h2_3_0_1_0.dat Generated.
pyscript : output ./result_temp/linear_h2_3/res_mono_linear_h2_3_1_1_0.dat Generated.
it=1	mon=[2]	energy=-1.223430
it=1	mon=[0]	energy=-1.285563
it=1	mon=[1]	energy=-1.319790
##SCC itera= 1  conv=2  energy =      -3.82878246  energy0 =      -3.41116372  (   5.005248 )
./integ_temp/linear_h2_3/int_mono_linear_h2_3_0_2_0.dat -> 7 eris
./integ_temp/linear_h2_3/int_mono_linear_h2_3_2_2_0.dat -> 7 eris
./integ_temp/linear_h2_3/int_mono_linear_h2_3_1_2_0.dat -> 7 eris
pyscript : VQE for ./integ_temp/linear_h2_3/int_mono_linear_h2_3_1_2_0.dat spawned.
pyscript : VQE for ./integ_temp/linear_h2_3/int_mono_linear_h2_3_2_2_0.dat spawned.
pyscript : VQE for ./integ_temp/linear_h2_3/int_mono_linear_h2_3_0_2_0.dat spawned.
pyscript : output ./result_temp/linear_h2_3/res_mono_linear_h2_3_1_2_0.dat Generated.
pyscript : output ./result_temp/linear_h2_3/res_mono_linear_h2_3_0_2_0.dat Generated.
pyscript : output ./result_temp/linear_h2_3/res_mono_linear_h2_3_2_2_0.dat Generated.
it=2	mon=[0]	energy=-1.283435
it=2	mon=[2]	energy=-1.231562
it=2	mon=[1]	energy=-1.332472
##SCC itera= 2  conv=2  energy =      -3.84746909  energy0 =      -3.41112366  (   5.006081 )
./integ_temp/linear_h2_3/int_mono_linear_h2_3_1_3_0.dat -> 7 eris
./integ_temp/linear_h2_3/int_mono_linear_h2_3_0_3_0.dat -> 7 eris
./integ_temp/linear_h2_3/int_mono_linear_h2_3_2_3_0.dat -> 7 eris
pyscript : VQE for ./integ_temp/linear_h2_3/int_mono_linear_h2_3_0_3_0.dat spawned.
pyscript : VQE for ./integ_temp/linear_h2_3/int_mono_linear_h2_3_2_3_0.dat spawned.
pyscript : VQE for ./integ_temp/linear_h2_3/int_mono_linear_h2_3_1_3_0.dat spawned.
pyscript : output ./result_temp/linear_h2_3/res_mono_linear_h2_3_1_3_0.dat Generated.
pyscript : output ./result_temp/linear_h2_3/res_mono_linear_h2_3_2_3_0.dat Generated.
pyscript : output ./result_temp/linear_h2_3/res_mono_linear_h2_3_0_3_0.dat Generated.
it=3	mon=[1]	energy=-1.332729
it=3	mon=[2]	energy=-1.231896
it=3	mon=[0]	energy=-1.282658
##SCC itera= 3  conv=4  energy =      -3.84728268  energy0 =      -3.41112222  (   6.006629 )
./integ_temp/linear_h2_3/int_mono_linear_h2_3_1_4_0.dat -> 7 eris
./integ_temp/linear_h2_3/int_mono_linear_h2_3_2_4_0.dat -> 7 eris
./integ_temp/linear_h2_3/int_mono_linear_h2_3_0_4_0.dat -> 7 eris
pyscript : VQE for ./integ_temp/linear_h2_3/int_mono_linear_h2_3_2_4_0.dat spawned.
pyscript : VQE for ./integ_temp/linear_h2_3/int_mono_linear_h2_3_1_4_0.dat spawned.
pyscript : VQE for ./integ_temp/linear_h2_3/int_mono_linear_h2_3_0_4_0.dat spawned.
pyscript : output ./result_temp/linear_h2_3/res_mono_linear_h2_3_1_4_0.dat Generated.
pyscript : output ./result_temp/linear_h2_3/res_mono_linear_h2_3_0_4_0.dat Generated.
pyscript : output ./result_temp/linear_h2_3/res_mono_linear_h2_3_2_4_0.dat Generated.
it=4	mon=[1]	energy=-1.332695
it=4	mon=[2]	energy=-1.231888
it=4	mon=[0]	energy=-1.282626
##SCC itera= 4  conv=6  energy =      -3.84720856  energy0 =      -3.41112439  (   5.012015 )
./integ_temp/linear_h2_3/int_mono_linear_h2_3_2_5_0.dat -> 7 eris
./integ_temp/linear_h2_3/int_mono_linear_h2_3_1_5_0.dat -> 7 eris
./integ_temp/linear_h2_3/int_mono_linear_h2_3_0_5_0.dat -> 7 eris
pyscript : VQE for ./integ_temp/linear_h2_3/int_mono_linear_h2_3_0_5_0.dat spawned.
pyscript : VQE for ./integ_temp/linear_h2_3/int_mono_linear_h2_3_1_5_0.dat spawned.
pyscript : VQE for ./integ_temp/linear_h2_3/int_mono_linear_h2_3_2_5_0.dat spawned.
pyscript : output ./result_temp/linear_h2_3/res_mono_linear_h2_3_1_5_0.dat Generated.
pyscript : output ./result_temp/linear_h2_3/res_mono_linear_h2_3_0_5_0.dat Generated.
it=5	mon=[1]	energy=-1.332689
it=5	mon=[0]	energy=-1.282622
pyscript : output ./result_temp/linear_h2_3/res_mono_linear_h2_3_2_5_0.dat Generated.
it=5	mon=[2]	energy=-1.231886
##SCC itera= 5  conv=6  energy =      -3.84719682  energy0 =      -3.41112593  (   7.020272 )
./integ_temp/linear_h2_3/int_mono_linear_h2_3_1_6_0.dat -> 7 eris
./integ_temp/linear_h2_3/int_mono_linear_h2_3_2_6_0.dat -> 7 eris
./integ_temp/linear_h2_3/int_mono_linear_h2_3_0_6_0.dat -> 7 eris
pyscript : VQE for ./integ_temp/linear_h2_3/int_mono_linear_h2_3_1_6_0.dat spawned.
pyscript : VQE for ./integ_temp/linear_h2_3/int_mono_linear_h2_3_0_6_0.dat spawned.
pyscript : VQE for ./integ_temp/linear_h2_3/int_mono_linear_h2_3_2_6_0.dat spawned.
pyscript : output ./result_temp/linear_h2_3/res_mono_linear_h2_3_2_6_0.dat Generated.
pyscript : output ./result_temp/linear_h2_3/res_mono_linear_h2_3_0_6_0.dat Generated.
it=6	mon=[2]	energy=-1.231884
pyscript : output ./result_temp/linear_h2_3/res_mono_linear_h2_3_1_6_0.dat Generated.
it=6	mon=[0]	energy=-1.282634
it=6	mon=[1]	energy=-1.332689
##SCC itera= 6  conv=6  energy =      -3.84720660  energy0 =      -3.41111534  (   7.017750 )
./integ_temp/linear_h2_3/int_mono_linear_h2_3_2_7_0.dat -> 7 eris
./integ_temp/linear_h2_3/int_mono_linear_h2_3_0_7_0.dat -> 7 eris
./integ_temp/linear_h2_3/int_mono_linear_h2_3_1_7_0.dat -> 7 eris
pyscript : VQE for ./integ_temp/linear_h2_3/int_mono_linear_h2_3_0_7_0.dat spawned.
pyscript : VQE for ./integ_temp/linear_h2_3/int_mono_linear_h2_3_1_7_0.dat spawned.
pyscript : VQE for ./integ_temp/linear_h2_3/int_mono_linear_h2_3_2_7_0.dat spawned.
pyscript : output ./result_temp/linear_h2_3/res_mono_linear_h2_3_0_7_0.dat Generated.
it=7	mon=[0]	energy=-1.282634
pyscript : output ./result_temp/linear_h2_3/res_mono_linear_h2_3_1_7_0.dat Generated.
pyscript : output ./result_temp/linear_h2_3/res_mono_linear_h2_3_2_7_0.dat Generated.
it=7	mon=[2]	energy=-1.231884
it=7	mon=[1]	energy=-1.332691
##SCC itera= 7  conv=7  energy =      -3.84720863  energy0 =      -3.41112076  (   8.017926 )
./integ_temp/linear_h2_3/int_mono_linear_h2_3_1_8_0.dat -> 7 eris
./integ_temp/linear_h2_3/int_mono_linear_h2_3_0_8_0.dat -> 7 eris
./integ_temp/linear_h2_3/int_mono_linear_h2_3_2_8_0.dat -> 7 eris
pyscript : VQE for ./integ_temp/linear_h2_3/int_mono_linear_h2_3_2_8_0.dat spawned.
pyscript : VQE for ./integ_temp/linear_h2_3/int_mono_linear_h2_3_0_8_0.dat spawned.
pyscript : VQE for ./integ_temp/linear_h2_3/int_mono_linear_h2_3_1_8_0.dat spawned.
pyscript : output ./result_temp/linear_h2_3/res_mono_linear_h2_3_2_8_0.dat Generated.
pyscript : output ./result_temp/linear_h2_3/res_mono_linear_h2_3_0_8_0.dat Generated.
it=8	mon=[2]	energy=-1.231884
it=8	mon=[0]	energy=-1.282634
pyscript : output ./result_temp/linear_h2_3/res_mono_linear_h2_3_1_8_0.dat Generated.
it=8	mon=[1]	energy=-1.332689
##SCC itera= 8  conv=7  energy =      -3.84720660  energy0 =      -3.41111735  (   9.035646 )
./integ_temp/linear_h2_3/int_mono_linear_h2_3_1_9_0.dat -> 7 eris
./integ_temp/linear_h2_3/int_mono_linear_h2_3_0_9_0.dat -> 7 eris
./integ_temp/linear_h2_3/int_mono_linear_h2_3_2_9_0.dat -> 7 eris
pyscript : VQE for ./integ_temp/linear_h2_3/int_mono_linear_h2_3_0_9_0.dat spawned.
pyscript : VQE for ./integ_temp/linear_h2_3/int_mono_linear_h2_3_2_9_0.dat spawned.
pyscript : VQE for ./integ_temp/linear_h2_3/int_mono_linear_h2_3_1_9_0.dat spawned.
pyscript : output ./result_temp/linear_h2_3/res_mono_linear_h2_3_2_9_0.dat Generated.
pyscript : output ./result_temp/linear_h2_3/res_mono_linear_h2_3_0_9_0.dat Generated.
it=9	mon=[2]	energy=-1.231884
it=9	mon=[0]	energy=-1.282634
pyscript : output ./result_temp/linear_h2_3/res_mono_linear_h2_3_1_9_0.dat Generated.
it=9	mon=[1]	energy=-1.332691
##SCC itera= 9  conv=7  energy =      -3.84720860  energy0 =      -3.41111731  (  11.039662 )
==== SCC converged ====
##T         ---- Finish SCC procedure ---- : lap time=  63.162875 ( total etime=  63.374378 )
./integ_temp/linear_h2_3/int_dim_linear_h2_3_1-0_130_0.dat -> 65 eris
./integ_temp/linear_h2_3/int_dim_linear_h2_3_2-0_130_0.dat -> 65 eris
./integ_temp/linear_h2_3/int_dim_linear_h2_3_2-1_130_0.dat -> 65 eris
pyscript : VQE for ./integ_temp/linear_h2_3/int_dim_linear_h2_3_2-1_130_0.dat spawned.
pyscript : VQE for ./integ_temp/linear_h2_3/int_dim_linear_h2_3_2-0_130_0.dat spawned.
pyscript : VQE for ./integ_temp/linear_h2_3/int_dim_linear_h2_3_1-0_130_0.dat spawned.
pyscript : output ./result_temp/linear_h2_3/res_dim_linear_h2_3_2-0_130_0.dat Generated.
it=130	mon=[2, 0]	energy=-2.277932
# E=    -2.2779318725 E-DV=    -2.2743948524 DV=    -0.0035370200 DDV=     0.0000147456
pyscript : output ./result_temp/linear_h2_3/res_dim_linear_h2_3_1-0_130_0.dat Generated.
it=130	mon=[1, 0]	energy=-2.275711
# E=    -2.2757113444 E-DV=    -2.2743630164 DV=    -0.0013483280 DDV=    -0.0000112537
pyscript : output ./result_temp/linear_h2_3/res_dim_linear_h2_3_2-1_130_0.dat Generated.
it=130	mon=[2, 1]	energy=-2.274852
# E=    -2.2748518754 E-DV=    -2.2743600845 DV=    -0.0004917909 DDV=     0.0000114154
##T    ---- Finish to Calc. Dimer SCF ---- : lap time= 1132.947419 ( total etime= 1196.321804 )
       ( # of scf dimer = 3 )
        dE0(SCF dimer) =      -0.00086842
##T     ---- Finish to Calc. ES Dimer ---- : lap time=   0.015921 ( total etime= 1196.337743 )
    (# of ES dimer = 0)
    dE0(ES dimer) =       0.00000000
    total energy(FMO) =      -3.41198573
##T  -- All workers have been destroyed -- : lap time=   0.016018 ( total etime= 1196.353781 )
---- ATOMIC POPULATION DATA -----
   SN AN  ATOMIC POP  NET CHARGE
---------------------------------
    1  1       1.019      -0.019
    2  1       0.981       0.019
    3  1       0.967       0.033
    4  1       1.033      -0.033
    5  1       0.994       0.006
    6  1       1.006      -0.006
---------------------------------
total charge =      0.000
---------------------------------
##T    -- calc AO and atomic population -- : lap time=   0.000086 ( total etime= 1196.353885 )
##T   -- All mservs have been destroyed -- : lap time=   0.000014 ( total etime= 1196.353907 )
