Will Run VQE
ngroup       = 3
nioprocs     = 1
niogroup     = 1
nmaxprocs    = 5
group size   = 1
# of threads = 48
nintic       = 2048
input file name       = ./samples/h2_multimer/linear_H2_3_rhf.inp
prefix of output file = 
local input dir.      = ./
# of total invoked procs = 5 (=1iog*1iop+1+3gr*1pr)
master host name = gwonhaklee-System-Product-Name
-----------------------------------------------------
 # of data = 11
nfrag = 3
##T                  Finish Initialization : lap time=   0.000296 ( total etime=   0.000296 )
****** LIST OF HOST NAME (MSERV(ID=0))******
rank=  0 : gwonhaklee-System-Product-Name
********************************
##T        Finish to Create Memory Servers : lap time=   0.068423 ( total etime=   0.068733 )
****** LIST OF HOST NAME (WORKER(ID=0)) ******
rank=  0 : gwonhaklee-System-Product-Name
********************************
****** LIST OF HOST NAME (WORKER(ID=1)) ******
rank=  0 : gwonhaklee-System-Product-Name
********************************
##T               Finish to Create Workers : lap time=   0.583350 ( total etime=   0.652101 )
****** LIST OF HOST NAME (WORKER(ID=2)) ******
rank=  0 : gwonhaklee-System-Product-Name
********************************
##T     Finish to Connect Mservs & Workers : lap time=   0.179572 ( total etime=   0.831709 )
calc. inter-frag distance list = 0
##T    Finish to Calculate Initial Density : lap time=   0.050087 ( total etime=   0.882203 )
---- start SCC (maxscc=30, sccconv=7) ----
##SCC itera= 1  conv=2  energy =      -3.76908512  energy0 =      -3.35151532  (   0.024251 )
##SCC itera= 2  conv=2  energy =      -3.76854695  energy0 =      -3.35165238  (   0.032360 )
##SCC itera= 3  conv=4  energy =      -3.76838289  energy0 =      -3.35165006  (   0.005372 )
##SCC itera= 4  conv=6  energy =      -3.76833768  energy0 =      -3.35164971  (   0.010159 )
##SCC itera= 5  conv=7  energy =      -3.76832932  energy0 =      -3.35164972  (   0.007411 )
==== SCC converged ====
##T         ---- Finish SCC procedure ---- : lap time=   0.080565 ( total etime=   0.962797 )
# E=    -2.2361821386 E-DV=    -2.2346767539 DV=    -0.0015053848 DDV=    -0.0000145249
# E=    -2.2353504184 E-DV=    -2.2346768395 DV=    -0.0006735789 DDV=     0.0000108857
##T    ---- Finish to Calc. Dimer SCF ---- : lap time=   0.007001 ( total etime=   0.969806 )
       ( # of scf dimer = 3 )
        dE0(SCF dimer) =      -0.00079254
##T     ---- Finish to Calc. ES Dimer ---- : lap time=   0.000076 ( total etime=   0.969892 )
    (# of ES dimer = 0)
    dE0(ES dimer) =       0.00000000
    total energy(FMO) =      -3.35244226
##T  -- All workers have been destroyed -- : lap time=   0.000040 ( total etime=   0.969938 )
# E=    -2.2385537336 E-DV=    -2.2347453619 DV=    -0.0038083716 DDV=     0.0000106090
---- ATOMIC POPULATION DATA -----
   SN AN  ATOMIC POP  NET CHARGE
---------------------------------
    1  1       1.019      -0.019
    2  1       0.981       0.019
    3  1       0.968       0.032
    4  1       1.032      -0.032
    5  1       0.994       0.006
    6  1       1.006      -0.006
---------------------------------
total charge =     -0.000
---------------------------------
##T    -- calc AO and atomic population -- : lap time=   0.000405 ( total etime=   0.970351 )
##T   -- All mservs have been destroyed -- : lap time=   0.000017 ( total etime=   0.970375 )
