Will Run VQE
ngroup       = 6
nioprocs     = 1
niogroup     = 1
nmaxprocs    = 8
group size   = 1
# of threads = 24
nintic       = 2048
input file name       = ./samples/h2_multimer/linear_H2_6_rhf.inp
prefix of output file = 
local input dir.      = ./
# of total invoked procs = 8 (=1iog*1iop+1+6gr*1pr)
master host name = gwonhaklee-System-Product-Name
-----------------------------------------------------
 # of data = 11
nfrag = 6
##T                  Finish Initialization : lap time=   0.001614 ( total etime=   0.001614 )
****** LIST OF HOST NAME (MSERV(ID=0))******
rank=  0 : gwonhaklee-System-Product-Name
********************************
##T        Finish to Create Memory Servers : lap time=   0.070566 ( total etime=   0.072194 )
****** LIST OF HOST NAME (WORKER(ID=0)) ******
rank=  0 : gwonhaklee-System-Product-Name
********************************
****** LIST OF HOST NAME (WORKER(ID=1)) ******
rank=  0 : gwonhaklee-System-Product-Name
********************************
****** LIST OF HOST NAME (WORKER(ID=2)) ******
rank=  0 : gwonhaklee-System-Product-Name
********************************
****** LIST OF HOST NAME (WORKER(ID=3)) ******
rank=  0 : gwonhaklee-System-Product-Name
********************************
****** LIST OF HOST NAME (WORKER(ID=4)) ******
rank=  0 : gwonhaklee-System-Product-Name
********************************
****** LIST OF HOST NAME (WORKER(ID=5)) ******
rank=  0 : gwonhaklee-System-Product-Name
********************************
##T               Finish to Create Workers : lap time=   1.161167 ( total etime=   1.233377 )
##T     Finish to Connect Mservs & Workers : lap time=   0.963935 ( total etime=   2.197326 )
calc. inter-frag distance list = 3
##T    Finish to Calculate Initial Density : lap time=   0.009970 ( total etime=   2.208076 )
---- start SCC (maxscc=30, sccconv=7) ----
##SCC itera= 1  conv=2  energy =      -9.01090337  energy0 =      -6.70295315  (   0.171824 )
##SCC itera= 2  conv=2  energy =      -8.97849890  energy0 =      -6.70309554  (   0.153216 )
##SCC itera= 3  conv=4  energy =      -8.97081008  energy0 =      -6.70310320  (   0.189061 )
##SCC itera= 4  conv=6  energy =      -8.97015429  energy0 =      -6.70310423  (   0.129965 )
##SCC itera= 5  conv=6  energy =      -8.97016909  energy0 =      -6.70310423  (   0.120784 )
==== SCC converged ====
##T         ---- Finish SCC procedure ---- : lap time=   0.766871 ( total etime=   2.974968 )
# E=    -2.8586004096 E-DV=    -2.2345318050 DV=    -0.6240686046 DDV=     0.0001161919
# E=    -2.8439337793 E-DV=    -2.2343746686 DV=    -0.6095591107 DDV=    -0.0006733793
# E=    -2.8199512736 E-DV=    -2.2339569675 DV=    -0.5859943061 DDV=     0.0000697171
# E=    -2.9421584945 E-DV=    -2.2342504190 DV=    -0.7079080755 DDV=     0.0000628068
# E=    -2.9848159285 E-DV=    -2.2346454846 DV=    -0.7501704438 DDV=     0.0000324885
# E=    -2.9181339991 E-DV=    -2.2342449193 DV=    -0.6838890797 DDV=     0.0000887074
# E=    -2.7354876275 E-DV=    -2.2340888796 DV=    -0.5013987479 DDV=    -0.0002953581
# E=    -2.6863527061 E-DV=    -2.2344184611 DV=    -0.4519342449 DDV=     0.0000347032
# E=    -2.8138249223 E-DV=    -2.2346852993 DV=    -0.5791396230 DDV=     0.0000027982
# E=    -2.8042913078 E-DV=    -2.2345991862 DV=    -0.5696921216 DDV=    -0.0000415171
# E=    -2.6867374166 E-DV=    -2.2341878831 DV=    -0.4525495335 DDV=    -0.0004750724
# E=    -2.5477045085 E-DV=    -2.2346136528 DV=    -0.3130908556 DDV=     0.0002682275
# E=    -2.8888706073 E-DV=    -2.2343792133 DV=    -0.6544913940 DDV=     0.0000821934
# E=    -2.6601804025 E-DV=    -2.2343815429 DV=    -0.4257988595 DDV=    -0.0004715338
# E=    -2.8501343400 E-DV=    -2.2342907478 DV=    -0.6158435922 DDV=    -0.0005995879
##T    ---- Finish to Calc. Dimer SCF ---- : lap time=   0.004315 ( total etime=   2.979292 )
       ( # of scf dimer = 15 )
        dE0(SCF dimer) =      -0.00192657
##T     ---- Finish to Calc. ES Dimer ---- : lap time=   0.000152 ( total etime=   2.979451 )
    (# of ES dimer = 0)
    dE0(ES dimer) =       0.00000000
    total energy(FMO) =      -6.70503081
##T  -- All workers have been destroyed -- : lap time=   0.000066 ( total etime=   2.979531 )
---- ATOMIC POPULATION DATA -----
   SN AN  ATOMIC POP  NET CHARGE
---------------------------------
    1  1       1.000      -0.000
    2  1       1.000       0.000
    3  1       1.002      -0.002
    4  1       0.998       0.002
    5  1       1.006      -0.006
    6  1       0.994       0.006
    7  1       1.020      -0.020
    8  1       0.980       0.020
    9  1       0.971       0.029
   10  1       1.029      -0.029
   11  1       0.995       0.005
   12  1       1.005      -0.005
---------------------------------
total charge =      0.000
---------------------------------
##T    -- calc AO and atomic population -- : lap time=   0.000379 ( total etime=   2.979915 )
##T   -- All mservs have been destroyed -- : lap time=   0.000015 ( total etime=   2.979935 )
