Will Run VQE
ngroup       = 8
nioprocs     = 1
niogroup     = 1
nmaxprocs    = 10
group size   = 1
# of threads = 24
nintic       = 2048
input file name       = ./samples/h2_multimer/linear_H2_8_rhf.inp
prefix of output file = 
local input dir.      = ./
# of total invoked procs = 10 (=1iog*1iop+1+8gr*1pr)
master host name = gwonhaklee-System-Product-Name
-----------------------------------------------------
 # of data = 11
nfrag = 8
##T                  Finish Initialization : lap time=   0.000169 ( total etime=   0.000169 )
****** LIST OF HOST NAME (MSERV(ID=0))******
rank=  0 : gwonhaklee-System-Product-Name
********************************
##T        Finish to Create Memory Servers : lap time=   0.046943 ( total etime=   0.047120 )
****** LIST OF HOST NAME (WORKER(ID=0)) ******
rank=  0 : gwonhaklee-System-Product-Name
********************************
****** LIST OF HOST NAME (WORKER(ID=1)) ******
rank=  0 : gwonhaklee-System-Product-Name
********************************
****** LIST OF HOST NAME (WORKER(ID=2)) ******
rank=  0 : gwonhaklee-System-Product-Name
********************************
****** LIST OF HOST NAME (WORKER(ID=3)) ******
rank=  0 : gwonhaklee-System-Product-Name
********************************
****** LIST OF HOST NAME (WORKER(ID=4)) ******
rank=  0 : gwonhaklee-System-Product-Name
********************************
****** LIST OF HOST NAME (WORKER(ID=5)) ******
rank=  0 : gwonhaklee-System-Product-Name
********************************
****** LIST OF HOST NAME (WORKER(ID=6)) ******
rank=  0 : gwonhaklee-System-Product-Name
********************************
##T               Finish to Create Workers : lap time=   0.300388 ( total etime=   0.347530 )
****** LIST OF HOST NAME (WORKER(ID=7)) ******
rank=  0 : gwonhaklee-System-Product-Name
********************************
##T     Finish to Connect Mservs & Workers : lap time=   0.060436 ( total etime=   0.407984 )
calc. inter-frag distance list = 2
##T    Finish to Calculate Initial Density : lap time=   0.003223 ( total etime=   0.412116 )
---- start SCC (maxscc=30, sccconv=7) ----
##SCC itera= 1  conv=2  energy =     -12.82841634  energy0 =      -8.93748334  (   0.001672 )
##SCC itera= 2  conv=2  energy =     -12.76528157  energy0 =      -8.93760449  (   0.001506 )
##SCC itera= 3  conv=4  energy =     -12.75465017  energy0 =      -8.93761102  (   0.001406 )
##SCC itera= 4  conv=6  energy =     -12.75404595  energy0 =      -8.93761178  (   0.001283 )
##SCC itera= 5  conv=7  energy =     -12.75406574  energy0 =      -8.93761178  (   0.001307 )
==== SCC converged ====
##T         ---- Finish SCC procedure ---- : lap time=   0.009092 ( total etime=   0.421232 )
# E=    -2.7887203599 E-DV=    -2.2343164374 DV=    -0.5544039225 DDV=    -0.0005080956
# E=    -3.0082825033 E-DV=    -2.2345126203 DV=    -0.7737698830 DDV=     0.0001024141
# E=    -3.0059137268 E-DV=    -2.2343521383 DV=    -0.7715615884 DDV=    -0.0007351660
# E=    -3.0754350052 E-DV=    -2.2344272995 DV=    -0.8410077056 DDV=     0.0000682078
# E=    -3.2236868762 E-DV=    -2.2346762439 DV=    -0.9890106323 DDV=     0.0000208357
# E=    -3.0681869685 E-DV=    -2.2342942766 DV=    -0.8338926919 DDV=    -0.0007300878
# E=    -3.0887616938 E-DV=    -2.2343591119 DV=    -0.8544025819 DDV=     0.0000456945
# E=    -3.1841676948 E-DV=    -2.2347192313 DV=    -0.9494484635 DDV=     0.0000024018
# E=    -3.2189523259 E-DV=    -2.2346462694 DV=    -0.9843060565 DDV=    -0.0000041884
# E=    -3.0593648064 E-DV=    -2.2342546487 DV=    -0.8251101577 DDV=     0.0000346767
# E=    -3.0681321863 E-DV=    -2.2342571524 DV=    -0.8338750339 DDV=    -0.0006907904
# E=    -3.2045206590 E-DV=    -2.2345807323 DV=    -0.9699399267 DDV=     0.0000210509
# E=    -3.2263681161 E-DV=    -2.2345610603 DV=    -0.9918070558 DDV=     0.0000219924
# E=    -3.1862766306 E-DV=    -2.2345397276 DV=    -0.9517369030 DDV=     0.0000115728
# E=    -2.9610917723 E-DV=    -2.2338398976 DV=    -0.7272518748 DDV=     0.0000330853
# E=    -3.0110206463 E-DV=    -2.2342116297 DV=    -0.7768090166 DDV=    -0.0005985100
# E=    -3.1113558101 E-DV=    -2.2341725760 DV=    -0.8771832341 DDV=     0.0000265831
# E=    -3.1438228591 E-DV=    -2.2341571071 DV=    -0.9096657520 DDV=     0.0000340199
# E=    -3.1303980869 E-DV=    -2.2341475994 DV=    -0.8962504876 DDV=     0.0000509578
# E=    -3.0653978496 E-DV=    -2.2341543085 DV=    -0.8312435412 DDV=     0.0000807885
# E=    -2.9661458064 E-DV=    -2.2346793830 DV=    -0.7314664234 DDV=     0.0000052575
# E=    -2.8145080444 E-DV=    -2.2343528427 DV=    -0.5801552017 DDV=     0.0000177366
# E=    -3.0013297248 E-DV=    -2.2346511580 DV=    -0.7666785668 DDV=     0.0000003250
# E=    -2.8622313099 E-DV=    -2.2340123259 DV=    -0.6282189840 DDV=    -0.0002926994
# E=    -2.9934901299 E-DV=    -2.2346129672 DV=    -0.7588771627 DDV=    -0.0000098782
# E=    -2.9429935211 E-DV=    -2.2345361866 DV=    -0.7084573345 DDV=    -0.0000531707
# E=    -2.8047784321 E-DV=    -2.2341181967 DV=    -0.5706602355 DDV=    -0.0004976294
# E=    -2.6533751336 E-DV=    -2.2345943350 DV=    -0.4187807986 DDV=     0.0003035503
##T    ---- Finish to Calc. Dimer SCF ---- : lap time=   0.003408 ( total etime=   0.424646 )
       ( # of scf dimer = 28 )
        dE0(SCF dimer) =      -0.00269407
##T     ---- Finish to Calc. ES Dimer ---- : lap time=   0.000135 ( total etime=   0.424789 )
    (# of ES dimer = 0)
    dE0(ES dimer) =       0.00000000
    total energy(FMO) =      -8.94030585
##T  -- All workers have been destroyed -- : lap time=   0.000080 ( total etime=   0.424875 )
---- ATOMIC POPULATION DATA -----
   SN AN  ATOMIC POP  NET CHARGE
---------------------------------
    1  1       0.999       0.001
    2  1       1.001      -0.001
    3  1       1.000      -0.000
    4  1       1.000       0.000
    5  1       1.001      -0.001
    6  1       0.999       0.001
    7  1       1.003      -0.003
    8  1       0.997       0.003
    9  1       1.006      -0.006
   10  1       0.994       0.006
   11  1       1.020      -0.020
   12  1       0.980       0.020
   13  1       0.971       0.029
   14  1       1.029      -0.029
   15  1       0.995       0.005
   16  1       1.005      -0.005
---------------------------------
total charge =      0.000
---------------------------------
##T    -- calc AO and atomic population -- : lap time=   0.000205 ( total etime=   0.425085 )
##T   -- All mservs have been destroyed -- : lap time=   0.000050 ( total etime=   0.425140 )
