Will Run VQE
ngroup       = 4
nioprocs     = 1
niogroup     = 1
nmaxprocs    = 6
group size   = 1
# of threads = 24
nintic       = 2048
input file name       = ./samples/h2_multimer/linear_H2_4.inp
prefix of output file = 
local input dir.      = ./
# of total invoked procs = 6 (=1iog*1iop+1+4gr*1pr)
master host name = gwonhaklee-System-Product-Name
-----------------------------------------------------
 # of data = 11
nfrag = 4
##T                  Finish Initialization : lap time=   0.000143 ( total etime=   0.000143 )
****** LIST OF HOST NAME (MSERV(ID=0))******
rank=  0 : gwonhaklee-System-Product-Name
********************************
##T        Finish to Create Memory Servers : lap time=   0.045326 ( total etime=   0.045476 )
****** LIST OF HOST NAME (WORKER(ID=0)) ******
rank=  0 : gwonhaklee-System-Product-Name
********************************
****** LIST OF HOST NAME (WORKER(ID=1)) ******
rank=  0 : gwonhaklee-System-Product-Name
********************************
****** LIST OF HOST NAME (WORKER(ID=2)) ******
rank=  0 : gwonhaklee-System-Product-Name
********************************
****** LIST OF HOST NAME (WORKER(ID=3)) ******
rank=  0 : gwonhaklee-System-Product-Name
********************************
##T               Finish to Create Workers : lap time=   0.228904 ( total etime=   0.274392 )
##T     Finish to Connect Mservs & Workers : lap time=   0.022858 ( total etime=   0.297266 )
calc. inter-frag distance list = 3
##T    Finish to Calculate Initial Density : lap time=   0.009343 ( total etime=   0.306989 )
---- start SCC (maxscc=30, sccconv=7) ----
./integ_temp/linear_h2_4/int_mono_linear_h2_4_3_1_0.dat -> 7 eris
./integ_temp/linear_h2_4/int_mono_linear_h2_4_1_1_0.dat -> 7 eris
./integ_temp/linear_h2_4/int_mono_linear_h2_4_0_1_0.dat -> 7 eris
./integ_temp/linear_h2_4/int_mono_linear_h2_4_2_1_0.dat -> 7 eris
pyscript : VQE for ./integ_temp/linear_h2_4/int_mono_linear_h2_4_3_1_0.dat spawned.
pyscript : VQE for ./integ_temp/linear_h2_4/int_mono_linear_h2_4_1_1_0.dat spawned.
pyscript : VQE for ./integ_temp/linear_h2_4/int_mono_linear_h2_4_0_1_0.dat spawned.
pyscript : VQE for ./integ_temp/linear_h2_4/int_mono_linear_h2_4_2_1_0.dat spawned.
pyscript : output ./result_temp/linear_h2_4/res_mono_linear_h2_4_3_1_0.dat Generated.
it=1	mon=[3]	energy=-1.278555
pyscript : output ./result_temp/linear_h2_4/res_mono_linear_h2_4_1_1_0.dat Generated.
pyscript : output ./result_temp/linear_h2_4/res_mono_linear_h2_4_0_1_0.dat Generated.
pyscript : output ./result_temp/linear_h2_4/res_mono_linear_h2_4_2_1_0.dat Generated.
it=1	mon=[1]	energy=-1.465865
it=1	mon=[2]	energy=-1.404232
it=1	mon=[0]	energy=-1.361872
##SCC itera= 1  conv=2  energy =      -5.51052385  energy0 =      -4.54809631  (   8.174611 )
./integ_temp/linear_h2_4/int_mono_linear_h2_4_3_2_0.dat -> 7 eris
./integ_temp/linear_h2_4/int_mono_linear_h2_4_2_2_0.dat -> 7 eris
./integ_temp/linear_h2_4/int_mono_linear_h2_4_0_2_0.dat -> 7 eris
./integ_temp/linear_h2_4/int_mono_linear_h2_4_1_2_0.dat -> 7 eris
pyscript : VQE for ./integ_temp/linear_h2_4/int_mono_linear_h2_4_3_2_0.dat spawned.
pyscript : VQE for ./integ_temp/linear_h2_4/int_mono_linear_h2_4_2_2_0.dat spawned.
pyscript : VQE for ./integ_temp/linear_h2_4/int_mono_linear_h2_4_0_2_0.dat spawned.
pyscript : VQE for ./integ_temp/linear_h2_4/int_mono_linear_h2_4_1_2_0.dat spawned.
pyscript : output ./result_temp/linear_h2_4/res_mono_linear_h2_4_3_2_0.dat Generated.
it=2	mon=[3]	energy=-1.288520
pyscript : output ./result_temp/linear_h2_4/res_mono_linear_h2_4_0_2_0.dat Generated.
pyscript : output ./result_temp/linear_h2_4/res_mono_linear_h2_4_2_2_0.dat Generated.
pyscript : output ./result_temp/linear_h2_4/res_mono_linear_h2_4_1_2_0.dat Generated.
it=2	mon=[2]	energy=-1.417517
it=2	mon=[0]	energy=-1.364698
it=2	mon=[1]	energy=-1.476712
##SCC itera= 2  conv=2  energy =      -5.54744760  energy0 =      -4.54801273  (   7.166082 )
./integ_temp/linear_h2_4/int_mono_linear_h2_4_3_3_0.dat -> 7 eris
./integ_temp/linear_h2_4/int_mono_linear_h2_4_0_3_0.dat -> 7 eris
./integ_temp/linear_h2_4/int_mono_linear_h2_4_1_3_0.dat -> 7 eris
./integ_temp/linear_h2_4/int_mono_linear_h2_4_2_3_0.dat -> 7 eris
pyscript : VQE for ./integ_temp/linear_h2_4/int_mono_linear_h2_4_3_3_0.dat spawned.
pyscript : VQE for ./integ_temp/linear_h2_4/int_mono_linear_h2_4_0_3_0.dat spawned.
pyscript : VQE for ./integ_temp/linear_h2_4/int_mono_linear_h2_4_1_3_0.dat spawned.
pyscript : VQE for ./integ_temp/linear_h2_4/int_mono_linear_h2_4_2_3_0.dat spawned.
pyscript : output ./result_temp/linear_h2_4/res_mono_linear_h2_4_3_3_0.dat Generated.
it=3	mon=[3]	energy=-1.288176
pyscript : output ./result_temp/linear_h2_4/res_mono_linear_h2_4_0_3_0.dat Generated.
pyscript : output ./result_temp/linear_h2_4/res_mono_linear_h2_4_1_3_0.dat Generated.
it=3	mon=[1]	energy=-1.476145
it=3	mon=[0]	energy=-1.363092
pyscript : output ./result_temp/linear_h2_4/res_mono_linear_h2_4_2_3_0.dat Generated.
it=3	mon=[2]	energy=-1.416463
##SCC itera= 3  conv=4  energy =      -5.54387516  energy0 =      -4.54802134  (  10.217389 )
./integ_temp/linear_h2_4/int_mono_linear_h2_4_3_4_0.dat -> 7 eris
./integ_temp/linear_h2_4/int_mono_linear_h2_4_0_4_0.dat -> 7 eris
./integ_temp/linear_h2_4/int_mono_linear_h2_4_2_4_0.dat -> 7 eris
./integ_temp/linear_h2_4/int_mono_linear_h2_4_1_4_0.dat -> 7 eris
pyscript : VQE for ./integ_temp/linear_h2_4/int_mono_linear_h2_4_3_4_0.dat spawned.
pyscript : VQE for ./integ_temp/linear_h2_4/int_mono_linear_h2_4_2_4_0.dat spawned.
pyscript : VQE for ./integ_temp/linear_h2_4/int_mono_linear_h2_4_0_4_0.dat spawned.
pyscript : VQE for ./integ_temp/linear_h2_4/int_mono_linear_h2_4_1_4_0.dat spawned.
pyscript : output ./result_temp/linear_h2_4/res_mono_linear_h2_4_3_4_0.dat Generated.
it=4	mon=[3]	energy=-1.288123
pyscript : output ./result_temp/linear_h2_4/res_mono_linear_h2_4_2_4_0.dat Generated.
pyscript : output ./result_temp/linear_h2_4/res_mono_linear_h2_4_0_4_0.dat Generated.
it=4	mon=[0]	energy=-1.363056
it=4	mon=[2]	energy=-1.416388
pyscript : output ./result_temp/linear_h2_4/res_mono_linear_h2_4_1_4_0.dat Generated.
it=4	mon=[1]	energy=-1.476129
##SCC itera= 4  conv=6  energy =      -5.54369705  energy0 =      -4.54802211  (  11.399755 )
./integ_temp/linear_h2_4/int_mono_linear_h2_4_3_5_0.dat -> 7 eris
./integ_temp/linear_h2_4/int_mono_linear_h2_4_0_5_0.dat -> 7 eris
./integ_temp/linear_h2_4/int_mono_linear_h2_4_1_5_0.dat -> 7 eris
./integ_temp/linear_h2_4/int_mono_linear_h2_4_2_5_0.dat -> 7 eris
pyscript : VQE for ./integ_temp/linear_h2_4/int_mono_linear_h2_4_3_5_0.dat spawned.
pyscript : VQE for ./integ_temp/linear_h2_4/int_mono_linear_h2_4_1_5_0.dat spawned.
pyscript : VQE for ./integ_temp/linear_h2_4/int_mono_linear_h2_4_0_5_0.dat spawned.
pyscript : VQE for ./integ_temp/linear_h2_4/int_mono_linear_h2_4_2_5_0.dat spawned.
pyscript : output ./result_temp/linear_h2_4/res_mono_linear_h2_4_3_5_0.dat Generated.
it=5	mon=[3]	energy=-1.288127
pyscript : output ./result_temp/linear_h2_4/res_mono_linear_h2_4_2_5_0.dat Generated.
pyscript : output ./result_temp/linear_h2_4/res_mono_linear_h2_4_0_5_0.dat Generated.
pyscript : output ./result_temp/linear_h2_4/res_mono_linear_h2_4_1_5_0.dat Generated.
it=5	mon=[2]	energy=-1.416388
it=5	mon=[0]	energy=-1.363058
it=5	mon=[1]	energy=-1.476109
##SCC itera= 5  conv=7  energy =      -5.54368304  energy0 =      -4.54802083  (  11.167671 )
./integ_temp/linear_h2_4/int_mono_linear_h2_4_1_6_0.dat -> 7 eris
./integ_temp/linear_h2_4/int_mono_linear_h2_4_2_6_0.dat -> 7 eris
./integ_temp/linear_h2_4/int_mono_linear_h2_4_0_6_0.dat -> 7 eris
./integ_temp/linear_h2_4/int_mono_linear_h2_4_3_6_0.dat -> 7 eris
pyscript : VQE for ./integ_temp/linear_h2_4/int_mono_linear_h2_4_3_6_0.dat spawned.
pyscript : VQE for ./integ_temp/linear_h2_4/int_mono_linear_h2_4_2_6_0.dat spawned.
pyscript : VQE for ./integ_temp/linear_h2_4/int_mono_linear_h2_4_0_6_0.dat spawned.
pyscript : VQE for ./integ_temp/linear_h2_4/int_mono_linear_h2_4_1_6_0.dat spawned.
pyscript : output ./result_temp/linear_h2_4/res_mono_linear_h2_4_3_6_0.dat Generated.
it=6	mon=[3]	energy=-1.288127
pyscript : output ./result_temp/linear_h2_4/res_mono_linear_h2_4_2_6_0.dat Generated.
pyscript : output ./result_temp/linear_h2_4/res_mono_linear_h2_4_0_6_0.dat Generated.
pyscript : output ./result_temp/linear_h2_4/res_mono_linear_h2_4_1_6_0.dat Generated.
it=6	mon=[2]	energy=-1.416388
it=6	mon=[1]	energy=-1.476109
it=6	mon=[0]	energy=-1.363058
##SCC itera= 6  conv=7  energy =      -5.54368291  energy0 =      -4.54801869  (  11.279751 )
./integ_temp/linear_h2_4/int_mono_linear_h2_4_0_7_0.dat -> 7 eris
./integ_temp/linear_h2_4/int_mono_linear_h2_4_2_7_0.dat -> 7 eris
./integ_temp/linear_h2_4/int_mono_linear_h2_4_1_7_0.dat -> 7 eris
./integ_temp/linear_h2_4/int_mono_linear_h2_4_3_7_0.dat -> 7 eris
pyscript : VQE for ./integ_temp/linear_h2_4/int_mono_linear_h2_4_3_7_0.dat spawned.
pyscript : VQE for ./integ_temp/linear_h2_4/int_mono_linear_h2_4_1_7_0.dat spawned.
pyscript : VQE for ./integ_temp/linear_h2_4/int_mono_linear_h2_4_2_7_0.dat spawned.
pyscript : VQE for ./integ_temp/linear_h2_4/int_mono_linear_h2_4_0_7_0.dat spawned.
pyscript : output ./result_temp/linear_h2_4/res_mono_linear_h2_4_3_7_0.dat Generated.
it=7	mon=[3]	energy=-1.288127
pyscript : output ./result_temp/linear_h2_4/res_mono_linear_h2_4_0_7_0.dat Generated.
pyscript : output ./result_temp/linear_h2_4/res_mono_linear_h2_4_2_7_0.dat Generated.
it=7	mon=[2]	energy=-1.416390
pyscript : output ./result_temp/linear_h2_4/res_mono_linear_h2_4_1_7_0.dat Generated.
it=7	mon=[0]	energy=-1.363058
it=7	mon=[1]	energy=-1.476109
##SCC itera= 7  conv=7  energy =      -5.54368482  energy0 =      -4.54801877  (  12.051719 )
==== SCC converged ====
##T         ---- Finish SCC procedure ---- : lap time=  71.458905 ( total etime=  71.765909 )
./integ_temp/linear_h2_4/int_dim_linear_h2_4_1-0_130_0.dat -> 65 eris
./integ_temp/linear_h2_4/int_dim_linear_h2_4_3-0_130_0.dat -> 65 eris
./integ_temp/linear_h2_4/int_dim_linear_h2_4_2-0_130_0.dat -> 65 eris
./integ_temp/linear_h2_4/int_dim_linear_h2_4_2-1_130_0.dat -> 65 eris
pyscript : VQE for ./integ_temp/linear_h2_4/int_dim_linear_h2_4_3-0_130_0.dat spawned.
pyscript : VQE for ./integ_temp/linear_h2_4/int_dim_linear_h2_4_1-0_130_0.dat spawned.
pyscript : VQE for ./integ_temp/linear_h2_4/int_dim_linear_h2_4_2-0_130_0.dat spawned.
pyscript : VQE for ./integ_temp/linear_h2_4/int_dim_linear_h2_4_2-1_130_0.dat spawned.
pyscript : output ./result_temp/linear_h2_4/res_dim_linear_h2_4_3-0_130_0.dat Generated.
it=130	mon=[3, 0]	energy=-2.515988
# E=    -2.5159877109 E-DV=    -2.2742322653 DV=    -0.2417554456 DDV=     0.0001244579
./integ_temp/linear_h2_4/int_dim_linear_h2_4_3-1_130_0.dat -> 65 eris
pyscript : VQE for ./integ_temp/linear_h2_4/int_dim_linear_h2_4_3-1_130_0.dat spawned.
pyscript : output ./result_temp/linear_h2_4/res_dim_linear_h2_4_3-1_130_0.dat Generated.
it=130	mon=[3, 1]	energy=-2.533849
# E=    -2.5338491599 E-DV=    -2.2740540982 DV=    -0.2597950617 DDV=    -0.0003642710
./integ_temp/linear_h2_4/int_dim_linear_h2_4_3-2_130_0.dat -> 65 eris
pyscript : VQE for ./integ_temp/linear_h2_4/int_dim_linear_h2_4_3-2_130_0.dat spawned.
pyscript : output ./result_temp/linear_h2_4/res_dim_linear_h2_4_2-0_130_0.dat Generated.
it=130	mon=[2, 0]	energy=-2.612745
# E=    -2.6127446518 E-DV=    -2.2739588161 DV=    -0.3387858357 DDV=     0.0002898863
pyscript : output ./result_temp/linear_h2_4/res_dim_linear_h2_4_2-1_130_0.dat Generated.
it=130	mon=[2, 1]	energy=-2.562810
# E=    -2.5628103503 E-DV=    -2.2737001960 DV=    -0.2891101543 DDV=    -0.0002421695
pyscript : output ./result_temp/linear_h2_4/res_dim_linear_h2_4_1-0_130_0.dat Generated.
it=130	mon=[1, 0]	energy=-2.492213
# E=    -2.4922134081 E-DV=    -2.2739323357 DV=    -0.2182810724 DDV=    -0.0003318129
pyscript : output ./result_temp/linear_h2_4/res_dim_linear_h2_4_3-2_130_0.dat Generated.
it=130	mon=[3, 2]	energy=-2.429109
# E=    -2.4291092501 E-DV=    -2.2741970607 DV=    -0.1549121894 DDV=     0.0001948906
##T    ---- Finish to Calc. Dimer SCF ---- : lap time= 1698.495495 ( total etime= 1770.261411 )
       ( # of scf dimer = 6 )
        dE0(SCF dimer) =      -0.00034747
##T     ---- Finish to Calc. ES Dimer ---- : lap time=   0.015885 ( total etime= 1770.277324 )
    (# of ES dimer = 0)
    dE0(ES dimer) =       0.00000000
    total energy(FMO) =      -4.54836625
##T  -- All workers have been destroyed -- : lap time=   0.007974 ( total etime= 1770.285333 )
---- ATOMIC POPULATION DATA -----
   SN AN  ATOMIC POP  NET CHARGE
---------------------------------
    1  1       1.003      -0.003
    2  1       0.997       0.003
    3  1       1.021      -0.021
    4  1       0.979       0.021
    5  1       0.971       0.029
    6  1       1.029      -0.029
    7  1       0.995       0.005
    8  1       1.005      -0.005
---------------------------------
total charge =     -0.000
---------------------------------
##T    -- calc AO and atomic population -- : lap time=   0.012140 ( total etime= 1770.297489 )
##T   -- All mservs have been destroyed -- : lap time=   0.000016 ( total etime= 1770.297519 )
